# WARNING: atom    7 in C:/Users/student/Desktop/Dokowanko/Dokowanko/beta2/ligandy/3ny9.mol2 is type   O.2 resetting to type   O.3 (set_atom_type)

--------------------------------------------------------------------------------
--- Ligand                                                                   ---
--------------------------------------------------------------------------------
  Ligand loaded from file                  : C:/Users/student/Desktop/Dokowanko/Dokowanko/beta2/ligandy/3ny9.mol2
  Ligand name                              :  
  "C:\Users\porto\OneDrive\projekt\beta2\ligandy\L_3ny9.pdb L_3ny9.pdb 1    "

--------------------------------------------------------------------------------
  N.plc donors                             : 
  none found

  Acidic nitrogen acceptors                : 
  none found
  Sulfur acceptors                         :
  none found

  O.3 atom 5 is not an acceptor (skipped)

  Donor atoms                              :      2
  2   11  
  Acceptor atoms                           :      5
  2   3   7   9   11  

  Hydrogens                                :  (n = 2)
  25   31   

  Lone pairs added to molecule             :      9
  Numbering                                : from 50 to 58

--------------------------------------------------------------------------------
--- Postprocessing of typing                                                 ---
--------------------------------------------------------------------------------
  Fragment file                            : C:\Program Files (x86)\CCDC/GoldSuite_2017\GOLD\gold\rotatable_bond_override.mol2
  acylurea fragment                        : no matches
  thioacylthiourea fragment                : no matches
  acylthiourea fragment                    : no matches
  thioacylurea fragment                    : no matches
  diarylamine fragment >C.ar-NH-C.ar<      : no matches
  sec-amine (1) fragment                   : no matches
  sec-amine (2) fragment                   : no matches
  sec-amine (3) fragment                   : no matches
  carboxylic ester                         : no matches

* Rotatable bonds in C:/Users/student/Des  :
  [   1    5] [   1    8] [   2   21] [   2   22] 
  [   4    5] [   9   18] [   9   19] [  11   20] 
  [  19   20] [  20   21] 
  No. of rotatable bonds                   :     10


* Fragments found in C:/Users/student/Des  :
  atom  13: benzene
  atom  14: benzene
  atom  15: benzene
  atom  16: benzene
  atom  17: benzene
  atom  18: benzene


* Checking torsion distributions:                                               
  Rotatable bond [ 4  5  1  3] matches torsion: ester
   C | O.3 | C.2 | O.2 
  Rotatable bond [17 18  9 19] matches torsion: ortho-substituoed aromatic-aliphatic ether
   C.ar ( 1H ) | C.ar ( C.ar ( 0H ) ) | O.3 | C.3 ( 2H ) 
  No. of matched torsions                  :      2

--------------------------------------------------------------------------------
--- Shape fitting atoms selection (hydrophobic atoms)                        ---
--------------------------------------------------------------------------------
  Molecule                                 : C:/Users/student/Desktop/Dokowanko/Dokowanko/beta2/ligandy/3ny9.mol2
  Selection                                : carbons only
  Atom numbers                             :  (n = 12)
  4    6    12   15   16   17   19   20   21   22   
  23   24   


--------------------------------------------------------------------------------
--- ChemScore ligand setup summary                                           ---
--------------------------------------------------------------------------------
  ChemScore ligand acceptors               :      5
  2 3 7 9 11 
  ChemScore ligand donors                  :      2
  2 ( 25  ) 11 ( 31  ) 
  ChemScore ligand CH donors               :      0
  

  ChemScore ligand lipophilic atoms        :  (n = 17)
  4    6    8    10   12   13   14   15   16   17   
  18   19   20   21   22   23   24   

  ChemScore ligand rotatable bonds         :     10
  1   (C1 ) - 5   (O2 ): SP3_SP2_BOND
  1   (C1 ) - 8   (C4 ): SP2_SP2_BOND
  2   (N1 ) - 21  (C15): SP3_SP3_BOND
  2   (N1 ) - 22  (C16): SP3_SP3_BOND
  4   (C2 ) - 5   (O2 ): SP3_SP3_BOND
  9   (O4 ) - 18  (C12): SP3_SP2_BOND
  9   (O4 ) - 19  (C13): SP3_SP3_BOND
  11  (O5 ) - 20  (C14): SP3_SP3_BOND
  19  (C13) - 20  (C14): SP3_SP3_BOND
  20  (C14) - 21  (C15): SP3_SP3_BOND

--------------------------------------------------------------------------------
--- PLP ligand setup summary                                                 ---
--------------------------------------------------------------------------------
    1    C1   C.2 NONPOLAR
    2    N1   N.3 DONACC
    3    O1   O.2 ACCEPTOR
    4    C2   C.3 NONPOLAR
    5    O2   O.3 ACCEPTOR
    6    C3   C.3 NONPOLAR
    7    O3   O.3 ACCEPTOR
    8    C4  C.ar NONPOLAR
    9    O4   O.3 ACCEPTOR
   10    C5  C.ar NONPOLAR
   11    O5   O.3 DONACC
   12    C6   C.3 NONPOLAR
   13    C7  C.ar NONPOLAR
   14    C8  C.ar NONPOLAR
   15    C9  C.ar NONPOLAR
   16   C10  C.ar NONPOLAR
   17   C11  C.ar NONPOLAR
   18   C12  C.ar NONPOLAR
   19   C13   C.3 NONPOLAR
   20   C14   C.3 NONPOLAR
   21   C15   C.3 NONPOLAR
   22   C16   C.3 NONPOLAR
   23   C17   C.3 NONPOLAR
   24   C18   C.3 NONPOLAR

--------------------------------------------------------------------------------
--- Automatic parameter setting                                              ---
--------------------------------------------------------------------------------
  Contribution base                        :   2500
  Contribution per rotatable bond          :   6000
  Contribution per df                      :   4000
  Contribution per water                   :  10000
  Ligand rotatable bonds                   :     10
  Protein flexible side chain bonds        :      0
  Total rotatable bonds                    :     10
  Hydrophobic vol ratio (P/L)              :   0.934
  Base multiplier (polar)                  :   1.400
  Base multiplier (apolar)                 :   2.242
  Base contribution                        : 7500.000
  Fitting points                           :      7
  Estimated maxops needed (optimal)        :  68000
  Autoscale factor (in percent)            :    200
  Scaled maxops                            : 136250

--------------------------------------------------------------------------------

* Population settings                                                           
  maxops                                   : 136250
  popsiz                                   :    100
  select_pressure                          :   1.100
  n_islands                                :      5
  niche_siz                                :      2

* GA settings                                                                   
  pt_crosswt                               :     95
  allele_mutatewt                          :     95
  migratewt                                :     10

* Search settings                                                               
  start_vdw_linear_cutoff                  :   4.000
  initial_virtual_pt_match_max             :   3.000

--------------------------------------------------------------------------------

* Ligand initialisation time :                                                  
  total  0.0000 user  0.0000 sys  0.0000

--------------------------------------------------------------------------------

--------------------------------------------------------------------------------
** Docking run number  1 **
--------------------------------------------------------------------------------
  Rank fitness base is 5000.00 ; increment is 11.2233

* Initialising population(s) ...                                                
Number of constraints mappings 0
Number of constraints 0
  Population no.                           :      1
  Population size                          :    100
  Number of duplicates                     :      0
  Number of niche violations               :      0
  Number of errors                         :      2

Number of constraints mappings 0
Number of constraints 0
  Population no.                           :      2
  Population size                          :    100
  Number of duplicates                     :      0
  Number of niche violations               :      0
  Number of errors                         :      5

Number of constraints mappings 0
Number of constraints 0
  Population no.                           :      3
  Population size                          :    100
  Number of duplicates                     :      0
  Number of niche violations               :      0
  Number of errors                         :      7

Number of constraints mappings 0
Number of constraints 0
  Population no.                           :      4
  Population size                          :    100
  Number of duplicates                     :      0
  Number of niche violations               :      0
  Number of errors                         :      3

Number of constraints mappings 0
Number of constraints 0
  Population no.                           :      5
  Population size                          :    100
  Number of duplicates                     :      0
  Number of niche violations               :      0
  Number of errors                         :      3


Doing GA, no. of population(s) 5 size 100 selection pressure 1.100000

 Operation      Score     S(PLP)   S(hbond)     S(cho)   S(metal)  DE(clash)   DE(tors)     intcor
         0       7.72     -10.17       0.00       0.00       0.00       0.00       1.99       1.47
       181       9.42     -28.08       0.18       0.00       0.00      16.44       2.12       1.47
       678      15.65     -24.50       0.00       0.00       0.00       2.68       3.82       1.47
       781      21.06     -26.86       0.19       0.00       0.00       0.96       3.44       1.47
      2286      26.92     -39.03       0.00       0.00       0.00       7.32       3.13       1.47
      2505      31.28     -32.76       0.88       0.00       0.00       0.00       2.79       1.47
      2826      37.62     -41.85       0.09       0.00       0.00       0.00       2.99       1.47
      4497      42.06     -51.42       0.00       0.00       0.00       7.25       1.79       1.47
      5612      43.00     -46.69       0.00       0.00       0.00       0.00       2.50       1.31
      5990      44.26     -48.77       0.02       0.00       0.00       0.00       2.93       1.31
      6051      47.11     -51.67       0.00       0.00       0.00       0.00       2.93       1.31
      7087      47.19     -50.90       0.00       0.00       0.00       0.00       2.50       1.28
      9217      48.36     -51.70       0.00       0.00       0.00       0.00       2.25       1.17
      9305      49.19     -53.91       0.00       0.00       0.00       0.00       2.94       1.17
     11997      52.16     -55.50       0.00       0.00       0.00       0.00       2.25       1.17
     12477      52.28     -55.43       0.00       0.00       0.00       0.00       2.16       1.17
     13778      52.41     -55.75       0.00       0.00       0.00       0.00       2.25       1.17
     14001      53.96     -57.33       0.00       0.00       0.00       0.00       2.27       1.17
     14811      54.46     -57.90       0.00       0.00       0.00       0.00       2.31       1.17
     15211      56.26     -59.71       0.00       0.00       0.00       0.00       2.31       1.17
     19156      56.74     -59.59       0.00       0.00       0.00       0.00       2.01       1.17
     22591      56.77     -59.74       0.00       0.00       0.00       0.00       1.98       0.99
     22592      57.47     -60.58       0.00       0.00       0.00       0.00       2.05       0.99
     23221      57.61     -60.59       0.00       0.00       0.00       0.00       1.99       0.99
     24525      58.00     -62.49       0.00       0.00       0.00       0.00       2.74       0.99
     27180      58.97     -63.32       0.00       0.00       0.00       0.00       2.66       0.99
     29235      59.16     -63.50       0.00       0.00       0.00       0.00       2.66       0.99
     29303      59.65     -62.79       0.00       0.00       0.00       0.00       2.06       0.99
     31631      59.78     -64.89       0.00       0.00       0.00       0.00       3.05       0.99
     32781      60.20     -65.51       0.00       0.00       0.00       0.24       3.03       0.99
     35480      60.64     -65.95       0.00       0.00       0.00       0.24       3.03       0.99
     35557      60.66     -65.15       0.00       0.00       0.00       0.00       2.74       0.99
     35956      60.78     -66.09       0.00       0.00       0.00       0.24       3.03       0.99
     37342      60.83     -65.39       0.00       0.00       0.00       0.00       2.74       0.92
     37522      61.37     -66.67       0.00       0.00       0.00       0.00       3.11       0.92
     38287      61.57     -66.87       0.00       0.00       0.00       0.00       3.11       0.92
     39482      62.09     -67.34       0.00       0.00       0.00       0.00       3.09       0.92
     41622      62.59     -67.99       0.00       0.00       0.00       0.00       3.09       0.77
     42622      62.79     -68.18       0.00       0.00       0.00       0.00       3.08       0.77
     43391      62.95     -68.35       0.00       0.00       0.00       0.00       3.08       0.77
     43596      63.06     -68.48       0.00       0.00       0.00       0.00       3.09       0.77
     44242      63.17     -68.72       0.00       0.00       0.00       0.00       3.16       0.77
     45866      63.19     -68.51       0.00       0.00       0.00       0.00       3.04       0.77
     46641      63.25     -68.63       0.00       0.00       0.00       0.00       3.07       0.77
     52101      63.26     -68.77       0.00       0.00       0.00       0.00       3.10       0.69
     53256      63.27     -68.87       0.00       0.00       0.00       0.00       3.14       0.69
     53639      64.09     -67.58       0.00       0.00       0.00       0.00       2.09       0.69
     58318      64.82     -65.03       0.00       0.00       0.00       0.00       0.38       0.55
     63273      64.88     -65.06       0.00       0.00       0.00       0.00       0.36       0.55
     84090      65.19     -67.60       0.00       0.00       0.00       0.00       1.41       0.40
     89180      65.39     -67.81       0.00       0.00       0.00       0.00       1.41       0.40
     90350      65.49     -67.89       0.00       0.00       0.00       0.00       1.39       0.40
     93519      65.53     -67.90       0.00       0.00       0.00       0.00       1.38       0.40
     97465      65.54     -67.86       0.00       0.00       0.00       0.00       1.36       0.40
    110053      65.56     -67.90       0.00       0.00       0.00       0.00       1.37       0.40
    111292      65.56     -67.93       0.00       0.00       0.00       0.00       1.38       0.40
    125352      65.59     -67.93       0.00       0.00       0.00       0.00       1.37       0.40
    126924      65.68     -68.03       0.00       0.00       0.00       0.00       1.37       0.40
    128921      66.09     -68.43       0.00       0.00       0.00       0.00       1.37       0.40
    131031      66.13     -68.47       0.00       0.00       0.00       0.00       1.37       0.40
    132547      66.15     -68.47       0.00       0.00       0.00       0.00       1.36       0.40
    133017      66.16     -68.49       0.00       0.00       0.00       0.00       1.36       0.40
    133449      66.30     -68.65       0.00       0.00       0.00       0.00       1.37       0.40
    134544      66.46     -68.81       0.00       0.00       0.00       0.00       1.37       0.40
    135274      66.69     -69.09       0.00       0.00       0.00       0.00       1.40       0.40
    135827      66.82     -69.17       0.00       0.00       0.00       0.00       1.37       0.40
    135879      66.88     -69.28       0.00       0.00       0.00       0.00       1.40       0.40
--------------------------------------------------------------------------------
Best docking solution after GA:
    136250      66.88     -69.28       0.00       0.00       0.00       0.00       1.40       0.40

#ops:     136250 #mutates:  64834 #cross:    64504 #migrate:   6912 
#dups:     32306 #niche:    92192 #errors:     195 
--------------------------------------------------------------------------------

Doing AMOEBA simplex on best individual
Done simplexing #iterations 841, best score  69.96

Ligand is stored in gold_soln_3ny9_m1_1.mol2


--------------------------------------------------------------------------------
--- CHEMPLP breakdown of terms                                               ---
--------------------------------------------------------------------------------
CHEMPLP = - ( 1.0000*S(PLP) + -3.0000*S(hbond) + -6.0000*S(metal) + -3.0000*S(cho) )

Score = CHEMPLP - 1.0000*DE(clash) - 2.0000*DE(tors)

Internal energy term has been corrected with the best internal energy encountered.

--------------------------------------------------------------------------------


     Score     S(PLP)   S(hbond)     S(cho)   S(metal)  DE(clash)   DE(tors)     intcor
     69.96     -72.13       0.00       0.00       0.00       0.00       1.28       0.40

--------------------------------------------------------------------------------
--- PLP analysis of protein-ligand interactions                              ---
--------------------------------------------------------------------------------
hydrogen bonding        :       0.00
metal                   :       0.00
buried (polar-nonpolar) :     -10.03
nonpolar                :     -64.46
repulsive               :       0.20
--------------------------------------------------------------------------------


--------------------------------------------------------------------------------
--- ChemScore analysis of protein-ligand interactions                        ---
--------------------------------------------------------------------------------

* Hydrogen bonds                                                                


* CH..O interactions                                                            
  CH group selection                       : activated ring CH (adjacent to hetatom)

--------------------------------------------------------------------------------


--------------------------------------------------------------------------------
--- Intra-ligand clashes                                                     ---
--------------------------------------------------------------------------------

Ligand
--------------------------------------------------------------------------------


--------------------------------------------------------------------------------
--- Chromosome decoded                                                       ---
--------------------------------------------------------------------------------
Ligand Torsions
[   4    5    1    3]    4.85    matched torsion: ester
[   3    1    8    7]   -3.66
[  22    2   21   20]  133.78
[  23   22    2   21]  100.11
[   6    4    5    1] -174.98
[  17   18    9   19]    3.81    matched torsion: ortho-substituoed aromatic-aliphatic ether
[  20   19    9   18]   63.55
[  31   11   20   19]   79.15
[  11   20   19    9]   78.53
[   2   21   20   11]   78.34
Protein Torsions
[4175 4166 4165 4163]   50.41 
[1294 1290 1288 1285] -117.36 
[4033 4024 4023 4021]   13.94 
[1412 1408 1406 1403] -130.77 
[2830 2825 2824 2821]   95.14 
[2723 2714 2713 2711]  -84.72 
[2773 2768 2767 2764]  110.53 
Mapping
Ligand acceptors to protein hydrogens (mapping then atom ids)
Ligand hydrogens to protein acceptors (mapping then atom ids)
Ligand shape atoms to protein points (mapping then atom ids & coords)
  3  3166 [ 12->(-32.250   6.750   8.250)]
  4  2569 [ 15->(-33.250   6.000   6.000)]
  7  4107 [ 19->(-30.750  10.500   6.500)]
  8  3843 [ 20->(-31.250   8.750   7.250)]
  9  4015 [ 21->(-31.000  10.750   7.250)]
 11  4919 [ 23->(-27.500  13.500   5.250)]
 12  4882 [ 24->(-27.500  10.500   5.500)]
Chromosome values
Integers:
  -1   -1   -1   -1   -1   -1   -1   -1   -1 3165 2568   -1 
  -1 4106 3842 4014   -1 4918 4881 
--------------------------------------------------------------------------------

Current Ranking  1

--------------------------------------------------------------------------------

* GA execution time :                                                           
  total  9.0004 user  9.0004 sys  0.0000

--------------------------------------------------------------------------------
Fitness function evaluations: 206440

--------------------------------------------------------------------------------
** Docking run number  2 **
--------------------------------------------------------------------------------
  Rank fitness base is 5000.00 ; increment is 11.2233

* Initialising population(s) ...                                                
Number of constraints mappings 0
Number of constraints 0
  Population no.                           :      1
  Population size                          :    100
  Number of duplicates                     :      0
  Number of niche violations               :      0
  Number of errors                         :      5

Number of constraints mappings 0
Number of constraints 0
  Population no.                           :      2
  Population size                          :    100
  Number of duplicates                     :      0
  Number of niche violations               :      0
  Number of errors                         :      5

Number of constraints mappings 0
Number of constraints 0
  Population no.                           :      3
  Population size                          :    100
  Number of duplicates                     :      0
  Number of niche violations               :      0
  Number of errors                         :      3

Number of constraints mappings 0
Number of constraints 0
  Population no.                           :      4
  Population size                          :    100
  Number of duplicates                     :      0
  Number of niche violations               :      0
  Number of errors                         :      8

Number of constraints mappings 0
Number of constraints 0
  Population no.                           :      5
  Population size                          :    100
  Number of duplicates                     :      0
  Number of niche violations               :      0
  Number of errors                         :      6


Doing GA, no. of population(s) 5 size 100 selection pressure 1.100000

 Operation      Score     S(PLP)   S(hbond)     S(cho)   S(metal)  DE(clash)   DE(tors)     intcor
         0      11.63     -23.09       0.00       0.00       0.00       6.16       2.85       0.40
         9      23.64     -24.05       1.49       0.00       0.00       0.96       2.15       0.40
       895      26.43     -39.90       0.00       0.00       0.00       9.72       2.07       0.40
      1742      33.35     -38.57       0.00       0.00       0.00       0.00       2.81       0.40
      2567      37.52     -42.75       0.00       0.00       0.00       0.00       2.81       0.40
      3650      39.44     -48.38       0.00       0.00       0.00       5.38       1.98       0.40
      4182      39.80     -45.03       0.00       0.00       0.00       0.00       2.81       0.40
      4579      44.10     -47.85       0.00       0.00       0.00       0.00       2.07       0.40
      5431      44.62     -53.13       0.00       0.00       0.00       3.07       2.92       0.40
      5856      46.45     -51.90       0.00       0.00       0.00       0.00       2.92       0.40
      6391      47.68     -56.19       0.00       0.00       0.00       3.07       2.92       0.40
      6445      50.29     -56.90       0.00       0.00       0.00       0.00       3.50       0.40
      7282      51.91     -58.56       0.00       0.00       0.00       0.00       3.52       0.40
      8937      52.07     -58.72       0.00       0.00       0.00       0.00       3.52       0.40
      9007      52.94     -59.59       0.00       0.00       0.00       0.00       3.52       0.40
      9387      53.11     -59.76       0.00       0.00       0.00       0.00       3.52       0.40
      9455      53.78     -60.39       0.00       0.00       0.00       0.00       3.50       0.40
      9625      55.38     -61.99       0.00       0.00       0.00       0.00       3.50       0.40
     13886      56.31     -60.40       0.00       0.00       0.00       0.00       2.25       0.40
     15594      57.12     -58.77       0.00       0.00       0.00       0.00       1.02       0.40
     18021      57.36     -59.01       0.00       0.00       0.00       0.00       1.02       0.40
     18284      59.23     -60.83       0.00       0.00       0.00       0.00       1.00       0.40
     18699      59.92     -61.50       0.00       0.00       0.00       0.00       0.99       0.40
     21509      60.68     -62.28       0.00       0.00       0.00       0.00       1.00       0.40
     21614      60.97     -64.72       0.00       0.00       0.00       0.00       2.07       0.40
     24414      61.13     -62.84       0.00       0.00       0.00       0.00       0.99       0.27
     25064      61.38     -65.13       0.00       0.00       0.00       0.00       2.01       0.27
     30186      61.49     -63.21       0.00       0.00       0.00       0.00       0.99       0.27
     31699      61.54     -63.41       0.00       0.00       0.00       0.11       1.01       0.27
     32747      61.78     -63.53       0.00       0.00       0.00       0.00       1.01       0.27
     33213      61.82     -63.09       0.00       0.00       0.00       0.07       0.74       0.27
     34632      62.56     -64.29       0.00       0.00       0.00       0.00       1.00       0.27
     38017      62.62     -64.35       0.00       0.00       0.00       0.00       1.00       0.27
     38135      63.46     -65.61       0.00       0.00       0.00       0.00       1.21       0.27
     39510      64.00     -66.19       0.00       0.00       0.00       0.00       1.23       0.27
     42230      64.10     -66.32       0.00       0.00       0.00       0.00       1.24       0.27
     44389      64.36     -66.01       0.00       0.00       0.00       0.00       0.96       0.27
     45599      64.59     -66.22       0.00       0.00       0.00       0.00       0.95       0.27
     53059      64.63     -66.26       0.00       0.00       0.00       0.00       0.95       0.27
     57675      64.73     -66.34       0.00       0.00       0.00       0.00       0.94       0.27
     59526      64.78     -66.45       0.00       0.00       0.00       0.00       0.97       0.27
     64702      64.80     -66.45       0.00       0.00       0.00       0.00       0.95       0.25
     95357      64.87     -66.52       0.00       0.00       0.00       0.00       0.95       0.25
     95417      64.87     -66.53       0.00       0.00       0.00       0.00       0.96       0.25
    100237      64.88     -66.56       0.00       0.00       0.00       0.00       0.96       0.25
    106141      64.91     -66.54       0.00       0.00       0.00       0.00       0.94       0.25
    106931      64.91     -66.69       0.00       0.00       0.00       0.00       1.02       0.25
    109886      64.91     -66.55       0.00       0.00       0.00       0.00       0.94       0.25
    114679      64.91     -66.66       0.00       0.00       0.00       0.00       1.00       0.25
    120473      64.94     -66.66       0.00       0.00       0.00       0.00       0.99       0.25
    123881      65.06     -66.70       0.00       0.00       0.00       0.00       0.94       0.25
    124562      65.27     -64.90       1.00       0.00       0.00       0.00       1.44       0.25
    127672      65.31     -64.95       1.00       0.00       0.00       0.00       1.44       0.25
    128182      65.52     -65.03       1.00       0.00       0.00       0.00       1.38       0.25
    130126      65.99     -65.31       1.00       0.00       0.00       0.00       1.29       0.25
    134216      66.20     -65.49       1.00       0.00       0.00       0.00       1.27       0.25
    134941      66.64     -65.95       1.00       0.00       0.00       0.00       1.28       0.25
    135991      66.66     -66.36       1.00       0.00       0.00       0.00       1.48       0.25
--------------------------------------------------------------------------------
Best docking solution after GA:
    136250      66.66     -66.36       1.00       0.00       0.00       0.00       1.48       0.25

#ops:     136250 #mutates:  64813 #cross:    64738 #migrate:   6699 
#dups:     46093 #niche:    95847 #errors:     174 
--------------------------------------------------------------------------------

Doing AMOEBA simplex on best individual
Done simplexing #iterations 1107, best score  71.95

Ligand is stored in gold_soln_3ny9_m1_2.mol2


--------------------------------------------------------------------------------
--- CHEMPLP breakdown of terms                                               ---
--------------------------------------------------------------------------------
CHEMPLP = - ( 1.0000*S(PLP) + -3.0000*S(hbond) + -6.0000*S(metal) + -3.0000*S(cho) )

Score = CHEMPLP - 1.0000*DE(clash) - 2.0000*DE(tors)

Internal energy term has been corrected with the best internal energy encountered.

--------------------------------------------------------------------------------


     Score     S(PLP)   S(hbond)     S(cho)   S(metal)  DE(clash)   DE(tors)     intcor
     71.95     -71.18       0.97       0.00       0.00       0.00       1.19       0.25

--------------------------------------------------------------------------------
--- PLP analysis of protein-ligand interactions                              ---
--------------------------------------------------------------------------------
hydrogen bonding        :      -1.34
metal                   :       0.00
buried (polar-nonpolar) :      -7.67
nonpolar                :     -63.46
repulsive               :       0.24
--------------------------------------------------------------------------------


--------------------------------------------------------------------------------
--- ChemScore analysis of protein-ligand interactions                        ---
--------------------------------------------------------------------------------

* Hydrogen bonds                                                                
Ligand donor   11 hydrogen   31 Protein acceptor 1334 bond energy  1.00 wt 0.97


* CH..O interactions                                                            
  CH group selection                       : activated ring CH (adjacent to hetatom)

--------------------------------------------------------------------------------


--------------------------------------------------------------------------------
--- Intra-ligand clashes                                                     ---
--------------------------------------------------------------------------------

Ligand
--------------------------------------------------------------------------------


--------------------------------------------------------------------------------
--- Chromosome decoded                                                       ---
--------------------------------------------------------------------------------
Ligand Torsions
[   4    5    1    3]    1.01    matched torsion: ester
[   3    1    8    7]  -16.36
[  22    2   21   20] -113.90
[  23   22    2   21]   74.51
[   6    4    5    1] -159.95
[  17   18    9   19]   -2.89    matched torsion: ortho-substituoed aromatic-aliphatic ether
[  20   19    9   18]   68.53
[  31   11   20   19] -138.32
[  11   20   19    9]   37.37
[   2   21   20   11] -156.67
Protein Torsions
[4175 4166 4165 4163]    7.50 
[1294 1290 1288 1285]  -98.27 
[4033 4024 4023 4021] -159.79 
[1412 1408 1406 1403] -157.61 
[2830 2825 2824 2821]   66.10 
[2723 2714 2713 2711]    9.14 
[2773 2768 2767 2764] -117.91 
Mapping
Ligand acceptors to protein hydrogens (mapping then atom ids)
Ligand hydrogens to protein acceptors (mapping then atom ids)
Ligand shape atoms to protein points (mapping then atom ids & coords)
  3  2971 [ 12->(-32.500   5.750   8.750)]
  4  1921 [ 15->(-34.250   6.250   5.250)]
  5  3179 [ 16->(-32.250   7.250   5.000)]
  6  3205 [ 17->(-32.250   7.750   5.500)]
  7  4089 [ 19->(-30.750   9.500   7.500)]
  8  3597 [ 20->(-31.750   9.750   7.000)]
 10  5028 [ 22->(-27.250  12.000   5.500)]
Chromosome values
Integers:
  -1   -1   -1   -1   -1   -1   -1   -1   -1 2970 1920 3178 
3204 4088 3596   -1 5027   -1   -1 
--------------------------------------------------------------------------------

Current Ranking  2  1

--------------------------------------------------------------------------------

* GA execution time :                                                           
  total  9.9999 user  9.9999 sys  0.0000

--------------------------------------------------------------------------------
Fitness function evaluations: 207378

--------------------------------------------------------------------------------
** Docking run number  3 **
--------------------------------------------------------------------------------
  Rank fitness base is 5000.00 ; increment is 11.2233

* Initialising population(s) ...                                                
Number of constraints mappings 0
Number of constraints 0
  Population no.                           :      1
  Population size                          :    100
  Number of duplicates                     :      0
  Number of niche violations               :      0
  Number of errors                         :      2

Number of constraints mappings 0
Number of constraints 0
  Population no.                           :      2
  Population size                          :    100
  Number of duplicates                     :      0
  Number of niche violations               :      0
  Number of errors                         :      7

Number of constraints mappings 0
Number of constraints 0
  Population no.                           :      3
  Population size                          :    100
  Number of duplicates                     :      0
  Number of niche violations               :      0
  Number of errors                         :      3

Number of constraints mappings 0
Number of constraints 0
  Population no.                           :      4
  Population size                          :    100
  Number of duplicates                     :      0
  Number of niche violations               :      0
  Number of errors                         :      7

Number of constraints mappings 0
Number of constraints 0
  Population no.                           :      5
  Population size                          :    100
  Number of duplicates                     :      0
  Number of niche violations               :      0
  Number of errors                         :      9


Doing GA, no. of population(s) 5 size 100 selection pressure 1.100000

 Operation      Score     S(PLP)   S(hbond)     S(cho)   S(metal)  DE(clash)   DE(tors)     intcor
         0      24.94     -29.12       0.00       0.00       0.00       0.00       2.22       0.25
      1676      32.07     -36.25       0.00       0.00       0.00       0.00       2.22       0.25
      2279      34.40     -45.12       0.00       0.00       0.00       3.91       3.53       0.25
      3179      34.81     -45.58       0.00       0.00       0.00       3.91       3.56       0.25
      3780      37.01     -45.05       0.00       0.00       0.00       1.77       3.26       0.25
      3849      37.52     -41.81       0.00       0.00       0.00       0.01       2.26       0.25
      6135      38.13     -48.09       0.00       0.00       0.00       2.59       3.81       0.25
      6450      39.50     -40.38       0.84       0.00       0.00       0.00       1.82       0.25
      6815      42.44     -50.79       0.00       0.00       0.00       1.03       3.79       0.25
      7305      42.97     -51.32       0.00       0.00       0.00       1.03       3.79       0.25
      7855      43.39     -51.32       0.14       0.00       0.00       1.03       3.79       0.25
      8131      43.64     -46.12       0.48       0.00       0.00       0.00       2.09       0.25
      8557      43.73     -45.81       0.52       0.00       0.00       0.00       1.94       0.25
      9852      45.38     -47.58       0.48       0.00       0.00       0.00       1.94       0.25
     10463      47.07     -48.10       0.85       0.00       0.00       0.00       1.91       0.25
     11197      51.52     -53.01       0.59       0.00       0.00       0.00       1.76       0.25
     15671      52.83     -52.83       0.67       0.00       0.00       0.00       1.14       0.25
     15718      53.76     -55.75       0.49       0.00       0.00       0.00       1.86       0.25
     17308      54.57     -55.77       0.75       0.00       0.00       0.00       1.86       0.25
     19522      54.66     -55.99       0.48       0.00       0.00       0.00       1.51       0.25
     20233      54.77     -56.21       0.67       0.00       0.00       0.00       1.86       0.25
     20563      55.17     -56.29       0.69       0.00       0.00       0.00       1.72       0.25
     23092      56.13     -57.56       0.59       0.00       0.00       0.00       1.72       0.25
     23502      56.17     -57.36       0.67       0.00       0.00       0.00       1.73       0.25
     25732      56.47     -57.68       0.66       0.00       0.00       0.00       1.72       0.25
     27352      56.84     -58.37       0.56       0.00       0.00       0.00       1.73       0.25
     27797      57.01     -58.46       0.58       0.00       0.00       0.00       1.73       0.25
     29432      57.27     -58.60       0.63       0.00       0.00       0.00       1.73       0.25
     30292      57.50     -58.69       0.67       0.00       0.00       0.00       1.73       0.25
     31376      57.60     -59.48       0.42       0.00       0.00       0.00       1.69       0.25
     31622      57.77     -59.34       0.55       0.00       0.00       0.00       1.73       0.25
     32302      57.94     -59.64       0.50       0.00       0.00       0.00       1.73       0.25
     35307      58.13     -59.99       0.44       0.00       0.00       0.00       1.71       0.25
     36173      58.15     -59.80       0.51       0.00       0.00       0.00       1.72       0.25
     37088      58.16     -59.40       0.65       0.00       0.00       0.00       1.72       0.25
     39653      58.29     -60.19       0.43       0.00       0.00       0.00       1.72       0.25
     39697      58.40     -60.05       0.44       0.00       0.00       0.00       1.60       0.25
     40757      58.45     -59.92       0.55       0.00       0.00       0.00       1.68       0.25
     42572      58.72     -59.98       0.55       0.00       0.00       0.00       1.57       0.25
     46628      58.79     -59.71       0.66       0.00       0.00       0.00       1.57       0.25
     46858      58.88     -60.02       0.57       0.00       0.00       0.00       1.55       0.25
     47130      58.88     -60.26       0.41       0.00       0.00       0.00       1.43       0.25
     50580      59.16     -60.33       0.45       0.00       0.00       0.00       1.38       0.25
     54661      59.19     -60.31       0.46       0.00       0.00       0.00       1.37       0.25
     55598      59.35     -60.40       0.45       0.00       0.00       0.00       1.32       0.25
     55826      59.46     -60.48       0.46       0.00       0.00       0.00       1.32       0.25
     58008      59.47     -60.43       0.48       0.00       0.00       0.00       1.32       0.25
     59086      59.57     -60.34       0.54       0.00       0.00       0.00       1.32       0.25
     59591      59.67     -60.59       0.50       0.00       0.00       0.00       1.34       0.25
     63667      59.69     -60.60       0.48       0.00       0.00       0.00       1.30       0.25
     67555      59.82     -60.63       0.52       0.00       0.00       0.00       1.31       0.25
     74801      59.83     -60.64       0.52       0.00       0.00       0.00       1.31       0.25
     75462      59.84     -60.67       0.53       0.00       0.00       0.00       1.34       0.25
     80913      59.85     -60.71       0.53       0.00       0.00       0.00       1.35       0.25
     85733      59.86     -60.70       0.53       0.00       0.00       0.00       1.35       0.25
     87922      59.86     -60.64       0.54       0.00       0.00       0.00       1.33       0.25
    109465      59.92     -58.50       2.62       0.00       0.00       3.94       1.38       0.25
    118036      59.97     -56.52       1.81       0.00       0.00       0.00       1.12       0.25
    123741      60.21     -58.78       2.12       0.00       0.00       2.85       1.16       0.25
    123961      61.30     -58.41       2.61       0.00       0.00       2.85       1.16       0.25
    126321      61.56     -59.00       2.53       0.00       0.00       2.85       1.21       0.25
    126441      61.56     -58.54       2.66       0.00       0.00       2.85       1.17       0.25
    127021      61.61     -58.55       2.61       0.00       0.00       2.49       1.26       0.25
    128412      61.79     -59.39       2.49       0.00       0.00       2.85       1.23       0.25
    128706      61.91     -59.24       2.54       0.00       0.00       2.85       1.17       0.25
    129921      61.95     -58.77       2.65       0.00       0.00       2.49       1.27       0.25
    130041      62.06     -59.01       2.62       0.00       0.00       2.49       1.29       0.25
    130086      62.19     -59.05       2.65       0.00       0.00       2.49       1.29       0.25
    130434      62.38     -58.05       2.42       0.00       0.00       0.85       1.18       0.25
    131162      63.32     -59.24       2.41       0.00       0.00       0.85       1.27       0.25
    131762      63.37     -58.61       2.61       0.00       0.00       0.85       1.23       0.25
    132024      63.43     -58.55       2.61       0.00       0.00       0.85       1.18       0.25
    133333      63.56     -58.69       2.58       0.00       0.00       0.85       1.14       0.25
    133349      64.11     -58.88       2.75       0.00       0.00       0.85       1.21       0.25
    133942      64.66     -58.45       3.19       0.00       0.00       0.85       1.38       0.25
    135225      65.04     -61.05       2.85       0.00       0.00       2.27       1.26       0.25
--------------------------------------------------------------------------------
Best docking solution after GA:
    136250      65.04     -61.05       2.85       0.00       0.00       2.27       1.26       0.25

#ops:     136250 #mutates:  64879 #cross:    64601 #migrate:   6770 
#dups:     31713 #niche:    87500 #errors:     351 
--------------------------------------------------------------------------------

Doing AMOEBA simplex on best individual
Done simplexing #iterations 743, best score  69.67

Ligand is stored in gold_soln_3ny9_m1_3.mol2


--------------------------------------------------------------------------------
--- CHEMPLP breakdown of terms                                               ---
--------------------------------------------------------------------------------
CHEMPLP = - ( 1.0000*S(PLP) + -3.0000*S(hbond) + -6.0000*S(metal) + -3.0000*S(cho) )

Score = CHEMPLP - 1.0000*DE(clash) - 2.0000*DE(tors)

Internal energy term has been corrected with the best internal energy encountered.

--------------------------------------------------------------------------------


     Score     S(PLP)   S(hbond)     S(cho)   S(metal)  DE(clash)   DE(tors)     intcor
     69.67     -61.32       3.50       0.00       0.00       0.00       1.19       0.25

--------------------------------------------------------------------------------
--- PLP analysis of protein-ligand interactions                              ---
--------------------------------------------------------------------------------
hydrogen bonding        :      -4.00
metal                   :       0.00
buried (polar-nonpolar) :      -1.83
nonpolar                :     -56.81
repulsive               :       0.12
--------------------------------------------------------------------------------


--------------------------------------------------------------------------------
--- ChemScore analysis of protein-ligand interactions                        ---
--------------------------------------------------------------------------------

* Hydrogen bonds                                                                
Ligand donor    2 hydrogen   25 Protein acceptor 4098 bond energy  1.00 wt 0.87
Ligand donor   11 hydrogen   31 Protein acceptor 4098 bond energy  1.00 wt 1.00
Protein donor 4166 hydrogen 4175 Ligand acceptor    2 bond energy  1.00 wt 1.00
Protein donor 3760 hydrogen 3767 Ligand acceptor    3 bond energy  1.00 wt 0.62


* CH..O interactions                                                            
  CH group selection                       : activated ring CH (adjacent to hetatom)

--------------------------------------------------------------------------------


--------------------------------------------------------------------------------
--- Intra-ligand clashes                                                     ---
--------------------------------------------------------------------------------

Ligand
--------------------------------------------------------------------------------


--------------------------------------------------------------------------------
--- Chromosome decoded                                                       ---
--------------------------------------------------------------------------------
Ligand Torsions
[   4    5    1    3]   15.73    matched torsion: ester
[   3    1    8    7] -177.87
[  22    2   21   20]  -79.61
[  23   22    2   21]  -45.80
[   6    4    5    1]   54.85
[  17   18    9   19]   -8.81    matched torsion: ortho-substituoed aromatic-aliphatic ether
[  20   19    9   18]  -93.99
[  31   11   20   19]   95.48
[  11   20   19    9]  -34.48
[   2   21   20   11]  -38.36
Protein Torsions
[4175 4166 4165 4163]  -40.04 
[1294 1290 1288 1285] -171.48 
[4033 4024 4023 4021]   -4.36 
[1412 1408 1406 1403]  142.37 
[2830 2825 2824 2821]  -39.07 
[2723 2714 2713 2711]   96.37 
[2773 2768 2767 2764]   73.82 
Mapping
Ligand acceptors to protein hydrogens (mapping then atom ids)
  1   1 [  2->4175]
Ligand hydrogens to protein acceptors (mapping then atom ids)
  2   3 [ 31->4098]
Ligand shape atoms to protein points (mapping then atom ids & coords)
  1  5484 [  4->(-26.250   9.000   6.500)]
  2  5694 [  6->(-25.750   8.750   7.000)]
  4  3369 [ 15->(-32.000   7.750   5.500)]
  5  1920 [ 16->(-34.250   6.250   5.000)]
  6  1709 [ 17->(-34.500   5.750   5.250)]
  7  2046 [ 19->(-34.000   5.250   8.000)]
  8  1703 [ 20->(-34.500   5.500   8.500)]
 11   246 [ 23->(-38.000   5.750   9.500)]
Chromosome values
Integers:
   0   -1   -1   -1   -1   -1    2 5483 5693   -1 3368 1919 
1708 2045 1702   -1   -1  245   -1 
--------------------------------------------------------------------------------

Current Ranking  2  1  3

--------------------------------------------------------------------------------

* GA execution time :                                                           
  total 10.9983 user  9.9992 sys  0.9990

--------------------------------------------------------------------------------
Fitness function evaluations: 208745

--------------------------------------------------------------------------------
** Docking run number  4 **
--------------------------------------------------------------------------------
  Rank fitness base is 5000.00 ; increment is 11.2233

* Initialising population(s) ...                                                
Number of constraints mappings 0
Number of constraints 0
  Population no.                           :      1
  Population size                          :    100
  Number of duplicates                     :      0
  Number of niche violations               :      0
  Number of errors                         :      3

Number of constraints mappings 0
Number of constraints 0
  Population no.                           :      2
  Population size                          :    100
  Number of duplicates                     :      0
  Number of niche violations               :      0
  Number of errors                         :      9

Number of constraints mappings 0
Number of constraints 0
  Population no.                           :      3
  Population size                          :    100
  Number of duplicates                     :      0
  Number of niche violations               :      0
  Number of errors                         :      8

Number of constraints mappings 0
Number of constraints 0
  Population no.                           :      4
  Population size                          :    100
  Number of duplicates                     :      0
  Number of niche violations               :      0
  Number of errors                         :      8

Number of constraints mappings 0
Number of constraints 0
  Population no.                           :      5
  Population size                          :    100
  Number of duplicates                     :      0
  Number of niche violations               :      0
  Number of errors                         :      6


Doing GA, no. of population(s) 5 size 100 selection pressure 1.100000

 Operation      Score     S(PLP)   S(hbond)     S(cho)   S(metal)  DE(clash)   DE(tors)     intcor
         0      20.09     -25.86       0.00       0.00       0.00       0.00       3.01       0.25
       429      33.00     -49.34       0.61       0.00       0.00      12.66       2.88       0.25
      3025      33.29     -40.48       0.00       0.00       0.00       0.00       3.72       0.25
      4490      35.49     -42.67       0.00       0.00       0.00       0.00       3.72       0.25
      4685      37.10     -43.24       0.00       0.00       0.00       0.00       3.19       0.25
      5104      41.15     -57.52       0.07       0.00       0.00       9.88       3.47       0.25
      6914      44.02     -60.59       0.00       0.00       0.00       9.88       3.47       0.25
      7721      44.18     -49.10       0.00       0.00       0.00       1.12       2.03       0.25
      8049      45.09     -57.73       0.00       0.00       0.00       5.87       3.51       0.25
      8731      48.45     -49.49       0.00       0.00       0.00       0.00       0.65       0.25
      9831      49.28     -50.60       0.00       0.00       0.00       0.00       0.79       0.25
     10717      52.07     -59.80       0.00       0.00       0.00       0.91       3.53       0.25
     11247      52.50     -58.35       0.00       0.00       0.00       0.00       3.05       0.25
     12082      53.93     -59.78       0.00       0.00       0.00       0.00       3.05       0.25
     12587      54.05     -59.90       0.00       0.00       0.00       0.00       3.05       0.25
     14302      54.85     -60.70       0.00       0.00       0.00       0.00       3.05       0.25
     16682      55.30     -58.27       0.00       0.00       0.00       0.27       1.47       0.25
     18435      55.34     -59.19       0.00       0.00       0.00       0.00       2.05       0.25
     18891      55.63     -56.41       0.00       0.00       0.00       0.00       0.52       0.25
     19053      55.94     -61.78       0.00       0.00       0.00       0.00       3.05       0.25
     20282      59.51     -60.42       0.00       0.00       0.00       0.00       0.58       0.25
     28182      61.83     -62.86       0.00       0.00       0.00       0.00       0.64       0.25
     31736      63.42     -64.45       0.00       0.00       0.00       0.00       0.64       0.25
     36535      64.95     -66.11       0.00       0.00       0.00       0.00       0.71       0.25
     38910      65.01     -66.14       0.00       0.00       0.00       0.00       0.69       0.25
     41216      65.02     -66.21       0.00       0.00       0.00       0.00       0.72       0.25
     41944      65.42     -66.58       0.00       0.00       0.00       0.00       0.71       0.25
     54009      65.46     -66.66       0.00       0.00       0.00       0.00       0.72       0.25
     59851      65.69     -66.76       0.00       0.00       0.00       0.00       0.66       0.25
     72760      65.72     -66.73       0.00       0.00       0.00       0.00       0.63       0.25
     78040      65.80     -66.80       0.00       0.00       0.00       0.00       0.62       0.25
     84346      65.84     -66.85       0.00       0.00       0.00       0.00       0.63       0.25
     97116      65.86     -66.87       0.00       0.00       0.00       0.00       0.63       0.25
    100060      65.93     -66.96       0.00       0.00       0.00       0.00       0.64       0.25
    112534      65.94     -66.97       0.00       0.00       0.00       0.00       0.64       0.25
    114801      66.04     -67.11       0.00       0.00       0.00       0.00       0.66       0.25
    124158      67.38     -66.83       0.52       0.00       0.00       0.00       0.63       0.25
    124683      67.45     -66.87       0.54       0.00       0.00       0.00       0.64       0.25
    126199      67.50     -67.06       0.52       0.00       0.00       0.00       0.68       0.25
    126717      67.52     -66.95       0.52       0.00       0.00       0.00       0.62       0.25
    127062      67.55     -66.92       0.55       0.00       0.00       0.00       0.64       0.25
    127255      67.62     -67.06       0.55       0.00       0.00       0.00       0.67       0.25
    127435      67.74     -67.21       0.55       0.00       0.00       0.00       0.69       0.25
    128405      67.76     -67.19       0.55       0.00       0.00       0.00       0.67       0.25
    128566      67.82     -67.26       0.55       0.00       0.00       0.00       0.68       0.25
    128641      67.95     -67.38       0.55       0.00       0.00       0.00       0.67       0.25
    130519      67.96     -66.98       0.70       0.00       0.00       0.00       0.68       0.25
    131091      68.00     -67.38       0.57       0.00       0.00       0.00       0.67       0.25
    132416      68.02     -67.33       0.60       0.00       0.00       0.00       0.68       0.25
    132876      68.10     -67.38       0.60       0.00       0.00       0.00       0.67       0.25
    133095      68.11     -67.11       0.70       0.00       0.00       0.00       0.68       0.25
    134130      68.12     -67.12       0.70       0.00       0.00       0.00       0.67       0.25
    134222      68.13     -67.38       0.60       0.00       0.00       0.00       0.65       0.25
    134766      68.13     -67.41       0.60       0.00       0.00       0.00       0.67       0.25
    134772      68.20     -67.30       0.67       0.00       0.00       0.00       0.68       0.25
    135198      69.13     -67.24       1.00       0.00       0.00       0.00       0.68       0.25
--------------------------------------------------------------------------------
Best docking solution after GA:
    136250      69.13     -67.24       1.00       0.00       0.00       0.00       0.68       0.25

#ops:     136250 #mutates:  64615 #cross:    64887 #migrate:   6748 
#dups:     62953 #niche:    95364 #errors:     302 
--------------------------------------------------------------------------------

Doing AMOEBA simplex on best individual
Done simplexing #iterations 762, best score  72.31

Ligand is stored in gold_soln_3ny9_m1_4.mol2


--------------------------------------------------------------------------------
--- CHEMPLP breakdown of terms                                               ---
--------------------------------------------------------------------------------
CHEMPLP = - ( 1.0000*S(PLP) + -3.0000*S(hbond) + -6.0000*S(metal) + -3.0000*S(cho) )

Score = CHEMPLP - 1.0000*DE(clash) - 2.0000*DE(tors)

Internal energy term has been corrected with the best internal energy encountered.

--------------------------------------------------------------------------------


     Score     S(PLP)   S(hbond)     S(cho)   S(metal)  DE(clash)   DE(tors)     intcor
     72.31     -70.25       0.99       0.00       0.00       0.00       0.58       0.25

--------------------------------------------------------------------------------
--- PLP analysis of protein-ligand interactions                              ---
--------------------------------------------------------------------------------
hydrogen bonding        :      -1.00
metal                   :       0.00
buried (polar-nonpolar) :      -8.25
nonpolar                :     -62.73
repulsive               :       0.22
--------------------------------------------------------------------------------


--------------------------------------------------------------------------------
--- ChemScore analysis of protein-ligand interactions                        ---
--------------------------------------------------------------------------------

* Hydrogen bonds                                                                
Ligand donor   11 hydrogen   31 Protein acceptor 1334 bond energy  1.00 wt 0.99


* CH..O interactions                                                            
  CH group selection                       : activated ring CH (adjacent to hetatom)

--------------------------------------------------------------------------------


--------------------------------------------------------------------------------
--- Intra-ligand clashes                                                     ---
--------------------------------------------------------------------------------

Ligand
--------------------------------------------------------------------------------


--------------------------------------------------------------------------------
--- Chromosome decoded                                                       ---
--------------------------------------------------------------------------------
Ligand Torsions
[   4    5    1    3]   -0.92    matched torsion: ester
[   3    1    8    7]    4.45
[  22    2   21   20] -166.03
[  23   22    2   21]  174.57
[   6    4    5    1]  166.02
[  17   18    9   19]  -18.08    matched torsion: ortho-substituoed aromatic-aliphatic ether
[  20   19    9   18]   71.28
[  31   11   20   19] -130.53
[  11   20   19    9]   42.18
[   2   21   20   11]  170.92
Protein Torsions
[4175 4166 4165 4163]   81.77 
[1294 1290 1288 1285]  169.32 
[4033 4024 4023 4021]  -14.93 
[1412 1408 1406 1403]  -60.09 
[2830 2825 2824 2821]   -1.92 
[2723 2714 2713 2711]  -88.88 
[2773 2768 2767 2764]  147.43 
Mapping
Ligand acceptors to protein hydrogens (mapping then atom ids)
Ligand hydrogens to protein acceptors (mapping then atom ids)
  2   5 [ 31->1334]
Ligand shape atoms to protein points (mapping then atom ids & coords)
  6  3052 [ 17->(-32.500   7.750   5.250)]
 12  4923 [ 24->(-27.500  13.750   5.500)]
Chromosome values
Integers:
  -1   -1   -1   -1   -1   -1    4   -1   -1   -1   -1   -1 
3051   -1   -1   -1   -1   -1 4922 
--------------------------------------------------------------------------------

Current Ranking  4  2  1  3

Top  3 (of  4) solutions are within 1.000 RMSD, finishing docking C:/Users/student/Desktop/Dokowanko/Dokowanko/beta2/ligandy/3ny9.mol2.


--------------------------------------------------------------------------------

* GA execution time :                                                           
  total 11.0002 user 11.0001 sys  0.0000

--------------------------------------------------------------------------------
Fitness function evaluations: 206775

--------------------------------------------------------------------------------
--- Ranking analysis                                                         ---
--------------------------------------------------------------------------------


* Final ranked order of GA solutions:                                           
   4  2  1  3 

  _______________________________
  RMSD Matrix of RANKED solutions

        2    3    4  

   1 :  0.7  0.5  7.7
   2 :       0.5  7.5
   3 :            7.6

  Clustering method                        : complete linkage
  Structure ids in cluster table           : rank nos.
  Ordering of clusters and their members   : by rank (order if from rms_analysis)

  Distance | Clusters
   0.51    |  1  3 |  2 |  4 |
   0.74    |  1  2  3 |  4 |
   7.74    |  1  2  3  4 |
  Finished Docking Ligand                  : C:/Users/student/Desktop/Dokowanko/Dokowanko/beta2/ligandy/3ny9.mol2
--------------------------------------------------------------------------------

  Relative_Ligand_Energy (best encountered) :   0.251
  Relative_Ligand_Energy: fitness values have been corrected using this amount
