# WARNING: atom    7 in C:/Users/student/Desktop/project/beta1/ligandy/3zpq.mol2 is type  N.ar resetting to type N.pl3 (set_atom_type)

--------------------------------------------------------------------------------
--- Ligand                                                                   ---
--------------------------------------------------------------------------------
  Ligand loaded from file                  : C:/Users/student/Desktop/project/beta1/ligandy/3zpq.mol2
  Ligand name                              :  
  "C:\Users\porto\OneDrive\projekt\beta1\ligandy\L_3zpq.pdb L_3zpq.pdb 1    "

--------------------------------------------------------------------------------
  N.plc donors                             : 
  pro:    7 
  

  Acidic nitrogen acceptors                : 
  none found
  Sulfur acceptors                         :
  none found


  Donor atoms                              :      2
  7   13  
  Acceptor atoms                           :      1
  13  

  Hydrogens                                :  (n = 2)
  20   26   

  Lone pairs added to molecule             :      1
  Numbering                                : from 31 to 31

--------------------------------------------------------------------------------
--- Postprocessing of typing                                                 ---
--------------------------------------------------------------------------------
  Fragment file                            : C:\Program Files (x86)\CCDC/GoldSuite_2017\GOLD\gold\rotatable_bond_override.mol2
  acylurea fragment                        : no matches
  thioacylthiourea fragment                : no matches
  acylthiourea fragment                    : no matches
  thioacylurea fragment                    : no matches
  diarylamine fragment >C.ar-NH-C.ar<      : no matches
  sec-amine (1) fragment                   : no matches
  sec-amine (2) fragment                   : 1 matches
  Ligand bond 10-3  set to 1
  Ligand bond 10-11  set to 1
  Ligand bond 10-15  set to 1
  sec-amine (3) fragment                   : no matches
  carboxylic ester                         : no matches

* Rotatable bonds in C:/Users/student/Des  :
  [   3   10] 
  No. of rotatable bonds                   :      1


* Fragments found in C:/Users/student/Des  :
  atom   1: benzene
  atom   2: benzene
  atom   3: benzene
  atom   4: benzene
  atom   8: benzene
  atom   9: benzene


* Checking torsion distributions:                                               
  No. of matched torsions                  :      0

--------------------------------------------------------------------------------
--- Shape fitting atoms selection (hydrophobic atoms)                        ---
--------------------------------------------------------------------------------
  Molecule                                 : C:/Users/student/Desktop/project/beta1/ligandy/3zpq.mol2
  Selection                                : carbons only
  Atom numbers                             :  (n = 9)
  1    2    5    6    9    11   12   14   15   


--------------------------------------------------------------------------------
--- ChemScore ligand setup summary                                           ---
--------------------------------------------------------------------------------
  ChemScore ligand acceptors               :      1
  13 
  ChemScore ligand donors                  :      2
  7 ( 20  ) 13 ( 26  ) 
  ChemScore ligand lipophilic atoms        :  (n = 12)
  1    2    3    4    5    6    8    9    11   12   
  14   15   

  ChemScore ligand rotatable bonds         :      1
  3   (C3 ) - 10  (N10): SP2_SP2_BOND

--------------------------------------------------------------------------------
--- Automatic parameter setting                                              ---
--------------------------------------------------------------------------------
  Contribution base                        :   2500
  Contribution per rotatable bond          :   6000
  Contribution per df                      :   4000
  Contribution per water                   :  10000
  Ligand rotatable bonds                   :      1
  Protein flexible side chain bonds        :      0
  Total rotatable bonds                    :      1
  Hydrophobic vol ratio (P/L)              :   1.970
  Base multiplier (polar)                  :   0.600
  Base multiplier (apolar)                 :   3.546
  Base contribution                        : 10000.000
  Fitting points                           :      3
  Estimated maxops needed (optimal)        :  16500

--------------------------------------------------------------------------------

* Population settings                                                           
  maxops                                   :  16500
  popsiz                                   :    100
  select_pressure                          :   1.100
  n_islands                                :      1
  niche_siz                                :      2

* GA settings                                                                   
  pt_crosswt                               :     95
  allele_mutatewt                          :     95
  migratewt                                :     10

* Search settings                                                               
  start_vdw_linear_cutoff                  :   4.000
  initial_virtual_pt_match_max             :   3.000

--------------------------------------------------------------------------------

* Ligand initialisation time :                                                  
  total  0.0001 user  0.0000 sys  0.0000

--------------------------------------------------------------------------------

--------------------------------------------------------------------------------
** Docking run number  1 **
--------------------------------------------------------------------------------
  Rank fitness base is 5000.00 ; increment is 11.2233

* Initialising population(s) ...                                                
Number of constraints mappings 0
Number of constraints 0
  Population no.                           :      1
  Population size                          :    100
  Number of duplicates                     :      0
  Number of niche violations               :      0
  Number of errors                         :    375


Doing GA, no. of population(s) 1 size 100 selection pressure 1.100000

 Operation      Score         DG    S(hbond)    S(metal)    S(lipo)     H(rot)  DE(clash)    DE(int)     intcor
         0      24.44     -25.64       0.00        0.00     172.30       0.00       0.29       0.91       0.78
       176      24.45     -25.70       0.10        0.00     169.96       0.00       0.68       0.57       0.78
       559      25.02     -28.29       0.25        0.00     187.93       0.00       2.95       0.32       0.78
       776      25.74     -28.47       0.21        0.00     190.59       0.00       1.73       1.00       0.78
       812      26.85     -28.63       0.51        0.00     183.24       0.00       0.76       1.01       0.78
      1433      27.82     -29.29       0.82        0.00     179.93       0.00       0.46       1.01       0.78
      1612      28.33     -29.54       0.78        0.00     183.36       0.00       0.20       1.01       0.78
      1701      28.68     -29.75       0.78        0.00     185.15       0.00       0.11       0.96       0.78
      1958      28.95     -29.76       0.78        0.00     185.24       0.00       0.11       0.70       0.78
      2224      29.02     -29.82       0.78        0.00     185.76       0.00       0.11       0.69       0.78
      3197      29.47     -30.91       0.99        0.00     188.97       0.00       0.71       0.73       0.78
      4758      29.50     -30.91       0.99        0.00     188.97       0.00       0.69       0.72       0.78
      4783      29.50     -30.90       1.00        0.00     188.83       0.00       0.69       0.70       0.78
      5057      29.50     -30.90       0.99        0.00     188.93       0.00       0.69       0.71       0.78
      5343      29.51     -30.90       1.00        0.00     188.83       0.00       0.69       0.70       0.78
      5796      29.56     -30.94       1.00        0.00     189.22       0.00       0.69       0.70       0.78
      8316      29.56     -30.42       0.91        0.00     187.29       0.00       0.17       0.69       0.78
      9181      29.58     -30.40       0.89        0.00     187.60       0.00       0.13       0.69       0.78
      9831      29.58     -30.69       0.96        0.00     188.10       0.00       0.22       0.89       0.78
     10610      29.72     -30.57       0.96        0.00     187.08       0.00       0.13       0.71       0.78
--------------------------------------------------------------------------------
Best docking solution after GA:
     16500      29.63     -30.48       0.93        0.00     187.08       0.00       0.13       0.71       0.78

#ops:      16500 #mutates:   7840 #cross:     7842 #migrate:    818 
#dups:      8119 #niche:     6986 #errors:     109 
--------------------------------------------------------------------------------

Doing AMOEBA simplex on best individual
Done simplexing #iterations 268, best score  29.93

Ligand is stored in gold_soln_3zpq_m1_1.mol2


--------------------------------------------------------------------------------
--- ChemScore breakdown of terms                                             ---
--------------------------------------------------------------------------------
DG = -5.4800 + -3.3400*S(hbond)
     + -6.0300*S(metal) + -0.1170*S(lipo) + 2.5600*H(rot)


H(rot) = 0.0000

Score = -(DG + DE(clash) + DE(int))

Internal energy term has been corrected with the best internal energy encountered.

--------------------------------------------------------------------------------


     Score         DG    S(hbond)    S(metal)    S(lipo)     H(rot)  DE(clash)    DE(int)     intcor
     29.93     -30.65       0.97        0.00     187.46       0.00       0.00       0.71       0.78

--------------------------------------------------------------------------------
--- ChemScore analysis of protein-ligand interactions                        ---
--------------------------------------------------------------------------------

* Hydrogen bonds                                                                
Ligand donor    7 hydrogen   20 Protein acceptor 2066 bond energy  1.00 wt 0.97

CHEMSCORE EXTRA INTERACTIONS:

* Clashes                                                                       
--------------------------------------------------------------------------------


--------------------------------------------------------------------------------
--- Chromosome decoded                                                       ---
--------------------------------------------------------------------------------
Ligand Torsions
[   2    3   10   11]  -11.31
Mapping
Ligand acceptors to protein hydrogens (mapping then atom ids)
Ligand hydrogens to protein acceptors (mapping then atom ids)
Ligand shape atoms to protein points (mapping then atom ids & coords)
  2  2754 [  2->(-24.000   3.500  15.000)]
  3  3825 [  5->(-23.750   6.750  14.500)]
  4  3904 [  6->(-23.750   8.750  16.500)]
  5  1599 [  9->(-24.500   4.500  16.500)]
Chromosome values
Integers:
  -1   -1   -1   -1 2753 3824 3903 1598   -1   -1   -1   -1 
--------------------------------------------------------------------------------

Current Ranking  1

--------------------------------------------------------------------------------

* GA execution time :                                                           
  total  0.9997 user  0.9997 sys  0.0000

--------------------------------------------------------------------------------
Fitness function evaluations: 26582

--------------------------------------------------------------------------------
** Docking run number  2 **
--------------------------------------------------------------------------------
  Rank fitness base is 5000.00 ; increment is 11.2233

* Initialising population(s) ...                                                
Number of constraints mappings 0
Number of constraints 0
  Population no.                           :      1
  Population size                          :    100
  Number of duplicates                     :      0
  Number of niche violations               :      0
  Number of errors                         :    355


Doing GA, no. of population(s) 1 size 100 selection pressure 1.100000

 Operation      Score         DG    S(hbond)    S(metal)    S(lipo)     H(rot)  DE(clash)    DE(int)     intcor
         0      24.57     -26.59       0.00        0.00     180.44       0.00       1.13       0.89       0.78
       114      26.06     -27.22       0.18        0.00     180.65       0.00       0.42       0.74       0.78
      2476      26.67     -27.27       0.00        0.00     186.21       0.00       0.35       0.26       0.78
      2820      27.00     -27.31       0.00        0.00     186.60       0.00       0.06       0.26       0.78
      3098      27.31     -28.21       0.32        0.00     185.10       0.00       0.00       0.90       0.78
      3375      27.46     -28.37       0.40        0.00     184.09       0.00       0.01       0.90       0.78
      4029      27.48     -28.39       0.40        0.00     184.46       0.00       0.01       0.90       0.78
      4960      27.74     -28.64       0.44        0.00     185.29       0.00       0.01       0.90       0.78
      5298      27.79     -28.67       0.51        0.00     183.59       0.00       0.59       0.29       0.78
      5553      28.14     -31.42       0.95        0.00     194.41       0.00       2.54       0.73       0.78
      5735      28.39     -29.60       0.67        0.00     187.13       0.00       0.33       0.88       0.78
      5757      29.30     -30.40       0.97        0.00     185.19       0.00       0.18       0.92       0.78
      5778      29.46     -30.38       0.98        0.00     184.90       0.00       0.02       0.90       0.78
      5903      29.46     -30.38       0.98        0.00     184.90       0.00       0.02       0.89       0.78
      5925      29.63     -30.56       0.97        0.00     186.72       0.00       0.02       0.90       0.78
      7533      29.68     -30.60       0.97        0.00     186.92       0.00       0.02       0.89       0.78
      9088      29.69     -30.73       0.94        0.00     188.92       0.00       0.14       0.90       0.78
      9609      29.72     -30.87       0.96        0.00     189.77       0.00       0.26       0.90       0.78
      9804      29.73     -30.88       0.96        0.00     189.55       0.00       0.26       0.89       0.78
     10035      29.75     -30.81       0.92        0.00     190.17       0.00       0.16       0.90       0.78
     10910      29.75     -30.90       0.96        0.00     189.84       0.00       0.26       0.89       0.78
     11269      29.87     -30.82       0.96        0.00     189.12       0.00       0.04       0.90       0.78
     12263      29.94     -30.83       0.95        0.00     189.68       0.00       0.02       0.87       0.78
Reordering...
     12375      29.79     -30.73       0.94        0.00     189.12       0.00       0.04       0.90       0.78
     13516      29.79     -30.73       0.94        0.00     189.12       0.00       0.04       0.90       0.78
--------------------------------------------------------------------------------
Best docking solution after GA:
     16500      29.79     -30.73       0.94        0.00     189.12       0.00       0.04       0.90       0.78

#ops:      16500 #mutates:   7727 #cross:     7991 #migrate:    782 
#dups:      7377 #niche:     7134 #errors:     133 
--------------------------------------------------------------------------------

Doing AMOEBA simplex on best individual
Done simplexing #iterations 346, best score  29.91

Ligand is stored in gold_soln_3zpq_m1_2.mol2


--------------------------------------------------------------------------------
--- ChemScore breakdown of terms                                             ---
--------------------------------------------------------------------------------
DG = -5.4800 + -3.3400*S(hbond)
     + -6.0300*S(metal) + -0.1170*S(lipo) + 2.5600*H(rot)


H(rot) = 0.0000

Score = -(DG + DE(clash) + DE(int))

Internal energy term has been corrected with the best internal energy encountered.

--------------------------------------------------------------------------------


     Score         DG    S(hbond)    S(metal)    S(lipo)     H(rot)  DE(clash)    DE(int)     intcor
     29.91     -30.80       0.95        0.00     189.14       0.00       0.00       0.89       0.78

--------------------------------------------------------------------------------
--- ChemScore analysis of protein-ligand interactions                        ---
--------------------------------------------------------------------------------

* Hydrogen bonds                                                                
Ligand donor    7 hydrogen   20 Protein acceptor 2066 bond energy  1.00 wt 0.95

CHEMSCORE EXTRA INTERACTIONS:

* Clashes                                                                       
--------------------------------------------------------------------------------


--------------------------------------------------------------------------------
--- Chromosome decoded                                                       ---
--------------------------------------------------------------------------------
Ligand Torsions
[   2    3   10   11]  179.85
Mapping
Ligand acceptors to protein hydrogens (mapping then atom ids)
Ligand hydrogens to protein acceptors (mapping then atom ids)
  1   3 [ 20->2066]
Ligand shape atoms to protein points (mapping then atom ids & coords)
  1  3594 [  1->(-23.750   4.250  15.750)]
  2  1576 [  2->(-24.500   4.250  14.250)]
  3  4572 [  5->(-23.500   6.000  15.250)]
  4  5438 [  6->(-23.250   9.000  16.750)]
  5  2153 [  9->(-24.250   4.500  16.500)]
  6  3859 [ 11->(-23.750   7.250  11.500)]
  7  5229 [ 12->(-23.250   5.000  11.250)]
  8  3714 [ 14->(-23.750   5.500  11.500)]
Chromosome values
Integers:
  -1    2   -1 3593 1575 4571 5437 2152 3858 5228 3713   -1 
--------------------------------------------------------------------------------

Current Ranking  1  2

--------------------------------------------------------------------------------

* GA execution time :                                                           
  total  0.0008 user  0.0007 sys  0.0000

--------------------------------------------------------------------------------
Fitness function evaluations: 27063

--------------------------------------------------------------------------------
** Docking run number  3 **
--------------------------------------------------------------------------------
  Rank fitness base is 5000.00 ; increment is 11.2233

* Initialising population(s) ...                                                
Number of constraints mappings 0
Number of constraints 0
  Population no.                           :      1
  Population size                          :    100
  Number of duplicates                     :      0
  Number of niche violations               :      0
  Number of errors                         :    399


Doing GA, no. of population(s) 1 size 100 selection pressure 1.100000

 Operation      Score         DG    S(hbond)    S(metal)    S(lipo)     H(rot)  DE(clash)    DE(int)     intcor
         0      24.57     -26.24       0.00        0.00     177.46       0.00       0.42       1.25       0.78
       269      26.09     -27.17       0.49        0.00     171.34       0.00       0.02       1.06       0.78
       276      26.24     -29.67       0.72        0.00     186.32       0.00       2.74       0.70       0.78
       434      26.46     -29.89       0.78        0.00     186.32       0.00       2.74       0.69       0.78
      1402      27.71     -29.58       0.70        0.00     185.96       0.00       1.18       0.69       0.78
      2207      28.85     -29.74       0.70        0.00     187.25       0.00       0.01       0.88       0.78
      5467      28.87     -29.75       0.70        0.00     187.42       0.00       0.01       0.87       0.78
      6387      28.87     -29.75       0.70        0.00     187.42       0.00       0.01       0.88       0.78
     15011      28.00     -28.88       0.44        0.00     187.42       0.00       0.01       0.88       0.78
--------------------------------------------------------------------------------
Best docking solution after GA:
     16500      28.00     -28.88       0.44        0.00     187.42       0.00       0.01       0.88       0.78

#ops:      16500 #mutates:   7891 #cross:     7811 #migrate:    798 
#dups:      6345 #niche:     5574 #errors:     257 
--------------------------------------------------------------------------------

Doing AMOEBA simplex on best individual
Done simplexing #iterations 278, best score  29.91

Ligand is stored in gold_soln_3zpq_m1_3.mol2


--------------------------------------------------------------------------------
--- ChemScore breakdown of terms                                             ---
--------------------------------------------------------------------------------
DG = -5.4800 + -3.3400*S(hbond)
     + -6.0300*S(metal) + -0.1170*S(lipo) + 2.5600*H(rot)


H(rot) = 0.0000

Score = -(DG + DE(clash) + DE(int))

Internal energy term has been corrected with the best internal energy encountered.

--------------------------------------------------------------------------------


     Score         DG    S(hbond)    S(metal)    S(lipo)     H(rot)  DE(clash)    DE(int)     intcor
     29.91     -30.81       0.98        0.00     188.51       0.00       0.02       0.88       0.78

--------------------------------------------------------------------------------
--- ChemScore analysis of protein-ligand interactions                        ---
--------------------------------------------------------------------------------

* Hydrogen bonds                                                                
Ligand donor    7 hydrogen   20 Protein acceptor 2066 bond energy  1.00 wt 0.98

CHEMSCORE EXTRA INTERACTIONS:

* Clashes                                                                       
Clash for ligand atom   1 (C1   ):   0.01
Clash for ligand atom  12 (C12  ):   0.01
--------------------------------------------------------------------------------


--------------------------------------------------------------------------------
--- Chromosome decoded                                                       ---
--------------------------------------------------------------------------------
Ligand Torsions
[   2    3   10   11]  173.98
Mapping
Ligand acceptors to protein hydrogens (mapping then atom ids)
Ligand hydrogens to protein acceptors (mapping then atom ids)
Ligand shape atoms to protein points (mapping then atom ids & coords)
  3  3612 [  5->(-23.750   4.500  13.750)]
  4  3985 [  6->(-23.750  10.000  18.000)]
  5  2943 [  9->(-24.000   5.500  15.750)]
Chromosome values
Integers:
  -1   -1   -1   -1   -1 3611 3984 2942   -1   -1   -1   -1 
--------------------------------------------------------------------------------

Current Ranking  1  3  2

Top  3 (of  3) solutions are within 1.000 RMSD, finishing docking C:/Users/student/Desktop/project/beta1/ligandy/3zpq.mol2.


--------------------------------------------------------------------------------

* GA execution time :                                                           
  total  0.9997 user  0.9997 sys  0.0000

--------------------------------------------------------------------------------
Fitness function evaluations: 26723

--------------------------------------------------------------------------------
--- Ranking analysis                                                         ---
--------------------------------------------------------------------------------


* Final ranked order of GA solutions:                                           
   1  3  2 

  _______________________________
  RMSD Matrix of RANKED solutions

        2    3  

   1 :  0.5  0.4
   2 :       0.2

  Clustering method                        : complete linkage
  Structure ids in cluster table           : rank nos.
  Ordering of clusters and their members   : by rank (order if from rms_analysis)

  Distance | Clusters
   0.20    |  1 |  2  3 |
   0.46    |  1  2  3 |
  Finished Docking Ligand                  : C:/Users/student/Desktop/project/beta1/ligandy/3zpq.mol2
--------------------------------------------------------------------------------

  Relative_Ligand_Energy (best encountered) :   0.782
  Relative_Ligand_Energy: fitness values have been corrected using this amount
