
--------------------------------------------------------------------------------
--- Ligand                                                                   ---
--------------------------------------------------------------------------------
  Ligand loaded from file                  : C:/Users/student/Desktop/project/beta1/ligandy/6ibl.mol2
  Ligand name                              :  
  "C:\Users\porto\OneDrive\projekt\beta1\ligandy\L_6ibl.pdb L_6ibl.pdb 1    "

--------------------------------------------------------------------------------
  N.plc donors                             : 
  none found

  Acidic nitrogen acceptors                : 
  none found
  Sulfur acceptors                         :
  none found


  Donor atoms                              :      4
  2   5   6   10  
  Acceptor atoms                           :      5
  2   3   6   8   10  

  Hydrogens                                :  (n = 4)
  29   31   32   35   

  Lone pairs added to molecule             :      9
  Numbering                                : from 50 to 58

--------------------------------------------------------------------------------
--- Postprocessing of typing                                                 ---
--------------------------------------------------------------------------------
  Fragment file                            : C:\Program Files (x86)\CCDC/GoldSuite_2017\GOLD\gold\rotatable_bond_override.mol2
  acylurea fragment                        : no matches
  thioacylthiourea fragment                : no matches
  acylthiourea fragment                    : no matches
  thioacylurea fragment                    : no matches
  diarylamine fragment >C.ar-NH-C.ar<      : no matches
  sec-amine (1) fragment                   : no matches
  sec-amine (2) fragment                   : no matches
  sec-amine (3) fragment                   : no matches
  carboxylic ester                         : no matches

* Rotatable bonds in C:/Users/student/Des  :
  [   2   17] [   2    4] [   3   13] [   4    7] 
# WARNING: (thio)amide/urea bond [49 25 5 21] in file:
  C:/Users/student/Desktop/project/beta1/ligandy/6ibl.mol2
  is out-of-plane.
# WARNING: Resetting to planar (input angle is  -27.2)
  
  [   5   21] [   6   22] [   7    9] [  10   18] 
  [  17   18] [  18   19] 
  No. of rotatable bonds                   :     10


* Fragments found in C:/Users/student/Des  :
  atom   9: benzene
  atom  11: benzene
  atom  12: benzene
  atom  13: benzene
  atom  14: benzene
  atom  15: benzene
  atom  19: benzene
  atom  20: benzene
  atom  21: benzene
  atom  22: benzene
  atom  23: benzene
  atom  24: benzene


* Checking torsion distributions:                                               
  Rotatable bond [14 13  3 16] matches torsion: aromatic methoxy
   C.ar ( 1H ) | C.ar ( C.ar ( 1H ) ) | O.3 | C.3 ( 3H ) 
  Rotatable bond [20 21  5 25] matches torsion: aromatic amide
   C.ar ( 1H ) | C.ar | N.am ( 1H ) | C.2 ( O.2 ) 
  Rotatable bond [ 4  7  9 15] matches torsion: benzyl
   C | C.3 ( 2H ) | C.ar ( ~C.ar ( 1H ) ) | ~C.ar ( 1H ) | expand  0.00 180.00
  No. of matched torsions                  :      3

--------------------------------------------------------------------------------
--- Shape fitting atoms selection (hydrophobic atoms)                        ---
--------------------------------------------------------------------------------
  Molecule                                 : C:/Users/student/Desktop/project/beta1/ligandy/6ibl.mol2
  Selection                                : carbons only
  Atom numbers                             :  (n = 14)
  1    4    7    11   12   14   15   16   17   18   
  20   23   24   25   


--------------------------------------------------------------------------------
--- ChemScore ligand setup summary                                           ---
--------------------------------------------------------------------------------
  ChemScore ligand acceptors               :      5
  2 3 6 8 10 
  ChemScore ligand donors                  :      4
  2 ( 29  ) 5 ( 31  ) 6 ( 32  ) 10 ( 35  ) 
  ChemScore ligand CH donors               :      0
  

  ChemScore ligand lipophilic atoms        :  (n = 18)
  1    4    7    9    11   12   13   14   15   16   
  17   18   19   20   21   22   23   24   

  ChemScore ligand rotatable bonds         :     10
  2   (N1 ) - 17  (C11): SP3_SP3_BOND
  2   (N1 ) - 4   (C2 ): SP3_SP3_BOND
  3   (O1 ) - 13  (C7 ): SP3_SP2_BOND
  4   (C2 ) - 7   (C3 ): SP3_SP3_BOND
  5   (N2 ) - 21  (C15): SP2_SP2_BOND
  6   (O2 ) - 22  (C16): SP3_SP2_BOND
  7   (C3 ) - 9   (C4 ): SP3_SP2_BOND
  10  (O4 ) - 18  (C12): SP3_SP3_BOND
  17  (C11) - 18  (C12): SP3_SP3_BOND
  18  (C12) - 19  (C13): SP3_SP2_BOND

--------------------------------------------------------------------------------
--- PLP ligand setup summary                                                 ---
--------------------------------------------------------------------------------
    1    C1   C.3 NONPOLAR
    2    N1   N.3 DONACC
    3    O1   O.3 ACCEPTOR
    4    C2   C.3 NONPOLAR
    5    N2  N.am DONOR
    6    O2   O.3 DONACC
    7    C3   C.3 NONPOLAR
    8    O3   O.2 ACCEPTOR
    9    C4  C.ar NONPOLAR
   10    O4   O.3 DONACC
   11    C5  C.ar NONPOLAR
   12    C6  C.ar NONPOLAR
   13    C7  C.ar NONPOLAR
   14    C8  C.ar NONPOLAR
   15    C9  C.ar NONPOLAR
   16   C10   C.3 NONPOLAR
   17   C11   C.3 NONPOLAR
   18   C12   C.3 NONPOLAR
   19   C13  C.ar NONPOLAR
   20   C14  C.ar NONPOLAR
   21   C15  C.ar NONPOLAR
   22   C16  C.ar NONPOLAR
   23   C17  C.ar NONPOLAR
   24   C18  C.ar NONPOLAR
   25   C19   C.2 NONPOLAR

--------------------------------------------------------------------------------
--- Automatic parameter setting                                              ---
--------------------------------------------------------------------------------
  Contribution base                        :   2500
  Contribution per rotatable bond          :   6000
  Contribution per df                      :   4000
  Contribution per water                   :  10000
  Ligand rotatable bonds                   :     10
  Protein flexible side chain bonds        :      0
  Total rotatable bonds                    :     10
  Hydrophobic vol ratio (P/L)              :   1.266
  Base multiplier (polar)                  :   1.800
  Base multiplier (apolar)                 :   3.546
  Base contribution                        : 12500.000
  Fitting points                           :      9
  Estimated maxops needed (optimal)        :  73000

--------------------------------------------------------------------------------

* Population settings                                                           
  maxops                                   :  73000
  popsiz                                   :    100
  select_pressure                          :   1.100
  n_islands                                :      5
  niche_siz                                :      2

* GA settings                                                                   
  pt_crosswt                               :     95
  allele_mutatewt                          :     95
  migratewt                                :     10

* Search settings                                                               
  start_vdw_linear_cutoff                  :   4.000
  initial_virtual_pt_match_max             :   3.000

--------------------------------------------------------------------------------

* Ligand initialisation time :                                                  
  total  0.9991 user  0.9991 sys  0.0000

--------------------------------------------------------------------------------

--------------------------------------------------------------------------------
** Docking run number  1 **
--------------------------------------------------------------------------------
  Rank fitness base is 5000.00 ; increment is 11.2233

* Initialising population(s) ...                                                
Number of constraints mappings 0
Number of constraints 0
  Population no.                           :      1
  Population size                          :    100
  Number of duplicates                     :      0
  Number of niche violations               :      0
  Number of errors                         :     92

Number of constraints mappings 0
Number of constraints 0
  Population no.                           :      2
  Population size                          :    100
  Number of duplicates                     :      0
  Number of niche violations               :      0
  Number of errors                         :     91

Number of constraints mappings 0
Number of constraints 0
  Population no.                           :      3
  Population size                          :    100
  Number of duplicates                     :      0
  Number of niche violations               :      0
  Number of errors                         :     89

Number of constraints mappings 0
Number of constraints 0
  Population no.                           :      4
  Population size                          :    100
  Number of duplicates                     :      0
  Number of niche violations               :      0
  Number of errors                         :     80

Number of constraints mappings 0
Number of constraints 0
  Population no.                           :      5
  Population size                          :    100
  Number of duplicates                     :      0
  Number of niche violations               :      0
  Number of errors                         :     75


Doing GA, no. of population(s) 5 size 100 selection pressure 1.100000

 Operation      Score     S(PLP)   S(hbond)     S(cho)   S(metal)  DE(clash)   DE(tors)     intcor
         0      17.11     -17.41       0.94       0.00       0.00       0.00       2.30       0.85
       747      32.97     -34.90       0.00       0.00       0.00       0.00       1.39       0.85
      1172      34.36     -36.29       0.00       0.00       0.00       0.00       1.39       0.85
      2222      35.28     -45.76       0.41       0.00       0.00       8.72       1.92       0.85
      2377      36.61     -37.94       0.81       0.00       0.00       0.00       2.30       0.85
      3016      44.43     -46.37       0.00       0.00       0.00       0.00       1.39       0.85
      3747      44.83     -45.59       1.00       0.00       0.00       0.00       2.30       0.85
      4572      46.39     -47.93       0.75       0.00       0.00       0.00       2.30       0.82
      5571      46.53     -48.51       1.00       0.00       0.00       0.15       2.82       0.82
      5632      49.66     -50.46       1.00       0.00       0.00       0.00       2.31       0.82
      6917      50.14     -53.15       0.00       0.00       0.00       0.00       1.86       0.72
      7387      50.31     -48.66       1.85       0.00       0.00       0.00       2.30       0.72
      7982      55.12     -56.03       1.00       0.00       0.00       0.00       2.31       0.72
      8102      55.20     -57.67       0.00       0.00       0.00       0.11       1.54       0.72
      8198      56.82     -60.04       0.00       0.00       0.00       0.00       1.97       0.72
      8653      58.62     -60.28       0.52       0.00       0.00       0.00       1.97       0.72
      9303      58.94     -60.60       0.52       0.00       0.00       0.00       1.97       0.72
     11868      59.52     -62.69       0.02       0.00       0.00       0.00       1.97       0.72
     13018      61.92     -63.93       0.47       0.00       0.00       0.00       2.07       0.72
     13243      62.67     -64.15       0.65       0.00       0.00       0.00       2.07       0.72
     14939      62.93     -64.66       0.54       0.00       0.00       0.00       2.03       0.72
     15621      63.70     -67.72       0.03       0.00       0.00       0.00       2.42       0.72
     16003      63.85     -66.37       0.41       0.00       0.00       0.00       2.24       0.72
     16346      65.60     -67.72       0.67       0.00       0.00       0.00       2.42       0.72
     18801      65.63     -67.41       0.84       0.00       0.00       0.00       2.51       0.72
     19353      66.31     -67.44       0.88       0.00       0.00       0.00       2.24       0.72
     19983      66.32     -66.57       1.00       0.00       0.00       0.00       1.98       0.72
     20913      66.41     -68.21       0.60       0.00       0.00       0.00       2.16       0.72
     21502      66.54     -67.48       1.00       0.00       0.00       0.00       2.33       0.72
     21899      67.04     -67.26       1.00       0.00       0.00       0.00       1.97       0.72
     24223      67.18     -67.74       1.00       0.00       0.00       0.00       2.14       0.72
     24399      67.32     -67.43       0.99       0.00       0.00       0.00       1.90       0.72
     24878      67.84     -68.52       0.98       0.00       0.00       0.00       2.16       0.72
     27349      67.85     -68.07       1.00       0.00       0.00       0.00       1.97       0.72
     27586      68.07     -68.76       1.00       0.00       0.00       0.00       2.21       0.72
     27898      68.08     -68.85       1.00       0.00       0.00       0.00       2.24       0.72
     28171      68.17     -69.03       1.00       0.00       0.00       0.00       2.29       0.72
     28940      68.19     -69.05       1.00       0.00       0.00       0.00       2.29       0.72
     29751      68.40     -69.09       1.00       0.00       0.00       0.00       2.21       0.72
     31151      68.61     -69.10       1.00       0.00       0.00       0.00       2.10       0.72
     31371      69.62     -68.22       2.00       0.00       0.00       0.00       2.66       0.72
     34681      69.74     -68.35       2.00       0.00       0.00       0.00       2.66       0.71
     36570      69.79     -68.20       2.00       0.00       0.00       0.00       2.56       0.71
     38698      70.18     -68.17       2.00       0.00       0.00       0.00       2.35       0.71
     39413      70.31     -68.30       2.00       0.00       0.00       0.00       2.35       0.71
     39753      70.36     -68.35       2.00       0.00       0.00       0.00       2.35       0.71
     43898      70.39     -68.54       2.00       0.00       0.00       0.00       2.35       0.55
     46180      70.73     -70.02       2.00       0.00       0.00       0.34       2.75       0.55
     50435      70.81     -70.10       2.00       0.00       0.00       0.34       2.75       0.55
     53134      71.34     -70.63       2.00       0.00       0.00       0.34       2.75       0.55
     55664      71.49     -70.78       2.00       0.00       0.00       0.34       2.75       0.55
     56861      71.61     -69.61       2.00       0.00       0.00       0.00       2.27       0.55
     58116      71.64     -69.64       2.00       0.00       0.00       0.00       2.27       0.55
     60051      71.72     -71.06       1.94       0.00       0.00       0.34       2.68       0.55
     62814      72.92     -71.78       2.00       0.00       0.00       0.34       2.51       0.49
     63214      72.95     -71.81       2.00       0.00       0.00       0.34       2.51       0.49
     63504      72.95     -71.81       2.00       0.00       0.00       0.34       2.51       0.49
     64564      73.09     -71.95       2.00       0.00       0.00       0.34       2.51       0.49
     66489      73.14     -72.00       2.00       0.00       0.00       0.34       2.51       0.49
     67009      73.20     -72.06       2.00       0.00       0.00       0.34       2.51       0.49
     67276      73.23     -72.09       2.00       0.00       0.00       0.34       2.51       0.49
     67923      73.24     -72.07       2.00       0.00       0.00       0.34       2.49       0.49
     68773      73.25     -72.11       2.00       0.00       0.00       0.34       2.51       0.49
     68953      73.26     -72.09       2.00       0.00       0.00       0.34       2.49       0.49
     69114      73.28     -72.17       2.00       0.00       0.00       0.34       2.52       0.49
     70107      73.30     -72.16       2.00       0.00       0.00       0.34       2.51       0.49
     70123      73.37     -72.20       2.00       0.00       0.00       0.34       2.49       0.49
     70449      73.46     -72.35       2.00       0.00       0.00       0.34       2.52       0.49
     71626      73.52     -72.45       2.00       0.00       0.00       0.34       2.54       0.49
     71646      73.57     -72.53       2.00       0.00       0.00       0.34       2.55       0.49
     72043      73.72     -72.66       2.00       0.00       0.00       0.34       2.54       0.49
     72811      73.84     -72.77       2.00       0.00       0.00       0.34       2.54       0.49
--------------------------------------------------------------------------------
Best docking solution after GA:
     73000      73.84     -72.77       2.00       0.00       0.00       0.34       2.54       0.49

#ops:      73000 #mutates:  34396 #cross:    34886 #migrate:   3718 
#dups:     22024 #niche:    44136 #errors:     134 
--------------------------------------------------------------------------------

Doing AMOEBA simplex on best individual
Done simplexing #iterations 601, best score  74.49

Ligand is stored in gold_soln_6ibl_m1_1.mol2


--------------------------------------------------------------------------------
--- CHEMPLP breakdown of terms                                               ---
--------------------------------------------------------------------------------
CHEMPLP = - ( 1.0000*S(PLP) + -3.0000*S(hbond) + -6.0000*S(metal) + -3.0000*S(cho) )

Score = CHEMPLP - 1.0000*DE(clash) - 2.0000*DE(tors)

Internal energy term has been corrected with the best internal energy encountered.

--------------------------------------------------------------------------------


     Score     S(PLP)   S(hbond)     S(cho)   S(metal)  DE(clash)   DE(tors)     intcor
     74.49     -73.06       2.00       0.00       0.00       0.36       2.36       0.49

--------------------------------------------------------------------------------
--- PLP analysis of protein-ligand interactions                              ---
--------------------------------------------------------------------------------
hydrogen bonding        :      -4.00
metal                   :       0.00
buried (polar-nonpolar) :      -9.04
nonpolar                :     -60.16
repulsive               :       0.31
--------------------------------------------------------------------------------


--------------------------------------------------------------------------------
--- ChemScore analysis of protein-ligand interactions                        ---
--------------------------------------------------------------------------------

* Hydrogen bonds                                                                
Ligand donor    2 hydrogen   29 Protein acceptor 2066 bond energy  1.00 wt 1.00
Ligand donor   10 hydrogen   35 Protein acceptor 2066 bond energy  1.00 wt 1.00


* CH..O interactions                                                            
  CH group selection                       : activated ring CH (adjacent to hetatom)

--------------------------------------------------------------------------------


--------------------------------------------------------------------------------
--- Intra-ligand clashes                                                     ---
--------------------------------------------------------------------------------

Ligand
  9 (C4   ) -   1 (C1   ):   0.36 (dist   2.74)
--------------------------------------------------------------------------------


--------------------------------------------------------------------------------
--- Chromosome decoded                                                       ---
--------------------------------------------------------------------------------
Ligand Torsions
[  18   17    2    4]  -85.60
[   1    4    2   17]  -57.96
[  14   13    3   16] -179.15    matched torsion: aromatic methoxy
[   9    7    4    1]    3.48
[  20   21    5   25]   18.93    matched torsion: aromatic amide
[  32    6   22   21]  154.68
[   4    7    9   15]  106.29    matched torsion: benzyl
[  35   10   18   17]  -49.02
[  10   18   17    2]    6.47
[  20   19   18   10]   17.11
Mapping
Ligand acceptors to protein hydrogens (mapping then atom ids)
Ligand hydrogens to protein acceptors (mapping then atom ids)
  4   3 [ 35->2066]
Ligand shape atoms to protein points (mapping then atom ids & coords)
  1  7896 [  1->(-21.750   7.000  16.000)]
  2  6762 [  4->(-22.750   7.750  16.500)]
  3  3811 [  7->(-23.750   6.500  15.750)]
  4  3765 [ 11->(-23.750   6.000  14.250)]
  6  3557 [ 14->(-23.750   4.000  13.500)]
  7  5121 [ 15->(-23.250   3.750  15.250)]
  8  3492 [ 16->(-23.750   3.000  11.750)]
  9  7929 [ 17->(-21.750   8.250  17.500)]
 10  7251 [ 18->(-22.500   9.250  18.500)]
 11  3165 [ 20->(-24.000   9.750  21.750)]
 12  1462 [ 23->(-24.750  13.000  20.750)]
 13  7830 [ 24->(-22.000  12.000  18.750)]
 14  3227 [ 25->(-24.000  10.750  23.000)]
Chromosome values
Integers:
  -1   -1   -1   -1   -1   -1   -1   -1    2 7895 6761 3810 
3764   -1 3556 5120 3491 7928 7250 3164 1461 7829 3226 
--------------------------------------------------------------------------------

Current Ranking  1

--------------------------------------------------------------------------------

* GA execution time :                                                           
  total  4.0008 user  4.0008 sys  0.0000

--------------------------------------------------------------------------------
Fitness function evaluations: 118059

--------------------------------------------------------------------------------
** Docking run number  2 **
--------------------------------------------------------------------------------
  Rank fitness base is 5000.00 ; increment is 11.2233

* Initialising population(s) ...                                                
Number of constraints mappings 0
Number of constraints 0
  Population no.                           :      1
  Population size                          :    100
  Number of duplicates                     :      0
  Number of niche violations               :      0
  Number of errors                         :     93

Number of constraints mappings 0
Number of constraints 0
  Population no.                           :      2
  Population size                          :    100
  Number of duplicates                     :      0
  Number of niche violations               :      0
  Number of errors                         :     77

Number of constraints mappings 0
Number of constraints 0
  Population no.                           :      3
  Population size                          :    100
  Number of duplicates                     :      0
  Number of niche violations               :      0
  Number of errors                         :     86

Number of constraints mappings 0
Number of constraints 0
  Population no.                           :      4
  Population size                          :    100
  Number of duplicates                     :      0
  Number of niche violations               :      0
  Number of errors                         :     95

Number of constraints mappings 0
Number of constraints 0
  Population no.                           :      5
  Population size                          :    100
  Number of duplicates                     :      0
  Number of niche violations               :      0
  Number of errors                         :     85


Doing GA, no. of population(s) 5 size 100 selection pressure 1.100000

 Operation      Score     S(PLP)   S(hbond)     S(cho)   S(metal)  DE(clash)   DE(tors)     intcor
         0       1.61     -10.53       0.00       0.00       0.00       5.05       2.18       0.49
       290       7.42     -21.07       0.00       0.00       0.00       8.44       2.85       0.49
       993      14.24     -32.25       0.00       0.00       0.00      13.94       2.28       0.49
      1432      20.22     -28.94       0.00       0.00       0.00       5.05       2.08       0.49
      1956      29.17     -31.94       0.13       0.00       0.00       0.00       1.82       0.49
      2087      32.22     -33.12       0.47       0.00       0.00       0.00       1.40       0.49
      3025      35.97     -40.34       0.00       0.00       0.00       0.00       2.43       0.49
      3345      44.37     -47.92       0.00       0.00       0.00       0.00       2.02       0.49
      4500      44.41     -47.97       0.00       0.00       0.00       0.00       2.02       0.49
      4781      44.52     -52.45       0.88       0.00       0.00       7.63       1.71       0.49
      4917      44.72     -48.68       0.00       0.00       0.00       0.00       2.23       0.49
      5340      45.28     -48.83       0.00       0.00       0.00       0.00       2.02       0.49
      5401      50.28     -51.89       0.81       0.00       0.00       0.00       2.27       0.49
      6235      53.63     -55.82       1.00       0.00       0.00       0.00       2.84       0.49
      6704      54.58     -56.78       1.00       0.00       0.00       0.00       2.85       0.49
      6915      55.80     -57.99       1.00       0.00       0.00       0.00       2.84       0.49
      7570      56.67     -59.64       0.00       0.00       0.00       0.00       1.73       0.49
      8309      58.06     -60.05       0.75       0.00       0.00       0.00       2.37       0.49
      8529      59.23     -62.50       0.32       0.00       0.00       0.00       2.37       0.49
      8939      60.00     -61.38       1.00       0.00       0.00       0.00       2.44       0.49
      9069      61.60     -62.98       1.00       0.00       0.00       0.00       2.44       0.49
     11319      61.95     -64.17       1.00       0.00       0.00       0.00       2.86       0.49
     11749      62.88     -64.26       1.00       0.00       0.00       0.00       2.44       0.49
     11784      63.05     -64.43       1.00       0.00       0.00       0.00       2.44       0.49
     12289      63.80     -66.00       1.00       0.00       0.00       0.00       2.85       0.49
     12709      64.07     -65.37       1.00       0.00       0.00       0.00       2.39       0.49
     12729      64.18     -66.38       1.00       0.00       0.00       0.00       2.85       0.49
     12774      64.74     -66.04       1.00       0.00       0.00       0.00       2.39       0.49
     13518      65.83     -67.12       1.00       0.00       0.00       0.00       2.39       0.49
     16913      66.18     -67.38       1.00       0.00       0.00       0.00       2.35       0.49
     19732      66.47     -67.10       0.94       0.00       0.00       0.46       1.75       0.49
     19807      67.48     -66.37       1.59       0.00       0.00       0.46       1.84       0.49
     20512      67.52     -66.02       1.63       0.00       0.00       0.46       1.71       0.49
     20893      67.83     -66.37       1.70       0.00       0.00       0.46       1.84       0.49
     22502      67.96     -68.54       0.94       0.00       0.00       0.46       1.72       0.49
     23285      70.38     -72.12       0.84       0.00       0.00       0.00       2.38       0.49
     35957      70.54     -68.64       1.75       0.00       0.00       0.00       1.93       0.49
     36187      70.88     -69.76       1.49       0.00       0.00       0.00       1.93       0.49
     38322      71.20     -69.77       1.59       0.00       0.00       0.46       1.69       0.49
     41147      71.49     -69.77       1.69       0.00       0.00       0.46       1.69       0.49
     41295      71.96     -70.67       1.00       0.00       0.00       0.00       1.10       0.49
     46463      72.25     -69.46       2.00       0.00       0.00       0.00       1.85       0.49
     47538      72.56     -69.77       2.00       0.00       0.00       0.00       1.85       0.49
     48192      72.61     -70.17       2.00       0.00       0.00       0.46       1.80       0.49
     49501      72.82     -71.41       1.56       0.00       0.00       0.00       1.89       0.49
     49761      73.26     -71.76       1.60       0.00       0.00       0.00       1.89       0.49
     54669      73.77     -70.91       1.99       0.00       0.00       0.00       1.80       0.49
     58485      73.82     -71.58       1.79       0.00       0.00       0.00       1.81       0.49
     58810      73.90     -71.29       1.94       0.00       0.00       0.00       1.85       0.49
     59320      74.15     -71.39       1.99       0.00       0.00       0.00       1.85       0.49
     63566      74.29     -71.77       1.94       0.00       0.00       0.00       1.90       0.49
     65500      74.40     -71.61       2.00       0.00       0.00       0.00       1.85       0.49
     66983      74.43     -71.83       1.94       0.00       0.00       0.00       1.86       0.49
     67164      74.58     -71.88       1.98       0.00       0.00       0.00       1.86       0.49
     68106      74.59     -71.80       2.00       0.00       0.00       0.00       1.85       0.49
     70076      74.66     -71.89       2.00       0.00       0.00       0.00       1.86       0.49
--------------------------------------------------------------------------------
Best docking solution after GA:
     73000      74.66     -71.89       2.00       0.00       0.00       0.00       1.86       0.49

#ops:      73000 #mutates:  34592 #cross:    34678 #migrate:   3730 
#dups:     20261 #niche:    46466 #errors:     149 
--------------------------------------------------------------------------------

Doing AMOEBA simplex on best individual
Done simplexing #iterations 353, best score  75.37

Ligand is stored in gold_soln_6ibl_m1_2.mol2


--------------------------------------------------------------------------------
--- CHEMPLP breakdown of terms                                               ---
--------------------------------------------------------------------------------
CHEMPLP = - ( 1.0000*S(PLP) + -3.0000*S(hbond) + -6.0000*S(metal) + -3.0000*S(cho) )

Score = CHEMPLP - 1.0000*DE(clash) - 2.0000*DE(tors)

Internal energy term has been corrected with the best internal energy encountered.

--------------------------------------------------------------------------------


     Score     S(PLP)   S(hbond)     S(cho)   S(metal)  DE(clash)   DE(tors)     intcor
     75.37     -72.73       2.00       0.00       0.00       0.00       1.93       0.49

--------------------------------------------------------------------------------
--- PLP analysis of protein-ligand interactions                              ---
--------------------------------------------------------------------------------
hydrogen bonding        :      -4.72
metal                   :       0.00
buried (polar-nonpolar) :      -7.92
nonpolar                :     -60.76
repulsive               :       0.24
--------------------------------------------------------------------------------


--------------------------------------------------------------------------------
--- ChemScore analysis of protein-ligand interactions                        ---
--------------------------------------------------------------------------------

* Hydrogen bonds                                                                
Ligand donor    2 hydrogen   29 Protein acceptor 2066 bond energy  1.00 wt 1.00
Ligand donor   10 hydrogen   35 Protein acceptor 2066 bond energy  1.00 wt 1.00


* CH..O interactions                                                            
  CH group selection                       : activated ring CH (adjacent to hetatom)

--------------------------------------------------------------------------------


--------------------------------------------------------------------------------
--- Intra-ligand clashes                                                     ---
--------------------------------------------------------------------------------

Ligand
--------------------------------------------------------------------------------


--------------------------------------------------------------------------------
--- Chromosome decoded                                                       ---
--------------------------------------------------------------------------------
Ligand Torsions
[  18   17    2    4] -109.91
[   1    4    2   17]  -58.81
[  14   13    3   16]    7.43    matched torsion: aromatic methoxy
[   9    7    4    1]   17.03
[  20   21    5   25]   -8.32    matched torsion: aromatic amide
[  32    6   22   21] -129.99
[   4    7    9   15]  101.66    matched torsion: benzyl
[  35   10   18   17]  -48.89
[  10   18   17    2]   26.29
[  20   19   18   10]   49.03
Mapping
Ligand acceptors to protein hydrogens (mapping then atom ids)
Ligand hydrogens to protein acceptors (mapping then atom ids)
  1   3 [ 29->2066]
  4   3 [ 35->2066]
Ligand shape atoms to protein points (mapping then atom ids & coords)
  2  5395 [  4->(-23.250   7.750  17.000)]
  3  6732 [  7->(-22.750   6.750  16.250)]
  5  2826 [ 12->(-24.000   4.500  13.750)]
  6  5949 [ 14->(-23.000   4.500  14.500)]
  7  2866 [ 15->(-24.000   4.750  16.750)]
  8  5788 [ 16->(-23.000   2.000  12.000)]
  9  7488 [ 17->(-22.250   8.000  16.750)]
 10  6909 [ 18->(-22.750  10.500  19.000)]
 11  3148 [ 20->(-24.000   9.500  21.750)]
 12  4810 [ 23->(-23.500  12.000  19.000)]
 13  5569 [ 24->(-23.250  11.500  18.500)]
Chromosome values
Integers:
  -1   -1   -1   -1   -1    2   -1   -1    2   -1 5394 6731 
  -1 2825 5948 2865 5787 7487 6908 3147 4809 5568   -1 
--------------------------------------------------------------------------------

Current Ranking  2  1

--------------------------------------------------------------------------------

* GA execution time :                                                           
  total  4.9999 user  4.9999 sys  0.0000

--------------------------------------------------------------------------------
Fitness function evaluations: 117646

--------------------------------------------------------------------------------
** Docking run number  3 **
--------------------------------------------------------------------------------
  Rank fitness base is 5000.00 ; increment is 11.2233

* Initialising population(s) ...                                                
Number of constraints mappings 0
Number of constraints 0
  Population no.                           :      1
  Population size                          :    100
  Number of duplicates                     :      0
  Number of niche violations               :      0
  Number of errors                         :     87

Number of constraints mappings 0
Number of constraints 0
  Population no.                           :      2
  Population size                          :    100
  Number of duplicates                     :      0
  Number of niche violations               :      0
  Number of errors                         :     96

Number of constraints mappings 0
Number of constraints 0
  Population no.                           :      3
  Population size                          :    100
  Number of duplicates                     :      0
  Number of niche violations               :      0
  Number of errors                         :     91

Number of constraints mappings 0
Number of constraints 0
  Population no.                           :      4
  Population size                          :    100
  Number of duplicates                     :      0
  Number of niche violations               :      0
  Number of errors                         :     88

Number of constraints mappings 0
Number of constraints 0
  Population no.                           :      5
  Population size                          :    100
  Number of duplicates                     :      0
  Number of niche violations               :      0
  Number of errors                         :     91


Doing GA, no. of population(s) 5 size 100 selection pressure 1.100000

 Operation      Score     S(PLP)   S(hbond)     S(cho)   S(metal)  DE(clash)   DE(tors)     intcor
         0       2.02     -18.14       0.00       0.00       0.00      14.13       1.24       0.49
       296       7.16     -11.25       0.00       0.00       0.00       1.60       1.49       0.49
      1569      13.89     -41.70       0.00       0.00       0.00      24.85       1.72       0.49
      1576      15.72     -19.81       0.00       0.00       0.00       1.60       1.49       0.49
      1639      18.92     -22.15       0.00       0.00       0.00       0.00       1.86       0.49
      1966      26.01     -30.09       0.00       0.00       0.00       1.60       1.49       0.49
      2068      34.74     -40.29       0.00       0.00       0.00       2.32       1.86       0.49
      3981      41.94     -46.69       0.00       0.00       0.00       0.00       2.62       0.49
      4926      43.37     -48.19       0.00       0.00       0.00       0.03       2.64       0.49
      5941      47.75     -52.56       0.00       0.00       0.00       0.03       2.64       0.49
      7069      53.61     -57.19       0.00       0.00       0.00       0.00       2.04       0.49
      7507      53.73     -56.14       0.00       0.00       0.00       0.00       1.45       0.49
      7879      54.01     -57.59       0.00       0.00       0.00       0.00       2.04       0.49
      8634      54.18     -56.59       0.00       0.00       0.00       0.00       1.45       0.49
      8754      54.44     -56.85       0.00       0.00       0.00       0.00       1.45       0.49
      8829      54.52     -58.10       0.00       0.00       0.00       0.00       2.04       0.49
     10139      55.02     -58.61       0.00       0.00       0.00       0.00       2.04       0.49
     10234      55.63     -59.21       0.00       0.00       0.00       0.00       2.04       0.49
     11178      56.37     -59.02       0.00       0.00       0.00       0.00       1.57       0.49
     11218      57.27     -59.92       0.00       0.00       0.00       0.00       1.57       0.49
     11411      59.54     -63.36       0.00       0.00       0.00       0.12       2.10       0.49
     12561      59.65     -63.59       0.00       0.00       0.00       0.00       2.22       0.49
     13581      61.16     -64.98       0.00       0.00       0.00       0.12       2.10       0.49
     14156      61.85     -65.67       0.00       0.00       0.00       0.12       2.10       0.49
     16224      61.93     -64.61       0.00       0.00       0.00       0.00       1.59       0.49
     16566      62.84     -66.67       0.00       0.00       0.00       0.12       2.10       0.49
     19002      63.75     -68.14       0.00       0.00       0.00       0.71       2.09       0.49
     19277      65.39     -69.35       0.00       0.00       0.00       0.71       1.87       0.49
     20322      66.27     -70.23       0.00       0.00       0.00       0.71       1.87       0.49
     26028      66.63     -70.69       0.00       0.00       0.00       0.71       1.93       0.49
     30333      66.66     -70.73       0.00       0.00       0.00       0.71       1.93       0.49
     31662      66.84     -70.88       0.00       0.00       0.00       0.71       1.91       0.49
     35587      66.99     -70.50       0.00       0.00       0.00       0.12       1.94       0.49
     36003      67.10     -70.61       0.00       0.00       0.00       0.12       1.94       0.49
     41972      67.35     -70.92       0.00       0.00       0.00       0.12       1.97       0.49
     59926      67.35     -70.91       0.00       0.00       0.00       0.12       1.97       0.49
     67742      67.37     -70.94       0.00       0.00       0.00       0.12       1.97       0.49
     68322      67.51     -71.05       0.00       0.00       0.00       0.12       1.96       0.49
     70642      67.60     -71.09       0.00       0.00       0.00       0.12       1.94       0.49
     72387      67.60     -71.11       0.00       0.00       0.00       0.12       1.94       0.49
     72860      67.62     -71.15       0.00       0.00       0.00       0.12       1.95       0.49
--------------------------------------------------------------------------------
Best docking solution after GA:
     73000      67.62     -71.15       0.00       0.00       0.00       0.12       1.95       0.49

#ops:      73000 #mutates:  34660 #cross:    34618 #migrate:   3722 
#dups:     24024 #niche:    40066 #errors:     154 
--------------------------------------------------------------------------------

Doing AMOEBA simplex on best individual
Done simplexing #iterations 549, best score  68.90

Ligand is stored in gold_soln_6ibl_m1_3.mol2


--------------------------------------------------------------------------------
--- CHEMPLP breakdown of terms                                               ---
--------------------------------------------------------------------------------
CHEMPLP = - ( 1.0000*S(PLP) + -3.0000*S(hbond) + -6.0000*S(metal) + -3.0000*S(cho) )

Score = CHEMPLP - 1.0000*DE(clash) - 2.0000*DE(tors)

Internal energy term has been corrected with the best internal energy encountered.

--------------------------------------------------------------------------------


     Score     S(PLP)   S(hbond)     S(cho)   S(metal)  DE(clash)   DE(tors)     intcor
     68.90     -71.89       0.00       0.00       0.00       0.16       1.66       0.49

--------------------------------------------------------------------------------
--- PLP analysis of protein-ligand interactions                              ---
--------------------------------------------------------------------------------
hydrogen bonding        :      -1.80
metal                   :       0.00
buried (polar-nonpolar) :      -9.57
nonpolar                :     -60.95
repulsive               :       0.31
--------------------------------------------------------------------------------


--------------------------------------------------------------------------------
--- ChemScore analysis of protein-ligand interactions                        ---
--------------------------------------------------------------------------------

* Hydrogen bonds                                                                


* CH..O interactions                                                            
  CH group selection                       : activated ring CH (adjacent to hetatom)

--------------------------------------------------------------------------------


--------------------------------------------------------------------------------
--- Intra-ligand clashes                                                     ---
--------------------------------------------------------------------------------

Ligand
  9 (C4   ) -   1 (C1   ):   0.16 (dist   2.75)
--------------------------------------------------------------------------------


--------------------------------------------------------------------------------
--- Chromosome decoded                                                       ---
--------------------------------------------------------------------------------
Ligand Torsions
[  18   17    2    4]   76.24
[   1    4    2   17] -148.30
[  14   13    3   16]    6.78    matched torsion: aromatic methoxy
[   9    7    4    1]   -7.90
[  20   21    5   25]    4.04    matched torsion: aromatic amide
[  32    6   22   21]  100.18
[   4    7    9   15]   96.67    matched torsion: benzyl
[  35   10   18   17]  -67.61
[  10   18   17    2]  -73.06
[  20   19   18   10]   -1.88
Mapping
Ligand acceptors to protein hydrogens (mapping then atom ids)
Ligand hydrogens to protein acceptors (mapping then atom ids)
Ligand shape atoms to protein points (mapping then atom ids & coords)
  2  4641 [  4->(-23.500   7.250  17.000)]
  3  4573 [  7->(-23.500   6.000  15.500)]
  5  4441 [ 12->(-23.500   4.500  13.750)]
  6  2745 [ 14->(-24.000   3.250  14.750)]
  7  5950 [ 15->(-23.000   4.500  14.750)]
  8  7097 [ 16->(-22.500   2.500  12.000)]
  9  7224 [ 17->(-22.500   8.750  17.250)]
 10  5524 [ 18->(-23.250  10.250  19.000)]
 11  5591 [ 20->(-23.250  12.000  20.500)]
 12  4106 [ 23->(-23.750  13.500  20.500)]
 13  5615 [ 24->(-23.250  12.750  20.000)]
 14  3158 [ 25->(-24.000   9.500  24.250)]
Chromosome values
Integers:
  -1   -1   -1   -1   -1   -1   -1   -1   -1   -1 4640 4572 
  -1 4440 2744 5949 7096 7223 5523 5590 4105 5614 3157 
--------------------------------------------------------------------------------

Current Ranking  2  1  3

Top  3 (of  3) solutions are within 1.000 RMSD, finishing docking C:/Users/student/Desktop/project/beta1/ligandy/6ibl.mol2.


--------------------------------------------------------------------------------

* GA execution time :                                                           
  total  4.9996 user  4.9996 sys  0.0000

--------------------------------------------------------------------------------
Fitness function evaluations: 117886

--------------------------------------------------------------------------------
--- Ranking analysis                                                         ---
--------------------------------------------------------------------------------


* Final ranked order of GA solutions:                                           
   2  1  3 

  _______________________________
  RMSD Matrix of RANKED solutions

        2    3  

   1 :  0.9  0.9
   2 :       0.9

  Clustering method                        : complete linkage
  Structure ids in cluster table           : rank nos.
  Ordering of clusters and their members   : by rank (order if from rms_analysis)

  Distance | Clusters
   0.86    |  1 |  2  3 |
   0.90    |  1  2  3 |
  Finished Docking Ligand                  : C:/Users/student/Desktop/project/beta1/ligandy/6ibl.mol2
--------------------------------------------------------------------------------

  Relative_Ligand_Energy (best encountered) :   0.493
  Relative_Ligand_Energy: fitness values have been corrected using this amount
