
--------------------------------------------------------------------------------
--- Ligand                                                                   ---
--------------------------------------------------------------------------------
  Ligand loaded from file                  : C:/Users/student/Desktop/project/beta1/ligandy/6h7m.mol2
  Ligand name                              :  
  "C:\Users\porto\OneDrive\projekt\beta1\ligandy\L_6h7m.pdb L_6h7m.pdb 1    "

--------------------------------------------------------------------------------
  N.plc donors                             : 
  none found

  Acidic nitrogen acceptors                : 
  none found
  Sulfur acceptors                         :
  none found


  Donor atoms                              :      4
  2   3   5   7   
  Acceptor atoms                           :      4
  2   3   5   7   

  Hydrogens                                :  (n = 4)
  19   20   23   26   

  Lone pairs added to molecule             :      7
  Numbering                                : from 39 to 45

  Free ring corners                        : 
  

--------------------------------------------------------------------------------
--- Match Ring Templates                                                     ---
--------------------------------------------------------------------------------

  Ring torsional energy                    : on

  Number of matched rings                  :      0

--------------------------------------------------------------------------------

  Flippable nitrogens in C:/Users/student/Desktop/project/beta1/ligandy/6h7m.mol2: 2Nitrogen number 2
Rotation X atom: 6 Y atom 8
Number of rotatable atoms = 2
Atoms to rotate: 19, 39, 
Virtual hydrogens to rotate: 1, 
Virtual lps to rotate: 1, 


--------------------------------------------------------------------------------
--- Postprocessing of typing                                                 ---
--------------------------------------------------------------------------------
  Fragment file                            : C:\Program Files (x86)\CCDC/GoldSuite_2017\GOLD\gold\rotatable_bond_override.mol2
  acylurea fragment                        : no matches
  thioacylthiourea fragment                : no matches
  acylthiourea fragment                    : no matches
  thioacylurea fragment                    : no matches
  diarylamine fragment >C.ar-NH-C.ar<      : no matches
  sec-amine (1) fragment                   : no matches
  sec-amine (2) fragment                   : no matches
  sec-amine (3) fragment                   : no matches
  carboxylic ester                         : no matches

* Rotatable bonds in C:/Users/student/Des  :
  [   1    6] [   1    7] [   1   12] [   2    8] 
  [   2    6] [   3   15] [   4   16] [   4    5] 
  No. of rotatable bonds                   :      8


* Fragments found in C:/Users/student/Des  :
  atom  12: benzene
  atom  13: benzene
  atom  14: benzene
  atom  15: benzene
  atom  16: benzene
  atom  17: benzene


* Checking torsion distributions:                                               
  No. of matched torsions                  :      0

--------------------------------------------------------------------------------
--- Shape fitting atoms selection (hydrophobic atoms)                        ---
--------------------------------------------------------------------------------
  Molecule                                 : C:/Users/student/Desktop/project/beta1/ligandy/6h7m.mol2
  Selection                                : carbons only
  Atom numbers                             :  (n = 9)
  1    4    6    9    10   11   13   14   17   


--------------------------------------------------------------------------------
--- ChemScore ligand setup summary                                           ---
--------------------------------------------------------------------------------
  ChemScore ligand acceptors               :      4
  2 3 5 7 
  ChemScore ligand donors                  :      4
  2 ( 19  ) 3 ( 20  ) 5 ( 23  ) 7 ( 26  ) 
  ChemScore ligand CH donors               :      0
  

  ChemScore ligand lipophilic atoms        :  (n = 13)
  1    4    6    8    9    10   11   12   13   14   
  15   16   17   

  ChemScore ligand rotatable bonds         :      8
  1   (C1 ) - 6   (C3 ): SP3_SP3_BOND
  1   (C1 ) - 7   (O3 ): SP3_SP3_BOND
  1   (C1 ) - 12  (C8 ): SP3_SP2_BOND
  2   (N1 ) - 8   (C4 ): SP3_SP3_BOND
  2   (N1 ) - 6   (C3 ): SP3_SP3_BOND
  3   (O1 ) - 15  (C11): SP3_SP2_BOND
  4   (C2 ) - 16  (C12): SP3_SP2_BOND
  4   (C2 ) - 5   (O2 ): SP3_SP3_BOND

--------------------------------------------------------------------------------
--- PLP ligand setup summary                                                 ---
--------------------------------------------------------------------------------
    1    C1   C.3 NONPOLAR
    2    N1   N.3 DONACC
    3    O1   O.3 DONACC
    4    C2   C.3 NONPOLAR
    5    O2   O.3 DONACC
    6    C3   C.3 NONPOLAR
    7    O3   O.3 DONACC
    8    C4   C.3 NONPOLAR
    9    C5   C.3 NONPOLAR
   10    C6   C.3 NONPOLAR
   11    C7   C.3 NONPOLAR
   12    C8  C.ar NONPOLAR
   13    C9  C.ar NONPOLAR
   14   C10  C.ar NONPOLAR
   15   C11  C.ar NONPOLAR
   16   C12  C.ar NONPOLAR
   17   C13  C.ar NONPOLAR

--------------------------------------------------------------------------------
--- Automatic parameter setting                                              ---
--------------------------------------------------------------------------------
  Contribution base                        :   2500
  Contribution per rotatable bond          :   6000
  Contribution per df                      :   4000
  Contribution per water                   :  10000
  Ligand rotatable bonds                   :      8
  Protein flexible side chain bonds        :      0
  Total rotatable bonds                    :      8
  Hydrophobic vol ratio (P/L)              :   1.970
  Base multiplier (polar)                  :   1.600
  Base multiplier (apolar)                 :   3.546
  Base contribution                        : 12500.000
  Fitting points                           :      8
  Other degrees of freedom                 :      1
     Flipping nitrogens                    :      1
  Estimated maxops needed (optimal)        :  65000

--------------------------------------------------------------------------------

* Population settings                                                           
  maxops                                   :  65000
  popsiz                                   :    100
  select_pressure                          :   1.100
  n_islands                                :      5
  niche_siz                                :      2

* GA settings                                                                   
  pt_crosswt                               :     95
  allele_mutatewt                          :     95
  migratewt                                :     10

* Search settings                                                               
  start_vdw_linear_cutoff                  :   4.000
  initial_virtual_pt_match_max             :   3.000

--------------------------------------------------------------------------------

* Ligand initialisation time :                                                  
  total  0.0000 user  0.0000 sys  0.0000

--------------------------------------------------------------------------------

--------------------------------------------------------------------------------
** Docking run number  1 **
--------------------------------------------------------------------------------
  Rank fitness base is 5000.00 ; increment is 11.2233

* Initialising population(s) ...                                                
Number of constraints mappings 0
Number of constraints 0
  Population no.                           :      1
  Population size                          :    100
  Number of duplicates                     :      0
  Number of niche violations               :      0
  Number of errors                         :    240

Number of constraints mappings 0
Number of constraints 0
  Population no.                           :      2
  Population size                          :    100
  Number of duplicates                     :      0
  Number of niche violations               :      0
  Number of errors                         :    252

Number of constraints mappings 0
Number of constraints 0
  Population no.                           :      3
  Population size                          :    100
  Number of duplicates                     :      0
  Number of niche violations               :      0
  Number of errors                         :    245

Number of constraints mappings 0
Number of constraints 0
  Population no.                           :      4
  Population size                          :    100
  Number of duplicates                     :      0
  Number of niche violations               :      0
  Number of errors                         :    275

Number of constraints mappings 0
Number of constraints 0
  Population no.                           :      5
  Population size                          :    100
  Number of duplicates                     :      0
  Number of niche violations               :      0
  Number of errors                         :    272


Doing GA, no. of population(s) 5 size 100 selection pressure 1.100000

 Operation      Score     S(PLP)   S(hbond)     S(cho)   S(metal)  DE(clash)   DE(tors)     intcor
         0      24.59     -27.52       0.00       0.00       0.00       0.00       1.77       0.61
      1337      24.87     -27.41       0.00       0.00       0.00       0.00       1.57       0.61
      1667      36.22     -40.58       1.00       0.00       0.00       1.98       2.99       0.61
      1781      46.68     -45.66       1.00       0.00       0.00       0.00       1.29       0.61
      3321      50.21     -49.31       0.96       0.00       0.00       0.00       1.29       0.61
     10781      50.84     -50.00       0.99       0.00       0.00       0.00       1.29       0.44
     15977      50.98     -50.16       0.99       0.00       0.00       0.00       1.25       0.35
     16924      51.24     -50.48       1.00       0.00       0.00       0.00       1.29       0.35
     17282      52.65     -52.23       1.00       0.00       0.00       0.00       1.46       0.35
     21642      52.90     -52.16       1.00       0.00       0.00       0.00       1.30       0.35
     24390      52.91     -51.24       1.00       0.00       0.00       0.00       0.83       0.32
     27296      52.93     -51.53       1.00       0.00       0.00       0.00       0.89       0.18
     27662      52.95     -52.14       1.00       0.00       0.00       0.00       1.19       0.18
     28602      52.98     -52.08       1.00       0.00       0.00       0.00       1.14       0.18
     28861      53.08     -51.81       0.96       0.00       0.00       0.00       0.89       0.18
     29106      53.40     -52.41       1.00       0.00       0.00       0.00       1.09       0.18
     31505      53.60     -52.89       1.00       0.00       0.00       0.00       1.23       0.18
     31696      53.61     -53.70       0.50       0.00       0.00       0.00       0.89       0.18
     32041      53.95     -53.21       0.78       0.00       0.00       0.00       0.89       0.18
     32811      55.05     -53.65       1.00       0.00       0.00       0.00       0.89       0.18
     33261      55.71     -54.58       0.91       0.00       0.00       0.00       0.89       0.18
     40686      55.72     -54.18       1.00       0.00       0.00       0.00       0.82       0.18
     41246      55.74     -54.10       1.00       0.00       0.00       0.00       0.77       0.18
     41542      56.04     -54.67       0.94       0.00       0.00       0.00       0.82       0.18
     41981      56.11     -54.69       0.93       0.00       0.00       0.00       0.77       0.18
     45711      56.12     -54.32       0.98       0.00       0.00       0.00       0.64       0.15
     46116      56.15     -54.25       0.99       0.00       0.00       0.00       0.61       0.15
     47631      56.28     -54.43       0.99       0.00       0.00       0.00       0.64       0.15
     50134      56.60     -54.73       1.00       0.00       0.00       0.00       0.64       0.15
     55805      56.61     -54.66       1.00       0.00       0.00       0.00       0.60       0.15
     56150      56.62     -54.63       1.00       0.00       0.00       0.00       0.58       0.15
     56655      56.63     -54.70       1.00       0.00       0.00       0.00       0.61       0.15
     57960      56.64     -54.63       1.00       0.00       0.00       0.00       0.57       0.15
     58435      56.75     -55.09       1.00       0.00       0.00       0.00       0.74       0.15
     59956      56.82     -55.11       0.88       0.00       0.00       0.00       0.53       0.15
     61300      56.90     -54.87       1.00       0.00       0.00       0.00       0.56       0.15
     61358      57.11     -55.28       1.00       0.00       0.00       0.00       0.66       0.15
     61758      57.14     -55.27       1.00       0.00       0.00       0.00       0.64       0.15
     62548      57.30     -55.31       1.00       0.00       0.00       0.00       0.58       0.15
--------------------------------------------------------------------------------
Best docking solution after GA:
     65000      57.30     -55.31       1.00       0.00       0.00       0.00       0.58       0.15

#ops:      65000 #mutates:  30818 #cross:    30937 #migrate:   3245 
#dups:     19224 #niche:    30572 #errors:     290 
--------------------------------------------------------------------------------

Doing AMOEBA simplex on best individual
Done simplexing #iterations 329, best score  57.76

Ligand is stored in gold_soln_6h7m_m1_1.mol2


--------------------------------------------------------------------------------
--- CHEMPLP breakdown of terms                                               ---
--------------------------------------------------------------------------------
CHEMPLP = - ( 1.0000*S(PLP) + -3.0000*S(hbond) + -6.0000*S(metal) + -3.0000*S(cho) )

Score = CHEMPLP - 1.0000*DE(clash) - 2.0000*DE(tors)

Internal energy term has been corrected with the best internal energy encountered.

--------------------------------------------------------------------------------


     Score     S(PLP)   S(hbond)     S(cho)   S(metal)  DE(clash)   DE(tors)     intcor
     57.76     -55.71       1.00       0.00       0.00       0.00       0.55       0.15

--------------------------------------------------------------------------------
--- PLP analysis of protein-ligand interactions                              ---
--------------------------------------------------------------------------------
hydrogen bonding        :      -4.18
metal                   :       0.00
buried (polar-nonpolar) :      -6.50
nonpolar                :     -44.60
repulsive               :       0.00
--------------------------------------------------------------------------------


--------------------------------------------------------------------------------
--- ChemScore analysis of protein-ligand interactions                        ---
--------------------------------------------------------------------------------

* Hydrogen bonds                                                                
Ligand donor    2 hydrogen   19 Protein acceptor 2066 bond energy  1.00 wt 1.00


* CH..O interactions                                                            
  CH group selection                       : activated ring CH (adjacent to hetatom)

--------------------------------------------------------------------------------


--------------------------------------------------------------------------------
--- Intra-ligand clashes                                                     ---
--------------------------------------------------------------------------------

Ligand
--------------------------------------------------------------------------------


--------------------------------------------------------------------------------
--- Chromosome decoded                                                       ---
--------------------------------------------------------------------------------
Ligand Torsions
[   2    6    1    7]  -50.36
[  26    7    1    6]  -60.98
[  13   12    1    6]  123.02
[   9    8    2    6]   75.64
[   8    2    6    1] -159.35
[  20    3   15   14] -114.90
[   5    4   16   15]   -6.57
[  23    5    4   16]  175.65
Pyramidal nitrogens flipped: 2 
Pyramidal nitrogens not flipped: 
Mapping
Ligand acceptors to protein hydrogens (mapping then atom ids)
Ligand hydrogens to protein acceptors (mapping then atom ids)
  1   3 [ 19->2066]
Ligand shape atoms to protein points (mapping then atom ids & coords)
  1  1639 [  1->(-24.500   5.250  16.500)]
  2  5202 [  4->(-23.250   4.750  10.250)]
  4  7299 [  9->(-22.500  10.500  18.250)]
  5  7984 [ 10->(-21.750  10.000  17.750)]
  7  2787 [ 13->(-24.000   4.000  15.000)]
  8  5840 [ 14->(-23.000   3.250  12.750)]
  9  2860 [ 17->(-24.000   4.750  15.250)]
Chromosome values
Integers:
  -1   -1   -1   -1    2   -1   -1   -1 1638 5201   -1 7298 
7983   -1 2786 5839 2859 
--------------------------------------------------------------------------------

Current Ranking  1

--------------------------------------------------------------------------------

* GA execution time :                                                           
  total  3.9996 user  3.9996 sys  0.0000

--------------------------------------------------------------------------------
Fitness function evaluations: 106185

--------------------------------------------------------------------------------
** Docking run number  2 **
--------------------------------------------------------------------------------
  Rank fitness base is 5000.00 ; increment is 11.2233

* Initialising population(s) ...                                                
Number of constraints mappings 0
Number of constraints 0
  Population no.                           :      1
  Population size                          :    100
  Number of duplicates                     :      0
  Number of niche violations               :      0
  Number of errors                         :    251

Number of constraints mappings 0
Number of constraints 0
  Population no.                           :      2
  Population size                          :    100
  Number of duplicates                     :      0
  Number of niche violations               :      0
  Number of errors                         :    241

Number of constraints mappings 0
Number of constraints 0
  Population no.                           :      3
  Population size                          :    100
  Number of duplicates                     :      0
  Number of niche violations               :      0
  Number of errors                         :    258

Number of constraints mappings 0
Number of constraints 0
  Population no.                           :      4
  Population size                          :    100
  Number of duplicates                     :      0
  Number of niche violations               :      0
  Number of errors                         :    256

Number of constraints mappings 0
Number of constraints 0
  Population no.                           :      5
  Population size                          :    100
  Number of duplicates                     :      0
  Number of niche violations               :      0
  Number of errors                         :    266


Doing GA, no. of population(s) 5 size 100 selection pressure 1.100000

 Operation      Score     S(PLP)   S(hbond)     S(cho)   S(metal)  DE(clash)   DE(tors)     intcor
         0      23.12     -28.26       0.00       0.00       0.00       0.42       2.43       0.15
       487      25.18     -32.44       0.00       0.00       0.00       2.15       2.63       0.15
       601      31.25     -34.41       0.14       0.00       0.00       0.00       1.87       0.15
      2421      31.25     -34.54       0.10       0.00       0.00       0.00       1.87       0.15
      2435      31.47     -37.19       1.07       0.00       0.00       2.15       3.47       0.15
      2707      31.75     -34.09       0.00       0.00       0.00       0.00       1.25       0.15
      3023      32.26     -33.00       1.00       0.00       0.00       0.00       1.94       0.15
      3086      33.08     -34.81       0.90       0.00       0.00       0.00       2.29       0.15
      3235      33.25     -36.62       1.86       0.00       0.00       2.15       3.48       0.15
      3785      33.27     -36.62       1.86       0.00       0.00       2.15       3.47       0.15
      3968      35.05     -33.44       1.31       0.00       0.00       0.00       1.23       0.15
      4205      36.80     -40.41       0.00       0.00       0.00       0.00       1.88       0.15
      4535      38.92     -40.41       0.74       0.00       0.00       0.00       1.93       0.15
      7036      43.85     -44.96       1.00       0.00       0.00       0.00       2.13       0.15
      7146      46.24     -47.48       0.96       0.00       0.00       0.00       2.13       0.15
      8831      47.30     -47.43       1.33       0.00       0.00       0.00       2.14       0.15
      9941      47.61     -47.47       1.42       0.00       0.00       0.00       2.14       0.15
     12847      47.63     -47.55       1.42       0.00       0.00       0.00       2.17       0.15
     13387      47.79     -48.29       1.21       0.00       0.00       0.00       2.14       0.15
     17432      48.02     -48.90       1.08       0.00       0.00       0.00       2.14       0.15
     18950      48.04     -49.27       1.00       0.00       0.00       0.00       2.14       0.05
     19436      48.09     -48.46       1.15       0.00       0.00       0.00       1.94       0.05
     20721      48.24     -49.49       0.87       0.00       0.00       0.00       1.97       0.05
     21650      48.56     -49.32       0.99       0.00       0.00       0.00       1.89       0.05
     21890      48.84     -49.18       1.13       0.00       0.00       0.00       1.89       0.05
     23510      48.87     -49.20       0.98       0.00       0.00       0.00       1.67       0.05
     24496      48.96     -50.20       0.88       0.00       0.00       0.00       1.97       0.05
     25515      49.08     -48.48       1.37       0.00       0.00       0.00       1.78       0.05
     26480      49.21     -50.18       0.77       0.00       0.00       0.00       1.67       0.05
     27040      49.36     -48.69       1.37       0.00       0.00       0.00       1.74       0.05
     29215      49.45     -48.64       1.42       0.00       0.00       0.00       1.74       0.05
     32805      50.05     -49.48       1.25       0.00       0.00       0.00       1.62       0.05
     32920      50.93     -50.85       1.08       0.00       0.00       0.00       1.62       0.05
     35061      51.35     -51.38       1.03       0.00       0.00       0.00       1.59       0.05
     43481      51.40     -51.10       1.00       0.00       0.00       0.00       1.37       0.05
     43958      51.43     -51.57       1.00       0.00       0.00       0.00       1.60       0.05
     50328      51.52     -51.50       0.99       0.00       0.00       0.00       1.51       0.05
     50723      51.93     -51.75       1.00       0.00       0.00       0.00       1.44       0.05
     59270      51.94     -50.11       0.84       0.00       0.00       0.00       0.38       0.05
     60054      52.05     -51.78       1.03       0.00       0.00       0.00       1.44       0.05
     60113      52.06     -50.59       1.00       0.00       0.00       0.00       0.79       0.05
     60191      52.25     -50.41       0.84       0.00       0.00       0.00       0.38       0.05
     60403      52.84     -52.65       1.00       0.00       0.00       0.00       1.44       0.05
     60499      52.96     -50.83       0.94       0.00       0.00       0.00       0.38       0.05
     61183      53.19     -51.77       1.00       0.00       0.00       0.00       0.82       0.05
     61611      53.25     -52.13       0.75       0.00       0.00       0.00       0.59       0.05
     61660      54.11     -52.17       0.83       0.00       0.00       0.00       0.30       0.05
     62705      54.83     -52.97       0.83       0.00       0.00       0.00       0.34       0.05
--------------------------------------------------------------------------------
Best docking solution after GA:
     65000      54.83     -52.97       0.83       0.00       0.00       0.00       0.34       0.05

#ops:      65000 #mutates:  30945 #cross:    30733 #migrate:   3322 
#dups:     14912 #niche:    29378 #errors:     286 
--------------------------------------------------------------------------------

Doing AMOEBA simplex on best individual
Done simplexing #iterations 370, best score  56.96

Ligand is stored in gold_soln_6h7m_m1_2.mol2


--------------------------------------------------------------------------------
--- CHEMPLP breakdown of terms                                               ---
--------------------------------------------------------------------------------
CHEMPLP = - ( 1.0000*S(PLP) + -3.0000*S(hbond) + -6.0000*S(metal) + -3.0000*S(cho) )

Score = CHEMPLP - 1.0000*DE(clash) - 2.0000*DE(tors)

Internal energy term has been corrected with the best internal energy encountered.

--------------------------------------------------------------------------------


     Score     S(PLP)   S(hbond)     S(cho)   S(metal)  DE(clash)   DE(tors)     intcor
     56.96     -54.90       1.00       0.00       0.00       0.00       0.49       0.05

--------------------------------------------------------------------------------
--- PLP analysis of protein-ligand interactions                              ---
--------------------------------------------------------------------------------
hydrogen bonding        :      -5.13
metal                   :       0.00
buried (polar-nonpolar) :      -5.62
nonpolar                :     -44.48
repulsive               :       0.00
--------------------------------------------------------------------------------


--------------------------------------------------------------------------------
--- ChemScore analysis of protein-ligand interactions                        ---
--------------------------------------------------------------------------------

* Hydrogen bonds                                                                
Ligand donor    2 hydrogen   19 Protein acceptor 2066 bond energy  1.00 wt 1.00


* CH..O interactions                                                            
  CH group selection                       : activated ring CH (adjacent to hetatom)

--------------------------------------------------------------------------------


--------------------------------------------------------------------------------
--- Intra-ligand clashes                                                     ---
--------------------------------------------------------------------------------

Ligand
--------------------------------------------------------------------------------


--------------------------------------------------------------------------------
--- Chromosome decoded                                                       ---
--------------------------------------------------------------------------------
Ligand Torsions
[   2    6    1    7]  -47.03
[  26    7    1    6] -119.44
[  13   12    1    6]  128.63
[   9    8    2    6]   67.89
[   8    2    6    1] -164.35
[  20    3   15   14] -170.86
[   5    4   16   15]  -68.04
[  23    5    4   16]  -45.56
Pyramidal nitrogens flipped: 2 
Pyramidal nitrogens not flipped: 
Mapping
Ligand acceptors to protein hydrogens (mapping then atom ids)
Ligand hydrogens to protein acceptors (mapping then atom ids)
Ligand shape atoms to protein points (mapping then atom ids & coords)
  1  4558 [  1->(-23.500   5.750  16.250)]
  4  5471 [  9->(-23.250   9.500  17.250)]
  7  3507 [ 13->(-23.750   3.250  14.750)]
  8  5882 [ 14->(-23.000   3.750  14.000)]
Chromosome values
Integers:
  -1   -1   -1   -1   -1   -1   -1   -1 4557   -1   -1 5470 
  -1   -1 3506 5881   -1 
--------------------------------------------------------------------------------

Current Ranking  1  2

--------------------------------------------------------------------------------

* GA execution time :                                                           
  total  3.0005 user  3.0005 sys  0.0000

--------------------------------------------------------------------------------
Fitness function evaluations: 107698

--------------------------------------------------------------------------------
** Docking run number  3 **
--------------------------------------------------------------------------------
  Rank fitness base is 5000.00 ; increment is 11.2233

* Initialising population(s) ...                                                
Number of constraints mappings 0
Number of constraints 0
  Population no.                           :      1
  Population size                          :    100
  Number of duplicates                     :      0
  Number of niche violations               :      0
  Number of errors                         :    251

Number of constraints mappings 0
Number of constraints 0
  Population no.                           :      2
  Population size                          :    100
  Number of duplicates                     :      0
  Number of niche violations               :      0
  Number of errors                         :    239

Number of constraints mappings 0
Number of constraints 0
  Population no.                           :      3
  Population size                          :    100
  Number of duplicates                     :      0
  Number of niche violations               :      0
  Number of errors                         :    284

Number of constraints mappings 0
Number of constraints 0
  Population no.                           :      4
  Population size                          :    100
  Number of duplicates                     :      0
  Number of niche violations               :      0
  Number of errors                         :    253

Number of constraints mappings 0
Number of constraints 0
  Population no.                           :      5
  Population size                          :    100
  Number of duplicates                     :      0
  Number of niche violations               :      0
  Number of errors                         :    283


Doing GA, no. of population(s) 5 size 100 selection pressure 1.100000

 Operation      Score     S(PLP)   S(hbond)     S(cho)   S(metal)  DE(clash)   DE(tors)     intcor
         0      26.77     -30.43       0.94       0.00       0.00       1.37       2.58       0.05
       825      27.30     -34.67       0.00       0.00       0.00       7.07       0.18       0.05
       974      28.87     -31.90       0.00       0.00       0.00       0.00       1.54       0.05
      1028      29.10     -32.70       0.91       0.00       0.00       0.00       3.19       0.05
      2036      29.68     -33.56       0.00       0.00       0.00       0.70       1.62       0.05
      2151      30.86     -34.75       0.00       0.00       0.00       0.70       1.62       0.05
      3092      31.82     -33.57       1.00       0.00       0.00       0.00       2.40       0.05
      3250      38.58     -45.00       1.00       0.00       0.00       3.00       3.23       0.05
      3440      39.70     -45.60       1.00       0.00       0.00       3.00       2.98       0.05
      6270      39.99     -45.72       1.00       0.00       0.00       3.00       2.89       0.05
     10046      40.82     -46.55       1.00       0.00       0.00       3.00       2.89       0.05
     10449      40.99     -44.21       0.84       0.00       0.00       0.00       2.90       0.05
     12190      43.17     -48.90       1.00       0.00       0.00       3.00       2.89       0.05
     12359      44.36     -47.12       1.00       0.00       0.00       0.00       2.91       0.05
     12689      44.36     -47.12       1.00       0.00       0.00       0.00       2.90       0.05
     12839      44.46     -47.18       1.00       0.00       0.00       0.00       2.89       0.05
     14360      44.87     -48.19       0.81       0.00       0.00       0.00       2.90       0.05
     16687      46.70     -47.59       0.52       0.00       0.00       0.00       1.26       0.05
     18792      49.60     -49.38       0.89       0.00       0.00       0.00       1.26       0.05
     19082      50.34     -50.02       0.89       0.00       0.00       0.00       1.21       0.05
     23523      50.68     -50.20       0.89       0.00       0.00       0.00       1.12       0.05
     28252      50.96     -50.68       0.89       0.00       0.00       0.00       1.23       0.05
     29372      51.04     -50.67       0.89       0.00       0.00       0.00       1.18       0.05
     30772      51.18     -49.52       1.00       0.00       0.00       0.00       0.70       0.05
     32966      51.32     -50.68       1.00       0.00       0.00       0.00       1.21       0.05
     36351      51.43     -50.64       1.00       0.00       0.00       0.00       1.13       0.05
     36911      51.86     -51.21       1.00       0.00       0.00       0.00       1.21       0.05
     39111      52.04     -51.36       1.00       0.00       0.00       0.00       1.19       0.05
     39731      53.20     -52.44       1.00       0.00       0.00       0.09       1.10       0.05
     45197      53.65     -52.97       1.00       0.00       0.00       0.00       1.19       0.05
     46087      53.87     -52.85       1.00       0.00       0.00       0.00       1.02       0.05
     48267      54.06     -53.10       1.00       0.00       0.00       0.00       1.04       0.05
     48773      54.07     -53.87       0.80       0.00       0.00       0.09       1.07       0.05
     49082      54.16     -53.13       1.00       0.00       0.00       0.00       1.01       0.05
     49162      54.20     -54.30       0.71       0.00       0.00       0.09       1.10       0.05
     49402      54.26     -53.45       0.93       0.00       0.00       0.00       1.02       0.05
     49931      54.55     -53.75       0.93       0.00       0.00       0.00       1.01       0.05
     52478      54.56     -53.78       0.93       0.00       0.00       0.00       1.03       0.05
     52523      54.58     -53.78       0.93       0.00       0.00       0.00       1.02       0.05
     52556      54.64     -53.88       1.00       0.00       0.00       0.09       1.10       0.05
     52828      54.86     -53.99       0.94       0.00       0.00       0.09       0.96       0.05
     52836      54.87     -54.09       1.00       0.00       0.00       0.09       1.09       0.05
     53116      54.87     -53.97       0.94       0.00       0.00       0.00       0.99       0.05
     53513      54.91     -54.01       0.94       0.00       0.00       0.00       0.99       0.05
     53863      54.93     -54.01       0.94       0.00       0.00       0.00       0.98       0.05
     54679      55.01     -54.17       0.98       0.00       0.00       0.00       1.07       0.05
     55035      55.04     -54.17       1.00       0.00       0.00       0.00       1.09       0.05
     55062      55.59     -54.57       0.84       0.00       0.00       0.00       0.78       0.05
     56347      55.60     -54.55       0.84       0.00       0.00       0.00       0.77       0.05
     58057      55.85     -54.36       1.00       0.00       0.00       0.00       0.78       0.05
     58372      55.86     -54.35       1.00       0.00       0.00       0.00       0.77       0.05
     60331      56.04     -54.52       1.00       0.00       0.00       0.00       0.77       0.05
     61767      56.23     -54.70       1.00       0.00       0.00       0.00       0.77       0.05
     63252      56.29     -54.77       1.00       0.00       0.00       0.00       0.77       0.05
     63672      56.63     -55.07       1.00       0.00       0.00       0.00       0.75       0.05
--------------------------------------------------------------------------------
Best docking solution after GA:
     65000      56.63     -55.07       1.00       0.00       0.00       0.00       0.75       0.05

#ops:      65000 #mutates:  30768 #cross:    30961 #migrate:   3271 
#dups:     18228 #niche:    31071 #errors:     483 
--------------------------------------------------------------------------------

Doing AMOEBA simplex on best individual
Done simplexing #iterations 506, best score  57.41

Ligand is stored in gold_soln_6h7m_m1_3.mol2


--------------------------------------------------------------------------------
--- CHEMPLP breakdown of terms                                               ---
--------------------------------------------------------------------------------
CHEMPLP = - ( 1.0000*S(PLP) + -3.0000*S(hbond) + -6.0000*S(metal) + -3.0000*S(cho) )

Score = CHEMPLP - 1.0000*DE(clash) - 2.0000*DE(tors)

Internal energy term has been corrected with the best internal energy encountered.

--------------------------------------------------------------------------------


     Score     S(PLP)   S(hbond)     S(cho)   S(metal)  DE(clash)   DE(tors)     intcor
     57.41     -55.53       1.00       0.00       0.00       0.03       0.57       0.05

--------------------------------------------------------------------------------
--- PLP analysis of protein-ligand interactions                              ---
--------------------------------------------------------------------------------
hydrogen bonding        :      -4.66
metal                   :       0.00
buried (polar-nonpolar) :      -6.43
nonpolar                :     -45.21
repulsive               :       0.00
--------------------------------------------------------------------------------


--------------------------------------------------------------------------------
--- ChemScore analysis of protein-ligand interactions                        ---
--------------------------------------------------------------------------------

* Hydrogen bonds                                                                
Ligand donor    2 hydrogen   19 Protein acceptor 2066 bond energy  1.00 wt 1.00


* CH..O interactions                                                            
  CH group selection                       : activated ring CH (adjacent to hetatom)

--------------------------------------------------------------------------------


--------------------------------------------------------------------------------
--- Intra-ligand clashes                                                     ---
--------------------------------------------------------------------------------

Ligand
  5 (O2   ) -   3 (O1   ):   0.03 (dist   2.50)
--------------------------------------------------------------------------------


--------------------------------------------------------------------------------
--- Chromosome decoded                                                       ---
--------------------------------------------------------------------------------
Ligand Torsions
[   2    6    1    7]  -49.13
[  26    7    1    6]  116.04
[  13   12    1    6]  122.98
[   9    8    2    6]   68.92
[   8    2    6    1] -154.66
[  20    3   15   14]   19.44
[   5    4   16   15]   -3.42
[  23    5    4   16] -153.17
Pyramidal nitrogens flipped: 2 
Pyramidal nitrogens not flipped: 
Mapping
Ligand acceptors to protein hydrogens (mapping then atom ids)
Ligand hydrogens to protein acceptors (mapping then atom ids)
  1   3 [ 19->2066]
Ligand shape atoms to protein points (mapping then atom ids & coords)
  2  3759 [  4->(-23.750   6.000  11.250)]
  8  5076 [ 14->(-23.250   3.250  13.750)]
  9  2964 [ 17->(-24.000   5.750  14.500)]
Chromosome values
Integers:
  -1   -1   -1   -1    2   -1   -1   -1   -1 3758   -1   -1 
  -1   -1   -1 5075 2963 
--------------------------------------------------------------------------------

Current Ranking  1  3  2

Top  3 (of  3) solutions are within 1.000 RMSD, finishing docking C:/Users/student/Desktop/project/beta1/ligandy/6h7m.mol2.


--------------------------------------------------------------------------------

* GA execution time :                                                           
  total  3.9996 user  3.9996 sys  0.0000

--------------------------------------------------------------------------------
Fitness function evaluations: 107384

--------------------------------------------------------------------------------
--- Ranking analysis                                                         ---
--------------------------------------------------------------------------------


* Final ranked order of GA solutions:                                           
   1  3  2 

  _______________________________
  RMSD Matrix of RANKED solutions

        2    3  

   1 :  0.2  0.5
   2 :       0.4

  Clustering method                        : complete linkage
  Structure ids in cluster table           : rank nos.
  Ordering of clusters and their members   : by rank (order if from rms_analysis)

  Distance | Clusters
   0.17    |  1  2 |  3 |
   0.47    |  1  2  3 |
  Finished Docking Ligand                  : C:/Users/student/Desktop/project/beta1/ligandy/6h7m.mol2
--------------------------------------------------------------------------------

  Relative_Ligand_Energy (best encountered) :   0.054
  Relative_Ligand_Energy: fitness values have been corrected using this amount
