
--------------------------------------------------------------------------------
--- Ligand                                                                   ---
--------------------------------------------------------------------------------
  Ligand loaded from file                  : C:/Users/student/Desktop/project/beta1/ligandy/6h7j.mol2
  Ligand name                              :  
  "C:\Users\porto\OneDrive\projekt\beta1\ligandy\L_6h7j.pdb L_6h7j.pdb 1    "

--------------------------------------------------------------------------------
  N.plc donors                             : 
  none found

  Acidic nitrogen acceptors                : 
  none found
  Sulfur acceptors                         :
  none found


  Donor atoms                              :      4
  12  13  14  15  
  Acceptor atoms                           :      4
  12  13  14  15  

  Hydrogens                                :  (n = 4)
  29   30   31   32   

  Lone pairs added to molecule             :      7
  Numbering                                : from 33 to 39

  Free ring corners                        : 
  

--------------------------------------------------------------------------------
--- Match Ring Templates                                                     ---
--------------------------------------------------------------------------------

  Ring torsional energy                    : on

  Number of matched rings                  :      0

--------------------------------------------------------------------------------

  Flippable nitrogens in C:/Users/student/Desktop/project/beta1/ligandy/6h7j.mol2: 12Nitrogen number 12
Rotation X atom: 2 Y atom 3
Number of rotatable atoms = 2
Atoms to rotate: 29, 33, 
Virtual hydrogens to rotate: 1, 
Virtual lps to rotate: 1, 


--------------------------------------------------------------------------------
--- Postprocessing of typing                                                 ---
--------------------------------------------------------------------------------
  Fragment file                            : C:\Program Files (x86)\CCDC/GoldSuite_2017\GOLD\gold\rotatable_bond_override.mol2
  acylurea fragment                        : no matches
  thioacylthiourea fragment                : no matches
  acylthiourea fragment                    : no matches
  thioacylurea fragment                    : no matches
  diarylamine fragment >C.ar-NH-C.ar<      : no matches
  sec-amine (1) fragment                   : no matches
  sec-amine (2) fragment                   : no matches
  sec-amine (3) fragment                   : no matches
  carboxylic ester                         : no matches

* Rotatable bonds in C:/Users/student/Des  :
  [   1    4] [   1   13] [   1    2] [   2   12] 
  [   3   12] [   9   14] [  11   15] 
  No. of rotatable bonds                   :      7


* Fragments found in C:/Users/student/Des  :
  atom   4: benzene
  atom   7: benzene
  atom   8: benzene
  atom   9: benzene
  atom  10: benzene
  atom  11: benzene


* Checking torsion distributions:                                               
  No. of matched torsions                  :      0

--------------------------------------------------------------------------------
--- Shape fitting atoms selection (hydrophobic atoms)                        ---
--------------------------------------------------------------------------------
  Molecule                                 : C:/Users/student/Desktop/project/beta1/ligandy/6h7j.mol2
  Selection                                : carbons only
  Atom numbers                             :  (n = 8)
  1    2    3    5    6    7    8    10   


--------------------------------------------------------------------------------
--- ChemScore ligand setup summary                                           ---
--------------------------------------------------------------------------------
  ChemScore ligand acceptors               :      4
  12 13 14 15 
  ChemScore ligand donors                  :      4
  12 ( 29  ) 13 ( 30  ) 14 ( 31  ) 15 ( 32  ) 
  ChemScore ligand CH donors               :      0
  

  ChemScore ligand lipophilic atoms        :  (n = 11)
  1    2    3    4    5    6    7    8    9    10   
  11   

  ChemScore ligand rotatable bonds         :      7
  1   (CAE) - 4   (CAH): SP3_SP2_BOND
  1   (CAE) - 13  (OAA): SP3_SP3_BOND
  1   (CAE) - 2   (CAF): SP3_SP3_BOND
  2   (CAF) - 12  (NAD): SP3_SP3_BOND
  3   (CAG) - 12  (NAD): SP3_SP3_BOND
  9   (CAM) - 14  (OAB): SP3_SP2_BOND
  11  (CAO) - 15  (OAC): SP3_SP2_BOND

--------------------------------------------------------------------------------
--- PLP ligand setup summary                                                 ---
--------------------------------------------------------------------------------
    1   CAE   C.3 NONPOLAR
    2   CAF   C.3 NONPOLAR
    3   CAG   C.3 NONPOLAR
    4   CAH  C.ar NONPOLAR
    5   CAI   C.3 NONPOLAR
    6   CAJ   C.3 NONPOLAR
    7   CAK  C.ar NONPOLAR
    8   CAL  C.ar NONPOLAR
    9   CAM  C.ar NONPOLAR
   10   CAN  C.ar NONPOLAR
   11   CAO  C.ar NONPOLAR
   12   NAD   N.3 DONACC
   13   OAA   O.3 DONACC
   14   OAB   O.3 DONACC
   15   OAC   O.3 DONACC

--------------------------------------------------------------------------------
--- Automatic parameter setting                                              ---
--------------------------------------------------------------------------------
  Contribution base                        :   2500
  Contribution per rotatable bond          :   6000
  Contribution per df                      :   4000
  Contribution per water                   :  10000
  Ligand rotatable bonds                   :      7
  Protein flexible side chain bonds        :      0
  Total rotatable bonds                    :      7
  Hydrophobic vol ratio (P/L)              :   2.216
  Base multiplier (polar)                  :   1.600
  Base multiplier (apolar)                 :   3.546
  Base contribution                        : 12500.000
  Fitting points                           :      8
  Other degrees of freedom                 :      1
     Flipping nitrogens                    :      1
  Estimated maxops needed (optimal)        :  59000

--------------------------------------------------------------------------------

* Population settings                                                           
  maxops                                   :  59000
  popsiz                                   :    100
  select_pressure                          :   1.100
  n_islands                                :      5
  niche_siz                                :      2

* GA settings                                                                   
  pt_crosswt                               :     95
  allele_mutatewt                          :     95
  migratewt                                :     10

* Search settings                                                               
  start_vdw_linear_cutoff                  :   4.000
  initial_virtual_pt_match_max             :   3.000

--------------------------------------------------------------------------------

* Ligand initialisation time :                                                  
  total  0.0000 user  0.0000 sys  0.0000

--------------------------------------------------------------------------------

--------------------------------------------------------------------------------
** Docking run number  1 **
--------------------------------------------------------------------------------
  Rank fitness base is 5000.00 ; increment is 11.2233

* Initialising population(s) ...                                                
Number of constraints mappings 0
Number of constraints 0
  Population no.                           :      1
  Population size                          :    100
  Number of duplicates                     :      0
  Number of niche violations               :      0
  Number of errors                         :    321

Number of constraints mappings 0
Number of constraints 0
  Population no.                           :      2
  Population size                          :    100
  Number of duplicates                     :      0
  Number of niche violations               :      0
  Number of errors                         :    306

Number of constraints mappings 0
Number of constraints 0
  Population no.                           :      3
  Population size                          :    100
  Number of duplicates                     :      0
  Number of niche violations               :      0
  Number of errors                         :    330

Number of constraints mappings 0
Number of constraints 0
  Population no.                           :      4
  Population size                          :    100
  Number of duplicates                     :      0
  Number of niche violations               :      0
  Number of errors                         :    296

Number of constraints mappings 0
Number of constraints 0
  Population no.                           :      5
  Population size                          :    100
  Number of duplicates                     :      0
  Number of niche violations               :      0
  Number of errors                         :    298


Doing GA, no. of population(s) 5 size 100 selection pressure 1.100000

 Operation      Score     S(PLP)   S(hbond)     S(cho)   S(metal)  DE(clash)   DE(tors)     intcor
         0      27.14     -31.54       0.73       0.00       0.00       2.04       2.35       0.14
       108      30.61     -31.23       1.00       0.00       0.00       0.00       1.88       0.14
       627      32.15     -31.19       1.00       0.00       0.00       0.00       1.09       0.14
      1167      33.99     -33.26       1.00       0.00       0.00       0.00       1.21       0.14
      2352      35.80     -38.05       0.00       0.00       0.00       0.00       1.19       0.14
      4408      37.89     -39.46       0.78       0.00       0.00       0.00       2.03       0.14
      5083      37.91     -38.41       1.00       0.00       0.00       0.00       1.82       0.14
      6008      37.92     -39.46       0.78       0.00       0.00       0.00       2.02       0.14
      6293      39.09     -39.70       1.00       0.00       0.00       0.00       1.88       0.14
      7862      40.48     -41.09       1.00       0.00       0.00       0.00       1.88       0.14
     12192      40.99     -39.58       1.00       0.00       0.00       0.00       0.87       0.14
     12597      41.43     -40.02       1.00       0.00       0.00       0.00       0.87       0.14
     13617      41.44     -40.04       1.00       0.00       0.00       0.00       0.87       0.14
     14162      41.66     -40.25       1.00       0.00       0.00       0.00       0.87       0.14
     14574      41.97     -43.26       1.00       0.00       0.00       0.00       2.22       0.14
     14741      42.01     -40.60       1.00       0.00       0.00       0.00       0.87       0.14
     15256      42.03     -40.63       1.00       0.00       0.00       0.00       0.87       0.14
     15332      42.06     -40.14       0.82       0.00       0.00       0.00       0.33       0.14
     16111      42.50     -41.10       1.00       0.00       0.00       0.00       0.87       0.14
     16175      44.04     -41.95       1.00       0.00       0.00       0.00       0.53       0.14
     18945      44.88     -42.91       1.00       0.00       0.00       0.00       0.57       0.10
     21541      44.90     -42.91       1.00       0.00       0.00       0.00       0.56       0.10
     23329      45.25     -43.29       1.00       0.00       0.00       0.00       0.57       0.10
     24486      45.46     -43.31       1.00       0.00       0.00       0.00       0.48       0.10
     24566      45.48     -43.31       1.00       0.00       0.00       0.00       0.47       0.10
     27496      45.50     -42.93       1.00       0.00       0.00       0.00       0.27       0.10
     27936      45.51     -43.29       1.00       0.00       0.00       0.00       0.44       0.10
     29337      45.59     -43.34       1.00       0.00       0.00       0.00       0.42       0.10
     29991      45.63     -43.47       1.00       0.00       0.00       0.00       0.47       0.10
     30326      45.65     -43.48       1.00       0.00       0.00       0.00       0.47       0.10
     30762      45.67     -43.20       1.00       0.00       0.00       0.00       0.31       0.10
     30956      45.91     -43.32       1.00       0.00       0.00       0.00       0.26       0.10
     31006      45.95     -43.37       1.00       0.00       0.00       0.00       0.26       0.10
     32371      46.00     -43.41       1.00       0.00       0.00       0.00       0.26       0.10
     32781      46.02     -43.41       1.00       0.00       0.00       0.00       0.25       0.10
     33506      46.03     -43.45       1.00       0.00       0.00       0.00       0.26       0.10
     33761      46.07     -43.43       1.00       0.00       0.00       0.00       0.23       0.10
     35291      46.10     -43.49       1.00       0.00       0.00       0.00       0.25       0.10
     36626      46.12     -43.49       1.00       0.00       0.00       0.00       0.24       0.10
     37287      46.13     -43.49       1.00       0.00       0.00       0.00       0.23       0.10
     38031      46.15     -43.49       1.00       0.00       0.00       0.00       0.22       0.10
     42556      46.33     -45.91       0.92       0.00       0.00       0.00       1.21       0.10
     43660      46.41     -45.67       0.92       0.00       0.00       0.00       1.05       0.10
     50385      46.41     -45.81       0.94       0.00       0.00       0.00       1.16       0.10
     50655      46.59     -47.38       0.45       0.00       0.00       0.00       1.12       0.10
     56650      47.51     -46.73       0.98       0.00       0.00       0.00       1.12       0.10
--------------------------------------------------------------------------------
Best docking solution after GA:
     59000      47.51     -46.73       0.98       0.00       0.00       0.00       1.12       0.10

#ops:      59000 #mutates:  28049 #cross:    28086 #migrate:   2865 
#dups:     19338 #niche:    27828 #errors:     294 
--------------------------------------------------------------------------------

Doing AMOEBA simplex on best individual
Done simplexing #iterations 486, best score  51.75

Ligand is stored in gold_soln_6h7j_m1_1.mol2


--------------------------------------------------------------------------------
--- CHEMPLP breakdown of terms                                               ---
--------------------------------------------------------------------------------
CHEMPLP = - ( 1.0000*S(PLP) + -3.0000*S(hbond) + -6.0000*S(metal) + -3.0000*S(cho) )

Score = CHEMPLP - 1.0000*DE(clash) - 2.0000*DE(tors)

Internal energy term has been corrected with the best internal energy encountered.

--------------------------------------------------------------------------------


     Score     S(PLP)   S(hbond)     S(cho)   S(metal)  DE(clash)   DE(tors)     intcor
     51.75     -49.27       1.09       0.00       0.00       0.00       0.45       0.10

--------------------------------------------------------------------------------
--- PLP analysis of protein-ligand interactions                              ---
--------------------------------------------------------------------------------
hydrogen bonding        :      -5.48
metal                   :       0.00
buried (polar-nonpolar) :      -5.31
nonpolar                :     -38.12
repulsive               :       0.00
--------------------------------------------------------------------------------


--------------------------------------------------------------------------------
--- ChemScore analysis of protein-ligand interactions                        ---
--------------------------------------------------------------------------------

* Hydrogen bonds                                                                
Ligand donor   12 hydrogen   29 Protein acceptor 2066 bond energy  1.00 wt 0.99
Ligand donor   13 hydrogen   30 Protein acceptor 2066 bond energy  1.00 wt 0.10


* CH..O interactions                                                            
  CH group selection                       : activated ring CH (adjacent to hetatom)

--------------------------------------------------------------------------------


--------------------------------------------------------------------------------
--- Intra-ligand clashes                                                     ---
--------------------------------------------------------------------------------

Ligand
--------------------------------------------------------------------------------


--------------------------------------------------------------------------------
--- Chromosome decoded                                                       ---
--------------------------------------------------------------------------------
Ligand Torsions
[   7    4    1   13] -179.49
[  30   13    1    4] -160.63
[  12    2    1    4] -170.76
[   3   12    2    1] -158.47
[   6    3   12    2]  -61.59
[  31   14    9    7] -116.58
[  32   15   11    9]  162.24
Pyramidal nitrogens flipped: 
Pyramidal nitrogens not flipped: 12 
Mapping
Ligand acceptors to protein hydrogens (mapping then atom ids)
Ligand hydrogens to protein acceptors (mapping then atom ids)
  1   3 [ 29->2066]
  2   3 [ 30->2066]
Ligand shape atoms to protein points (mapping then atom ids & coords)
  1  2893 [  1->(-24.000   5.000  16.250)]
  2  7919 [  2->(-21.750   8.000  16.500)]
  3  6199 [  3->(-23.000   9.250  18.500)]
  6  3765 [  7->(-23.750   6.000  14.250)]
Chromosome values
Integers:
  -1   -1   -1   -1    2    2   -1   -1 2892 7918 6198   -1 
  -1 3764   -1   -1 
--------------------------------------------------------------------------------

Current Ranking  1

--------------------------------------------------------------------------------

* GA execution time :                                                           
  total  3.0001 user  3.0001 sys  0.0000

--------------------------------------------------------------------------------
Fitness function evaluations: 97695

--------------------------------------------------------------------------------
** Docking run number  2 **
--------------------------------------------------------------------------------
  Rank fitness base is 5000.00 ; increment is 11.2233

* Initialising population(s) ...                                                
Number of constraints mappings 0
Number of constraints 0
  Population no.                           :      1
  Population size                          :    100
  Number of duplicates                     :      0
  Number of niche violations               :      0
  Number of errors                         :    280

Number of constraints mappings 0
Number of constraints 0
  Population no.                           :      2
  Population size                          :    100
  Number of duplicates                     :      0
  Number of niche violations               :      0
  Number of errors                         :    278

Number of constraints mappings 0
Number of constraints 0
  Population no.                           :      3
  Population size                          :    100
  Number of duplicates                     :      0
  Number of niche violations               :      0
  Number of errors                         :    310

Number of constraints mappings 0
Number of constraints 0
  Population no.                           :      4
  Population size                          :    100
  Number of duplicates                     :      0
  Number of niche violations               :      0
  Number of errors                         :    299

Number of constraints mappings 0
Number of constraints 0
  Population no.                           :      5
  Population size                          :    100
  Number of duplicates                     :      0
  Number of niche violations               :      0
  Number of errors                         :    321


Doing GA, no. of population(s) 5 size 100 selection pressure 1.100000

 Operation      Score     S(PLP)   S(hbond)     S(cho)   S(metal)  DE(clash)   DE(tors)     intcor
         0      30.58     -32.25       0.00       0.00       0.00       0.36       0.71       0.10
      1001      30.59     -32.25       0.00       0.00       0.00       0.36       0.70       0.10
      1240      32.88     -34.41       0.00       0.00       0.00       0.00       0.82       0.10
      2237      34.69     -39.50       0.00       0.00       0.00       0.20       2.35       0.10
      2640      36.63     -38.28       0.00       0.00       0.00       0.00       0.88       0.10
      3315      38.49     -40.15       0.00       0.00       0.00       0.00       0.88       0.10
      6147      38.58     -42.54       0.00       0.00       0.00       0.00       2.03       0.10
      7780      38.93     -37.46       1.00       0.00       0.00       0.00       0.82       0.10
      9251      41.97     -40.50       1.00       0.00       0.00       0.00       0.82       0.10
     12571      43.34     -44.74       0.00       0.00       0.00       0.00       0.75       0.10
     13076      44.55     -44.74       0.41       0.00       0.00       0.00       0.75       0.10
     13821      44.99     -44.96       0.43       0.00       0.00       0.00       0.68       0.10
     18260      45.35     -43.89       1.00       0.00       0.00       0.00       0.78       0.02
     18395      45.47     -43.99       1.00       0.00       0.00       0.09       0.73       0.02
     19007      45.52     -44.61       0.76       0.00       0.00       0.00       0.71       0.02
     22853      46.43     -45.87       0.56       0.00       0.00       0.00       0.57       0.02
     25808      47.29     -46.03       0.75       0.00       0.00       0.00       0.50       0.02
     26182      47.29     -45.54       0.87       0.00       0.00       0.00       0.45       0.02
     26308      47.33     -46.07       0.73       0.00       0.00       0.00       0.49       0.02
     27143      47.33     -45.87       0.82       0.00       0.00       0.00       0.51       0.02
     29758      47.39     -45.89       0.81       0.00       0.00       0.00       0.48       0.02
     33325      47.41     -45.88       0.81       0.00       0.00       0.00       0.46       0.02
     42438      47.89     -46.08       0.91       0.00       0.00       0.00       0.48       0.02
     49028      47.96     -46.06       0.96       0.00       0.00       0.00       0.50       0.02
--------------------------------------------------------------------------------
Best docking solution after GA:
     59000      47.96     -46.06       0.96       0.00       0.00       0.00       0.50       0.02

#ops:      59000 #mutates:  28056 #cross:    27993 #migrate:   2951 
#dups:     16098 #niche:    24459 #errors:     502 
--------------------------------------------------------------------------------

Doing AMOEBA simplex on best individual
Done simplexing #iterations 474, best score  48.88

Ligand is stored in gold_soln_6h7j_m1_2.mol2


--------------------------------------------------------------------------------
--- CHEMPLP breakdown of terms                                               ---
--------------------------------------------------------------------------------
CHEMPLP = - ( 1.0000*S(PLP) + -3.0000*S(hbond) + -6.0000*S(metal) + -3.0000*S(cho) )

Score = CHEMPLP - 1.0000*DE(clash) - 2.0000*DE(tors)

Internal energy term has been corrected with the best internal energy encountered.

--------------------------------------------------------------------------------


     Score     S(PLP)   S(hbond)     S(cho)   S(metal)  DE(clash)   DE(tors)     intcor
     48.88     -46.82       0.94       0.00       0.00       0.01       0.38       0.02

--------------------------------------------------------------------------------
--- PLP analysis of protein-ligand interactions                              ---
--------------------------------------------------------------------------------
hydrogen bonding        :      -3.79
metal                   :       0.00
buried (polar-nonpolar) :      -3.91
nonpolar                :     -38.38
repulsive               :       0.00
--------------------------------------------------------------------------------


--------------------------------------------------------------------------------
--- ChemScore analysis of protein-ligand interactions                        ---
--------------------------------------------------------------------------------

* Hydrogen bonds                                                                
Ligand donor   12 hydrogen   29 Protein acceptor 2066 bond energy  1.00 wt 0.94


* CH..O interactions                                                            
  CH group selection                       : activated ring CH (adjacent to hetatom)

--------------------------------------------------------------------------------


--------------------------------------------------------------------------------
--- Intra-ligand clashes                                                     ---
--------------------------------------------------------------------------------

Ligand
 13 (OAA  ) -   7 (CAK  ):   0.01 (dist   2.75)
--------------------------------------------------------------------------------


--------------------------------------------------------------------------------
--- Chromosome decoded                                                       ---
--------------------------------------------------------------------------------
Ligand Torsions
[   7    4    1   13]   11.35
[  30   13    1    4]  -62.67
[  12    2    1    4] -171.48
[   3   12    2    1] -175.24
[   6    3   12    2]   65.79
[  31   14    9    7]   67.58
[  32   15   11    9]  -24.32
Pyramidal nitrogens flipped: 
Pyramidal nitrogens not flipped: 12 
Mapping
Ligand acceptors to protein hydrogens (mapping then atom ids)
Ligand hydrogens to protein acceptors (mapping then atom ids)
Ligand shape atoms to protein points (mapping then atom ids & coords)
  2  5367 [  2->(-23.250   7.000  16.500)]
  3  6805 [  3->(-22.750   8.750  17.750)]
  4  7933 [  5->(-21.750   8.500  17.000)]
  6  5930 [  7->(-23.000   4.250  14.500)]
  8  4532 [ 10->(-23.500   5.500  12.000)]
Chromosome values
Integers:
  -1   -1   -1   -1   -1   -1   -1   -1   -1 5366 6804 7932 
  -1 5929   -1 4531 
--------------------------------------------------------------------------------

Current Ranking  1  2

--------------------------------------------------------------------------------

* GA execution time :                                                           
  total  3.0000 user  2.9999 sys  0.0000

--------------------------------------------------------------------------------
Fitness function evaluations: 98262

--------------------------------------------------------------------------------
** Docking run number  3 **
--------------------------------------------------------------------------------
  Rank fitness base is 5000.00 ; increment is 11.2233

* Initialising population(s) ...                                                
Number of constraints mappings 0
Number of constraints 0
  Population no.                           :      1
  Population size                          :    100
  Number of duplicates                     :      0
  Number of niche violations               :      0
  Number of errors                         :    316

Number of constraints mappings 0
Number of constraints 0
  Population no.                           :      2
  Population size                          :    100
  Number of duplicates                     :      0
  Number of niche violations               :      0
  Number of errors                         :    295

Number of constraints mappings 0
Number of constraints 0
  Population no.                           :      3
  Population size                          :    100
  Number of duplicates                     :      0
  Number of niche violations               :      0
  Number of errors                         :    286

Number of constraints mappings 0
Number of constraints 0
  Population no.                           :      4
  Population size                          :    100
  Number of duplicates                     :      0
  Number of niche violations               :      0
  Number of errors                         :    285

Number of constraints mappings 0
Number of constraints 0
  Population no.                           :      5
  Population size                          :    100
  Number of duplicates                     :      0
  Number of niche violations               :      0
  Number of errors                         :    332


Doing GA, no. of population(s) 5 size 100 selection pressure 1.100000

 Operation      Score     S(PLP)   S(hbond)     S(cho)   S(metal)  DE(clash)   DE(tors)     intcor
         0      34.56     -36.46       1.00       0.00       0.00       0.00       2.46       0.02
       151      36.19     -38.11       0.99       0.00       0.00       0.00       2.46       0.02
      2028      39.74     -38.18       0.70       0.00       0.00       0.00       0.28       0.02
      2543      40.72     -38.85       0.80       0.00       0.00       0.00       0.28       0.02
      6908      41.09     -39.08       0.85       0.00       0.00       0.00       0.28       0.02
      7558      41.41     -41.01       0.31       0.00       0.00       0.00       0.28       0.02
      7747      41.92     -39.43       1.00       0.00       0.00       0.00       0.27       0.02
      8998      44.55     -42.71       0.79       0.00       0.00       0.00       0.28       0.02
     10598      45.09     -43.36       0.75       0.00       0.00       0.00       0.28       0.02
     14153      45.42     -43.80       0.72       0.00       0.00       0.00       0.28       0.02
     17437      47.91     -45.87       0.85       0.00       0.00       0.00       0.27       0.02
     19291      47.93     -46.20       0.75       0.00       0.00       0.00       0.27       0.02
     20736      48.15     -45.37       1.00       0.00       0.00       0.00       0.12       0.02
     20896      48.16     -45.37       1.00       0.00       0.00       0.00       0.12       0.02
     22206      48.24     -45.47       1.00       0.00       0.00       0.00       0.13       0.02
     22286      48.26     -45.45       1.00       0.00       0.00       0.00       0.11       0.02
     22426      49.01     -46.20       1.00       0.00       0.00       0.00       0.11       0.02
     24927      49.10     -47.04       0.80       0.00       0.00       0.00       0.19       0.02
     25133      49.16     -47.12       0.85       0.00       0.00       0.00       0.27       0.02
     25827      49.26     -47.17       0.75       0.00       0.00       0.00       0.09       0.02
     25977      49.37     -47.34       0.75       0.00       0.00       0.00       0.13       0.02
     27317      49.37     -47.25       0.80       0.00       0.00       0.00       0.15       0.02
     29339      49.44     -47.35       0.85       0.00       0.00       0.00       0.24       0.02
     29541      49.48     -46.64       1.00       0.00       0.00       0.00       0.09       0.02
     31631      49.49     -46.64       1.00       0.00       0.00       0.00       0.09       0.02
     31716      49.80     -47.01       1.00       0.00       0.00       0.00       0.11       0.02
     33206      49.81     -47.01       1.00       0.00       0.00       0.00       0.11       0.02
     34600      51.02     -48.33       1.00       0.00       0.00       0.00       0.17       0.02
     38715      51.02     -48.33       1.00       0.00       0.00       0.00       0.16       0.01
     40620      51.27     -48.32       1.00       0.00       0.00       0.00       0.03       0.01
     45980      51.29     -48.33       1.00       0.00       0.00       0.00       0.03       0.01
     46996      51.30     -48.32       1.00       0.00       0.00       0.00       0.02       0.01
     47736      51.79     -48.85       1.00       0.00       0.00       0.00       0.03       0.01
     49736      51.80     -48.85       1.00       0.00       0.00       0.00       0.03       0.01
     50457      51.88     -49.07       0.95       0.00       0.00       0.00       0.03       0.01
     50927      52.03     -49.40       0.90       0.00       0.00       0.00       0.04       0.01
     51721      52.06     -49.09       1.00       0.00       0.00       0.00       0.02       0.01
     53116      52.09     -49.12       1.00       0.00       0.00       0.00       0.02       0.01
     54230      52.09     -49.12       1.00       0.00       0.00       0.00       0.02       0.01
     54631      52.15     -49.19       1.00       0.00       0.00       0.00       0.03       0.01
     55457      52.24     -49.30       1.00       0.00       0.00       0.00       0.03       0.01
     56272      52.38     -49.44       1.00       0.00       0.00       0.00       0.04       0.01
     56326      52.53     -49.67       1.00       0.00       0.00       0.00       0.08       0.01
     57751      52.63     -49.72       1.00       0.00       0.00       0.00       0.05       0.01
     57781      52.63     -49.72       1.00       0.00       0.00       0.00       0.05       0.01
     58626      52.66     -49.79       1.00       0.00       0.00       0.00       0.07       0.01
--------------------------------------------------------------------------------
Best docking solution after GA:
     59000      52.66     -49.79       1.00       0.00       0.00       0.00       0.07       0.01

#ops:      59000 #mutates:  28136 #cross:    27929 #migrate:   2935 
#dups:     17450 #niche:    29199 #errors:     326 
--------------------------------------------------------------------------------

Doing AMOEBA simplex on best individual
Done simplexing #iterations 336, best score  53.27

Ligand is stored in gold_soln_6h7j_m1_3.mol2


--------------------------------------------------------------------------------
--- CHEMPLP breakdown of terms                                               ---
--------------------------------------------------------------------------------
CHEMPLP = - ( 1.0000*S(PLP) + -3.0000*S(hbond) + -6.0000*S(metal) + -3.0000*S(cho) )

Score = CHEMPLP - 1.0000*DE(clash) - 2.0000*DE(tors)

Internal energy term has been corrected with the best internal energy encountered.

--------------------------------------------------------------------------------


     Score     S(PLP)   S(hbond)     S(cho)   S(metal)  DE(clash)   DE(tors)     intcor
     53.27     -50.43       1.00       0.00       0.00       0.00       0.09       0.01

--------------------------------------------------------------------------------
--- PLP analysis of protein-ligand interactions                              ---
--------------------------------------------------------------------------------
hydrogen bonding        :      -3.61
metal                   :       0.00
buried (polar-nonpolar) :      -5.73
nonpolar                :     -41.84
repulsive               :       0.00
--------------------------------------------------------------------------------


--------------------------------------------------------------------------------
--- ChemScore analysis of protein-ligand interactions                        ---
--------------------------------------------------------------------------------

* Hydrogen bonds                                                                
Ligand donor   13 hydrogen   30 Protein acceptor 2066 bond energy  1.00 wt 1.00


* CH..O interactions                                                            
  CH group selection                       : activated ring CH (adjacent to hetatom)

--------------------------------------------------------------------------------


--------------------------------------------------------------------------------
--- Intra-ligand clashes                                                     ---
--------------------------------------------------------------------------------

Ligand
--------------------------------------------------------------------------------


--------------------------------------------------------------------------------
--- Chromosome decoded                                                       ---
--------------------------------------------------------------------------------
Ligand Torsions
[   7    4    1   13] -178.43
[  30   13    1    4] -138.89
[  12    2    1    4]  172.76
[   3   12    2    1]  174.28
[   6    3   12    2]  -61.50
[  31   14    9    7]   21.29
[  32   15   11    9]   86.70
Pyramidal nitrogens flipped: 
Pyramidal nitrogens not flipped: 12 
Mapping
Ligand acceptors to protein hydrogens (mapping then atom ids)
Ligand hydrogens to protein acceptors (mapping then atom ids)
  2   3 [ 30->2066]
Ligand shape atoms to protein points (mapping then atom ids & coords)
  1  5368 [  1->(-23.250   7.000  16.750)]
  2  6775 [  2->(-22.750   8.250  16.000)]
  3  8538 [  3->(-20.750   9.500  17.250)]
  4  7967 [  5->(-21.750   9.250  19.000)]
  5  8305 [  6->(-21.250  10.000  18.250)]
  6  4551 [  7->(-23.500   5.750  14.500)]
Chromosome values
Integers:
  -1   -1   -1   -1   -1    2   -1   -1 5367 6774 8537 7966 
8304 4550   -1   -1 
--------------------------------------------------------------------------------

Current Ranking  3  1  2

--------------------------------------------------------------------------------

* GA execution time :                                                           
  total  3.0001 user  3.0001 sys  0.0000

--------------------------------------------------------------------------------
Fitness function evaluations: 97764

--------------------------------------------------------------------------------
** Docking run number  4 **
--------------------------------------------------------------------------------
  Rank fitness base is 5000.00 ; increment is 11.2233

* Initialising population(s) ...                                                
Number of constraints mappings 0
Number of constraints 0
  Population no.                           :      1
  Population size                          :    100
  Number of duplicates                     :      0
  Number of niche violations               :      0
  Number of errors                         :    330

Number of constraints mappings 0
Number of constraints 0
  Population no.                           :      2
  Population size                          :    100
  Number of duplicates                     :      0
  Number of niche violations               :      0
  Number of errors                         :    303

Number of constraints mappings 0
Number of constraints 0
  Population no.                           :      3
  Population size                          :    100
  Number of duplicates                     :      0
  Number of niche violations               :      0
  Number of errors                         :    317

Number of constraints mappings 0
Number of constraints 0
  Population no.                           :      4
  Population size                          :    100
  Number of duplicates                     :      0
  Number of niche violations               :      0
  Number of errors                         :    305

Number of constraints mappings 0
Number of constraints 0
  Population no.                           :      5
  Population size                          :    100
  Number of duplicates                     :      0
  Number of niche violations               :      0
  Number of errors                         :    311


Doing GA, no. of population(s) 5 size 100 selection pressure 1.100000

 Operation      Score     S(PLP)   S(hbond)     S(cho)   S(metal)  DE(clash)   DE(tors)     intcor
         0      24.67     -31.80       0.10       0.00       0.00       0.00       3.72       0.01
       106      24.67     -31.80       0.10       0.00       0.00       0.00       3.72       0.01
       706      25.15     -32.51       0.13       0.00       0.00       0.00       3.88       0.01
      1125      25.84     -27.84       0.63       0.00       0.00       0.22       1.85       0.01
      1298      27.93     -34.67       0.00       0.00       0.00       0.00       3.38       0.01
      1299      29.01     -32.29       0.16       0.00       0.00       0.00       1.89       0.01
      1812      29.13     -33.88       0.13       0.00       0.00       0.00       2.58       0.01
      2332      29.37     -31.30       0.84       0.00       0.00       0.31       2.08       0.01
      2376      33.50     -39.22       1.00       0.00       0.00       2.44       3.15       0.01
      3031      34.45     -34.19       0.50       0.00       0.00       0.00       0.63       0.01
      3051      34.54     -34.21       0.55       0.00       0.00       0.00       0.67       0.01
      4200      38.01     -42.51       0.85       0.00       0.00       0.00       3.53       0.01
      5900      38.07     -42.47       0.75       0.00       0.00       0.00       3.33       0.01
      6638      38.10     -36.61       1.00       0.00       0.00       0.72       0.40       0.01
      6840      38.97     -43.39       0.76       0.00       0.00       0.00       3.36       0.01
      8380      40.72     -42.67       0.55       0.00       0.00       0.00       1.81       0.01
      8680      41.00     -43.90       0.23       0.00       0.00       0.00       1.81       0.01
      9380      42.40     -42.02       0.90       0.00       0.00       0.00       1.17       0.01
     10050      44.24     -46.45       0.46       0.00       0.00       0.00       1.81       0.01
     11245      44.60     -46.98       0.42       0.00       0.00       0.00       1.83       0.01
     12305      44.80     -46.42       0.70       0.00       0.00       0.00       1.86       0.01
     12360      44.86     -46.40       0.70       0.00       0.00       0.00       1.83       0.01
     13609      45.15     -42.83       0.96       0.00       0.00       0.00       0.29       0.01
     14562      45.15     -45.02       0.38       0.00       0.00       0.00       0.52       0.01
     15252      45.19     -44.95       0.42       0.00       0.00       0.00       0.52       0.01
     15384      45.72     -47.20       0.69       0.00       0.00       0.00       1.79       0.01
     16441      46.51     -44.75       0.99       0.00       0.00       0.00       0.61       0.01
     17756      47.57     -45.78       1.00       0.00       0.00       0.00       0.61       0.01
     19529      47.92     -46.57       1.00       0.00       0.00       0.36       0.66       0.01
     19828      48.28     -47.69       0.55       0.00       0.00       0.00       0.54       0.01
     21366      48.43     -47.99       0.40       0.00       0.00       0.00       0.39       0.01
     24375      48.49     -46.27       0.85       0.00       0.00       0.00       0.17       0.01
     25027      48.67     -47.19       1.00       0.00       0.00       0.00       0.76       0.01
     25105      49.02     -47.71       0.89       0.00       0.00       0.00       0.69       0.01
     25570      49.32     -47.71       0.99       0.00       0.00       0.00       0.69       0.01
     26023      49.64     -48.40       0.59       0.00       0.00       0.00       0.26       0.01
     26296      49.65     -47.87       0.85       0.00       0.00       0.00       0.39       0.01
     26391      49.71     -48.04       0.80       0.00       0.00       0.00       0.37       0.01
     26576      49.72     -48.04       0.80       0.00       0.00       0.00       0.37       0.01
     27311      50.57     -49.26       0.69       0.00       0.00       0.00       0.39       0.01
     28575      50.79     -48.23       0.99       0.00       0.00       0.00       0.21       0.01
     28690      50.92     -48.88       0.82       0.00       0.00       0.00       0.21       0.01
     28785      51.07     -48.49       1.00       0.00       0.00       0.00       0.21       0.01
     28955      51.09     -48.87       0.95       0.00       0.00       0.00       0.32       0.01
     29260      51.15     -48.61       1.00       0.00       0.00       0.00       0.24       0.01
     29266      51.20     -48.76       0.95       0.00       0.00       0.00       0.21       0.01
     29295      51.28     -48.90       0.95       0.00       0.00       0.00       0.24       0.01
     30080      51.44     -49.21       0.95       0.00       0.00       0.00       0.32       0.01
     30185      51.49     -48.90       1.00       0.00       0.00       0.00       0.21       0.01
     30825      51.49     -48.90       1.00       0.00       0.00       0.00       0.21       0.01
     31224      51.60     -49.03       0.95       0.00       0.00       0.00       0.15       0.01
     31569      51.82     -49.25       0.95       0.00       0.00       0.00       0.15       0.01
     34199      51.86     -49.35       0.95       0.00       0.00       0.00       0.18       0.01
     35666      51.93     -49.47       0.95       0.00       0.00       0.00       0.20       0.01
     36830      52.75     -50.18       0.95       0.00       0.00       0.00       0.15       0.01
     42561      52.84     -50.13       1.00       0.00       0.00       0.00       0.15       0.01
     45517      52.87     -50.32       0.95       0.00       0.00       0.00       0.16       0.01
     52287      52.88     -50.29       0.95       0.00       0.00       0.00       0.14       0.01
     53759      52.91     -50.32       0.95       0.00       0.00       0.00       0.14       0.01
     56484      52.91     -50.32       0.95       0.00       0.00       0.00       0.14       0.01
--------------------------------------------------------------------------------
Best docking solution after GA:
     59000      52.91     -50.32       0.95       0.00       0.00       0.00       0.14       0.01

#ops:      59000 #mutates:  27877 #cross:    28190 #migrate:   2933 
#dups:     18740 #niche:    29146 #errors:     288 
--------------------------------------------------------------------------------

Doing AMOEBA simplex on best individual
Done simplexing #iterations 419, best score  53.24

Ligand is stored in gold_soln_6h7j_m1_4.mol2


--------------------------------------------------------------------------------
--- CHEMPLP breakdown of terms                                               ---
--------------------------------------------------------------------------------
CHEMPLP = - ( 1.0000*S(PLP) + -3.0000*S(hbond) + -6.0000*S(metal) + -3.0000*S(cho) )

Score = CHEMPLP - 1.0000*DE(clash) - 2.0000*DE(tors)

Internal energy term has been corrected with the best internal energy encountered.

--------------------------------------------------------------------------------


     Score     S(PLP)   S(hbond)     S(cho)   S(metal)  DE(clash)   DE(tors)     intcor
     53.24     -50.51       1.00       0.00       0.00       0.00       0.14       0.01

--------------------------------------------------------------------------------
--- PLP analysis of protein-ligand interactions                              ---
--------------------------------------------------------------------------------
hydrogen bonding        :      -3.48
metal                   :       0.00
buried (polar-nonpolar) :      -6.03
nonpolar                :     -42.20
repulsive               :       0.00
--------------------------------------------------------------------------------


--------------------------------------------------------------------------------
--- ChemScore analysis of protein-ligand interactions                        ---
--------------------------------------------------------------------------------

* Hydrogen bonds                                                                
Ligand donor   13 hydrogen   30 Protein acceptor 2066 bond energy  1.00 wt 1.00


* CH..O interactions                                                            
  CH group selection                       : activated ring CH (adjacent to hetatom)

--------------------------------------------------------------------------------


--------------------------------------------------------------------------------
--- Intra-ligand clashes                                                     ---
--------------------------------------------------------------------------------

Ligand
--------------------------------------------------------------------------------


--------------------------------------------------------------------------------
--- Chromosome decoded                                                       ---
--------------------------------------------------------------------------------
Ligand Torsions
[   7    4    1   13] -176.30
[  30   13    1    4] -133.69
[  12    2    1    4]  174.77
[   3   12    2    1]  173.39
[   6    3   12    2]  -66.56
[  31   14    9    7]   85.99
[  32   15   11    9]   16.27
Pyramidal nitrogens flipped: 
Pyramidal nitrogens not flipped: 12 
Mapping
Ligand acceptors to protein hydrogens (mapping then atom ids)
Ligand hydrogens to protein acceptors (mapping then atom ids)
  2   3 [ 30->2066]
Ligand shape atoms to protein points (mapping then atom ids & coords)
  1  3793 [  1->(-23.750   6.250  16.000)]
  2  7903 [  2->(-21.750   7.500  15.500)]
  4  7317 [  5->(-22.500  11.250  19.250)]
  6  4536 [  7->(-23.500   5.500  15.000)]
  7  3622 [  8->(-23.750   4.500  16.250)]
  8  4323 [ 10->(-23.500   3.250  13.500)]
Chromosome values
Integers:
  -1   -1   -1   -1   -1    2   -1   -1 3792 7902   -1 7316 
  -1 4535 3621 4322 
--------------------------------------------------------------------------------

Current Ranking  3  4  1  2

Top  3 (of  4) solutions are within 1.000 RMSD, finishing docking C:/Users/student/Desktop/project/beta1/ligandy/6h7j.mol2.


--------------------------------------------------------------------------------

* GA execution time :                                                           
  total  3.0001 user  3.0000 sys  0.0001

--------------------------------------------------------------------------------
Fitness function evaluations: 97548

--------------------------------------------------------------------------------
--- Ranking analysis                                                         ---
--------------------------------------------------------------------------------


* Final ranked order of GA solutions:                                           
   3  4  1  2 

  _______________________________
  RMSD Matrix of RANKED solutions

        2    3    4  

   1 :  0.1  0.7  2.1
   2 :       0.7  2.1
   3 :            2.0

  Clustering method                        : complete linkage
  Structure ids in cluster table           : rank nos.
  Ordering of clusters and their members   : by rank (order if from rms_analysis)

  Distance | Clusters
   0.09    |  1  2 |  3 |  4 |
   0.72    |  1  2  3 |  4 |
   2.14    |  1  2  3  4 |
  Finished Docking Ligand                  : C:/Users/student/Desktop/project/beta1/ligandy/6h7j.mol2
--------------------------------------------------------------------------------

  Relative_Ligand_Energy (best encountered) :   0.014
  Relative_Ligand_Energy: fitness values have been corrected using this amount
