# WARNING: atom    2 in C:/Users/student/Desktop/project/beta1/ligandy/5a8e.mol2 is type  N.ar resetting to type N.pl3 (set_atom_type)

--------------------------------------------------------------------------------
--- Ligand                                                                   ---
--------------------------------------------------------------------------------
  Ligand loaded from file                  : C:/Users/student/Desktop/project/beta1/ligandy/5a8e.mol2
  Ligand name                              :  
  "C:\Users\porto\OneDrive\projekt\beta1\ligandy\L_5a8e.pdb L_5a8e.pdb 1    "

--------------------------------------------------------------------------------
  N.plc donors                             : 
  pro:    2 
  

  Acidic nitrogen acceptors                : 
  none found
  Sulfur acceptors                         :
  none found

  N.1 atom 8 is not an acceptor (skipped)

  Donor atoms                              :      3
  2   5   6   
  Acceptor atoms                           :      4
  3   5   6   8   

  Hydrogens                                :  (n = 3)
  23   25   26   

  Lone pairs added to molecule             :      6
  Numbering                                : from 46 to 51

--------------------------------------------------------------------------------
--- Postprocessing of typing                                                 ---
--------------------------------------------------------------------------------
  Fragment file                            : C:\Program Files (x86)\CCDC/GoldSuite_2017\GOLD\gold\rotatable_bond_override.mol2
  acylurea fragment                        : no matches
  thioacylthiourea fragment                : no matches
  acylthiourea fragment                    : no matches
  thioacylurea fragment                    : no matches
  diarylamine fragment >C.ar-NH-C.ar<      : no matches
  sec-amine (1) fragment                   : no matches
  sec-amine (2) fragment                   : no matches
  sec-amine (3) fragment                   : no matches
  carboxylic ester                         : no matches

* Rotatable bonds in C:/Users/student/Des  :
  [   1   21] [   3   14] [   3    9] [   5   17] 
  [   5   16] [   6   15] [  14   15] [  15   16] 
  No. of rotatable bonds                   :      8


* Fragments found in C:/Users/student/Des  :
  atom   7: benzene
  atom   9: benzene
  atom  10: benzene
  atom  11: benzene
  atom  12: benzene
  atom  13: benzene


* Checking torsion distributions:                                               
  Rotatable bond [10  9  3 14] matches torsion: ortho-substituoed aromatic-aliphatic ether
   C.ar ( 1H ) | C.ar ( C.ar ( 0H ) ) | O.3 | C.3 ( 2H ) 
  No. of matched torsions                  :      1

--------------------------------------------------------------------------------
--- Shape fitting atoms selection (hydrophobic atoms)                        ---
--------------------------------------------------------------------------------
  Molecule                                 : C:/Users/student/Desktop/project/beta1/ligandy/5a8e.mol2
  Selection                                : carbons only
  Atom numbers                             :  (n = 10)
  4    10   11   14   15   16   18   19   20   22   
  


--------------------------------------------------------------------------------
--- ChemScore ligand setup summary                                           ---
--------------------------------------------------------------------------------
  ChemScore ligand acceptors               :      4
  3 5 6 8 
  ChemScore ligand donors                  :      3
  2 ( 23 [+]  ) 5 ( 25  ) 6 ( 26  ) 
  ChemScore ligand CH donors               :      0
  

  ChemScore ligand lipophilic atoms        :  (n = 16)
  1    4    7    9    10   11   12   13   14   15   
  16   17   18   19   20   22   

  ChemScore ligand rotatable bonds         :      8
  1   (C1 ) - 21  (C16): UNKNOWN_BOND
  3   (O1 ) - 14  (C9 ): SP3_SP3_BOND
  3   (O1 ) - 9   (C4 ): SP3_SP2_BOND
  5   (N2 ) - 17  (C12): SP3_SP3_BOND
  5   (N2 ) - 16  (C11): SP3_SP3_BOND
  6   (O2 ) - 15  (C10): SP3_SP3_BOND
  14  (C9 ) - 15  (C10): SP3_SP3_BOND
  15  (C10) - 16  (C11): SP3_SP3_BOND

--------------------------------------------------------------------------------
--- PLP ligand setup summary                                                 ---
--------------------------------------------------------------------------------
    1    C1  C.ar NONPOLAR
    2    N1 N.pl3 DONOR
    3    O1   O.3 ACCEPTOR
    4    C2  C.ar NONPOLAR
    5    N2   N.3 DONACC
    6    O2   O.3 DONACC
    7    C3  C.ar NONPOLAR
    8    N3   N.1 ACCEPTOR
    9    C4  C.ar NONPOLAR
   10    C5  C.ar NONPOLAR
   11    C6  C.ar NONPOLAR
   12    C7  C.ar NONPOLAR
   13    C8  C.ar NONPOLAR
   14    C9   C.3 NONPOLAR
   15   C10   C.3 NONPOLAR
   16   C11   C.3 NONPOLAR
   17   C12   C.3 NONPOLAR
   18   C13   C.3 NONPOLAR
   19   C14   C.3 NONPOLAR
   20   C15   C.3 NONPOLAR
   21   C16   C.1 NONPOLAR
   22   C17   C.3 NONPOLAR

--------------------------------------------------------------------------------
--- Automatic parameter setting                                              ---
--------------------------------------------------------------------------------
  Contribution base                        :   2500
  Contribution per rotatable bond          :   6000
  Contribution per df                      :   4000
  Contribution per water                   :  10000
  Ligand rotatable bonds                   :      8
  Protein flexible side chain bonds        :      0
  Total rotatable bonds                    :      8
  Hydrophobic vol ratio (P/L)              :   1.773
  Base multiplier (polar)                  :   1.400
  Base multiplier (apolar)                 :   3.546
  Base contribution                        : 10000.000
  Fitting points                           :      7
  Estimated maxops needed (optimal)        :  58500
  Autoscale factor (in percent)            :    200
  Scaled maxops                            : 117250

--------------------------------------------------------------------------------

* Population settings                                                           
  maxops                                   : 117250
  popsiz                                   :    100
  select_pressure                          :   1.100
  n_islands                                :      5
  niche_siz                                :      2

* GA settings                                                                   
  pt_crosswt                               :     95
  allele_mutatewt                          :     95
  migratewt                                :     10

* Search settings                                                               
  start_vdw_linear_cutoff                  :   4.000
  initial_virtual_pt_match_max             :   3.000

--------------------------------------------------------------------------------

* Ligand initialisation time :                                                  
  total  0.0000 user  0.0000 sys  0.0000

--------------------------------------------------------------------------------

--------------------------------------------------------------------------------
** Docking run number  1 **
--------------------------------------------------------------------------------
  Rank fitness base is 5000.00 ; increment is 11.2233

* Initialising population(s) ...                                                
Number of constraints mappings 0
Number of constraints 0
  Population no.                           :      1
  Population size                          :    100
  Number of duplicates                     :      0
  Number of niche violations               :      0
  Number of errors                         :    289

Number of constraints mappings 0
Number of constraints 0
  Population no.                           :      2
  Population size                          :    100
  Number of duplicates                     :      0
  Number of niche violations               :      0
  Number of errors                         :    263

Number of constraints mappings 0
Number of constraints 0
  Population no.                           :      3
  Population size                          :    100
  Number of duplicates                     :      0
  Number of niche violations               :      0
  Number of errors                         :    254

Number of constraints mappings 0
Number of constraints 0
  Population no.                           :      4
  Population size                          :    100
  Number of duplicates                     :      0
  Number of niche violations               :      0
  Number of errors                         :    289

Number of constraints mappings 0
Number of constraints 0
  Population no.                           :      5
  Population size                          :    100
  Number of duplicates                     :      0
  Number of niche violations               :      0
  Number of errors                         :    269


Doing GA, no. of population(s) 5 size 100 selection pressure 1.100000

 Operation      Score     S(PLP)   S(hbond)     S(cho)   S(metal)  DE(clash)   DE(tors)     intcor
         0      16.54     -19.34       0.00       0.00       0.00       0.28       1.50       0.47
       392      16.54     -19.34       0.00       0.00       0.00       0.28       1.50       0.47
       631      22.44     -20.42       1.00       0.00       0.00       0.00       0.73       0.47
       789      23.91     -27.27       0.89       0.00       0.00       1.65       2.42       0.47
       880      29.30     -34.65       0.65       0.00       0.00       4.18       1.80       0.47
      1082      32.29     -36.25       0.00       0.00       0.00       0.00       2.22       0.47
      1149      37.25     -40.28       1.00       0.00       0.00       1.65       2.42       0.47
      5041      38.39     -41.51       0.00       0.00       0.00       0.00       1.80       0.47
      6698      40.84     -44.88       0.00       0.00       0.00       1.21       1.65       0.47
      8438      44.23     -48.27       0.00       0.00       0.00       1.21       1.65       0.47
      9445      46.81     -45.66       1.00       0.00       0.00       0.00       1.16       0.47
     12414      47.08     -49.07       0.00       0.00       0.00       0.00       1.23       0.47
     12664      48.54     -48.06       0.61       0.00       0.00       0.00       0.90       0.47
     13231      49.07     -52.67       0.00       0.00       0.00       0.00       2.04       0.47
     14631      49.09     -52.69       0.00       0.00       0.00       0.00       2.04       0.47
     14661      49.20     -52.81       0.00       0.00       0.00       0.00       2.04       0.47
     15821      50.17     -53.78       0.00       0.00       0.00       0.00       2.04       0.47
     16079      50.21     -51.52       0.91       0.00       0.00       1.21       1.65       0.47
     17336      51.11     -54.64       0.00       0.00       0.00       0.00       2.00       0.47
     20629      51.46     -52.92       0.75       0.00       0.00       1.21       1.49       0.47
     22038      51.82     -53.59       0.00       0.00       0.00       0.00       1.12       0.47
     22418      51.83     -53.89       0.00       0.00       0.00       0.00       1.26       0.47
     26318      52.03     -53.15       0.85       0.00       0.00       1.21       1.46       0.47
     26993      53.64     -55.61       0.00       0.00       0.00       0.00       1.22       0.47
     27740      53.96     -55.86       0.00       0.00       0.00       0.00       1.18       0.47
     31168      54.34     -53.86       0.73       0.00       0.00       0.00       1.09       0.47
     31626      55.37     -53.41       0.98       0.00       0.00       0.00       0.63       0.28
     32536      56.39     -54.70       0.89       0.00       0.00       0.00       0.63       0.28
     38597      56.54     -55.93       0.80       0.00       0.00       0.00       1.04       0.28
     46072      56.59     -55.88       0.82       0.00       0.00       0.00       1.01       0.28
     50692      56.69     -56.21       0.83       0.00       0.00       0.00       1.15       0.28
     56197      56.81     -56.10       0.82       0.00       0.00       0.00       1.01       0.28
     56722      57.89     -56.95       0.90       0.00       0.00       0.00       1.01       0.28
     64737      57.98     -57.33       0.80       0.00       0.00       0.00       1.01       0.28
     68888      58.08     -57.56       0.78       0.00       0.00       0.00       1.05       0.28
     75982      58.12     -57.71       0.75       0.00       0.00       0.00       1.06       0.28
     79093      58.18     -57.56       0.82       0.00       0.00       0.00       1.05       0.28
     81667      58.42     -57.61       0.86       0.00       0.00       0.00       1.03       0.28
     84622      58.55     -57.71       0.86       0.00       0.00       0.00       1.02       0.28
     90151      58.67     -57.71       0.88       0.00       0.00       0.00       0.98       0.28
    108659      58.72     -57.75       0.88       0.00       0.00       0.00       0.98       0.28
    108801      58.79     -57.56       0.99       0.00       0.00       0.00       1.01       0.28
    109236      58.84     -57.94       0.88       0.00       0.00       0.00       1.01       0.28
    109726      58.86     -57.72       1.00       0.00       0.00       0.00       1.07       0.28
    110554      58.97     -58.11       0.85       0.00       0.00       0.00       0.98       0.28
    111486      59.16     -58.21       0.87       0.00       0.00       0.00       0.98       0.28
    111589      59.54     -58.52       0.91       0.00       0.00       0.00       1.00       0.28
    111982      59.72     -58.65       0.92       0.00       0.00       0.00       0.99       0.28
    113435      60.14     -58.83       1.00       0.00       0.00       0.00       0.98       0.28
    113945      60.31     -58.97       1.00       0.00       0.00       0.00       0.97       0.28
--------------------------------------------------------------------------------
Best docking solution after GA:
    117250      60.31     -58.97       1.00       0.00       0.00       0.00       0.97       0.28

#ops:     117250 #mutates:  55890 #cross:    55628 #migrate:   5732 
#dups:     26412 #niche:    39171 #errors:     624 
--------------------------------------------------------------------------------

Doing AMOEBA simplex on best individual
Done simplexing #iterations 384, best score  61.49

Ligand is stored in gold_soln_5a8e_m1_1.mol2


--------------------------------------------------------------------------------
--- CHEMPLP breakdown of terms                                               ---
--------------------------------------------------------------------------------
CHEMPLP = - ( 1.0000*S(PLP) + -3.0000*S(hbond) + -6.0000*S(metal) + -3.0000*S(cho) )

Score = CHEMPLP - 1.0000*DE(clash) - 2.0000*DE(tors)

Internal energy term has been corrected with the best internal energy encountered.

--------------------------------------------------------------------------------


     Score     S(PLP)   S(hbond)     S(cho)   S(metal)  DE(clash)   DE(tors)     intcor
     61.49     -60.03       0.99       0.00       0.00       0.00       0.90       0.28

--------------------------------------------------------------------------------
--- PLP analysis of protein-ligand interactions                              ---
--------------------------------------------------------------------------------
hydrogen bonding        :      -2.00
metal                   :       0.00
buried (polar-nonpolar) :      -7.24
nonpolar                :     -51.33
repulsive               :       0.43
--------------------------------------------------------------------------------


--------------------------------------------------------------------------------
--- ChemScore analysis of protein-ligand interactions                        ---
--------------------------------------------------------------------------------

* Hydrogen bonds                                                                
Ligand donor    6 hydrogen   26 Protein acceptor 2066 bond energy  1.00 wt 0.99


* CH..O interactions                                                            
  CH group selection                       : activated ring CH (adjacent to hetatom)

--------------------------------------------------------------------------------


--------------------------------------------------------------------------------
--- Intra-ligand clashes                                                     ---
--------------------------------------------------------------------------------

Ligand
--------------------------------------------------------------------------------


--------------------------------------------------------------------------------
--- Chromosome decoded                                                       ---
--------------------------------------------------------------------------------
Ligand Torsions
[   8   21    1    2] -103.57
[   9    3   14   15] -158.84
[  10    9    3   14]  -13.70    matched torsion: ortho-substituoed aromatic-aliphatic ether
[  18   17    5   16]  173.51
[  17    5   16   15]  122.49
[  26    6   15   14]   24.68
[   6   15   14    3]   40.94
[   5   16   15    6]  -72.76
Mapping
Ligand acceptors to protein hydrogens (mapping then atom ids)
Ligand hydrogens to protein acceptors (mapping then atom ids)
Ligand shape atoms to protein points (mapping then atom ids & coords)
  1  5459 [  4->(-23.250   9.250  22.500)]
  2  5490 [ 10->(-23.250   9.750  18.500)]
  3   640 [ 11->(-25.250  13.750  18.750)]
  4  7221 [ 14->(-22.500   8.750  16.500)]
  5  6817 [ 15->(-22.750   9.000  17.000)]
  6  6056 [ 16->(-23.000   6.250  15.000)]
  7  2104 [ 18->(-24.250   4.000  14.000)]
  8  2888 [ 19->(-24.000   5.000  15.000)]
 10   348 [ 22->(-25.500  13.500  19.750)]
Chromosome values
Integers:
  -1   -1   -1   -1   -1   -1   -1 5458 5489  639 7220 6816 
6055 2103 2887   -1  347 
--------------------------------------------------------------------------------

Current Ranking  1

--------------------------------------------------------------------------------

* GA execution time :                                                           
  total  5.9999 user  5.9999 sys  0.0000

--------------------------------------------------------------------------------
Fitness function evaluations: 182535

--------------------------------------------------------------------------------
** Docking run number  2 **
--------------------------------------------------------------------------------
  Rank fitness base is 5000.00 ; increment is 11.2233

* Initialising population(s) ...                                                
Number of constraints mappings 0
Number of constraints 0
  Population no.                           :      1
  Population size                          :    100
  Number of duplicates                     :      0
  Number of niche violations               :      0
  Number of errors                         :    288

Number of constraints mappings 0
Number of constraints 0
  Population no.                           :      2
  Population size                          :    100
  Number of duplicates                     :      0
  Number of niche violations               :      0
  Number of errors                         :    271

Number of constraints mappings 0
Number of constraints 0
  Population no.                           :      3
  Population size                          :    100
  Number of duplicates                     :      0
  Number of niche violations               :      0
  Number of errors                         :    266

Number of constraints mappings 0
Number of constraints 0
  Population no.                           :      4
  Population size                          :    100
  Number of duplicates                     :      0
  Number of niche violations               :      0
  Number of errors                         :    267

Number of constraints mappings 0
Number of constraints 0
  Population no.                           :      5
  Population size                          :    100
  Number of duplicates                     :      0
  Number of niche violations               :      0
  Number of errors                         :    289


Doing GA, no. of population(s) 5 size 100 selection pressure 1.100000

 Operation      Score     S(PLP)   S(hbond)     S(cho)   S(metal)  DE(clash)   DE(tors)     intcor
         0      19.02     -25.48       0.00       0.00       0.00       3.98       1.38       0.28
       651      20.82     -27.95       0.00       0.00       0.00       2.00       2.70       0.28
       656      21.30     -28.67       0.00       0.00       0.00       2.20       2.72       0.28
       689      36.54     -36.78       1.00       0.00       0.00       0.38       1.57       0.28
      3368      36.54     -36.78       1.00       0.00       0.00       0.38       1.57       0.28
      3982      38.08     -40.31       0.00       0.00       0.00       0.00       1.26       0.28
      4507      38.55     -40.65       0.00       0.00       0.00       0.00       1.19       0.28
      5517      41.17     -44.80       0.00       0.00       0.00       0.64       1.64       0.28
      6483      42.34     -40.93       1.00       0.00       0.00       0.00       0.94       0.28
      8023      44.81     -45.00       0.42       0.00       0.00       0.00       0.87       0.28
     10537      45.06     -44.77       1.00       0.00       0.00       0.00       1.49       0.28
     10572      45.50     -45.24       0.96       0.00       0.00       0.00       1.45       0.28
     10894      46.26     -46.84       0.93       0.00       0.00       0.38       1.63       0.28
     11677      46.73     -46.62       0.91       0.00       0.00       0.00       1.45       0.28
     12434      46.87     -47.36       0.13       0.00       0.00       0.00       0.58       0.28
     12911      48.11     -48.65       0.72       0.00       0.00       0.00       1.49       0.28
     13186      48.19     -49.41       0.50       0.00       0.00       0.00       1.49       0.28
     13246      48.84     -50.01       0.51       0.00       0.00       0.00       1.49       0.28
     16016      49.12     -50.58       0.48       0.00       0.00       0.00       1.59       0.28
     16982      49.58     -50.95       0.55       0.00       0.00       0.00       1.65       0.28
     18771      49.97     -50.69       0.69       0.00       0.00       0.00       1.54       0.28
     21524      50.95     -51.70       0.85       0.00       0.00       0.16       1.71       0.28
     24933      51.41     -52.76       0.00       0.00       0.00       0.00       0.82       0.28
     25918      54.33     -55.68       0.00       0.00       0.00       0.00       0.82       0.28
     30567      54.66     -55.97       0.00       0.00       0.00       0.00       0.80       0.28
     31183      55.41     -56.59       0.69       0.00       0.00       0.00       1.76       0.28
     42411      56.07     -54.97       1.00       0.00       0.00       0.00       1.09       0.28
     46326      56.30     -55.20       1.00       0.00       0.00       0.00       1.09       0.28
     55468      56.37     -55.37       0.96       0.00       0.00       0.00       1.08       0.28
     57768      56.73     -55.88       0.91       0.00       0.00       0.00       1.08       0.28
     63003      57.57     -56.35       1.00       0.00       0.00       0.00       1.03       0.28
     66008      57.69     -56.78       0.90       0.00       0.00       0.00       1.03       0.28
     66763      57.71     -56.80       0.90       0.00       0.00       0.00       1.03       0.28
     67770      58.25     -57.19       0.98       0.00       0.00       0.00       1.08       0.28
     68413      59.47     -58.47       0.93       0.00       0.00       0.00       1.03       0.28
     78039      59.73     -58.58       1.00       0.00       0.00       0.00       1.06       0.28
     80455      59.97     -58.81       1.00       0.00       0.00       0.00       1.06       0.28
     92260      60.11     -58.94       1.00       0.00       0.00       0.00       1.06       0.28
    102756      60.15     -58.98       1.00       0.00       0.00       0.00       1.06       0.28
    106907      60.22     -59.08       0.99       0.00       0.00       0.00       1.06       0.28
    110623      60.32     -59.15       0.99       0.00       0.00       0.00       1.04       0.28
    111111      60.37     -59.18       0.99       0.00       0.00       0.00       1.03       0.28
    111174      60.64     -59.49       1.00       0.00       0.00       0.00       1.06       0.28
    114324      60.76     -59.57       1.00       0.00       0.00       0.00       1.05       0.28
    116754      60.84     -59.68       1.00       0.00       0.00       0.00       1.06       0.28
--------------------------------------------------------------------------------
Best docking solution after GA:
    117250      60.84     -59.68       1.00       0.00       0.00       0.00       1.06       0.28

#ops:     117250 #mutates:  55803 #cross:    55499 #migrate:   5948 
#dups:     29276 #niche:    38066 #errors:     959 
--------------------------------------------------------------------------------

Doing AMOEBA simplex on best individual
Done simplexing #iterations 350, best score  61.33

Ligand is stored in gold_soln_5a8e_m1_2.mol2


--------------------------------------------------------------------------------
--- CHEMPLP breakdown of terms                                               ---
--------------------------------------------------------------------------------
CHEMPLP = - ( 1.0000*S(PLP) + -3.0000*S(hbond) + -6.0000*S(metal) + -3.0000*S(cho) )

Score = CHEMPLP - 1.0000*DE(clash) - 2.0000*DE(tors)

Internal energy term has been corrected with the best internal energy encountered.

--------------------------------------------------------------------------------


     Score     S(PLP)   S(hbond)     S(cho)   S(metal)  DE(clash)   DE(tors)     intcor
     61.33     -60.09       1.00       0.00       0.00       0.00       1.02       0.28

--------------------------------------------------------------------------------
--- PLP analysis of protein-ligand interactions                              ---
--------------------------------------------------------------------------------
hydrogen bonding        :      -2.00
metal                   :       0.00
buried (polar-nonpolar) :      -8.33
nonpolar                :     -51.66
repulsive               :       0.33
--------------------------------------------------------------------------------


--------------------------------------------------------------------------------
--- ChemScore analysis of protein-ligand interactions                        ---
--------------------------------------------------------------------------------

* Hydrogen bonds                                                                
Ligand donor    6 hydrogen   26 Protein acceptor 2066 bond energy  1.00 wt 1.00


* CH..O interactions                                                            
  CH group selection                       : activated ring CH (adjacent to hetatom)

--------------------------------------------------------------------------------


--------------------------------------------------------------------------------
--- Intra-ligand clashes                                                     ---
--------------------------------------------------------------------------------

Ligand
--------------------------------------------------------------------------------


--------------------------------------------------------------------------------
--- Chromosome decoded                                                       ---
--------------------------------------------------------------------------------
Ligand Torsions
[   8   21    1    2] -155.50
[   9    3   14   15] -155.65
[  10    9    3   14]  -29.85    matched torsion: ortho-substituoed aromatic-aliphatic ether
[  18   17    5   16]  178.64
[  17    5   16   15]  128.88
[  26    6   15   14]   43.36
[   6   15   14    3]   45.90
[   5   16   15    6]  -72.53
Mapping
Ligand acceptors to protein hydrogens (mapping then atom ids)
Ligand hydrogens to protein acceptors (mapping then atom ids)
  3   3 [ 26->2066]
Ligand shape atoms to protein points (mapping then atom ids & coords)
  1  4033 [  4->(-23.750  10.750  22.750)]
  2  3274 [ 10->(-24.000  12.000  18.750)]
  3  1018 [ 11->(-25.000  13.500  18.750)]
  4  3130 [ 14->(-24.000   9.250  16.750)]
  5  6732 [ 15->(-22.750   6.750  16.250)]
  6  5391 [ 16->(-23.250   7.750  16.000)]
  9  2094 [ 20->(-24.250   3.750  15.250)]
 10   377 [ 22->(-25.500  14.000  19.500)]
Chromosome values
Integers:
  -1   -1   -1   -1   -1   -1    2 4032 3273 1017 3129 6731 
5390   -1   -1 2093  376 
--------------------------------------------------------------------------------

Current Ranking  1  2

--------------------------------------------------------------------------------

* GA execution time :                                                           
  total  5.9999 user  5.9999 sys  0.0000

--------------------------------------------------------------------------------
Fitness function evaluations: 180973

--------------------------------------------------------------------------------
** Docking run number  3 **
--------------------------------------------------------------------------------
  Rank fitness base is 5000.00 ; increment is 11.2233

* Initialising population(s) ...                                                
Number of constraints mappings 0
Number of constraints 0
  Population no.                           :      1
  Population size                          :    100
  Number of duplicates                     :      0
  Number of niche violations               :      0
  Number of errors                         :    313

Number of constraints mappings 0
Number of constraints 0
  Population no.                           :      2
  Population size                          :    100
  Number of duplicates                     :      0
  Number of niche violations               :      0
  Number of errors                         :    280

Number of constraints mappings 0
Number of constraints 0
  Population no.                           :      3
  Population size                          :    100
  Number of duplicates                     :      0
  Number of niche violations               :      0
  Number of errors                         :    255

Number of constraints mappings 0
Number of constraints 0
  Population no.                           :      4
  Population size                          :    100
  Number of duplicates                     :      0
  Number of niche violations               :      0
  Number of errors                         :    262

Number of constraints mappings 0
Number of constraints 0
  Population no.                           :      5
  Population size                          :    100
  Number of duplicates                     :      0
  Number of niche violations               :      0
  Number of errors                         :    288


Doing GA, no. of population(s) 5 size 100 selection pressure 1.100000

 Operation      Score     S(PLP)   S(hbond)     S(cho)   S(metal)  DE(clash)   DE(tors)     intcor
         0      23.72     -26.31       1.00       0.00       0.00       0.18       2.85       0.28
      1878      24.28     -29.87       0.00       0.00       0.00       0.18       2.85       0.28
      1917      27.60     -30.13       0.00       0.00       0.00       0.00       1.40       0.28
      2257      32.27     -34.79       0.00       0.00       0.00       0.00       1.40       0.28
      2622      34.26     -36.78       0.00       0.00       0.00       0.00       1.40       0.28
      3032      41.31     -43.62       0.00       0.00       0.00       0.00       1.30       0.28
      4643      41.52     -43.54       0.00       0.00       0.00       0.00       1.15       0.28
      5429      43.15     -45.17       0.00       0.00       0.00       0.00       1.15       0.28
      7188      43.48     -45.54       0.00       0.00       0.00       0.00       1.17       0.28
     11600      44.31     -47.84       0.15       0.00       0.00       1.87       1.19       0.28
     11787      45.15     -51.52       0.00       0.00       0.00       0.18       3.23       0.28
     13643      46.18     -48.51       0.32       0.00       0.00       0.00       1.79       0.28
     15622      46.66     -48.66       0.00       0.00       0.00       0.00       1.14       0.28
     15782      50.53     -52.52       0.00       0.00       0.00       0.00       1.14       0.28
     17891      52.25     -54.76       0.16       0.00       0.00       0.00       1.64       0.28
     19537      52.98     -54.72       0.00       0.00       0.00       0.00       1.01       0.28
     19707      53.57     -55.31       0.00       0.00       0.00       0.00       1.01       0.28
     21112      53.57     -55.31       0.00       0.00       0.00       0.00       1.01       0.28
     24372      53.75     -55.45       0.00       0.00       0.00       0.00       0.99       0.28
     24532      54.01     -55.70       0.00       0.00       0.00       0.00       0.99       0.28
     25596      54.16     -56.92       0.04       0.00       0.00       0.00       1.59       0.28
     26166      54.50     -56.68       0.00       0.00       0.00       0.00       1.23       0.28
     26261      54.70     -57.11       0.00       0.00       0.00       0.00       1.34       0.28
     32574      54.82     -57.32       0.00       0.00       0.00       0.00       1.35       0.20
     33379      55.18     -57.81       0.00       0.00       0.00       0.00       1.42       0.20
     34308      56.29     -56.38       1.00       0.00       0.00       0.00       1.64       0.20
     34323      56.92     -57.08       0.98       0.00       0.00       0.00       1.64       0.20
     49044      57.19     -56.66       0.68       0.00       0.00       0.00       0.84       0.15
     60159      57.80     -56.98       0.78       0.00       0.00       0.00       0.84       0.15
     60358      58.13     -56.22       1.00       0.00       0.00       0.00       0.62       0.15
     61678      58.49     -56.65       0.98       0.00       0.00       0.00       0.62       0.15
     62238      58.90     -57.29       0.98       0.00       0.00       0.00       0.73       0.15
     77272      58.98     -57.29       1.00       0.00       0.00       0.00       0.73       0.15
     80095      58.98     -57.29       1.00       0.00       0.00       0.00       0.73       0.15
     85063      59.02     -57.34       1.00       0.00       0.00       0.00       0.73       0.15
     95810      59.03     -57.34       1.00       0.00       0.00       0.00       0.73       0.15
    100559      59.13     -57.44       1.00       0.00       0.00       0.00       0.73       0.15
    102570      59.51     -57.91       1.00       0.00       0.00       0.00       0.78       0.15
    104350      59.61     -58.02       1.00       0.00       0.00       0.00       0.78       0.15
    106159      59.98     -58.61       0.94       0.00       0.00       0.00       0.80       0.15
    109028      60.27     -58.74       1.00       0.00       0.00       0.00       0.81       0.15
    111079      60.32     -58.78       1.00       0.00       0.00       0.00       0.80       0.15
    111854      60.62     -59.13       1.00       0.00       0.00       0.00       0.83       0.15
    111868      60.79     -59.26       1.00       0.00       0.00       0.00       0.81       0.15
    113453      60.79     -59.27       1.00       0.00       0.00       0.00       0.81       0.15
    116775      60.92     -59.31       1.00       0.00       0.00       0.00       0.77       0.15
--------------------------------------------------------------------------------
Best docking solution after GA:
    117250      60.92     -59.31       1.00       0.00       0.00       0.00       0.77       0.15

#ops:     117250 #mutates:  55578 #cross:    55757 #migrate:   5915 
#dups:     29847 #niche:    36887 #errors:     874 
--------------------------------------------------------------------------------

Doing AMOEBA simplex on best individual
Done simplexing #iterations 414, best score  61.70

Ligand is stored in gold_soln_5a8e_m1_3.mol2


--------------------------------------------------------------------------------
--- CHEMPLP breakdown of terms                                               ---
--------------------------------------------------------------------------------
CHEMPLP = - ( 1.0000*S(PLP) + -3.0000*S(hbond) + -6.0000*S(metal) + -3.0000*S(cho) )

Score = CHEMPLP - 1.0000*DE(clash) - 2.0000*DE(tors)

Internal energy term has been corrected with the best internal energy encountered.

--------------------------------------------------------------------------------


     Score     S(PLP)   S(hbond)     S(cho)   S(metal)  DE(clash)   DE(tors)     intcor
     61.70     -60.21       1.00       0.00       0.00       0.00       0.83       0.15

--------------------------------------------------------------------------------
--- PLP analysis of protein-ligand interactions                              ---
--------------------------------------------------------------------------------
hydrogen bonding        :      -2.23
metal                   :       0.00
buried (polar-nonpolar) :      -6.93
nonpolar                :     -51.79
repulsive               :       0.43
--------------------------------------------------------------------------------


--------------------------------------------------------------------------------
--- ChemScore analysis of protein-ligand interactions                        ---
--------------------------------------------------------------------------------

* Hydrogen bonds                                                                
Ligand donor    6 hydrogen   26 Protein acceptor 2066 bond energy  1.00 wt 1.00


* CH..O interactions                                                            
  CH group selection                       : activated ring CH (adjacent to hetatom)

--------------------------------------------------------------------------------


--------------------------------------------------------------------------------
--- Intra-ligand clashes                                                     ---
--------------------------------------------------------------------------------

Ligand
--------------------------------------------------------------------------------


--------------------------------------------------------------------------------
--- Chromosome decoded                                                       ---
--------------------------------------------------------------------------------
Ligand Torsions
[   8   21    1    2]  -39.72
[   9    3   14   15] -170.66
[  10    9    3   14]  -19.20    matched torsion: ortho-substituoed aromatic-aliphatic ether
[  18   17    5   16]   44.27
[  17    5   16   15]  125.23
[  26    6   15   14]   13.87
[   6   15   14    3]   54.15
[   5   16   15    6]  -62.86
Mapping
Ligand acceptors to protein hydrogens (mapping then atom ids)
Ligand hydrogens to protein acceptors (mapping then atom ids)
  3   3 [ 26->2066]
Ligand shape atoms to protein points (mapping then atom ids & coords)
  1  5460 [  4->(-23.250   9.250  22.750)]
  2  5506 [ 10->(-23.250  10.000  18.250)]
  3   354 [ 11->(-25.500  13.750  17.750)]
  4  5439 [ 14->(-23.250   9.000  17.000)]
  5  3850 [ 15->(-23.750   7.000  16.000)]
  6  5401 [ 16->(-23.250   8.000  16.750)]
  7  2829 [ 18->(-24.000   4.500  14.500)]
  8  5143 [ 19->(-23.250   4.000  14.500)]
  9  3534 [ 20->(-23.750   3.750  14.000)]
 10  1959 [ 22->(-24.500  13.250  19.500)]
Chromosome values
Integers:
  -1   -1   -1   -1   -1   -1    2 5459 5505  353 5438 3849 
5400 2828 5142 3533 1958 
--------------------------------------------------------------------------------

Current Ranking  3  1  2

Top  3 (of  3) solutions are within 1.000 RMSD, finishing docking C:/Users/student/Desktop/project/beta1/ligandy/5a8e.mol2.


--------------------------------------------------------------------------------

* GA execution time :                                                           
  total  5.9999 user  5.9999 sys  0.0000

--------------------------------------------------------------------------------
Fitness function evaluations: 181807

--------------------------------------------------------------------------------
--- Ranking analysis                                                         ---
--------------------------------------------------------------------------------


* Final ranked order of GA solutions:                                           
   3  1  2 

  _______________________________
  RMSD Matrix of RANKED solutions

        2    3  

   1 :  0.2  0.5
   2 :       0.4

  Clustering method                        : complete linkage
  Structure ids in cluster table           : rank nos.
  Ordering of clusters and their members   : by rank (order if from rms_analysis)

  Distance | Clusters
   0.20    |  1  2 |  3 |
   0.55    |  1  2  3 |
  Finished Docking Ligand                  : C:/Users/student/Desktop/project/beta1/ligandy/5a8e.mol2
--------------------------------------------------------------------------------

  Relative_Ligand_Energy (best encountered) :   0.153
  Relative_Ligand_Energy: fitness values have been corrected using this amount
