# WARNING: atom    7 in C:/Users/student/Desktop/project/beta1/ligandy/3zpq.mol2 is type  N.ar resetting to type N.pl3 (set_atom_type)

--------------------------------------------------------------------------------
--- Ligand                                                                   ---
--------------------------------------------------------------------------------
  Ligand loaded from file                  : C:/Users/student/Desktop/project/beta1/ligandy/3zpq.mol2
  Ligand name                              :  
  "C:\Users\porto\OneDrive\projekt\beta1\ligandy\L_3zpq.pdb L_3zpq.pdb 1    "

--------------------------------------------------------------------------------
  N.plc donors                             : 
  pro:    7 
  

  Acidic nitrogen acceptors                : 
  none found
  Sulfur acceptors                         :
  none found


  Donor atoms                              :      2
  7   13  
  Acceptor atoms                           :      1
  13  

  Hydrogens                                :  (n = 2)
  20   26   

  Lone pairs added to molecule             :      1
  Numbering                                : from 31 to 31

--------------------------------------------------------------------------------
--- Postprocessing of typing                                                 ---
--------------------------------------------------------------------------------
  Fragment file                            : C:\Program Files (x86)\CCDC/GoldSuite_2017\GOLD\gold\rotatable_bond_override.mol2
  acylurea fragment                        : no matches
  thioacylthiourea fragment                : no matches
  acylthiourea fragment                    : no matches
  thioacylurea fragment                    : no matches
  diarylamine fragment >C.ar-NH-C.ar<      : no matches
  sec-amine (1) fragment                   : no matches
  sec-amine (2) fragment                   : 1 matches
  Ligand bond 10-3  set to 1
  Ligand bond 10-11  set to 1
  Ligand bond 10-15  set to 1
  sec-amine (3) fragment                   : no matches
  carboxylic ester                         : no matches

* Rotatable bonds in C:/Users/student/Des  :
  [   3   10] 
  No. of rotatable bonds                   :      1


* Fragments found in C:/Users/student/Des  :
  atom   1: benzene
  atom   2: benzene
  atom   3: benzene
  atom   4: benzene
  atom   8: benzene
  atom   9: benzene


* Checking torsion distributions:                                               
  No. of matched torsions                  :      0

--------------------------------------------------------------------------------
--- Shape fitting atoms selection (hydrophobic atoms)                        ---
--------------------------------------------------------------------------------
  Molecule                                 : C:/Users/student/Desktop/project/beta1/ligandy/3zpq.mol2
  Selection                                : carbons only
  Atom numbers                             :  (n = 9)
  1    2    5    6    9    11   12   14   15   


--------------------------------------------------------------------------------
--- ChemScore ligand setup summary                                           ---
--------------------------------------------------------------------------------
  ChemScore ligand acceptors               :      1
  13 
  ChemScore ligand donors                  :      2
  7 ( 20 [+]  ) 13 ( 26  ) 
  ChemScore ligand CH donors               :      0
  

  ChemScore ligand lipophilic atoms        :  (n = 12)
  1    2    3    4    5    6    8    9    11   12   
  14   15   

  ChemScore ligand rotatable bonds         :      1
  3   (C3 ) - 10  (N10): SP2_SP2_BOND

--------------------------------------------------------------------------------
--- PLP ligand setup summary                                                 ---
--------------------------------------------------------------------------------
    1    C1  C.ar NONPOLAR
    2    C2  C.ar NONPOLAR
    3    C3  C.ar NONPOLAR
    4    C4  C.ar NONPOLAR
    5    C5  C.ar NONPOLAR
    6    C6  C.ar NONPOLAR
    7    N7 N.pl3 DONOR
    8    C8  C.ar NONPOLAR
    9    C9  C.ar NONPOLAR
   10   N10 N.pl3 NONPOLAR
   11   C11   C.3 NONPOLAR
   12   C12   C.3 NONPOLAR
   13   N13   N.3 DONACC
   14   C14   C.3 NONPOLAR
   15   C15   C.3 NONPOLAR

--------------------------------------------------------------------------------
--- Automatic parameter setting                                              ---
--------------------------------------------------------------------------------
  Contribution base                        :   2500
  Contribution per rotatable bond          :   6000
  Contribution per df                      :   4000
  Contribution per water                   :  10000
  Ligand rotatable bonds                   :      1
  Protein flexible side chain bonds        :      0
  Total rotatable bonds                    :      1
  Hydrophobic vol ratio (P/L)              :   1.970
  Base multiplier (polar)                  :   0.600
  Base multiplier (apolar)                 :   3.546
  Base contribution                        : 10000.000
  Fitting points                           :      3
  Estimated maxops needed (optimal)        :  16500
  Autoscale factor (in percent)            :     10
  Scaled maxops                            :   1750

--------------------------------------------------------------------------------

* Population settings                                                           
  maxops                                   :   1750
  popsiz                                   :    100
  select_pressure                          :   1.100
  n_islands                                :      1
  niche_siz                                :      2

* GA settings                                                                   
  pt_crosswt                               :    100
  allele_mutatewt                          :    100
  migratewt                                :      0

* Search settings                                                               
  start_vdw_linear_cutoff                  :   4.000
  initial_virtual_pt_match_max             :   3.000

--------------------------------------------------------------------------------

* Ligand initialisation time :                                                  
  total  0.0000 user  0.0000 sys  0.0000

--------------------------------------------------------------------------------

--------------------------------------------------------------------------------
** Docking run number  1 **
--------------------------------------------------------------------------------
  Rank fitness base is 5000.00 ; increment is 11.2233

* Initialising population(s) ...                                                
Number of constraints mappings 0
Number of constraints 0
  Population no.                           :      1
  Population size                          :    100
  Number of duplicates                     :      0
  Number of niche violations               :      0
  Number of errors                         :    392


Doing GA, no. of population(s) 1 size 100 selection pressure 1.100000

 Operation      Score     S(PLP)   S(hbond)     S(cho)   S(metal)  DE(clash)   DE(tors)     intcor
         0      40.27     -41.40       0.00       0.00       0.00       0.00       1.13       1.13
        54      44.18     -47.44       0.00       0.00       0.00       3.17       0.61       1.13
       346      48.34     -48.86       0.00       0.00       0.00       0.00       0.83       1.13
       521      51.13     -51.66       0.00       0.00       0.00       0.00       0.83       1.13
       593      53.42     -53.94       0.00       0.00       0.00       0.00       0.83       1.13
--------------------------------------------------------------------------------
Best docking solution after GA:
      1750      53.42     -53.94       0.00       0.00       0.00       0.00       0.83       1.13

#ops:       1750 #mutates:    898 #cross:      852 #dups:       422 
#niche:      463 #errors:      48 
--------------------------------------------------------------------------------

Doing AMOEBA simplex on best individual
Done simplexing #iterations 232, best score  54.60

Ligand is stored in gold_soln_3zpq_m1_1.mol2


--------------------------------------------------------------------------------
--- CHEMPLP breakdown of terms                                               ---
--------------------------------------------------------------------------------
CHEMPLP = - ( 1.0000*S(PLP) + -3.0000*S(hbond) + -6.0000*S(metal) + -3.0000*S(cho) )

Score = CHEMPLP - 1.0000*DE(clash) - 2.0000*DE(tors)

Internal energy term has been corrected with the best internal energy encountered.

--------------------------------------------------------------------------------


     Score     S(PLP)   S(hbond)     S(cho)   S(metal)  DE(clash)   DE(tors)     intcor
     54.60     -53.30       0.62       0.00       0.00       0.00       0.84       1.13

--------------------------------------------------------------------------------
--- PLP analysis of protein-ligand interactions                              ---
--------------------------------------------------------------------------------
hydrogen bonding        :      -1.67
metal                   :       0.00
buried (polar-nonpolar) :      -2.49
nonpolar                :     -49.91
repulsive               :       0.00
--------------------------------------------------------------------------------


--------------------------------------------------------------------------------
--- ChemScore analysis of protein-ligand interactions                        ---
--------------------------------------------------------------------------------

* Hydrogen bonds                                                                
Ligand donor   13 hydrogen   26 Protein acceptor 2066 bond energy  1.00 wt 0.62


* CH..O interactions                                                            
  CH group selection                       : activated ring CH (adjacent to hetatom)

--------------------------------------------------------------------------------


--------------------------------------------------------------------------------
--- Intra-ligand clashes                                                     ---
--------------------------------------------------------------------------------

Ligand
--------------------------------------------------------------------------------


--------------------------------------------------------------------------------
--- Chromosome decoded                                                       ---
--------------------------------------------------------------------------------
Ligand Torsions
[   2    3   10   11]  126.05
Mapping
Ligand acceptors to protein hydrogens (mapping then atom ids)
Ligand hydrogens to protein acceptors (mapping then atom ids)
Ligand shape atoms to protein points (mapping then atom ids & coords)
  1  5018 [  1->(-23.250   2.000  11.750)]
  2  6537 [  2->(-22.750   3.000  13.500)]
  4  5345 [  6->(-23.250   6.750  10.750)]
  5  4435 [  9->(-23.500   4.500  12.000)]
  6  7691 [ 11->(-22.000   6.500  15.750)]
  7  2919 [ 12->(-24.000   5.250  15.750)]
Chromosome values
Integers:
  -1   -1   -1 5017 6536   -1 5344 4434 7690 2918   -1   -1 
--------------------------------------------------------------------------------

Current Ranking  1

--------------------------------------------------------------------------------

* GA execution time :                                                           
  total  0.0001 user  0.0001 sys  0.0000

--------------------------------------------------------------------------------
Fitness function evaluations: 5929

--------------------------------------------------------------------------------
** Docking run number  2 **
--------------------------------------------------------------------------------
  Rank fitness base is 5000.00 ; increment is 11.2233

* Initialising population(s) ...                                                
Number of constraints mappings 0
Number of constraints 0
  Population no.                           :      1
  Population size                          :    100
  Number of duplicates                     :      0
  Number of niche violations               :      0
  Number of errors                         :    352


Doing GA, no. of population(s) 1 size 100 selection pressure 1.100000

 Operation      Score     S(PLP)   S(hbond)     S(cho)   S(metal)  DE(clash)   DE(tors)     intcor
         0      39.84     -40.97       0.00       0.00       0.00       0.00       1.13       1.13
       155      43.23     -44.89       0.36       0.00       0.00       2.57       0.64       1.13
       925      45.08     -44.69       0.28       0.00       0.00       0.00       0.79       1.13
       945      45.38     -47.44       0.04       0.00       0.00       1.95       0.68       1.13
      1112      47.66     -48.32       0.00       0.00       0.00       0.00       0.90       1.13
      1350      49.12     -48.11       0.61       0.00       0.00       0.00       0.97       1.13
--------------------------------------------------------------------------------
Best docking solution after GA:
      1750      49.12     -48.11       0.61       0.00       0.00       0.00       0.97       1.13

#ops:       1750 #mutates:    869 #cross:      881 #dups:       423 
#niche:      421 #errors:      34 
--------------------------------------------------------------------------------

Doing AMOEBA simplex on best individual
Done simplexing #iterations 344, best score  54.66

Ligand is stored in gold_soln_3zpq_m1_2.mol2


--------------------------------------------------------------------------------
--- CHEMPLP breakdown of terms                                               ---
--------------------------------------------------------------------------------
CHEMPLP = - ( 1.0000*S(PLP) + -3.0000*S(hbond) + -6.0000*S(metal) + -3.0000*S(cho) )

Score = CHEMPLP - 1.0000*DE(clash) - 2.0000*DE(tors)

Internal energy term has been corrected with the best internal energy encountered.

--------------------------------------------------------------------------------


     Score     S(PLP)   S(hbond)     S(cho)   S(metal)  DE(clash)   DE(tors)     intcor
     54.66     -53.42       0.57       0.00       0.00       0.00       0.80       1.13

--------------------------------------------------------------------------------
--- PLP analysis of protein-ligand interactions                              ---
--------------------------------------------------------------------------------
hydrogen bonding        :      -1.79
metal                   :       0.00
buried (polar-nonpolar) :      -2.64
nonpolar                :     -50.19
repulsive               :       0.00
--------------------------------------------------------------------------------


--------------------------------------------------------------------------------
--- ChemScore analysis of protein-ligand interactions                        ---
--------------------------------------------------------------------------------

* Hydrogen bonds                                                                
Ligand donor   13 hydrogen   26 Protein acceptor 2066 bond energy  1.00 wt 0.57


* CH..O interactions                                                            
  CH group selection                       : activated ring CH (adjacent to hetatom)

--------------------------------------------------------------------------------


--------------------------------------------------------------------------------
--- Intra-ligand clashes                                                     ---
--------------------------------------------------------------------------------

Ligand
--------------------------------------------------------------------------------


--------------------------------------------------------------------------------
--- Chromosome decoded                                                       ---
--------------------------------------------------------------------------------
Ligand Torsions
[   2    3   10   11]  127.70
Mapping
Ligand acceptors to protein hydrogens (mapping then atom ids)
Ligand hydrogens to protein acceptors (mapping then atom ids)
Ligand shape atoms to protein points (mapping then atom ids & coords)
  1  5074 [  1->(-23.250   3.250  13.250)]
  4  1637 [  6->(-24.500   5.250  11.250)]
  6  5329 [ 11->(-23.250   6.250  16.000)]
  7  3727 [ 12->(-23.750   5.500  16.250)]
  9  2941 [ 15->(-24.000   5.500  15.250)]
Chromosome values
Integers:
  -1   -1   -1 5073   -1   -1 1636   -1 5328 3726   -1 2940 
--------------------------------------------------------------------------------

Current Ranking  2  1

--------------------------------------------------------------------------------

* GA execution time :                                                           
  total  0.0001 user  0.0001 sys  0.0000

--------------------------------------------------------------------------------
Fitness function evaluations: 6093

--------------------------------------------------------------------------------
** Docking run number  3 **
--------------------------------------------------------------------------------
  Rank fitness base is 5000.00 ; increment is 11.2233

* Initialising population(s) ...                                                
Number of constraints mappings 0
Number of constraints 0
  Population no.                           :      1
  Population size                          :    100
  Number of duplicates                     :      0
  Number of niche violations               :      0
  Number of errors                         :    409


Doing GA, no. of population(s) 1 size 100 selection pressure 1.100000

 Operation      Score     S(PLP)   S(hbond)     S(cho)   S(metal)  DE(clash)   DE(tors)     intcor
         0      37.45     -42.35       0.00       0.00       0.00       5.29       0.37       1.13
       159      43.01     -43.87       0.00       0.00       0.00       0.00       1.00       1.13
       941      43.28     -44.59       0.00       0.00       0.00       0.00       1.22       1.13
      1279      43.72     -49.17       0.00       0.00       0.00       5.96       0.31       1.13
      1351      45.96     -46.90       0.00       0.00       0.00       0.00       1.04       1.13
      1718      46.09     -46.90       0.00       0.00       0.00       0.00       0.97       1.13
      1735      47.42     -48.22       0.00       0.00       0.00       0.00       0.97       1.13
--------------------------------------------------------------------------------
Best docking solution after GA:
      1750      47.42     -48.22       0.00       0.00       0.00       0.00       0.97       1.13

#ops:       1750 #mutates:    889 #cross:      861 #dups:       425 
#niche:      429 #errors:      28 
--------------------------------------------------------------------------------

Doing AMOEBA simplex on best individual
Done simplexing #iterations 200, best score  49.83

Ligand is stored in gold_soln_3zpq_m1_3.mol2


--------------------------------------------------------------------------------
--- CHEMPLP breakdown of terms                                               ---
--------------------------------------------------------------------------------
CHEMPLP = - ( 1.0000*S(PLP) + -3.0000*S(hbond) + -6.0000*S(metal) + -3.0000*S(cho) )

Score = CHEMPLP - 1.0000*DE(clash) - 2.0000*DE(tors)

Internal energy term has been corrected with the best internal energy encountered.

--------------------------------------------------------------------------------


     Score     S(PLP)   S(hbond)     S(cho)   S(metal)  DE(clash)   DE(tors)     intcor
     49.83     -49.03       0.42       0.00       0.00       0.04       0.78       1.13

--------------------------------------------------------------------------------
--- PLP analysis of protein-ligand interactions                              ---
--------------------------------------------------------------------------------
hydrogen bonding        :      -2.00
metal                   :       0.00
buried (polar-nonpolar) :      -3.96
nonpolar                :     -43.84
repulsive               :       0.00
--------------------------------------------------------------------------------


--------------------------------------------------------------------------------
--- ChemScore analysis of protein-ligand interactions                        ---
--------------------------------------------------------------------------------

* Hydrogen bonds                                                                
Ligand donor    7 hydrogen   20 Protein acceptor 2066 bond energy  1.00 wt 0.42


* CH..O interactions                                                            
  CH group selection                       : activated ring CH (adjacent to hetatom)

--------------------------------------------------------------------------------


--------------------------------------------------------------------------------
--- Intra-ligand clashes                                                     ---
--------------------------------------------------------------------------------

Ligand
 15 (C15  ) -   5 (C5   ):   0.04 (dist   3.00)
--------------------------------------------------------------------------------


--------------------------------------------------------------------------------
--- Chromosome decoded                                                       ---
--------------------------------------------------------------------------------
Ligand Torsions
[   2    3   10   11]  -51.37
Mapping
Ligand acceptors to protein hydrogens (mapping then atom ids)
Ligand hydrogens to protein acceptors (mapping then atom ids)
Ligand shape atoms to protein points (mapping then atom ids & coords)
  1  2129 [  1->(-24.250   4.250  15.500)]
  4  6105 [  6->(-23.000   7.250  16.500)]
  8  3051 [ 14->(-24.000   7.250  11.750)]
Chromosome values
Integers:
  -1   -1   -1 2128   -1   -1 6104   -1   -1   -1 3050   -1 
--------------------------------------------------------------------------------

Current Ranking  2  1  3

--------------------------------------------------------------------------------

* GA execution time :                                                           
  total  0.9991 user  0.0001 sys  0.9990

--------------------------------------------------------------------------------
Fitness function evaluations: 5881

--------------------------------------------------------------------------------
** Docking run number  4 **
--------------------------------------------------------------------------------
  Rank fitness base is 5000.00 ; increment is 11.2233

* Initialising population(s) ...                                                
Number of constraints mappings 0
Number of constraints 0
  Population no.                           :      1
  Population size                          :    100
  Number of duplicates                     :      0
  Number of niche violations               :      0
  Number of errors                         :    366


Doing GA, no. of population(s) 1 size 100 selection pressure 1.100000

 Operation      Score     S(PLP)   S(hbond)     S(cho)   S(metal)  DE(clash)   DE(tors)     intcor
         0      42.16     -44.22       0.00       0.00       0.00       1.90       0.64       1.13
       354      43.27     -49.40       0.00       0.00       0.00       6.45       0.40       1.13
       527      46.25     -49.50       0.00       0.00       0.00       3.17       0.61       1.13
       710      46.82     -48.99       0.00       0.00       0.00       1.95       0.68       1.13
       753      47.15     -48.77       0.00       0.00       0.00       1.31       0.72       1.13
       767      48.05     -50.23       0.00       0.00       0.00       1.95       0.68       1.13
      1024      48.47     -49.07       0.00       0.00       0.00       0.00       0.86       1.13
      1141      48.61     -50.58       0.07       0.00       0.00       1.95       0.68       1.13
      1182      49.23     -50.08       0.15       0.00       0.00       0.00       1.22       1.13
      1436      49.89     -50.69       0.00       0.00       0.00       0.00       0.97       1.13
      1515      50.80     -51.14       0.11       0.00       0.00       0.00       0.90       1.13
      1680      50.84     -51.08       0.10       0.00       0.00       0.00       0.83       1.13
--------------------------------------------------------------------------------
Best docking solution after GA:
      1750      50.84     -51.08       0.10       0.00       0.00       0.00       0.83       1.13

#ops:       1750 #mutates:    872 #cross:      878 #dups:       469 
#niche:      512 #errors:      40 
--------------------------------------------------------------------------------

Doing AMOEBA simplex on best individual
Done simplexing #iterations 220, best score  53.51

Ligand is stored in gold_soln_3zpq_m1_4.mol2


--------------------------------------------------------------------------------
--- CHEMPLP breakdown of terms                                               ---
--------------------------------------------------------------------------------
CHEMPLP = - ( 1.0000*S(PLP) + -3.0000*S(hbond) + -6.0000*S(metal) + -3.0000*S(cho) )

Score = CHEMPLP - 1.0000*DE(clash) - 2.0000*DE(tors)

Internal energy term has been corrected with the best internal energy encountered.

--------------------------------------------------------------------------------


     Score     S(PLP)   S(hbond)     S(cho)   S(metal)  DE(clash)   DE(tors)     intcor
     53.51     -54.09       0.00       0.00       0.00       0.00       0.86       1.13

--------------------------------------------------------------------------------
--- PLP analysis of protein-ligand interactions                              ---
--------------------------------------------------------------------------------
hydrogen bonding        :      -2.17
metal                   :       0.00
buried (polar-nonpolar) :      -2.62
nonpolar                :     -50.36
repulsive               :       0.00
--------------------------------------------------------------------------------


--------------------------------------------------------------------------------
--- ChemScore analysis of protein-ligand interactions                        ---
--------------------------------------------------------------------------------

* Hydrogen bonds                                                                


* CH..O interactions                                                            
  CH group selection                       : activated ring CH (adjacent to hetatom)

--------------------------------------------------------------------------------


--------------------------------------------------------------------------------
--- Intra-ligand clashes                                                     ---
--------------------------------------------------------------------------------

Ligand
--------------------------------------------------------------------------------


--------------------------------------------------------------------------------
--- Chromosome decoded                                                       ---
--------------------------------------------------------------------------------
Ligand Torsions
[   2    3   10   11]  125.35
Mapping
Ligand acceptors to protein hydrogens (mapping then atom ids)
Ligand hydrogens to protein acceptors (mapping then atom ids)
Ligand shape atoms to protein points (mapping then atom ids & coords)
  1  5043 [  1->(-23.250   2.750  12.250)]
  4  3020 [  6->(-24.000   6.500  11.500)]
  6  6067 [ 11->(-23.000   6.500  15.250)]
  7  3772 [ 12->(-23.750   6.000  16.000)]
  8  5315 [ 14->(-23.250   6.000  16.500)]
Chromosome values
Integers:
  -1   -1   -1 5042   -1   -1 3019   -1 6066 3771 5314   -1 
--------------------------------------------------------------------------------

Current Ranking  2  1  4  3

Top  3 (of  4) solutions are within 1.000 RMSD, finishing docking C:/Users/student/Desktop/project/beta1/ligandy/3zpq.mol2.


--------------------------------------------------------------------------------

* GA execution time :                                                           
  total  0.9992 user  0.9991 sys  0.0000

--------------------------------------------------------------------------------
Fitness function evaluations: 5892

--------------------------------------------------------------------------------
--- Ranking analysis                                                         ---
--------------------------------------------------------------------------------


* Final ranked order of GA solutions:                                           
   2  1  4  3 

  _______________________________
  RMSD Matrix of RANKED solutions

        2    3    4  

   1 :  0.1  0.3  4.8
   2 :       0.4  4.8
   3 :            4.8

  Clustering method                        : complete linkage
  Structure ids in cluster table           : rank nos.
  Ordering of clusters and their members   : by rank (order if from rms_analysis)

  Distance | Clusters
   0.12    |  1  2 |  3 |  4 |
   0.42    |  1  2  3 |  4 |
   4.78    |  1  2  3  4 |
  Finished Docking Ligand                  : C:/Users/student/Desktop/project/beta1/ligandy/3zpq.mol2
--------------------------------------------------------------------------------

  Relative_Ligand_Energy (best encountered) :   1.132
  Relative_Ligand_Energy: fitness values have been corrected using this amount
