# WARNING: atom   14 in E:/CHEMBL3765844.mol2 is type  N.ar resetting to type  N.am (set_atom_type)

--------------------------------------------------------------------------------
--- Ligand                                                                   ---
--------------------------------------------------------------------------------
  Ligand loaded from file                  : E:/CHEMBL3765844.mol2
  Ligand name                              :  
  "*****                                                                    "

--------------------------------------------------------------------------------
  N.plc donors                             : 
  none found

  Acidic nitrogen acceptors                : 
  none found
  Sulfur acceptors                         :
  none found


  Donor atoms                              :      0
  
  Acceptor atoms                           :      2
  7   13  

  Hydrogens                                :  (n = 0)
    none found


  Lone pairs added to molecule             :      3
  Numbering                                : from 58 to 60

--------------------------------------------------------------------------------
--- Postprocessing of typing                                                 ---
--------------------------------------------------------------------------------
  Fragment file                            : C:\Program Files (x86)\CCDC/GoldSuite_2017\GOLD\gold\rotatable_bond_override.mol2
  acylurea fragment                        : no matches
  thioacylthiourea fragment                : no matches
  acylthiourea fragment                    : no matches
  thioacylurea fragment                    : no matches
  diarylamine fragment >C.ar-NH-C.ar<      : no matches
  sec-amine (1) fragment                   : no matches
  sec-amine (2) fragment                   : no matches
  sec-amine (3) fragment                   : no matches
  carboxylic ester                         : no matches

* Rotatable bonds in E:/CHEMBL3765844.mol  :
  [   7    8] [   8    9] [   9   10] [  10   11] 
  [  11   12] [  12   14 (flip) ]     
  No. of rotatable bonds                   :      6


* Fragments found in E:/CHEMBL3765844.mol  :
  atom  15: benzene
  atom  16: benzene
  atom  17: benzene
  atom  18: benzene
  atom  19: benzene
  atom  20: benzene
  atom  21: benzene
  atom  22: benzene
  atom  23: benzene
  atom  24: benzene
  atom  25: benzene
  atom  26: benzene


* Checking torsion distributions:                                               
  Rotatable bond [ 8  9 10 11] matches torsion: alkyl  
   C.3 ( 2H ) | C.3 ( 2H ) | C.3 ( 2H ) | C.3 ( 2H ) 
  Rotatable bond [ 9 10 11 12] matches torsion: alkyl2   
   C | C.3 ( 2H ) | C.3 ( 2H ) | C 
  No. of matched torsions                  :      2

--------------------------------------------------------------------------------
--- Shape fitting atoms selection (hydrophobic atoms)                        ---
--------------------------------------------------------------------------------
  Molecule                                 : E:/CHEMBL3765844.mol2
  Selection                                : carbons only
  Atom numbers                             :  (n = 19)
  1    2    3    4    5    6    8    9    10   11   
  16   17   18   19   22   23   24   25   27   


--------------------------------------------------------------------------------
--- ChemScore ligand setup summary                                           ---
--------------------------------------------------------------------------------
  ChemScore ligand acceptors               :      2
  7 13 
  ChemScore ligand donors                  :      0
  
  ChemScore ligand CH donors               :      0
  

  ChemScore ligand lipophilic atoms        :  (n = 23)
  1    2    3    4    5    6    8    9    10   11   
  15   16   17   18   19   20   21   22   23   24   
  25   26   27   

  ChemScore ligand rotatable bonds         :      6
  7   (N  ) - 8   (C  ): SP3_SP3_BOND
  8   (C  ) - 9   (C  ): SP3_SP3_BOND
  9   (C  ) - 10  (C  ): SP3_SP3_BOND
  10  (C  ) - 11  (C  ): SP3_SP3_BOND
  11  (C  ) - 12  (C  ): SP3_SP2_BOND
  12  (C  ) - 14  (N  ): SP2_SP2_BOND

--------------------------------------------------------------------------------
--- PLP ligand setup summary                                                 ---
--------------------------------------------------------------------------------
    1     C   C.3 NONPOLAR
    2     C   C.3 NONPOLAR
    3     C   C.3 NONPOLAR
    4     C   C.3 NONPOLAR
    5     C   C.3 NONPOLAR
    6     C   C.3 NONPOLAR
    7     N   N.3 ACCEPTOR
    8     C   C.3 NONPOLAR
    9     C   C.3 NONPOLAR
   10     C   C.3 NONPOLAR
   11     C   C.3 NONPOLAR
   12     C   C.2 NONPOLAR
   13     O   O.2 ACCEPTOR
   14     N  N.am NONPOLAR
   15     C  C.ar NONPOLAR
   16     C  C.ar NONPOLAR
   17     C  C.ar NONPOLAR
   18     C  C.ar NONPOLAR
   19     C  C.ar NONPOLAR
   20     C  C.ar NONPOLAR
   21     C  C.ar NONPOLAR
   22     C  C.ar NONPOLAR
   23     C  C.ar NONPOLAR
   24     C  C.ar NONPOLAR
   25     C  C.ar NONPOLAR
   26     C  C.ar NONPOLAR
   27     C   C.3 NONPOLAR

--------------------------------------------------------------------------------
--- Automatic parameter setting                                              ---
--------------------------------------------------------------------------------
  Contribution base                        :   2500
  Contribution per rotatable bond          :   6000
  Contribution per df                      :   4000
  Contribution per water                   :  10000
  Ligand rotatable bonds                   :      6
  Protein flexible side chain bonds        :      0
  Total rotatable bonds                    :      6
  Hydrophobic vol ratio (P/L)              :   1.017
  Base multiplier (polar)                  :   0.400
  Base multiplier (apolar)                 :   3.866
  Base contribution                        : 10000.000
  Fitting points                           :      2
  Estimated maxops needed (optimal)        :  46500
  Autoscale factor (in percent)            :    200
  Scaled maxops                            :  93250

--------------------------------------------------------------------------------

* Population settings                                                           
  maxops                                   :  93250
  popsiz                                   :    100
  select_pressure                          :   1.100
  n_islands                                :      5
  niche_siz                                :      2

* GA settings                                                                   
  pt_crosswt                               :     95
  allele_mutatewt                          :     95
  migratewt                                :     10

* Search settings                                                               
  start_vdw_linear_cutoff                  :   4.000
  initial_virtual_pt_match_max             :   3.000

--------------------------------------------------------------------------------

* Ligand initialisation time :                                                  
  total  0.0001 user  0.0001 sys  0.0000

--------------------------------------------------------------------------------

--------------------------------------------------------------------------------
** Docking run number  1 **
--------------------------------------------------------------------------------
  Rank fitness base is 5000.00 ; increment is 11.2233

* Initialising population(s) ...                                                
Number of constraints mappings 0
Number of constraints 0
  Population no.                           :      1
  Population size                          :    100
  Number of duplicates                     :      0
  Number of niche violations               :      0
  Number of errors                         :    309

Number of constraints mappings 0
Number of constraints 0
  Population no.                           :      2
  Population size                          :    100
  Number of duplicates                     :      0
  Number of niche violations               :      0
  Number of errors                         :    300

Number of constraints mappings 0
Number of constraints 0
  Population no.                           :      3
  Population size                          :    100
  Number of duplicates                     :      0
  Number of niche violations               :      0
  Number of errors                         :    288

Number of constraints mappings 0
Number of constraints 0
  Population no.                           :      4
  Population size                          :    100
  Number of duplicates                     :      0
  Number of niche violations               :      0
  Number of errors                         :    318

Number of constraints mappings 0
Number of constraints 0
  Population no.                           :      5
  Population size                          :    100
  Number of duplicates                     :      0
  Number of niche violations               :      0
  Number of errors                         :    313


Doing GA, no. of population(s) 5 size 100 selection pressure 1.100000

 Operation      Score     S(PLP)   S(hbond)     S(cho)   S(metal)  DE(clash)   DE(tors)     intcor
         0      34.70     -35.89       0.00       0.00       0.00       0.00       0.94       0.70
      1030      42.30     -44.40       0.00       0.00       0.00       0.00       1.40       0.70
      1395      47.02     -48.54       0.00       0.00       0.00       0.00       1.11       0.70
      2182      49.18     -55.42       0.00       0.00       0.00       3.70       1.62       0.70
      2245      49.30     -54.36       0.00       0.00       0.00       3.76       1.00       0.70
      2345      52.85     -54.78       0.00       0.00       0.00       0.00       1.32       0.70
      4227      53.74     -60.00       0.00       0.00       0.00       3.70       1.62       0.68
      5303      54.57     -56.88       0.00       0.00       0.00       0.43       1.28       0.68
      6030      55.55     -60.17       0.00       0.00       0.00       3.76       0.77       0.68
      7677      56.08     -62.33       0.00       0.00       0.00       3.70       1.62       0.68
      7872      57.26     -63.52       0.00       0.00       0.00       3.70       1.62       0.68
      8736      57.42     -59.65       0.00       0.00       0.00       0.43       1.24       0.68
      9305      57.59     -57.79       0.00       0.00       0.00       0.00       0.44       0.68
      9601      57.83     -60.05       0.00       0.00       0.00       0.43       1.24       0.68
      9921      60.87     -63.61       0.00       0.00       0.00       0.00       1.71       0.68
     10955      61.35     -67.83       0.00       0.00       0.00       3.70       1.73       0.68
     10980      62.31     -62.51       0.00       0.00       0.00       0.00       0.44       0.68
     11614      63.55     -66.11       0.00       0.00       0.00       0.70       1.27       0.68
     11939      64.77     -67.33       0.00       0.00       0.00       0.70       1.27       0.68
     14089      64.81     -68.09       0.00       0.00       0.00       1.27       1.35       0.68
     15359      65.54     -68.10       0.00       0.00       0.00       0.70       1.27       0.68
     16266      67.32     -67.44       0.00       0.00       0.00       0.00       0.40       0.68
     23535      67.75     -68.06       0.00       0.00       0.00       0.00       0.49       0.68
     27295      67.93     -68.28       0.00       0.00       0.00       0.00       0.50       0.66
     32371      67.93     -70.26       0.00       0.00       0.00       0.00       1.49       0.66
     33883      67.97     -68.37       0.00       0.00       0.00       0.00       0.52       0.66
     34047      68.34     -68.66       0.00       0.00       0.00       0.00       0.49       0.66
     34192      68.37     -68.90       0.00       0.00       0.00       0.00       0.59       0.66
     34846      68.49     -68.75       0.00       0.00       0.00       0.00       0.46       0.66
     35936      68.72     -68.99       0.00       0.00       0.00       0.00       0.46       0.66
     36631      68.84     -69.11       0.00       0.00       0.00       0.00       0.46       0.66
     37827      69.03     -69.41       0.00       0.00       0.00       0.00       0.52       0.66
     39916      70.64     -71.18       0.00       0.00       0.00       0.00       0.59       0.66
     45501      70.66     -71.20       0.00       0.00       0.00       0.00       0.59       0.65
     51041      70.95     -71.50       0.00       0.00       0.00       0.00       0.59       0.64
     58173      71.26     -71.86       0.00       0.00       0.00       0.00       0.60       0.61
     60934      71.35     -71.95       0.00       0.00       0.00       0.00       0.60       0.61
     70349      71.67     -72.22       0.00       0.00       0.00       0.00       0.58       0.61
     85092      71.71     -72.31       0.00       0.00       0.00       0.00       0.60       0.61
     86778      71.88     -72.48       0.00       0.00       0.00       0.00       0.61       0.61
     88500      71.89     -72.49       0.00       0.00       0.00       0.00       0.61       0.61
     88607      72.48     -73.10       0.00       0.00       0.00       0.00       0.61       0.61
     88752      72.50     -73.11       0.00       0.00       0.00       0.00       0.61       0.61
     92445      72.53     -73.08       0.00       0.00       0.00       0.00       0.58       0.61
     92475      72.58     -73.20       0.00       0.00       0.00       0.00       0.61       0.61
     92751      72.59     -73.20       0.00       0.00       0.00       0.00       0.61       0.61
     92836      72.65     -73.21       0.00       0.00       0.00       0.00       0.58       0.61
     92904      72.78     -73.33       0.00       0.00       0.00       0.00       0.58       0.61
     93206      73.19     -73.75       0.00       0.00       0.00       0.00       0.59       0.61
--------------------------------------------------------------------------------
Best docking solution after GA:
     93250      73.19     -73.75       0.00       0.00       0.00       0.00       0.59       0.61

#ops:      93250 #mutates:  44211 #cross:    44280 #migrate:   4759 
#dups:     17592 #niche:    37782 #errors:    1240 
--------------------------------------------------------------------------------

Doing AMOEBA simplex on best individual
Done simplexing #iterations 483, best score  74.29

Ligand is stored in gold_soln_CHEMBL3765844_m1_1.mol2


--------------------------------------------------------------------------------
--- CHEMPLP breakdown of terms                                               ---
--------------------------------------------------------------------------------
CHEMPLP = - ( 1.0000*S(PLP) + -3.0000*S(hbond) + -6.0000*S(metal) + -3.0000*S(cho) )

Score = CHEMPLP - 1.0000*DE(clash) - 2.0000*DE(tors)

Internal energy term has been corrected with the best internal energy encountered.

--------------------------------------------------------------------------------


     Score     S(PLP)   S(hbond)     S(cho)   S(metal)  DE(clash)   DE(tors)     intcor
     74.29     -74.91       0.00       0.00       0.00       0.00       0.62       0.61

--------------------------------------------------------------------------------
--- PLP analysis of protein-ligand interactions                              ---
--------------------------------------------------------------------------------
hydrogen bonding        :       0.00
metal                   :       0.00
buried (polar-nonpolar) :      -5.53
nonpolar                :     -71.05
repulsive               :       0.61
--------------------------------------------------------------------------------


--------------------------------------------------------------------------------
--- ChemScore analysis of protein-ligand interactions                        ---
--------------------------------------------------------------------------------

* Hydrogen bonds                                                                


* CH..O interactions                                                            
  CH group selection                       : activated ring CH (adjacent to hetatom)

--------------------------------------------------------------------------------


--------------------------------------------------------------------------------
--- Intra-ligand clashes                                                     ---
--------------------------------------------------------------------------------

Ligand
--------------------------------------------------------------------------------


--------------------------------------------------------------------------------
--- Chromosome decoded                                                       ---
--------------------------------------------------------------------------------
Ligand Torsions
[   6    7    8    9] -177.81
[   7    8    9   10] -178.40
[   8    9   10   11] -162.22    matched torsion: alkyl  
[   9   10   11   12]  163.11    matched torsion: alkyl2   
[  13   12   11   10]  -47.81
[  15   14   12   11]  152.07
Mapping
Ligand acceptors to protein hydrogens (mapping then atom ids)
Ligand shape atoms to protein points (mapping then atom ids & coords)
  1  2780 [  1->(-38.250  21.000   5.500)]
  2  5598 [  2->(-36.500  21.750   5.250)]
  3  6451 [  3->(-36.000  19.750   5.250)]
  4  5551 [  4->(-36.500  20.250   6.000)]
  5  8820 [  5->(-34.500  20.250   6.500)]
  6  8123 [  6->(-35.000  17.250   6.500)]
  7  8143 [  8->(-35.000  17.750   7.000)]
  8  7172 [  9->(-35.500  16.000   6.000)]
  9  4090 [ 10->(-37.250  14.750   6.000)]
 11  4047 [ 16->(-37.250   7.750   3.250)]
 12  3696 [ 17->(-37.500   8.750   3.500)]
 13  2543 [ 18->(-38.250   6.000   4.000)]
 14  2640 [ 19->(-38.250   8.000   3.250)]
 15  1440 [ 22->(-41.000   9.750   8.250)]
 17  1138 [ 24->(-41.750  12.500   9.250)]
 19  4696 [ 27->(-37.000  19.750   5.500)]
Chromosome values
Integers:
  -1   -1 2779 5597 6450 5550 8819 8122 8142 7171 4089   -1 
4046 3695 2542 2639 1439   -1 1137   -1 4695 
--------------------------------------------------------------------------------

Current Ranking  1

--------------------------------------------------------------------------------

* GA execution time :                                                           
  total  5.0001 user  5.0001 sys  0.0000

--------------------------------------------------------------------------------
Fitness function evaluations: 148683

--------------------------------------------------------------------------------
** Docking run number  2 **
--------------------------------------------------------------------------------
  Rank fitness base is 5000.00 ; increment is 11.2233

* Initialising population(s) ...                                                
Number of constraints mappings 0
Number of constraints 0
  Population no.                           :      1
  Population size                          :    100
  Number of duplicates                     :      0
  Number of niche violations               :      0
  Number of errors                         :    308

Number of constraints mappings 0
Number of constraints 0
  Population no.                           :      2
  Population size                          :    100
  Number of duplicates                     :      0
  Number of niche violations               :      0
  Number of errors                         :    302

Number of constraints mappings 0
Number of constraints 0
  Population no.                           :      3
  Population size                          :    100
  Number of duplicates                     :      0
  Number of niche violations               :      0
  Number of errors                         :    315

Number of constraints mappings 0
Number of constraints 0
  Population no.                           :      4
  Population size                          :    100
  Number of duplicates                     :      0
  Number of niche violations               :      0
  Number of errors                         :    292

Number of constraints mappings 0
Number of constraints 0
  Population no.                           :      5
  Population size                          :    100
  Number of duplicates                     :      0
  Number of niche violations               :      0
  Number of errors                         :    305


Doing GA, no. of population(s) 5 size 100 selection pressure 1.100000

 Operation      Score     S(PLP)   S(hbond)     S(cho)   S(metal)  DE(clash)   DE(tors)     intcor
         0      35.49     -36.69       0.00       0.00       0.00       0.00       0.91       0.61
       558      37.97     -42.74       0.00       0.00       0.00       3.76       0.81       0.61
       640      41.50     -42.50       0.00       0.00       0.00       0.00       0.80       0.61
      3144      43.21     -48.84       0.00       0.00       0.00       3.76       1.25       0.61
      3791      50.01     -55.83       0.00       0.00       0.00       4.78       0.82       0.61
      4756      55.18     -61.04       0.00       0.00       0.00       5.03       0.72       0.61
      8661      56.65     -62.52       0.00       0.00       0.00       5.03       0.72       0.61
     12586      59.00     -60.72       0.00       0.00       0.00       0.00       1.17       0.61
     13295      60.17     -61.89       0.00       0.00       0.00       0.00       1.17       0.61
     14236      60.87     -62.59       0.00       0.00       0.00       0.00       1.17       0.61
     14256      62.29     -64.01       0.00       0.00       0.00       0.00       1.16       0.61
     14671      62.44     -64.16       0.00       0.00       0.00       0.00       1.17       0.61
     16737      62.99     -64.65       0.00       0.00       0.00       0.00       1.14       0.61
     21632      64.15     -65.87       0.00       0.00       0.00       0.00       1.17       0.61
     22667      64.77     -65.53       0.00       0.00       0.00       0.00       0.68       0.61
     24183      64.80     -65.56       0.00       0.00       0.00       0.00       0.68       0.61
     24792      65.05     -65.81       0.00       0.00       0.00       0.00       0.68       0.61
     27362      66.02     -67.18       0.00       0.00       0.00       0.00       0.88       0.61
     28912      66.29     -67.44       0.00       0.00       0.00       0.00       0.88       0.61
     29267      67.01     -68.17       0.00       0.00       0.00       0.00       0.88       0.61
     30558      67.31     -68.84       0.00       0.00       0.00       0.00       1.07       0.61
     31468      67.90     -69.00       0.00       0.00       0.00       0.00       0.86       0.61
     33374      68.36     -69.46       0.00       0.00       0.00       0.00       0.86       0.61
     34838      68.38     -69.49       0.00       0.00       0.00       0.00       0.86       0.61
     36747      68.51     -69.61       0.00       0.00       0.00       0.00       0.86       0.61
     38682      68.62     -70.04       0.00       0.00       0.00       0.00       1.02       0.61
     40097      68.71     -69.82       0.00       0.00       0.00       0.00       0.86       0.61
     40757      69.09     -70.25       0.00       0.00       0.00       0.00       0.89       0.61
     42922      69.21     -70.37       0.00       0.00       0.00       0.00       0.89       0.61
     44922      69.23     -70.39       0.00       0.00       0.00       0.00       0.89       0.61
     47591      69.98     -71.18       0.00       0.00       0.00       0.00       0.91       0.61
     47826      70.02     -71.22       0.00       0.00       0.00       0.00       0.91       0.61
     48126      70.10     -71.35       0.00       0.00       0.00       0.00       0.93       0.61
     49310      70.28     -71.48       0.00       0.00       0.00       0.00       0.91       0.61
     50492      70.46     -71.31       0.00       0.00       0.00       0.00       0.73       0.61
     52487      70.54     -71.39       0.00       0.00       0.00       0.00       0.73       0.61
     52656      70.85     -71.68       0.00       0.00       0.00       0.00       0.72       0.61
     53227      71.61     -72.46       0.00       0.00       0.00       0.00       0.73       0.61
     61295      71.66     -72.48       0.00       0.00       0.00       0.00       0.72       0.61
     65462      72.57     -73.44       0.00       0.00       0.00       0.00       0.74       0.61
     69277      73.08     -73.94       0.00       0.00       0.00       0.00       0.74       0.61
     74828      73.12     -73.99       0.00       0.00       0.00       0.00       0.74       0.61
     75008      73.18     -74.04       0.00       0.00       0.00       0.00       0.74       0.61
     77807      73.57     -74.43       0.00       0.00       0.00       0.00       0.74       0.61
     79032      73.80     -74.69       0.00       0.00       0.00       0.00       0.75       0.61
     84878      73.99     -74.88       0.00       0.00       0.00       0.00       0.75       0.61
     85312      74.06     -75.04       0.00       0.00       0.00       0.00       0.80       0.61
     85818      74.12     -75.01       0.00       0.00       0.00       0.00       0.75       0.61
     87238      74.26     -75.22       0.00       0.00       0.00       0.00       0.79       0.61
     87461      74.38     -75.39       0.00       0.00       0.00       0.00       0.81       0.61
     87569      75.08     -76.46       0.00       0.00       0.00       0.00       1.00       0.61
     88918      75.14     -76.52       0.00       0.00       0.00       0.00       1.00       0.61
     89598      75.18     -76.47       0.00       0.00       0.00       0.00       0.95       0.61
     90578      75.20     -76.49       0.00       0.00       0.00       0.00       0.95       0.61
     91653      75.49     -76.73       0.00       0.00       0.00       0.00       0.93       0.61
--------------------------------------------------------------------------------
Best docking solution after GA:
     93250      75.49     -76.73       0.00       0.00       0.00       0.00       0.93       0.61

#ops:      93250 #mutates:  44560 #cross:    44075 #migrate:   4615 
#dups:     15061 #niche:    34219 #errors:    1589 
--------------------------------------------------------------------------------

Doing AMOEBA simplex on best individual
Done simplexing #iterations 233, best score  75.64

Ligand is stored in gold_soln_CHEMBL3765844_m1_2.mol2


--------------------------------------------------------------------------------
--- CHEMPLP breakdown of terms                                               ---
--------------------------------------------------------------------------------
CHEMPLP = - ( 1.0000*S(PLP) + -3.0000*S(hbond) + -6.0000*S(metal) + -3.0000*S(cho) )

Score = CHEMPLP - 1.0000*DE(clash) - 2.0000*DE(tors)

Internal energy term has been corrected with the best internal energy encountered.

--------------------------------------------------------------------------------


     Score     S(PLP)   S(hbond)     S(cho)   S(metal)  DE(clash)   DE(tors)     intcor
     75.64     -76.80       0.00       0.00       0.00       0.00       0.88       0.61

--------------------------------------------------------------------------------
--- PLP analysis of protein-ligand interactions                              ---
--------------------------------------------------------------------------------
hydrogen bonding        :       0.00
metal                   :       0.00
buried (polar-nonpolar) :      -6.04
nonpolar                :     -71.71
repulsive               :       0.35
--------------------------------------------------------------------------------


--------------------------------------------------------------------------------
--- ChemScore analysis of protein-ligand interactions                        ---
--------------------------------------------------------------------------------

* Hydrogen bonds                                                                


* CH..O interactions                                                            
  CH group selection                       : activated ring CH (adjacent to hetatom)

--------------------------------------------------------------------------------


--------------------------------------------------------------------------------
--- Intra-ligand clashes                                                     ---
--------------------------------------------------------------------------------

Ligand
--------------------------------------------------------------------------------


--------------------------------------------------------------------------------
--- Chromosome decoded                                                       ---
--------------------------------------------------------------------------------
Ligand Torsions
[   6    7    8    9] -170.32
[   7    8    9   10]  145.94
[   8    9   10   11] -167.69    matched torsion: alkyl  
[   9   10   11   12]  180.00    matched torsion: alkyl2   
[  13   12   11   10]  -42.87
[  15   14   12   11]  152.07
Mapping
Ligand acceptors to protein hydrogens (mapping then atom ids)
Ligand shape atoms to protein points (mapping then atom ids & coords)
  1  3473 [  1->(-37.750  20.250   5.500)]
  2  5994 [  2->(-36.250  20.500   5.750)]
  3  6475 [  3->(-36.000  20.500   5.750)]
  4  7336 [  4->(-35.500  19.750   5.500)]
  5  8588 [  5->(-34.750  21.000   7.250)]
  6  8550 [  6->(-34.750  18.250   7.250)]
  7  5475 [  8->(-36.500  17.750   5.750)]
  9  4923 [ 10->(-36.750  15.000   6.000)]
 10  4922 [ 11->(-36.750  15.000   5.750)]
 11  4048 [ 16->(-37.250   7.750   3.500)]
 12  2359 [ 17->(-38.500   7.750   1.750)]
 13  2554 [ 18->(-38.250   6.250   3.750)]
 14  1894 [ 19->(-39.000   7.000   4.750)]
 16   892 [ 23->(-42.000   9.500   8.750)]
 18  1563 [ 25->(-40.500  12.000   8.250)]
 19  6451 [ 27->(-36.000  19.750   5.250)]
Chromosome values
Integers:
  -1   -1 3472 5993 6474 7335 8587 8549 5474   -1 4922 4921 
4047 2358 2553 1893   -1  891   -1 1562 6450 
--------------------------------------------------------------------------------

Current Ranking  2  1

--------------------------------------------------------------------------------

* GA execution time :                                                           
  total  5.0000 user  5.0000 sys  0.0000

--------------------------------------------------------------------------------
Fitness function evaluations: 147669

--------------------------------------------------------------------------------
** Docking run number  3 **
--------------------------------------------------------------------------------
  Rank fitness base is 5000.00 ; increment is 11.2233

* Initialising population(s) ...                                                
Number of constraints mappings 0
Number of constraints 0
  Population no.                           :      1
  Population size                          :    100
  Number of duplicates                     :      0
  Number of niche violations               :      0
  Number of errors                         :    301

Number of constraints mappings 0
Number of constraints 0
  Population no.                           :      2
  Population size                          :    100
  Number of duplicates                     :      0
  Number of niche violations               :      0
  Number of errors                         :    297

Number of constraints mappings 0
Number of constraints 0
  Population no.                           :      3
  Population size                          :    100
  Number of duplicates                     :      0
  Number of niche violations               :      0
  Number of errors                         :    287

Number of constraints mappings 0
Number of constraints 0
  Population no.                           :      4
  Population size                          :    100
  Number of duplicates                     :      0
  Number of niche violations               :      0
  Number of errors                         :    308

Number of constraints mappings 0
Number of constraints 0
  Population no.                           :      5
  Population size                          :    100
  Number of duplicates                     :      0
  Number of niche violations               :      0
  Number of errors                         :    294


Doing GA, no. of population(s) 5 size 100 selection pressure 1.100000

 Operation      Score     S(PLP)   S(hbond)     S(cho)   S(metal)  DE(clash)   DE(tors)     intcor
         0      48.19     -50.08       0.00       0.00       0.00       1.18       0.66       0.61
      1249      52.05     -54.19       0.00       0.00       0.00       1.64       0.56       0.61
      4367      53.25     -56.62       0.00       0.00       0.00       2.34       0.82       0.61
      4959      54.92     -57.11       0.00       0.00       0.00       1.64       0.58       0.61
      7764      57.96     -60.15       0.00       0.00       0.00       1.64       0.58       0.61
     10067      58.35     -59.76       0.00       0.00       0.00       0.00       1.01       0.61
     10490      61.17     -63.29       0.00       0.00       0.00       1.64       0.55       0.61
     14700      65.12     -66.71       0.00       0.00       0.00       0.00       1.10       0.61
     19940      65.67     -67.27       0.00       0.00       0.00       0.00       1.10       0.61
     22841      70.33     -71.47       0.00       0.00       0.00       0.00       0.87       0.61
     25156      70.37     -71.51       0.00       0.00       0.00       0.00       0.87       0.61
     28392      70.91     -72.04       0.00       0.00       0.00       0.00       0.87       0.61
     28832      71.08     -72.21       0.00       0.00       0.00       0.00       0.87       0.61
     29737      73.24     -74.37       0.00       0.00       0.00       0.00       0.87       0.61
     34078      73.26     -74.36       0.00       0.00       0.00       0.00       0.86       0.61
     37251      73.40     -74.53       0.00       0.00       0.00       0.00       0.87       0.61
     41998      73.54     -74.62       0.00       0.00       0.00       0.00       0.84       0.61
     43793      73.56     -74.63       0.00       0.00       0.00       0.00       0.84       0.61
     44572      73.68     -74.77       0.00       0.00       0.00       0.00       0.85       0.61
     44627      74.47     -75.56       0.00       0.00       0.00       0.00       0.85       0.61
     50802      74.51     -75.61       0.00       0.00       0.00       0.00       0.86       0.61
     86330      74.62     -75.70       0.00       0.00       0.00       0.00       0.85       0.61
     86926      74.70     -75.75       0.00       0.00       0.00       0.00       0.83       0.61
     89261      74.78     -75.82       0.00       0.00       0.00       0.00       0.82       0.61
     90392      74.92     -76.05       0.00       0.00       0.00       0.00       0.87       0.61
     90872      75.03     -76.10       0.00       0.00       0.00       0.00       0.84       0.61
     91307      75.04     -76.09       0.00       0.00       0.00       0.00       0.83       0.61
     91317      75.12     -76.16       0.00       0.00       0.00       0.00       0.82       0.61
     91741      75.14     -76.24       0.00       0.00       0.00       0.00       0.86       0.61
     91861      75.15     -76.20       0.00       0.00       0.00       0.00       0.83       0.61
     92455      75.47     -76.51       0.00       0.00       0.00       0.00       0.82       0.61
--------------------------------------------------------------------------------
Best docking solution after GA:
     93250      75.47     -76.51       0.00       0.00       0.00       0.00       0.82       0.61

#ops:      93250 #mutates:  44030 #cross:    44554 #migrate:   4666 
#dups:     17474 #niche:    30652 #errors:    1307 
--------------------------------------------------------------------------------

Doing AMOEBA simplex on best individual
Done simplexing #iterations 366, best score  76.51

Ligand is stored in gold_soln_CHEMBL3765844_m1_3.mol2


--------------------------------------------------------------------------------
--- CHEMPLP breakdown of terms                                               ---
--------------------------------------------------------------------------------
CHEMPLP = - ( 1.0000*S(PLP) + -3.0000*S(hbond) + -6.0000*S(metal) + -3.0000*S(cho) )

Score = CHEMPLP - 1.0000*DE(clash) - 2.0000*DE(tors)

Internal energy term has been corrected with the best internal energy encountered.

--------------------------------------------------------------------------------


     Score     S(PLP)   S(hbond)     S(cho)   S(metal)  DE(clash)   DE(tors)     intcor
     76.51     -77.52       0.00       0.00       0.00       0.00       0.81       0.61

--------------------------------------------------------------------------------
--- PLP analysis of protein-ligand interactions                              ---
--------------------------------------------------------------------------------
hydrogen bonding        :       0.00
metal                   :       0.00
buried (polar-nonpolar) :      -5.56
nonpolar                :     -73.10
repulsive               :       0.31
--------------------------------------------------------------------------------


--------------------------------------------------------------------------------
--- ChemScore analysis of protein-ligand interactions                        ---
--------------------------------------------------------------------------------

* Hydrogen bonds                                                                


* CH..O interactions                                                            
  CH group selection                       : activated ring CH (adjacent to hetatom)

--------------------------------------------------------------------------------


--------------------------------------------------------------------------------
--- Intra-ligand clashes                                                     ---
--------------------------------------------------------------------------------

Ligand
--------------------------------------------------------------------------------


--------------------------------------------------------------------------------
--- Chromosome decoded                                                       ---
--------------------------------------------------------------------------------
Ligand Torsions
[   6    7    8    9] -178.80
[   7    8    9   10]  127.42
[   8    9   10   11]  167.19    matched torsion: alkyl  
[   9   10   11   12] -161.18    matched torsion: alkyl2   
[  13   12   11   10]   -6.17
[  15   14   12   11]  152.07
Mapping
Ligand acceptors to protein hydrogens (mapping then atom ids)
Ligand shape atoms to protein points (mapping then atom ids & coords)
  2  5141 [  2->(-36.750  20.500   5.000)]
  3  7844 [  3->(-35.250  22.000   6.000)]
  4  8839 [  4->(-34.500  20.750   7.000)]
  7  5895 [  8->(-36.250  17.500   5.750)]
  8  5366 [  9->(-36.500  15.750   6.750)]
  9  5767 [ 10->(-36.250  15.250   6.750)]
 10  2159 [ 11->(-38.750  12.500   4.750)]
 11  4915 [ 16->(-36.750   8.250   3.250)]
 12  3323 [ 17->(-37.750   8.500   3.750)]
 13  2086 [ 18->(-38.750   6.750   3.750)]
 19  3754 [ 27->(-37.500  18.000   5.500)]
Chromosome values
Integers:
  -1   -1   -1 5140 7843 8838   -1   -1 5894 5365 5766 2158 
4914 3322 2085   -1   -1   -1   -1   -1 3753 
--------------------------------------------------------------------------------

Current Ranking  3  2  1

Top  3 (of  3) solutions are within 1.000 RMSD, finishing docking E:/CHEMBL3765844.mol2.


--------------------------------------------------------------------------------

* GA execution time :                                                           
  total  5.0001 user  5.0000 sys  0.0000

--------------------------------------------------------------------------------
Fitness function evaluations: 148766

--------------------------------------------------------------------------------
--- Ranking analysis                                                         ---
--------------------------------------------------------------------------------


* Final ranked order of GA solutions:                                           
   3  2  1 

  _______________________________
  RMSD Matrix of RANKED solutions

        2    3  

   1 :  0.2  0.4
   2 :       0.3

  Clustering method                        : complete linkage
  Structure ids in cluster table           : rank nos.
  Ordering of clusters and their members   : by rank (order if from rms_analysis)

  Distance | Clusters
   0.22    |  1  2 |  3 |
   0.39    |  1  2  3 |
  Finished Docking Ligand                  : E:/CHEMBL3765844.mol2
--------------------------------------------------------------------------------

  Relative_Ligand_Energy (best encountered) :   0.610
  Relative_Ligand_Energy: fitness values have been corrected using this amount
