
--------------------------------------------------------------------------------
--- Ligand                                                                   ---
--------------------------------------------------------------------------------
  Ligand loaded from file                  : E:/Projekt modelowanie/beta2/ligandy/3ny8.mol2
  Ligand name                              :  
  "C:\Users\porto\OneDrive\projekt\beta2\ligandy\L_3ny8.pdb L_3ny8.pdb 1    "

--------------------------------------------------------------------------------
  N.plc donors                             : 
  none found

  Acidic nitrogen acceptors                : 
  none found
  Sulfur acceptors                         :
  none found


  Donor atoms                              :      2
  2   5   
  Acceptor atoms                           :      3
  2   3   5   

  Hydrogens                                :  (n = 2)
  23   26   

  Lone pairs added to molecule             :      5
  Numbering                                : from 48 to 52

* Rotatable bonds in E:/Projekt modelowan  :  none found

--------------------------------------------------------------------------------
--- Shape fitting atoms selection (hydrophobic atoms)                        ---
--------------------------------------------------------------------------------
  Molecule                                 : E:/Projekt modelowanie/beta2/ligandy/3ny8.mol2
  Selection                                : carbons only
  Atom numbers                             :  (n = 13)
  1    4    6    10   11   12   14   15   16   17   
  18   19   20   


--------------------------------------------------------------------------------
--- ChemScore ligand setup summary                                           ---
--------------------------------------------------------------------------------
  ChemScore ligand acceptors               :      3
  2 3 5 
  ChemScore ligand donors                  :      2
  2 ( 23  ) 5 ( 26  ) 
  ChemScore ligand CH donors               :      0
  

  ChemScore ligand lipophilic atoms        :  (n = 17)
  1    4    6    7    8    9    10   11   12   13   
  14   15   16   17   18   19   20   

  ChemScore ligand rotatable bonds         :      0

--------------------------------------------------------------------------------
--- PLP ligand setup summary                                                 ---
--------------------------------------------------------------------------------
    1    C1   C.3 NONPOLAR
    2    N1   N.3 DONACC
    3    O1   O.3 ACCEPTOR
    4    C2   C.3 NONPOLAR
    5    O2   O.3 DONACC
    6    C3   C.3 NONPOLAR
    7    C4  C.ar NONPOLAR
    8    C5  C.ar NONPOLAR
    9    C6  C.ar NONPOLAR
   10    C7   C.3 NONPOLAR
   11    C8  C.ar NONPOLAR
   12    C9  C.ar NONPOLAR
   13   C10  C.ar NONPOLAR
   14   C11   C.3 NONPOLAR
   15   C12   C.3 NONPOLAR
   16   C13   C.3 NONPOLAR
   17   C14   C.3 NONPOLAR
   18   C15   C.3 NONPOLAR
   19   C16   C.3 NONPOLAR
   20   C17   C.3 NONPOLAR

--------------------------------------------------------------------------------
--- Automatic parameter setting                                              ---
--------------------------------------------------------------------------------
  Contribution base                        :   2500
  Contribution per rotatable bond          :   6000
  Contribution per df                      :   4000
  Contribution per water                   :  10000
  Ligand rotatable bonds                   :      0
  Protein flexible side chain bonds        :      0
  Total rotatable bonds                    :      0
  Hydrophobic vol ratio (P/L)              :   0.862
  Base multiplier (polar)                  :   1.000
  Base multiplier (apolar)                 :   2.242
  Base contribution                        : 7500.000
  Fitting points                           :      5
  Estimated maxops needed (optimal)        :   8000

--------------------------------------------------------------------------------

* Population settings                                                           
  maxops                                   :   8000
  popsiz                                   :    100
  select_pressure                          :   1.100
  n_islands                                :      1
  niche_siz                                :      2

* GA settings                                                                   
  pt_crosswt                               :    100
  allele_mutatewt                          :    100
  migratewt                                :      0

* Search settings                                                               
  start_vdw_linear_cutoff                  :   4.000
  initial_virtual_pt_match_max             :   3.000

--------------------------------------------------------------------------------

* Ligand initialisation time :                                                  
  total  0.0000 user  0.0000 sys  0.0000

--------------------------------------------------------------------------------

--------------------------------------------------------------------------------
** Docking run number  1 **
--------------------------------------------------------------------------------
  Rank fitness base is 5000.00 ; increment is 11.2233

* Initialising population(s) ...                                                
Number of constraints mappings 0
Number of constraints 0
  Population no.                           :      1
  Population size                          :    100
  Number of duplicates                     :      0
  Number of niche violations               :     14
  Number of errors                         :      6


Doing GA, no. of population(s) 1 size 100 selection pressure 1.100000

 Operation      Score     S(PLP)   S(hbond)     S(cho)   S(metal)  DE(clash)   DE(tors)     intcor
         0      38.01     -35.91       0.70       0.00       0.00       0.00       0.00       0.00
       229      44.46     -41.46       1.00       0.00       0.00       0.00       0.00       0.00
       418      45.56     -45.17       0.13       0.00       0.00       0.00       0.00       0.00
       425      47.66     -46.14       0.51       0.00       0.00       0.00       0.00       0.00
       512      47.77     -44.77       1.00       0.00       0.00       0.00       0.00       0.00
       589      48.07     -46.95       0.37       0.00       0.00       0.00       0.00       0.00
       627      49.85     -47.64       0.74       0.00       0.00       0.00       0.00       0.00
      1006      51.49     -50.56       0.31       0.00       0.00       0.00       0.00       0.00
      1137      52.20     -48.82       1.13       0.00       0.00       0.00       0.00       0.00
      1973      52.37     -51.55       0.27       0.00       0.00       0.00       0.00       0.00
      2165      53.85     -52.68       0.39       0.00       0.00       0.00       0.00       0.00
      2784      53.94     -53.07       0.29       0.00       0.00       0.00       0.00       0.00
      2845      54.69     -53.58       0.37       0.00       0.00       0.00       0.00       0.00
      3288      55.13     -53.61       0.50       0.00       0.00       0.00       0.00       0.00
      6238      55.55     -54.60       0.32       0.00       0.00       0.00       0.00       0.00
--------------------------------------------------------------------------------
Best docking solution after GA:
      8000      55.55     -54.60       0.32       0.00       0.00       0.00       0.00       0.00

#ops:       8000 #mutates:   3947 #cross:     4053 #dups:      3255 
#niche:     6434 #errors:      17 
--------------------------------------------------------------------------------

Doing AMOEBA simplex on best individual
Done simplexing #iterations 409, best score  56.83

Ligand is stored in gold_soln_3ny8_m1_1.mol2


--------------------------------------------------------------------------------
--- CHEMPLP breakdown of terms                                               ---
--------------------------------------------------------------------------------
CHEMPLP = - ( 1.0000*S(PLP) + -3.0000*S(hbond) + -6.0000*S(metal) + -3.0000*S(cho) )

Score = CHEMPLP - 1.0000*DE(clash) - 2.0000*DE(tors)

Internal energy term has been corrected with the best internal energy encountered.

--------------------------------------------------------------------------------


     Score     S(PLP)   S(hbond)     S(cho)   S(metal)  DE(clash)   DE(tors)     intcor
     56.83     -56.27       0.18       0.00       0.00       0.00       0.00       0.00

--------------------------------------------------------------------------------
--- PLP analysis of protein-ligand interactions                              ---
--------------------------------------------------------------------------------
hydrogen bonding        :      -4.48
metal                   :       0.00
buried (polar-nonpolar) :       1.16
nonpolar                :     -53.84
repulsive               :       0.02
--------------------------------------------------------------------------------


--------------------------------------------------------------------------------
--- ChemScore analysis of protein-ligand interactions                        ---
--------------------------------------------------------------------------------

* Hydrogen bonds                                                                
Ligand donor    5 hydrogen   26 Protein acceptor 4166 bond energy  1.00 wt 0.02
Protein donor 4097 hydrogen 4104 Ligand acceptor    5 bond energy  1.00 wt 0.16


* CH..O interactions                                                            
  CH group selection                       : activated ring CH (adjacent to hetatom)

--------------------------------------------------------------------------------


--------------------------------------------------------------------------------
--- Intra-ligand clashes                                                     ---
--------------------------------------------------------------------------------

Ligand
--------------------------------------------------------------------------------


--------------------------------------------------------------------------------
--- Chromosome decoded                                                       ---
--------------------------------------------------------------------------------
Protein Torsions
[4175 4166 4165 4163]   69.64 
[1294 1290 1288 1285] -113.00 
[4033 4024 4023 4021]   24.01 
[1412 1408 1406 1403] -167.02 
[2830 2825 2824 2821]   82.13 
[2723 2714 2713 2711]   33.79 
[2773 2768 2767 2764]   95.31 
Mapping
Ligand acceptors to protein hydrogens (mapping then atom ids)
Ligand hydrogens to protein acceptors (mapping then atom ids)
Ligand shape atoms to protein points (mapping then atom ids & coords)
  1  5785 [  1->(-25.500   9.250   6.000)]
  6  4511 [ 12->(-29.250  11.000   7.250)]
  7  3462 [ 14->(-32.000  10.250   7.250)]
  8  3463 [ 15->(-32.000  10.250   7.500)]
 12  1440 [ 19->(-34.750   3.500   8.250)]
Chromosome values
Integers:
  -1   -1   -1   -1   -1 5784   -1   -1   -1   -1 4510 3461 
3462   -1   -1   -1 1439   -1 
--------------------------------------------------------------------------------

Current Ranking  1

--------------------------------------------------------------------------------

* GA execution time :                                                           
  total  0.0005 user  0.0005 sys  0.0000

--------------------------------------------------------------------------------
Fitness function evaluations: 14831

--------------------------------------------------------------------------------
** Docking run number  2 **
--------------------------------------------------------------------------------
  Rank fitness base is 5000.00 ; increment is 11.2233

* Initialising population(s) ...                                                
Number of constraints mappings 0
Number of constraints 0
  Population no.                           :      1
  Population size                          :    100
  Number of duplicates                     :      0
  Number of niche violations               :     18
  Number of errors                         :      2


Doing GA, no. of population(s) 1 size 100 selection pressure 1.100000

 Operation      Score     S(PLP)   S(hbond)     S(cho)   S(metal)  DE(clash)   DE(tors)     intcor
         0      41.32     -41.32       0.00       0.00       0.00       0.00       0.00       0.00
        79      44.92     -41.02       1.30       0.00       0.00       0.00       0.00       0.00
       144      47.01     -42.84       1.39       0.00       0.00       0.00       0.00       0.00
       382      48.95     -45.22       1.24       0.00       0.00       0.00       0.00       0.00
       396      50.51     -46.99       1.17       0.00       0.00       0.00       0.00       0.00
       411      51.39     -48.19       1.07       0.00       0.00       0.00       0.00       0.00
       439      52.07     -52.04       0.01       0.00       0.00       0.00       0.00       0.00
       575      52.16     -49.03       1.04       0.00       0.00       0.00       0.00       0.00
       624      53.09     -52.01       0.36       0.00       0.00       0.00       0.00       0.00
       671      53.19     -51.35       0.61       0.00       0.00       0.00       0.00       0.00
       766      53.24     -51.23       0.67       0.00       0.00       0.00       0.00       0.00
       881      53.90     -51.31       0.86       0.00       0.00       0.00       0.00       0.00
      1677      54.29     -53.14       0.38       0.00       0.00       0.00       0.00       0.00
      1980      54.40     -53.14       0.42       0.00       0.00       0.00       0.00       0.00
      2125      54.51     -53.63       0.29       0.00       0.00       0.00       0.00       0.00
      2187      54.62     -53.79       0.28       0.00       0.00       0.00       0.00       0.00
      2340      55.53     -54.52       0.34       0.00       0.00       0.00       0.00       0.00
      2549      55.75     -55.10       0.22       0.00       0.00       0.00       0.00       0.00
      3924      55.94     -55.24       0.23       0.00       0.00       0.00       0.00       0.00
      4183      55.94     -55.52       0.14       0.00       0.00       0.00       0.00       0.00
      4400      56.00     -55.06       0.31       0.00       0.00       0.00       0.00       0.00
      4410      56.02     -55.05       0.32       0.00       0.00       0.00       0.00       0.00
      4591      56.11     -55.29       0.27       0.00       0.00       0.00       0.00       0.00
      4757      56.17     -55.44       0.24       0.00       0.00       0.00       0.00       0.00
      5746      56.34     -55.77       0.19       0.00       0.00       0.00       0.00       0.00
--------------------------------------------------------------------------------
Best docking solution after GA:
      8000      56.34     -55.77       0.19       0.00       0.00       0.00       0.00       0.00

#ops:       8000 #mutates:   3991 #cross:     4009 #dups:      3963 
#niche:     5533 #errors:      25 
--------------------------------------------------------------------------------

Doing AMOEBA simplex on best individual
Done simplexing #iterations 207, best score  56.62

Ligand is stored in gold_soln_3ny8_m1_2.mol2


--------------------------------------------------------------------------------
--- CHEMPLP breakdown of terms                                               ---
--------------------------------------------------------------------------------
CHEMPLP = - ( 1.0000*S(PLP) + -3.0000*S(hbond) + -6.0000*S(metal) + -3.0000*S(cho) )

Score = CHEMPLP - 1.0000*DE(clash) - 2.0000*DE(tors)

Internal energy term has been corrected with the best internal energy encountered.

--------------------------------------------------------------------------------


     Score     S(PLP)   S(hbond)     S(cho)   S(metal)  DE(clash)   DE(tors)     intcor
     56.62     -55.99       0.21       0.00       0.00       0.00       0.00       0.00

--------------------------------------------------------------------------------
--- PLP analysis of protein-ligand interactions                              ---
--------------------------------------------------------------------------------
hydrogen bonding        :      -4.54
metal                   :       0.00
buried (polar-nonpolar) :       0.89
nonpolar                :     -53.23
repulsive               :       0.01
--------------------------------------------------------------------------------


--------------------------------------------------------------------------------
--- ChemScore analysis of protein-ligand interactions                        ---
--------------------------------------------------------------------------------

* Hydrogen bonds                                                                
Protein donor 4097 hydrogen 4104 Ligand acceptor    5 bond energy  1.00 wt 0.21


* CH..O interactions                                                            
  CH group selection                       : activated ring CH (adjacent to hetatom)

--------------------------------------------------------------------------------


--------------------------------------------------------------------------------
--- Intra-ligand clashes                                                     ---
--------------------------------------------------------------------------------

Ligand
--------------------------------------------------------------------------------


--------------------------------------------------------------------------------
--- Chromosome decoded                                                       ---
--------------------------------------------------------------------------------
Protein Torsions
[4175 4166 4165 4163]   76.99 
[1294 1290 1288 1285]  112.40 
[4033 4024 4023 4021] -139.62 
[1412 1408 1406 1403]  152.68 
[2830 2825 2824 2821]   40.17 
[2723 2714 2713 2711] -105.59 
[2773 2768 2767 2764]   26.43 
Mapping
Ligand acceptors to protein hydrogens (mapping then atom ids)
Ligand hydrogens to protein acceptors (mapping then atom ids)
Ligand shape atoms to protein points (mapping then atom ids & coords)
  3  5188 [  6->(-26.750   7.750   7.250)]
  6  4379 [ 12->(-30.000  11.750   6.250)]
  8  2947 [ 15->(-32.750   8.500   7.250)]
  9  3565 [ 16->(-31.750   8.750   6.750)]
 10  3230 [ 17->(-32.250   8.250   6.500)]
 11  2237 [ 18->(-33.750   5.500   6.500)]
Chromosome values
Integers:
  -1   -1   -1   -1   -1   -1   -1 5187   -1   -1 4378   -1 
2946 3564 3229 2236   -1   -1 
--------------------------------------------------------------------------------

Current Ranking  1  2

--------------------------------------------------------------------------------

* GA execution time :                                                           
  total  0.9995 user  0.9995 sys  0.0000

--------------------------------------------------------------------------------
Fitness function evaluations: 14368

--------------------------------------------------------------------------------
** Docking run number  3 **
--------------------------------------------------------------------------------
  Rank fitness base is 5000.00 ; increment is 11.2233

* Initialising population(s) ...                                                
Number of constraints mappings 0
Number of constraints 0
  Population no.                           :      1
  Population size                          :    100
  Number of duplicates                     :      0
  Number of niche violations               :      7


Doing GA, no. of population(s) 1 size 100 selection pressure 1.100000

 Operation      Score     S(PLP)   S(hbond)     S(cho)   S(metal)  DE(clash)   DE(tors)     intcor
         0      35.97     -32.37       1.20       0.00       0.00       0.00       0.00       0.00
       226      38.68     -35.80       0.96       0.00       0.00       0.00       0.00       0.00
       262      42.11     -39.11       1.00       0.00       0.00       0.00       0.00       0.00
       342      42.37     -42.17       0.06       0.00       0.00       0.00       0.00       0.00
       569      43.72     -40.61       1.03       0.00       0.00       0.00       0.00       0.00
       693      46.54     -43.54       1.00       0.00       0.00       0.00       0.00       0.00
       752      49.25     -46.25       1.00       0.00       0.00       0.00       0.00       0.00
       894      49.88     -46.88       1.00       0.00       0.00       0.00       0.00       0.00
       978      49.97     -46.52       1.15       0.00       0.00       0.00       0.00       0.00
       982      50.59     -49.86       0.24       0.00       0.00       0.00       0.00       0.00
      1089      53.25     -52.85       0.13       0.00       0.00       0.00       0.00       0.00
      1572      53.32     -50.84       0.83       0.00       0.00       0.00       0.00       0.00
      2056      54.20     -51.84       0.79       0.00       0.00       0.00       0.00       0.00
      2643      54.35     -51.53       0.94       0.00       0.00       0.00       0.00       0.00
      2678      54.37     -52.17       0.73       0.00       0.00       0.00       0.00       0.00
      4508      54.38     -53.62       0.25       0.00       0.00       0.00       0.00       0.00
      5498      55.31     -55.01       0.10       0.00       0.00       0.00       0.00       0.00
--------------------------------------------------------------------------------
Best docking solution after GA:
      8000      55.31     -55.01       0.10       0.00       0.00       0.00       0.00       0.00

#ops:       8000 #mutates:   3958 #cross:     4042 #dups:      2256 
#niche:     6617 #errors:      17 
--------------------------------------------------------------------------------

Doing AMOEBA simplex on best individual
Done simplexing #iterations 419, best score  56.82

Ligand is stored in gold_soln_3ny8_m1_3.mol2


--------------------------------------------------------------------------------
--- CHEMPLP breakdown of terms                                               ---
--------------------------------------------------------------------------------
CHEMPLP = - ( 1.0000*S(PLP) + -3.0000*S(hbond) + -6.0000*S(metal) + -3.0000*S(cho) )

Score = CHEMPLP - 1.0000*DE(clash) - 2.0000*DE(tors)

Internal energy term has been corrected with the best internal energy encountered.

--------------------------------------------------------------------------------


     Score     S(PLP)   S(hbond)     S(cho)   S(metal)  DE(clash)   DE(tors)     intcor
     56.82     -56.28       0.18       0.00       0.00       0.00       0.00       0.00

--------------------------------------------------------------------------------
--- PLP analysis of protein-ligand interactions                              ---
--------------------------------------------------------------------------------
hydrogen bonding        :      -4.44
metal                   :       0.00
buried (polar-nonpolar) :       1.24
nonpolar                :     -54.06
repulsive               :       0.02
--------------------------------------------------------------------------------


--------------------------------------------------------------------------------
--- ChemScore analysis of protein-ligand interactions                        ---
--------------------------------------------------------------------------------

* Hydrogen bonds                                                                
Ligand donor    5 hydrogen   26 Protein acceptor 4166 bond energy  1.00 wt 0.03
Protein donor 4097 hydrogen 4104 Ligand acceptor    5 bond energy  1.00 wt 0.16


* CH..O interactions                                                            
  CH group selection                       : activated ring CH (adjacent to hetatom)

--------------------------------------------------------------------------------


--------------------------------------------------------------------------------
--- Intra-ligand clashes                                                     ---
--------------------------------------------------------------------------------

Ligand
--------------------------------------------------------------------------------


--------------------------------------------------------------------------------
--- Chromosome decoded                                                       ---
--------------------------------------------------------------------------------
Protein Torsions
[4175 4166 4165 4163]   46.74 
[1294 1290 1288 1285]  -82.84 
[4033 4024 4023 4021]  104.06 
[1412 1408 1406 1403] -123.96 
[2830 2825 2824 2821] -139.54 
[2723 2714 2713 2711]   19.95 
[2773 2768 2767 2764]  -13.08 
Mapping
Ligand acceptors to protein hydrogens (mapping then atom ids)
Ligand hydrogens to protein acceptors (mapping then atom ids)
Ligand shape atoms to protein points (mapping then atom ids & coords)
  2  5685 [  4->(-25.750   8.500   6.750)]
  5  4711 [ 11->(-28.000  11.250   5.750)]
  6  4475 [ 12->(-29.500  11.250   7.000)]
  7  3862 [ 14->(-31.250   9.500   7.250)]
  9  3574 [ 16->(-31.750   9.000   7.000)]
 10  2607 [ 17->(-33.250   6.750   5.750)]
 11  2062 [ 18->(-34.000   5.500   6.000)]
Chromosome values
Integers:
  -1   -1   -1   -1   -1   -1 5684   -1   -1 4710 4474 3861 
  -1 3573 2606 2061   -1   -1 
--------------------------------------------------------------------------------

Current Ranking  1  3  2

Top  3 (of  3) solutions are within 1.000 RMSD, finishing docking E:/Projekt modelowanie/beta2/ligandy/3ny8.mol2.


--------------------------------------------------------------------------------

* GA execution time :                                                           
  total  0.0005 user  0.0004 sys  0.0001

--------------------------------------------------------------------------------
Fitness function evaluations: 14843

--------------------------------------------------------------------------------
--- Ranking analysis                                                         ---
--------------------------------------------------------------------------------


* Final ranked order of GA solutions:                                           
   1  3  2 

  _______________________________
  RMSD Matrix of RANKED solutions

        2    3  

   1 :  0.0  0.1
   2 :       0.1

  Clustering method                        : complete linkage
  Structure ids in cluster table           : rank nos.
  Ordering of clusters and their members   : by rank (order if from rms_analysis)

  Distance | Clusters
   0.02    |  1  2 |  3 |
   0.13    |  1  2  3 |
  Finished Docking Ligand                  : E:/Projekt modelowanie/beta2/ligandy/3ny8.mol2
--------------------------------------------------------------------------------

  Relative_Ligand_Energy (best encountered) :   0.000
  Relative_Ligand_Energy: fitness values have been corrected using this amount
