# WARNING: atom    2 in C:/Users/student/Desktop/project/beta1/ligandy/5a8e.mol2 is type  N.ar resetting to type N.pl3 (set_atom_type)

--------------------------------------------------------------------------------
--- Ligand                                                                   ---
--------------------------------------------------------------------------------
  Ligand loaded from file                  : C:/Users/student/Desktop/project/beta1/ligandy/5a8e.mol2
  Ligand name                              :  
  "C:\Users\porto\OneDrive\projekt\beta1\ligandy\L_5a8e.pdb L_5a8e.pdb 1    "

--------------------------------------------------------------------------------
  N.plc donors                             : 
  pro:    2 
  

  Acidic nitrogen acceptors                : 
  none found
  Sulfur acceptors                         :
  none found

  N.1 atom 8 is not an acceptor (skipped)

  Donor atoms                              :      3
  2   5   6   
  Acceptor atoms                           :      4
  3   5   6   8   

  Hydrogens                                :  (n = 3)
  23   25   26   

  Lone pairs added to molecule             :      6
  Numbering                                : from 46 to 51

* Rotatable bonds in C:/Users/student/Des  :  none found

--------------------------------------------------------------------------------
--- Shape fitting atoms selection (hydrophobic atoms)                        ---
--------------------------------------------------------------------------------
  Molecule                                 : C:/Users/student/Desktop/project/beta1/ligandy/5a8e.mol2
  Selection                                : carbons only
  Atom numbers                             :  (n = 10)
  4    10   11   14   15   16   18   19   20   22   
  


--------------------------------------------------------------------------------
--- ChemScore ligand setup summary                                           ---
--------------------------------------------------------------------------------
  ChemScore ligand acceptors               :      4
  3 5 6 8 
  ChemScore ligand donors                  :      3
  2 ( 23 [+]  ) 5 ( 25  ) 6 ( 26  ) 
  ChemScore ligand CH donors               :      0
  

  ChemScore ligand lipophilic atoms        :  (n = 16)
  1    4    7    9    10   11   12   13   14   15   
  16   17   18   19   20   22   

  ChemScore ligand rotatable bonds         :      0

--------------------------------------------------------------------------------
--- PLP ligand setup summary                                                 ---
--------------------------------------------------------------------------------
    1    C1  C.ar NONPOLAR
    2    N1 N.pl3 DONOR
    3    O1   O.3 ACCEPTOR
    4    C2  C.ar NONPOLAR
    5    N2   N.3 DONACC
    6    O2   O.3 DONACC
    7    C3  C.ar NONPOLAR
    8    N3   N.1 ACCEPTOR
    9    C4  C.ar NONPOLAR
   10    C5  C.ar NONPOLAR
   11    C6  C.ar NONPOLAR
   12    C7  C.ar NONPOLAR
   13    C8  C.ar NONPOLAR
   14    C9   C.3 NONPOLAR
   15   C10   C.3 NONPOLAR
   16   C11   C.3 NONPOLAR
   17   C12   C.3 NONPOLAR
   18   C13   C.3 NONPOLAR
   19   C14   C.3 NONPOLAR
   20   C15   C.3 NONPOLAR
   21   C16   C.1 NONPOLAR
   22   C17   C.3 NONPOLAR

--------------------------------------------------------------------------------
--- Automatic parameter setting                                              ---
--------------------------------------------------------------------------------
  Contribution base                        :   2500
  Contribution per rotatable bond          :   6000
  Contribution per df                      :   4000
  Contribution per water                   :  10000
  Ligand rotatable bonds                   :      0
  Protein flexible side chain bonds        :      0
  Total rotatable bonds                    :      0
  Hydrophobic vol ratio (P/L)              :   1.773
  Base multiplier (polar)                  :   1.400
  Base multiplier (apolar)                 :   3.546
  Base contribution                        : 10000.000
  Fitting points                           :      7
  Estimated maxops needed (optimal)        :  10500

--------------------------------------------------------------------------------

* Population settings                                                           
  maxops                                   :  10500
  popsiz                                   :    100
  select_pressure                          :   1.100
  n_islands                                :      1
  niche_siz                                :      2

* GA settings                                                                   
  pt_crosswt                               :     95
  allele_mutatewt                          :     95
  migratewt                                :     10

* Search settings                                                               
  start_vdw_linear_cutoff                  :   4.000
  initial_virtual_pt_match_max             :   3.000

--------------------------------------------------------------------------------

* Ligand initialisation time :                                                  
  total  0.0000 user  0.0000 sys  0.0000

--------------------------------------------------------------------------------

--------------------------------------------------------------------------------
** Docking run number  1 **
--------------------------------------------------------------------------------
  Rank fitness base is 5000.00 ; increment is 11.2233

* Initialising population(s) ...                                                
Number of constraints mappings 0
Number of constraints 0
  Population no.                           :      1
  Population size                          :    100
  Number of duplicates                     :      0
  Number of niche violations               :      1
  Number of errors                         :    313


Doing GA, no. of population(s) 1 size 100 selection pressure 1.100000

 Operation      Score     S(PLP)   S(hbond)     S(cho)   S(metal)  DE(clash)   DE(tors)     intcor
         0      49.49     -49.49       0.00       0.00       0.00       0.00       0.00       0.00
      1952      51.67     -51.31       0.12       0.00       0.00       0.00       0.00       0.00
      2887      53.87     -53.87       0.00       0.00       0.00       0.00       0.00       0.00
      4271      54.79     -54.79       0.00       0.00       0.00       0.00       0.00       0.00
      4342      57.19     -57.19       0.00       0.00       0.00       0.00       0.00       0.00
      4892      58.23     -58.23       0.00       0.00       0.00       0.00       0.00       0.00
--------------------------------------------------------------------------------
Best docking solution after GA:
     10500      58.23     -58.23       0.00       0.00       0.00       0.00       0.00       0.00

#ops:      10500 #mutates:   4957 #cross:     5003 #migrate:    540 
#dups:      6428 #niche:     3723 #errors:     141 
--------------------------------------------------------------------------------

Doing AMOEBA simplex on best individual
Done simplexing #iterations 300, best score  62.10

Ligand is stored in gold_soln_5a8e_m1_1.mol2


--------------------------------------------------------------------------------
--- CHEMPLP breakdown of terms                                               ---
--------------------------------------------------------------------------------
CHEMPLP = - ( 1.0000*S(PLP) + -3.0000*S(hbond) + -6.0000*S(metal) + -3.0000*S(cho) )

Score = CHEMPLP - 1.0000*DE(clash) - 2.0000*DE(tors)

Internal energy term has been corrected with the best internal energy encountered.

--------------------------------------------------------------------------------


     Score     S(PLP)   S(hbond)     S(cho)   S(metal)  DE(clash)   DE(tors)     intcor
     62.10     -62.10       0.00       0.00       0.00       0.00       0.00       0.00

--------------------------------------------------------------------------------
--- PLP analysis of protein-ligand interactions                              ---
--------------------------------------------------------------------------------
hydrogen bonding        :      -5.91
metal                   :       0.00
buried (polar-nonpolar) :      -3.61
nonpolar                :     -53.94
repulsive               :       0.33
--------------------------------------------------------------------------------


--------------------------------------------------------------------------------
--- ChemScore analysis of protein-ligand interactions                        ---
--------------------------------------------------------------------------------

* Hydrogen bonds                                                                


* CH..O interactions                                                            
  CH group selection                       : activated ring CH (adjacent to hetatom)

--------------------------------------------------------------------------------


--------------------------------------------------------------------------------
--- Intra-ligand clashes                                                     ---
--------------------------------------------------------------------------------

Ligand
--------------------------------------------------------------------------------


--------------------------------------------------------------------------------
--- Chromosome decoded                                                       ---
--------------------------------------------------------------------------------
Mapping
Ligand acceptors to protein hydrogens (mapping then atom ids)
Ligand hydrogens to protein acceptors (mapping then atom ids)
Ligand shape atoms to protein points (mapping then atom ids & coords)
  2  4391 [ 10->(-23.500   4.000  14.000)]
  5  1583 [ 15->(-24.500   4.250  16.000)]
  6  6757 [ 16->(-22.750   7.500  17.000)]
Chromosome values
Integers:
  -1   -1   -1   -1   -1   -1   -1   -1 4390   -1   -1 1582 
6756   -1   -1   -1   -1 
--------------------------------------------------------------------------------

Current Ranking  1

--------------------------------------------------------------------------------

* GA execution time :                                                           
  total  0.9995 user  0.9995 sys  0.0000

--------------------------------------------------------------------------------
Fitness function evaluations: 17990

--------------------------------------------------------------------------------
** Docking run number  2 **
--------------------------------------------------------------------------------
  Rank fitness base is 5000.00 ; increment is 11.2233

* Initialising population(s) ...                                                
Number of constraints mappings 0
Number of constraints 0
  Population no.                           :      1
  Population size                          :    100
  Number of duplicates                     :      0
  Number of niche violations               :      1
  Number of errors                         :    309


Doing GA, no. of population(s) 1 size 100 selection pressure 1.100000

 Operation      Score     S(PLP)   S(hbond)     S(cho)   S(metal)  DE(clash)   DE(tors)     intcor
         0      21.63     -21.63       0.00       0.00       0.00       0.00       0.00       0.00
        10      33.62     -33.62       0.00       0.00       0.00       0.00       0.00       0.00
       317      38.49     -36.98       0.50       0.00       0.00       0.00       0.00       0.00
       404      44.22     -44.22       0.00       0.00       0.00       0.00       0.00       0.00
       856      49.42     -49.42       0.00       0.00       0.00       0.00       0.00       0.00
      1578      55.55     -55.55       0.00       0.00       0.00       0.00       0.00       0.00
      1974      56.50     -56.50       0.00       0.00       0.00       0.00       0.00       0.00
      4589      57.67     -57.67       0.00       0.00       0.00       0.00       0.00       0.00
      5725      57.82     -57.82       0.00       0.00       0.00       0.00       0.00       0.00
      5762      57.92     -57.92       0.00       0.00       0.00       0.00       0.00       0.00
      6213      59.35     -59.35       0.00       0.00       0.00       0.00       0.00       0.00
      7799      59.62     -59.62       0.00       0.00       0.00       0.00       0.00       0.00
      7802      59.81     -59.81       0.00       0.00       0.00       0.00       0.00       0.00
      7807      60.45     -60.45       0.00       0.00       0.00       0.00       0.00       0.00
--------------------------------------------------------------------------------
Best docking solution after GA:
     10500      60.45     -60.45       0.00       0.00       0.00       0.00       0.00       0.00

#ops:      10500 #mutates:   4964 #cross:     5016 #migrate:    520 
#dups:      5960 #niche:     4507 #errors:     105 
--------------------------------------------------------------------------------

Doing AMOEBA simplex on best individual
Done simplexing #iterations 238, best score  61.99

Ligand is stored in gold_soln_5a8e_m1_2.mol2


--------------------------------------------------------------------------------
--- CHEMPLP breakdown of terms                                               ---
--------------------------------------------------------------------------------
CHEMPLP = - ( 1.0000*S(PLP) + -3.0000*S(hbond) + -6.0000*S(metal) + -3.0000*S(cho) )

Score = CHEMPLP - 1.0000*DE(clash) - 2.0000*DE(tors)

Internal energy term has been corrected with the best internal energy encountered.

--------------------------------------------------------------------------------


     Score     S(PLP)   S(hbond)     S(cho)   S(metal)  DE(clash)   DE(tors)     intcor
     61.99     -61.99       0.00       0.00       0.00       0.00       0.00       0.00

--------------------------------------------------------------------------------
--- PLP analysis of protein-ligand interactions                              ---
--------------------------------------------------------------------------------
hydrogen bonding        :      -5.88
metal                   :       0.00
buried (polar-nonpolar) :      -3.72
nonpolar                :     -54.01
repulsive               :       0.32
--------------------------------------------------------------------------------


--------------------------------------------------------------------------------
--- ChemScore analysis of protein-ligand interactions                        ---
--------------------------------------------------------------------------------

* Hydrogen bonds                                                                


* CH..O interactions                                                            
  CH group selection                       : activated ring CH (adjacent to hetatom)

--------------------------------------------------------------------------------


--------------------------------------------------------------------------------
--- Intra-ligand clashes                                                     ---
--------------------------------------------------------------------------------

Ligand
--------------------------------------------------------------------------------


--------------------------------------------------------------------------------
--- Chromosome decoded                                                       ---
--------------------------------------------------------------------------------
Mapping
Ligand acceptors to protein hydrogens (mapping then atom ids)
Ligand hydrogens to protein acceptors (mapping then atom ids)
Ligand shape atoms to protein points (mapping then atom ids & coords)
  1   816 [  4->(-25.000   9.000  11.750)]
  2  6579 [ 10->(-22.750   3.750  12.250)]
  3  6597 [ 11->(-22.750   4.000  12.000)]
  4  3565 [ 14->(-23.750   4.000  15.500)]
  6  2948 [ 16->(-24.000   5.500  17.000)]
  7  8160 [ 18->(-21.500  10.250  18.500)]
  8  7535 [ 19->(-22.250   9.250  18.750)]
  9  6836 [ 20->(-22.750   9.250  17.500)]
 10  6556 [ 22->(-22.750   3.500  11.250)]
Chromosome values
Integers:
  -1   -1   -1   -1   -1   -1   -1  815 6578 6596 3564   -1 
2947 8159 7534 6835 6555 
--------------------------------------------------------------------------------

Current Ranking  1  2

--------------------------------------------------------------------------------

* GA execution time :                                                           
  total  0.0005 user  0.0005 sys  0.0000

--------------------------------------------------------------------------------
Fitness function evaluations: 17950

--------------------------------------------------------------------------------
** Docking run number  3 **
--------------------------------------------------------------------------------
  Rank fitness base is 5000.00 ; increment is 11.2233

* Initialising population(s) ...                                                
Number of constraints mappings 0
Number of constraints 0
  Population no.                           :      1
  Population size                          :    100
  Number of duplicates                     :      0
  Number of niche violations               :      1
  Number of errors                         :    326


Doing GA, no. of population(s) 1 size 100 selection pressure 1.100000

 Operation      Score     S(PLP)   S(hbond)     S(cho)   S(metal)  DE(clash)   DE(tors)     intcor
         0      24.56     -24.56       0.00       0.00       0.00       0.00       0.00       0.00
        75      29.31     -29.31       0.00       0.00       0.00       0.00       0.00       0.00
       353      36.32     -36.32       0.00       0.00       0.00       0.00       0.00       0.00
       636      42.75     -42.75       0.00       0.00       0.00       0.00       0.00       0.00
       657      47.15     -47.15       0.00       0.00       0.00       0.00       0.00       0.00
       772      50.98     -50.97       0.00       0.00       0.00       0.00       0.00       0.00
       921      52.90     -52.90       0.00       0.00       0.00       0.00       0.00       0.00
      1078      53.86     -53.86       0.00       0.00       0.00       0.00       0.00       0.00
      1555      54.56     -54.56       0.00       0.00       0.00       0.00       0.00       0.00
      1705      57.26     -57.26       0.00       0.00       0.00       0.00       0.00       0.00
      3225      57.47     -57.47       0.00       0.00       0.00       0.00       0.00       0.00
      3434      57.65     -57.65       0.00       0.00       0.00       0.00       0.00       0.00
      3526      59.65     -59.65       0.00       0.00       0.00       0.00       0.00       0.00
      6050      60.56     -60.56       0.00       0.00       0.00       0.00       0.00       0.00
      9659      60.83     -60.83       0.00       0.00       0.00       0.00       0.00       0.00
--------------------------------------------------------------------------------
Best docking solution after GA:
     10500      60.83     -60.83       0.00       0.00       0.00       0.00       0.00       0.00

#ops:      10500 #mutates:   4970 #cross:     5008 #migrate:    522 
#dups:      6131 #niche:     4357 #errors:     162 
--------------------------------------------------------------------------------

Doing AMOEBA simplex on best individual
Done simplexing #iterations 279, best score  62.07

Ligand is stored in gold_soln_5a8e_m1_3.mol2


--------------------------------------------------------------------------------
--- CHEMPLP breakdown of terms                                               ---
--------------------------------------------------------------------------------
CHEMPLP = - ( 1.0000*S(PLP) + -3.0000*S(hbond) + -6.0000*S(metal) + -3.0000*S(cho) )

Score = CHEMPLP - 1.0000*DE(clash) - 2.0000*DE(tors)

Internal energy term has been corrected with the best internal energy encountered.

--------------------------------------------------------------------------------


     Score     S(PLP)   S(hbond)     S(cho)   S(metal)  DE(clash)   DE(tors)     intcor
     62.07     -62.07       0.00       0.00       0.00       0.00       0.00       0.00

--------------------------------------------------------------------------------
--- PLP analysis of protein-ligand interactions                              ---
--------------------------------------------------------------------------------
hydrogen bonding        :      -5.91
metal                   :       0.00
buried (polar-nonpolar) :      -3.71
nonpolar                :     -53.57
repulsive               :       0.33
--------------------------------------------------------------------------------


--------------------------------------------------------------------------------
--- ChemScore analysis of protein-ligand interactions                        ---
--------------------------------------------------------------------------------

* Hydrogen bonds                                                                


* CH..O interactions                                                            
  CH group selection                       : activated ring CH (adjacent to hetatom)

--------------------------------------------------------------------------------


--------------------------------------------------------------------------------
--- Intra-ligand clashes                                                     ---
--------------------------------------------------------------------------------

Ligand
--------------------------------------------------------------------------------


--------------------------------------------------------------------------------
--- Chromosome decoded                                                       ---
--------------------------------------------------------------------------------
Mapping
Ligand acceptors to protein hydrogens (mapping then atom ids)
Ligand hydrogens to protein acceptors (mapping then atom ids)
Ligand shape atoms to protein points (mapping then atom ids & coords)
  2  5837 [ 10->(-23.000   3.250  12.000)]
  3  6561 [ 11->(-22.750   3.500  12.500)]
  4  1070 [ 14->(-24.750   3.750  15.750)]
  5  3752 [ 15->(-23.750   5.750  16.750)]
  6  6772 [ 16->(-22.750   8.000  17.250)]
  7  8282 [ 18->(-21.250   9.250  18.000)]
  9  3917 [ 20->(-23.750   9.000  16.750)]
 10  7445 [ 22->(-22.250   5.000  10.250)]
Chromosome values
Integers:
  -1   -1   -1   -1   -1   -1   -1   -1 5836 6560 1069 3751 
6771 8281   -1 3916 7444 
--------------------------------------------------------------------------------

Current Ranking  1  3  2

Top  3 (of  3) solutions are within 1.000 RMSD, finishing docking C:/Users/student/Desktop/project/beta1/ligandy/5a8e.mol2.


--------------------------------------------------------------------------------

* GA execution time :                                                           
  total  0.0005 user  0.0005 sys  0.0000

--------------------------------------------------------------------------------
Fitness function evaluations: 18020

--------------------------------------------------------------------------------
--- Ranking analysis                                                         ---
--------------------------------------------------------------------------------


* Final ranked order of GA solutions:                                           
   1  3  2 

  _______________________________
  RMSD Matrix of RANKED solutions

        2    3  

   1 :  0.0  0.0
   2 :       0.0

  Clustering method                        : complete linkage
  Structure ids in cluster table           : rank nos.
  Ordering of clusters and their members   : by rank (order if from rms_analysis)

  Distance | Clusters
   0.03    |  1  3 |  2 |
   0.04    |  1  2  3 |
  Finished Docking Ligand                  : C:/Users/student/Desktop/project/beta1/ligandy/5a8e.mol2
--------------------------------------------------------------------------------

  Relative_Ligand_Energy (best encountered) :   0.000
  Relative_Ligand_Energy: fitness values have been corrected using this amount
