
--------------------------------------------------------------------------------
--- Ligand                                                                   ---
--------------------------------------------------------------------------------
  Ligand loaded from file                  : C:/Users/student/Desktop/Dokowanko/Dokowanko/beta2/ligandy/3d4s.mol2
  Ligand name                              :  
  "C:\Users\porto\OneDrive\projekt\beta2\ligandy\L_3d4s.pdb L_3d4s.pdb 1    "

--------------------------------------------------------------------------------
  N.plc donors                             : 
  none found

  Acidic nitrogen acceptors                : 
  none found
  Sulfur acceptors                         :
   9 : (thiol or thioether)    (S)  

  Donor atoms                              :      2
  15  17  
  Acceptor atoms                           :      6
  1   8   10  12  15  17  

  Hydrogens                                :  (n = 2)
  33   36   

  Lone pairs added to molecule             :      9
  Numbering                                : from 46 to 54

--------------------------------------------------------------------------------
--- Postprocessing of typing                                                 ---
--------------------------------------------------------------------------------
  Fragment file                            : C:\Program Files (x86)\CCDC/GoldSuite_2017\GOLD\gold\rotatable_bond_override.mol2
  acylurea fragment                        : no matches
  thioacylthiourea fragment                : no matches
  acylthiourea fragment                    : no matches
  thioacylurea fragment                    : no matches
  diarylamine fragment >C.ar-NH-C.ar<      : no matches
  sec-amine (1) fragment                   : no matches
  sec-amine (2) fragment                   : 1 matches
  Ligand bond 4-7  set to 1
  Ligand bond 4-3  set to 1
  Ligand bond 4-5  set to 1
  sec-amine (3) fragment                   : no matches
  carboxylic ester                         : no matches

* Rotatable bonds in C:/Users/student/Des  :
  [   4    7] [  11   12] [  12   13] [  13   14] 
  [  14   15] [  14   16] [  16   17] [  17   18] 
  No. of rotatable bonds                   :      8


* Fragments found in C:/Users/student/Des  :


* Checking torsion distributions:                                               
  Rotatable bond [10 11 12 13] matches torsion: ortho-substituted hetero aromatic-aliphatic ether
   N.ar ( 0H ) | C.ar ( C.ar ( 0H ) ) | O.3 | C.3 ( 2H ) 
  No. of matched torsions                  :      1

--------------------------------------------------------------------------------
--- Shape fitting atoms selection (hydrophobic atoms)                        ---
--------------------------------------------------------------------------------
  Molecule                                 : C:/Users/student/Desktop/Dokowanko/Dokowanko/beta2/ligandy/3d4s.mol2
  Selection                                : carbons only
  Atom numbers                             :  (n = 10)
  2    3    5    6    13   14   16   19   20   21   
  


--------------------------------------------------------------------------------
--- ChemScore ligand setup summary                                           ---
--------------------------------------------------------------------------------
  ChemScore ligand acceptors               :      6
  1 8 10 12 15 17 
  ChemScore ligand donors                  :      2
  15 ( 33  ) 17 ( 36  ) 
  ChemScore ligand lipophilic atoms        :  (n = 11)
  2    3    5    6    13   14   16   18   19   20   
  21   

  ChemScore ligand rotatable bonds         :      8
  4   (N4 ) - 7   (C7 ): SP2_SP2_BOND
  11  (C11) - 12  (O12): SP3_SP2_BOND
  12  (O12) - 13  (C13): SP3_SP3_BOND
  13  (C13) - 14  (C14): SP3_SP3_BOND
  14  (C14) - 15  (O15): SP3_SP3_BOND
  14  (C14) - 16  (C16): SP3_SP3_BOND
  16  (C16) - 17  (N17): SP3_SP3_BOND
  17  (N17) - 18  (C18): SP3_SP3_BOND

--------------------------------------------------------------------------------
--- Automatic parameter setting                                              ---
--------------------------------------------------------------------------------
  Contribution base                        :   2500
  Contribution per rotatable bond          :   6000
  Contribution per df                      :   4000
  Contribution per water                   :  10000
  Ligand rotatable bonds                   :      8
  Protein flexible side chain bonds        :      0
  Total rotatable bonds                    :      8
  Hydrophobic vol ratio (P/L)              :   1.121
  Base multiplier (polar)                  :   1.600
  Base multiplier (apolar)                 :   2.242
  Base contribution                        : 7500.000
  Fitting points                           :      8
  Estimated maxops needed (optimal)        :  56000

--------------------------------------------------------------------------------

* Population settings                                                           
  maxops                                   :  56000
  popsiz                                   :    100
  select_pressure                          :   1.100
  n_islands                                :      5
  niche_siz                                :      2

* GA settings                                                                   
  pt_crosswt                               :     95
  allele_mutatewt                          :     95
  migratewt                                :     10

* Search settings                                                               
  start_vdw_linear_cutoff                  :   4.000
  initial_virtual_pt_match_max             :   3.000

--------------------------------------------------------------------------------

* Ligand initialisation time :                                                  
  total  0.0000 user  0.0000 sys  0.0000

--------------------------------------------------------------------------------

--------------------------------------------------------------------------------
** Docking run number  1 **
--------------------------------------------------------------------------------
  Rank fitness base is 5000.00 ; increment is 11.2233

* Initialising population(s) ...                                                
Number of constraints mappings 0
Number of constraints 0
  Population no.                           :      1
  Population size                          :    100
  Number of duplicates                     :      0
  Number of niche violations               :      0
  Number of errors                         :     13

Number of constraints mappings 0
Number of constraints 0
  Population no.                           :      2
  Population size                          :    100
  Number of duplicates                     :      0
  Number of niche violations               :      0
  Number of errors                         :      9

Number of constraints mappings 0
Number of constraints 0
  Population no.                           :      3
  Population size                          :    100
  Number of duplicates                     :      0
  Number of niche violations               :      0
  Number of errors                         :      9

Number of constraints mappings 0
Number of constraints 0
  Population no.                           :      4
  Population size                          :    100
  Number of duplicates                     :      0
  Number of niche violations               :      0
  Number of errors                         :     14

Number of constraints mappings 0
Number of constraints 0
  Population no.                           :      5
  Population size                          :    100
  Number of duplicates                     :      0
  Number of niche violations               :      0
  Number of errors                         :     15


Doing GA, no. of population(s) 5 size 100 selection pressure 1.100000

 Operation      Score         DG    S(hbond)    S(metal)    S(lipo)     H(rot)  DE(clash)    DE(int)     intcor
         0       6.68     -21.16       1.01        0.00     166.38       2.80       9.74       4.74       1.01
       483       8.51     -14.51       0.00        0.00     138.47       2.80       3.95       2.05       1.01
       742      11.54     -21.51       1.81        0.00     146.65       2.80       7.84       2.12       1.01
      2187      12.15     -20.58       1.65        0.00     143.33       2.80       6.23       2.21       0.93
      3813      13.24     -18.33       0.87        0.00     146.21       2.80       3.97       1.12       0.93
      5480      13.38     -21.34       1.13        0.00     164.56       2.80       3.02       4.94       0.93
      5525      13.61     -21.57       1.20        0.00     164.56       2.80       3.02       4.94       0.93
      5688      14.88     -18.23       0.87        0.00     145.33       2.80       1.94       1.41       0.93
      6662      16.62     -20.87       1.79        0.00     141.84       2.80       2.52       1.73       0.93
      9272      17.18     -19.15       0.78        0.00     155.74       2.80       0.08       1.88       0.64
      9542      17.71     -20.59       0.94        0.00     163.55       2.80       1.51       1.37       0.64
     10833      18.35     -20.62       0.94        0.00     163.80       2.80       0.90       1.36       0.64
     12278      18.76     -20.32       0.91        0.00     162.32       2.80       0.14       1.42       0.64
     14902      18.86     -20.50       0.94        0.00     162.75       2.80       0.14       1.50       0.64
     19019      19.02     -23.66       2.72        0.00     139.04       2.80       2.20       2.44       0.64
     19467      19.49     -23.79       2.78        0.00     138.56       2.80       1.93       2.37       0.64
     20142      19.51     -23.82       2.78        0.00     138.56       2.80       1.93       2.37       0.64
     22234      19.99     -23.72       2.68        0.00     140.69       2.80       1.33       2.40       0.64
     24284      20.01     -24.60       2.98        0.00     139.74       2.80       2.23       2.36       0.64
     25009      20.40     -24.44       2.98        0.00     138.34       2.80       1.68       2.36       0.64
     30699      20.63     -24.42       2.97        0.00     138.57       2.80       1.43       2.36       0.64
     30716      21.39     -24.02       2.78        0.00     140.46       2.80       0.12       2.51       0.64
     34071      21.63     -24.27       2.82        0.00     141.31       2.80       0.13       2.51       0.64
     40301      21.67     -24.32       2.84        0.00     141.31       2.80       0.13       2.51       0.64
     43011      21.34     -23.95       2.73        0.00     141.31       2.80       0.13       2.47       0.64
     43396      21.47     -24.56       2.98        0.00     139.26       2.80       0.61       2.49       0.64
     49341      21.51     -24.61       2.98        0.00     139.77       2.80       0.61       2.49       0.64
     52066      21.57     -24.51       2.98        0.00     139.00       2.80       0.45       2.49       0.64
     52396      21.94     -24.52       2.96        0.00     139.46       2.80       0.10       2.49       0.64
     54676      22.29     -24.38       2.94        0.00     138.87       2.80       0.10       1.99       0.64
--------------------------------------------------------------------------------
Best docking solution after GA:
     56000      22.29     -24.38       2.94        0.00     138.87       2.80       0.10       1.99       0.64

#ops:      56000 #mutates:  26488 #cross:    26730 #migrate:   2782 
#dups:     10898 #niche:    30844 #errors:     312 
--------------------------------------------------------------------------------

Doing AMOEBA simplex on best individual
Done simplexing #iterations 590, best score  22.59

Ligand is stored in gold_soln_3d4s_m1_1.mol2


--------------------------------------------------------------------------------
--- ChemScore breakdown of terms                                             ---
--------------------------------------------------------------------------------
DG = -5.4800 + -3.3400*S(hbond)
     + -6.0300*S(metal) + -0.1170*S(lipo) + 2.5600*H(rot)


H(rot) = 2.8026

Score = -(DG + DE(clash) + DE(int))

Internal energy term has been corrected with the best internal energy encountered.

--------------------------------------------------------------------------------


     Score         DG    S(hbond)    S(metal)    S(lipo)     H(rot)  DE(clash)    DE(int)     intcor
     22.59     -24.58       2.97        0.00     139.76       2.80       0.17       1.82       0.64

--------------------------------------------------------------------------------
--- ChemScore analysis of protein-ligand interactions                        ---
--------------------------------------------------------------------------------

* Hydrogen bonds                                                                
Ligand donor   15 hydrogen   33 Protein acceptor 4098 bond energy  1.00 wt 0.99
Ligand donor   17 hydrogen   36 Protein acceptor 4098 bond energy  1.00 wt 1.00
Protein donor 2768 hydrogen 2773 Ligand acceptor    1 bond energy  1.00 wt 0.98

CHEMSCORE EXTRA INTERACTIONS:

* Clashes                                                                       
Clash for ligand atom  10 (N10  ):   0.09
Clash for ligand atom  15 (O15  ):   0.01
Clash for ligand atom  20 (C20  ):   0.07
--------------------------------------------------------------------------------


--------------------------------------------------------------------------------
--- Chromosome decoded                                                       ---
--------------------------------------------------------------------------------
Ligand Torsions
[   3    4    7    8]  152.45
[  10   11   12   13]    1.02    matched torsion: ortho-substituted hetero aromatic-aliphatic ether
[  11   12   13   14]  -82.19
[  15   14   13   12]   53.65
[  33   15   14   13]  110.53
[  17   16   14   13]  -83.89
[  18   17   16   14] -158.01
[  19   18   17   16]   63.36
Protein Torsions
[4175 4166 4165 4163] -156.49 
[1294 1290 1288 1285]  120.35 
[4033 4024 4023 4021]  -62.02 
[1412 1408 1406 1403]   11.49 
[2830 2825 2824 2821]   94.20 
[2723 2714 2713 2711] -145.63 
[2773 2768 2767 2764] -130.52 
Mapping
Ligand acceptors to protein hydrogens (mapping then atom ids)
  1  12 [  1->2773]
Ligand hydrogens to protein acceptors (mapping then atom ids)
  2   3 [ 36->4098]
Ligand shape atoms to protein points (mapping then atom ids & coords)
  1  5705 [  2->(-25.750   9.250   5.750)]
  7  2452 [ 16->(-33.500   6.250   7.750)]
Chromosome values
Integers:
  11   -1   -1   -1   -1   -1   -1    2 5704   -1   -1   -1 
  -1   -1 2451   -1   -1   -1 
--------------------------------------------------------------------------------

Current Ranking  1

--------------------------------------------------------------------------------

* GA execution time :                                                           
  total  4.0005 user  4.0005 sys  0.0000

--------------------------------------------------------------------------------
Fitness function evaluations: 94774

--------------------------------------------------------------------------------
** Docking run number  2 **
--------------------------------------------------------------------------------
  Rank fitness base is 5000.00 ; increment is 11.2233

* Initialising population(s) ...                                                
Number of constraints mappings 0
Number of constraints 0
  Population no.                           :      1
  Population size                          :    100
  Number of duplicates                     :      0
  Number of niche violations               :      0
  Number of errors                         :     16

Number of constraints mappings 0
Number of constraints 0
  Population no.                           :      2
  Population size                          :    100
  Number of duplicates                     :      0
  Number of niche violations               :      0
  Number of errors                         :      8

Number of constraints mappings 0
Number of constraints 0
  Population no.                           :      3
  Population size                          :    100
  Number of duplicates                     :      0
  Number of niche violations               :      0
  Number of errors                         :      8

Number of constraints mappings 0
Number of constraints 0
  Population no.                           :      4
  Population size                          :    100
  Number of duplicates                     :      0
  Number of niche violations               :      0
  Number of errors                         :      9

Number of constraints mappings 0
Number of constraints 0
  Population no.                           :      5
  Population size                          :    100
  Number of duplicates                     :      0
  Number of niche violations               :      0
  Number of errors                         :      8


Doing GA, no. of population(s) 5 size 100 selection pressure 1.100000

 Operation      Score         DG    S(hbond)    S(metal)    S(lipo)     H(rot)  DE(clash)    DE(int)     intcor
         0       4.62     -15.69       0.00        0.00     148.61       2.80       9.20       1.88       0.64
       210       6.07     -17.84       0.95        0.00     139.78       2.80       8.07       3.70       0.64
       698       6.69     -15.18       0.45        0.00     131.43       2.80       6.13       2.37       0.64
       813      10.79     -18.00       0.87        0.00     143.58       2.80       6.45       0.76       0.64
      1998      11.27     -18.48       1.01        0.00     143.58       2.80       6.45       0.76       0.64
      4153      13.02     -18.29       0.98        0.00     142.99       2.80       4.51       0.76       0.64
      4553      15.56     -20.83       1.74        0.00     142.99       2.80       4.51       0.76       0.64
      8220      16.07     -17.42       1.00        0.00     134.90       2.80       0.05       1.30       0.64
      9068      16.21     -21.36       1.89        0.00     143.04       2.80       4.40       0.76       0.64
      9193      16.25     -21.51       1.94        0.00     142.99       2.80       4.51       0.76       0.64
      9447      16.64     -19.03       1.46        0.00     135.37       2.80       0.05       2.33       0.63
      9472      17.09     -19.83       1.71        0.00     135.06       2.80       0.03       2.71       0.63
     10837      17.27     -19.72       1.66        0.00     135.65       2.80       0.13       2.33       0.63
     11931      17.79     -20.20       1.76        0.00     136.85       2.80       0.08       2.33       0.63
     12316      18.13     -20.37       1.80        0.00     137.14       2.80       0.01       2.24       0.63
     12937      18.51     -21.54       2.31        0.00     132.73       2.80       1.50       1.53       0.61
     13284      19.06     -24.24       2.75        0.00     143.04       2.80       4.40       0.79       0.61
     14427      19.07     -21.93       2.38        0.00     134.05       2.80       1.70       1.16       0.61
     14887      19.12     -21.66       2.31        0.00     133.81       2.80       1.38       1.16       0.61
     14937      19.21     -21.70       2.27        0.00     135.07       2.80       1.34       1.16       0.61
     14947      19.53     -22.11       2.41        0.00     134.83       2.80       1.43       1.16       0.61
     15147      19.65     -23.79       2.72        0.00     140.33       2.80       2.99       1.16       0.61
     15927      19.77     -23.91       2.75        0.00     140.33       2.80       2.99       1.16       0.61
     16132      19.94     -24.08       2.80        0.00     140.33       2.80       2.99       1.16       0.61
     19137      19.94     -24.08       2.80        0.00     140.33       2.80       2.99       1.16       0.61
     19223      20.09     -21.24       2.18        0.00     133.94       2.80       0.16       0.99       0.61
     19603      20.11     -21.41       2.24        0.00     133.37       2.80       0.30       1.00       0.61
     21008      20.25     -21.24       1.97        0.00     139.69       2.80       0.41       0.58       0.61
     21307      20.40     -22.99       2.62        0.00     136.19       2.80       1.47       1.12       0.61
     23402      20.68     -22.02       2.36        0.00     135.37       2.80       0.29       1.05       0.56
     24287      21.08     -21.98       2.34        0.00     135.48       2.80       0.29       0.61       0.56
     26786      21.14     -22.38       2.35        0.00     138.74       2.80       0.11       1.14       0.56
     27830      21.15     -22.03       2.36        0.00     135.24       2.80       0.07       0.81       0.56
     28277      21.25     -21.99       2.29        0.00     137.03       2.80       0.12       0.62       0.56
     29003      21.25     -22.03       2.36        0.00     135.37       2.80       0.30       0.47       0.56
     29409      21.29     -21.89       2.28        0.00     136.52       2.80       0.12       0.47       0.56
     30630      21.41     -22.27       2.31        0.00     139.02       2.80       0.06       0.80       0.47
     31506      21.54     -22.40       2.36        0.00     138.66       2.80       0.11       0.74       0.47
     33747      21.60     -22.39       2.36        0.00     138.52       2.80       0.05       0.74       0.47
     35853      21.61     -22.45       2.37        0.00     138.74       2.80       0.11       0.73       0.47
     36183      21.62     -22.44       2.37        0.00     138.71       2.80       0.11       0.72       0.47
     38128      21.67     -22.48       2.37        0.00     138.84       2.80       0.08       0.73       0.47
     38748      21.69     -22.49       2.38        0.00     138.81       2.80       0.08       0.72       0.47
Reordering...
     42000      20.82     -24.37       2.85        0.00     141.32       2.80       3.34       0.22       0.47
     48769      20.83     -21.68       1.98        0.00     143.27       2.80       0.10       0.75       0.47
     51669      20.92     -21.70       1.98        0.00     143.27       2.80       0.02       0.76       0.47
     52721      21.12     -21.74       1.98        0.00     143.89       2.80       0.05       0.58       0.47
     52736      21.68     -24.19       2.82        0.00     140.75       2.80       2.30       0.22       0.47
     54206      21.70     -24.21       2.83        0.00     140.75       2.80       2.30       0.22       0.47
--------------------------------------------------------------------------------
Best docking solution after GA:
     56000      21.70     -24.21       2.83        0.00     140.75       2.80       2.30       0.22       0.47

#ops:      56000 #mutates:  26609 #cross:    26549 #migrate:   2842 
#dups:     13562 #niche:    39691 #errors:     150 
--------------------------------------------------------------------------------

Doing AMOEBA simplex on best individual
Done simplexing #iterations 599, best score  22.16

Ligand is stored in gold_soln_3d4s_m1_2.mol2


--------------------------------------------------------------------------------
--- ChemScore breakdown of terms                                             ---
--------------------------------------------------------------------------------
DG = -5.4800 + -3.3400*S(hbond)
     + -6.0300*S(metal) + -0.1170*S(lipo) + 2.5600*H(rot)


H(rot) = 2.8026

Score = -(DG + DE(clash) + DE(int))

Internal energy term has been corrected with the best internal energy encountered.

--------------------------------------------------------------------------------


     Score         DG    S(hbond)    S(metal)    S(lipo)     H(rot)  DE(clash)    DE(int)     intcor
     22.16     -24.64       2.90        0.00     142.18       2.80       2.30       0.18       0.47

--------------------------------------------------------------------------------
--- ChemScore analysis of protein-ligand interactions                        ---
--------------------------------------------------------------------------------

* Hydrogen bonds                                                                
Ligand donor   15 hydrogen   33 Protein acceptor 4024 bond energy  1.00 wt 0.95
Ligand donor   17 hydrogen   36 Protein acceptor 4098 bond energy  1.00 wt 0.99
Protein donor 2768 hydrogen 2773 Ligand acceptor    1 bond energy  1.00 wt 0.96

CHEMSCORE EXTRA INTERACTIONS:

* Clashes                                                                       
Clash for ligand atom   6 (C6   ):   0.13
Clash for ligand atom   9 (S9   ):   0.33
Clash for ligand atom  12 (O12  ):   0.29
Clash for ligand atom  13 (C13  ):   1.53
--------------------------------------------------------------------------------


--------------------------------------------------------------------------------
--- Chromosome decoded                                                       ---
--------------------------------------------------------------------------------
Ligand Torsions
[   3    4    7    8] -152.33
[  10   11   12   13]    2.91    matched torsion: ortho-substituted hetero aromatic-aliphatic ether
[  11   12   13   14]  144.08
[  15   14   13   12]   58.31
[  33   15   14   13]   81.67
[  17   16   14   13]   37.47
[  18   17   16   14] -178.47
[  19   18   17   16] -179.75
Protein Torsions
[4175 4166 4165 4163]   44.83 
[1294 1290 1288 1285]  -57.94 
[4033 4024 4023 4021] -159.43 
[1412 1408 1406 1403]  -26.75 
[2830 2825 2824 2821]   10.27 
[2723 2714 2713 2711]   24.17 
[2773 2768 2767 2764]  -97.53 
Mapping
Ligand acceptors to protein hydrogens (mapping then atom ids)
Ligand hydrogens to protein acceptors (mapping then atom ids)
  1   6 [ 33->4024]
  2   3 [ 36->4098]
Ligand shape atoms to protein points (mapping then atom ids & coords)
  1  5835 [  2->(-25.250   9.750   6.500)]
  2  5800 [  3->(-25.500  10.000   5.750)]
  3  5025 [  5->(-27.250  11.750   5.500)]
  5  3366 [ 13->(-32.000   7.500   7.500)]
  7  2545 [ 16->(-33.250   5.250   9.500)]
  8  1818 [ 19->(-34.250   4.750   8.500)]
  9  1499 [ 20->(-34.750   4.750   9.500)]
Chromosome values
Integers:
  -1   -1   -1   -1   -1   -1    5    2 5834 5799 5024   -1 
3365   -1 2544 1817 1498   -1 
--------------------------------------------------------------------------------

Current Ranking  1  2

--------------------------------------------------------------------------------

* GA execution time :                                                           
  total  4.9997 user  4.9997 sys  0.0000

--------------------------------------------------------------------------------
Fitness function evaluations: 94598

--------------------------------------------------------------------------------
** Docking run number  3 **
--------------------------------------------------------------------------------
  Rank fitness base is 5000.00 ; increment is 11.2233

* Initialising population(s) ...                                                
Number of constraints mappings 0
Number of constraints 0
  Population no.                           :      1
  Population size                          :    100
  Number of duplicates                     :      0
  Number of niche violations               :      0
  Number of errors                         :     11

Number of constraints mappings 0
Number of constraints 0
  Population no.                           :      2
  Population size                          :    100
  Number of duplicates                     :      0
  Number of niche violations               :      0
  Number of errors                         :     11

Number of constraints mappings 0
Number of constraints 0
  Population no.                           :      3
  Population size                          :    100
  Number of duplicates                     :      0
  Number of niche violations               :      0
  Number of errors                         :     13

Number of constraints mappings 0
Number of constraints 0
  Population no.                           :      4
  Population size                          :    100
  Number of duplicates                     :      0
  Number of niche violations               :      0
  Number of errors                         :      9

Number of constraints mappings 0
Number of constraints 0
  Population no.                           :      5
  Population size                          :    100
  Number of duplicates                     :      0
  Number of niche violations               :      0
  Number of errors                         :     11


Doing GA, no. of population(s) 5 size 100 selection pressure 1.100000

 Operation      Score         DG    S(hbond)    S(metal)    S(lipo)     H(rot)  DE(clash)    DE(int)     intcor
         0       3.41     -14.41       0.00        0.00     137.61       2.80       8.52       2.48       0.47
       410       4.92     -13.76       0.07        0.00     130.07       2.80       6.85       1.99       0.47
       565       6.00     -13.39       0.00        0.00     128.76       2.80       5.40       1.99       0.47
       637       6.57     -15.41       0.09        0.00     143.46       2.80       7.69       1.15       0.47
       897       7.01     -15.92       0.00        0.00     150.56       2.80       4.10       4.81       0.47
      1262       7.01     -16.02       0.00        0.00     151.42       2.80       4.15       4.86       0.47
      2322       8.07     -14.78       0.19        0.00     135.28       2.80       3.17       3.54       0.47
      2347       8.19     -14.52       0.05        0.00     137.30       2.80       5.20       1.13       0.47
      2908      10.42     -19.92       1.65        0.00     137.55       2.80       5.85       3.66       0.47
      4114      13.73     -17.30       1.00        0.00     133.93       2.80       1.01       2.56       0.47
      6753      14.53     -16.82       1.00        0.00     129.74       2.80       0.04       2.25       0.47
      9085      14.84     -19.51       1.66        0.00     133.89       2.80       1.51       3.15       0.47
      9769      15.32     -21.39       1.95        0.00     141.66       2.80       2.79       3.28       0.47
     12079      15.53     -19.39       1.60        0.00     134.51       2.80       1.03       2.83       0.47
     12456      16.08     -19.90       1.76        0.00     134.39       2.80       0.16       3.66       0.47
     12936      16.25     -20.08       1.79        0.00     135.03       2.80       0.17       3.66       0.47
     13009      16.42     -18.94       1.45        0.00     135.09       2.80       0.63       1.88       0.47
     14159      16.47     -21.36       1.95        0.00     141.49       2.80       1.61       3.28       0.47
     14354      16.56     -21.22       1.93        0.00     140.77       2.80       2.61       2.05       0.47
     15453      17.14     -20.81       1.84        0.00     139.85       2.80       1.73       1.94       0.47
     15969      17.68     -20.97       1.90        0.00     139.47       2.80       1.26       2.02       0.47
     16423      18.11     -20.19       1.76        0.00     136.77       2.80       0.46       1.63       0.47
     18053      18.13     -20.21       1.77        0.00     136.77       2.80       0.46       1.63       0.47
     18838      18.71     -19.86       1.66        0.00     136.74       2.80       0.48       0.67       0.47
     19047      20.47     -21.40       2.06        0.00     138.49       2.80       0.26       0.67       0.47
     19942      20.83     -21.71       2.15        0.00     138.64       2.80       0.22       0.66       0.47
     26188      20.86     -21.71       2.07        0.00     141.07       2.80       0.17       0.67       0.47
     29923      20.87     -21.65       2.06        0.00     140.79       2.80       0.13       0.66       0.47
     32547      20.90     -21.74       2.08        0.00     140.87       2.80       0.16       0.68       0.47
     34345      21.22     -23.53       2.75        0.00     137.01       2.80       0.91       1.40       0.47
     34614      21.40     -23.75       2.77        0.00     138.34       2.80       0.95       1.40       0.47
     35169      21.43     -23.78       2.78        0.00     138.34       2.80       0.95       1.40       0.47
     35796      21.78     -23.60       2.78        0.00     136.78       2.80       0.41       1.41       0.47
     40114      21.92     -23.53       2.69        0.00     138.79       2.80       0.32       1.29       0.47
     41806      21.99     -23.80       2.85        0.00     136.51       2.80       0.40       1.41       0.47
     45509      21.78     -23.88       2.80        0.00     138.70       2.80       0.81       1.29       0.47
     45592      22.05     -23.57       2.79        0.00     136.32       2.80       0.12       1.40       0.47
     46566      22.08     -23.59       2.78        0.00     136.72       2.80       0.12       1.38       0.47
     52822      22.10     -23.59       2.79        0.00     136.48       2.80       0.12       1.38       0.47
     53253      22.14     -23.94       2.91        0.00     135.95       2.80       0.40       1.39       0.47
     53885      22.34     -23.88       2.87        0.00     136.76       2.80       0.13       1.41       0.47
--------------------------------------------------------------------------------
Best docking solution after GA:
     56000      22.34     -23.88       2.87        0.00     136.76       2.80       0.13       1.41       0.47

#ops:      56000 #mutates:  26684 #cross:    26501 #migrate:   2815 
#dups:     15345 #niche:    37670 #errors:     161 
--------------------------------------------------------------------------------

Doing AMOEBA simplex on best individual
Done simplexing #iterations 744, best score  22.91

Ligand is stored in gold_soln_3d4s_m1_3.mol2


--------------------------------------------------------------------------------
--- ChemScore breakdown of terms                                             ---
--------------------------------------------------------------------------------
DG = -5.4800 + -3.3400*S(hbond)
     + -6.0300*S(metal) + -0.1170*S(lipo) + 2.5600*H(rot)


H(rot) = 2.8026

Score = -(DG + DE(clash) + DE(int))

Internal energy term has been corrected with the best internal energy encountered.

--------------------------------------------------------------------------------


     Score         DG    S(hbond)    S(metal)    S(lipo)     H(rot)  DE(clash)    DE(int)     intcor
     22.91     -24.23       2.90        0.00     138.83       2.80       0.12       1.21       0.47

--------------------------------------------------------------------------------
--- ChemScore analysis of protein-ligand interactions                        ---
--------------------------------------------------------------------------------

* Hydrogen bonds                                                                
Ligand donor   15 hydrogen   33 Protein acceptor 4098 bond energy  1.00 wt 0.97
Ligand donor   17 hydrogen   36 Protein acceptor 4098 bond energy  1.00 wt 0.97
Protein donor 2768 hydrogen 2773 Ligand acceptor    1 bond energy  1.00 wt 0.97

CHEMSCORE EXTRA INTERACTIONS:

* Clashes                                                                       
Clash for ligand atom   9 (S9   ):   0.02
Clash for ligand atom  10 (N10  ):   0.02
Clash for ligand atom  15 (O15  ):   0.08
--------------------------------------------------------------------------------


--------------------------------------------------------------------------------
--- Chromosome decoded                                                       ---
--------------------------------------------------------------------------------
Ligand Torsions
[   3    4    7    8]  152.78
[  10   11   12   13]   16.40    matched torsion: ortho-substituted hetero aromatic-aliphatic ether
[  11   12   13   14] -110.14
[  15   14   13   12]   51.69
[  33   15   14   13]   94.06
[  17   16   14   13]  -87.73
[  18   17   16   14] -124.72
[  19   18   17   16]  179.47
Protein Torsions
[4175 4166 4165 4163]  -96.63 
[1294 1290 1288 1285]   -7.86 
[4033 4024 4023 4021]   68.46 
[1412 1408 1406 1403]   33.64 
[2830 2825 2824 2821]   69.54 
[2723 2714 2713 2711]  164.90 
[2773 2768 2767 2764] -123.30 
Mapping
Ligand acceptors to protein hydrogens (mapping then atom ids)
Ligand hydrogens to protein acceptors (mapping then atom ids)
  1   3 [ 33->4098]
  2   3 [ 36->4098]
Ligand shape atoms to protein points (mapping then atom ids & coords)
  2  5071 [  3->(-27.000   8.500   6.750)]
  5  3179 [ 13->(-32.250   7.250   5.000)]
  6  2756 [ 14->(-33.000   7.000   8.000)]
  7  2638 [ 16->(-33.250   7.250   7.250)]
  8  1163 [ 19->(-35.500   4.000   9.500)]
  9   828 [ 20->(-36.250   3.500   9.250)]
 10  2673 [ 21->(-33.000   5.000   9.500)]
Chromosome values
Integers:
  -1   -1   -1   -1   -1   -1    2    2   -1 5070   -1   -1 
3178 2755 2637 1162  827 2672 
--------------------------------------------------------------------------------

Current Ranking  3  1  2

--------------------------------------------------------------------------------

* GA execution time :                                                           
  total  5.9987 user  4.9997 sys  0.9990

--------------------------------------------------------------------------------
Fitness function evaluations: 94068

--------------------------------------------------------------------------------
** Docking run number  4 **
--------------------------------------------------------------------------------
  Rank fitness base is 5000.00 ; increment is 11.2233

* Initialising population(s) ...                                                
Number of constraints mappings 0
Number of constraints 0
  Population no.                           :      1
  Population size                          :    100
  Number of duplicates                     :      0
  Number of niche violations               :      0
  Number of errors                         :      6

Number of constraints mappings 0
Number of constraints 0
  Population no.                           :      2
  Population size                          :    100
  Number of duplicates                     :      0
  Number of niche violations               :      0
  Number of errors                         :      9

Number of constraints mappings 0
Number of constraints 0
  Population no.                           :      3
  Population size                          :    100
  Number of duplicates                     :      0
  Number of niche violations               :      0
  Number of errors                         :     10

Number of constraints mappings 0
Number of constraints 0
  Population no.                           :      4
  Population size                          :    100
  Number of duplicates                     :      0
  Number of niche violations               :      0
  Number of errors                         :      6

Number of constraints mappings 0
Number of constraints 0
  Population no.                           :      5
  Population size                          :    100
  Number of duplicates                     :      0
  Number of niche violations               :      0
  Number of errors                         :     12


Doing GA, no. of population(s) 5 size 100 selection pressure 1.100000

 Operation      Score         DG    S(hbond)    S(metal)    S(lipo)     H(rot)  DE(clash)    DE(int)     intcor
         0       0.34     -14.08       0.01        0.00     134.64       2.80       6.95       6.78       0.47
       249       2.52     -21.25       1.92        0.00     141.44       2.80      16.86       1.87       0.47
       433       7.77     -14.37       0.00        0.00     137.34       2.80       4.28       2.33       0.47
       864       9.90     -18.57       1.00        0.00     144.68       2.80       5.44       3.23       0.47
      2544      12.02     -20.03       1.56        0.00     141.15       2.80       4.95       3.06       0.47
      3768      14.46     -19.84       1.50        0.00     141.17       2.80       2.75       2.62       0.47
      5003      14.69     -20.04       1.61        0.00     139.97       2.80       2.75       2.60       0.47
      5263      15.17     -21.08       1.93        0.00     139.55       2.80       3.31       2.60       0.47
      6738      16.47     -21.14       1.94        0.00     139.88       2.80       2.49       2.18       0.47
      6853      16.67     -21.34       2.00        0.00     139.88       2.80       2.49       2.18       0.47
      7368      16.83     -20.21       1.79        0.00     136.19       2.80       1.16       2.22       0.47
      7828      16.87     -21.05       1.98        0.00     137.81       2.80       1.95       2.22       0.47
      7868      16.91     -21.36       2.02        0.00     139.50       2.80       2.32       2.13       0.47
      8908      17.91     -21.38       1.94        0.00     141.73       2.80       1.28       2.18       0.47
     10438      18.04     -21.33       2.10        0.00     136.76       2.80       1.48       1.80       0.47
     10498      18.26     -22.20       2.31        0.00     138.29       2.80       2.14       1.80       0.47
     11178      18.33     -21.52       2.16        0.00     136.90       2.80       1.49       1.70       0.47
     11228      18.52     -21.71       2.21        0.00     136.90       2.80       1.49       1.70       0.47
     11438      18.56     -21.78       2.27        0.00     135.90       2.80       1.27       1.94       0.47
     12113      18.91     -22.27       2.34        0.00     138.01       2.80       1.51       1.86       0.47
     13002      19.87     -23.51       2.67        0.00     139.22       2.80       1.94       1.70       0.47
     15012      19.90     -22.95       2.68        0.00     134.07       2.80       1.35       1.70       0.47
     15322      20.71     -24.05       2.99        0.00     134.70       2.80       1.64       1.70       0.47
     16257      20.78     -24.38       3.06        0.00     135.56       2.80       1.90       1.70       0.47
     19282      21.01     -24.90       3.13        0.00     138.00       2.80       2.25       1.64       0.47
     23133      21.31     -25.20       3.22        0.00     138.00       2.80       2.25       1.64       0.47
     24529      21.34     -25.23       3.23        0.00     138.00       2.80       2.25       1.64       0.47
     25300      21.38     -24.65       3.11        0.00     136.41       2.80       1.57       1.70       0.47
     25604      21.44     -24.90       3.17        0.00     136.86       2.80       1.78       1.68       0.47
     27005      21.46     -25.16       3.23        0.00     137.27       2.80       1.57       2.13       0.47
     27397      21.82     -25.76       3.31        0.00     140.20       2.80       1.79       2.15       0.47
     31579      21.98     -25.40       3.28        0.00     137.78       2.80       1.66       1.76       0.47
     36223      22.00     -25.42       3.28        0.00     137.96       2.80       1.66       1.76       0.47
     36387      22.15     -25.49       3.22        0.00     140.38       2.80       1.64       1.70       0.47
Reordering...
     42000      19.96     -23.29       2.56        0.00     140.38       2.80       1.64       1.70       0.47
     42851      19.99     -23.33       2.57        0.00     140.38       2.80       1.64       1.70       0.47
     42898      20.00     -23.89       2.83        0.00     137.85       2.80       1.79       2.11       0.47
     43228      20.01     -23.61       2.77        0.00     137.32       2.80       1.51       2.08       0.47
     45718      20.04     -23.38       2.59        0.00     140.38       2.80       1.64       1.70       0.47
     46573      20.10     -23.43       2.61        0.00     140.38       2.80       1.64       1.70       0.47
     52317      20.14     -23.48       2.62        0.00     140.38       2.80       1.64       1.70       0.47
     53270      20.50     -24.54       2.93        0.00     140.55       2.80       1.92       2.13       0.47
     54483      20.82     -24.69       2.98        0.00     140.51       2.80       1.76       2.11       0.47
     55669      20.84     -24.71       2.98        0.00     140.75       2.80       1.76       2.11       0.47
--------------------------------------------------------------------------------
Best docking solution after GA:
     56000      20.84     -24.71       2.98        0.00     140.75       2.80       1.76       2.11       0.47

#ops:      56000 #mutates:  26704 #cross:    26551 #migrate:   2745 
#dups:     17675 #niche:    37248 #errors:     230 
--------------------------------------------------------------------------------

Doing AMOEBA simplex on best individual
Done simplexing #iterations 786, best score  21.47

Ligand is stored in gold_soln_3d4s_m1_4.mol2


--------------------------------------------------------------------------------
--- ChemScore breakdown of terms                                             ---
--------------------------------------------------------------------------------
DG = -5.4800 + -3.3400*S(hbond)
     + -6.0300*S(metal) + -0.1170*S(lipo) + 2.5600*H(rot)


H(rot) = 2.8026

Score = -(DG + DE(clash) + DE(int))

Internal energy term has been corrected with the best internal energy encountered.

--------------------------------------------------------------------------------


     Score         DG    S(hbond)    S(metal)    S(lipo)     H(rot)  DE(clash)    DE(int)     intcor
     21.47     -25.06       3.11        0.00     139.86       2.80       1.76       1.83       0.47

--------------------------------------------------------------------------------
--- ChemScore analysis of protein-ligand interactions                        ---
--------------------------------------------------------------------------------

* Hydrogen bonds                                                                
Ligand donor   15 hydrogen   33 Protein acceptor 4098 bond energy  1.00 wt 0.93
Ligand donor   17 hydrogen   36 Protein acceptor 4098 bond energy  1.00 wt 1.00
Protein donor 4024 hydrogen 4033 Ligand acceptor   15 bond energy  1.00 wt 0.26
Protein donor 2768 hydrogen 2773 Ligand acceptor    1 bond energy  1.00 wt 0.92

CHEMSCORE EXTRA INTERACTIONS:

* Clashes                                                                       
Clash for ligand atom  15 (O15  ):   1.75
--------------------------------------------------------------------------------


--------------------------------------------------------------------------------
--- Chromosome decoded                                                       ---
--------------------------------------------------------------------------------
Ligand Torsions
[   3    4    7    8] -174.56
[  10   11   12   13]    3.04    matched torsion: ortho-substituted hetero aromatic-aliphatic ether
[  11   12   13   14] -105.36
[  15   14   13   12]   54.59
[  33   15   14   13]   68.87
[  17   16   14   13]  -54.78
[  18   17   16   14] -156.28
[  19   18   17   16]  172.53
Protein Torsions
[4175 4166 4165 4163]  -62.14 
[1294 1290 1288 1285]  113.37 
[4033 4024 4023 4021]   48.23 
[1412 1408 1406 1403] -161.41 
[2830 2825 2824 2821]   17.70 
[2723 2714 2713 2711] -146.08 
[2773 2768 2767 2764] -126.63 
Mapping
Ligand acceptors to protein hydrogens (mapping then atom ids)
  1  12 [  1->2773]
Ligand hydrogens to protein acceptors (mapping then atom ids)
  1   3 [ 33->4098]
  2   3 [ 36->4098]
Ligand shape atoms to protein points (mapping then atom ids & coords)
  1  5237 [  2->(-26.750   9.500   5.750)]
  2  4690 [  3->(-28.000   9.750   6.750)]
  3  4858 [  5->(-27.500   9.500   6.000)]
  4  5515 [  6->(-26.250  10.000   5.250)]
  5  3315 [ 13->(-32.000   6.000   8.250)]
  6  3022 [ 14->(-32.500   7.000   7.250)]
  7  2811 [ 16->(-32.750   5.000   9.000)]
 10  2232 [ 21->(-33.750   5.250  11.250)]
Chromosome values
Integers:
  11   -1   -1   -1   -1   -1    2    2 5236 4689 4857 5514 
3314 3021 2810   -1   -1 2231 
--------------------------------------------------------------------------------

Current Ranking  3  1  2  4

--------------------------------------------------------------------------------

* GA execution time :                                                           
  total  4.0008 user  4.0008 sys  0.0000

--------------------------------------------------------------------------------
Fitness function evaluations: 94500

--------------------------------------------------------------------------------
** Docking run number  5 **
--------------------------------------------------------------------------------
  Rank fitness base is 5000.00 ; increment is 11.2233

* Initialising population(s) ...                                                
Number of constraints mappings 0
Number of constraints 0
  Population no.                           :      1
  Population size                          :    100
  Number of duplicates                     :      0
  Number of niche violations               :      0
  Number of errors                         :      6

Number of constraints mappings 0
Number of constraints 0
  Population no.                           :      2
  Population size                          :    100
  Number of duplicates                     :      0
  Number of niche violations               :      0
  Number of errors                         :     10

Number of constraints mappings 0
Number of constraints 0
  Population no.                           :      3
  Population size                          :    100
  Number of duplicates                     :      0
  Number of niche violations               :      0
  Number of errors                         :      4

Number of constraints mappings 0
Number of constraints 0
  Population no.                           :      4
  Population size                          :    100
  Number of duplicates                     :      0
  Number of niche violations               :      0
  Number of errors                         :     13

Number of constraints mappings 0
Number of constraints 0
  Population no.                           :      5
  Population size                          :    100
  Number of duplicates                     :      0
  Number of niche violations               :      0
  Number of errors                         :      8


Doing GA, no. of population(s) 5 size 100 selection pressure 1.100000

 Operation      Score         DG    S(hbond)    S(metal)    S(lipo)     H(rot)  DE(clash)    DE(int)     intcor
         0       3.38     -15.98       0.00        0.00     151.03       2.80       4.65       7.94       0.47
       625       4.65     -17.71       0.22        0.00     159.53       2.80       6.94       6.11       0.47
       798       7.20     -13.85       0.00        0.00     132.88       2.80       4.94       1.71       0.47
      1493       9.17     -13.77       0.00        0.00     132.15       2.80       2.44       2.16       0.47
      2418       9.17     -13.77       0.00        0.00     132.15       2.80       2.44       2.16       0.47
      2422       9.95     -16.37       0.09        0.00     151.79       2.80       3.07       3.34       0.47
      3430      10.94     -17.64       0.99        0.00     136.96       2.80       1.19       5.51       0.47
      3747      12.08     -18.49       0.73        0.00     151.79       2.80       3.07       3.34       0.47
      5778      13.27     -16.78       0.93        0.00     131.33       2.80       2.05       1.45       0.47
      7208      13.27     -16.78       0.93        0.00     131.33       2.80       2.05       1.45       0.47
      7308      14.07     -16.54       0.87        0.00     131.06       2.80       1.01       1.45       0.47
      7327      14.44     -17.03       0.97        0.00     132.41       2.80       1.14       1.45       0.47
     10172      14.53     -17.04       0.96        0.00     132.65       2.80       1.06       1.45       0.47
     10214      14.66     -16.90       0.99        0.00     130.56       2.80       0.50       1.74       0.47
     10611      15.39     -20.78       1.97        0.00     135.79       2.80       0.23       5.16       0.47
     11797      15.41     -17.06       0.97        0.00     132.77       2.80       0.15       1.50       0.47
     11859      17.04     -20.38       1.72        0.00     139.58       2.80       1.45       1.89       0.47
     15261      17.14     -21.08       1.99        0.00     137.91       2.80       1.48       2.46       0.47
     16695      17.27     -18.94       1.41        0.00     136.09       2.80       0.07       1.60       0.47
     17456      17.35     -20.92       1.96        0.00     137.34       2.80       1.11       2.46       0.47
     18053      17.37     -20.17       1.68        0.00     138.94       2.80       0.60       2.20       0.47
     18251      17.53     -20.16       1.87        0.00     133.50       2.80       0.25       2.39       0.47
     18318      17.79     -20.06       1.73        0.00     136.54       2.80       0.08       2.20       0.47
     18421      17.95     -20.20       1.87        0.00     133.83       2.80       0.25       2.01       0.47
     18845      18.37     -21.08       1.98        0.00     138.10       2.80       0.56       2.14       0.47
     19351      18.41     -20.45       1.86        0.00     136.23       2.80       0.03       2.01       0.47
     19651      18.42     -20.58       1.96        0.00     134.40       2.80       0.15       2.01       0.47
     19671      18.44     -20.45       1.91        0.00     134.87       2.80       0.00       2.01       0.47
     19951      18.55     -20.67       1.96        0.00     135.16       2.80       0.11       2.01       0.47
     19960      18.56     -20.58       1.94        0.00     134.90       2.80       0.01       2.01       0.47
     22184      19.24     -23.64       2.78        0.00     137.07       2.80       2.24       2.16       0.47
     23339      19.26     -23.66       2.79        0.00     137.07       2.80       2.24       2.16       0.47
     23764      19.31     -23.82       2.89        0.00     135.66       2.80       2.06       2.45       0.47
     23989      19.37     -23.16       2.68        0.00     136.05       2.80       1.63       2.16       0.47
     24159      19.88     -23.48       2.75        0.00     136.82       2.80       1.44       2.16       0.47
     25664      20.00     -23.77       2.83        0.00     136.92       2.80       1.54       2.23       0.47
     26394      20.25     -23.68       2.84        0.00     135.86       2.80       1.20       2.23       0.47
     30731      20.31     -23.75       2.85        0.00     136.05       2.80       1.20       2.24       0.47
     31896      20.34     -23.79       2.86        0.00     136.05       2.80       1.20       2.24       0.47
     32132      20.38     -23.62       2.84        0.00     135.36       2.80       1.00       2.23       0.47
     32425      20.81     -24.29       2.98        0.00     136.90       2.80       1.50       1.97       0.47
     34315      21.29     -23.98       2.84        0.00     138.35       2.80       0.72       1.97       0.47
     35370      21.53     -24.22       2.91        0.00     138.35       2.80       0.72       1.97       0.47
     37374      21.56     -24.25       2.92        0.00     138.35       2.80       0.72       1.97       0.47
     39378      21.82     -24.02       2.92        0.00     136.42       2.80       0.22       1.97       0.47
     41953      21.83     -24.03       2.92        0.00     136.42       2.80       0.22       1.97       0.47
     44093      21.60     -23.80       2.85        0.00     136.42       2.80       0.22       1.97       0.47
     50883      21.66     -23.78       2.85        0.00     136.27       2.80       0.16       1.96       0.47
     53261      21.67     -24.26       2.95        0.00     137.56       2.80       0.43       2.16       0.47
     53521      21.69     -24.26       2.95        0.00     137.56       2.80       0.43       2.14       0.47
     55286      21.70     -24.26       2.95        0.00     137.56       2.80       0.43       2.14       0.47
--------------------------------------------------------------------------------
Best docking solution after GA:
     56000      21.70     -24.26       2.95        0.00     137.56       2.80       0.43       2.14       0.47

#ops:      56000 #mutates:  26605 #cross:    26645 #migrate:   2750 
#dups:     12599 #niche:    38658 #errors:     227 
--------------------------------------------------------------------------------

Doing AMOEBA simplex on best individual
Done simplexing #iterations 671, best score  21.87

Ligand is stored in gold_soln_3d4s_m1_5.mol2


--------------------------------------------------------------------------------
--- ChemScore breakdown of terms                                             ---
--------------------------------------------------------------------------------
DG = -5.4800 + -3.3400*S(hbond)
     + -6.0300*S(metal) + -0.1170*S(lipo) + 2.5600*H(rot)


H(rot) = 2.8026

Score = -(DG + DE(clash) + DE(int))

Internal energy term has been corrected with the best internal energy encountered.

--------------------------------------------------------------------------------


     Score         DG    S(hbond)    S(metal)    S(lipo)     H(rot)  DE(clash)    DE(int)     intcor
     21.87     -24.35       2.95        0.00     138.31       2.80       0.43       2.05       0.47

--------------------------------------------------------------------------------
--- ChemScore analysis of protein-ligand interactions                        ---
--------------------------------------------------------------------------------

* Hydrogen bonds                                                                
Ligand donor   15 hydrogen   33 Protein acceptor 4098 bond energy  1.00 wt 0.98
Ligand donor   17 hydrogen   36 Protein acceptor 4098 bond energy  1.00 wt 0.99
Protein donor 2768 hydrogen 2773 Ligand acceptor    1 bond energy  1.00 wt 0.99

CHEMSCORE EXTRA INTERACTIONS:

* Clashes                                                                       
Clash for ligand atom  10 (N10  ):   0.08
Clash for ligand atom  12 (O12  ):   0.07
Clash for ligand atom  15 (O15  ):   0.28
--------------------------------------------------------------------------------


--------------------------------------------------------------------------------
--- Chromosome decoded                                                       ---
--------------------------------------------------------------------------------
Ligand Torsions
[   3    4    7    8]  150.78
[  10   11   12   13]   -8.58    matched torsion: ortho-substituted hetero aromatic-aliphatic ether
[  11   12   13   14]  -75.00
[  15   14   13   12]   63.92
[  33   15   14   13]  126.44
[  17   16   14   13]  -84.10
[  18   17   16   14] -162.08
[  19   18   17   16]  178.73
Protein Torsions
[4175 4166 4165 4163]  -90.79 
[1294 1290 1288 1285]  -26.76 
[4033 4024 4023 4021]   -4.66 
[1412 1408 1406 1403]   79.14 
[2830 2825 2824 2821]  162.44 
[2723 2714 2713 2711]  -72.52 
[2773 2768 2767 2764] -118.31 
Mapping
Ligand acceptors to protein hydrogens (mapping then atom ids)
Ligand hydrogens to protein acceptors (mapping then atom ids)
  2   3 [ 36->4098]
Ligand shape atoms to protein points (mapping then atom ids & coords)
  1  5354 [  2->(-26.500   9.000   5.750)]
  2  4943 [  3->(-27.250   8.500   7.250)]
  3  5033 [  5->(-27.250  12.500   5.250)]
  4  5265 [  6->(-26.750  10.250   5.250)]
  5  3943 [ 13->(-31.000   7.750   7.000)]
  6  3513 [ 14->(-31.750   7.250   7.250)]
  7  2705 [ 16->(-33.000   6.000   8.250)]
 10  1451 [ 21->(-34.750   3.750   8.750)]
Chromosome values
Integers:
  -1   -1   -1   -1   -1   -1   -1    2 5353 4942 5032 5264 
3942 3512 2704   -1   -1 1450 
--------------------------------------------------------------------------------

Current Ranking  3  1  2  5  4

--------------------------------------------------------------------------------

* GA execution time :                                                           
  total  4.9996 user  4.9996 sys  0.0000

--------------------------------------------------------------------------------
Fitness function evaluations: 94559

--------------------------------------------------------------------------------
** Docking run number  6 **
--------------------------------------------------------------------------------
  Rank fitness base is 5000.00 ; increment is 11.2233

* Initialising population(s) ...                                                
Number of constraints mappings 0
Number of constraints 0
  Population no.                           :      1
  Population size                          :    100
  Number of duplicates                     :      0
  Number of niche violations               :      0
  Number of errors                         :      4

Number of constraints mappings 0
Number of constraints 0
  Population no.                           :      2
  Population size                          :    100
  Number of duplicates                     :      0
  Number of niche violations               :      0
  Number of errors                         :     11

Number of constraints mappings 0
Number of constraints 0
  Population no.                           :      3
  Population size                          :    100
  Number of duplicates                     :      0
  Number of niche violations               :      0
  Number of errors                         :     11

Number of constraints mappings 0
Number of constraints 0
  Population no.                           :      4
  Population size                          :    100
  Number of duplicates                     :      0
  Number of niche violations               :      0
  Number of errors                         :      3

Number of constraints mappings 0
Number of constraints 0
  Population no.                           :      5
  Population size                          :    100
  Number of duplicates                     :      0
  Number of niche violations               :      0
  Number of errors                         :      9


Doing GA, no. of population(s) 5 size 100 selection pressure 1.100000

 Operation      Score         DG    S(hbond)    S(metal)    S(lipo)     H(rot)  DE(clash)    DE(int)     intcor
         0       9.24     -18.92       1.39        0.00     136.48       2.80       4.41       5.26       0.47
       127       9.33     -19.92       1.60        0.00     139.11       2.80       5.33       5.26       0.47
      2254       9.35     -17.39       0.97        0.00     135.40       2.80       5.64       2.40       0.47
      3078       9.39     -19.27       1.50        0.00     136.43       2.80       5.03       4.85       0.47
      3403      12.65     -23.73       2.28        0.00     152.36       2.80       8.17       2.92       0.47
      3590      13.23     -18.39       1.01        0.00     142.83       2.80       3.05       2.11       0.47
      4939      13.89     -16.93       1.00        0.00     130.69       2.80       1.81       1.23       0.47
      5414      14.21     -15.45       0.59        0.00     129.61       2.80       0.00       1.23       0.47
      6835      14.70     -17.38       1.00        0.00     134.50       2.80       0.41       2.28       0.47
      7914      14.92     -21.66       2.31        0.00     133.75       2.80       4.84       1.90       0.47
      8209      15.27     -21.79       2.40        0.00     132.15       2.80       4.65       1.86       0.47
      9224      15.90     -21.80       2.40        0.00     132.36       2.80       4.65       1.24       0.47
      9378      16.54     -23.90       2.85        0.00     137.30       2.80       2.49       4.86       0.47
     10399      18.68     -22.87       2.63        0.00     134.88       2.80       2.95       1.24       0.47
     12284      18.96     -23.15       2.71        0.00     134.88       2.80       2.95       1.24       0.47
     12515      19.42     -21.59       2.28        0.00     133.87       2.80       0.93       1.24       0.47
     12809      19.45     -22.42       2.44        0.00     136.48       2.80       1.70       1.26       0.47
     14084      20.00     -21.61       2.22        0.00     135.94       2.80       0.35       1.26       0.47
     17264      20.07     -21.61       2.22        0.00     135.94       2.80       0.35       1.19       0.47
     18655      20.11     -21.95       2.30        0.00     136.47       2.80       0.38       1.46       0.47
     18950      20.46     -22.32       2.30        0.00     139.64       2.80       0.39       1.47       0.47
     19151      20.77     -21.82       2.05        0.00     142.50       2.80       0.05       1.01       0.47
     19541      20.96     -21.92       2.09        0.00     142.28       2.80       0.03       0.93       0.47
     24657      21.11     -24.10       2.96        0.00     135.88       2.80       1.15       1.84       0.47
     27032      21.23     -24.22       3.00        0.00     135.85       2.80       1.15       1.83       0.47
     27322      21.30     -24.31       2.99        0.00     137.06       2.80       1.15       1.86       0.47
     28242      21.44     -24.42       3.06        0.00     135.85       2.80       1.15       1.83       0.47
     30492      21.80     -24.78       3.17        0.00     135.85       2.80       1.15       1.83       0.47
     31942      21.91     -24.89       3.20        0.00     135.85       2.80       1.15       1.83       0.47
     32731      22.05     -25.71       3.38        0.00     137.57       2.80       1.45       2.20       0.47
     33992      22.11     -24.22       2.98        0.00     136.45       2.80       0.28       1.83       0.47
     35899      22.20     -25.72       3.45        0.00     135.80       2.80       1.47       2.06       0.47
     39019      22.22     -25.75       3.46        0.00     135.80       2.80       1.47       2.06       0.47
     39716      22.50     -25.80       3.34        0.00     139.73       2.80       1.75       1.55       0.47
Reordering...
     42000      21.75     -23.86       2.87        0.00     136.45       2.80       0.28       1.83       0.47
     42008      21.75     -23.86       2.87        0.00     136.45       2.80       0.28       1.83       0.47
     45497      21.75     -23.86       2.87        0.00     136.45       2.80       0.28       1.83       0.47
     46454      21.80     -23.91       2.89        0.00     136.45       2.80       0.28       1.83       0.47
     50170      21.90     -24.01       2.91        0.00     136.69       2.80       0.28       1.82       0.47
     52775      21.95     -24.06       2.92        0.00     136.69       2.80       0.28       1.82       0.47
     53224      21.96     -24.06       2.92        0.00     136.69       2.80       0.28       1.82       0.47
     54671      21.99     -24.09       2.93        0.00     136.69       2.80       0.28       1.82       0.47
     55739      21.99     -24.09       2.93        0.00     136.69       2.80       0.28       1.82       0.47
--------------------------------------------------------------------------------
Best docking solution after GA:
     56000      21.99     -24.09       2.93        0.00     136.69       2.80       0.28       1.82       0.47

#ops:      56000 #mutates:  26625 #cross:    26605 #migrate:   2770 
#dups:     18041 #niche:    41673 #errors:     155 
--------------------------------------------------------------------------------

Doing AMOEBA simplex on best individual
Done simplexing #iterations 662, best score  22.49

Ligand is stored in gold_soln_3d4s_m1_6.mol2


--------------------------------------------------------------------------------
--- ChemScore breakdown of terms                                             ---
--------------------------------------------------------------------------------
DG = -5.4800 + -3.3400*S(hbond)
     + -6.0300*S(metal) + -0.1170*S(lipo) + 2.5600*H(rot)


H(rot) = 2.8026

Score = -(DG + DE(clash) + DE(int))

Internal energy term has been corrected with the best internal energy encountered.

--------------------------------------------------------------------------------


     Score         DG    S(hbond)    S(metal)    S(lipo)     H(rot)  DE(clash)    DE(int)     intcor
     22.49     -24.47       2.95        0.00     139.41       2.80       0.28       1.70       0.47

--------------------------------------------------------------------------------
--- ChemScore analysis of protein-ligand interactions                        ---
--------------------------------------------------------------------------------

* Hydrogen bonds                                                                
Ligand donor   15 hydrogen   33 Protein acceptor 4098 bond energy  1.00 wt 0.99
Ligand donor   17 hydrogen   36 Protein acceptor 4098 bond energy  1.00 wt 0.99
Protein donor 2768 hydrogen 2773 Ligand acceptor    1 bond energy  1.00 wt 0.97

CHEMSCORE EXTRA INTERACTIONS:

* Clashes                                                                       
Clash for ligand atom   9 (S9   ):   0.09
Clash for ligand atom  15 (O15  ):   0.19
--------------------------------------------------------------------------------


--------------------------------------------------------------------------------
--- Chromosome decoded                                                       ---
--------------------------------------------------------------------------------
Ligand Torsions
[   3    4    7    8] -171.13
[  10   11   12   13]   25.67    matched torsion: ortho-substituted hetero aromatic-aliphatic ether
[  11   12   13   14] -127.97
[  15   14   13   12]   53.84
[  33   15   14   13]   72.05
[  17   16   14   13]  -73.01
[  18   17   16   14] -128.93
[  19   18   17   16]  179.49
Protein Torsions
[4175 4166 4165 4163]   47.12 
[1294 1290 1288 1285]  -93.86 
[4033 4024 4023 4021]   33.29 
[1412 1408 1406 1403] -110.01 
[2830 2825 2824 2821] -169.20 
[2723 2714 2713 2711] -100.98 
[2773 2768 2767 2764] -132.33 
Mapping
Ligand acceptors to protein hydrogens (mapping then atom ids)
Ligand hydrogens to protein acceptors (mapping then atom ids)
  1   3 [ 33->4098]
Ligand shape atoms to protein points (mapping then atom ids & coords)
  1  5336 [  2->(-26.500   8.500   5.750)]
  3  4884 [  5->(-27.500  10.500   6.000)]
  4  5542 [  6->(-26.250  11.000   5.750)]
  6  2841 [ 14->(-32.750   6.250   6.750)]
  7  2464 [ 16->(-33.500   6.500   7.500)]
  9  1623 [ 20->(-34.500   4.000   9.250)]
 10  1822 [ 21->(-34.250   4.750   9.500)]
Chromosome values
Integers:
  -1   -1   -1   -1   -1   -1    2   -1 5335   -1 4883 5541 
  -1 2840 2463   -1 1622 1821 
--------------------------------------------------------------------------------

Current Ranking  3  1  6  2  5  4

Top  3 (of  6) solutions are within 1.000 RMSD, finishing docking C:/Users/student/Desktop/Dokowanko/Dokowanko/beta2/ligandy/3d4s.mol2.


--------------------------------------------------------------------------------

* GA execution time :                                                           
  total  5.0000 user  4.9999 sys  0.0000

--------------------------------------------------------------------------------
Fitness function evaluations: 94229

--------------------------------------------------------------------------------
--- Ranking analysis                                                         ---
--------------------------------------------------------------------------------


* Final ranked order of GA solutions:                                           
   3  1  6  2  5  4 

  _______________________________
  RMSD Matrix of RANKED solutions

        2    3    4    5    6  

   1 :  0.5  0.4  1.5  0.5  1.0
   2 :       0.6  1.7  0.5  1.1
   3 :            1.5  0.7  0.9
   4 :                 1.5  1.5
   5 :                      1.2

  Clustering method                        : complete linkage
  Structure ids in cluster table           : rank nos.
  Ordering of clusters and their members   : by rank (order if from rms_analysis)

  Distance | Clusters
   0.41    |  1  3 |  2 |  4 |  5 |  6 |
   0.49    |  1  3 |  2  5 |  4 |  6 |
   0.65    |  1  2  3  5 |  4 |  6 |
   1.16    |  1  2  3  5  6 |  4 |
   1.73    |  1  2  3  4  5  6 |
  Finished Docking Ligand                  : C:/Users/student/Desktop/Dokowanko/Dokowanko/beta2/ligandy/3d4s.mol2
--------------------------------------------------------------------------------

  Relative_Ligand_Energy (best encountered) :   0.466
  Relative_Ligand_Energy: fitness values have been corrected using this amount
