G:\GitHub\RMSD-calculator/Beta 1/GoldOut_beta1_1000rns
Origin: gold_2y00_m1.mol2

Soln: 	 gold_soln_2y00_m1_32.mol2 	

	 RMSD = 32.5797


Origin: gold_2y02_m1.mol2

Soln: 	 gold_soln_2y02_m1_5.mol2 	

	 RMSD = 33.0046


Origin: gold_3zpq_m1.mol2

Soln: 	 gold_soln_3zpq_m1_1.mol2 	

	 RMSD = 28.022


Origin: gold_4amj_m1.mol2

Soln: 	 gold_soln_4amj_m1_45.mol2 	

	 RMSD = 31.9263


Origin: gold_4bvn_m1.mol2

Soln: 	 gold_soln_4bvn_m1_4.mol2 	

	 RMSD = 30.5719


Origin: gold_5a8e_m1.mol2

Soln: 	 gold_soln_5a8e_m1_22.mol2 	

	 RMSD = 32.7144


Origin: gold_6h7j_m1.mol2

Soln: 	 gold_soln_6h7j_m1_3.mol2 	

	 RMSD = 28.8315


Origin: gold_6h7m_m1.mol2

Soln: 	 gold_soln_6h7m_m1_3.mol2 	

	 RMSD = 29.237


Origin: gold_6h7n_m1.mol2

Soln: 	 gold_soln_6h7n_m1_607.mol2 	

	 RMSD = 32.3722


Origin: gold_6ibl_m1.mol2

Soln: 	 gold_soln_6ibl_m1_3.mol2 	

	 RMSD = 38.0883


G:\GitHub\RMSD-calculator/Beta 1/GoldOut_beta1_100rns
Origin: gold_2y00_m1.mol2

Soln: 	 gold_soln_2y00_m1_51.mol2 	

	 RMSD = 30.0226


Origin: gold_2y02_m1.mol2

Soln: 	 gold_soln_2y02_m1_3.mol2 	

	 RMSD = 32.9714


Origin: gold_3zpq_m1.mol2

Soln: 	 gold_soln_3zpq_m1_2.mol2 	

	 RMSD = 28.1366


Origin: gold_4amj_m1.mol2

Soln: 	 gold_soln_4amj_m1_1.mol2 	

	 RMSD = 32.1956


Origin: gold_4bvn_m1.mol2

Soln: 	 gold_soln_4bvn_m1_2.mol2 	

	 RMSD = 30.3817


Origin: gold_5a8e_m1.mol2

Soln: 	 gold_soln_5a8e_m1_5.mol2 	

	 RMSD = 31.7592


Origin: gold_6h7j_m1.mol2

Soln: 	 gold_soln_6h7j_m1_2.mol2 	

	 RMSD = 28.6828


Origin: gold_6h7m_m1.mol2

Soln: 	 gold_soln_6h7m_m1_2.mol2 	

	 RMSD = 28.5635


Origin: gold_6h7n_m1.mol2

Soln: 	 gold_soln_6h7n_m1_46.mol2 	

	 RMSD = 30.6363


Origin: gold_6ibl_m1.mol2

Soln: 	 gold_soln_6ibl_m1_2.mol2 	

	 RMSD = 38.2605


G:\GitHub\RMSD-calculator/Beta 1/GoldOut_beta1_10rns
Origin: gold_2y00_m1.mol2

Soln: 	 gold_soln_2y00_m1_6.mol2 	

	 RMSD = 30.1899


Origin: gold_2y02_m1.mol2

Soln: 	 gold_soln_2y02_m1_6.mol2 	

	 RMSD = 32.7271


Origin: gold_3zpq_m1.mol2

Soln: 	 gold_soln_3zpq_m1_1.mol2 	

	 RMSD = 28.0939


Origin: gold_4amj_m1.mol2

Soln: 	 gold_soln_4amj_m1_4.mol2 	

	 RMSD = 30.9987


Origin: gold_4bvn_m1.mol2

Soln: 	 gold_soln_4bvn_m1_1.mol2 	

	 RMSD = 30.3154


Origin: gold_5a8e_m1.mol2

Soln: 	 gold_soln_5a8e_m1_1.mol2 	

	 RMSD = 30.3126


Origin: gold_6h7j_m1.mol2

Soln: 	 gold_soln_6h7j_m1_3.mol2 	

	 RMSD = 28.4946


Origin: gold_6h7m_m1.mol2

Soln: 	 gold_soln_6h7m_m1_2.mol2 	

	 RMSD = 28.7312


Origin: gold_6h7n_m1.mol2

Soln: 	 gold_soln_6h7n_m1_1.mol2 	

	 RMSD = 31.5203


Origin: gold_6ibl_m1.mol2

Soln: 	 gold_soln_6ibl_m1_1.mol2 	

	 RMSD = 38.0995


G:\GitHub\RMSD-calculator/Beta 1/GoldOut_beta1_ChemScore
Origin: gold_2y00_m1.mol2

Soln: 	 gold_soln_2y00_m1_10.mol2 	

	 RMSD = 30.7885


Origin: gold_2y02_m1.mol2

Soln: 	 gold_soln_2y02_m1_18.mol2 	

	 RMSD = 32.8882


Origin: gold_3zpq_m1.mol2

Soln: 	 gold_soln_3zpq_m1_1.mol2 	

	 RMSD = 28.1291


Origin: gold_4amj_m1.mol2

Soln: 	 gold_soln_4amj_m1_45.mol2 	

	 RMSD = 31.225


Origin: gold_4bvn_m1.mol2

Soln: 	 gold_soln_4bvn_m1_1.mol2 	

	 RMSD = 30.9125


Origin: gold_5a8e_m1.mol2

Soln: 	 gold_soln_5a8e_m1_25.mol2 	

	 RMSD = 31.2294


Origin: gold_6h7j_m1.mol2

Soln: 	 gold_soln_6h7j_m1_8.mol2 	

	 RMSD = 30.1683


Origin: gold_6h7m_m1.mol2

Soln: 	 gold_soln_6h7m_m1_14.mol2 	

	 RMSD = 30.5264


Origin: gold_6h7n_m1.mol2

Soln: 	 gold_soln_6h7n_m1_36.mol2 	

	 RMSD = 30.88


Origin: gold_6ibl_m1.mol2

Soln: 	 gold_soln_6ibl_m1_2.mol2 	

	 RMSD = 38.3049


G:\GitHub\RMSD-calculator/Beta 1/GoldOut_beta1_flex
Origin: gold_2y00_m1.mol2

Soln: 	 gold_soln_2y00_m1_12.mol2 	

	 RMSD = 32.1481


Origin: gold_2y02_m1.mol2

Soln: 	 gold_soln_2y02_m1_2.mol2 	

	 RMSD = 33.1061


Origin: gold_3zpq_m1.mol2

Soln: 	 gold_soln_3zpq_m1_1.mol2 	

	 RMSD = 27.9509


Origin: gold_4amj_m1.mol2

Soln: 	 gold_soln_4amj_m1_26.mol2 	

	 RMSD = 30.8587


Origin: gold_4bvn_m1.mol2

Soln: 	 gold_soln_4bvn_m1_28.mol2 	

	 RMSD = 28.7143


Origin: gold_5a8e_m1.mol2

Soln: 	 gold_soln_5a8e_m1_39.mol2 	

	 RMSD = 32.7802


Origin: gold_6h7j_m1.mol2

Soln: 	 gold_soln_6h7j_m1_3.mol2 	

	 RMSD = 28.6206


Origin: gold_6h7m_m1.mol2

Soln: 	 gold_soln_6h7m_m1_1.mol2 	

	 RMSD = 28.72


Origin: gold_6h7n_m1.mol2

Soln: 	 gold_soln_6h7n_m1_6.mol2 	

	 RMSD = 30.8448


Origin: gold_6ibl_m1.mol2

Soln: 	 gold_soln_6ibl_m1_5.mol2 	

	 RMSD = 38.1604


G:\GitHub\RMSD-calculator/Beta 1/GoldOut_beta1_GA10
Origin: gold_2y00_m1.mol2

Soln: 	 gold_soln_2y00_m1_87.mol2 	

	 RMSD = 32.5232


Origin: gold_2y02_m1.mol2

Soln: 	 gold_soln_2y02_m1_1.mol2 	

	 RMSD = 32.4839


Origin: gold_3zpq_m1.mol2

Soln: 	 gold_soln_3zpq_m1_2.mol2 	

	 RMSD = 27.9181


Origin: gold_4amj_m1.mol2

Soln: 	 gold_soln_4amj_m1_14.mol2 	

	 RMSD = 32.0082


Origin: gold_4bvn_m1.mol2

Soln: 	 gold_soln_4bvn_m1_4.mol2 	

	 RMSD = 30.6713


Origin: gold_5a8e_m1.mol2

Soln: 	 gold_soln_5a8e_m1_8.mol2 	

	 RMSD = 31.8104


Origin: gold_6h7j_m1.mol2

Soln: 	 gold_soln_6h7j_m1_14.mol2 	

	 RMSD = 28.6981


Origin: gold_6h7m_m1.mol2

Soln: 	 gold_soln_6h7m_m1_3.mol2 	

	 RMSD = 28.7106


Origin: gold_6h7n_m1.mol2

Soln: 	 gold_soln_6h7n_m1_73.mol2 	

	 RMSD = 32.4048


Origin: gold_6ibl_m1.mol2

Soln: 	 gold_soln_6ibl_m1_31.mol2 	

	 RMSD = 38.3229


G:\GitHub\RMSD-calculator/Beta 1/GoldOut_beta1_GA200
Origin: gold_2y00_m1.mol2

Soln: 	 gold_soln_2y00_m1_6.mol2 	

	 RMSD = 32.5651


Origin: gold_2y02_m1.mol2

Soln: 	 gold_soln_2y02_m1_18.mol2 	

	 RMSD = 32.8131


Origin: gold_3zpq_m1.mol2

Soln: 	 gold_soln_3zpq_m1_1.mol2 	

	 RMSD = 28.0456


Origin: gold_4amj_m1.mol2

Soln: 	 gold_soln_4amj_m1_65.mol2 	

	 RMSD = 32.2325


Origin: gold_4bvn_m1.mol2

Soln: 	 gold_soln_4bvn_m1_2.mol2 	

	 RMSD = 30.3416


Origin: gold_5a8e_m1.mol2

Soln: 	 gold_soln_5a8e_m1_3.mol2 	

	 RMSD = 31.7849


Origin: gold_6h7j_m1.mol2

Soln: 	 gold_soln_6h7j_m1_1.mol2 	

	 RMSD = 28.8676


Origin: gold_6h7m_m1.mol2

Soln: 	 gold_soln_6h7m_m1_3.mol2 	

	 RMSD = 28.5959


Origin: gold_6h7n_m1.mol2

Soln: 	 gold_soln_6h7n_m1_32.mol2 	

	 RMSD = 32.423


Origin: gold_6ibl_m1.mol2

Soln: 	 gold_soln_6ibl_m1_2.mol2 	

	 RMSD = 38.2736


G:\GitHub\RMSD-calculator/Beta 1/GoldOut_beta1_GoldScore
Origin: gold_2y00_m1.mol2

Soln: 	 gold_soln_2y00_m1_4.mol2 	

	 RMSD = 30.5099


Origin: gold_2y02_m1.mol2

Soln: 	 gold_soln_2y02_m1_4.mol2 	

	 RMSD = 31.7975


Origin: gold_3zpq_m1.mol2

Soln: 	 gold_soln_3zpq_m1_4.mol2 	

	 RMSD = 28.0724


Origin: gold_4amj_m1.mol2

Soln: 	 gold_soln_4amj_m1_95.mol2 	

	 RMSD = 29.1025


Origin: gold_4bvn_m1.mol2

Soln: 	 gold_soln_4bvn_m1_70.mol2 	

	 RMSD = 31.2353


Origin: gold_5a8e_m1.mol2

Soln: 	 gold_soln_5a8e_m1_3.mol2 	

	 RMSD = 30.2337


Origin: gold_6h7j_m1.mol2

Soln: 	 gold_soln_6h7j_m1_1.mol2 	

	 RMSD = 27.8962


Origin: gold_6h7m_m1.mol2

Soln: 	 gold_soln_6h7m_m1_83.mol2 	

	 RMSD = 27.8307


Origin: gold_6h7n_m1.mol2

Soln: 	 gold_soln_6h7n_m1_61.mol2 	

	 RMSD = 30.6656


Origin: gold_6ibl_m1.mol2

Soln: 	 gold_soln_6ibl_m1_2.mol2 	

	 RMSD = 37.9361


G:\GitHub\RMSD-calculator/Beta 1/GoldOut_beta1_sztywne
Origin: gold_2y00_m1.mol2

Soln: 	 gold_soln_2y00_m1_1.mol2 	

	 RMSD = 30.5741


Origin: gold_2y02_m1.mol2

Soln: 	 gold_soln_2y02_m1_2.mol2 	

	 RMSD = 29.5154


Origin: gold_3zpq_m1.mol2

Soln: 	 gold_soln_3zpq_m1_3.mol2 	

	 RMSD = 27.9092


Origin: gold_4amj_m1.mol2

Soln: 	 gold_soln_4amj_m1_3.mol2 	

	 RMSD = 29.9858


Origin: gold_4bvn_m1.mol2

Soln: 	 gold_soln_4bvn_m1_1.mol2 	

	 RMSD = 28.5935


Origin: gold_5a8e_m1.mol2

Soln: 	 gold_soln_5a8e_m1_1.mol2 	

	 RMSD = 28.3519


Origin: gold_6h7j_m1.mol2

Soln: 	 gold_soln_6h7j_m1_1.mol2 	

	 RMSD = 28.5651


Origin: gold_6h7m_m1.mol2

Soln: 	 gold_soln_6h7m_m1_1.mol2 	

	 RMSD = 28.6666


Origin: gold_6h7n_m1.mol2

Soln: 	 gold_soln_6h7n_m1_1.mol2 	

	 RMSD = 30.152


Origin: gold_6ibl_m1.mol2

Soln: 	 gold_soln_6ibl_m1_2.mol2 	

	 RMSD = 30.0224


G:\GitHub\RMSD-calculator/Beta 2/GoldConf_beta2_100rns
Origin: gold_protein.mol2



Origin: gold_2rh1_m1.mol2

Soln: 	 gold_soln_2rh1_m1_3.mol2 	

	 RMSD = 31.9066


Origin: gold_3d4s_m1.mol2

Soln: 	 gold_soln_3d4s_m1_13.mol2 	

	 RMSD = 32.0585


Origin: gold_3ny8_m1.mol2

Soln: 	 gold_soln_3ny8_m1_1.mol2 	

	 RMSD = 33.0582


Origin: gold_6mxt_m1.mol2

Soln: 	 gold_soln_6mxt_m1_21.mol2 	

	 RMSD = 34.0582


G:\GitHub\RMSD-calculator/Beta 2/GoldOut_beta2_1000rns
Origin: gold_2rh1_m1.mol2

Soln: 	 gold_soln_2rh1_m1_7.mol2 	

	 RMSD = 32.0669


Origin: gold_3d4s_m1.mol2

Soln: 	 gold_soln_3d4s_m1_7.mol2 	

	 RMSD = 32.0691


Origin: gold_3ny8_m1.mol2

Soln: 	 gold_soln_3ny8_m1_21.mol2 	

	 RMSD = 32.9991


Origin: gold_3ny9_m1.mol2

Soln: 	 gold_soln_3ny9_m1_1.mol2 	

	 RMSD = 34.1198


Origin: gold_3nya_m1.mol2

Soln: 	 gold_soln_3nya_m1_22.mol2 	

	 RMSD = 32.2901


Origin: gold_4lde_m1.mol2

Soln: 	 gold_soln_4lde_m1_3.mol2 	

	 RMSD = 34.0905


Origin: gold_4ldl_m1.mol2

Soln: 	 gold_soln_4ldl_m1_2.mol2 	

	 RMSD = 34.2528


Origin: gold_4ldo_m1.mol2

Soln: 	 gold_soln_4ldo_m1_5.mol2 	

	 RMSD = 32.3065


Origin: gold_4qkx_m1.mol2

Soln: 	 gold_soln_4qkx_m1_51.mol2 	

	 RMSD = 33.6556


Origin: gold_6mxt_m1.mol2

Soln: 	 gold_soln_6mxt_m1_687.mol2 	

	 RMSD = 34.259


G:\GitHub\RMSD-calculator/Beta 2/GoldOut_beta2_100rns
Origin: gold_2rh1_m1.mol2

Soln: 	 gold_soln_2rh1_m1_3.mol2 	

	 RMSD = 31.9066


Origin: gold_3d4s_m1.mol2

Soln: 	 gold_soln_3d4s_m1_13.mol2 	

	 RMSD = 32.0585


Origin: gold_3ny8_m1.mol2

Soln: 	 gold_soln_3ny8_m1_1.mol2 	

	 RMSD = 33.0582


Origin: gold_3ny9_m1.mol2

Soln: 	 gold_soln_3ny9_m1_6.mol2 	

	 RMSD = 34.0321


Origin: gold_3nya_m1.mol2

Soln: 	 gold_soln_3nya_m1_8.mol2 	

	 RMSD = 32.1051


Origin: gold_4lde_m1.mol2

Soln: 	 gold_soln_4lde_m1_11.mol2 	

	 RMSD = 34.1079


Origin: gold_4ldl_m1.mol2

Soln: 	 gold_soln_4ldl_m1_1.mol2 	

	 RMSD = 33.357


Origin: gold_4ldo_m1.mol2

Soln: 	 gold_soln_4ldo_m1_3.mol2 	

	 RMSD = 32.2871


Origin: gold_4qkx_m1.mol2

Soln: 	 gold_soln_4qkx_m1_18.mol2 	

	 RMSD = 33.7519


Origin: gold_6mxt_m1.mol2

Soln: 	 gold_soln_6mxt_m1_21.mol2 	

	 RMSD = 34.0582


G:\GitHub\RMSD-calculator/Beta 2/GoldOut_beta2_10rns
Origin: gold_2rh1_m1.mol2

Soln: 	 gold_soln_2rh1_m1_5.mol2 	

	 RMSD = 31.7943


Origin: gold_3d4s_m1.mol2

Soln: 	 gold_soln_3d4s_m1_2.mol2 	

	 RMSD = 32.068


Origin: gold_3ny8_m1.mol2

Soln: 	 gold_soln_3ny8_m1_5.mol2 	

	 RMSD = 32.9695


Origin: gold_3ny9_m1.mol2

Soln: 	 gold_soln_3ny9_m1_1.mol2 	

	 RMSD = 34.1799


Origin: gold_3nya_m1.mol2

Soln: 	 gold_soln_3nya_m1_8.mol2 	

	 RMSD = 32.227


Origin: gold_4lde_m1.mol2

Soln: 	 gold_soln_4lde_m1_2.mol2 	

	 RMSD = 34.1369


Origin: gold_4ldl_m1.mol2

Soln: 	 gold_soln_4ldl_m1_1.mol2 	

	 RMSD = 33.3527


Origin: gold_4ldo_m1.mol2

Soln: 	 gold_soln_4ldo_m1_5.mol2 	

	 RMSD = 31.1468


Origin: gold_4qkx_m1.mol2

Soln: 	 gold_soln_4qkx_m1_3.mol2 	

	 RMSD = 33.3441


Origin: gold_6mxt_m1.mol2

Soln: 	 gold_soln_6mxt_m1_9.mol2 	

	 RMSD = 34.2642


G:\GitHub\RMSD-calculator/Beta 2/GoldOut_beta2_ChemScore
Origin: gold_2rh1_m1.mol2

Soln: 	 gold_soln_2rh1_m1_13.mol2 	

	 RMSD = 32.1632


Origin: gold_3d4s_m1.mol2

Soln: 	 gold_soln_3d4s_m1_3.mol2 	

	 RMSD = 33.2931


Origin: gold_3ny8_m1.mol2

Soln: 	 gold_soln_3ny8_m1_1.mol2 	

	 RMSD = 33.6236


Origin: gold_3ny9_m1.mol2

Soln: 	 gold_soln_3ny9_m1_43.mol2 	

	 RMSD = 32.5164


Origin: gold_3nya_m1.mol2

Soln: 	 gold_soln_3nya_m1_6.mol2 	

	 RMSD = 32.4073


Origin: gold_4lde_m1.mol2

Soln: 	 gold_soln_4lde_m1_93.mol2 	

	 RMSD = 34.0296


Origin: gold_4ldl_m1.mol2

Soln: 	 gold_soln_4ldl_m1_33.mol2 	

	 RMSD = 34.3278


Origin: gold_4ldo_m1.mol2

Soln: 	 gold_soln_4ldo_m1_1.mol2 	

	 RMSD = 32.707


Origin: gold_4qkx_m1.mol2

Soln: 	 gold_soln_4qkx_m1_68.mol2 	

	 RMSD = 33.9144


Origin: gold_6mxt_m1.mol2

Soln: 	 gold_soln_6mxt_m1_2.mol2 	

	 RMSD = 34.6662


G:\GitHub\RMSD-calculator/Beta 2/GoldOut_beta2_flex
Origin: gold_2rh1_m1.mol2

Soln: 	 gold_soln_2rh1_m1_4.mol2 	

	 RMSD = 31.9371


Origin: gold_3d4s_m1.mol2

Soln: 	 gold_soln_3d4s_m1_4.mol2 	

	 RMSD = 32.3705


Origin: gold_3ny8_m1.mol2

Soln: 	 gold_soln_3ny8_m1_63.mol2 	

	 RMSD = 32.3361


Origin: gold_3ny9_m1.mol2

Soln: 	 gold_soln_3ny9_m1_16.mol2 	

	 RMSD = 34.1546


Origin: gold_3nya_m1.mol2

Soln: 	 gold_soln_3nya_m1_6.mol2 	

	 RMSD = 32.3076


Origin: gold_4lde_m1.mol2

Soln: 	 gold_soln_4lde_m1_8.mol2 	

	 RMSD = 34.0416


Origin: gold_4ldl_m1.mol2

Soln: 	 gold_soln_4ldl_m1_1.mol2 	

	 RMSD = 33.3993


Origin: gold_4ldo_m1.mol2

Soln: 	 gold_soln_4ldo_m1_6.mol2 	

	 RMSD = 32.3717


Origin: gold_4qkx_m1.mol2

Soln: 	 gold_soln_4qkx_m1_3.mol2 	

	 RMSD = 33.9841


Origin: gold_6mxt_m1.mol2

Soln: 	 gold_soln_6mxt_m1_89.mol2 	

	 RMSD = 34.5151


G:\GitHub\RMSD-calculator/Beta 2/GoldOut_beta2_GA10
Origin: gold_2rh1_m1.mol2

Soln: 	 gold_soln_2rh1_m1_38.mol2 	

	 RMSD = 32.1139


Origin: gold_3d4s_m1.mol2

Soln: 	 gold_soln_3d4s_m1_6.mol2 	

	 RMSD = 32.0434


Origin: gold_3ny8_m1.mol2

Soln: 	 gold_soln_3ny8_m1_56.mol2 	

	 RMSD = 33.2703


Origin: gold_3ny9_m1.mol2

Soln: 	 gold_soln_3ny9_m1_3.mol2 	

	 RMSD = 33.1409


Origin: gold_3nya_m1.mol2

Soln: 	 gold_soln_3nya_m1_51.mol2 	

	 RMSD = 32.0754


Origin: gold_4lde_m1.mol2

Soln: 	 gold_soln_4lde_m1_37.mol2 	

	 RMSD = 34.0945


Origin: gold_4ldl_m1.mol2

Soln: 	 gold_soln_4ldl_m1_82.mol2 	

	 RMSD = 33.092


Origin: gold_4ldo_m1.mol2

Soln: 	 gold_soln_4ldo_m1_3.mol2 	

	 RMSD = 32.3763


Origin: gold_4qkx_m1.mol2

Soln: 	 gold_soln_4qkx_m1_50.mol2 	

	 RMSD = 33.6774


Origin: gold_6mxt_m1.mol2

Soln: 	 gold_soln_6mxt_m1_55.mol2 	

	 RMSD = 34.4067


G:\GitHub\RMSD-calculator/Beta 2/GoldOut_beta2_GA200
Origin: gold_2rh1_m1.mol2

Soln: 	 gold_soln_2rh1_m1_8.mol2 	

	 RMSD = 31.9706


Origin: gold_3d4s_m1.mol2

Soln: 	 gold_soln_3d4s_m1_4.mol2 	

	 RMSD = 32.0944


Origin: gold_3ny8_m1.mol2

Soln: 	 gold_soln_3ny8_m1_3.mol2 	

	 RMSD = 33.0498


Origin: gold_3ny9_m1.mol2

Soln: 	 gold_soln_3ny9_m1_4.mol2 	

	 RMSD = 34.1321


Origin: gold_3nya_m1.mol2

Soln: 	 gold_soln_3nya_m1_3.mol2 	

	 RMSD = 32.1795


Origin: gold_4lde_m1.mol2

Soln: 	 gold_soln_4lde_m1_9.mol2 	

	 RMSD = 34.1978


Origin: gold_4ldl_m1.mol2

Soln: 	 gold_soln_4ldl_m1_2.mol2 	

	 RMSD = 33.3948


Origin: gold_4ldo_m1.mol2

Soln: 	 gold_soln_4ldo_m1_1.mol2 	

	 RMSD = 32.2832


Origin: gold_4qkx_m1.mol2

Soln: 	 gold_soln_4qkx_m1_89.mol2 	

	 RMSD = 33.8526


Origin: gold_6mxt_m1.mol2

Soln: 	 gold_soln_6mxt_m1_94.mol2 	

	 RMSD = 34.3439


G:\GitHub\RMSD-calculator/Beta 2/GoldOut_beta2_GOLDScore
Origin: gold_2rh1_m1.mol2

Soln: 	 gold_soln_2rh1_m1_1.mol2 	

	 RMSD = 32.4553


Origin: gold_3d4s_m1.mol2

Soln: 	 gold_soln_3d4s_m1_8.mol2 	

	 RMSD = 32.2219


Origin: gold_3ny8_m1.mol2

Soln: 	 gold_soln_3ny8_m1_3.mol2 	

	 RMSD = 32.3304


Origin: gold_3ny9_m1.mol2

Soln: 	 gold_soln_3ny9_m1_19.mol2 	

	 RMSD = 31.8538


Origin: gold_3nya_m1.mol2

Soln: 	 gold_soln_3nya_m1_1.mol2 	

	 RMSD = 32.447


Origin: gold_4lde_m1.mol2

Soln: 	 gold_soln_4lde_m1_2.mol2 	

	 RMSD = 33.4391


Origin: gold_4ldl_m1.mol2

Soln: 	 gold_soln_4ldl_m1_16.mol2 	

	 RMSD = 33.8725


Origin: gold_4ldo_m1.mol2

Soln: 	 gold_soln_4ldo_m1_4.mol2 	

	 RMSD = 32.6642


Origin: gold_4qkx_m1.mol2

Soln: 	 gold_soln_4qkx_m1_90.mol2 	

	 RMSD = 33.7505


Origin: gold_6mxt_m1.mol2

Soln: 	 gold_soln_6mxt_m1_40.mol2 	

	 RMSD = 33.6368


G:\GitHub\RMSD-calculator/Beta 2/GoldOut_beta2_sztywno
Origin: gold_2rh1_m1.mol2

Soln: 	 gold_soln_2rh1_m1_1.mol2 	

	 RMSD = 32.0323


Origin: gold_3d4s_m1.mol2

Soln: 	 gold_soln_3d4s_m1_3.mol2 	

	 RMSD = 32.0185


Origin: gold_3ny8_m1.mol2

Soln: 	 gold_soln_3ny8_m1_1.mol2 	

	 RMSD = 32.1647


Origin: gold_3ny9_m1.mol2

Soln: 	 gold_soln_3ny9_m1_3.mol2 	

	 RMSD = 31.5374


Origin: gold_3nya_m1.mol2

Soln: 	 gold_soln_3nya_m1_1.mol2 	

	 RMSD = 32.338


Origin: gold_4lde_m1.mol2

Soln: 	 gold_soln_4lde_m1_3.mol2 	

	 RMSD = 33.5628


Origin: gold_4ldl_m1.mol2

Soln: 	 gold_soln_4ldl_m1_2.mol2 	

	 RMSD = 32.8675


Origin: gold_4ldo_m1.mol2

Soln: 	 gold_soln_4ldo_m1_1.mol2 	

	 RMSD = 33.2838


Origin: gold_4qkx_m1.mol2

Soln: 	 gold_soln_4qkx_m1_2.mol2 	

	 RMSD = 33.2745


Origin: gold_6mxt_m1.mol2

Soln: 	 gold_soln_6mxt_m1_2.mol2 	

	 RMSD = 32.015


