
--------------------------------------------------------------------------------
--- Ligand                                                                   ---
--------------------------------------------------------------------------------
  Ligand loaded from file                  : C:/Users/student/Desktop/project/beta1/ligandy/6h7m.mol2
  Ligand name                              :  
  "C:\Users\porto\OneDrive\projekt\beta1\ligandy\L_6h7m.pdb L_6h7m.pdb 1    "

--------------------------------------------------------------------------------
  N.plc donors                             : 
  none found

  Acidic nitrogen acceptors                : 
  none found
  Sulfur acceptors                         :
  none found


  Donor atoms                              :      4
  2   3   5   7   
  Acceptor atoms                           :      4
  2   3   5   7   

  Hydrogens                                :  (n = 4)
  19   20   23   26   

  Lone pairs added to molecule             :      7
  Numbering                                : from 39 to 45

--------------------------------------------------------------------------------
--- Postprocessing of typing                                                 ---
--------------------------------------------------------------------------------
  Fragment file                            : C:\Program Files (x86)\CCDC/GoldSuite_2017\GOLD\gold\rotatable_bond_override.mol2
  acylurea fragment                        : no matches
  thioacylthiourea fragment                : no matches
  acylthiourea fragment                    : no matches
  thioacylurea fragment                    : no matches
  diarylamine fragment >C.ar-NH-C.ar<      : no matches
  sec-amine (1) fragment                   : no matches
  sec-amine (2) fragment                   : no matches
  sec-amine (3) fragment                   : no matches
  carboxylic ester                         : no matches

* Rotatable bonds in C:/Users/student/Des  :
  [   1    6] [   1    7] [   1   12] [   2    8] 
  [   2    6] [   3   15] [   4   16] [   4    5] 
  No. of rotatable bonds                   :      8


* Fragments found in C:/Users/student/Des  :
  atom  12: benzene
  atom  13: benzene
  atom  14: benzene
  atom  15: benzene
  atom  16: benzene
  atom  17: benzene


* Checking torsion distributions:                                               
  No. of matched torsions                  :      0

--------------------------------------------------------------------------------
--- Shape fitting atoms selection (hydrophobic atoms)                        ---
--------------------------------------------------------------------------------
  Molecule                                 : C:/Users/student/Desktop/project/beta1/ligandy/6h7m.mol2
  Selection                                : carbons only
  Atom numbers                             :  (n = 9)
  1    4    6    9    10   11   13   14   17   


--------------------------------------------------------------------------------
--- ChemScore ligand setup summary                                           ---
--------------------------------------------------------------------------------
  ChemScore ligand acceptors               :      4
  2 3 5 7 
  ChemScore ligand donors                  :      4
  2 ( 19  ) 3 ( 20  ) 5 ( 23  ) 7 ( 26  ) 
  ChemScore ligand CH donors               :      0
  

  ChemScore ligand lipophilic atoms        :  (n = 13)
  1    4    6    8    9    10   11   12   13   14   
  15   16   17   

  ChemScore ligand rotatable bonds         :      8
  1   (C1 ) - 6   (C3 ): SP3_SP3_BOND
  1   (C1 ) - 7   (O3 ): SP3_SP3_BOND
  1   (C1 ) - 12  (C8 ): SP3_SP2_BOND
  2   (N1 ) - 8   (C4 ): SP3_SP3_BOND
  2   (N1 ) - 6   (C3 ): SP3_SP3_BOND
  3   (O1 ) - 15  (C11): SP3_SP2_BOND
  4   (C2 ) - 16  (C12): SP3_SP2_BOND
  4   (C2 ) - 5   (O2 ): SP3_SP3_BOND

--------------------------------------------------------------------------------
--- PLP ligand setup summary                                                 ---
--------------------------------------------------------------------------------
    1    C1   C.3 NONPOLAR
    2    N1   N.3 DONACC
    3    O1   O.3 DONACC
    4    C2   C.3 NONPOLAR
    5    O2   O.3 DONACC
    6    C3   C.3 NONPOLAR
    7    O3   O.3 DONACC
    8    C4   C.3 NONPOLAR
    9    C5   C.3 NONPOLAR
   10    C6   C.3 NONPOLAR
   11    C7   C.3 NONPOLAR
   12    C8  C.ar NONPOLAR
   13    C9  C.ar NONPOLAR
   14   C10  C.ar NONPOLAR
   15   C11  C.ar NONPOLAR
   16   C12  C.ar NONPOLAR
   17   C13  C.ar NONPOLAR

--------------------------------------------------------------------------------
--- Automatic parameter setting                                              ---
--------------------------------------------------------------------------------
  Contribution base                        :   2500
  Contribution per rotatable bond          :   6000
  Contribution per df                      :   4000
  Contribution per water                   :  10000
  Ligand rotatable bonds                   :      8
  Protein flexible side chain bonds        :      0
  Total rotatable bonds                    :      8
  Hydrophobic vol ratio (P/L)              :   1.970
  Base multiplier (polar)                  :   1.600
  Base multiplier (apolar)                 :   3.546
  Base contribution                        : 12500.000
  Fitting points                           :      8
  Estimated maxops needed (optimal)        :  61000

--------------------------------------------------------------------------------

* Population settings                                                           
  maxops                                   :  61000
  popsiz                                   :    100
  select_pressure                          :   1.100
  n_islands                                :      5
  niche_siz                                :      2

* GA settings                                                                   
  pt_crosswt                               :     95
  allele_mutatewt                          :     95
  migratewt                                :     10

* Search settings                                                               
  start_vdw_linear_cutoff                  :   4.000
  initial_virtual_pt_match_max             :   3.000

--------------------------------------------------------------------------------

* Ligand initialisation time :                                                  
  total  0.0000 user  0.0000 sys  0.0000

--------------------------------------------------------------------------------

--------------------------------------------------------------------------------
** Docking run number  1 **
--------------------------------------------------------------------------------
  Rank fitness base is 5000.00 ; increment is 11.2233

* Initialising population(s) ...                                                
Number of constraints mappings 0
Number of constraints 0
  Population no.                           :      1
  Population size                          :    100
  Number of duplicates                     :      0
  Number of niche violations               :      0
  Number of errors                         :    269

Number of constraints mappings 0
Number of constraints 0
  Population no.                           :      2
  Population size                          :    100
  Number of duplicates                     :      0
  Number of niche violations               :      0
  Number of errors                         :    244

Number of constraints mappings 0
Number of constraints 0
  Population no.                           :      3
  Population size                          :    100
  Number of duplicates                     :      0
  Number of niche violations               :      0
  Number of errors                         :    239

Number of constraints mappings 0
Number of constraints 0
  Population no.                           :      4
  Population size                          :    100
  Number of duplicates                     :      0
  Number of niche violations               :      0
  Number of errors                         :    264

Number of constraints mappings 0
Number of constraints 0
  Population no.                           :      5
  Population size                          :    100
  Number of duplicates                     :      0
  Number of niche violations               :      0
  Number of errors                         :    264


Doing GA, no. of population(s) 5 size 100 selection pressure 1.100000

 Operation      Score     S(PLP)   S(hbond)     S(cho)   S(metal)  DE(clash)   DE(tors)     intcor
         0      22.04     -20.09       1.91       0.00       0.00       0.00       2.21       0.34
      1146      24.02     -27.68       0.00       0.00       0.00       0.98       1.51       0.34
      1699      29.45     -39.31       0.00       0.00       0.00       8.34       0.93       0.34
      2124      36.17     -41.39       0.00       0.00       0.00       2.33       1.62       0.34
      2784      36.55     -41.82       0.00       0.00       0.00       2.43       1.59       0.34
      2859      36.88     -42.05       0.00       0.00       0.00       2.33       1.59       0.34
      3659      37.10     -42.34       0.00       0.00       0.00       2.33       1.63       0.34
      3984      37.25     -42.42       0.00       0.00       0.00       2.33       1.59       0.34
      3994      39.34     -44.51       0.00       0.00       0.00       2.33       1.59       0.34
      4414      39.72     -44.78       0.00       0.00       0.00       1.73       1.84       0.34
      6355      44.02     -41.18       1.91       0.00       0.00       0.00       1.61       0.34
      7895      44.15     -41.11       1.98       0.00       0.00       0.00       1.61       0.34
      8495      45.44     -42.57       1.91       0.00       0.00       0.00       1.60       0.34
     16045      46.02     -42.87       1.91       0.00       0.00       0.00       1.40       0.23
     18445      46.39     -43.04       1.98       0.00       0.00       0.00       1.40       0.23
     25334      46.59     -43.61       1.85       0.00       0.00       0.00       1.37       0.19
     30061      46.70     -43.62       1.89       0.00       0.00       0.00       1.36       0.11
     31107      46.76     -43.72       1.91       0.00       0.00       0.00       1.40       0.11
     32682      46.89     -43.66       1.98       0.00       0.00       0.00       1.40       0.11
     32862      46.92     -43.59       2.00       0.00       0.00       0.00       1.39       0.11
     35041      47.09     -43.33       2.00       0.00       0.00       0.00       1.18       0.11
     37878      47.72     -44.35       1.98       0.00       0.00       0.00       1.33       0.11
     38523      47.76     -44.03       2.00       0.00       0.00       0.00       1.19       0.11
     42540      48.10     -44.34       2.00       0.00       0.00       0.00       1.18       0.11
     45875      48.18     -44.44       2.00       0.00       0.00       0.00       1.18       0.11
     50209      48.57     -44.84       2.00       0.00       0.00       0.00       1.19       0.11
     52932      48.58     -44.84       2.00       0.00       0.00       0.00       1.18       0.11
     58117      48.64     -44.91       2.00       0.00       0.00       0.00       1.19       0.11
     59521      48.66     -44.91       2.00       0.00       0.00       0.00       1.18       0.11
     60555      48.75     -44.96       2.00       0.00       0.00       0.00       1.16       0.11
     60738      48.76     -45.03       2.00       0.00       0.00       0.00       1.19       0.11
--------------------------------------------------------------------------------
Best docking solution after GA:
     61000      48.76     -45.03       2.00       0.00       0.00       0.00       1.19       0.11

#ops:      61000 #mutates:  28990 #cross:    28939 #migrate:   3071 
#dups:     14092 #niche:    24433 #errors:     434 
--------------------------------------------------------------------------------

Doing AMOEBA simplex on best individual
Done simplexing #iterations 468, best score  49.50

Ligand is stored in gold_soln_6h7m_m1_1.mol2


--------------------------------------------------------------------------------
--- CHEMPLP breakdown of terms                                               ---
--------------------------------------------------------------------------------
CHEMPLP = - ( 1.0000*S(PLP) + -3.0000*S(hbond) + -6.0000*S(metal) + -3.0000*S(cho) )

Score = CHEMPLP - 1.0000*DE(clash) - 2.0000*DE(tors)

Internal energy term has been corrected with the best internal energy encountered.

--------------------------------------------------------------------------------


     Score     S(PLP)   S(hbond)     S(cho)   S(metal)  DE(clash)   DE(tors)     intcor
     49.50     -45.70       2.00       0.00       0.00       0.00       1.15       0.11

--------------------------------------------------------------------------------
--- PLP analysis of protein-ligand interactions                              ---
--------------------------------------------------------------------------------
hydrogen bonding        :      -5.11
metal                   :       0.00
buried (polar-nonpolar) :      -6.96
nonpolar                :     -33.48
repulsive               :       0.00
--------------------------------------------------------------------------------


--------------------------------------------------------------------------------
--- ChemScore analysis of protein-ligand interactions                        ---
--------------------------------------------------------------------------------

* Hydrogen bonds                                                                
Ligand donor    2 hydrogen   19 Protein acceptor 2066 bond energy  1.00 wt 1.00
Ligand donor    7 hydrogen   26 Protein acceptor 2066 bond energy  1.00 wt 1.00


* CH..O interactions                                                            
  CH group selection                       : activated ring CH (adjacent to hetatom)

--------------------------------------------------------------------------------


--------------------------------------------------------------------------------
--- Intra-ligand clashes                                                     ---
--------------------------------------------------------------------------------

Ligand
--------------------------------------------------------------------------------


--------------------------------------------------------------------------------
--- Chromosome decoded                                                       ---
--------------------------------------------------------------------------------
Ligand Torsions
[   2    6    1    7]  -24.07
[  26    7    1    6]  -29.37
[  13   12    1    6]  -21.68
[   9    8    2    6] -172.74
[   8    2    6    1] -170.07
[  20    3   15   14] -162.20
[   5    4   16   15]  176.70
[  23    5    4   16]  -43.65
Mapping
Ligand acceptors to protein hydrogens (mapping then atom ids)
Ligand hydrogens to protein acceptors (mapping then atom ids)
  1   3 [ 19->2066]
Ligand shape atoms to protein points (mapping then atom ids & coords)
  6  3902 [ 11->(-23.750   8.750  16.000)]
  8  4086 [ 14->(-23.750  12.750  20.000)]
Chromosome values
Integers:
  -1   -1   -1   -1    2   -1   -1   -1   -1   -1   -1   -1 
  -1 3901   -1 4085   -1 
--------------------------------------------------------------------------------

Current Ranking  1

--------------------------------------------------------------------------------

* GA execution time :                                                           
  total  3.0000 user  3.0000 sys  0.0000

--------------------------------------------------------------------------------
Fitness function evaluations: 102393

--------------------------------------------------------------------------------
** Docking run number  2 **
--------------------------------------------------------------------------------
  Rank fitness base is 5000.00 ; increment is 11.2233

* Initialising population(s) ...                                                
Number of constraints mappings 0
Number of constraints 0
  Population no.                           :      1
  Population size                          :    100
  Number of duplicates                     :      0
  Number of niche violations               :      0
  Number of errors                         :    230

Number of constraints mappings 0
Number of constraints 0
  Population no.                           :      2
  Population size                          :    100
  Number of duplicates                     :      0
  Number of niche violations               :      0
  Number of errors                         :    251

Number of constraints mappings 0
Number of constraints 0
  Population no.                           :      3
  Population size                          :    100
  Number of duplicates                     :      0
  Number of niche violations               :      0
  Number of errors                         :    249

Number of constraints mappings 0
Number of constraints 0
  Population no.                           :      4
  Population size                          :    100
  Number of duplicates                     :      0
  Number of niche violations               :      0
  Number of errors                         :    270

Number of constraints mappings 0
Number of constraints 0
  Population no.                           :      5
  Population size                          :    100
  Number of duplicates                     :      0
  Number of niche violations               :      0
  Number of errors                         :    264


Doing GA, no. of population(s) 5 size 100 selection pressure 1.100000

 Operation      Score     S(PLP)   S(hbond)     S(cho)   S(metal)  DE(clash)   DE(tors)     intcor
         0      29.86     -35.35       0.00       0.00       0.00       1.98       1.81       0.11
       354      29.86     -35.35       0.00       0.00       0.00       1.98       1.81       0.11
       440      30.51     -36.30       0.00       0.00       0.00       1.98       1.96       0.11
       590      30.53     -36.36       0.00       0.00       0.00       1.98       1.98       0.11
       939      34.20     -36.81       0.00       0.00       0.00       0.00       1.36       0.11
      1929      36.93     -40.92       0.00       0.00       0.00       0.17       1.96       0.11
      1974      40.51     -41.76       0.54       0.00       0.00       0.00       1.48       0.11
      3829      42.05     -44.90       0.00       0.00       0.00       0.00       1.48       0.11
      4324      42.14     -43.87       0.37       0.00       0.00       0.00       1.48       0.11
      4414      42.23     -43.98       0.36       0.00       0.00       0.00       1.46       0.11
      5224      43.21     -44.36       0.57       0.00       0.00       0.00       1.48       0.11
      5549      44.32     -45.03       0.71       0.00       0.00       0.00       1.48       0.11
      7249      45.13     -45.01       0.99       0.00       0.00       0.00       1.48       0.11
      9583      45.55     -45.62       1.00       0.00       0.00       0.00       1.59       0.11
     11319      46.46     -46.28       1.00       0.00       0.00       0.00       1.46       0.11
     14465      46.57     -46.34       0.91       0.00       0.00       0.00       1.30       0.11
     14509      46.79     -46.62       1.00       0.00       0.00       0.00       1.47       0.11
     16667      48.11     -47.15       0.94       0.00       0.00       0.00       0.99       0.11
     21237      48.25     -47.34       0.94       0.00       0.00       0.00       1.01       0.11
     22487      48.45     -47.18       0.94       0.00       0.00       0.00       0.83       0.11
     23362      48.60     -50.16       0.71       0.00       0.00       0.05       1.87       0.11
     24466      48.62     -47.86       0.99       0.00       0.00       0.00       1.16       0.11
     24882      48.91     -48.10       0.91       0.00       0.00       0.00       1.01       0.11
     25259      51.40     -51.64       0.80       0.00       0.00       0.00       1.37       0.11
     26919      52.57     -52.83       0.80       0.00       0.00       0.00       1.38       0.11
     36909      52.62     -52.83       0.80       0.00       0.00       0.00       1.35       0.11
     38310      52.85     -52.94       0.91       0.00       0.00       0.00       1.46       0.11
     40221      53.39     -53.64       0.80       0.00       0.00       0.00       1.38       0.11
     42257      53.57     -53.49       0.80       0.00       0.00       0.00       1.21       0.11
     44437      53.74     -53.56       0.80       0.00       0.00       0.00       1.16       0.11
     56425      53.75     -53.57       0.80       0.00       0.00       0.00       1.16       0.11
     58614      53.89     -53.56       0.84       0.00       0.00       0.00       1.16       0.11
     58651      54.03     -53.83       0.86       0.00       0.00       0.00       1.24       0.11
     59356      55.29     -54.43       1.00       0.00       0.00       0.00       1.13       0.11
     59686      55.83     -54.61       1.00       0.00       0.00       0.00       0.94       0.11
     60891      55.83     -54.61       1.00       0.00       0.00       0.00       0.95       0.11
--------------------------------------------------------------------------------
Best docking solution after GA:
     61000      55.83     -54.61       1.00       0.00       0.00       0.00       0.95       0.11

#ops:      61000 #mutates:  28762 #cross:    29106 #migrate:   3132 
#dups:     16002 #niche:    26607 #errors:     297 
--------------------------------------------------------------------------------

Doing AMOEBA simplex on best individual
Done simplexing #iterations 475, best score  56.90

Ligand is stored in gold_soln_6h7m_m1_2.mol2


--------------------------------------------------------------------------------
--- CHEMPLP breakdown of terms                                               ---
--------------------------------------------------------------------------------
CHEMPLP = - ( 1.0000*S(PLP) + -3.0000*S(hbond) + -6.0000*S(metal) + -3.0000*S(cho) )

Score = CHEMPLP - 1.0000*DE(clash) - 2.0000*DE(tors)

Internal energy term has been corrected with the best internal energy encountered.

--------------------------------------------------------------------------------


     Score     S(PLP)   S(hbond)     S(cho)   S(metal)  DE(clash)   DE(tors)     intcor
     56.90     -55.62       1.00       0.00       0.00       0.00       0.92       0.11

--------------------------------------------------------------------------------
--- PLP analysis of protein-ligand interactions                              ---
--------------------------------------------------------------------------------
hydrogen bonding        :      -2.38
metal                   :       0.00
buried (polar-nonpolar) :      -6.17
nonpolar                :     -47.68
repulsive               :       0.00
--------------------------------------------------------------------------------


--------------------------------------------------------------------------------
--- ChemScore analysis of protein-ligand interactions                        ---
--------------------------------------------------------------------------------

* Hydrogen bonds                                                                
Ligand donor    7 hydrogen   26 Protein acceptor 2066 bond energy  1.00 wt 1.00


* CH..O interactions                                                            
  CH group selection                       : activated ring CH (adjacent to hetatom)

--------------------------------------------------------------------------------


--------------------------------------------------------------------------------
--- Intra-ligand clashes                                                     ---
--------------------------------------------------------------------------------

Ligand
--------------------------------------------------------------------------------


--------------------------------------------------------------------------------
--- Chromosome decoded                                                       ---
--------------------------------------------------------------------------------
Ligand Torsions
[   2    6    1    7]  -76.93
[  26    7    1    6]   92.10
[  13   12    1    6]  117.95
[   9    8    2    6]  -81.49
[   8    2    6    1]  111.35
[  20    3   15   14]  140.01
[   5    4   16   15]  -59.87
[  23    5    4   16] -118.54
Mapping
Ligand acceptors to protein hydrogens (mapping then atom ids)
Ligand hydrogens to protein acceptors (mapping then atom ids)
  4   3 [ 26->2066]
Ligand shape atoms to protein points (mapping then atom ids & coords)
  1  6748 [  1->(-22.750   7.250  16.500)]
  2  6076 [  4->(-23.000   6.750  11.250)]
  3  6751 [  6->(-22.750   7.500  15.500)]
  4  6909 [  9->(-22.750  10.500  19.000)]
  5  8432 [ 10->(-21.000   9.750  18.250)]
  7  3591 [ 13->(-23.750   4.250  15.000)]
  8  5931 [ 14->(-23.000   4.250  14.750)]
  9  3827 [ 17->(-23.750   6.750  15.000)]
Chromosome values
Integers:
  -1   -1   -1   -1   -1   -1   -1    2 6747 6075 6750 6908 
8431   -1 3590 5930 3826 
--------------------------------------------------------------------------------

Current Ranking  2  1

--------------------------------------------------------------------------------

* GA execution time :                                                           
  total  3.0000 user  3.0000 sys  0.0000

--------------------------------------------------------------------------------
Fitness function evaluations: 101928

--------------------------------------------------------------------------------
** Docking run number  3 **
--------------------------------------------------------------------------------
  Rank fitness base is 5000.00 ; increment is 11.2233

* Initialising population(s) ...                                                
Number of constraints mappings 0
Number of constraints 0
  Population no.                           :      1
  Population size                          :    100
  Number of duplicates                     :      0
  Number of niche violations               :      0
  Number of errors                         :    251

Number of constraints mappings 0
Number of constraints 0
  Population no.                           :      2
  Population size                          :    100
  Number of duplicates                     :      0
  Number of niche violations               :      0
  Number of errors                         :    265

Number of constraints mappings 0
Number of constraints 0
  Population no.                           :      3
  Population size                          :    100
  Number of duplicates                     :      0
  Number of niche violations               :      0
  Number of errors                         :    283

Number of constraints mappings 0
Number of constraints 0
  Population no.                           :      4
  Population size                          :    100
  Number of duplicates                     :      0
  Number of niche violations               :      0
  Number of errors                         :    273

Number of constraints mappings 0
Number of constraints 0
  Population no.                           :      5
  Population size                          :    100
  Number of duplicates                     :      0
  Number of niche violations               :      0
  Number of errors                         :    267


Doing GA, no. of population(s) 5 size 100 selection pressure 1.100000

 Operation      Score     S(PLP)   S(hbond)     S(cho)   S(metal)  DE(clash)   DE(tors)     intcor
         0      15.68     -18.72       0.00       0.00       0.00       0.00       1.58       0.11
       182      23.97     -23.86       0.80       0.00       0.00       0.00       1.20       0.11
       963      25.06     -27.88       0.00       0.00       0.00       0.00       1.47       0.11
      1062      26.94     -26.70       0.80       0.00       0.00       0.00       1.14       0.11
      2237      33.94     -34.31       1.00       0.00       0.00       0.00       1.74       0.11
      3308      35.79     -42.56       0.00       0.00       0.00       2.45       2.22       0.11
      5743      40.56     -40.92       1.00       0.00       0.00       0.00       1.74       0.11
      7067      40.69     -41.40       0.89       0.00       0.00       0.00       1.74       0.11
      8448      45.56     -43.87       1.60       0.00       0.00       0.00       1.61       0.11
     18931      45.68     -42.75       1.82       0.00       0.00       0.03       1.30       0.11
     21339      46.00     -45.24       0.72       0.00       0.00       0.05       0.73       0.11
     22096      46.73     -43.34       1.82       0.00       0.00       0.03       1.07       0.11
     25010      47.00     -45.68       0.91       0.00       0.00       0.05       0.73       0.11
     26570      47.23     -46.35       1.00       0.00       0.00       0.05       1.09       0.11
     27200      47.82     -46.79       1.00       0.00       0.00       0.05       1.01       0.11
     29195      48.73     -47.85       1.00       0.00       0.00       0.05       1.09       0.11
     30160      50.24     -48.60       1.00       0.00       0.00       0.09       0.69       0.11
     33645      50.25     -48.61       1.00       0.00       0.00       0.10       0.69       0.11
     34899      50.38     -49.53       1.00       0.00       0.00       0.09       1.08       0.11
     35315      51.06     -49.43       1.00       0.00       0.00       0.10       0.69       0.11
     35366      51.14     -49.47       1.00       0.00       0.00       0.10       0.67       0.11
     35368      51.60     -50.87       1.00       0.00       0.00       0.00       1.19       0.11
     37064      51.65     -50.77       1.00       0.00       0.00       0.05       1.09       0.11
     37294      51.82     -50.52       1.00       0.00       0.00       0.00       0.91       0.11
     38995      51.85     -50.28       1.00       0.00       0.00       0.09       0.72       0.11
     39654      52.09     -50.92       1.00       0.00       0.00       0.00       0.97       0.11
     39695      52.12     -50.55       1.00       0.00       0.00       0.09       0.72       0.11
     41275      52.38     -51.40       1.00       0.00       0.00       0.00       1.06       0.11
     41535      53.05     -51.59       1.00       0.00       0.00       0.00       0.83       0.11
     43354      53.87     -52.97       1.00       0.00       0.00       0.03       1.09       0.11
     51229      53.92     -53.01       1.00       0.00       0.00       0.03       1.09       0.11
     56147      54.08     -52.47       1.00       0.00       0.00       0.00       0.75       0.11
     56422      54.13     -52.53       1.00       0.00       0.00       0.00       0.76       0.11
     59090      54.22     -53.31       1.00       0.00       0.00       0.03       1.09       0.11
     59613      54.31     -53.29       1.00       0.00       0.00       0.00       1.05       0.11
     59778      54.37     -53.30       1.00       0.00       0.00       0.03       1.01       0.11
     60614      54.45     -53.24       1.00       0.00       0.00       0.05       0.93       0.11
--------------------------------------------------------------------------------
Best docking solution after GA:
     61000      54.45     -53.24       1.00       0.00       0.00       0.05       0.93       0.11

#ops:      61000 #mutates:  28826 #cross:    29065 #migrate:   3109 
#dups:     14159 #niche:    23194 #errors:     477 
--------------------------------------------------------------------------------

Doing AMOEBA simplex on best individual
Done simplexing #iterations 537, best score  56.26

Ligand is stored in gold_soln_6h7m_m1_3.mol2


--------------------------------------------------------------------------------
--- CHEMPLP breakdown of terms                                               ---
--------------------------------------------------------------------------------
CHEMPLP = - ( 1.0000*S(PLP) + -3.0000*S(hbond) + -6.0000*S(metal) + -3.0000*S(cho) )

Score = CHEMPLP - 1.0000*DE(clash) - 2.0000*DE(tors)

Internal energy term has been corrected with the best internal energy encountered.

--------------------------------------------------------------------------------


     Score     S(PLP)   S(hbond)     S(cho)   S(metal)  DE(clash)   DE(tors)     intcor
     56.26     -55.57       1.00       0.00       0.00       0.00       1.21       0.11

--------------------------------------------------------------------------------
--- PLP analysis of protein-ligand interactions                              ---
--------------------------------------------------------------------------------
hydrogen bonding        :      -3.55
metal                   :       0.00
buried (polar-nonpolar) :      -4.49
nonpolar                :     -47.26
repulsive               :       0.00
--------------------------------------------------------------------------------


--------------------------------------------------------------------------------
--- ChemScore analysis of protein-ligand interactions                        ---
--------------------------------------------------------------------------------

* Hydrogen bonds                                                                
Ligand donor    7 hydrogen   26 Protein acceptor 2066 bond energy  1.00 wt 1.00


* CH..O interactions                                                            
  CH group selection                       : activated ring CH (adjacent to hetatom)

--------------------------------------------------------------------------------


--------------------------------------------------------------------------------
--- Intra-ligand clashes                                                     ---
--------------------------------------------------------------------------------

Ligand
--------------------------------------------------------------------------------


--------------------------------------------------------------------------------
--- Chromosome decoded                                                       ---
--------------------------------------------------------------------------------
Ligand Torsions
[   2    6    1    7]  -75.97
[  26    7    1    6]   94.87
[  13   12    1    6]  127.18
[   9    8    2    6]   30.55
[   8    2    6    1]  118.61
[  20    3   15   14] -119.64
[   5    4   16   15]    4.59
[  23    5    4   16] -110.87
Mapping
Ligand acceptors to protein hydrogens (mapping then atom ids)
Ligand hydrogens to protein acceptors (mapping then atom ids)
  4   3 [ 26->2066]
Ligand shape atoms to protein points (mapping then atom ids & coords)
  1  6753 [  1->(-22.750   7.500  16.000)]
  3  6789 [  6->(-22.750   8.500  16.750)]
  4  8498 [  9->(-20.750   8.000  16.750)]
  6  6896 [ 11->(-22.750  10.250  18.500)]
  8  5887 [ 14->(-23.000   3.750  15.250)]
  9  3790 [ 17->(-23.750   6.250  15.250)]
Chromosome values
Integers:
  -1   -1   -1   -1   -1   -1   -1    2 6752   -1 6788 8497 
  -1 6895   -1 5886 3789 
--------------------------------------------------------------------------------

Current Ranking  2  3  1

--------------------------------------------------------------------------------

* GA execution time :                                                           
  total  2.9999 user  2.9999 sys  0.0000

--------------------------------------------------------------------------------
Fitness function evaluations: 102096

--------------------------------------------------------------------------------
** Docking run number  4 **
--------------------------------------------------------------------------------
  Rank fitness base is 5000.00 ; increment is 11.2233

* Initialising population(s) ...                                                
Number of constraints mappings 0
Number of constraints 0
  Population no.                           :      1
  Population size                          :    100
  Number of duplicates                     :      0
  Number of niche violations               :      0
  Number of errors                         :    252

Number of constraints mappings 0
Number of constraints 0
  Population no.                           :      2
  Population size                          :    100
  Number of duplicates                     :      0
  Number of niche violations               :      0
  Number of errors                         :    233

Number of constraints mappings 0
Number of constraints 0
  Population no.                           :      3
  Population size                          :    100
  Number of duplicates                     :      0
  Number of niche violations               :      0
  Number of errors                         :    236

Number of constraints mappings 0
Number of constraints 0
  Population no.                           :      4
  Population size                          :    100
  Number of duplicates                     :      0
  Number of niche violations               :      0
  Number of errors                         :    246

Number of constraints mappings 0
Number of constraints 0
  Population no.                           :      5
  Population size                          :    100
  Number of duplicates                     :      0
  Number of niche violations               :      0
  Number of errors                         :    249


Doing GA, no. of population(s) 5 size 100 selection pressure 1.100000

 Operation      Score     S(PLP)   S(hbond)     S(cho)   S(metal)  DE(clash)   DE(tors)     intcor
         0      26.64     -31.72       0.00       0.00       0.00       3.03       1.08       0.11
       522      27.92     -26.26       1.00       0.00       0.00       0.00       0.73       0.11
      2206      28.86     -34.91       0.00       0.00       0.00       1.50       2.34       0.11
      2291      29.85     -35.90       0.00       0.00       0.00       1.50       2.34       0.11
      2360      30.82     -33.59       0.05       0.00       0.00       0.00       1.51       0.11
      3258      32.68     -35.39       0.56       0.00       0.00       0.00       2.25       0.11
      4464      33.43     -34.25       0.00       0.00       0.00       0.26       0.33       0.11
      4788      35.78     -36.60       0.00       0.00       0.00       0.26       0.33       0.11
      5233      37.82     -39.18       1.00       0.00       0.00       0.00       2.24       0.11
      5939      39.41     -41.78       0.85       0.00       0.00       0.00       2.51       0.11
      6455      45.55     -46.69       0.00       0.00       0.00       0.00       0.63       0.11
     10400      50.56     -51.70       0.00       0.00       0.00       0.00       0.63       0.11
     11145      50.62     -51.80       0.00       0.00       0.00       0.00       0.64       0.11
     13940      50.76     -51.88       0.00       0.00       0.00       0.00       0.61       0.11
     14030      50.87     -51.84       0.00       0.00       0.00       0.00       0.54       0.11
     15055      50.98     -51.92       0.00       0.00       0.00       0.00       0.53       0.11
     19145      51.48     -52.45       0.00       0.00       0.00       0.00       0.54       0.11
     20719      51.52     -52.47       0.00       0.00       0.00       0.00       0.53       0.11
     21865      51.91     -52.88       0.00       0.00       0.00       0.00       0.54       0.11
     22855      52.77     -53.74       0.00       0.00       0.00       0.00       0.54       0.11
     25395      52.82     -53.76       0.00       0.00       0.00       0.00       0.53       0.11
     26230      52.97     -53.90       0.00       0.00       0.00       0.00       0.52       0.11
     29725      52.98     -53.92       0.00       0.00       0.00       0.00       0.51       0.08
     29749      53.22     -54.05       0.00       0.00       0.00       0.00       0.46       0.08
     31865      53.52     -54.34       0.00       0.00       0.00       0.00       0.45       0.08
     38630      53.61     -54.41       0.00       0.00       0.00       0.00       0.44       0.08
     40598      53.66     -53.98       0.91       0.00       0.00       0.00       1.56       0.08
     44006      53.83     -54.56       0.00       0.00       0.00       0.10       0.36       0.08
     44241      53.91     -54.58       0.00       0.00       0.00       0.00       0.38       0.08
     51231      53.94     -54.69       0.00       0.00       0.00       0.00       0.42       0.08
     55988      54.12     -54.76       0.00       0.00       0.00       0.00       0.36       0.08
     57568      54.50     -55.18       0.00       0.00       0.00       0.00       0.38       0.08
     58488      54.53     -55.16       0.00       0.00       0.00       0.00       0.36       0.08
     60943      54.53     -55.19       0.00       0.00       0.00       0.00       0.37       0.08
--------------------------------------------------------------------------------
Best docking solution after GA:
     61000      54.53     -55.19       0.00       0.00       0.00       0.00       0.37       0.08

#ops:      61000 #mutates:  29003 #cross:    28913 #migrate:   3084 
#dups:     15794 #niche:    28914 #errors:     412 
--------------------------------------------------------------------------------

Doing AMOEBA simplex on best individual
Done simplexing #iterations 361, best score  54.80

Ligand is stored in gold_soln_6h7m_m1_4.mol2


--------------------------------------------------------------------------------
--- CHEMPLP breakdown of terms                                               ---
--------------------------------------------------------------------------------
CHEMPLP = - ( 1.0000*S(PLP) + -3.0000*S(hbond) + -6.0000*S(metal) + -3.0000*S(cho) )

Score = CHEMPLP - 1.0000*DE(clash) - 2.0000*DE(tors)

Internal energy term has been corrected with the best internal energy encountered.

--------------------------------------------------------------------------------


     Score     S(PLP)   S(hbond)     S(cho)   S(metal)  DE(clash)   DE(tors)     intcor
     54.80     -55.38       0.00       0.00       0.00       0.00       0.33       0.08

--------------------------------------------------------------------------------
--- PLP analysis of protein-ligand interactions                              ---
--------------------------------------------------------------------------------
hydrogen bonding        :      -4.50
metal                   :       0.00
buried (polar-nonpolar) :      -5.65
nonpolar                :     -44.47
repulsive               :       0.00
--------------------------------------------------------------------------------


--------------------------------------------------------------------------------
--- ChemScore analysis of protein-ligand interactions                        ---
--------------------------------------------------------------------------------

* Hydrogen bonds                                                                


* CH..O interactions                                                            
  CH group selection                       : activated ring CH (adjacent to hetatom)

--------------------------------------------------------------------------------


--------------------------------------------------------------------------------
--- Intra-ligand clashes                                                     ---
--------------------------------------------------------------------------------

Ligand
--------------------------------------------------------------------------------


--------------------------------------------------------------------------------
--- Chromosome decoded                                                       ---
--------------------------------------------------------------------------------
Ligand Torsions
[   2    6    1    7]  -51.97
[  26    7    1    6] -151.14
[  13   12    1    6]  120.08
[   9    8    2    6] -161.49
[   8    2    6    1] -162.29
[  20    3   15   14]  -77.30
[   5    4   16   15]  120.70
[  23    5    4   16]   32.78
Mapping
Ligand acceptors to protein hydrogens (mapping then atom ids)
Ligand hydrogens to protein acceptors (mapping then atom ids)
Ligand shape atoms to protein points (mapping then atom ids & coords)
  1  2923 [  1->(-24.000   5.250  16.750)]
  2  2263 [  4->(-24.250   6.000  10.250)]
  3  5280 [  6->(-23.250   5.500  16.250)]
  5  5472 [ 10->(-23.250   9.500  17.500)]
  7  5259 [ 13->(-23.250   5.250  15.000)]
  8  5932 [ 14->(-23.000   4.250  15.000)]
  9  2857 [ 17->(-24.000   4.750  14.500)]
Chromosome values
Integers:
  -1   -1   -1   -1   -1   -1   -1   -1 2922 2262 5279   -1 
5471   -1 5258 5931 2856 
--------------------------------------------------------------------------------

Current Ranking  2  3  4  1

--------------------------------------------------------------------------------

* GA execution time :                                                           
  total  3.0001 user  3.0000 sys  0.0000

--------------------------------------------------------------------------------
Fitness function evaluations: 101197

--------------------------------------------------------------------------------
** Docking run number  5 **
--------------------------------------------------------------------------------
  Rank fitness base is 5000.00 ; increment is 11.2233

* Initialising population(s) ...                                                
Number of constraints mappings 0
Number of constraints 0
  Population no.                           :      1
  Population size                          :    100
  Number of duplicates                     :      0
  Number of niche violations               :      0
  Number of errors                         :    249

Number of constraints mappings 0
Number of constraints 0
  Population no.                           :      2
  Population size                          :    100
  Number of duplicates                     :      0
  Number of niche violations               :      0
  Number of errors                         :    237

Number of constraints mappings 0
Number of constraints 0
  Population no.                           :      3
  Population size                          :    100
  Number of duplicates                     :      0
  Number of niche violations               :      0
  Number of errors                         :    241

Number of constraints mappings 0
Number of constraints 0
  Population no.                           :      4
  Population size                          :    100
  Number of duplicates                     :      0
  Number of niche violations               :      0
  Number of errors                         :    240

Number of constraints mappings 0
Number of constraints 0
  Population no.                           :      5
  Population size                          :    100
  Number of duplicates                     :      0
  Number of niche violations               :      0
  Number of errors                         :    261


Doing GA, no. of population(s) 5 size 100 selection pressure 1.100000

 Operation      Score     S(PLP)   S(hbond)     S(cho)   S(metal)  DE(clash)   DE(tors)     intcor
         0      37.59     -39.03       0.00       0.00       0.00       0.21       0.66       0.08
      1957      39.73     -42.42       0.03       0.00       0.00       0.00       1.44       0.08
      3142      40.14     -42.96       0.00       0.00       0.00       0.00       1.45       0.08
      5022      41.03     -42.53       0.00       0.00       0.00       0.21       0.68       0.08
      6722      44.43     -47.14       0.00       0.00       0.00       0.21       1.29       0.08
      7960      47.42     -47.70       0.95       0.00       0.00       0.00       1.61       0.08
     11531      47.47     -47.77       0.95       0.00       0.00       0.00       1.61       0.08
     12573      48.37     -49.60       0.89       0.00       0.00       0.00       2.00       0.08
     13973      48.88     -50.09       0.90       0.00       0.00       0.00       2.00       0.08
     15138      50.11     -51.00       1.00       0.00       0.00       0.00       1.98       0.08
     16326      50.68     -51.09       0.91       0.00       0.00       0.00       1.61       0.08
     17851      51.00     -51.51       0.88       0.00       0.00       0.00       1.61       0.08
     18715      51.14     -52.39       0.63       0.00       0.00       0.00       1.61       0.08
     19360      51.55     -52.02       0.89       0.00       0.00       0.00       1.61       0.08
     19754      53.10     -53.29       1.00       0.00       0.00       0.00       1.64       0.08
     24178      53.33     -53.53       1.00       0.00       0.00       0.00       1.64       0.08
     26838      53.36     -53.62       1.00       0.00       0.00       0.08       1.63       0.08
     28233      53.37     -53.98       0.86       0.00       0.00       0.00       1.64       0.08
     30499      53.78     -53.77       1.00       0.00       0.00       0.08       1.50       0.08
     31449      53.82     -53.77       1.00       0.00       0.00       0.03       1.50       0.08
     33844      53.84     -54.20       1.00       0.00       0.00       0.00       1.72       0.08
     36504      53.95     -53.96       1.00       0.00       0.00       0.00       1.54       0.08
     38737      54.11     -54.05       1.00       0.00       0.00       0.08       1.47       0.08
     39567      54.16     -54.06       1.00       0.00       0.00       0.00       1.49       0.08
     42230      54.36     -54.18       1.00       0.00       0.00       0.00       1.45       0.08
     47805      54.48     -54.32       1.00       0.00       0.00       0.03       1.45       0.08
     52779      54.49     -54.32       1.00       0.00       0.00       0.00       1.46       0.08
     53580      54.51     -54.29       1.00       0.00       0.00       0.00       1.43       0.08
     56961      54.52     -54.24       1.00       0.00       0.00       0.08       1.36       0.08
     57214      54.55     -54.33       1.00       0.00       0.00       0.00       1.43       0.08
     57436      54.57     -54.48       1.00       0.00       0.00       0.03       1.48       0.08
     57985      54.58     -54.15       1.00       0.00       0.00       0.00       1.32       0.08
     57995      54.58     -54.21       1.00       0.00       0.00       0.03       1.34       0.08
     58885      54.60     -54.22       1.00       0.00       0.00       0.00       1.35       0.08
     59805      54.62     -54.25       1.00       0.00       0.00       0.03       1.34       0.08
--------------------------------------------------------------------------------
Best docking solution after GA:
     61000      54.62     -54.25       1.00       0.00       0.00       0.03       1.34       0.08

#ops:      61000 #mutates:  28862 #cross:    29020 #migrate:   3118 
#dups:     15705 #niche:    23913 #errors:     493 
--------------------------------------------------------------------------------

Doing AMOEBA simplex on best individual
Done simplexing #iterations 604, best score  56.89

Ligand is stored in gold_soln_6h7m_m1_5.mol2


--------------------------------------------------------------------------------
--- CHEMPLP breakdown of terms                                               ---
--------------------------------------------------------------------------------
CHEMPLP = - ( 1.0000*S(PLP) + -3.0000*S(hbond) + -6.0000*S(metal) + -3.0000*S(cho) )

Score = CHEMPLP - 1.0000*DE(clash) - 2.0000*DE(tors)

Internal energy term has been corrected with the best internal energy encountered.

--------------------------------------------------------------------------------


     Score     S(PLP)   S(hbond)     S(cho)   S(metal)  DE(clash)   DE(tors)     intcor
     56.89     -56.27       1.00       0.00       0.00       0.00       1.23       0.08

--------------------------------------------------------------------------------
--- PLP analysis of protein-ligand interactions                              ---
--------------------------------------------------------------------------------
hydrogen bonding        :      -2.67
metal                   :       0.00
buried (polar-nonpolar) :      -3.58
nonpolar                :     -48.90
repulsive               :       0.00
--------------------------------------------------------------------------------


--------------------------------------------------------------------------------
--- ChemScore analysis of protein-ligand interactions                        ---
--------------------------------------------------------------------------------

* Hydrogen bonds                                                                
Ligand donor    7 hydrogen   26 Protein acceptor 2066 bond energy  1.00 wt 1.00


* CH..O interactions                                                            
  CH group selection                       : activated ring CH (adjacent to hetatom)

--------------------------------------------------------------------------------


--------------------------------------------------------------------------------
--- Intra-ligand clashes                                                     ---
--------------------------------------------------------------------------------

Ligand
--------------------------------------------------------------------------------


--------------------------------------------------------------------------------
--- Chromosome decoded                                                       ---
--------------------------------------------------------------------------------
Ligand Torsions
[   2    6    1    7]  -85.48
[  26    7    1    6]  105.36
[  13   12    1    6]  110.29
[   9    8    2    6]  -79.20
[   8    2    6    1]  113.10
[  20    3   15   14]  131.73
[   5    4   16   15]   -4.19
[  23    5    4   16]  176.18
Mapping
Ligand acceptors to protein hydrogens (mapping then atom ids)
Ligand hydrogens to protein acceptors (mapping then atom ids)
  4   3 [ 26->2066]
Ligand shape atoms to protein points (mapping then atom ids & coords)
  1  6091 [  1->(-23.000   7.000  15.500)]
  2  5226 [  4->(-23.250   5.000  10.500)]
  3  7926 [  6->(-21.750   8.250  16.750)]
  5  7997 [ 10->(-21.750  10.500  18.250)]
  7  5149 [ 13->(-23.250   4.000  16.000)]
  8  1609 [ 14->(-24.500   4.750  14.750)]
  9  6707 [ 17->(-22.750   6.250  15.000)]
Chromosome values
Integers:
  -1   -1   -1   -1   -1   -1   -1    2 6090 5225 7925   -1 
7996   -1 5148 1608 6706 
--------------------------------------------------------------------------------

Current Ranking  2  5  3  4  1

Top  3 (of  5) solutions are within 1.000 RMSD, finishing docking C:/Users/student/Desktop/project/beta1/ligandy/6h7m.mol2.


--------------------------------------------------------------------------------

* GA execution time :                                                           
  total  3.0000 user  3.0000 sys  0.0000

--------------------------------------------------------------------------------
Fitness function evaluations: 101089

--------------------------------------------------------------------------------
--- Ranking analysis                                                         ---
--------------------------------------------------------------------------------


* Final ranked order of GA solutions:                                           
   2  5  3  4  1 

  _______________________________
  RMSD Matrix of RANKED solutions

        2    3    4    5  

   1 :  0.5  0.5  1.6  8.8
   2 :       0.4  1.4  8.9
   3 :            1.3  8.8
   4 :                 9.1

  Clustering method                        : complete linkage
  Structure ids in cluster table           : rank nos.
  Ordering of clusters and their members   : by rank (order if from rms_analysis)

  Distance | Clusters
   0.36    |  1 |  2  3 |  4 |  5 |
   0.52    |  1  2  3 |  4 |  5 |
   1.57    |  1  2  3  4 |  5 |
   9.06    |  1  2  3  4  5 |
  Finished Docking Ligand                  : C:/Users/student/Desktop/project/beta1/ligandy/6h7m.mol2
--------------------------------------------------------------------------------

  Relative_Ligand_Energy (best encountered) :   0.083
  Relative_Ligand_Energy: fitness values have been corrected using this amount
