
--------------------------------------------------------------------------------
--- Ligand                                                                   ---
--------------------------------------------------------------------------------
  Ligand loaded from file                  : C:/Users/student/Desktop/project/beta1/ligandy/6h7m.mol2
  Ligand name                              :  
  "C:\Users\porto\OneDrive\projekt\beta1\ligandy\L_6h7m.pdb L_6h7m.pdb 1    "

--------------------------------------------------------------------------------
  N.plc donors                             : 
  none found

  Acidic nitrogen acceptors                : 
  none found
  Sulfur acceptors                         :
  none found


  Donor atoms                              :      4
  2   3   5   7   
  Acceptor atoms                           :      4
  2   3   5   7   

  Hydrogens                                :  (n = 4)
  19   20   23   26   

  Lone pairs added to molecule             :      7
  Numbering                                : from 39 to 45

--------------------------------------------------------------------------------
--- Postprocessing of typing                                                 ---
--------------------------------------------------------------------------------
  Fragment file                            : C:\Program Files (x86)\CCDC/GoldSuite_2017\GOLD\gold\rotatable_bond_override.mol2
  acylurea fragment                        : no matches
  thioacylthiourea fragment                : no matches
  acylthiourea fragment                    : no matches
  thioacylurea fragment                    : no matches
  diarylamine fragment >C.ar-NH-C.ar<      : no matches
  sec-amine (1) fragment                   : no matches
  sec-amine (2) fragment                   : no matches
  sec-amine (3) fragment                   : no matches
  carboxylic ester                         : no matches

* Rotatable bonds in C:/Users/student/Des  :
  [   1    6] [   1    7] [   1   12] [   2    8] 
  [   2    6] [   3   15] [   4   16] [   4    5] 
  No. of rotatable bonds                   :      8


* Fragments found in C:/Users/student/Des  :
  atom  12: benzene
  atom  13: benzene
  atom  14: benzene
  atom  15: benzene
  atom  16: benzene
  atom  17: benzene


* Checking torsion distributions:                                               
  No. of matched torsions                  :      0

--------------------------------------------------------------------------------
--- Shape fitting atoms selection (hydrophobic atoms)                        ---
--------------------------------------------------------------------------------
  Molecule                                 : C:/Users/student/Desktop/project/beta1/ligandy/6h7m.mol2
  Selection                                : carbons only
  Atom numbers                             :  (n = 9)
  1    4    6    9    10   11   13   14   17   


--------------------------------------------------------------------------------
--- ChemScore ligand setup summary                                           ---
--------------------------------------------------------------------------------
  ChemScore ligand acceptors               :      4
  2 3 5 7 
  ChemScore ligand donors                  :      4
  2 ( 19  ) 3 ( 20  ) 5 ( 23  ) 7 ( 26  ) 
  ChemScore ligand CH donors               :      0
  

  ChemScore ligand lipophilic atoms        :  (n = 13)
  1    4    6    8    9    10   11   12   13   14   
  15   16   17   

  ChemScore ligand rotatable bonds         :      8
  1   (C1 ) - 6   (C3 ): SP3_SP3_BOND
  1   (C1 ) - 7   (O3 ): SP3_SP3_BOND
  1   (C1 ) - 12  (C8 ): SP3_SP2_BOND
  2   (N1 ) - 8   (C4 ): SP3_SP3_BOND
  2   (N1 ) - 6   (C3 ): SP3_SP3_BOND
  3   (O1 ) - 15  (C11): SP3_SP2_BOND
  4   (C2 ) - 16  (C12): SP3_SP2_BOND
  4   (C2 ) - 5   (O2 ): SP3_SP3_BOND

--------------------------------------------------------------------------------
--- PLP ligand setup summary                                                 ---
--------------------------------------------------------------------------------
    1    C1   C.3 NONPOLAR
    2    N1   N.3 DONACC
    3    O1   O.3 DONACC
    4    C2   C.3 NONPOLAR
    5    O2   O.3 DONACC
    6    C3   C.3 NONPOLAR
    7    O3   O.3 DONACC
    8    C4   C.3 NONPOLAR
    9    C5   C.3 NONPOLAR
   10    C6   C.3 NONPOLAR
   11    C7   C.3 NONPOLAR
   12    C8  C.ar NONPOLAR
   13    C9  C.ar NONPOLAR
   14   C10  C.ar NONPOLAR
   15   C11  C.ar NONPOLAR
   16   C12  C.ar NONPOLAR
   17   C13  C.ar NONPOLAR

--------------------------------------------------------------------------------
--- Automatic parameter setting                                              ---
--------------------------------------------------------------------------------
  Contribution base                        :   2500
  Contribution per rotatable bond          :   6000
  Contribution per df                      :   4000
  Contribution per water                   :  10000
  Ligand rotatable bonds                   :      8
  Protein flexible side chain bonds        :      0
  Total rotatable bonds                    :      8
  Hydrophobic vol ratio (P/L)              :   1.970
  Base multiplier (polar)                  :   1.600
  Base multiplier (apolar)                 :   3.546
  Base contribution                        : 12500.000
  Fitting points                           :      8
  Estimated maxops needed (optimal)        :  61000

--------------------------------------------------------------------------------

* Population settings                                                           
  maxops                                   :  61000
  popsiz                                   :    100
  select_pressure                          :   1.100
  n_islands                                :      5
  niche_siz                                :      2

* GA settings                                                                   
  pt_crosswt                               :     95
  allele_mutatewt                          :     95
  migratewt                                :     10

* Search settings                                                               
  start_vdw_linear_cutoff                  :   4.000
  initial_virtual_pt_match_max             :   3.000

--------------------------------------------------------------------------------

* Ligand initialisation time :                                                  
  total  0.0000 user  0.0000 sys  0.0000

--------------------------------------------------------------------------------

--------------------------------------------------------------------------------
** Docking run number  1 **
--------------------------------------------------------------------------------
  Rank fitness base is 5000.00 ; increment is 11.2233

* Initialising population(s) ...                                                
Number of constraints mappings 0
Number of constraints 0
  Population no.                           :      1
  Population size                          :    100
  Number of duplicates                     :      0
  Number of niche violations               :      0
  Number of errors                         :    225

Number of constraints mappings 0
Number of constraints 0
  Population no.                           :      2
  Population size                          :    100
  Number of duplicates                     :      0
  Number of niche violations               :      0
  Number of errors                         :    235

Number of constraints mappings 0
Number of constraints 0
  Population no.                           :      3
  Population size                          :    100
  Number of duplicates                     :      0
  Number of niche violations               :      0
  Number of errors                         :    235

Number of constraints mappings 0
Number of constraints 0
  Population no.                           :      4
  Population size                          :    100
  Number of duplicates                     :      0
  Number of niche violations               :      0
  Number of errors                         :    245

Number of constraints mappings 0
Number of constraints 0
  Population no.                           :      5
  Population size                          :    100
  Number of duplicates                     :      0
  Number of niche violations               :      0
  Number of errors                         :    226


Doing GA, no. of population(s) 5 size 100 selection pressure 1.100000

 Operation      Score     S(PLP)   S(hbond)     S(cho)   S(metal)  DE(clash)   DE(tors)     intcor
         0      29.02     -34.16       0.00       0.00       0.00       4.03       0.77       0.36
        32      29.62     -29.49       1.00       0.00       0.00       0.00       1.62       0.36
       678      38.24     -38.34       1.00       0.00       0.00       0.37       1.55       0.36
      2603      39.60     -39.65       1.00       0.00       0.00       0.37       1.53       0.36
      6999      39.79     -43.23       0.00       0.00       0.00       0.00       1.90       0.36
      8222      40.42     -43.58       0.16       0.00       0.00       0.99       1.51       0.36
      8627      41.36     -42.01       1.00       0.00       0.00       0.99       1.51       0.36
      9942      41.78     -42.43       1.00       0.00       0.00       0.99       1.51       0.36
     10712      45.07     -45.63       1.00       0.00       0.00       0.00       1.96       0.36
     10902      49.40     -50.23       0.84       0.00       0.00       0.00       1.87       0.36
     12122      49.57     -50.09       0.95       0.00       0.00       0.00       1.87       0.36
     13557      49.65     -50.57       0.84       0.00       0.00       0.00       1.91       0.36
     13972      49.75     -50.68       0.84       0.00       0.00       0.00       1.91       0.36
     17437      49.97     -50.43       1.00       0.00       0.00       0.00       1.91       0.36
     18883      50.64     -49.59       1.00       0.00       0.00       0.00       1.16       0.36
     22393      50.82     -51.35       0.80       0.00       0.00       0.00       1.65       0.36
     22413      51.17     -50.12       1.00       0.00       0.00       0.00       1.16       0.36
     27308      51.42     -51.35       1.00       0.00       0.00       0.00       1.65       0.36
     27470      51.44     -51.45       1.00       0.00       0.00       0.00       1.69       0.36
     27676      51.48     -52.52       0.76       0.00       0.00       0.00       1.84       0.36
     27736      51.49     -51.80       1.00       0.00       0.00       0.00       1.84       0.36
     28770      51.58     -51.49       1.00       0.00       0.00       0.00       1.63       0.36
     29269      51.91     -51.09       1.00       0.00       0.00       0.00       1.27       0.36
     29829      52.23     -52.24       1.00       0.00       0.00       0.00       1.69       0.36
     31986      52.39     -52.31       1.00       0.00       0.00       0.00       1.64       0.36
     32385      52.52     -52.73       1.00       0.00       0.00       0.00       1.78       0.36
     35398      52.58     -52.72       1.00       0.00       0.00       0.00       1.75       0.36
     36781      52.96     -52.90       1.00       0.00       0.00       0.00       1.65       0.36
     42937      53.05     -53.01       1.00       0.00       0.00       0.00       1.65       0.35
     45125      53.65     -52.23       1.00       0.00       0.00       0.08       0.92       0.35
     46895      53.74     -52.32       1.00       0.00       0.00       0.08       0.92       0.35
     47515      53.80     -52.29       1.00       0.00       0.00       0.00       0.92       0.35
     47605      53.85     -52.34       1.00       0.00       0.00       0.00       0.92       0.35
     52281      53.98     -52.56       1.00       0.00       0.00       0.08       0.92       0.35
     52576      54.02     -52.56       1.00       0.00       0.00       0.03       0.93       0.35
     53760      54.05     -52.44       1.00       0.00       0.00       0.00       0.87       0.35
     56431      54.16     -52.70       1.00       0.00       0.00       0.03       0.93       0.35
     57501      54.16     -52.68       1.00       0.00       0.00       0.00       0.93       0.35
     57686      54.20     -52.70       1.00       0.00       0.00       0.00       0.92       0.35
     59096      54.34     -52.87       1.00       0.00       0.00       0.00       0.94       0.35
--------------------------------------------------------------------------------
Best docking solution after GA:
     61000      54.34     -52.87       1.00       0.00       0.00       0.00       0.94       0.35

#ops:      61000 #mutates:  29080 #cross:    28923 #migrate:   2997 
#dups:     14750 #niche:    27139 #errors:     342 
--------------------------------------------------------------------------------

Doing AMOEBA simplex on best individual
Done simplexing #iterations 407, best score  55.03

Ligand is stored in gold_soln_6h7m_m1_1.mol2


--------------------------------------------------------------------------------
--- CHEMPLP breakdown of terms                                               ---
--------------------------------------------------------------------------------
CHEMPLP = - ( 1.0000*S(PLP) + -3.0000*S(hbond) + -6.0000*S(metal) + -3.0000*S(cho) )

Score = CHEMPLP - 1.0000*DE(clash) - 2.0000*DE(tors)

Internal energy term has been corrected with the best internal energy encountered.

--------------------------------------------------------------------------------


     Score     S(PLP)   S(hbond)     S(cho)   S(metal)  DE(clash)   DE(tors)     intcor
     55.03     -53.60       1.00       0.00       0.00       0.00       0.95       0.35

--------------------------------------------------------------------------------
--- PLP analysis of protein-ligand interactions                              ---
--------------------------------------------------------------------------------
hydrogen bonding        :      -4.16
metal                   :       0.00
buried (polar-nonpolar) :      -4.22
nonpolar                :     -44.41
repulsive               :       0.00
--------------------------------------------------------------------------------


--------------------------------------------------------------------------------
--- ChemScore analysis of protein-ligand interactions                        ---
--------------------------------------------------------------------------------

* Hydrogen bonds                                                                
Ligand donor    2 hydrogen   19 Protein acceptor 2066 bond energy  1.00 wt 1.00


* CH..O interactions                                                            
  CH group selection                       : activated ring CH (adjacent to hetatom)

--------------------------------------------------------------------------------


--------------------------------------------------------------------------------
--- Intra-ligand clashes                                                     ---
--------------------------------------------------------------------------------

Ligand
--------------------------------------------------------------------------------


--------------------------------------------------------------------------------
--- Chromosome decoded                                                       ---
--------------------------------------------------------------------------------
Ligand Torsions
[   2    6    1    7]  -95.22
[  26    7    1    6] -166.95
[  13   12    1    6]  123.40
[   9    8    2    6]  159.63
[   8    2    6    1]  159.07
[  20    3   15   14]  -54.30
[   5    4   16   15]  -61.56
[  23    5    4   16]   54.48
Mapping
Ligand acceptors to protein hydrogens (mapping then atom ids)
Ligand hydrogens to protein acceptors (mapping then atom ids)
  1   3 [ 19->2066]
Ligand shape atoms to protein points (mapping then atom ids & coords)
  1  1631 [  1->(-24.500   5.000  17.250)]
  2  3006 [  4->(-24.000   6.250  11.750)]
  3  7720 [  6->(-22.000   8.000  16.500)]
  4  4723 [  9->(-23.500   9.750  18.000)]
  5  8152 [ 10->(-21.500  10.000  18.000)]
Chromosome values
Integers:
  -1   -1   -1   -1    2   -1   -1   -1 1630 3005 7719 4722 
8151   -1   -1   -1   -1 
--------------------------------------------------------------------------------

Current Ranking  1

--------------------------------------------------------------------------------

* GA execution time :                                                           
  total  2.9999 user  2.9999 sys  0.0000

--------------------------------------------------------------------------------
Fitness function evaluations: 101908

--------------------------------------------------------------------------------
** Docking run number  2 **
--------------------------------------------------------------------------------
  Rank fitness base is 5000.00 ; increment is 11.2233

* Initialising population(s) ...                                                
Number of constraints mappings 0
Number of constraints 0
  Population no.                           :      1
  Population size                          :    100
  Number of duplicates                     :      0
  Number of niche violations               :      0
  Number of errors                         :    257

Number of constraints mappings 0
Number of constraints 0
  Population no.                           :      2
  Population size                          :    100
  Number of duplicates                     :      0
  Number of niche violations               :      0
  Number of errors                         :    247

Number of constraints mappings 0
Number of constraints 0
  Population no.                           :      3
  Population size                          :    100
  Number of duplicates                     :      0
  Number of niche violations               :      0
  Number of errors                         :    258

Number of constraints mappings 0
Number of constraints 0
  Population no.                           :      4
  Population size                          :    100
  Number of duplicates                     :      0
  Number of niche violations               :      0
  Number of errors                         :    241

Number of constraints mappings 0
Number of constraints 0
  Population no.                           :      5
  Population size                          :    100
  Number of duplicates                     :      0
  Number of niche violations               :      0
  Number of errors                         :    254


Doing GA, no. of population(s) 5 size 100 selection pressure 1.100000

 Operation      Score     S(PLP)   S(hbond)     S(cho)   S(metal)  DE(clash)   DE(tors)     intcor
         0      29.10     -27.16       1.18       0.00       0.00       0.00       0.97       0.16
      1058      31.85     -34.76       0.51       0.00       0.00       1.39       1.61       0.16
      2219      34.59     -38.82       0.00       0.00       0.00       0.29       2.06       0.16
      2719      34.75     -38.95       0.00       0.00       0.00       0.29       2.03       0.16
      3320      38.39     -36.50       1.60       0.00       0.00       0.26       1.41       0.16
      4671      38.74     -40.41       0.00       0.00       0.00       0.00       0.92       0.16
      6480      38.95     -38.37       1.16       0.00       0.00       0.26       1.41       0.16
      6955      42.12     -40.13       1.63       0.00       0.00       0.26       1.41       0.16
      7724      42.83     -44.18       0.68       0.00       0.00       0.00       1.78       0.16
      7970      43.20     -41.21       1.63       0.00       0.00       0.26       1.41       0.16
      9075      44.59     -42.07       1.63       0.00       0.00       0.26       1.14       0.16
     11336      44.94     -45.01       0.94       0.00       0.00       0.00       1.53       0.16
     11356      45.53     -45.85       0.94       0.00       0.00       0.00       1.66       0.16
     13636      45.70     -46.12       0.93       0.00       0.00       0.00       1.68       0.16
     16016      45.78     -46.15       0.89       0.00       0.00       0.00       1.60       0.16
     17161      45.86     -46.06       1.00       0.00       0.00       0.00       1.68       0.16
     18502      46.05     -46.56       0.91       0.00       0.00       0.00       1.71       0.16
     19141      46.29     -42.74       1.91       0.00       0.00       0.26       1.05       0.16
     19479      46.32     -46.21       0.91       0.00       0.00       0.00       1.39       0.16
     20056      47.24     -47.21       1.00       0.00       0.00       0.00       1.57       0.16
     20611      47.35     -47.71       1.00       0.00       0.00       0.00       1.76       0.16
     21398      47.58     -47.41       1.00       0.00       0.00       0.00       1.50       0.16
     22583      47.86     -48.19       0.96       0.00       0.00       0.00       1.68       0.16
     23094      48.02     -48.28       1.00       0.00       0.00       0.00       1.71       0.16
     24306      48.08     -48.43       1.00       0.00       0.00       0.00       1.76       0.16
     24353      48.36     -48.56       1.00       0.00       0.00       0.00       1.68       0.16
     25114      50.70     -51.06       1.00       0.00       0.00       0.91       1.31       0.16
     27159      50.75     -51.11       1.00       0.00       0.00       0.91       1.31       0.16
     28939      51.29     -51.65       1.00       0.00       0.00       0.91       1.31       0.16
     30103      51.39     -51.92       0.94       0.00       0.00       0.91       1.31       0.16
     30230      51.96     -52.33       1.00       0.00       0.00       0.91       1.31       0.16
     36845      52.17     -52.21       1.00       0.00       0.00       0.29       1.46       0.16
     41555      52.18     -52.21       1.00       0.00       0.00       0.29       1.46       0.16
     41711      52.35     -52.52       0.60       0.00       0.00       0.00       1.07       0.16
     45488      52.51     -52.03       0.84       0.00       0.00       0.00       1.11       0.16
     47986      52.51     -51.94       0.99       0.00       0.00       0.00       1.28       0.16
     48961      52.95     -52.52       0.80       0.00       0.00       0.00       1.07       0.16
     49816      53.12     -52.41       0.79       0.00       0.00       0.00       0.91       0.16
     52566      53.16     -52.25       0.80       0.00       0.00       0.00       0.83       0.16
     56131      53.22     -52.39       0.82       0.00       0.00       0.00       0.90       0.16
     57453      53.23     -52.50       0.88       0.00       0.00       0.00       1.03       0.16
     58902      53.34     -52.20       1.13       0.00       0.00       0.00       1.21       0.16
     59332      53.35     -52.35       0.86       0.00       0.00       0.00       0.87       0.16
     59418      53.39     -52.81       0.79       0.00       0.00       0.00       0.98       0.16
     59803      53.40     -52.35       0.85       0.00       0.00       0.00       0.83       0.16
     60064      53.42     -53.13       0.70       0.00       0.00       0.00       0.99       0.16
     60589      53.65     -53.53       0.66       0.00       0.00       0.00       1.02       0.16
--------------------------------------------------------------------------------
Best docking solution after GA:
     61000      53.65     -53.53       0.66       0.00       0.00       0.00       1.02       0.16

#ops:      61000 #mutates:  28867 #cross:    29092 #migrate:   3041 
#dups:     14542 #niche:    26457 #errors:     476 
--------------------------------------------------------------------------------

Doing AMOEBA simplex on best individual
Done simplexing #iterations 393, best score  55.29

Ligand is stored in gold_soln_6h7m_m1_2.mol2


--------------------------------------------------------------------------------
--- CHEMPLP breakdown of terms                                               ---
--------------------------------------------------------------------------------
CHEMPLP = - ( 1.0000*S(PLP) + -3.0000*S(hbond) + -6.0000*S(metal) + -3.0000*S(cho) )

Score = CHEMPLP - 1.0000*DE(clash) - 2.0000*DE(tors)

Internal energy term has been corrected with the best internal energy encountered.

--------------------------------------------------------------------------------


     Score     S(PLP)   S(hbond)     S(cho)   S(metal)  DE(clash)   DE(tors)     intcor
     55.29     -54.05       1.00       0.00       0.00       0.00       0.96       0.16

--------------------------------------------------------------------------------
--- PLP analysis of protein-ligand interactions                              ---
--------------------------------------------------------------------------------
hydrogen bonding        :      -4.06
metal                   :       0.00
buried (polar-nonpolar) :      -3.80
nonpolar                :     -45.57
repulsive               :       0.00
--------------------------------------------------------------------------------


--------------------------------------------------------------------------------
--- ChemScore analysis of protein-ligand interactions                        ---
--------------------------------------------------------------------------------

* Hydrogen bonds                                                                
Ligand donor    7 hydrogen   26 Protein acceptor 2066 bond energy  1.00 wt 1.00


* CH..O interactions                                                            
  CH group selection                       : activated ring CH (adjacent to hetatom)

--------------------------------------------------------------------------------


--------------------------------------------------------------------------------
--- Intra-ligand clashes                                                     ---
--------------------------------------------------------------------------------

Ligand
--------------------------------------------------------------------------------


--------------------------------------------------------------------------------
--- Chromosome decoded                                                       ---
--------------------------------------------------------------------------------
Ligand Torsions
[   2    6    1    7]  -80.82
[  26    7    1    6]   94.20
[  13   12    1    6]  124.01
[   9    8    2    6]   39.82
[   8    2    6    1]  124.35
[  20    3   15   14]  -79.47
[   5    4   16   15]  -63.83
[  23    5    4   16]  -31.07
Mapping
Ligand acceptors to protein hydrogens (mapping then atom ids)
Ligand hydrogens to protein acceptors (mapping then atom ids)
  1   3 [ 19->2066]
  4   3 [ 26->2066]
Ligand shape atoms to protein points (mapping then atom ids & coords)
  1  5354 [  1->(-23.250   6.750  16.250)]
  2  6038 [  4->(-23.000   6.000  11.250)]
  3  8236 [  6->(-21.250   8.000  16.250)]
  4  7777 [  9->(-22.000   9.500  18.750)]
  5  7965 [ 10->(-21.750   9.250  18.500)]
  6  6929 [ 11->(-22.750  11.250  19.250)]
  7  5194 [ 13->(-23.250   4.500  14.750)]
  8  2754 [ 14->(-24.000   3.500  15.000)]
  9  3740 [ 17->(-23.750   5.750  13.750)]
Chromosome values
Integers:
  -1   -1   -1   -1    2   -1   -1    2 5353 6037 8235 7776 
7964 6928 5193 2753 3739 
--------------------------------------------------------------------------------

Current Ranking  2  1

--------------------------------------------------------------------------------

* GA execution time :                                                           
  total  2.0009 user  2.0009 sys  0.0000

--------------------------------------------------------------------------------
Fitness function evaluations: 101818

--------------------------------------------------------------------------------
** Docking run number  3 **
--------------------------------------------------------------------------------
  Rank fitness base is 5000.00 ; increment is 11.2233

* Initialising population(s) ...                                                
Number of constraints mappings 0
Number of constraints 0
  Population no.                           :      1
  Population size                          :    100
  Number of duplicates                     :      0
  Number of niche violations               :      0
  Number of errors                         :    245

Number of constraints mappings 0
Number of constraints 0
  Population no.                           :      2
  Population size                          :    100
  Number of duplicates                     :      0
  Number of niche violations               :      0
  Number of errors                         :    272

Number of constraints mappings 0
Number of constraints 0
  Population no.                           :      3
  Population size                          :    100
  Number of duplicates                     :      0
  Number of niche violations               :      0
  Number of errors                         :    269

Number of constraints mappings 0
Number of constraints 0
  Population no.                           :      4
  Population size                          :    100
  Number of duplicates                     :      0
  Number of niche violations               :      0
  Number of errors                         :    217

Number of constraints mappings 0
Number of constraints 0
  Population no.                           :      5
  Population size                          :    100
  Number of duplicates                     :      0
  Number of niche violations               :      0
  Number of errors                         :    254


Doing GA, no. of population(s) 5 size 100 selection pressure 1.100000

 Operation      Score     S(PLP)   S(hbond)     S(cho)   S(metal)  DE(clash)   DE(tors)     intcor
         0      26.95     -29.06       0.00       0.00       0.00       0.00       1.13       0.16
        21      28.35     -30.46       0.00       0.00       0.00       0.00       1.13       0.16
       483      31.05     -30.12       0.91       0.00       0.00       0.00       0.97       0.16
      1777      35.55     -39.69       0.00       0.00       0.00       0.00       2.15       0.16
      4660      37.70     -37.18       1.00       0.00       0.00       0.16       1.24       0.16
      4685      37.74     -37.17       1.00       0.00       0.00       0.16       1.22       0.16
      4970      39.69     -39.06       1.00       0.00       0.00       0.16       1.19       0.16
      7606      39.88     -40.25       1.00       0.00       0.00       0.16       1.68       0.16
      9171      40.75     -40.98       1.00       0.00       0.00       0.00       1.69       0.16
      9706      41.53     -42.12       1.00       0.00       0.00       0.16       1.80       0.16
     10140      42.12     -40.80       0.91       0.00       0.00       0.16       0.71       0.16
     10451      43.39     -43.99       1.00       0.00       0.00       0.16       1.80       0.16
     10935      44.05     -42.41       0.98       0.00       0.00       0.16       0.65       0.16
     11525      44.51     -42.80       0.99       0.00       0.00       0.16       0.63       0.16
     12925      44.99     -43.28       1.00       0.00       0.00       0.16       0.65       0.16
     13805      45.01     -43.27       1.00       0.00       0.00       0.16       0.63       0.16
     16515      45.18     -43.45       1.00       0.00       0.00       0.16       0.63       0.16
     19086      45.40     -45.67       0.93       0.00       0.00       0.16       1.53       0.16
     24738      47.13     -48.83       0.07       0.00       0.00       0.00       1.03       0.16
     28849      48.47     -50.42       0.00       0.00       0.00       0.00       1.03       0.12
     29334      48.68     -50.63       0.00       0.00       0.00       0.00       1.03       0.12
     33556      49.57     -52.92       0.00       0.00       0.00       0.00       1.73       0.12
     34601      49.75     -53.09       0.00       0.00       0.00       0.00       1.73       0.12
     42136      49.85     -51.95       0.02       0.00       0.00       0.00       1.13       0.12
     42171      49.91     -51.92       0.02       0.00       0.00       0.00       1.09       0.12
     43466      50.56     -52.34       0.01       0.00       0.00       0.00       0.97       0.12
     53772      50.63     -52.44       0.01       0.00       0.00       0.00       0.99       0.12
     54978      50.70     -50.90       0.40       0.00       0.00       0.00       0.76       0.12
     56159      50.73     -51.59       0.16       0.00       0.00       0.00       0.73       0.12
     56876      50.98     -51.07       0.90       0.00       0.00       0.00       1.45       0.12
     56924      51.14     -50.42       0.75       0.00       0.00       0.05       0.80       0.12
     57044      51.31     -50.87       0.66       0.00       0.00       0.05       0.80       0.12
     57519      51.82     -49.85       1.00       0.00       0.00       0.00       0.58       0.12
     57854      51.82     -49.86       1.00       0.00       0.00       0.00       0.58       0.12
     58319      52.16     -50.20       1.00       0.00       0.00       0.00       0.58       0.12
     58324      52.85     -50.89       1.00       0.00       0.00       0.00       0.58       0.12
     60164      53.07     -51.79       0.90       0.00       0.00       0.00       0.77       0.12
     60399      53.42     -52.29       0.85       0.00       0.00       0.00       0.77       0.12
     60819      53.52     -51.97       0.99       0.00       0.00       0.00       0.77       0.12
--------------------------------------------------------------------------------
Best docking solution after GA:
     61000      53.52     -51.97       0.99       0.00       0.00       0.00       0.77       0.12

#ops:      61000 #mutates:  29223 #cross:    28820 #migrate:   2957 
#dups:     14843 #niche:    23125 #errors:     535 
--------------------------------------------------------------------------------

Doing AMOEBA simplex on best individual
Done simplexing #iterations 471, best score  55.01

Ligand is stored in gold_soln_6h7m_m1_3.mol2


--------------------------------------------------------------------------------
--- CHEMPLP breakdown of terms                                               ---
--------------------------------------------------------------------------------
CHEMPLP = - ( 1.0000*S(PLP) + -3.0000*S(hbond) + -6.0000*S(metal) + -3.0000*S(cho) )

Score = CHEMPLP - 1.0000*DE(clash) - 2.0000*DE(tors)

Internal energy term has been corrected with the best internal energy encountered.

--------------------------------------------------------------------------------


     Score     S(PLP)   S(hbond)     S(cho)   S(metal)  DE(clash)   DE(tors)     intcor
     55.01     -53.38       1.00       0.00       0.00       0.00       0.74       0.12

--------------------------------------------------------------------------------
--- PLP analysis of protein-ligand interactions                              ---
--------------------------------------------------------------------------------
hydrogen bonding        :      -3.52
metal                   :       0.00
buried (polar-nonpolar) :      -3.33
nonpolar                :     -45.83
repulsive               :       0.00
--------------------------------------------------------------------------------


--------------------------------------------------------------------------------
--- ChemScore analysis of protein-ligand interactions                        ---
--------------------------------------------------------------------------------

* Hydrogen bonds                                                                
Ligand donor    7 hydrogen   26 Protein acceptor 2066 bond energy  1.00 wt 1.00


* CH..O interactions                                                            
  CH group selection                       : activated ring CH (adjacent to hetatom)

--------------------------------------------------------------------------------


--------------------------------------------------------------------------------
--- Intra-ligand clashes                                                     ---
--------------------------------------------------------------------------------

Ligand
--------------------------------------------------------------------------------


--------------------------------------------------------------------------------
--- Chromosome decoded                                                       ---
--------------------------------------------------------------------------------
Ligand Torsions
[   2    6    1    7]  -82.59
[  26    7    1    6]  107.47
[  13   12    1    6]  123.54
[   9    8    2    6]  -68.01
[   8    2    6    1]  117.79
[  20    3   15   14]   34.97
[   5    4   16   15]   56.90
[  23    5    4   16] -127.38
Mapping
Ligand acceptors to protein hydrogens (mapping then atom ids)
Ligand hydrogens to protein acceptors (mapping then atom ids)
  4   3 [ 26->2066]
Ligand shape atoms to protein points (mapping then atom ids & coords)
  1  5365 [  1->(-23.250   7.000  16.000)]
  2  4508 [  4->(-23.500   5.250  11.500)]
  4  7755 [  9->(-22.000   9.000  18.000)]
  5  7810 [ 10->(-22.000  10.750  19.000)]
  6  7982 [ 11->(-21.750   9.750  18.750)]
  7  5242 [ 13->(-23.250   5.000  15.750)]
  8  6551 [ 14->(-22.750   3.250  13.750)]
  9  3789 [ 17->(-23.750   6.250  15.000)]
Chromosome values
Integers:
  -1   -1   -1   -1   -1   -1   -1    2 5364 4507   -1 7754 
7809 7981 5241 6550 3788 
--------------------------------------------------------------------------------

Current Ranking  2  1  3

Top  3 (of  3) solutions are within 1.000 RMSD, finishing docking C:/Users/student/Desktop/project/beta1/ligandy/6h7m.mol2.


--------------------------------------------------------------------------------

* GA execution time :                                                           
  total  2.9999 user  2.9998 sys  0.0000

--------------------------------------------------------------------------------
Fitness function evaluations: 101912

--------------------------------------------------------------------------------
--- Ranking analysis                                                         ---
--------------------------------------------------------------------------------


* Final ranked order of GA solutions:                                           
   2  1  3 

  _______________________________
  RMSD Matrix of RANKED solutions

        2    3  

   1 :  0.7  0.6
   2 :       0.9

  Clustering method                        : complete linkage
  Structure ids in cluster table           : rank nos.
  Ordering of clusters and their members   : by rank (order if from rms_analysis)

  Distance | Clusters
   0.58    |  1  3 |  2 |
   0.88    |  1  2  3 |
  Finished Docking Ligand                  : C:/Users/student/Desktop/project/beta1/ligandy/6h7m.mol2
--------------------------------------------------------------------------------

  Relative_Ligand_Energy (best encountered) :   0.117
  Relative_Ligand_Energy: fitness values have been corrected using this amount
