
--------------------------------------------------------------------------------
--- Ligand                                                                   ---
--------------------------------------------------------------------------------
  Ligand loaded from file                  : C:/Users/student/Desktop/project/beta1/ligandy/6h7n.mol2
  Ligand name                              :  
  "C:\Users\porto\OneDrive\projekt\beta1\ligandy\L_6h7n.pdb L_6h7n.pdb 1    "

--------------------------------------------------------------------------------
  N.plc donors                             : 
  none found

  Acidic nitrogen acceptors                : 
  none found
  Sulfur acceptors                         :
  none found


  Donor atoms                              :      4
  5   8   11  13  
  Acceptor atoms                           :      6
  3   6   8   9   11  13  

  Hydrogens                                :  (n = 4)
  29   32   35   36   

  Lone pairs added to molecule             :     11
  Numbering                                : from 50 to 60

* Rotatable bonds in C:/Users/student/Des  :  none found

--------------------------------------------------------------------------------
--- Shape fitting atoms selection (hydrophobic atoms)                        ---
--------------------------------------------------------------------------------
  Molecule                                 : C:/Users/student/Desktop/project/beta1/ligandy/6h7n.mol2
  Selection                                : carbons only
  Atom numbers                             :  (n = 13)
  1    4    7    10   14   15   16   17   18   20   
  21   23   24   


--------------------------------------------------------------------------------
--- ChemScore ligand setup summary                                           ---
--------------------------------------------------------------------------------
  ChemScore ligand acceptors               :      6
  3 6 8 9 11 13 
  ChemScore ligand donors                  :      4
  5 ( 29  ) 8 ( 32  ) 11 ( 35  ) 13 ( 36  ) 
  ChemScore ligand CH donors               :      0
  

  ChemScore ligand lipophilic atoms        :  (n = 15)
  1    4    7    10   14   15   16   17   18   19   
  20   21   22   23   24   

  ChemScore ligand rotatable bonds         :      0

--------------------------------------------------------------------------------
--- PLP ligand setup summary                                                 ---
--------------------------------------------------------------------------------
    1    C1   C.3 NONPOLAR
    2    N1  N.am NONPOLAR
    3    O1   O.3 ACCEPTOR
    4    C2   C.3 NONPOLAR
    5    N2  N.am DONOR
    6    O2   O.2 ACCEPTOR
    7    C3   C.3 NONPOLAR
    8    N3   N.3 DONACC
    9    O3   O.3 ACCEPTOR
   10    C4   C.3 NONPOLAR
   11    O4   O.3 DONACC
   12    C5   C.2 NONPOLAR
   13    O5   O.3 DONACC
   14    C6   C.3 NONPOLAR
   15    C7   C.3 NONPOLAR
   16    C8   C.3 NONPOLAR
   17    C9   C.3 NONPOLAR
   18   C10   C.3 NONPOLAR
   19   C11  C.ar NONPOLAR
   20   C12  C.ar NONPOLAR
   21   C13  C.ar NONPOLAR
   22   C14  C.ar NONPOLAR
   23   C15  C.ar NONPOLAR
   24   C16  C.ar NONPOLAR

--------------------------------------------------------------------------------
--- Automatic parameter setting                                              ---
--------------------------------------------------------------------------------
  Contribution base                        :   2500
  Contribution per rotatable bond          :   6000
  Contribution per df                      :   4000
  Contribution per water                   :  10000
  Ligand rotatable bonds                   :      0
  Protein flexible side chain bonds        :      0
  Total rotatable bonds                    :      0
  Hydrophobic vol ratio (P/L)              :   1.364
  Base multiplier (polar)                  :   2.000
  Base multiplier (apolar)                 :   3.546
  Base contribution                        : 12500.000
  Fitting points                           :     10
  Estimated maxops needed (optimal)        :  13000

--------------------------------------------------------------------------------

* Population settings                                                           
  maxops                                   :  13000
  popsiz                                   :    100
  select_pressure                          :   1.100
  n_islands                                :      1
  niche_siz                                :      2

* GA settings                                                                   
  pt_crosswt                               :     95
  allele_mutatewt                          :     95
  migratewt                                :     10

* Search settings                                                               
  start_vdw_linear_cutoff                  :   4.000
  initial_virtual_pt_match_max             :   3.000

--------------------------------------------------------------------------------

* Ligand initialisation time :                                                  
  total  0.0000 user  0.0000 sys  0.0000

--------------------------------------------------------------------------------

--------------------------------------------------------------------------------
** Docking run number  1 **
--------------------------------------------------------------------------------
  Rank fitness base is 5000.00 ; increment is 11.2233

* Initialising population(s) ...                                                
Number of constraints mappings 0
Number of constraints 0
  Population no.                           :      1
  Population size                          :    100
  Number of duplicates                     :      0
  Number of niche violations               :      1
  Number of errors                         :    239


Doing GA, no. of population(s) 1 size 100 selection pressure 1.100000

 Operation      Score     S(PLP)   S(hbond)     S(cho)   S(metal)  DE(clash)   DE(tors)     intcor
         0      40.87     -40.87       0.00       0.00       0.00       0.00       0.00       0.00
       121      47.61     -47.47       0.04       0.00       0.00       0.00       0.00       0.00
       125      51.61     -50.56       0.35       0.00       0.00       0.00       0.00       0.00
       153      53.79     -53.41       0.13       0.00       0.00       0.00       0.00       0.00
       162      57.15     -57.15       0.00       0.00       0.00       0.00       0.00       0.00
       241      59.75     -59.75       0.00       0.00       0.00       0.00       0.00       0.00
       295      60.12     -60.12       0.00       0.00       0.00       0.00       0.00       0.00
       382      61.06     -61.06       0.00       0.00       0.00       0.00       0.00       0.00
       399      62.17     -62.17       0.00       0.00       0.00       0.00       0.00       0.00
       411      62.56     -62.56       0.00       0.00       0.00       0.00       0.00       0.00
       622      62.66     -62.66       0.00       0.00       0.00       0.00       0.00       0.00
       845      62.73     -62.73       0.00       0.00       0.00       0.00       0.00       0.00
      5050      62.74     -62.74       0.00       0.00       0.00       0.00       0.00       0.00
      6380      62.78     -62.78       0.00       0.00       0.00       0.00       0.00       0.00
      7075      62.82     -62.82       0.00       0.00       0.00       0.00       0.00       0.00
     12672      62.83     -62.83       0.00       0.00       0.00       0.00       0.00       0.00
--------------------------------------------------------------------------------
Best docking solution after GA:
     13000      62.83     -62.83       0.00       0.00       0.00       0.00       0.00       0.00

#ops:      13000 #mutates:   6179 #cross:     6183 #migrate:    638 
#dups:      8804 #niche:     8233 #errors:      82 
--------------------------------------------------------------------------------

Doing AMOEBA simplex on best individual
Done simplexing #iterations 148, best score  62.83

Ligand is stored in gold_soln_6h7n_m1_1.mol2


--------------------------------------------------------------------------------
--- CHEMPLP breakdown of terms                                               ---
--------------------------------------------------------------------------------
CHEMPLP = - ( 1.0000*S(PLP) + -3.0000*S(hbond) + -6.0000*S(metal) + -3.0000*S(cho) )

Score = CHEMPLP - 1.0000*DE(clash) - 2.0000*DE(tors)

Internal energy term has been corrected with the best internal energy encountered.

--------------------------------------------------------------------------------


     Score     S(PLP)   S(hbond)     S(cho)   S(metal)  DE(clash)   DE(tors)     intcor
     62.83     -62.83       0.00       0.00       0.00       0.00       0.00       0.00

--------------------------------------------------------------------------------
--- PLP analysis of protein-ligand interactions                              ---
--------------------------------------------------------------------------------
hydrogen bonding        :      -5.79
metal                   :       0.00
buried (polar-nonpolar) :      -0.77
nonpolar                :     -55.95
repulsive               :       0.22
--------------------------------------------------------------------------------


--------------------------------------------------------------------------------
--- ChemScore analysis of protein-ligand interactions                        ---
--------------------------------------------------------------------------------

* Hydrogen bonds                                                                


* CH..O interactions                                                            
  CH group selection                       : activated ring CH (adjacent to hetatom)

--------------------------------------------------------------------------------


--------------------------------------------------------------------------------
--- Intra-ligand clashes                                                     ---
--------------------------------------------------------------------------------

Ligand
--------------------------------------------------------------------------------


--------------------------------------------------------------------------------
--- Chromosome decoded                                                       ---
--------------------------------------------------------------------------------
Mapping
Ligand acceptors to protein hydrogens (mapping then atom ids)
Ligand hydrogens to protein acceptors (mapping then atom ids)
Ligand shape atoms to protein points (mapping then atom ids & coords)
  1  1379 [  1->(-24.750  10.500  21.250)]
  2   964 [  4->(-25.000  10.750  23.750)]
  4  4770 [ 10->(-23.500  10.500  23.000)]
  5  8555 [ 14->(-20.750  10.250  17.500)]
  6  8381 [ 15->(-21.000   8.250  17.500)]
  7  3816 [ 16->(-23.750   6.500  17.000)]
  8  2972 [ 17->(-24.000   5.750  16.500)]
  9  2991 [ 18->(-24.000   6.000  15.250)]
 10  2254 [ 20->(-24.250   5.750  11.750)]
 11  4487 [ 21->(-23.500   5.000  12.000)]
 12  5852 [ 23->(-23.000   3.500  11.500)]
Chromosome values
Integers:
  -1   -1   -1   -1   -1   -1   -1   -1   -1   -1 1378  963 
  -1 4769 8554 8380 3815 2971 2990 2253 4486 5851   -1 
--------------------------------------------------------------------------------

Current Ranking  1

--------------------------------------------------------------------------------

* GA execution time :                                                           
  total  0.9999 user  0.9999 sys  0.0000

--------------------------------------------------------------------------------
Fitness function evaluations: 21461

--------------------------------------------------------------------------------
** Docking run number  2 **
--------------------------------------------------------------------------------
  Rank fitness base is 5000.00 ; increment is 11.2233

* Initialising population(s) ...                                                
Number of constraints mappings 0
Number of constraints 0
  Population no.                           :      1
  Population size                          :    100
  Number of duplicates                     :      0
  Number of niche violations               :      2
  Number of errors                         :    288


Doing GA, no. of population(s) 1 size 100 selection pressure 1.100000

 Operation      Score     S(PLP)   S(hbond)     S(cho)   S(metal)  DE(clash)   DE(tors)     intcor
         0      48.02     -48.02       0.00       0.00       0.00       0.00       0.00       0.00
       171      48.79     -48.79       0.00       0.00       0.00       0.00       0.00       0.00
       220      52.52     -52.52       0.00       0.00       0.00       0.00       0.00       0.00
       261      54.98     -54.98       0.00       0.00       0.00       0.00       0.00       0.00
       274      56.10     -56.10       0.00       0.00       0.00       0.00       0.00       0.00
       323      59.59     -59.59       0.00       0.00       0.00       0.00       0.00       0.00
       669      59.76     -59.76       0.00       0.00       0.00       0.00       0.00       0.00
       708      60.70     -60.70       0.00       0.00       0.00       0.00       0.00       0.00
       787      60.91     -60.91       0.00       0.00       0.00       0.00       0.00       0.00
       958      61.30     -61.30       0.00       0.00       0.00       0.00       0.00       0.00
      1037      62.01     -62.01       0.00       0.00       0.00       0.00       0.00       0.00
      1158      62.33     -62.33       0.00       0.00       0.00       0.00       0.00       0.00
      1707      62.38     -62.38       0.00       0.00       0.00       0.00       0.00       0.00
      2485      62.44     -62.44       0.00       0.00       0.00       0.00       0.00       0.00
      2626      62.61     -62.61       0.00       0.00       0.00       0.00       0.00       0.00
      5118      62.63     -62.63       0.00       0.00       0.00       0.00       0.00       0.00
      5787      62.65     -62.65       0.00       0.00       0.00       0.00       0.00       0.00
      5949      62.68     -62.68       0.00       0.00       0.00       0.00       0.00       0.00
      6627      62.71     -62.71       0.00       0.00       0.00       0.00       0.00       0.00
      7506      62.73     -62.73       0.00       0.00       0.00       0.00       0.00       0.00
      7869      62.77     -62.77       0.00       0.00       0.00       0.00       0.00       0.00
--------------------------------------------------------------------------------
Best docking solution after GA:
     13000      62.77     -62.77       0.00       0.00       0.00       0.00       0.00       0.00

#ops:      13000 #mutates:   6147 #cross:     6227 #migrate:    626 
#dups:      9466 #niche:     7839 #errors:      71 
--------------------------------------------------------------------------------

Doing AMOEBA simplex on best individual
Done simplexing #iterations 140, best score  62.77

Ligand is stored in gold_soln_6h7n_m1_2.mol2


--------------------------------------------------------------------------------
--- CHEMPLP breakdown of terms                                               ---
--------------------------------------------------------------------------------
CHEMPLP = - ( 1.0000*S(PLP) + -3.0000*S(hbond) + -6.0000*S(metal) + -3.0000*S(cho) )

Score = CHEMPLP - 1.0000*DE(clash) - 2.0000*DE(tors)

Internal energy term has been corrected with the best internal energy encountered.

--------------------------------------------------------------------------------


     Score     S(PLP)   S(hbond)     S(cho)   S(metal)  DE(clash)   DE(tors)     intcor
     62.77     -62.77       0.00       0.00       0.00       0.00       0.00       0.00

--------------------------------------------------------------------------------
--- PLP analysis of protein-ligand interactions                              ---
--------------------------------------------------------------------------------
hydrogen bonding        :      -6.00
metal                   :       0.00
buried (polar-nonpolar) :      -1.14
nonpolar                :     -55.72
repulsive               :       0.22
--------------------------------------------------------------------------------


--------------------------------------------------------------------------------
--- ChemScore analysis of protein-ligand interactions                        ---
--------------------------------------------------------------------------------

* Hydrogen bonds                                                                


* CH..O interactions                                                            
  CH group selection                       : activated ring CH (adjacent to hetatom)

--------------------------------------------------------------------------------


--------------------------------------------------------------------------------
--- Intra-ligand clashes                                                     ---
--------------------------------------------------------------------------------

Ligand
--------------------------------------------------------------------------------


--------------------------------------------------------------------------------
--- Chromosome decoded                                                       ---
--------------------------------------------------------------------------------
Mapping
Ligand acceptors to protein hydrogens (mapping then atom ids)
Ligand hydrogens to protein acceptors (mapping then atom ids)
Ligand shape atoms to protein points (mapping then atom ids & coords)
  1   911 [  1->(-25.000  10.250  21.000)]
  2  1435 [  4->(-24.750  12.250  24.750)]
  3  6244 [  7->(-23.000   9.750  25.000)]
  4  5511 [ 10->(-23.250  10.000  23.500)]
  6  7216 [ 15->(-22.500   8.500  17.750)]
  7  6732 [ 16->(-22.750   6.750  16.250)]
  8  3852 [ 17->(-23.750   7.000  16.500)]
  9  4419 [ 18->(-23.500   4.250  14.750)]
 10  1139 [ 20->(-24.750   6.250  10.500)]
 11  6036 [ 21->(-23.000   6.000  10.750)]
 12  5020 [ 23->(-23.250   2.000  12.250)]
 13  5089 [ 24->(-23.250   3.500  12.750)]
Chromosome values
Integers:
  -1   -1   -1   -1   -1   -1   -1   -1   -1   -1  910 1434 
6243 5510   -1 7215 6731 3851 4418 1138 6035 5019 5088 
--------------------------------------------------------------------------------

Current Ranking  1  2

--------------------------------------------------------------------------------

* GA execution time :                                                           
  total  0.9999 user  0.9999 sys  0.0000

--------------------------------------------------------------------------------
Fitness function evaluations: 21390

--------------------------------------------------------------------------------
** Docking run number  3 **
--------------------------------------------------------------------------------
  Rank fitness base is 5000.00 ; increment is 11.2233

* Initialising population(s) ...                                                
Number of constraints mappings 0
Number of constraints 0
  Population no.                           :      1
  Population size                          :    100
  Number of duplicates                     :      0
  Number of niche violations               :      8
  Number of errors                         :    253


Doing GA, no. of population(s) 1 size 100 selection pressure 1.100000

 Operation      Score     S(PLP)   S(hbond)     S(cho)   S(metal)  DE(clash)   DE(tors)     intcor
         0      43.57     -41.12       0.82       0.00       0.00       0.00       0.00       0.00
       157      50.79     -50.79       0.00       0.00       0.00       0.00       0.00       0.00
       450      51.24     -51.24       0.00       0.00       0.00       0.00       0.00       0.00
       492      53.76     -53.76       0.00       0.00       0.00       0.00       0.00       0.00
       512      54.05     -54.05       0.00       0.00       0.00       0.00       0.00       0.00
       532      56.97     -56.97       0.00       0.00       0.00       0.00       0.00       0.00
       739      57.06     -57.06       0.00       0.00       0.00       0.00       0.00       0.00
       812      59.38     -59.38       0.00       0.00       0.00       0.00       0.00       0.00
      1132      59.74     -59.74       0.00       0.00       0.00       0.00       0.00       0.00
      1323      59.99     -59.99       0.00       0.00       0.00       0.00       0.00       0.00
      1454      60.35     -60.35       0.00       0.00       0.00       0.00       0.00       0.00
      1619      60.49     -60.49       0.00       0.00       0.00       0.00       0.00       0.00
      1887      61.51     -61.51       0.00       0.00       0.00       0.00       0.00       0.00
      2070      62.30     -62.30       0.00       0.00       0.00       0.00       0.00       0.00
      2075      62.44     -62.44       0.00       0.00       0.00       0.00       0.00       0.00
      2391      62.49     -62.49       0.00       0.00       0.00       0.00       0.00       0.00
      3261      62.59     -62.59       0.00       0.00       0.00       0.00       0.00       0.00
      4075      62.63     -62.63       0.00       0.00       0.00       0.00       0.00       0.00
      4546      62.63     -62.63       0.00       0.00       0.00       0.00       0.00       0.00
      7834      62.64     -62.64       0.00       0.00       0.00       0.00       0.00       0.00
      8263      62.73     -62.73       0.00       0.00       0.00       0.00       0.00       0.00
     10194      62.74     -62.74       0.00       0.00       0.00       0.00       0.00       0.00
--------------------------------------------------------------------------------
Best docking solution after GA:
     13000      62.74     -62.74       0.00       0.00       0.00       0.00       0.00       0.00

#ops:      13000 #mutates:   6089 #cross:     6245 #migrate:    666 
#dups:      8806 #niche:     7925 #errors:      89 
--------------------------------------------------------------------------------

Doing AMOEBA simplex on best individual
Done simplexing #iterations 152, best score  62.74

Ligand is stored in gold_soln_6h7n_m1_3.mol2


--------------------------------------------------------------------------------
--- CHEMPLP breakdown of terms                                               ---
--------------------------------------------------------------------------------
CHEMPLP = - ( 1.0000*S(PLP) + -3.0000*S(hbond) + -6.0000*S(metal) + -3.0000*S(cho) )

Score = CHEMPLP - 1.0000*DE(clash) - 2.0000*DE(tors)

Internal energy term has been corrected with the best internal energy encountered.

--------------------------------------------------------------------------------


     Score     S(PLP)   S(hbond)     S(cho)   S(metal)  DE(clash)   DE(tors)     intcor
     62.74     -62.74       0.00       0.00       0.00       0.00       0.00       0.00

--------------------------------------------------------------------------------
--- PLP analysis of protein-ligand interactions                              ---
--------------------------------------------------------------------------------
hydrogen bonding        :      -5.70
metal                   :       0.00
buried (polar-nonpolar) :      -1.12
nonpolar                :     -55.27
repulsive               :       0.22
--------------------------------------------------------------------------------


--------------------------------------------------------------------------------
--- ChemScore analysis of protein-ligand interactions                        ---
--------------------------------------------------------------------------------

* Hydrogen bonds                                                                


* CH..O interactions                                                            
  CH group selection                       : activated ring CH (adjacent to hetatom)

--------------------------------------------------------------------------------


--------------------------------------------------------------------------------
--- Intra-ligand clashes                                                     ---
--------------------------------------------------------------------------------

Ligand
--------------------------------------------------------------------------------


--------------------------------------------------------------------------------
--- Chromosome decoded                                                       ---
--------------------------------------------------------------------------------
Mapping
Ligand acceptors to protein hydrogens (mapping then atom ids)
Ligand hydrogens to protein acceptors (mapping then atom ids)
Ligand shape atoms to protein points (mapping then atom ids & coords)
  2  2511 [  4->(-24.250  10.750  24.500)]
  3  6285 [  7->(-23.000  10.500  25.000)]
  4   469 [ 10->(-25.250   9.250  22.250)]
  5  7301 [ 14->(-22.500  10.500  18.750)]
  6  8495 [ 15->(-20.750   7.750  16.750)]
  7  8073 [ 16->(-21.500   7.750  15.750)]
  8  4606 [ 17->(-23.500   6.500  16.750)]
  9  2974 [ 18->(-24.000   5.750  17.000)]
 10  3630 [ 20->(-23.750   4.750  11.000)]
 11  4503 [ 21->(-23.500   5.250  10.250)]
 12  3485 [ 23->(-23.750   2.750  11.000)]
Chromosome values
Integers:
  -1   -1   -1   -1   -1   -1   -1   -1   -1   -1   -1 2510 
6284  468 7300 8494 8072 4605 2973 3629 4502 3484   -1 
--------------------------------------------------------------------------------

Current Ranking  1  2  3

Top  3 (of  3) solutions are within 1.000 RMSD, finishing docking C:/Users/student/Desktop/project/beta1/ligandy/6h7n.mol2.


--------------------------------------------------------------------------------

* GA execution time :                                                           
  total  0.9999 user  0.9999 sys  0.0000

--------------------------------------------------------------------------------
Fitness function evaluations: 21440

--------------------------------------------------------------------------------
--- Ranking analysis                                                         ---
--------------------------------------------------------------------------------


* Final ranked order of GA solutions:                                           
   1  2  3 

  _______________________________
  RMSD Matrix of RANKED solutions

        2    3  

   1 :  0.1  0.1
   2 :       0.1

  Clustering method                        : complete linkage
  Structure ids in cluster table           : rank nos.
  Ordering of clusters and their members   : by rank (order if from rms_analysis)

  Distance | Clusters
   0.08    |  1 |  2  3 |
   0.10    |  1  2  3 |
  Finished Docking Ligand                  : C:/Users/student/Desktop/project/beta1/ligandy/6h7n.mol2
--------------------------------------------------------------------------------

  Relative_Ligand_Energy (best encountered) :   0.000
  Relative_Ligand_Energy: fitness values have been corrected using this amount
