# WARNING: atom    2 in C:/Users/student/Desktop/project/beta1/ligandy/4bvn.mol2 is type   N.2 resetting to type   N.1 (set_atom_type)
# WARNING: atom    3 in C:/Users/student/Desktop/project/beta1/ligandy/4bvn.mol2 is type   O.2 resetting to type   O.3 (set_atom_type)
# WARNING: atom   13 in C:/Users/student/Desktop/project/beta1/ligandy/4bvn.mol2 is type   C.1 resetting to type   C.2 (set_atom_type)
# WARNING: atom    9 in C:/Users/student/Desktop/project/beta1/ligandy/4bvn.mol2 is type   C.2 but should be  C.ar (check_aromatic_bonds_and_atoms)
# WARNING: bond   15 in C:/Users/student/Desktop/project/beta1/ligandy/4bvn.mol2 is type   1 but should be  ar (check_aromatic_bonds_and_atoms)
# WARNING: atom    7 in C:/Users/student/Desktop/project/beta1/ligandy/4bvn.mol2 is type   C.2 but should be  C.ar (check_aromatic_bonds_and_atoms)
# WARNING: bond   16 in C:/Users/student/Desktop/project/beta1/ligandy/4bvn.mol2 is type   2 but should be  ar (check_aromatic_bonds_and_atoms)
# WARNING: atom   13 in C:/Users/student/Desktop/project/beta1/ligandy/4bvn.mol2 is type   C.2 but should be  C.ar (check_aromatic_bonds_and_atoms)
# WARNING: bond   23 in C:/Users/student/Desktop/project/beta1/ligandy/4bvn.mol2 is type   1 but should be  ar (check_aromatic_bonds_and_atoms)
# WARNING: atom   12 in C:/Users/student/Desktop/project/beta1/ligandy/4bvn.mol2 is type   C.2 but should be  C.ar (check_aromatic_bonds_and_atoms)
# WARNING: bond   21 in C:/Users/student/Desktop/project/beta1/ligandy/4bvn.mol2 is type   2 but should be  ar (check_aromatic_bonds_and_atoms)
# WARNING: atom   11 in C:/Users/student/Desktop/project/beta1/ligandy/4bvn.mol2 is type   C.2 but should be  C.ar (check_aromatic_bonds_and_atoms)
# WARNING: bond   19 in C:/Users/student/Desktop/project/beta1/ligandy/4bvn.mol2 is type   1 but should be  ar (check_aromatic_bonds_and_atoms)
# WARNING: atom   10 in C:/Users/student/Desktop/project/beta1/ligandy/4bvn.mol2 is type   C.2 but should be  C.ar (check_aromatic_bonds_and_atoms)
# WARNING: bond   18 in C:/Users/student/Desktop/project/beta1/ligandy/4bvn.mol2 is type   2 but should be  ar (check_aromatic_bonds_and_atoms)

--------------------------------------------------------------------------------
--- Ligand                                                                   ---
--------------------------------------------------------------------------------
  Ligand loaded from file                  : C:/Users/student/Desktop/project/beta1/ligandy/4bvn.mol2
  Ligand name                              :  
  "C:\Users\porto\OneDrive\projekt\beta1\ligandy\L_4bvn.pdb L_4bvn.pdb 1    "

--------------------------------------------------------------------------------
  N.plc donors                             : 
  none found

  Acidic nitrogen acceptors                : 
  none found
  Sulfur acceptors                         :
  none found

  N.1 atom 8 is not an acceptor (skipped)

  Donor atoms                              :      2
  5   6   
  Acceptor atoms                           :      4
  3   5   6   8   

  Hydrogens                                :  (n = 2)
  24   25   

  Lone pairs added to molecule             :      6
  Numbering                                : from 43 to 48

--------------------------------------------------------------------------------
--- Postprocessing of typing                                                 ---
--------------------------------------------------------------------------------
  Fragment file                            : C:\Program Files (x86)\CCDC/GoldSuite_2017\GOLD\gold\rotatable_bond_override.mol2
  acylurea fragment                        : no matches
  thioacylthiourea fragment                : no matches
  acylthiourea fragment                    : no matches
  thioacylurea fragment                    : no matches
  diarylamine fragment >C.ar-NH-C.ar<      : no matches
  sec-amine (1) fragment                   : no matches
  sec-amine (2) fragment                   : no matches
  sec-amine (3) fragment                   : no matches
  carboxylic ester                         : no matches

* Rotatable bonds in C:/Users/student/Des  :
  [   1   21] [   3    9] [   3   14] [   5   17] 
  [   5   16] [   6   15] [  14   15] [  15   16] 
  No. of rotatable bonds                   :      8


* Fragments found in C:/Users/student/Des  :
  atom   7: benzene
  atom   9: benzene
  atom  10: benzene
  atom  11: benzene
  atom  12: benzene
  atom  13: benzene


* Checking torsion distributions:                                               
  Rotatable bond [10  9  3 14] matches torsion: ortho-substituoed aromatic-aliphatic ether
   C.ar ( 1H ) | C.ar ( C.ar ( 0H ) ) | O.3 | C.3 ( 2H ) 
  No. of matched torsions                  :      1

--------------------------------------------------------------------------------
--- Shape fitting atoms selection (hydrophobic atoms)                        ---
--------------------------------------------------------------------------------
  Molecule                                 : C:/Users/student/Desktop/project/beta1/ligandy/4bvn.mol2
  Selection                                : carbons only
  Atom numbers                             :  (n = 10)
  4    10   11   12   14   15   16   18   19   20   
  


--------------------------------------------------------------------------------
--- ChemScore ligand setup summary                                           ---
--------------------------------------------------------------------------------
  ChemScore ligand acceptors               :      4
  3 5 6 8 
  ChemScore ligand donors                  :      2
  5 ( 24  ) 6 ( 25  ) 
  ChemScore ligand lipophilic atoms        :  (n = 15)
  1    4    7    9    10   11   12   13   14   15   
  16   17   18   19   20   

  ChemScore ligand rotatable bonds         :      8
  1   (C1 ) - 21  (C16): UNKNOWN_BOND
  3   (O1 ) - 9   (C4 ): SP3_SP2_BOND
  3   (O1 ) - 14  (C9 ): SP3_SP3_BOND
  5   (N2 ) - 17  (C12): SP3_SP3_BOND
  5   (N2 ) - 16  (C11): SP3_SP3_BOND
  6   (O2 ) - 15  (C10): SP3_SP3_BOND
  14  (C9 ) - 15  (C10): SP3_SP3_BOND
  15  (C10) - 16  (C11): SP3_SP3_BOND

--------------------------------------------------------------------------------
--- Automatic parameter setting                                              ---
--------------------------------------------------------------------------------
  Contribution base                        :   2500
  Contribution per rotatable bond          :   6000
  Contribution per df                      :   4000
  Contribution per water                   :  10000
  Ligand rotatable bonds                   :      8
  Protein flexible side chain bonds        :      0
  Total rotatable bonds                    :      8
  Hydrophobic vol ratio (P/L)              :   1.773
  Base multiplier (polar)                  :   1.200
  Base multiplier (apolar)                 :   3.546
  Base contribution                        : 10000.000
  Fitting points                           :      6
  Estimated maxops needed (optimal)        :  58500

--------------------------------------------------------------------------------

* Population settings                                                           
  maxops                                   :  58500
  popsiz                                   :    100
  select_pressure                          :   1.100
  n_islands                                :      5
  niche_siz                                :      2

* GA settings                                                                   
  pt_crosswt                               :     95
  allele_mutatewt                          :     95
  migratewt                                :     10

* Search settings                                                               
  start_vdw_linear_cutoff                  :   4.000
  initial_virtual_pt_match_max             :   3.000

--------------------------------------------------------------------------------

* Ligand initialisation time :                                                  
  total  0.0001 user  0.0001 sys  0.0000

--------------------------------------------------------------------------------

--------------------------------------------------------------------------------
** Docking run number  1 **
--------------------------------------------------------------------------------
  Rank fitness base is 5000.00 ; increment is 11.2233

* Initialising population(s) ...                                                
Number of constraints mappings 0
Number of constraints 0
  Population no.                           :      1
  Population size                          :    100
  Number of duplicates                     :      0
  Number of niche violations               :      0
  Number of errors                         :    202

Number of constraints mappings 0
Number of constraints 0
  Population no.                           :      2
  Population size                          :    100
  Number of duplicates                     :      0
  Number of niche violations               :      0
  Number of errors                         :    215

Number of constraints mappings 0
Number of constraints 0
  Population no.                           :      3
  Population size                          :    100
  Number of duplicates                     :      0
  Number of niche violations               :      0
  Number of errors                         :    232

Number of constraints mappings 0
Number of constraints 0
  Population no.                           :      4
  Population size                          :    100
  Number of duplicates                     :      0
  Number of niche violations               :      0
  Number of errors                         :    184

Number of constraints mappings 0
Number of constraints 0
  Population no.                           :      5
  Population size                          :    100
  Number of duplicates                     :      0
  Number of niche violations               :      0
  Number of errors                         :    225


Doing GA, no. of population(s) 5 size 100 selection pressure 1.100000

 Operation      Score         DG    S(hbond)    S(metal)    S(lipo)     H(rot)  DE(clash)    DE(int)     intcor
         0      17.24     -26.96       0.99        0.00     208.17       2.41       8.45       1.26       0.19
       178      17.95     -28.79       1.00        0.00     223.50       2.41       8.95       1.89       0.19
      3276      18.27     -27.00       0.90        0.00     211.07       2.41       5.86       2.87       0.17
      3486      18.57     -24.95       0.67        0.00     200.03       2.41       3.51       2.87       0.17
      3493      20.29     -28.45       1.00        0.00     220.69       2.41       6.24       1.91       0.17
      5165      20.48     -27.18       0.93        0.00     211.70       2.41       5.75       0.95       0.17
      6293      20.54     -28.04       0.94        0.00     218.88       2.41       5.58       1.91       0.17
      6508      21.07     -28.16       0.97        0.00     218.87       2.41       5.17       1.91       0.17
      7321      21.25     -26.91       0.80        0.00     213.17       2.41       4.44       1.22       0.14
      7367      22.44     -27.19       0.99        0.00     210.22       2.41       2.80       1.95       0.14
      8731      23.14     -27.47       0.78        0.00     218.41       2.41       3.11       1.22       0.14
     11523      23.25     -27.55       0.89        0.00     216.15       2.41       2.36       1.94       0.14
     12979      24.21     -28.37       1.00        0.00     219.96       2.41       2.34       1.81       0.14
     14029      25.04     -27.89       1.00        0.00     215.80       2.41       1.03       1.81       0.14
     17937      25.55     -27.56       1.00        0.00     213.02       2.41       1.28       0.73       0.14
     18787      26.55     -27.95       1.00        0.00     216.37       2.41       0.49       0.91       0.14
     23413      26.58     -27.57       0.97        0.00     213.89       2.41       0.27       0.73       0.14
     23508      26.62     -27.43       0.87        0.00     215.52       2.41       0.07       0.73       0.14
     23872      26.99     -28.04       0.96        0.00     218.13       2.41       0.42       0.63       0.14
     29260      27.24     -29.54       1.87        0.00     205.13       2.41       1.09       1.21       0.14
     32839      27.27     -29.29       1.48        0.00     214.06       2.41       0.10       1.91       0.14
     33350      27.38     -29.68       1.91        0.00     205.13       2.41       1.09       1.21       0.14
     33799      27.48     -29.67       1.64        0.00     212.87       2.41       0.28       1.91       0.14
     34689      27.63     -29.78       1.55        0.00     216.27       2.41       0.34       1.81       0.14
     35069      27.98     -30.15       1.65        0.00     216.56       2.41       0.36       1.81       0.14
     35829      28.35     -30.07       1.62        0.00     216.59       2.41       0.44       1.27       0.14
     38189      28.48     -30.65       1.77        0.00     217.60       2.41       0.90       1.27       0.14
     38654      28.69     -30.75       1.88        0.00     214.98       2.41       1.12       0.94       0.14
     39284      28.80     -30.62       1.85        0.00     214.89       2.41       0.85       0.96       0.14
     40248      28.99     -30.46       1.74        0.00     216.53       2.41       0.52       0.94       0.14
     42244      29.28     -30.57       1.80        0.00     215.84       2.41       0.33       0.96       0.14
Reordering...
     43875      28.89     -30.51       1.82        0.00     214.92       2.41       0.60       1.02       0.14
     44914      28.89     -30.75       1.88        0.00     215.13       2.41       0.91       0.94       0.14
     48248      28.92     -30.53       1.83        0.00     214.70       2.41       0.63       0.98       0.14
     48672      29.18     -30.55       1.82        0.00     215.19       2.41       0.33       1.03       0.14
     49523      29.21     -30.57       1.83        0.00     214.92       2.41       0.33       1.02       0.14
     53553      29.27     -30.85       1.90        0.00     215.30       2.41       0.63       0.95       0.14
     54464      29.30     -30.65       1.85        0.00     215.13       2.41       0.33       1.02       0.14
     54994      29.36     -30.67       1.91        0.00     213.55       2.41       0.32       0.99       0.14
     55209      29.36     -30.68       1.86        0.00     214.98       2.41       0.33       0.99       0.14
     56623      29.56     -31.35       1.91        0.00     219.34       2.41       0.80       0.98       0.14
     57039      29.57     -30.84       1.92        0.00     214.60       2.41       0.27       0.99       0.14
     58224      29.60     -30.85       1.92        0.00     214.75       2.41       0.23       1.01       0.14
--------------------------------------------------------------------------------
Best docking solution after GA:
     58500      29.60     -30.85       1.92        0.00     214.75       2.41       0.23       1.01       0.14

#ops:      58500 #mutates:  27734 #cross:    27854 #migrate:   2912 
#dups:     14846 #niche:    24991 #errors:     305 
--------------------------------------------------------------------------------

Doing AMOEBA simplex on best individual
Done simplexing #iterations 543, best score  30.23

Ligand is stored in gold_soln_4bvn_m1_1.mol2


--------------------------------------------------------------------------------
--- ChemScore breakdown of terms                                             ---
--------------------------------------------------------------------------------
DG = -5.4800 + -3.3400*S(hbond)
     + -6.0300*S(metal) + -0.1170*S(lipo) + 2.5600*H(rot)


H(rot) = 2.4140

Score = -(DG + DE(clash) + DE(int))

Internal energy term has been corrected with the best internal energy encountered.

--------------------------------------------------------------------------------


     Score         DG    S(hbond)    S(metal)    S(lipo)     H(rot)  DE(clash)    DE(int)     intcor
     30.23     -31.33       1.97        0.00     217.39       2.41       0.08       1.02       0.14

--------------------------------------------------------------------------------
--- ChemScore analysis of protein-ligand interactions                        ---
--------------------------------------------------------------------------------

* Hydrogen bonds                                                                
Ligand donor    5 hydrogen   24 Protein acceptor 2066 bond energy  1.00 wt 0.99
Ligand donor    6 hydrogen   25 Protein acceptor 2066 bond energy  1.00 wt 0.99

CHEMSCORE EXTRA INTERACTIONS:

* Clashes                                                                       
Clash for ligand atom   6 (O2   ):   0.01
Clash for ligand atom  10 (C5   ):   0.01
Clash for ligand atom  11 (C6   ):   0.02
Clash for ligand atom  19 (C14  ):   0.04
--------------------------------------------------------------------------------


--------------------------------------------------------------------------------
--- Chromosome decoded                                                       ---
--------------------------------------------------------------------------------
Ligand Torsions
[   8   21    1    4]   40.11
[  10    9    3   14]   15.45    matched torsion: ortho-substituoed aromatic-aliphatic ether
[   9    3   14   15] -129.51
[  18   17    5   16]   58.28
[  17    5   16   15]  170.41
[  25    6   15   14]   45.18
[   3   14   15    6]   59.51
[   5   16   15    6]   16.60
Mapping
Ligand acceptors to protein hydrogens (mapping then atom ids)
Ligand hydrogens to protein acceptors (mapping then atom ids)
  2   3 [ 25->2066]
Ligand shape atoms to protein points (mapping then atom ids & coords)
  1  3638 [  4->(-23.750   4.750  13.500)]
  2  2242 [ 10->(-24.250   5.500  16.250)]
  3  1619 [ 11->(-24.500   4.750  17.250)]
  4  2076 [ 12->(-24.250   3.250  14.500)]
  5  6792 [ 14->(-22.750   8.500  17.500)]
  6  4740 [ 15->(-23.500  10.000  18.250)]
  7  6199 [ 16->(-23.000   9.250  18.500)]
  8   602 [ 18->(-25.250  12.750  19.750)]
  9  3217 [ 19->(-24.000  10.500  23.250)]
 10  1860 [ 20->(-24.500  10.000  22.500)]
Chromosome values
Integers:
  -1   -1   -1   -1   -1    2 3637 2241 1618 2075 6791 4739 
6198  601 3216 1859 
--------------------------------------------------------------------------------

Current Ranking  1

--------------------------------------------------------------------------------

* GA execution time :                                                           
  total  3.9998 user  3.9998 sys  0.0000

--------------------------------------------------------------------------------
Fitness function evaluations: 98247

--------------------------------------------------------------------------------
** Docking run number  2 **
--------------------------------------------------------------------------------
  Rank fitness base is 5000.00 ; increment is 11.2233

* Initialising population(s) ...                                                
Number of constraints mappings 0
Number of constraints 0
  Population no.                           :      1
  Population size                          :    100
  Number of duplicates                     :      0
  Number of niche violations               :      0
  Number of errors                         :    228

Number of constraints mappings 0
Number of constraints 0
  Population no.                           :      2
  Population size                          :    100
  Number of duplicates                     :      0
  Number of niche violations               :      0
  Number of errors                         :    233

Number of constraints mappings 0
Number of constraints 0
  Population no.                           :      3
  Population size                          :    100
  Number of duplicates                     :      0
  Number of niche violations               :      0
  Number of errors                         :    220

Number of constraints mappings 0
Number of constraints 0
  Population no.                           :      4
  Population size                          :    100
  Number of duplicates                     :      0
  Number of niche violations               :      0
  Number of errors                         :    250

Number of constraints mappings 0
Number of constraints 0
  Population no.                           :      5
  Population size                          :    100
  Number of duplicates                     :      0
  Number of niche violations               :      0
  Number of errors                         :    204


Doing GA, no. of population(s) 5 size 100 selection pressure 1.100000

 Operation      Score         DG    S(hbond)    S(metal)    S(lipo)     H(rot)  DE(clash)    DE(int)     intcor
         0      13.34     -27.58       0.97        0.00     213.94       2.41      11.94       2.30       0.14
       436      14.90     -25.41       0.00        0.00     223.17       2.41       8.34       2.17       0.14
       595      20.46     -26.69       0.99        0.00     205.81       2.41       4.97       1.27       0.14
      4551      21.59     -26.38       0.90        0.00     205.87       2.41       2.99       1.80       0.14
      4985      22.28     -26.39       0.84        0.00     207.61       2.41       2.85       1.27       0.14
      6501      22.55     -26.89       0.92        0.00     209.59       2.41       3.07       1.27       0.14
      6988      23.03     -26.26       0.52        0.00     215.63       2.41       0.78       2.45       0.14
      8356      23.60     -27.38       1.07        0.00     209.39       2.41       2.88       0.90       0.14
      9701      24.22     -27.58       0.99        0.00     213.48       2.41       2.09       1.27       0.14
     10443      24.30     -27.52       1.00        0.00     212.77       2.41       1.16       2.06       0.14
     10966      24.50     -27.10       0.72        0.00     217.10       2.41       1.05       1.56       0.14
     11916      24.85     -27.81       1.25        0.00     208.02       2.41       2.03       0.93       0.14
     13056      25.11     -29.17       1.69        0.00     207.05       2.41       2.29       1.77       0.14
     13302      25.12     -27.30       0.90        0.00     213.71       2.41       0.82       1.35       0.14
     14002      25.93     -29.40       1.56        0.00     212.72       2.41       1.98       1.48       0.14
     15797      25.94     -29.37       1.64        0.00     210.26       2.41       1.97       1.46       0.14
     16535      26.64     -28.00       0.99        0.00     216.98       2.41       0.23       1.13       0.14
     19132      26.79     -28.01       0.99        0.00     217.09       2.41       0.11       1.10       0.14
     20135      26.98     -27.94       0.99        0.00     216.52       2.41       0.09       0.87       0.14
     23470      27.82     -30.59       1.89        0.00     213.36       2.41       1.02       1.75       0.14
     24490      27.90     -30.52       1.89        0.00     212.79       2.41       1.02       1.59       0.14
     29456      27.94     -30.87       1.95        0.00     214.06       2.41       1.33       1.59       0.14
     30890      28.63     -30.41       1.86        0.00     212.75       2.41       0.18       1.59       0.14
     39010      28.68     -30.45       1.89        0.00     212.37       2.41       0.17       1.60       0.14
     41725      28.81     -30.57       1.87        0.00     213.84       2.41       0.14       1.61       0.14
     46406      28.47     -29.96       1.84        0.00     209.58       2.41       0.23       1.25       0.14
     46612      28.56     -30.53       1.91        0.00     212.56       2.41       0.38       1.59       0.14
     50415      28.59     -29.94       1.84        0.00     209.44       2.41       0.17       1.18       0.14
     51476      28.62     -29.92       1.83        0.00     209.41       2.41       0.06       1.25       0.14
     52464      28.73     -30.47       1.82        0.00     214.48       2.41       0.14       1.60       0.14
     53165      28.77     -30.59       1.90        0.00     213.26       2.41       0.44       1.38       0.14
     53950      28.93     -30.65       1.90        0.00     213.66       2.41       0.27       1.45       0.14
     54230      29.04     -30.54       1.88        0.00     213.29       2.41       0.12       1.38       0.14
     55285      29.08     -30.53       1.88        0.00     213.29       2.41       0.06       1.38       0.14
     56011      29.21     -30.70       1.93        0.00     213.22       2.41       0.12       1.37       0.14
     56025      29.26     -30.69       1.93        0.00     213.08       2.41       0.11       1.31       0.14
     56960      29.34     -30.74       1.95        0.00     213.08       2.41       0.06       1.33       0.14
--------------------------------------------------------------------------------
Best docking solution after GA:
     58500      29.34     -30.74       1.95        0.00     213.08       2.41       0.06       1.33       0.14

#ops:      58500 #mutates:  27644 #cross:    27915 #migrate:   2941 
#dups:     17431 #niche:    33358 #errors:     259 
--------------------------------------------------------------------------------

Doing AMOEBA simplex on best individual
Done simplexing #iterations 525, best score  29.63

Ligand is stored in gold_soln_4bvn_m1_2.mol2


--------------------------------------------------------------------------------
--- ChemScore breakdown of terms                                             ---
--------------------------------------------------------------------------------
DG = -5.4800 + -3.3400*S(hbond)
     + -6.0300*S(metal) + -0.1170*S(lipo) + 2.5600*H(rot)


H(rot) = 2.4140

Score = -(DG + DE(clash) + DE(int))

Internal energy term has been corrected with the best internal energy encountered.

--------------------------------------------------------------------------------


     Score         DG    S(hbond)    S(metal)    S(lipo)     H(rot)  DE(clash)    DE(int)     intcor
     29.63     -30.98       1.99        0.00     214.08       2.41       0.08       1.26       0.14

--------------------------------------------------------------------------------
--- ChemScore analysis of protein-ligand interactions                        ---
--------------------------------------------------------------------------------

* Hydrogen bonds                                                                
Ligand donor    5 hydrogen   24 Protein acceptor 2066 bond energy  1.00 wt 0.99
Ligand donor    6 hydrogen   25 Protein acceptor 2066 bond energy  1.00 wt 0.99

CHEMSCORE EXTRA INTERACTIONS:

* Clashes                                                                       
Clash for ligand atom   6 (O2   ):   0.03
Clash for ligand atom  19 (C14  ):   0.05
--------------------------------------------------------------------------------


--------------------------------------------------------------------------------
--- Chromosome decoded                                                       ---
--------------------------------------------------------------------------------
Ligand Torsions
[   8   21    1    4]  -12.38
[  10    9    3   14]   24.50    matched torsion: ortho-substituoed aromatic-aliphatic ether
[   9    3   14   15] -125.96
[  18   17    5   16]   57.58
[  17    5   16   15] -162.67
[  25    6   15   14]   76.89
[   3   14   15    6]   55.23
[   5   16   15    6]  -17.42
Mapping
Ligand acceptors to protein hydrogens (mapping then atom ids)
Ligand hydrogens to protein acceptors (mapping then atom ids)
  1   3 [ 24->2066]
  2   3 [ 25->2066]
Ligand shape atoms to protein points (mapping then atom ids & coords)
  1  2986 [  4->(-24.000   6.000  14.000)]
  2  2262 [ 10->(-24.250   5.750  17.250)]
  3  1569 [ 11->(-24.500   4.000  15.750)]
  4  2757 [ 12->(-24.000   3.500  15.750)]
  5  6770 [ 14->(-22.750   8.000  16.750)]
  6  5424 [ 15->(-23.250   8.750  16.750)]
  7  6277 [ 16->(-23.000  10.500  18.500)]
Chromosome values
Integers:
  -1   -1   -1   -1    2    2 2985 2261 1568 2756 6769 5423 
6276   -1   -1   -1 
--------------------------------------------------------------------------------

Current Ranking  1  2

--------------------------------------------------------------------------------

* GA execution time :                                                           
  total  3.9999 user  3.9999 sys  0.0000

--------------------------------------------------------------------------------
Fitness function evaluations: 98799

--------------------------------------------------------------------------------
** Docking run number  3 **
--------------------------------------------------------------------------------
  Rank fitness base is 5000.00 ; increment is 11.2233

* Initialising population(s) ...                                                
Number of constraints mappings 0
Number of constraints 0
  Population no.                           :      1
  Population size                          :    100
  Number of duplicates                     :      0
  Number of niche violations               :      0
  Number of errors                         :    201

Number of constraints mappings 0
Number of constraints 0
  Population no.                           :      2
  Population size                          :    100
  Number of duplicates                     :      0
  Number of niche violations               :      0
  Number of errors                         :    225

Number of constraints mappings 0
Number of constraints 0
  Population no.                           :      3
  Population size                          :    100
  Number of duplicates                     :      0
  Number of niche violations               :      0
  Number of errors                         :    233

Number of constraints mappings 0
Number of constraints 0
  Population no.                           :      4
  Population size                          :    100
  Number of duplicates                     :      0
  Number of niche violations               :      0
  Number of errors                         :    235

Number of constraints mappings 0
Number of constraints 0
  Population no.                           :      5
  Population size                          :    100
  Number of duplicates                     :      0
  Number of niche violations               :      0
  Number of errors                         :    200


Doing GA, no. of population(s) 5 size 100 selection pressure 1.100000

 Operation      Score         DG    S(hbond)    S(metal)    S(lipo)     H(rot)  DE(clash)    DE(int)     intcor
         0      10.09     -23.19       0.00        0.00     204.22       2.41      11.26       1.85       0.14
       655      11.32     -26.51       0.00        0.00     232.54       2.41      14.25       0.93       0.14
      1232      12.85     -25.17       0.65        0.00     202.43       2.41      11.00       1.31       0.14
      1293      14.04     -23.34       0.00        0.00     205.43       2.41       7.99       1.31       0.14
      1945      15.01     -23.61       0.00        0.00     207.75       2.41       6.14       2.45       0.14
      2094      21.51     -28.83       1.35        0.00     213.90       2.41       6.17       1.15       0.14
      4940      22.23     -25.00       0.75        0.00     198.36       2.41       1.98       0.80       0.14
      7484      23.92     -28.84       1.36        0.00     213.58       2.41       3.77       1.15       0.14
      7584      24.18     -30.02       1.60        0.00     216.88       2.41       4.70       1.15       0.14
      8169      25.21     -30.42       1.61        0.00     220.06       2.41       4.07       1.15       0.14
     10024      25.73     -30.37       1.59        0.00     220.14       2.41       3.49       1.15       0.14
     10334      26.15     -29.65       1.51        0.00     216.23       2.41       2.35       1.15       0.14
     11659      27.52     -29.35       1.40        0.00     216.93       2.41       0.68       1.15       0.14
     15273      27.89     -30.92       1.89        0.00     216.35       2.41       1.79       1.23       0.14
     15563      28.08     -30.94       1.85        0.00     217.67       2.41       1.64       1.22       0.14
     17392      28.08     -31.09       1.90        0.00     217.57       2.41       1.75       1.25       0.14
     17483      28.26     -30.70       1.83        0.00     216.27       2.41       1.22       1.22       0.14
     18458      28.97     -31.40       1.97        0.00     218.03       2.41       1.16       1.28       0.14
     20823      29.28     -31.50       1.96        0.00     219.24       2.41       0.96       1.25       0.14
     22184      29.29     -31.51       1.96        0.00     219.24       2.41       0.96       1.25       0.14
     26023      29.35     -31.52       1.98        0.00     218.83       2.41       0.88       1.28       0.14
     27598      29.38     -31.11       1.92        0.00     217.19       2.41       0.46       1.27       0.14
     28098      29.44     -31.32       1.99        0.00     216.77       2.41       0.72       1.16       0.14
     29479      29.45     -31.19       1.94        0.00     217.19       2.41       0.46       1.27       0.14
     30983      29.58     -31.33       1.96        0.00     217.67       2.41       0.46       1.29       0.14
     33611      29.68     -31.27       1.92        0.00     218.41       2.41       0.46       1.13       0.14
     37542      29.74     -31.36       1.96        0.00     217.93       2.41       0.46       1.16       0.14
Reordering...
     43875      29.65     -31.27       1.94        0.00     217.93       2.41       0.46       1.16       0.14
     45260      29.68     -31.30       1.95        0.00     217.93       2.41       0.46       1.17       0.14
     45427      29.68     -31.30       1.95        0.00     217.93       2.41       0.46       1.17       0.14
     51037      29.70     -31.32       1.94        0.00     218.41       2.41       0.46       1.16       0.14
     56453      29.79     -31.28       1.99        0.00     216.46       2.41       0.32       1.17       0.14
     56558      29.81     -31.28       1.99        0.00     216.46       2.41       0.32       1.15       0.14
--------------------------------------------------------------------------------
Best docking solution after GA:
     58500      29.81     -31.28       1.99        0.00     216.46       2.41       0.32       1.15       0.14

#ops:      58500 #mutates:  27787 #cross:    27827 #migrate:   2886 
#dups:     20679 #niche:    32203 #errors:     204 
--------------------------------------------------------------------------------

Doing AMOEBA simplex on best individual
Done simplexing #iterations 457, best score  30.09

Ligand is stored in gold_soln_4bvn_m1_3.mol2


--------------------------------------------------------------------------------
--- ChemScore breakdown of terms                                             ---
--------------------------------------------------------------------------------
DG = -5.4800 + -3.3400*S(hbond)
     + -6.0300*S(metal) + -0.1170*S(lipo) + 2.5600*H(rot)


H(rot) = 2.4140

Score = -(DG + DE(clash) + DE(int))

Internal energy term has been corrected with the best internal energy encountered.

--------------------------------------------------------------------------------


     Score         DG    S(hbond)    S(metal)    S(lipo)     H(rot)  DE(clash)    DE(int)     intcor
     30.09     -31.53       1.99        0.00     218.74       2.41       0.34       1.10       0.14

--------------------------------------------------------------------------------
--- ChemScore analysis of protein-ligand interactions                        ---
--------------------------------------------------------------------------------

* Hydrogen bonds                                                                
Ligand donor    5 hydrogen   24 Protein acceptor 2066 bond energy  1.00 wt 1.00
Ligand donor    6 hydrogen   25 Protein acceptor 2066 bond energy  1.00 wt 0.99

CHEMSCORE EXTRA INTERACTIONS:

* Clashes                                                                       
Clash for ligand atom   4 (C2   ):   0.06
Clash for ligand atom   8 (N3   ):   0.01
Clash for ligand atom  10 (C5   ):   0.10
Clash for ligand atom  11 (C6   ):   0.13
Clash for ligand atom  14 (C9   ):   0.01
Clash for ligand atom  20 (C15  ):   0.01
--------------------------------------------------------------------------------


--------------------------------------------------------------------------------
--- Chromosome decoded                                                       ---
--------------------------------------------------------------------------------
Ligand Torsions
[   8   21    1    4]  148.99
[  10    9    3   14]   11.22    matched torsion: ortho-substituoed aromatic-aliphatic ether
[   9    3   14   15] -144.16
[  18   17    5   16] -166.93
[  17    5   16   15]  164.96
[  25    6   15   14]   49.48
[   3   14   15    6]   65.57
[   5   16   15    6]   10.51
Mapping
Ligand acceptors to protein hydrogens (mapping then atom ids)
Ligand hydrogens to protein acceptors (mapping then atom ids)
  1   3 [ 24->2066]
  2   3 [ 25->2066]
Ligand shape atoms to protein points (mapping then atom ids & coords)
  1  5289 [  4->(-23.250   5.750  14.500)]
  2  2863 [ 10->(-24.000   4.750  16.000)]
  3  1587 [ 11->(-24.500   4.250  17.000)]
  4  2087 [ 12->(-24.250   3.500  16.000)]
  5  5424 [ 14->(-23.250   8.750  16.750)]
  6  6234 [ 15->(-23.000   9.750  18.750)]
  7  6277 [ 16->(-23.000  10.500  18.500)]
  8   564 [ 18->(-25.250  10.500  22.250)]
  9  3203 [ 19->(-24.000  10.250  22.500)]
 10  1360 [ 20->(-24.750  10.250  21.000)]
Chromosome values
Integers:
  -1   -1   -1   -1    2    2 5288 2862 1586 2086 5423 6233 
6276  563 3202 1359 
--------------------------------------------------------------------------------

Current Ranking  1  3  2

--------------------------------------------------------------------------------

* GA execution time :                                                           
  total  4.0000 user  4.0000 sys  0.0000

--------------------------------------------------------------------------------
Fitness function evaluations: 97678

--------------------------------------------------------------------------------
** Docking run number  4 **
--------------------------------------------------------------------------------
  Rank fitness base is 5000.00 ; increment is 11.2233

* Initialising population(s) ...                                                
Number of constraints mappings 0
Number of constraints 0
  Population no.                           :      1
  Population size                          :    100
  Number of duplicates                     :      0
  Number of niche violations               :      0
  Number of errors                         :    230

Number of constraints mappings 0
Number of constraints 0
  Population no.                           :      2
  Population size                          :    100
  Number of duplicates                     :      0
  Number of niche violations               :      0
  Number of errors                         :    231

Number of constraints mappings 0
Number of constraints 0
  Population no.                           :      3
  Population size                          :    100
  Number of duplicates                     :      0
  Number of niche violations               :      0
  Number of errors                         :    218

Number of constraints mappings 0
Number of constraints 0
  Population no.                           :      4
  Population size                          :    100
  Number of duplicates                     :      0
  Number of niche violations               :      0
  Number of errors                         :    226

Number of constraints mappings 0
Number of constraints 0
  Population no.                           :      5
  Population size                          :    100
  Number of duplicates                     :      0
  Number of niche violations               :      0
  Number of errors                         :    203


Doing GA, no. of population(s) 5 size 100 selection pressure 1.100000

 Operation      Score         DG    S(hbond)    S(metal)    S(lipo)     H(rot)  DE(clash)    DE(int)     intcor
         0      12.59     -22.46       0.00        0.00     197.99       2.41       9.34       0.53       0.14
       335      14.01     -25.90       0.71        0.00     207.17       2.41       7.26       4.64       0.14
      1789      21.69     -25.88       0.71        0.00     206.85       2.41       1.91       2.28       0.14
      4481      23.13     -25.86       0.44        0.00     214.31       2.41       0.52       2.21       0.14
      5215      23.64     -26.61       0.98        0.00     205.28       2.41       2.13       0.84       0.14
      6411      23.84     -28.35       1.00        0.00     219.77       2.41       4.41       0.09       0.14
      7971      24.37     -28.40       1.00        0.00     220.15       2.41       3.93       0.09       0.14
      8350      24.54     -27.20       0.65        0.00     219.84       2.41       2.26       0.40       0.14
      9010      24.97     -27.89       1.00        0.00     215.91       2.41       2.28       0.64       0.14
     10827      25.17     -28.23       1.00        0.00     218.74       2.41       2.93       0.14       0.10
     11216      25.47     -27.77       1.00        0.00     214.76       2.41       1.86       0.43       0.10
     12617      25.75     -27.42       0.92        0.00     213.98       2.41       0.19       1.49       0.10
     12981      26.03     -27.44       0.92        0.00     214.14       2.41       0.29       1.12       0.10
     14067      26.49     -28.03       0.96        0.00     218.09       2.41       0.42       1.12       0.09
     14676      26.77     -30.15       1.63        0.00     217.04       2.41       1.87       1.51       0.09
     15244      26.91     -28.46       1.18        0.00     215.58       2.41       0.30       1.25       0.09
     16768      27.25     -29.96       1.76        0.00     211.76       2.41       1.16       1.55       0.09
     17975      27.39     -28.90       1.27        0.00     216.69       2.41       0.39       1.12       0.09
     18495      27.52     -30.41       1.58        0.00     220.84       2.41       1.77       1.12       0.09
     18694      28.77     -30.58       1.76        0.00     217.20       2.41       0.71       1.10       0.09
     21989      29.03     -30.93       1.83        0.00     217.96       2.41       0.74       1.16       0.04
     22603      29.03     -30.59       1.77        0.00     216.97       2.41       0.39       1.17       0.04
     22679      29.06     -31.02       1.92        0.00     216.17       2.41       0.75       1.20       0.04
     23479      29.08     -30.98       1.86        0.00     217.63       2.41       0.74       1.15       0.04
     23684      29.31     -30.97       1.95        0.00     215.08       2.41       0.44       1.22       0.04
     24261      29.57     -30.86       1.86        0.00     216.80       2.41       0.09       1.20       0.04
     25584      29.63     -30.90       1.87        0.00     216.75       2.41       0.12       1.16       0.04
     25645      29.74     -31.11       1.95        0.00     216.12       2.41       0.14       1.22       0.04
     27160      29.80     -31.16       1.96        0.00     216.45       2.41       0.14       1.22       0.04
     27695      29.90     -31.24       1.96        0.00     217.10       2.41       0.15       1.19       0.04
     28060      29.93     -31.26       1.96        0.00     217.30       2.41       0.15       1.18       0.04
     29341      30.10     -31.44       1.97        0.00     218.55       2.41       0.16       1.19       0.04
Reordering...
     43875      30.00     -31.24       1.95        0.00     217.34       2.41       0.06       1.18       0.04
     43970      30.02     -31.25       1.94        0.00     217.67       2.41       0.07       1.16       0.04
     45359      30.02     -31.36       1.99        0.00     217.18       2.41       0.13       1.21       0.04
     46329      30.02     -31.36       1.98        0.00     217.45       2.41       0.13       1.21       0.04
     47385      30.05     -31.37       1.99        0.00     217.19       2.41       0.10       1.21       0.04
     50474      30.08     -31.39       1.99        0.00     217.46       2.41       0.13       1.18       0.04
--------------------------------------------------------------------------------
Best docking solution after GA:
     58500      30.08     -31.39       1.99        0.00     217.46       2.41       0.13       1.18       0.04

#ops:      58500 #mutates:  27940 #cross:    27713 #migrate:   2847 
#dups:     21841 #niche:    31471 #errors:     264 
--------------------------------------------------------------------------------

Doing AMOEBA simplex on best individual
Done simplexing #iterations 502, best score  30.23

Ligand is stored in gold_soln_4bvn_m1_4.mol2


--------------------------------------------------------------------------------
--- ChemScore breakdown of terms                                             ---
--------------------------------------------------------------------------------
DG = -5.4800 + -3.3400*S(hbond)
     + -6.0300*S(metal) + -0.1170*S(lipo) + 2.5600*H(rot)


H(rot) = 2.4140

Score = -(DG + DE(clash) + DE(int))

Internal energy term has been corrected with the best internal energy encountered.

--------------------------------------------------------------------------------


     Score         DG    S(hbond)    S(metal)    S(lipo)     H(rot)  DE(clash)    DE(int)     intcor
     30.23     -31.53       1.99        0.00     218.52       2.41       0.13       1.17       0.04

--------------------------------------------------------------------------------
--- ChemScore analysis of protein-ligand interactions                        ---
--------------------------------------------------------------------------------

* Hydrogen bonds                                                                
Ligand donor    5 hydrogen   24 Protein acceptor 2066 bond energy  1.00 wt 1.00
Ligand donor    6 hydrogen   25 Protein acceptor 2066 bond energy  1.00 wt 1.00

CHEMSCORE EXTRA INTERACTIONS:

* Clashes                                                                       
Clash for ligand atom   2 (N1   ):   0.01
Clash for ligand atom   6 (O2   ):   0.03
Clash for ligand atom  11 (C6   ):   0.07
Clash for ligand atom  12 (C7   ):   0.01
--------------------------------------------------------------------------------


--------------------------------------------------------------------------------
--- Chromosome decoded                                                       ---
--------------------------------------------------------------------------------
Ligand Torsions
[   8   21    1    4]  160.34
[  10    9    3   14]    8.75    matched torsion: ortho-substituoed aromatic-aliphatic ether
[   9    3   14   15] -118.05
[  18   17    5   16]   52.74
[  17    5   16   15]  175.72
[  25    6   15   14]   61.76
[   3   14   15    6]   55.69
[   5   16   15    6]   -6.66
Mapping
Ligand acceptors to protein hydrogens (mapping then atom ids)
Ligand hydrogens to protein acceptors (mapping then atom ids)
  1   3 [ 24->2066]
  2   3 [ 25->2066]
Ligand shape atoms to protein points (mapping then atom ids & coords)
  1  3807 [  4->(-23.750   6.500  14.750)]
  2  3676 [ 10->(-23.750   5.000  16.000)]
  3  2099 [ 11->(-24.250   3.750  16.500)]
  4  2892 [ 12->(-24.000   5.000  16.000)]
  5  3868 [ 14->(-23.750   7.250  16.750)]
  6  5427 [ 15->(-23.250   8.750  17.500)]
  7  6181 [ 16->(-23.000   9.000  18.000)]
  8  3291 [ 18->(-24.000  12.750  20.500)]
  9  3140 [ 19->(-24.000   9.250  23.250)]
 10   580 [ 20->(-25.250  10.750  21.000)]
Chromosome values
Integers:
  -1   -1   -1   -1    2    2 3806 3675 2098 2891 3867 5426 
6180 3290 3139  579 
--------------------------------------------------------------------------------

Current Ranking  1  4  3  2

Top  3 (of  4) solutions are within 1.000 RMSD, finishing docking C:/Users/student/Desktop/project/beta1/ligandy/4bvn.mol2.


--------------------------------------------------------------------------------

* GA execution time :                                                           
  total  3.0009 user  3.0009 sys  0.0000

--------------------------------------------------------------------------------
Fitness function evaluations: 97173

--------------------------------------------------------------------------------
--- Ranking analysis                                                         ---
--------------------------------------------------------------------------------


* Final ranked order of GA solutions:                                           
   1  4  3  2 

  _______________________________
  RMSD Matrix of RANKED solutions

        2    3    4  

   1 :  0.4  0.5  0.8
   2 :       0.6  0.6
   3 :            1.0

  Clustering method                        : complete linkage
  Structure ids in cluster table           : rank nos.
  Ordering of clusters and their members   : by rank (order if from rms_analysis)

  Distance | Clusters
   0.39    |  1  2 |  3 |  4 |
   0.61    |  1  2  3 |  4 |
   1.01    |  1  2  3  4 |
  Finished Docking Ligand                  : C:/Users/student/Desktop/project/beta1/ligandy/4bvn.mol2
--------------------------------------------------------------------------------

  Relative_Ligand_Energy (best encountered) :   0.042
  Relative_Ligand_Energy: fitness values have been corrected using this amount
