
--------------------------------------------------------------------------------
--- Ligand                                                                   ---
--------------------------------------------------------------------------------
  Ligand loaded from file                  : C:/Users/student/Desktop/Dokowanko/beta2/ligandy/3nya.mol2
  Ligand name                              :  
  "C:\Users\porto\OneDrive\projekt\beta2\ligandy\L_3nya.pdb L_3nya.pdb 1    "

--------------------------------------------------------------------------------
  N.plc donors                             : 
  none found

  Acidic nitrogen acceptors                : 
  none found
  Sulfur acceptors                         :
  none found


  Donor atoms                              :      2
  2   3   
  Acceptor atoms                           :      3
  2   3   5   

  Hydrogens                                :  (n = 2)
  22   23   

  Lone pairs added to molecule             :      5
  Numbering                                : from 42 to 46

--------------------------------------------------------------------------------
--- Postprocessing of typing                                                 ---
--------------------------------------------------------------------------------
  Fragment file                            : C:\Program Files (x86)\CCDC/GoldSuite_2018\GOLD\gold\rotatable_bond_override.mol2
  acylurea fragment                        : no matches
  thioacylthiourea fragment                : no matches
  acylthiourea fragment                    : no matches
  thioacylurea fragment                    : no matches
  diarylamine fragment >C.ar-NH-C.ar<      : no matches
  sec-amine (1) fragment                   : no matches
  sec-amine (2) fragment                   : no matches
  sec-amine (3) fragment                   : no matches
  carboxylic ester                         : no matches

* Rotatable bonds in C:/Users/student/Des  :
  [   1    4] [   2    4] [   2    7] [   3    8] 
  [   4    6] [   5    9] [   5   10] [   7    8] 
  [   8    9] [  15   16] [  16   17] 
  No. of rotatable bonds                   :     11


* Fragments found in C:/Users/student/Des  :
  atom  10: benzene
  atom  11: benzene
  atom  12: benzene
  atom  13: benzene
  atom  14: benzene
  atom  15: benzene


* Checking torsion distributions:                                               
  Rotatable bond [11 10  5  9] matches torsion: ortho-substituoed aromatic-aliphatic ether
   C.ar ( 1H ) | C.ar ( C.ar ( 0H ) ) | O.3 | C.3 ( 2H ) 
  No. of matched torsions                  :      1

--------------------------------------------------------------------------------
--- Shape fitting atoms selection (hydrophobic atoms)                        ---
--------------------------------------------------------------------------------
  Molecule                                 : C:/Users/student/Desktop/Dokowanko/beta2/ligandy/3nya.mol2
  Selection                                : carbons only
  Atom numbers                             :  (n = 13)
  1    4    6    7    8    9    11   12   13   14   
  16   17   18   

--------------------------------------------------------------------------------
--- Automatic parameter setting                                              ---
--------------------------------------------------------------------------------
  Contribution base                        :   2500
  Contribution per rotatable bond          :   6000
  Contribution per df                      :   4000
  Contribution per water                   :  10000
  Ligand rotatable bonds                   :     11
  Protein flexible side chain bonds        :      0
  Total rotatable bonds                    :     11
  Hydrophobic vol ratio (P/L)              :   0.862
  Base multiplier (polar)                  :   1.000
  Base multiplier (apolar)                 :   2.242
  Base contribution                        : 7500.000
  Fitting points                           :      5
  Estimated maxops needed (optimal)        :  74000

--------------------------------------------------------------------------------

* Population settings                                                           
  maxops                                   :  74000
  popsiz                                   :    100
  select_pressure                          :   1.100
  n_islands                                :      5
  niche_siz                                :      2

* GA settings                                                                   
  pt_crosswt                               :     95
  allele_mutatewt                          :     95
  migratewt                                :     10

* Search settings                                                               
  start_vdw_linear_cutoff                  :   6.000
  initial_virtual_pt_match_max             :   3.000
  Scaling of internal VDW energy           : log scale from  0.2 to    1
                                             over 55500 ops
  Sampling interval (operations)           :    740
  Scaling of virtual pt maximum length     : linear scale from    3 to    2
                                             over 55500 ops
  Sampling interval (operations)           :   2220
  Scaling of 4-8 potential cutoff          : log scale from    6 to 1.2e+002
                                             over 55500 ops
  Sampling interval (operations)           :   2220

--------------------------------------------------------------------------------

* Ligand initialisation time :                                                  
  total  0.9990 user  0.9990 sys  0.0000

--------------------------------------------------------------------------------

--------------------------------------------------------------------------------
** Docking run number  1 **
--------------------------------------------------------------------------------
  Rank fitness base is 5000.00 ; increment is 11.2233

* Initialising population(s) ...                                                
Number of constraints mappings 0
Number of constraints 0
  Population no.                           :      1
  Population size                          :    100
  Number of duplicates                     :      0
  Number of niche violations               :      0
  Number of errors                         :      1

Number of constraints mappings 0
Number of constraints 0
  Population no.                           :      2
  Population size                          :    100
  Number of duplicates                     :      0
  Number of niche violations               :      0
  Number of errors                         :      1

Number of constraints mappings 0
Number of constraints 0
  Population no.                           :      3
  Population size                          :    100
  Number of duplicates                     :      0
  Number of niche violations               :      0

Number of constraints mappings 0
Number of constraints 0
  Population no.                           :      4
  Population size                          :    100
  Number of duplicates                     :      0
  Number of niche violations               :      0
  Number of errors                         :      1

Number of constraints mappings 0
Number of constraints 0
  Population no.                           :      5
  Population size                          :    100
  Number of duplicates                     :      0
  Number of niche violations               :      0


Doing GA, no. of population(s) 5 size 100 selection pressure 1.100000

 Operation      Fitness  S(hb_ext) S(vdw_ext)  S(hb_int)    S(int)      intcor
         0      35.92       0.39      27.02       0.00      -8.10     -17.72
       722      36.14       2.18      32.76       0.00     -55.39     -17.72
      1399      37.91       0.05      33.10       0.00     -37.47     -17.72
      1404      39.98       0.88      35.69       0.00     -48.81     -17.72
      2346      42.61       3.20      29.10       0.00      -2.87     -17.72
      3162      43.13       0.17      31.69       0.00      -2.83     -17.72
      3487      43.72       0.73      31.73       0.00      -2.88     -17.72
      4674      45.81       2.86      33.76       0.00     -15.25     -16.32
      5173      46.86       3.07      34.40       0.00     -15.45     -16.12
      5799      46.82       2.86      35.10       0.00     -18.47     -14.47
      6249      49.00       2.85      35.28       0.00      -9.94     -14.47
      7699      48.37       2.83      34.91       0.00      -9.88     -14.47
      8209      49.11       2.94      35.59       0.00     -10.95     -14.47
      8451      51.63       4.14      35.37       0.00      -4.50     -14.47
      8971      50.47       4.12      34.56       0.00      -4.50     -14.47
      9071      51.11       4.18      34.99       0.00      -4.59     -14.47
      9216      51.24       4.18      35.09       0.00      -4.59     -14.47
     10684      52.21       2.53      37.91       0.00      -9.09     -14.47
     11680      52.28       1.55      39.47       0.00     -12.84     -14.47
     11786      52.99       5.11      34.83       0.00       0.00     -13.78
     12426      53.32       4.25      35.69       0.00       0.00     -13.78
     13821      53.15       4.20      35.60       0.00       0.00     -13.78
     14903      53.33       2.91      38.09       0.00      -6.36     -13.78
     15618      52.70       2.64      38.03       0.00      -7.12     -12.24
     16130      53.08       4.38      35.77       0.00      -1.54     -12.24
     16563      53.41       2.96      38.36       0.00      -7.15     -12.24
     16586      54.99       5.37      36.45       0.00      -1.54     -12.24
     16771      55.37       4.70      37.21       0.00      -1.54     -12.24
     17751      56.17       4.69      37.80       0.00      -1.54     -12.24
     18951      56.14       5.23      37.85       0.00      -3.30     -11.45
     18987      56.91       5.54      39.60       0.00      -9.01     -11.45
     19762      57.14       5.54      39.74       0.00      -8.70     -11.45
     19872      57.86       5.95      39.76       0.00      -7.90     -11.45
     21671      57.81       5.72      40.24       0.00      -8.72     -10.63
     22219      57.73       6.66      38.94       0.00      -6.50     -10.63
     22539      57.96       6.75      38.95       0.00      -6.18     -10.63
     22764      57.96       6.98      38.88       0.00      -6.50     -10.63
     23048      58.07       6.71      39.20       0.00      -6.50     -10.63
     23237      58.21       6.19      39.79       0.00      -6.93     -10.63
     23339      58.31       7.16      38.45       0.00      -4.44     -10.63
     23506      59.08       6.41      39.43       0.00      -3.96     -10.63
     24541      58.88       6.41      39.33       0.00      -3.96     -10.63
     25272      58.87       6.41      39.35       0.00      -3.96     -10.63
     25317      59.18       6.52      39.87       0.00      -5.21     -10.63
     25837      59.66       6.56      40.19       0.00      -5.21     -10.63
     26867      59.46       6.55      40.13       0.00      -5.21     -10.63
     26907      59.57       7.09      39.15       0.00      -3.14     -10.63
     27827      59.82       7.11      39.35       0.00      -3.15     -10.63
     29142      59.69       7.24      38.98       0.00      -2.49     -10.63
     29193      59.74       7.04      39.16       0.00      -2.49     -10.63
     29381      59.88       7.04      39.26       0.00      -2.49     -10.63
     29467      60.01       7.04      39.35       0.00      -2.49     -10.63
     29678      60.02       7.20      39.22       0.00      -2.33     -10.63
     29881      60.05       7.01      39.42       0.00      -2.49     -10.63
     30940      60.04       7.00      39.45       0.00      -2.49     -10.63
     31684      59.94       6.69      40.36       0.00      -4.56     -10.63
     31723      60.03       7.19      39.26       0.00      -2.33     -10.63
     32253      60.02       7.16      39.30       0.00      -2.33     -10.63
     32318      60.05       7.19      39.30       0.00      -2.33     -10.63
     32358      60.05       7.19      39.30       0.00      -2.33     -10.63
     32452      60.08       7.19      39.32       0.00      -2.33     -10.63
     32756      60.18       7.31      39.27       0.00      -2.19     -10.63
     32894      60.30       6.34      40.33       0.00      -2.90     -10.63
     32971      60.32       7.29      39.40       0.00      -2.25     -10.63
Reordering...
     33300      60.18       6.92      40.24       0.00      -3.95     -10.63
     33524      60.19       6.92      40.26       0.00      -3.95     -10.63
     33994      60.43       6.68      40.33       0.00      -3.22     -10.63
     34384      60.41       6.68      40.34       0.00      -3.22     -10.63
     34589      60.41       7.32      40.08       0.00      -3.75     -10.63
     34594      60.47       6.64      40.41       0.00      -3.22     -10.63
     34729      60.69       7.01      40.05       0.00      -2.59     -10.63
     35089      60.92       7.14      40.27       0.00      -2.92     -10.63
     36329      60.85       7.13      40.29       0.00      -2.92     -10.63
     36774      60.93       7.09      40.37       0.00      -2.92     -10.63
     37214      60.92       7.09      40.39       0.00      -2.92     -10.63
     37288      61.15       7.45      40.10       0.00      -2.45     -10.63
     38306      61.12       7.24      40.28       0.00      -2.51     -10.63
     39631      61.07       7.53      40.10       0.00      -2.57     -10.63
     39747      61.09       7.45      40.19       0.00      -2.59     -10.63
     39812      61.19       7.45      40.26       0.00      -2.59     -10.63
     40371      61.19       7.53      40.11       0.00      -2.34     -10.63
     40601      61.20       7.52      40.23       0.00      -2.57     -10.63
     41121      61.29       7.53      40.15       0.00      -2.21     -10.63
     41346      61.31       7.57      40.12       0.00      -2.19     -10.63
     41697      61.37       7.62      40.06       0.00      -2.00     -10.63
     42021      61.38       7.53      40.23       0.00      -2.21     -10.63
     42281      61.34       7.52      40.24       0.00      -2.21     -10.63
     42396      61.45       7.52      40.31       0.00      -2.19     -10.63
     43156      61.42       7.58      40.15       0.00      -1.97     -10.63
     43186      61.42       7.58      40.15       0.00      -1.97     -10.63
     43581      61.45       7.58      40.16       0.00      -1.95     -10.63
     44002      61.49       7.59      40.31       0.00      -2.15     -10.63
     45197      61.43       7.35      40.36       0.00      -1.91     -10.63
     45899      61.41       7.02      40.45       0.00      -1.64     -10.63
     46002      61.43       7.57      40.26       0.00      -1.99     -10.63
     46167      61.48       7.58      40.30       0.00      -1.99     -10.63
     46388      61.56       7.57      40.30       0.00      -1.87     -10.63
     46633      61.54       7.53      40.34       0.00      -1.87     -10.63
     46638      61.58       7.17      40.66       0.00      -1.93     -10.63
     46943      61.60       7.53      40.38       0.00      -1.87     -10.63
     47059      61.71       7.51      40.32       0.00      -1.59     -10.63
     47703      61.70       7.66      40.21       0.00      -1.58     -10.63
     48317      61.72       7.64      40.31       0.00      -1.66     -10.63
     49369      61.73       7.47      40.42       0.00      -1.59     -10.63
     49804      61.71       7.47      40.42       0.00      -1.59     -10.63
     50089      61.76       7.46      40.45       0.00      -1.58     -10.63
     50742      61.75       7.55      40.39       0.00      -1.56     -10.63
     51133      61.76       7.65      40.20       0.00      -1.33     -10.61
     51761      61.79       7.54      40.40       0.00      -1.48     -10.61
     51862      61.76       7.44      40.37       0.00      -1.33     -10.61
     52260      61.78       7.54      40.40       0.00      -1.46     -10.61
     52374      61.88       7.50      40.37       0.00      -1.26     -10.61
     53506      61.84       7.42      40.35       0.00      -1.15     -10.56
     54566      61.82       7.42      40.36       0.00      -1.15     -10.56
     54896      61.81       7.42      40.37       0.00      -1.15     -10.56
     54912      61.81       7.42      40.37       0.00      -1.15     -10.56
     55097      61.82       7.42      40.37       0.00      -1.15     -10.56
     55737      61.79       7.42      40.38       0.00      -1.15     -10.56
     57197      61.80       7.44      40.38       0.00      -1.17     -10.50
     57217      61.80       7.44      40.38       0.00      -1.17     -10.50
     57347      61.80       7.44      40.39       0.00      -1.17     -10.50
--------------------------------------------------------------------------------
Best docking solution after GA:
     74000      61.80       7.44      40.39       0.00      -1.17     -10.28

#ops:      74000 #mutates:  34961 #cross:    35240 #migrate:   3799 
#dups:     30229 #niche:    53542 #errors:      65 
--------------------------------------------------------------------------------

Doing AMOEBA simplex on best individual
Done simplexing #iterations 620, best score  62.32

Ligand is stored in gold_soln_3nya_m1_1.mol2


--------------------------------------------------------------------------------
--- GoldScore breakdown of terms                                             ---
--------------------------------------------------------------------------------
Fitness = S(hb_ext) + 1.3750*S(vdw_ext) + S(hb_int) + 1.0000*S(int)
S(int)  = S(vdw_int) + S(tors)

Internal terms are relative to best energy found (intcor).

--------------------------------------------------------------------------------


     Fitness  S(hb_ext) S(vdw_ext)  S(hb_int)    S(int)      intcor
     62.32       7.50      40.72       0.00      -1.17     -10.28

--------------------------------------------------------------------------------
--- GoldScore analysis of protein-ligand interactions                        ---
--------------------------------------------------------------------------------

  Ligand acceptor    3 Protein hydrogen 4104 donor 4097 bond energy  2.00 wt 0.74
  Ligand donor    2 hydrogen   22 Protein acceptor 1335 bond energy  6.00 wt 0.25
  Ligand donor    3 hydrogen   23 Protein acceptor 1334 bond energy  6.00 wt 0.75

--------------------------------------------------------------------------------


--------------------------------------------------------------------------------
--- Chromosome decoded                                                       ---
--------------------------------------------------------------------------------
Ligand Torsions
[  19    1    4    2]   66.50
[   1    4    2    7]  -62.60
[   4    2    7    8] -151.37
[  23    3    8    7]  -55.93
[  25    6    4    1] -179.75
[  10    5    9    8]  171.72
[  11   10    5    9]    3.93    matched torsion: ortho-substituoed aromatic-aliphatic ether
[   2    7    8    3]  -47.26
[   3    8    9    5]  174.55
[  17   16   15   10]  140.82
[  18   17   16   15]  116.07
Protein Torsions
[4175 4166 4165 4163] -101.52 
[1294 1290 1288 1285]  -51.66 
[4033 4024 4023 4021]   36.96 
[1412 1408 1406 1403]  -87.15 
[2830 2825 2824 2821] -112.29 
[2723 2714 2713 2711]  -92.16 
[2773 2768 2767 2764] -145.89 
Mapping
Ligand acceptors to protein hydrogens (mapping then atom ids)
  2   4 [  3->4104]
Ligand hydrogens to protein acceptors (mapping then atom ids)
  1   2 [ 22->1335]
  2   5 [ 23->1334]
Ligand shape atoms to protein points (mapping then atom ids & coords)
  1  2481 [  1->(-33.500   7.000   5.500)]
  2  2638 [  4->(-33.250   7.250   7.250)]
  3  2117 [  6->(-34.000   6.250   7.750)]
  4  3835 [  7->(-31.250   8.500   6.750)]
  5  3847 [  8->(-31.250   9.000   6.750)]
  6  4047 [  9->(-31.000  11.750   6.750)]
  9  4807 [ 13->(-27.750  12.750   5.500)]
 10  5286 [ 14->(-26.750  11.000   5.750)]
 11  4831 [ 16->(-27.500   8.250   7.000)]
 12  4944 [ 17->(-27.250   8.750   5.750)]
 13  5475 [ 18->(-26.250   8.750   6.500)]
Chromosome values
Integers:
  -1    3   -1    1    4 2480 2637 2116 3834 3846 4046   -1 
  -1 4806 5285 4830 4943 5474 
--------------------------------------------------------------------------------

Current Ranking  1

--------------------------------------------------------------------------------

* GA execution time :                                                           
  total 21.0004 user 21.0004 sys  0.0000

--------------------------------------------------------------------------------
Fitness function evaluations: 155795

--------------------------------------------------------------------------------
** Docking run number  2 **
--------------------------------------------------------------------------------
  Rank fitness base is 5000.00 ; increment is 11.2233

* Initialising population(s) ...                                                
Number of constraints mappings 0
Number of constraints 0
  Population no.                           :      1
  Population size                          :    100
  Number of duplicates                     :      0
  Number of niche violations               :      0
  Number of errors                         :      2

Number of constraints mappings 0
Number of constraints 0
  Population no.                           :      2
  Population size                          :    100
  Number of duplicates                     :      0
  Number of niche violations               :      0
  Number of errors                         :      1

Number of constraints mappings 0
Number of constraints 0
  Population no.                           :      3
  Population size                          :    100
  Number of duplicates                     :      0
  Number of niche violations               :      0

Number of constraints mappings 0
Number of constraints 0
  Population no.                           :      4
  Population size                          :    100
  Number of duplicates                     :      0
  Number of niche violations               :      0
  Number of errors                         :      1

Number of constraints mappings 0
Number of constraints 0
  Population no.                           :      5
  Population size                          :    100
  Number of duplicates                     :      0
  Number of niche violations               :      0


Doing GA, no. of population(s) 5 size 100 selection pressure 1.100000

 Operation      Fitness  S(hb_ext) S(vdw_ext)  S(hb_int)    S(int)      intcor
         0      35.98       0.04      31.69       0.00     -38.14     -10.28
      1411      36.68       0.08      29.24       0.00     -17.66     -10.28
      2098      37.21       0.94      29.22       0.00     -18.69     -10.28
      2845      41.00       0.90      31.52       0.00     -15.19     -10.28
      5015      40.50       0.84      31.35       0.00     -15.19     -10.28
      6215      40.35       0.84      31.36       0.00     -15.19     -10.28
      7357      40.97       0.18      32.75       0.00     -17.47     -10.28
      8952      41.72       4.00      30.88       0.00     -18.32     -10.28
     10457      41.91       4.00      31.17       0.00     -18.32     -10.28
     11022      42.14       4.69      30.83       0.00     -18.32     -10.28
     11217      41.56       4.68      30.50       0.00     -18.32     -10.28
     12438      41.82       2.99      32.15       0.00     -19.04     -10.28
     12882      44.07       4.14      32.88       0.00     -18.32     -10.28
     13302      44.54       4.14      33.22       0.00     -18.32     -10.28
     13583      44.89       1.93      32.47       0.00      -5.71     -10.28
     15043      44.82       1.38      32.87       0.00      -5.71     -10.28
     15458      45.21       1.93      32.76       0.00      -5.71     -10.28
     16443      44.70       1.90      32.46       0.00      -5.71     -10.28
     17082      44.97       2.11      32.53       0.00      -5.71     -10.28
     17437      45.26       3.42      34.79       0.00     -18.32     -10.28
Reordering...
     17760      44.87       2.09      32.51       0.00      -5.71     -10.28
     17902      45.23       3.98      34.07       0.00     -16.71     -10.28
     19132      46.95       5.24      33.41       0.00     -12.38     -10.28
     19572      47.64       5.23      33.99       0.00     -12.38     -10.28
     20216      49.75       5.03      35.73       0.00     -12.38     -10.28
     22162      50.45       4.93      36.46       0.00     -12.38     -10.28
     22967      50.70       4.90      36.81       0.00     -12.38     -10.28
     24112      50.70       4.90      36.89       0.00     -12.38     -10.28
Reordering...
     24420      50.09       5.29      36.24       0.00     -12.38     -10.28
     26397      50.09       5.12      36.52       0.00     -12.38     -10.28
     26442      50.82       4.65      37.44       0.00     -12.52     -10.28
     27128      54.18       5.60      37.02       0.00      -5.36     -10.28
     27213      54.42       5.60      37.19       0.00      -5.36     -10.28
     28578      54.47       5.60      37.31       0.00      -5.36     -10.28
     29395      55.36       9.37      37.32       0.00     -11.52     -10.28
     30427      56.49       6.81      37.63       0.00      -4.27     -10.28
     31232      56.56       7.77      37.02       0.00      -4.27     -10.28
     31968      56.52       6.56      37.89       0.00      -4.27     -10.28
     31978      56.53       6.56      37.90       0.00      -4.27     -10.28
     32557      56.56       7.22      37.44       0.00      -4.27     -10.28
     33548      56.31       6.79      37.57       0.00      -4.08     -10.28
     33963      56.53       6.49      38.07       0.00      -4.41     -10.28
     35022      56.66       4.54      39.75       0.00      -4.63     -10.28
     35147      57.04       6.43      38.30       0.00      -3.75     -10.28
     35502      57.15       6.43      38.38       0.00      -3.75     -10.28
     35692      57.12       6.64      38.25       0.00      -3.75     -10.28
     35707      57.73       4.41      41.13       0.00      -5.78     -10.28
     39453      57.48       4.30      41.45       0.00      -6.10      -9.96
     40448      57.35       4.18      41.50       0.00      -6.10      -9.96
     40792      57.31       4.18      41.53       0.00      -6.10      -9.96
     41087      57.34       8.55      38.14       0.00      -5.62      -9.96
     42438      57.16       8.44      38.16       0.00      -5.51      -9.96
     42647      57.42       8.56      38.21       0.00      -5.42      -9.96
     44502      57.35       8.54      38.04       0.00      -4.81      -9.96
     44771      57.41       8.72      37.94       0.00      -4.81      -9.96
     45147      57.40       8.57      38.00       0.00      -4.63      -9.96
     45602      57.47       8.72      38.04       0.00      -4.81      -9.96
     47122      57.34       8.72      37.89       0.00      -4.51      -9.96
     47207      57.40       8.72      37.94       0.00      -4.51      -9.96
     47812      57.36       8.79      37.91       0.00      -4.51      -9.96
     48067      57.39       8.74      37.97       0.00      -4.51      -9.96
     49252      57.27       8.73      38.01       0.00      -4.51      -9.96
     49517      57.35       8.78      38.03       0.00      -4.51      -9.96
Reordering...
     51060      57.09       8.77      38.03       0.00      -4.51      -9.96
     52238      57.18       8.61      38.50       0.00      -4.86      -9.96
     52450      57.26       8.75      38.23       0.00      -4.51      -9.96
     52750      57.25       8.75      38.28       0.00      -4.51      -9.96
     53110      57.26       8.75      38.29       0.00      -4.51      -9.96
     53531      57.22       8.74      38.34       0.00      -4.51      -9.96
     55495      57.07       8.74      38.36       0.00      -4.51      -9.96
     56310      56.97       8.73      38.37       0.00      -4.51      -9.96
     56580      56.97       8.73      38.37       0.00      -4.51      -9.96
     56900      57.02       8.59      38.50       0.00      -4.51      -9.96
     56907      57.06       8.59      38.53       0.00      -4.51      -9.96
     57685      57.12       8.59      38.57       0.00      -4.51      -9.96
     57912      57.37       8.27      38.52       0.00      -3.86      -9.96
     59102      57.48       8.26      38.62       0.00      -3.88      -9.96
     59468      57.66       8.27      38.85       0.00      -4.03      -9.96
     59937      57.79       8.51      38.66       0.00      -3.88      -9.96
     61867      57.92       8.61      38.69       0.00      -3.88      -9.96
     62257      58.07       8.70      38.73       0.00      -3.88      -9.96
     63538      58.19       8.70      38.82       0.00      -3.88      -9.96
     63923      58.23       8.10      38.96       0.00      -3.43      -9.96
     64637      58.29       7.46      39.42       0.00      -3.37      -9.96
     65762      58.54       7.46      39.60       0.00      -3.37      -9.96
     66552      58.57       7.97      39.25       0.00      -3.37      -9.96
     66772      58.59       8.36      38.98       0.00      -3.37      -9.96
     66872      58.68       8.32      39.08       0.00      -3.37      -9.96
     66927      58.73       8.29      39.14       0.00      -3.37      -9.96
     67022      58.80       8.32      39.16       0.00      -3.37      -9.96
     67113      58.95       7.54      39.84       0.00      -3.37      -9.96
     67447      59.13       8.18      39.50       0.00      -3.37      -9.96
     68083      59.14       8.61      39.20       0.00      -3.37      -9.96
     68563      59.15       8.61      39.21       0.00      -3.37      -9.96
     68788      59.33       8.50      39.42       0.00      -3.37      -9.96
     68833      59.34       8.50      39.43       0.00      -3.37      -9.96
     69064      59.44       8.21      39.82       0.00      -3.52      -9.96
     69411      59.60       8.48      39.23       0.00      -2.82      -9.96
     69915      59.65       8.48      39.23       0.00      -2.77      -9.96
     70595      59.69       8.48      39.26       0.00      -2.77      -9.96
     70650      59.73       8.56      39.22       0.00      -2.75      -9.96
     71467      59.75       8.22      39.81       0.00      -3.21      -9.96
     71597      60.03       8.27      40.00       0.00      -3.24      -9.96
     72717      60.08       8.27      40.04       0.00      -3.24      -9.96
     73752      60.08       8.27      40.04       0.00      -3.24      -9.96
     73917      60.09       8.27      40.04       0.00      -3.24      -9.96
--------------------------------------------------------------------------------
Best docking solution after GA:
     74000      60.09       8.27      40.04       0.00      -3.24      -9.96

#ops:      74000 #mutates:  35249 #cross:    35077 #migrate:   3674 
#dups:     15456 #niche:    49907 #errors:     158 
--------------------------------------------------------------------------------

Doing AMOEBA simplex on best individual
Done simplexing #iterations 654, best score  60.90

Ligand is stored in gold_soln_3nya_m1_2.mol2


--------------------------------------------------------------------------------
--- GoldScore breakdown of terms                                             ---
--------------------------------------------------------------------------------
Fitness = S(hb_ext) + 1.3750*S(vdw_ext) + S(hb_int) + 1.0000*S(int)
S(int)  = S(vdw_int) + S(tors)

Internal terms are relative to best energy found (intcor).

--------------------------------------------------------------------------------


     Fitness  S(hb_ext) S(vdw_ext)  S(hb_int)    S(int)      intcor
     60.90       7.93      40.29       0.00      -2.43      -9.96

--------------------------------------------------------------------------------
--- GoldScore analysis of protein-ligand interactions                        ---
--------------------------------------------------------------------------------

  Ligand acceptor    3 Protein hydrogen 4104 donor 4097 bond energy  2.00 wt 0.76
  Ligand donor    2 hydrogen   22 Protein acceptor 1335 bond energy  6.00 wt 0.29
  Ligand donor    3 hydrogen   23 Protein acceptor 1334 bond energy  6.00 wt 0.78

--------------------------------------------------------------------------------


--------------------------------------------------------------------------------
--- Chromosome decoded                                                       ---
--------------------------------------------------------------------------------
Ligand Torsions
[  19    1    4    2]  -53.02
[   1    4    2    7]  -60.96
[   4    2    7    8] -156.25
[  23    3    8    7]  -57.61
[  25    6    4    1]  179.50
[  10    5    9    8] -174.37
[  11   10    5    9]  -23.06    matched torsion: ortho-substituoed aromatic-aliphatic ether
[   2    7    8    3]  -39.22
[   3    8    9    5] -165.47
[  17   16   15   10]  139.47
[  18   17   16   15]  110.84
Protein Torsions
[4175 4166 4165 4163]  -76.34 
[1294 1290 1288 1285]  -47.12 
[4033 4024 4023 4021]   41.94 
[1412 1408 1406 1403]   96.95 
[2830 2825 2824 2821]  147.82 
[2723 2714 2713 2711] -106.49 
[2773 2768 2767 2764] -119.24 
Mapping
Ligand acceptors to protein hydrogens (mapping then atom ids)
Ligand hydrogens to protein acceptors (mapping then atom ids)
  1   2 [ 22->1335]
  2   5 [ 23->1334]
Ligand shape atoms to protein points (mapping then atom ids & coords)
  1  1961 [  1->(-34.250   7.000   5.500)]
  2  2881 [  4->(-32.750   7.000   7.000)]
  4  2945 [  7->(-32.750   8.500   6.750)]
  5  3995 [  8->(-31.000  10.000   7.500)]
 10  4899 [ 14->(-27.500  11.500   5.750)]
 11  4854 [ 16->(-27.500   9.250   6.750)]
 12  4949 [ 17->(-27.250   8.750   7.000)]
Chromosome values
Integers:
  -1   -1   -1    1    4 1960 2880   -1 2944 3994   -1   -1 
  -1   -1 4898 4853 4948   -1 
--------------------------------------------------------------------------------

Current Ranking  1  2

--------------------------------------------------------------------------------

* GA execution time :                                                           
  total 20.0003 user 20.0002 sys  0.0000

--------------------------------------------------------------------------------
Fitness function evaluations: 156837

--------------------------------------------------------------------------------
** Docking run number  3 **
--------------------------------------------------------------------------------
  Rank fitness base is 5000.00 ; increment is 11.2233

* Initialising population(s) ...                                                
Number of constraints mappings 0
Number of constraints 0
  Population no.                           :      1
  Population size                          :    100
  Number of duplicates                     :      0
  Number of niche violations               :      0
  Number of errors                         :      1

Number of constraints mappings 0
Number of constraints 0
  Population no.                           :      2
  Population size                          :    100
  Number of duplicates                     :      0
  Number of niche violations               :      0

Number of constraints mappings 0
Number of constraints 0
  Population no.                           :      3
  Population size                          :    100
  Number of duplicates                     :      0
  Number of niche violations               :      0

Number of constraints mappings 0
Number of constraints 0
  Population no.                           :      4
  Population size                          :    100
  Number of duplicates                     :      0
  Number of niche violations               :      0

Number of constraints mappings 0
Number of constraints 0
  Population no.                           :      5
  Population size                          :    100
  Number of duplicates                     :      0
  Number of niche violations               :      0
  Number of errors                         :      1


Doing GA, no. of population(s) 5 size 100 selection pressure 1.100000

 Operation      Fitness  S(hb_ext) S(vdw_ext)  S(hb_int)    S(int)      intcor
         0      37.64       0.04      30.25       0.00     -19.94      -9.96
        48      37.81       0.04      30.37       0.00     -19.94      -9.96
       913      38.09       0.06      30.62       0.00     -19.94      -9.96
      1348      38.64       0.09      31.20       0.00     -21.30      -9.96
      1408      39.17       1.62      30.89       0.00     -24.07      -9.96
      1763      39.09       1.60      30.98       0.00     -24.47      -9.96
      1789      40.86       0.30      32.53       0.00     -19.94      -9.96
      1958      40.92       0.66      32.93       0.00     -24.07      -9.96
Reordering...
      2220      40.38       0.29      32.25       0.00     -19.94      -9.96
      2339      40.58       0.20      32.46       0.00     -19.94      -9.96
      4397      40.75       0.56      30.06       0.00      -5.13      -9.96
Reordering...
      4440      39.91       0.19      32.19       0.00     -19.94      -9.96
      4704      40.35       0.08      32.59       0.00     -19.94      -9.96
      4828      41.44       1.10      33.39       0.00     -24.47      -9.96
      6994      42.17       0.13      33.54       0.00     -16.84      -9.96
      8042      43.16       0.56      31.87       0.00      -4.96      -9.96
      8307      43.19       0.56      31.91       0.00      -4.96      -9.96
      9243      43.09       0.53      31.87       0.00      -4.89      -9.96
      9978      43.23       0.57      31.96       0.00      -4.89      -9.96
     11744      43.83       0.92      33.72       0.00     -12.56      -9.96
     15354      42.68       0.92      33.18       0.00     -12.56      -9.96
Reordering...
     15540      41.82       0.15      32.69       0.00     -10.48      -9.96
     15912      42.15       0.15      32.93       0.00     -10.48      -9.96
Reordering...
     17760      41.64       0.00      32.60       0.00      -9.49      -9.96
Reordering...
     19980      41.15       0.00      32.39       0.00      -9.49      -9.96
Reordering...
     20720      41.07       0.00      32.39       0.00      -9.49      -9.96
     23203      40.94       0.00      32.46       0.00      -9.49      -9.96
     23410      41.04       0.00      32.53       0.00      -9.49      -9.96
     25933      40.38       0.00      32.23       0.00      -9.31      -9.96
     26607      40.82       0.71      32.58       0.00     -11.06      -9.96
     27577      39.99       0.67      32.15       0.00     -11.06      -9.96
     28442      39.91       0.67      32.17       0.00     -11.06      -9.96
Reordering...
     28860      39.35       0.00      31.74       0.00      -9.31      -9.96
     29297      39.41       0.00      31.79       0.00      -9.31      -9.96
     29402      39.49       0.64      32.06       0.00     -11.32      -9.96
Reordering...
     31080      38.86       0.00      31.60       0.00      -9.31      -9.96
     31367      39.14       0.00      31.64       0.00      -8.87      -9.96
     31683      39.46       0.00      30.97       0.00      -6.34      -9.96
     32123      39.44       0.00      31.00       0.00      -6.34      -9.96
     32493      40.45       0.00      31.74       0.00      -6.34      -9.96
     37644      39.68       0.00      31.47       0.00      -6.14      -9.96
     38403      39.56       0.00      31.53       0.00      -6.34      -9.96
     42203      38.66       0.00      31.26       0.00      -6.35      -9.96
     47893      37.97       0.00      31.26       0.00      -6.35      -9.96
     48048      38.10       0.00      31.35       0.00      -6.35      -9.96
     49092      37.90       0.00      30.99       0.00      -5.71      -9.96
     52391      37.49       0.00      31.58       0.00      -6.60      -9.96
Reordering...
     52540      37.37       0.00      30.99       0.00      -5.71      -9.96
     56003      37.14       0.00      31.34       0.00      -5.96      -9.96
     57741      37.38       0.00      31.60       0.00      -6.07      -9.96
     60510      37.38       0.00      31.60       0.00      -6.07      -9.96
     62376      37.70       0.00      30.94       0.00      -4.84      -9.96
     67386      37.76       0.00      31.14       0.00      -5.05      -9.96
     67626      37.78       0.00      31.15       0.00      -5.05      -9.96
     67690      38.03       0.00      31.15       0.00      -4.80      -9.96
     68397      39.64       0.00      31.79       0.00      -4.07      -9.96
     69012      39.66       0.00      31.65       0.00      -3.86      -9.96
     69687      39.82       0.00      31.67       0.00      -3.73      -9.96
     71626      39.93       0.00      32.09       0.00      -4.20      -9.96
     72936      40.09       0.00      32.21       0.00      -4.20      -9.96
     73766      40.10       0.00      32.21       0.00      -4.20      -9.96
--------------------------------------------------------------------------------
Best docking solution after GA:
     74000      40.10       0.00      32.21       0.00      -4.20      -9.96

#ops:      74000 #mutates:  35042 #cross:    35244 #migrate:   3714 
#dups:     12023 #niche:    41913 #errors:     191 
--------------------------------------------------------------------------------

Doing AMOEBA simplex on best individual
Done simplexing #iterations 870, best score  41.15

Ligand is stored in gold_soln_3nya_m1_3.mol2


--------------------------------------------------------------------------------
--- GoldScore breakdown of terms                                             ---
--------------------------------------------------------------------------------
Fitness = S(hb_ext) + 1.3750*S(vdw_ext) + S(hb_int) + 1.0000*S(int)
S(int)  = S(vdw_int) + S(tors)

Internal terms are relative to best energy found (intcor).

--------------------------------------------------------------------------------


     Fitness  S(hb_ext) S(vdw_ext)  S(hb_int)    S(int)      intcor
     41.15       0.00      32.77       0.00      -3.91      -9.96

--------------------------------------------------------------------------------
--- GoldScore analysis of protein-ligand interactions                        ---
--------------------------------------------------------------------------------


--------------------------------------------------------------------------------


--------------------------------------------------------------------------------
--- Chromosome decoded                                                       ---
--------------------------------------------------------------------------------
Ligand Torsions
[  19    1    4    2]   56.18
[   1    4    2    7] -160.81
[   4    2    7    8] -123.25
[  23    3    8    7]  173.76
[  25    6    4    1]   60.42
[  10    5    9    8]  170.78
[  11   10    5    9]   22.53    matched torsion: ortho-substituoed aromatic-aliphatic ether
[   2    7    8    3]  -62.26
[   3    8    9    5]   52.32
[  17   16   15   10]   76.83
[  18   17   16   15]   61.22
Protein Torsions
[4175 4166 4165 4163] -108.60 
[1294 1290 1288 1285] -119.90 
[4033 4024 4023 4021]   89.70 
[1412 1408 1406 1403]   40.38 
[2830 2825 2824 2821]  101.42 
[2723 2714 2713 2711]   49.81 
[2773 2768 2767 2764] -112.44 
Mapping
Ligand acceptors to protein hydrogens (mapping then atom ids)
Ligand hydrogens to protein acceptors (mapping then atom ids)
Ligand shape atoms to protein points (mapping then atom ids & coords)
  1  4114 [  1->(-30.750  10.750   6.750)]
  3  3126 [  6->(-32.500  10.250   7.500)]
  4  3704 [  7->(-31.500   8.500   6.750)]
  5  3153 [  8->(-32.250   6.500   8.000)]
  6  2894 [  9->(-32.750   7.250   7.000)]
  7  2236 [ 11->(-33.750   5.500   6.250)]
  9  1434 [ 13->(-34.750   3.250   8.750)]
 11  2352 [ 16->(-33.500   4.000  10.250)]
Chromosome values
Integers:
  -1   -1   -1   -1   -1 4113   -1 3125 3703 3152 2893 2235 
  -1 1433   -1 2351   -1   -1 
--------------------------------------------------------------------------------

Current Ranking  1  2  3

--------------------------------------------------------------------------------

* GA execution time :                                                           
  total 19.9999 user 19.9999 sys  0.0000

--------------------------------------------------------------------------------
Fitness function evaluations: 157741

--------------------------------------------------------------------------------
** Docking run number  4 **
--------------------------------------------------------------------------------
  Rank fitness base is 5000.00 ; increment is 11.2233

* Initialising population(s) ...                                                
Number of constraints mappings 0
Number of constraints 0
  Population no.                           :      1
  Population size                          :    100
  Number of duplicates                     :      0
  Number of niche violations               :      0

Number of constraints mappings 0
Number of constraints 0
  Population no.                           :      2
  Population size                          :    100
  Number of duplicates                     :      0
  Number of niche violations               :      0

Number of constraints mappings 0
Number of constraints 0
  Population no.                           :      3
  Population size                          :    100
  Number of duplicates                     :      0
  Number of niche violations               :      0
  Number of errors                         :      1

Number of constraints mappings 0
Number of constraints 0
  Population no.                           :      4
  Population size                          :    100
  Number of duplicates                     :      0
  Number of niche violations               :      0
  Number of errors                         :      1

Number of constraints mappings 0
Number of constraints 0
  Population no.                           :      5
  Population size                          :    100
  Number of duplicates                     :      0
  Number of niche violations               :      0
  Number of errors                         :      1


Doing GA, no. of population(s) 5 size 100 selection pressure 1.100000

 Operation      Fitness  S(hb_ext) S(vdw_ext)  S(hb_int)    S(int)      intcor
         0      36.57       1.82      27.28       0.00     -13.78      -9.96
       314      36.74       1.82      27.40       0.00     -13.78      -9.96
       676      37.20       0.09      31.06       0.00     -28.02      -9.96
      1203      37.19       6.25      26.45       0.00     -26.55      -9.96
      1598      37.38       6.29      26.62       0.00     -26.42      -9.96
      1826      39.89       0.00      31.65       0.00     -17.41      -9.96
      2031      40.97       0.00      32.44       0.00     -17.41      -9.96
      5287      40.53       1.04      31.91       0.00     -18.91      -9.96
      5817      40.53       1.04      31.92       0.00     -18.91      -9.96
      6177      40.67       1.04      32.09       0.00     -18.91      -9.96
      6227      40.88       1.04      32.24       0.00     -18.91      -9.96
      6338      40.94       1.40      32.95       0.00     -24.27      -9.96
      6528      41.11       1.40      33.07       0.00     -24.27      -9.96
Reordering...
      6660      39.94       1.02      31.64       0.00     -18.91      -9.96
      7555      39.86       0.87      30.74       0.00     -13.19      -9.96
      8235      41.10       0.22      32.16       0.00     -13.19      -9.96
      8301      41.85       0.32      34.35       0.00     -22.48      -9.96
      9126      41.15       0.73      32.10       0.00     -14.34      -9.96
      9430      41.24       1.46      32.48       0.00     -18.86      -9.96
      9855      41.14       1.46      32.48       0.00     -18.86      -9.96
     10531      41.09       0.75      32.15       0.00     -14.34      -9.96
     10891      41.17       0.35      34.03       0.00     -22.10      -9.96
     11006      41.52       0.52      34.70       0.00     -24.82      -9.96
     11646      41.41       0.36      34.84       0.00     -24.82      -9.96
     11656      41.55       0.36      34.94       0.00     -24.82      -9.96
     11896      41.55       1.09      32.36       0.00     -14.31      -9.96
     12041      41.68       1.09      32.43       0.00     -14.21      -9.96
     12055      41.86       0.00      32.19       0.00      -8.50      -9.96
     12830      43.82       0.86      34.36       0.00     -14.92      -9.96
     14863      44.10       2.04      34.83       0.00     -18.98      -9.96
     16016      43.74       0.66      36.65       0.00     -23.28      -9.96
Reordering...
     17020      43.42       2.03      34.63       0.00     -18.98      -9.96
     17171      43.95       0.80      36.93       0.00     -23.28      -9.96
     18181      44.02       0.50      37.32       0.00     -23.28      -9.96
     19176      44.00       0.50      37.42       0.00     -23.28      -9.96
     19812      44.52       0.00      34.45       0.00      -8.15      -9.96
     20187      44.53       0.00      34.84       0.00      -9.46      -9.96
     20328      44.83       0.05      35.11       0.00      -9.81      -9.96
     20848      44.82       0.00      35.20       0.00      -9.81      -9.96
     23748      44.42       0.28      34.94       0.00      -9.81      -9.96
     24388      44.61       0.32      35.05       0.00      -9.81      -9.96
     25402      44.34       0.39      34.82       0.00      -9.46      -9.96
     25586      44.41       0.38      34.88       0.00      -9.46      -9.96
     27646      44.07       0.36      34.83       0.00      -9.46      -9.96
     28102      44.08       0.38      34.82       0.00      -9.44      -9.96
     28277      44.08       0.42      34.86       0.00      -9.44      -9.96
     30380      43.76       0.44      34.75       0.00      -9.25      -9.96
     30631      43.76       0.34      34.63       0.00      -8.70      -9.96
     31347      43.77       0.30      35.00       0.00      -9.44      -9.96
     31910      44.62       6.79      31.84       0.00     -11.81      -9.96
     35000      43.36       6.73      31.35       0.00     -11.81      -9.96
     35246      43.56       1.43      31.37       0.00      -1.83      -9.96
     36591      43.51       1.68      31.23       0.00      -1.94      -9.96
     36621      43.61       1.42      31.44       0.00      -1.83      -9.96
     38226      43.65       1.37      31.58       0.00      -1.92      -9.96
     40206      43.57       1.36      31.59       0.00      -1.92      -9.96
     40246      43.58       1.36      31.60       0.00      -1.92      -9.96
     40531      44.04       1.42      31.90       0.00      -1.94      -9.96
     45030      45.92       7.34      33.06       0.00      -9.48      -9.96
     46200      47.50       6.88      34.76       0.00      -9.48      -9.96
     47550      48.69       6.99      35.77       0.00      -9.48      -9.96
     48790      49.93       6.69      35.97       0.00      -7.72      -9.96
     50310      49.29       6.67      35.73       0.00      -7.72      -9.96
     51490      48.71       6.64      35.53       0.00      -7.72      -9.96
     52070      49.51       8.00      35.23       0.00      -7.72      -9.96
     56926      48.71       7.97      35.30       0.00      -7.79      -9.89
     57365      52.22       6.33      34.99       0.00      -2.22      -9.89
     60199      52.25       6.33      35.07       0.00      -2.30      -9.80
     60725      52.28       6.33      35.09       0.00      -2.30      -9.80
     60984      52.30       6.33      35.10       0.00      -2.30      -9.80
     62090      52.99       8.04      34.37       0.00      -2.30      -9.80
     62810      52.99       8.04      34.40       0.00      -2.35      -9.76
     64535      53.06       8.04      34.45       0.00      -2.35      -9.76
     65820      53.36       5.89      36.23       0.00      -2.35      -9.76
     67650      53.55       5.89      36.37       0.00      -2.35      -9.76
     67765      53.80       5.89      36.56       0.00      -2.35      -9.76
     68470      54.26       6.69      36.39       0.00      -2.46      -9.76
     68795      54.44       8.25      35.30       0.00      -2.35      -9.76
     68811      54.58       7.28      36.11       0.00      -2.35      -9.76
     68995      54.64       5.32      37.51       0.00      -2.26      -9.76
     69195      55.00       5.32      37.78       0.00      -2.26      -9.76
     69260      57.89       8.07      37.87       0.00      -2.26      -9.76
     69700      57.89       8.07      37.87       0.00      -2.26      -9.76
     69710      58.10       8.07      38.03       0.00      -2.26      -9.76
     70751      58.14       8.07      38.06       0.00      -2.26      -9.76
     70775      58.30       8.20      38.08       0.00      -2.26      -9.76
     70840      58.30       8.20      38.08       0.00      -2.26      -9.76
     71876      58.62       8.72      38.27       0.00      -2.71      -9.76
     72192      59.30       8.88      38.66       0.00      -2.75      -9.76
     72658      59.65       9.04      38.92       0.00      -2.91      -9.76
     73739      59.73       8.30      39.49       0.00      -2.87      -9.76
--------------------------------------------------------------------------------
Best docking solution after GA:
     74000      59.73       8.30      39.49       0.00      -2.87      -9.76

#ops:      74000 #mutates:  35202 #cross:    35067 #migrate:   3731 
#dups:     14171 #niche:    46895 #errors:     145 
--------------------------------------------------------------------------------

Doing AMOEBA simplex on best individual
Done simplexing #iterations 1059, best score  62.02

Ligand is stored in gold_soln_3nya_m1_4.mol2


--------------------------------------------------------------------------------
--- GoldScore breakdown of terms                                             ---
--------------------------------------------------------------------------------
Fitness = S(hb_ext) + 1.3750*S(vdw_ext) + S(hb_int) + 1.0000*S(int)
S(int)  = S(vdw_int) + S(tors)

Internal terms are relative to best energy found (intcor).

--------------------------------------------------------------------------------


     Fitness  S(hb_ext) S(vdw_ext)  S(hb_int)    S(int)      intcor
     62.02       8.76      40.39       0.00      -2.27      -9.76

--------------------------------------------------------------------------------
--- GoldScore analysis of protein-ligand interactions                        ---
--------------------------------------------------------------------------------

  Ligand acceptor    2 Protein hydrogen 4175 donor 4166 bond energy  2.00 wt 0.03
  Ligand acceptor    3 Protein hydrogen 4104 donor 4097 bond energy  2.00 wt 0.52
  Ligand donor    2 hydrogen   22 Protein acceptor 1335 bond energy  6.00 wt 0.35
  Ligand donor    3 hydrogen   23 Protein acceptor 1334 bond energy  6.00 wt 0.93

--------------------------------------------------------------------------------


--------------------------------------------------------------------------------
--- Chromosome decoded                                                       ---
--------------------------------------------------------------------------------
Ligand Torsions
[  19    1    4    2] -169.99
[   1    4    2    7]  -62.63
[   4    2    7    8] -160.63
[  23    3    8    7]  -57.78
[  25    6    4    1]   64.84
[  10    5    9    8]  156.34
[  11   10    5    9]   21.45    matched torsion: ortho-substituoed aromatic-aliphatic ether
[   2    7    8    3]  -38.46
[   3    8    9    5] -176.62
[  17   16   15   10] -138.99
[  18   17   16   15] -121.41
Protein Torsions
[4175 4166 4165 4163] -131.20 
[1294 1290 1288 1285]  -64.35 
[4033 4024 4023 4021]   33.75 
[1412 1408 1406 1403]  -65.60 
[2830 2825 2824 2821]  125.04 
[2723 2714 2713 2711] -156.57 
[2773 2768 2767 2764] -147.84 
Mapping
Ligand acceptors to protein hydrogens (mapping then atom ids)
  2   4 [  3->4104]
Ligand hydrogens to protein acceptors (mapping then atom ids)
  1   2 [ 22->1335]
  2   5 [ 23->1334]
Ligand shape atoms to protein points (mapping then atom ids & coords)
  3  2218 [  6->(-33.750   5.250   7.750)]
  6  4295 [  9->(-30.250  11.000   7.500)]
  8  4813 [ 12->(-27.750  13.250   5.500)]
  9  5422 [ 13->(-26.500  11.250   5.250)]
 11  4880 [ 16->(-27.500  10.250   6.500)]
 12  5626 [ 17->(-26.000   9.500   7.000)]
 13  5758 [ 18->(-25.500   8.250   6.250)]
Chromosome values
Integers:
  -1    3   -1    1    4   -1   -1 2217   -1   -1 4294   -1 
4812 5421   -1 4879 5625 5757 
--------------------------------------------------------------------------------

Current Ranking  1  4  2  3

Top  3 (of  4) solutions are within 1.000 RMSD, finishing docking C:/Users/student/Desktop/Dokowanko/beta2/ligandy/3nya.mol2.


--------------------------------------------------------------------------------

* GA execution time :                                                           
  total 20.0004 user 20.0003 sys  0.0000

--------------------------------------------------------------------------------
Fitness function evaluations: 157741

--------------------------------------------------------------------------------
--- Ranking analysis                                                         ---
--------------------------------------------------------------------------------


* Final ranked order of GA solutions:                                           
   1  4  2  3 

  _______________________________
  RMSD Matrix of RANKED solutions

        2    3    4  

   1 :  0.5  0.3  8.4
   2 :       0.6  8.3
   3 :            8.3

  Clustering method                        : complete linkage
  Structure ids in cluster table           : rank nos.
  Ordering of clusters and their members   : by rank (order if from rms_analysis)

  Distance | Clusters
   0.25    |  1  3 |  2 |  4 |
   0.58    |  1  2  3 |  4 |
   8.37    |  1  2  3  4 |
  Finished Docking Ligand                  : C:/Users/student/Desktop/Dokowanko/beta2/ligandy/3nya.mol2
--------------------------------------------------------------------------------

  Relative_Ligand_Energy (best encountered) :  -9.761
  Relative_Ligand_Energy: fitness values have been corrected using this amount
