
--------------------------------------------------------------------------------
--- Ligand                                                                   ---
--------------------------------------------------------------------------------
  Ligand loaded from file                  : C:/Users/student/Desktop/project/beta1/ligandy/2y00.mol2
  Ligand name                              :  
  "C:\Users\porto\OneDrive\projekt\beta1\ligandy\2y00 2y00 1                "

--------------------------------------------------------------------------------
  N.plc donors                             : 
  none found

  Acidic nitrogen acceptors                : 
  none found
  Sulfur acceptors                         :
  none found


  Donor atoms                              :      4
  2   3   5   7   
  Acceptor atoms                           :      4
  2   3   5   7   

  Hydrogens                                :  (n = 4)
  25   26   27   29   

  Lone pairs added to molecule             :      7
  Numbering                                : from 46 to 52

* Rotatable bonds in C:/Users/student/Des  :  none found

--------------------------------------------------------------------------------
--- Shape fitting atoms selection (hydrophobic atoms)                        ---
--------------------------------------------------------------------------------
  Molecule                                 : C:/Users/student/Desktop/project/beta1/ligandy/2y00.mol2
  Selection                                : carbons only
  Atom numbers                             :  (n = 13)
  1    6    8    11   12   13   14   15   16   18   
  19   21   22   


--------------------------------------------------------------------------------
--- ChemScore ligand setup summary                                           ---
--------------------------------------------------------------------------------
  ChemScore ligand acceptors               :      4
  2 3 5 7 
  ChemScore ligand donors                  :      4
  2 ( 25  ) 3 ( 26  ) 5 ( 27  ) 7 ( 29  ) 
  ChemScore ligand CH donors               :      0
  

  ChemScore ligand lipophilic atoms        :  (n = 18)
  1    4    6    8    9    10   11   12   13   14   
  15   16   17   18   19   20   21   22   

  ChemScore ligand rotatable bonds         :      0

--------------------------------------------------------------------------------
--- PLP ligand setup summary                                                 ---
--------------------------------------------------------------------------------
    1    C1   C.3 NONPOLAR
    2    N1   N.3 DONACC
    3    O1   O.3 DONACC
    4    C2  C.ar NONPOLAR
    5    O2   O.3 DONACC
    6    C3  C.ar NONPOLAR
    7    O3   O.3 DONACC
    8    C4  C.ar NONPOLAR
    9    C5  C.ar NONPOLAR
   10    C6  C.ar NONPOLAR
   11    C7  C.ar NONPOLAR
   12    C8   C.3 NONPOLAR
   13    C9   C.3 NONPOLAR
   14   C10   C.3 NONPOLAR
   15   C11   C.3 NONPOLAR
   16   C12   C.3 NONPOLAR
   17   C13  C.ar NONPOLAR
   18   C14  C.ar NONPOLAR
   19   C15  C.ar NONPOLAR
   20   C16  C.ar NONPOLAR
   21   C17  C.ar NONPOLAR
   22   C18  C.ar NONPOLAR

--------------------------------------------------------------------------------
--- Automatic parameter setting                                              ---
--------------------------------------------------------------------------------
  Contribution base                        :   2500
  Contribution per rotatable bond          :   6000
  Contribution per df                      :   4000
  Contribution per water                   :  10000
  Ligand rotatable bonds                   :      0
  Protein flexible side chain bonds        :      0
  Total rotatable bonds                    :      0
  Hydrophobic vol ratio (P/L)              :   1.364
  Base multiplier (polar)                  :   1.600
  Base multiplier (apolar)                 :   3.546
  Base contribution                        : 12500.000
  Fitting points                           :      8
  Estimated maxops needed (optimal)        :  13000

--------------------------------------------------------------------------------

* Population settings                                                           
  maxops                                   :  13000
  popsiz                                   :    100
  select_pressure                          :   1.100
  n_islands                                :      1
  niche_siz                                :      2

* GA settings                                                                   
  pt_crosswt                               :     95
  allele_mutatewt                          :     95
  migratewt                                :     10

* Search settings                                                               
  start_vdw_linear_cutoff                  :   4.000
  initial_virtual_pt_match_max             :   3.000

--------------------------------------------------------------------------------

* Ligand initialisation time :                                                  
  total  0.0000 user  0.0000 sys  0.0000

--------------------------------------------------------------------------------

--------------------------------------------------------------------------------
** Docking run number  1 **
--------------------------------------------------------------------------------
  Rank fitness base is 5000.00 ; increment is 11.2233

* Initialising population(s) ...                                                
Number of constraints mappings 0
Number of constraints 0
  Population no.                           :      1
  Population size                          :    100
  Number of duplicates                     :      0
  Number of niche violations               :      7
  Number of errors                         :    176


Doing GA, no. of population(s) 1 size 100 selection pressure 1.100000

 Operation      Score     S(PLP)   S(hbond)     S(cho)   S(metal)  DE(clash)   DE(tors)     intcor
         0      60.46     -58.10       0.79       0.00       0.00       0.00       0.00       0.00
       793      61.76     -58.84       0.98       0.00       0.00       0.00       0.00       0.00
       948      62.57     -60.32       0.75       0.00       0.00       0.00       0.00       0.00
      1297      62.98     -61.22       0.59       0.00       0.00       0.00       0.00       0.00
      1578      63.03     -60.45       0.86       0.00       0.00       0.00       0.00       0.00
      1840      63.45     -61.30       0.71       0.00       0.00       0.00       0.00       0.00
      1944      63.53     -61.24       0.76       0.00       0.00       0.00       0.00       0.00
      2130      63.82     -61.29       0.84       0.00       0.00       0.00       0.00       0.00
      2217      64.03     -61.40       0.88       0.00       0.00       0.00       0.00       0.00
      2428      64.46     -62.16       0.76       0.00       0.00       0.00       0.00       0.00
      5288      64.47     -63.18       0.43       0.00       0.00       0.00       0.00       0.00
      5931      64.63     -62.09       0.84       0.00       0.00       0.00       0.00       0.00
     11866      64.68     -62.44       0.75       0.00       0.00       0.00       0.00       0.00
     11888      64.70     -62.41       0.76       0.00       0.00       0.00       0.00       0.00
     12883      64.78     -62.21       0.86       0.00       0.00       0.00       0.00       0.00
--------------------------------------------------------------------------------
Best docking solution after GA:
     13000      64.78     -62.21       0.86       0.00       0.00       0.00       0.00       0.00

#ops:      13000 #mutates:   6111 #cross:     6241 #migrate:    648 
#dups:      7823 #niche:     8658 #errors:      45 
--------------------------------------------------------------------------------

Doing AMOEBA simplex on best individual
Done simplexing #iterations 205, best score  65.05

Ligand is stored in gold_soln_2y00_m1_1.mol2


--------------------------------------------------------------------------------
--- CHEMPLP breakdown of terms                                               ---
--------------------------------------------------------------------------------
CHEMPLP = - ( 1.0000*S(PLP) + -3.0000*S(hbond) + -6.0000*S(metal) + -3.0000*S(cho) )

Score = CHEMPLP - 1.0000*DE(clash) - 2.0000*DE(tors)

Internal energy term has been corrected with the best internal energy encountered.

--------------------------------------------------------------------------------


     Score     S(PLP)   S(hbond)     S(cho)   S(metal)  DE(clash)   DE(tors)     intcor
     65.05     -62.90       0.71       0.00       0.00       0.00       0.00       0.00

--------------------------------------------------------------------------------
--- PLP analysis of protein-ligand interactions                              ---
--------------------------------------------------------------------------------
hydrogen bonding        :      -1.90
metal                   :       0.00
buried (polar-nonpolar) :      -3.19
nonpolar                :     -57.59
repulsive               :       0.00
--------------------------------------------------------------------------------


--------------------------------------------------------------------------------
--- ChemScore analysis of protein-ligand interactions                        ---
--------------------------------------------------------------------------------

* Hydrogen bonds                                                                
Ligand donor    2 hydrogen   25 Protein acceptor 2066 bond energy  1.00 wt 0.71


* CH..O interactions                                                            
  CH group selection                       : activated ring CH (adjacent to hetatom)

--------------------------------------------------------------------------------


--------------------------------------------------------------------------------
--- Intra-ligand clashes                                                     ---
--------------------------------------------------------------------------------

Ligand
--------------------------------------------------------------------------------


--------------------------------------------------------------------------------
--- Chromosome decoded                                                       ---
--------------------------------------------------------------------------------
Mapping
Ligand acceptors to protein hydrogens (mapping then atom ids)
Ligand hydrogens to protein acceptors (mapping then atom ids)
  1   3 [ 25->2066]
Ligand shape atoms to protein points (mapping then atom ids & coords)
  1  2922 [  1->(-24.000   5.250  16.500)]
  2  1580 [  6->(-24.500   4.250  15.250)]
  3  5930 [  8->(-23.000   4.250  14.500)]
  4  3611 [ 11->(-23.750   4.500  13.500)]
  5  5414 [ 12->(-23.250   8.500  16.750)]
  6  8132 [ 13->(-21.500   9.250  19.000)]
  7  8614 [ 14->(-20.500   8.500  18.250)]
  8  8170 [ 15->(-21.500  10.750  18.750)]
  9  6872 [ 16->(-22.750   9.750  19.250)]
 10   541 [ 18->(-25.250  10.250  22.250)]
 12  1399 [ 21->(-24.750  10.750  23.000)]
 13  4771 [ 22->(-23.500  10.500  23.250)]
Chromosome values
Integers:
  -1   -1   -1   -1    2   -1   -1   -1 2921 1579 5929 3610 
5413 8131 8613 8169 6871  540   -1 1398 4770 
--------------------------------------------------------------------------------

Current Ranking  1

--------------------------------------------------------------------------------

* GA execution time :                                                           
  total  0.9997 user  0.9997 sys  0.0000

--------------------------------------------------------------------------------
Fitness function evaluations: 21340

--------------------------------------------------------------------------------
** Docking run number  2 **
--------------------------------------------------------------------------------
  Rank fitness base is 5000.00 ; increment is 11.2233

* Initialising population(s) ...                                                
Number of constraints mappings 0
Number of constraints 0
  Population no.                           :      1
  Population size                          :    100
  Number of duplicates                     :      0
  Number of niche violations               :      6
  Number of errors                         :    170


Doing GA, no. of population(s) 1 size 100 selection pressure 1.100000

 Operation      Score     S(PLP)   S(hbond)     S(cho)   S(metal)  DE(clash)   DE(tors)     intcor
         0      53.96     -53.96       0.00       0.00       0.00       0.00       0.00       0.00
        46      54.58     -54.43       0.05       0.00       0.00       0.00       0.00       0.00
       102      55.65     -55.29       0.12       0.00       0.00       0.00       0.00       0.00
       212      57.11     -55.94       0.39       0.00       0.00       0.00       0.00       0.00
       239      58.71     -56.58       0.71       0.00       0.00       0.00       0.00       0.00
       361      58.91     -57.06       0.62       0.00       0.00       0.00       0.00       0.00
       767      60.02     -59.10       0.31       0.00       0.00       0.00       0.00       0.00
       817      60.42     -59.78       0.21       0.00       0.00       0.00       0.00       0.00
       826      60.58     -59.90       0.23       0.00       0.00       0.00       0.00       0.00
       835      60.59     -59.57       0.34       0.00       0.00       0.00       0.00       0.00
      1071      61.88     -59.95       0.64       0.00       0.00       0.00       0.00       0.00
      1147      61.92     -59.99       0.64       0.00       0.00       0.00       0.00       0.00
      1236      62.98     -61.56       0.47       0.00       0.00       0.00       0.00       0.00
      2402      63.05     -61.85       0.40       0.00       0.00       0.00       0.00       0.00
      2435      63.73     -62.98       0.25       0.00       0.00       0.00       0.00       0.00
      3775      63.75     -62.93       0.27       0.00       0.00       0.00       0.00       0.00
      4019      63.81     -61.89       0.64       0.00       0.00       0.00       0.00       0.00
      4275      63.83     -62.46       0.45       0.00       0.00       0.00       0.00       0.00
      4396      63.94     -61.95       0.66       0.00       0.00       0.00       0.00       0.00
      4677      64.14     -63.10       0.35       0.00       0.00       0.00       0.00       0.00
      4834      64.22     -63.09       0.38       0.00       0.00       0.00       0.00       0.00
      5581      64.39     -62.22       0.72       0.00       0.00       0.00       0.00       0.00
      6423      64.47     -62.75       0.57       0.00       0.00       0.00       0.00       0.00
      6724      64.58     -63.18       0.47       0.00       0.00       0.00       0.00       0.00
      7026      64.85     -63.09       0.59       0.00       0.00       0.00       0.00       0.00
      7063      64.88     -62.44       0.81       0.00       0.00       0.00       0.00       0.00
--------------------------------------------------------------------------------
Best docking solution after GA:
     13000      64.88     -62.44       0.81       0.00       0.00       0.00       0.00       0.00

#ops:      13000 #mutates:   6137 #cross:     6197 #migrate:    666 
#dups:      7306 #niche:     8949 #errors:      36 
--------------------------------------------------------------------------------

Doing AMOEBA simplex on best individual
Done simplexing #iterations 144, best score  64.88

Ligand is stored in gold_soln_2y00_m1_2.mol2


--------------------------------------------------------------------------------
--- CHEMPLP breakdown of terms                                               ---
--------------------------------------------------------------------------------
CHEMPLP = - ( 1.0000*S(PLP) + -3.0000*S(hbond) + -6.0000*S(metal) + -3.0000*S(cho) )

Score = CHEMPLP - 1.0000*DE(clash) - 2.0000*DE(tors)

Internal energy term has been corrected with the best internal energy encountered.

--------------------------------------------------------------------------------


     Score     S(PLP)   S(hbond)     S(cho)   S(metal)  DE(clash)   DE(tors)     intcor
     64.88     -62.44       0.81       0.00       0.00       0.00       0.00       0.00

--------------------------------------------------------------------------------
--- PLP analysis of protein-ligand interactions                              ---
--------------------------------------------------------------------------------
hydrogen bonding        :      -2.00
metal                   :       0.00
buried (polar-nonpolar) :      -3.25
nonpolar                :     -57.66
repulsive               :       0.00
--------------------------------------------------------------------------------


--------------------------------------------------------------------------------
--- ChemScore analysis of protein-ligand interactions                        ---
--------------------------------------------------------------------------------

* Hydrogen bonds                                                                
Ligand donor    2 hydrogen   25 Protein acceptor 2066 bond energy  1.00 wt 0.81


* CH..O interactions                                                            
  CH group selection                       : activated ring CH (adjacent to hetatom)

--------------------------------------------------------------------------------


--------------------------------------------------------------------------------
--- Intra-ligand clashes                                                     ---
--------------------------------------------------------------------------------

Ligand
--------------------------------------------------------------------------------


--------------------------------------------------------------------------------
--- Chromosome decoded                                                       ---
--------------------------------------------------------------------------------
Mapping
Ligand acceptors to protein hydrogens (mapping then atom ids)
Ligand hydrogens to protein acceptors (mapping then atom ids)
  1   3 [ 25->2066]
Ligand shape atoms to protein points (mapping then atom ids & coords)
  1  5369 [  1->(-23.250   7.000  17.000)]
  2  4325 [  6->(-23.500   3.250  14.000)]
  3  3505 [  8->(-23.750   3.250  14.250)]
  4  5311 [ 11->(-23.250   6.000  15.500)]
  6  8132 [ 13->(-21.500   9.250  19.000)]
  7  8429 [ 14->(-21.000   9.750  17.500)]
 10  2585 [ 18->(-24.250  13.250  20.500)]
 11  1451 [ 19->(-24.750  12.750  21.000)]
 12  3927 [ 21->(-23.750   9.000  24.000)]
 13  1244 [ 22->(-24.750   8.500  23.000)]
Chromosome values
Integers:
  -1   -1   -1   -1    2   -1   -1   -1 5368 4324 3504 5310 
  -1 8131 8428   -1   -1 2584 1450 3926 1243 
--------------------------------------------------------------------------------

Current Ranking  1  2

--------------------------------------------------------------------------------

* GA execution time :                                                           
  total  0.9997 user  0.9997 sys  0.0000

--------------------------------------------------------------------------------
Fitness function evaluations: 21500

--------------------------------------------------------------------------------
** Docking run number  3 **
--------------------------------------------------------------------------------
  Rank fitness base is 5000.00 ; increment is 11.2233

* Initialising population(s) ...                                                
Number of constraints mappings 0
Number of constraints 0
  Population no.                           :      1
  Population size                          :    100
  Number of duplicates                     :      0
  Number of niche violations               :      9
  Number of errors                         :    170


Doing GA, no. of population(s) 1 size 100 selection pressure 1.100000

 Operation      Score     S(PLP)   S(hbond)     S(cho)   S(metal)  DE(clash)   DE(tors)     intcor
         0      52.17     -52.17       0.00       0.00       0.00       0.00       0.00       0.00
        87      52.25     -49.25       1.00       0.00       0.00       0.00       0.00       0.00
       105      52.50     -50.35       0.71       0.00       0.00       0.00       0.00       0.00
       198      54.65     -51.65       1.00       0.00       0.00       0.00       0.00       0.00
       277      55.98     -55.98       0.00       0.00       0.00       0.00       0.00       0.00
       537      60.40     -60.40       0.00       0.00       0.00       0.00       0.00       0.00
      2366      60.66     -58.17       0.83       0.00       0.00       0.00       0.00       0.00
      3249      60.72     -58.52       0.73       0.00       0.00       0.00       0.00       0.00
      3263      61.03     -59.47       0.52       0.00       0.00       0.00       0.00       0.00
      3583      61.30     -59.98       0.44       0.00       0.00       0.00       0.00       0.00
      3725      61.74     -59.11       0.88       0.00       0.00       0.00       0.00       0.00
      4355      62.76     -60.33       0.81       0.00       0.00       0.00       0.00       0.00
      5060      63.75     -62.21       0.51       0.00       0.00       0.00       0.00       0.00
      7730      63.95     -62.62       0.44       0.00       0.00       0.00       0.00       0.00
     12754      64.14     -61.41       0.91       0.00       0.00       0.00       0.00       0.00
--------------------------------------------------------------------------------
Best docking solution after GA:
     13000      64.14     -61.41       0.91       0.00       0.00       0.00       0.00       0.00

#ops:      13000 #mutates:   6140 #cross:     6241 #migrate:    619 
#dups:      6546 #niche:     7926 #errors:      54 
--------------------------------------------------------------------------------

Doing AMOEBA simplex on best individual
Done simplexing #iterations 222, best score  64.60

Ligand is stored in gold_soln_2y00_m1_3.mol2


--------------------------------------------------------------------------------
--- CHEMPLP breakdown of terms                                               ---
--------------------------------------------------------------------------------
CHEMPLP = - ( 1.0000*S(PLP) + -3.0000*S(hbond) + -6.0000*S(metal) + -3.0000*S(cho) )

Score = CHEMPLP - 1.0000*DE(clash) - 2.0000*DE(tors)

Internal energy term has been corrected with the best internal energy encountered.

--------------------------------------------------------------------------------


     Score     S(PLP)   S(hbond)     S(cho)   S(metal)  DE(clash)   DE(tors)     intcor
     64.60     -61.97       0.88       0.00       0.00       0.00       0.00       0.00

--------------------------------------------------------------------------------
--- PLP analysis of protein-ligand interactions                              ---
--------------------------------------------------------------------------------
hydrogen bonding        :      -1.97
metal                   :       0.00
buried (polar-nonpolar) :      -0.71
nonpolar                :     -59.88
repulsive               :       0.00
--------------------------------------------------------------------------------


--------------------------------------------------------------------------------
--- ChemScore analysis of protein-ligand interactions                        ---
--------------------------------------------------------------------------------

* Hydrogen bonds                                                                
Ligand donor    2 hydrogen   25 Protein acceptor 2066 bond energy  1.00 wt 0.88


* CH..O interactions                                                            
  CH group selection                       : activated ring CH (adjacent to hetatom)

--------------------------------------------------------------------------------


--------------------------------------------------------------------------------
--- Intra-ligand clashes                                                     ---
--------------------------------------------------------------------------------

Ligand
--------------------------------------------------------------------------------


--------------------------------------------------------------------------------
--- Chromosome decoded                                                       ---
--------------------------------------------------------------------------------
Mapping
Ligand acceptors to protein hydrogens (mapping then atom ids)
Ligand hydrogens to protein acceptors (mapping then atom ids)
  1   3 [ 25->2066]
Ligand shape atoms to protein points (mapping then atom ids & coords)
  1  4615 [  1->(-23.500   6.750  16.000)]
  2  3648 [  6->(-23.750   4.750  16.000)]
  3  6554 [  8->(-22.750   3.250  14.500)]
  6  7743 [ 13->(-22.000   8.750  17.500)]
  7  8527 [ 14->(-20.750   9.000  18.000)]
  8  8122 [ 15->(-21.500   9.000  19.000)]
 10  1874 [ 18->(-24.500  10.250  21.750)]
 13  1857 [ 22->(-24.500  10.000  21.750)]
Chromosome values
Integers:
  -1   -1   -1   -1    2   -1   -1   -1 4614 3647 6553   -1 
  -1 7742 8526 8121   -1 1873   -1   -1 1856 
--------------------------------------------------------------------------------

Current Ranking  1  2  3

Top  3 (of  3) solutions are within 1.000 RMSD, finishing docking C:/Users/student/Desktop/project/beta1/ligandy/2y00.mol2.


--------------------------------------------------------------------------------

* GA execution time :                                                           
  total  0.0007 user  0.0006 sys  0.0000

--------------------------------------------------------------------------------
Fitness function evaluations: 21581

--------------------------------------------------------------------------------
--- Ranking analysis                                                         ---
--------------------------------------------------------------------------------


* Final ranked order of GA solutions:                                           
   1  2  3 

  _______________________________
  RMSD Matrix of RANKED solutions

        2    3  

   1 :  0.1  0.2
   2 :       0.3

  Clustering method                        : complete linkage
  Structure ids in cluster table           : rank nos.
  Ordering of clusters and their members   : by rank (order if from rms_analysis)

  Distance | Clusters
   0.12    |  1  2 |  3 |
   0.33    |  1  2  3 |
  Finished Docking Ligand                  : C:/Users/student/Desktop/project/beta1/ligandy/2y00.mol2
--------------------------------------------------------------------------------

  Relative_Ligand_Energy (best encountered) :   0.000
  Relative_Ligand_Energy: fitness values have been corrected using this amount
