# WARNING: atom    7 in C:/Users/student/Desktop/Dokowanko/beta1/ligandy/3zpq.mol2 is type  N.ar resetting to type N.pl3 (set_atom_type)

--------------------------------------------------------------------------------
--- Ligand                                                                   ---
--------------------------------------------------------------------------------
  Ligand loaded from file                  : C:/Users/student/Desktop/Dokowanko/beta1/ligandy/3zpq.mol2
  Ligand name                              :  
  "C:\Users\porto\OneDrive\projekt\beta1\ligandy\L_3zpq.pdb L_3zpq.pdb 1    "

--------------------------------------------------------------------------------
  N.plc donors                             : 
  pro:    7 
  

  Acidic nitrogen acceptors                : 
  none found
  Sulfur acceptors                         :
  none found


  Donor atoms                              :      2
  7   13  
  Acceptor atoms                           :      1
  13  

  Hydrogens                                :  (n = 2)
  20   26   

  Lone pairs added to molecule             :      1
  Numbering                                : from 31 to 31

--------------------------------------------------------------------------------
--- Postprocessing of typing                                                 ---
--------------------------------------------------------------------------------
  Fragment file                            : C:\Program Files (x86)\CCDC/GoldSuite_2018\GOLD\gold\rotatable_bond_override.mol2
  acylurea fragment                        : no matches
  thioacylthiourea fragment                : no matches
  acylthiourea fragment                    : no matches
  thioacylurea fragment                    : no matches
  diarylamine fragment >C.ar-NH-C.ar<      : no matches
  sec-amine (1) fragment                   : no matches
  sec-amine (2) fragment                   : 1 matches
  Ligand bond 10-3  set to 1
  Ligand bond 10-11  set to 1
  Ligand bond 10-15  set to 1
  sec-amine (3) fragment                   : no matches
  carboxylic ester                         : no matches

* Rotatable bonds in C:/Users/student/Des  :
  [   3   10] 
  No. of rotatable bonds                   :      1


* Fragments found in C:/Users/student/Des  :
  atom   1: benzene
  atom   2: benzene
  atom   3: benzene
  atom   4: benzene
  atom   8: benzene
  atom   9: benzene


* Checking torsion distributions:                                               
  No. of matched torsions                  :      0

--------------------------------------------------------------------------------
--- Shape fitting atoms selection (hydrophobic atoms)                        ---
--------------------------------------------------------------------------------
  Molecule                                 : C:/Users/student/Desktop/Dokowanko/beta1/ligandy/3zpq.mol2
  Selection                                : carbons only
  Atom numbers                             :  (n = 9)
  1    2    5    6    9    11   12   14   15   

--------------------------------------------------------------------------------
--- Automatic parameter setting                                              ---
--------------------------------------------------------------------------------
  Contribution base                        :   2500
  Contribution per rotatable bond          :   6000
  Contribution per df                      :   4000
  Contribution per water                   :  10000
  Ligand rotatable bonds                   :      1
  Protein flexible side chain bonds        :      0
  Total rotatable bonds                    :      1
  Hydrophobic vol ratio (P/L)              :   1.970
  Base multiplier (polar)                  :   0.600
  Base multiplier (apolar)                 :   3.546
  Base contribution                        : 10000.000
  Fitting points                           :      3
  Estimated maxops needed (optimal)        :  16500

--------------------------------------------------------------------------------

* Population settings                                                           
  maxops                                   :  16500
  popsiz                                   :    100
  select_pressure                          :   1.100
  n_islands                                :      1
  niche_siz                                :      2

* GA settings                                                                   
  pt_crosswt                               :     95
  allele_mutatewt                          :     95
  migratewt                                :     10

* Search settings                                                               
  start_vdw_linear_cutoff                  :   6.000
  initial_virtual_pt_match_max             :   3.000
  Scaling of internal VDW energy           : log scale from  0.2 to    1
                                             over 12375 ops
  Sampling interval (operations)           :    165
  Scaling of virtual pt maximum length     : linear scale from    3 to    2
                                             over 12375 ops
  Sampling interval (operations)           :    495
  Scaling of 4-8 potential cutoff          : log scale from    6 to 1.2e+002
                                             over 12375 ops
  Sampling interval (operations)           :    495

--------------------------------------------------------------------------------

* Ligand initialisation time :                                                  
  total  0.0000 user  0.0000 sys  0.0000

--------------------------------------------------------------------------------

--------------------------------------------------------------------------------
** Docking run number  1 **
--------------------------------------------------------------------------------
  Rank fitness base is 5000.00 ; increment is 11.2233

* Initialising population(s) ...                                                
Number of constraints mappings 0
Number of constraints 0
  Population no.                           :      1
  Population size                          :    100
  Number of duplicates                     :      0
  Number of niche violations               :      0
  Number of errors                         :    378


Doing GA, no. of population(s) 1 size 100 selection pressure 1.100000

 Operation      Fitness  S(hb_ext) S(vdw_ext)  S(hb_int)    S(int)      intcor
         0      30.44       0.00      23.07       0.00      -6.46      -3.77
        52      31.80       0.00      23.34       0.00      -1.49      -3.77
       474      32.96       0.00      24.20       0.00      -1.49      -3.77
       612      33.29       0.00      24.25       0.00      -0.25      -3.77
       909      33.30       0.05      24.21       0.00      -0.15      -3.77
      1213      33.61       0.00      24.45       0.00      -0.05      -3.77
Reordering...
      1485      33.36       0.08      24.30       0.00      -0.53      -3.77
      1757      34.54       0.60      24.69       0.00      -0.02      -3.77
      1932      34.77       0.29      25.08       0.00      -0.02      -3.77
      2062      34.82       0.64      24.88       0.00      -0.13      -3.77
Reordering...
      2475      34.58       1.14      24.35       0.00      -0.13      -3.77
      3743      34.18       0.40      24.60       0.00      -0.15      -3.77
      3902      34.80       0.86      24.81       0.00      -0.53      -3.77
Reordering...
      4455      34.23       0.09      24.84       0.00      -0.08      -3.77
      4581      34.24       0.00      24.90       0.00       0.00      -3.77
      5627      34.25       0.03      24.96       0.00      -0.25      -3.77
Reordering...
      6105      34.24       0.00      24.90       0.00       0.00      -3.77
      7819      34.56       0.07      25.09       0.00      -0.01      -3.77
      8004      34.63       0.07      25.16       0.00      -0.07      -3.77
      8118      34.99       0.51      25.18       0.00      -0.25      -3.77
Reordering...
      9075      34.97       0.49      25.11       0.00      -0.07      -3.77
      9240      35.28       0.33      25.42       0.00       0.00      -3.77
     10138      35.40       0.35      25.62       0.00      -0.25      -3.77
     11263      35.40       0.12      25.75       0.00      -0.15      -3.77
     11275      35.49       0.29      25.70       0.00      -0.15      -3.77
     12037      36.31       0.26      26.22       0.00       0.00      -3.77
--------------------------------------------------------------------------------
Best docking solution after GA:
     16500      36.30       0.26      26.22       0.00       0.00      -3.77

#ops:      16500 #mutates:   7828 #cross:     7808 #migrate:    864 
#dups:      6576 #niche:     6568 #errors:     199 
--------------------------------------------------------------------------------

Doing AMOEBA simplex on best individual
Done simplexing #iterations 403, best score  36.99

Ligand is stored in gold_soln_3zpq_m1_1.mol2


--------------------------------------------------------------------------------
--- GoldScore breakdown of terms                                             ---
--------------------------------------------------------------------------------
Fitness = S(hb_ext) + 1.3750*S(vdw_ext) + S(hb_int) + 1.0000*S(int)
S(int)  = S(vdw_int) + S(tors)

Internal terms are relative to best energy found (intcor).

--------------------------------------------------------------------------------


     Fitness  S(hb_ext) S(vdw_ext)  S(hb_int)    S(int)      intcor
     36.99       0.15      26.79       0.00      -0.00      -3.77

--------------------------------------------------------------------------------
--- GoldScore analysis of protein-ligand interactions                        ---
--------------------------------------------------------------------------------

  Ligand donor   13 hydrogen   26 Protein acceptor 2066 bond energy  2.00 wt 0.08

--------------------------------------------------------------------------------


--------------------------------------------------------------------------------
--- Chromosome decoded                                                       ---
--------------------------------------------------------------------------------
Ligand Torsions
[   2    3   10   11]   98.83
Mapping
Ligand acceptors to protein hydrogens (mapping then atom ids)
Ligand hydrogens to protein acceptors (mapping then atom ids)
  2   3 [ 26->2066]
Ligand shape atoms to protein points (mapping then atom ids & coords)
  2  5827 [  2->(-23.000   3.000  13.000)]
  5  5797 [  9->(-23.000   2.250  12.750)]
  6  3673 [ 11->(-23.750   5.000  15.250)]
  7  7466 [ 12->(-22.250   7.250  15.500)]
  8  1600 [ 14->(-24.500   4.500  16.750)]
  9  2839 [ 15->(-24.000   4.500  17.000)]
Chromosome values
Integers:
  -1   -1    2   -1 5826   -1   -1 5796 3672 7465 1599 2838 
--------------------------------------------------------------------------------

Current Ranking  1

--------------------------------------------------------------------------------

* GA execution time :                                                           
  total  1.9998 user  1.9998 sys  0.0000

--------------------------------------------------------------------------------
Fitness function evaluations: 34509

--------------------------------------------------------------------------------
** Docking run number  2 **
--------------------------------------------------------------------------------
  Rank fitness base is 5000.00 ; increment is 11.2233

* Initialising population(s) ...                                                
Number of constraints mappings 0
Number of constraints 0
  Population no.                           :      1
  Population size                          :    100
  Number of duplicates                     :      0
  Number of niche violations               :      0
  Number of errors                         :    369


Doing GA, no. of population(s) 1 size 100 selection pressure 1.100000

 Operation      Fitness  S(hb_ext) S(vdw_ext)  S(hb_int)    S(int)      intcor
         0      33.20       4.95      20.65       0.00      -0.72      -3.77
       883      33.35       2.97      22.10       0.00      -0.07      -3.77
      1547      33.58       5.73      21.27       0.00      -5.76      -3.77
      2563      32.75       0.00      23.84       0.00      -0.10      -3.77
      2818      32.84       0.00      23.91       0.00      -0.12      -3.77
      2835      32.90       5.74      20.67       0.00      -4.38      -3.77
Reordering...
      2970      32.84       0.00      23.91       0.00      -0.12      -3.77
      3025      33.33       5.82      20.31       0.00      -1.43      -3.77
      3339      33.39       5.91      20.08       0.00      -0.46      -3.77
Reordering...
      3960      32.95       0.00      23.99       0.00      -0.10      -3.77
      6330      32.97       0.00      24.02       0.00      -0.13      -3.77
      7366      33.10       0.00      24.11       0.00      -0.11      -3.77
      9383      33.09       0.00      24.23       0.00      -0.35      -3.77
Reordering...
      9735      33.08       0.00      24.11       0.00      -0.11      -3.77
     11051      33.10       0.00      24.11       0.00      -0.07      -3.77
     11192      33.52       6.00      20.07       0.00      -0.08      -3.77
     15300      33.63       0.00      24.51       0.00      -0.07      -3.77
     15568      33.71       0.00      24.58       0.00      -0.09      -3.77
--------------------------------------------------------------------------------
Best docking solution after GA:
     16500      33.71       0.00      24.58       0.00      -0.09      -3.77

#ops:      16500 #mutates:   7818 #cross:     7855 #migrate:    827 
#dups:      5502 #niche:     4384 #errors:     295 
--------------------------------------------------------------------------------

Doing AMOEBA simplex on best individual
Done simplexing #iterations 304, best score  34.13

Ligand is stored in gold_soln_3zpq_m1_2.mol2


--------------------------------------------------------------------------------
--- GoldScore breakdown of terms                                             ---
--------------------------------------------------------------------------------
Fitness = S(hb_ext) + 1.3750*S(vdw_ext) + S(hb_int) + 1.0000*S(int)
S(int)  = S(vdw_int) + S(tors)

Internal terms are relative to best energy found (intcor).

--------------------------------------------------------------------------------


     Fitness  S(hb_ext) S(vdw_ext)  S(hb_int)    S(int)      intcor
     34.13       0.00      24.89       0.00      -0.09      -3.77

--------------------------------------------------------------------------------
--- GoldScore analysis of protein-ligand interactions                        ---
--------------------------------------------------------------------------------


--------------------------------------------------------------------------------


--------------------------------------------------------------------------------
--- Chromosome decoded                                                       ---
--------------------------------------------------------------------------------
Ligand Torsions
[   2    3   10   11]   87.73
Mapping
Ligand acceptors to protein hydrogens (mapping then atom ids)
Ligand hydrogens to protein acceptors (mapping then atom ids)
Ligand shape atoms to protein points (mapping then atom ids & coords)
  1  8359 [  1->(-21.000   7.500  16.000)]
  3  4647 [  5->(-23.500   7.500  15.750)]
  4  1805 [  6->(-24.500   9.250  15.750)]
  5  7509 [  9->(-22.250   8.750  16.750)]
  6  3680 [ 11->(-23.750   5.000  17.000)]
  7  2094 [ 12->(-24.250   3.750  15.250)]
  8  2858 [ 14->(-24.000   4.750  14.750)]
  9  5878 [ 15->(-23.000   3.750  13.000)]
Chromosome values
Integers:
  -1   -1   -1 8358   -1 4646 1804 7508 3679 2093 2857 5877 
--------------------------------------------------------------------------------

Current Ranking  1  2

--------------------------------------------------------------------------------

* GA execution time :                                                           
  total  1.0007 user  1.0007 sys  0.0000

--------------------------------------------------------------------------------
Fitness function evaluations: 34640

--------------------------------------------------------------------------------
** Docking run number  3 **
--------------------------------------------------------------------------------
  Rank fitness base is 5000.00 ; increment is 11.2233

* Initialising population(s) ...                                                
Number of constraints mappings 0
Number of constraints 0
  Population no.                           :      1
  Population size                          :    100
  Number of duplicates                     :      0
  Number of niche violations               :      0
  Number of errors                         :    412


Doing GA, no. of population(s) 1 size 100 selection pressure 1.100000

 Operation      Fitness  S(hb_ext) S(vdw_ext)  S(hb_int)    S(int)      intcor
         0      31.96       6.00      18.88       0.00      -0.00      -3.77
        65      32.02       1.92      21.90       0.00      -0.08      -3.77
Reordering...
       495      31.32       6.00      18.41       0.00      -0.00      -3.77
       509      32.95       3.30      21.57       0.00      -0.08      -3.77
       791      33.23       3.05      21.96       0.00      -0.08      -3.77
       797      35.37       0.98      25.06       0.00      -0.35      -3.77
       974      37.24       5.61      23.37       0.00      -2.33      -3.77
      1002      37.72       1.61      26.28       0.00      -0.10      -3.77
      2086      37.38       6.00      22.85       0.00      -0.16      -3.77
      2457      37.42       6.00      22.89       0.00      -0.21      -3.77
      2458      37.50       6.00      22.96       0.00      -0.27      -3.77
      2717      37.29       1.59      25.97       0.00      -0.07      -3.77
Reordering...
      3465      36.28       6.00      22.09       0.00      -0.27      -3.77
      5922      35.29       6.00      21.39       0.00      -0.27      -3.77
      6511      34.57       1.72      24.02       0.00      -0.36      -3.77
      7919      34.58       1.72      24.32       0.00      -1.07      -3.77
     15521      34.37       1.71      23.94       0.00      -0.26      -3.77
     16060      34.65       1.65      24.78       0.00      -1.07      -3.77
     16264      34.96       1.66      24.41       0.00      -0.26      -3.77
     16319      35.05       1.66      24.55       0.00      -0.36      -3.77
--------------------------------------------------------------------------------
Best docking solution after GA:
     16500      35.05       1.66      24.55       0.00      -0.36      -3.77

#ops:      16500 #mutates:   7807 #cross:     7883 #migrate:    810 
#dups:      5801 #niche:     5229 #errors:     300 
--------------------------------------------------------------------------------

Doing AMOEBA simplex on best individual
Done simplexing #iterations 418, best score  38.00

Ligand is stored in gold_soln_3zpq_m1_3.mol2


--------------------------------------------------------------------------------
--- GoldScore breakdown of terms                                             ---
--------------------------------------------------------------------------------
Fitness = S(hb_ext) + 1.3750*S(vdw_ext) + S(hb_int) + 1.0000*S(int)
S(int)  = S(vdw_int) + S(tors)

Internal terms are relative to best energy found (intcor).

--------------------------------------------------------------------------------


     Fitness  S(hb_ext) S(vdw_ext)  S(hb_int)    S(int)      intcor
     38.00       0.34      27.52       0.00      -0.19      -3.77

--------------------------------------------------------------------------------
--- GoldScore analysis of protein-ligand interactions                        ---
--------------------------------------------------------------------------------

  Ligand donor   13 hydrogen   26 Protein acceptor 2066 bond energy  2.00 wt 0.17

--------------------------------------------------------------------------------


--------------------------------------------------------------------------------
--- Chromosome decoded                                                       ---
--------------------------------------------------------------------------------
Ligand Torsions
[   2    3   10   11]  -82.79
Mapping
Ligand acceptors to protein hydrogens (mapping then atom ids)
Ligand hydrogens to protein acceptors (mapping then atom ids)
  2   3 [ 26->2066]
Ligand shape atoms to protein points (mapping then atom ids & coords)
  2  5817 [  2->(-23.000   2.750  13.500)]
  3  2933 [  5->(-24.000   5.500  11.750)]
  6  2833 [ 11->(-24.000   4.500  15.500)]
  8  3750 [ 14->(-23.750   5.750  16.250)]
Chromosome values
Integers:
  -1   -1    2   -1 5816 2932   -1   -1 2832   -1 3749   -1 
--------------------------------------------------------------------------------

Current Ranking  3  1  2

--------------------------------------------------------------------------------

* GA execution time :                                                           
  total  1.9998 user  1.9998 sys  0.0000

--------------------------------------------------------------------------------
Fitness function evaluations: 34912

--------------------------------------------------------------------------------
** Docking run number  4 **
--------------------------------------------------------------------------------
  Rank fitness base is 5000.00 ; increment is 11.2233

* Initialising population(s) ...                                                
Number of constraints mappings 0
Number of constraints 0
  Population no.                           :      1
  Population size                          :    100
  Number of duplicates                     :      0
  Number of niche violations               :      0
  Number of errors                         :    344


Doing GA, no. of population(s) 1 size 100 selection pressure 1.100000

 Operation      Fitness  S(hb_ext) S(vdw_ext)  S(hb_int)    S(int)      intcor
         0      37.32       6.00      22.80       0.00      -0.16      -3.77
       433      37.62       5.65      23.32       0.00      -0.46      -3.77
      1337      37.09       5.22      23.26       0.00      -0.46      -3.77
      2399      36.34       6.00      22.09       0.00      -0.10      -3.77
      2474      36.88       6.00      22.58       0.00      -0.61      -3.77
      3879      36.76       5.79      22.63       0.00      -0.46      -3.77
      4515      36.18       5.77      22.33       0.00      -0.81      -3.77
Reordering...
      5115      35.93       5.78      22.06       0.00      -0.46      -3.77
Reordering...
      9405      32.73       0.00      24.18       0.00      -0.76      -3.77
Reordering...
     11715      32.55       0.00      23.72       0.00      -0.08      -3.77
     12226      32.65       0.00      23.81       0.00      -0.10      -3.77
     12348      34.45       0.00      25.11       0.00      -0.08      -3.77
     13037      34.58       0.00      25.20       0.00      -0.07      -3.77
     14548      34.79       0.00      25.35       0.00      -0.06      -3.77
--------------------------------------------------------------------------------
Best docking solution after GA:
     16500      34.79       0.00      25.35       0.00      -0.06      -3.77

#ops:      16500 #mutates:   7870 #cross:     7794 #migrate:    836 
#dups:      5740 #niche:     5097 #errors:     294 
--------------------------------------------------------------------------------

Doing AMOEBA simplex on best individual
Done simplexing #iterations 383, best score  38.22

Ligand is stored in gold_soln_3zpq_m1_4.mol2


--------------------------------------------------------------------------------
--- GoldScore breakdown of terms                                             ---
--------------------------------------------------------------------------------
Fitness = S(hb_ext) + 1.3750*S(vdw_ext) + S(hb_int) + 1.0000*S(int)
S(int)  = S(vdw_int) + S(tors)

Internal terms are relative to best energy found (intcor).

--------------------------------------------------------------------------------


     Fitness  S(hb_ext) S(vdw_ext)  S(hb_int)    S(int)      intcor
     38.22       0.31      27.61       0.00      -0.07      -3.77

--------------------------------------------------------------------------------
--- GoldScore analysis of protein-ligand interactions                        ---
--------------------------------------------------------------------------------

  Ligand donor   13 hydrogen   26 Protein acceptor 2066 bond energy  2.00 wt 0.16

--------------------------------------------------------------------------------


--------------------------------------------------------------------------------
--- Chromosome decoded                                                       ---
--------------------------------------------------------------------------------
Ligand Torsions
[   2    3   10   11]  -91.98
Mapping
Ligand acceptors to protein hydrogens (mapping then atom ids)
Ligand hydrogens to protein acceptors (mapping then atom ids)
Ligand shape atoms to protein points (mapping then atom ids & coords)
  3  2882 [  5->(-24.000   5.000  13.500)]
  4   743 [  6->(-25.000   7.500  12.000)]
  5  5806 [  9->(-23.000   2.500  13.000)]
  6  2107 [ 11->(-24.250   4.000  14.750)]
  7  2996 [ 12->(-24.000   6.000  16.500)]
  8  3724 [ 14->(-23.750   5.500  15.500)]
Chromosome values
Integers:
  -1   -1   -1   -1   -1 2881  742 5805 2106 2995 3723   -1 
--------------------------------------------------------------------------------

Current Ranking  4  3  1  2

Top  3 (of  4) solutions are within 1.000 RMSD, finishing docking C:/Users/student/Desktop/Dokowanko/beta1/ligandy/3zpq.mol2.


--------------------------------------------------------------------------------

* GA execution time :                                                           
  total  1.9998 user  1.9997 sys  0.0000

--------------------------------------------------------------------------------
Fitness function evaluations: 34827

--------------------------------------------------------------------------------
--- Ranking analysis                                                         ---
--------------------------------------------------------------------------------


* Final ranked order of GA solutions:                                           
   4  3  1  2 

  _______________________________
  RMSD Matrix of RANKED solutions

        2    3    4  

   1 :  0.3  0.5  5.1
   2 :       0.5  5.1
   3 :            5.2

  Clustering method                        : complete linkage
  Structure ids in cluster table           : rank nos.
  Ordering of clusters and their members   : by rank (order if from rms_analysis)

  Distance | Clusters
   0.27    |  1  2 |  3 |  4 |
   0.50    |  1  2  3 |  4 |
   5.17    |  1  2  3  4 |
  Finished Docking Ligand                  : C:/Users/student/Desktop/Dokowanko/beta1/ligandy/3zpq.mol2
--------------------------------------------------------------------------------

  Relative_Ligand_Energy (best encountered) :  -3.770
  Relative_Ligand_Energy: fitness values have been corrected using this amount
