# WARNING: atom    7 in E:/Projekt modelowanie/beta2/ligandy/3ny9.mol2 is type   O.2 resetting to type   O.3 (set_atom_type)

--------------------------------------------------------------------------------
--- Ligand                                                                   ---
--------------------------------------------------------------------------------
  Ligand loaded from file                  : E:/Projekt modelowanie/beta2/ligandy/3ny9.mol2
  Ligand name                              :  
  "C:\Users\porto\OneDrive\projekt\beta2\ligandy\L_3ny9.pdb L_3ny9.pdb 1    "

--------------------------------------------------------------------------------
  N.plc donors                             : 
  none found

  Acidic nitrogen acceptors                : 
  none found
  Sulfur acceptors                         :
  none found

  O.3 atom 5 is not an acceptor (skipped)

  Donor atoms                              :      2
  2   11  
  Acceptor atoms                           :      5
  2   3   7   9   11  

  Hydrogens                                :  (n = 2)
  25   31   

  Lone pairs added to molecule             :      9
  Numbering                                : from 50 to 58

--------------------------------------------------------------------------------
--- Postprocessing of typing                                                 ---
--------------------------------------------------------------------------------
  Fragment file                            : C:\Program Files (x86)\CCDC/GoldSuite_2017\GOLD\gold\rotatable_bond_override.mol2
  acylurea fragment                        : no matches
  thioacylthiourea fragment                : no matches
  acylthiourea fragment                    : no matches
  thioacylurea fragment                    : no matches
  diarylamine fragment >C.ar-NH-C.ar<      : no matches
  sec-amine (1) fragment                   : no matches
  sec-amine (2) fragment                   : no matches
  sec-amine (3) fragment                   : no matches
  carboxylic ester                         : no matches

* Rotatable bonds in E:/Projekt modelowan  :
  [   1    5] [   1    8] [   2   21] [   2   22] 
  [   4    5] [   9   18] [   9   19] [  11   20] 
  [  19   20] [  20   21] 
  No. of rotatable bonds                   :     10


* Fragments found in E:/Projekt modelowan  :
  atom  13: benzene
  atom  14: benzene
  atom  15: benzene
  atom  16: benzene
  atom  17: benzene
  atom  18: benzene


* Checking torsion distributions:                                               
  Rotatable bond [ 4  5  1  3] matches torsion: ester
   C | O.3 | C.2 | O.2 
  Rotatable bond [17 18  9 19] matches torsion: ortho-substituoed aromatic-aliphatic ether
   C.ar ( 1H ) | C.ar ( C.ar ( 0H ) ) | O.3 | C.3 ( 2H ) 
  No. of matched torsions                  :      2

--------------------------------------------------------------------------------
--- Shape fitting atoms selection (hydrophobic atoms)                        ---
--------------------------------------------------------------------------------
  Molecule                                 : E:/Projekt modelowanie/beta2/ligandy/3ny9.mol2
  Selection                                : carbons only
  Atom numbers                             :  (n = 12)
  4    6    12   15   16   17   19   20   21   22   
  23   24   


--------------------------------------------------------------------------------
--- ChemScore ligand setup summary                                           ---
--------------------------------------------------------------------------------
  ChemScore ligand acceptors               :      5
  2 3 7 9 11 
  ChemScore ligand donors                  :      2
  2 ( 25  ) 11 ( 31  ) 
  ChemScore ligand CH donors               :      0
  

  ChemScore ligand lipophilic atoms        :  (n = 17)
  4    6    8    10   12   13   14   15   16   17   
  18   19   20   21   22   23   24   

  ChemScore ligand rotatable bonds         :     10
  1   (C1 ) - 5   (O2 ): SP3_SP2_BOND
  1   (C1 ) - 8   (C4 ): SP2_SP2_BOND
  2   (N1 ) - 21  (C15): SP3_SP3_BOND
  2   (N1 ) - 22  (C16): SP3_SP3_BOND
  4   (C2 ) - 5   (O2 ): SP3_SP3_BOND
  9   (O4 ) - 18  (C12): SP3_SP2_BOND
  9   (O4 ) - 19  (C13): SP3_SP3_BOND
  11  (O5 ) - 20  (C14): SP3_SP3_BOND
  19  (C13) - 20  (C14): SP3_SP3_BOND
  20  (C14) - 21  (C15): SP3_SP3_BOND

--------------------------------------------------------------------------------
--- PLP ligand setup summary                                                 ---
--------------------------------------------------------------------------------
    1    C1   C.2 NONPOLAR
    2    N1   N.3 DONACC
    3    O1   O.2 ACCEPTOR
    4    C2   C.3 NONPOLAR
    5    O2   O.3 ACCEPTOR
    6    C3   C.3 NONPOLAR
    7    O3   O.3 ACCEPTOR
    8    C4  C.ar NONPOLAR
    9    O4   O.3 ACCEPTOR
   10    C5  C.ar NONPOLAR
   11    O5   O.3 DONACC
   12    C6   C.3 NONPOLAR
   13    C7  C.ar NONPOLAR
   14    C8  C.ar NONPOLAR
   15    C9  C.ar NONPOLAR
   16   C10  C.ar NONPOLAR
   17   C11  C.ar NONPOLAR
   18   C12  C.ar NONPOLAR
   19   C13   C.3 NONPOLAR
   20   C14   C.3 NONPOLAR
   21   C15   C.3 NONPOLAR
   22   C16   C.3 NONPOLAR
   23   C17   C.3 NONPOLAR
   24   C18   C.3 NONPOLAR

--------------------------------------------------------------------------------
--- Automatic parameter setting                                              ---
--------------------------------------------------------------------------------
  Contribution base                        :   2500
  Contribution per rotatable bond          :   6000
  Contribution per df                      :   4000
  Contribution per water                   :  10000
  Ligand rotatable bonds                   :     10
  Protein flexible side chain bonds        :      0
  Total rotatable bonds                    :     10
  Hydrophobic vol ratio (P/L)              :   0.934
  Base multiplier (polar)                  :   1.400
  Base multiplier (apolar)                 :   2.242
  Base contribution                        : 7500.000
  Fitting points                           :      7
  Estimated maxops needed (optimal)        :  68000

--------------------------------------------------------------------------------

* Population settings                                                           
  maxops                                   :  68000
  popsiz                                   :    100
  select_pressure                          :   1.100
  n_islands                                :      5
  niche_siz                                :      2

* GA settings                                                                   
  pt_crosswt                               :     95
  allele_mutatewt                          :     95
  migratewt                                :     10

* Search settings                                                               
  start_vdw_linear_cutoff                  :   4.000
  initial_virtual_pt_match_max             :   3.000

--------------------------------------------------------------------------------

* Ligand initialisation time :                                                  
  total  0.0000 user  0.0000 sys  0.0000

--------------------------------------------------------------------------------

--------------------------------------------------------------------------------
** Docking run number  1 **
--------------------------------------------------------------------------------
  Rank fitness base is 5000.00 ; increment is 11.2233

* Initialising population(s) ...                                                
Number of constraints mappings 0
Number of constraints 0
  Population no.                           :      1
  Population size                          :    100
  Number of duplicates                     :      0
  Number of niche violations               :      0
  Number of errors                         :      4

Number of constraints mappings 0
Number of constraints 0
  Population no.                           :      2
  Population size                          :    100
  Number of duplicates                     :      0
  Number of niche violations               :      0
  Number of errors                         :      5

Number of constraints mappings 0
Number of constraints 0
  Population no.                           :      3
  Population size                          :    100
  Number of duplicates                     :      0
  Number of niche violations               :      0
  Number of errors                         :      7

Number of constraints mappings 0
Number of constraints 0
  Population no.                           :      4
  Population size                          :    100
  Number of duplicates                     :      0
  Number of niche violations               :      0
  Number of errors                         :      3

Number of constraints mappings 0
Number of constraints 0
  Population no.                           :      5
  Population size                          :    100
  Number of duplicates                     :      0
  Number of niche violations               :      0
  Number of errors                         :      5


Doing GA, no. of population(s) 5 size 100 selection pressure 1.100000

 Operation      Score     S(PLP)   S(hbond)     S(cho)   S(metal)  DE(clash)   DE(tors)     intcor
         0      20.98     -28.28       0.00       0.00       0.00       4.83       2.18       1.64
       177      23.71     -29.79       0.14       0.00       0.00       0.00       4.07       1.64
      2421      25.14     -27.16       0.00       0.00       0.00       0.00       1.83       1.64
      2422      26.25     -36.90       0.00       0.00       0.00       5.75       3.27       1.64
      2932      30.92     -41.23       0.00       0.00       0.00       5.75       3.10       1.64
      3397      32.82     -34.90       0.00       0.00       0.00       0.00       1.86       1.64
      3606      35.45     -37.47       0.00       0.00       0.00       0.00       1.83       1.64
      3652      37.21     -39.28       0.00       0.00       0.00       0.00       1.86       1.64
      3944      43.71     -44.76       0.35       0.00       0.00       0.54       1.60       1.64
      5421      46.11     -49.31       0.00       0.00       0.00       0.00       2.41       1.62
      6322      47.23     -50.32       0.00       0.00       0.00       0.00       2.18       1.26
      8036      56.64     -64.57       0.00       0.00       0.00       4.83       2.18       1.26
     11811      56.70     -64.58       0.00       0.00       0.00       4.83       2.15       1.26
     13311      56.71     -64.60       0.00       0.00       0.00       4.83       2.16       1.26
     13815      57.19     -64.71       0.00       0.00       0.00       4.83       1.97       1.26
     14585      57.26     -64.70       0.00       0.00       0.00       4.78       1.96       1.26
     14760      57.31     -64.47       0.00       0.00       0.00       4.78       1.82       1.26
     15198      57.83     -65.75       0.00       0.00       0.00       4.83       2.18       1.26
     15843      58.94     -63.46       0.00       0.00       0.00       2.14       1.82       1.26
     16658      59.29     -63.78       0.00       0.00       0.00       2.14       1.81       1.26
     18474      61.18     -65.87       0.00       0.00       0.00       2.14       1.91       1.26
     21628      61.71     -66.27       0.00       0.00       0.00       2.14       1.84       1.26
     22783      62.14     -65.98       0.00       0.00       0.00       1.54       1.78       1.26
     26943      62.15     -66.23       0.00       0.00       0.00       1.54       1.85       1.16
     27509      63.25     -67.58       0.00       0.00       0.00       2.14       1.68       1.16
     29387      63.39     -66.79       0.00       0.00       0.00       1.54       1.51       1.16
     31919      63.77     -67.71       0.00       0.00       0.00       1.54       1.78       1.16
     33724      64.28     -67.06       0.00       0.00       0.00       0.54       1.70       1.16
     35408      64.42     -67.82       0.00       0.00       0.00       1.54       1.51       1.16
     35789      66.53     -68.20       0.00       0.00       0.00       0.00       1.42       1.16
     38169      66.67     -68.75       0.00       0.00       0.00       0.00       1.62       1.16
     41759      67.08     -69.20       0.00       0.00       0.00       0.00       1.64       1.16
     41889      67.21     -69.11       0.00       0.00       0.00       0.00       1.54       1.16
     42814      67.22     -69.10       0.00       0.00       0.00       0.00       1.53       1.16
     42889      67.37     -69.26       0.00       0.00       0.00       0.00       1.53       1.16
     43619      67.46     -68.68       0.46       0.00       0.00       0.54       1.61       1.16
     44006      68.63     -67.93       0.98       0.00       0.00       0.00       1.70       1.16
     45881      69.15     -68.37       1.00       0.00       0.00       0.00       1.70       1.16
     47783      69.44     -69.65       0.81       0.00       0.00       0.54       1.64       1.16
     47799      69.53     -70.13       0.68       0.00       0.00       0.54       1.64       1.16
     48324      69.98     -69.63       1.00       0.00       0.00       0.54       1.64       1.16
     50809      70.13     -70.32       0.68       0.00       0.00       0.54       1.43       1.16
     53034      70.55     -70.26       0.81       0.00       0.00       0.54       1.39       1.16
     56849      70.72     -70.40       0.81       0.00       0.00       0.54       1.38       1.16
     57304      70.81     -70.30       0.89       0.00       0.00       0.54       1.40       1.16
     57423      70.85     -70.43       0.86       0.00       0.00       0.54       1.40       1.16
     58530      71.05     -70.35       0.93       0.00       0.00       0.54       1.35       1.16
     59055      71.15     -70.86       0.89       0.00       0.00       0.54       1.51       1.16
     59695      71.32     -70.74       0.98       0.00       0.00       0.54       1.49       1.16
     61820      71.50     -70.86       0.99       0.00       0.00       0.54       1.48       1.16
     61905      71.61     -70.39       0.98       0.00       0.00       0.00       1.43       1.16
     62455      71.84     -70.54       0.99       0.00       0.00       0.00       1.42       1.16
     62537      71.87     -71.07       0.93       0.00       0.00       0.54       1.30       1.16
     63361      71.92     -71.26       1.00       0.00       0.00       0.54       1.49       1.16
     64682      72.03     -70.58       0.93       0.00       0.00       0.00       1.25       1.16
     64763      72.03     -71.26       1.00       0.00       0.00       0.54       1.43       1.16
     65017      72.27     -71.49       1.00       0.00       0.00       0.54       1.43       1.16
     65167      72.51     -71.65       1.00       0.00       0.00       0.54       1.38       1.16
     65382      72.69     -71.18       1.00       0.00       0.00       0.00       1.33       1.16
     66414      72.81     -71.27       1.00       0.00       0.00       0.00       1.31       1.16
     67176      72.87     -71.20       1.00       0.00       0.00       0.00       1.25       1.16
     67599      73.11     -71.92       0.91       0.00       0.00       0.00       1.35       1.16
--------------------------------------------------------------------------------
Best docking solution after GA:
     68000      73.11     -71.92       0.91       0.00       0.00       0.00       1.35       1.16

#ops:      68000 #mutates:  32284 #cross:    32369 #migrate:   3347 
#dups:     17303 #niche:    44133 #errors:     146 
--------------------------------------------------------------------------------

Doing AMOEBA simplex on best individual
Done simplexing #iterations 552, best score  74.52

Ligand is stored in gold_soln_3ny9_m1_1.mol2


--------------------------------------------------------------------------------
--- CHEMPLP breakdown of terms                                               ---
--------------------------------------------------------------------------------
CHEMPLP = - ( 1.0000*S(PLP) + -3.0000*S(hbond) + -6.0000*S(metal) + -3.0000*S(cho) )

Score = CHEMPLP - 1.0000*DE(clash) - 2.0000*DE(tors)

Internal energy term has been corrected with the best internal energy encountered.

--------------------------------------------------------------------------------


     Score     S(PLP)   S(hbond)     S(cho)   S(metal)  DE(clash)   DE(tors)     intcor
     74.52     -72.73       1.00       0.00       0.00       0.00       1.18       1.16

--------------------------------------------------------------------------------
--- PLP analysis of protein-ligand interactions                              ---
--------------------------------------------------------------------------------
hydrogen bonding        :      -1.00
metal                   :       0.00
buried (polar-nonpolar) :      -9.48
nonpolar                :     -64.22
repulsive               :       0.20
--------------------------------------------------------------------------------


--------------------------------------------------------------------------------
--- ChemScore analysis of protein-ligand interactions                        ---
--------------------------------------------------------------------------------

* Hydrogen bonds                                                                
Ligand donor   11 hydrogen   31 Protein acceptor 1334 bond energy  1.00 wt 1.00


* CH..O interactions                                                            
  CH group selection                       : activated ring CH (adjacent to hetatom)

--------------------------------------------------------------------------------


--------------------------------------------------------------------------------
--- Intra-ligand clashes                                                     ---
--------------------------------------------------------------------------------

Ligand
--------------------------------------------------------------------------------


--------------------------------------------------------------------------------
--- Chromosome decoded                                                       ---
--------------------------------------------------------------------------------
Ligand Torsions
[   4    5    1    3]    4.63    matched torsion: ester
[   3    1    8    7]   -7.01
[  22    2   21   20]  105.66
[  23   22    2   21]   57.96
[   6    4    5    1] -168.56
[  17   18    9   19]  -14.36    matched torsion: ortho-substituoed aromatic-aliphatic ether
[  20   19    9   18]   68.33
[  31   11   20   19] -123.24
[  11   20   19    9]   30.49
[   2   21   20   11]  157.52
Protein Torsions
[4175 4166 4165 4163]  -55.23 
[1294 1290 1288 1285] -152.38 
[4033 4024 4023 4021]   56.29 
[1412 1408 1406 1403] -101.32 
[2830 2825 2824 2821]  -91.73 
[2723 2714 2713 2711]    1.63 
[2773 2768 2767 2764] -179.14 
Mapping
Ligand acceptors to protein hydrogens (mapping then atom ids)
Ligand hydrogens to protein acceptors (mapping then atom ids)
Ligand shape atoms to protein points (mapping then atom ids & coords)
  3  3317 [ 12->(-32.000   6.000   8.750)]
  5  2317 [ 16->(-33.750   7.000   5.250)]
  6  3016 [ 17->(-32.500   7.000   5.750)]
  7  4341 [ 19->(-30.000   9.500   6.750)]
  8  3985 [ 20->(-31.000   9.750   6.500)]
  9  4140 [ 21->(-30.750  11.500   7.250)]
 10  5029 [ 22->(-27.250  12.000   5.750)]
 11  4823 [ 23->(-27.750  14.250   5.250)]
Chromosome values
Integers:
  -1   -1   -1   -1   -1   -1   -1   -1   -1 3316   -1 2316 
3015 4340 3984 4139 5028 4822   -1 
--------------------------------------------------------------------------------

Current Ranking  1

--------------------------------------------------------------------------------

* GA execution time :                                                           
  total  4.9998 user  4.9997 sys  0.0000

--------------------------------------------------------------------------------
Fitness function evaluations: 110545

--------------------------------------------------------------------------------
** Docking run number  2 **
--------------------------------------------------------------------------------
  Rank fitness base is 5000.00 ; increment is 11.2233

* Initialising population(s) ...                                                
Number of constraints mappings 0
Number of constraints 0
  Population no.                           :      1
  Population size                          :    100
  Number of duplicates                     :      0
  Number of niche violations               :      0
  Number of errors                         :      6

Number of constraints mappings 0
Number of constraints 0
  Population no.                           :      2
  Population size                          :    100
  Number of duplicates                     :      0
  Number of niche violations               :      0
  Number of errors                         :      5

Number of constraints mappings 0
Number of constraints 0
  Population no.                           :      3
  Population size                          :    100
  Number of duplicates                     :      0
  Number of niche violations               :      0
  Number of errors                         :      8

Number of constraints mappings 0
Number of constraints 0
  Population no.                           :      4
  Population size                          :    100
  Number of duplicates                     :      0
  Number of niche violations               :      0
  Number of errors                         :      7

Number of constraints mappings 0
Number of constraints 0
  Population no.                           :      5
  Population size                          :    100
  Number of duplicates                     :      0
  Number of niche violations               :      0
  Number of errors                         :      7


Doing GA, no. of population(s) 5 size 100 selection pressure 1.100000

 Operation      Score     S(PLP)   S(hbond)     S(cho)   S(metal)  DE(clash)   DE(tors)     intcor
         0      25.74     -31.97       0.00       0.00       0.00       0.27       3.56       1.07
      2773      28.21     -34.21       0.00       0.00       0.00       0.00       3.41       0.83
      3252      31.48     -35.18       0.42       0.00       0.00       0.27       2.72       0.75
      3395      33.77     -38.75       0.00       0.00       0.00       0.00       2.87       0.75
      3744      39.94     -46.59       0.00       0.00       0.00       0.27       3.56       0.75
      3839      41.63     -48.29       0.00       0.00       0.00       0.27       3.56       0.75
      4935      42.50     -49.27       0.00       0.00       0.00       2.78       2.37       0.75
      5024      45.04     -48.78       0.00       0.00       0.00       1.99       1.24       0.75
      6155      45.48     -49.30       0.00       0.00       0.00       0.00       2.28       0.75
      6765      45.72     -50.30       0.00       0.00       0.00       2.78       1.27       0.75
      7404      47.35     -53.02       0.00       0.00       0.00       0.00       3.21       0.75
      7964      50.76     -51.71       0.00       0.00       0.00       0.00       0.85       0.75
     10274      54.57     -55.43       0.00       0.00       0.00       0.00       0.77       0.68
     13744      56.81     -57.67       0.00       0.00       0.00       0.00       0.77       0.68
     14705      57.70     -58.66       0.00       0.00       0.00       0.00       0.76       0.56
     16364      58.91     -60.22       0.00       0.00       0.00       0.00       0.90       0.49
     18194      58.91     -60.23       0.00       0.00       0.00       0.00       0.90       0.49
     19297      59.36     -60.18       0.00       0.00       0.00       0.00       0.66       0.49
     20569      59.94     -60.95       0.00       0.00       0.00       0.00       0.75       0.49
     24139      60.46     -61.30       0.00       0.00       0.00       0.00       0.66       0.49
     27725      60.67     -61.89       0.00       0.00       0.00       0.00       0.85       0.49
     28514      60.75     -61.54       0.00       0.00       0.00       0.00       0.64       0.49
     28681      60.76     -62.06       0.00       0.00       0.00       0.00       0.90       0.49
     30309      60.86     -62.04       0.00       0.00       0.00       0.00       0.83       0.49
     32231      61.14     -62.44       0.00       0.00       0.00       0.00       0.90       0.49
     32908      61.82     -63.08       0.00       0.00       0.00       0.00       0.87       0.49
     34816      62.09     -62.84       0.00       0.00       0.00       0.00       0.62       0.49
     35146      62.12     -63.28       0.00       0.00       0.00       0.00       0.83       0.49
     36216      62.15     -62.90       0.00       0.00       0.00       0.00       0.62       0.49
     36531      62.37     -63.54       0.00       0.00       0.00       0.00       0.83       0.49
     37356      62.61     -63.36       0.00       0.00       0.00       0.00       0.62       0.49
     37740      62.73     -63.68       0.00       0.00       0.00       0.00       0.72       0.49
     38956      62.78     -63.44       0.00       0.00       0.00       0.00       0.57       0.49
     39816      62.99     -63.65       0.00       0.00       0.00       0.00       0.57       0.49
     40180      63.62     -64.58       0.00       0.00       0.00       0.00       0.72       0.49
     42413      63.69     -64.48       0.00       0.00       0.00       0.00       0.64       0.49
     43786      63.75     -64.59       0.00       0.00       0.00       0.00       0.67       0.49
     46653      63.76     -64.54       0.00       0.00       0.00       0.00       0.64       0.49
     47886      63.95     -64.97       0.00       0.00       0.00       0.00       0.69       0.36
     47940      64.69     -65.77       0.00       0.00       0.00       0.00       0.72       0.36
     53354      64.91     -65.67       0.00       0.00       0.00       0.00       0.56       0.36
     53469      64.91     -65.94       0.00       0.00       0.00       0.00       0.70       0.36
     55874      65.13     -65.94       0.00       0.00       0.00       0.00       0.59       0.36
     59999      65.16     -65.95       0.00       0.00       0.00       0.00       0.58       0.36
     62279      65.16     -66.02       0.00       0.00       0.00       0.00       0.61       0.36
     62826      65.16     -65.99       0.00       0.00       0.00       0.00       0.60       0.36
     63200      65.17     -65.96       0.00       0.00       0.00       0.00       0.57       0.36
     63989      65.25     -66.09       0.00       0.00       0.00       0.00       0.60       0.36
     64449      65.27     -66.07       0.00       0.00       0.00       0.00       0.58       0.36
     65089      65.29     -66.11       0.00       0.00       0.00       0.00       0.59       0.36
     66199      65.29     -66.11       0.00       0.00       0.00       0.00       0.59       0.36
     66409      65.30     -66.15       0.00       0.00       0.00       0.00       0.61       0.36
     66638      65.32     -66.18       0.00       0.00       0.00       0.00       0.61       0.36
--------------------------------------------------------------------------------
Best docking solution after GA:
     68000      65.32     -66.18       0.00       0.00       0.00       0.00       0.61       0.36

#ops:      68000 #mutates:  32164 #cross:    32361 #migrate:   3475 
#dups:     18730 #niche:    49420 #errors:     161 
--------------------------------------------------------------------------------

Doing AMOEBA simplex on best individual
Done simplexing #iterations 407, best score  65.64

Ligand is stored in gold_soln_3ny9_m1_2.mol2


--------------------------------------------------------------------------------
--- CHEMPLP breakdown of terms                                               ---
--------------------------------------------------------------------------------
CHEMPLP = - ( 1.0000*S(PLP) + -3.0000*S(hbond) + -6.0000*S(metal) + -3.0000*S(cho) )

Score = CHEMPLP - 1.0000*DE(clash) - 2.0000*DE(tors)

Internal energy term has been corrected with the best internal energy encountered.

--------------------------------------------------------------------------------


     Score     S(PLP)   S(hbond)     S(cho)   S(metal)  DE(clash)   DE(tors)     intcor
     65.64     -66.49       0.00       0.00       0.00       0.00       0.61       0.36

--------------------------------------------------------------------------------
--- PLP analysis of protein-ligand interactions                              ---
--------------------------------------------------------------------------------
hydrogen bonding        :       0.00
metal                   :       0.00
buried (polar-nonpolar) :      -7.54
nonpolar                :     -59.46
repulsive               :       0.15
--------------------------------------------------------------------------------


--------------------------------------------------------------------------------
--- ChemScore analysis of protein-ligand interactions                        ---
--------------------------------------------------------------------------------

* Hydrogen bonds                                                                


* CH..O interactions                                                            
  CH group selection                       : activated ring CH (adjacent to hetatom)

--------------------------------------------------------------------------------


--------------------------------------------------------------------------------
--- Intra-ligand clashes                                                     ---
--------------------------------------------------------------------------------

Ligand
--------------------------------------------------------------------------------


--------------------------------------------------------------------------------
--- Chromosome decoded                                                       ---
--------------------------------------------------------------------------------
Ligand Torsions
[   4    5    1    3]   -8.92    matched torsion: ester
[   3    1    8    7]    5.57
[  22    2   21   20] -136.74
[  23   22    2   21]  -64.29
[   6    4    5    1]  153.31
[  17   18    9   19]    0.30    matched torsion: ortho-substituoed aromatic-aliphatic ether
[  20   19    9   18] -169.10
[  31   11   20   19]    1.65
[  11   20   19    9]   56.00
[   2   21   20   11]   57.96
Protein Torsions
[4175 4166 4165 4163]  148.05 
[1294 1290 1288 1285]   79.22 
[4033 4024 4023 4021]  -93.41 
[1412 1408 1406 1403]   80.81 
[2830 2825 2824 2821] -114.83 
[2723 2714 2713 2711]  -89.79 
[2773 2768 2767 2764]   30.35 
Mapping
Ligand acceptors to protein hydrogens (mapping then atom ids)
Ligand hydrogens to protein acceptors (mapping then atom ids)
Ligand shape atoms to protein points (mapping then atom ids & coords)
  1  1789 [  4->(-34.250   3.750  10.250)]
  3  3314 [ 12->(-32.000   5.750   9.000)]
  4  2281 [ 15->(-33.750   6.250   5.750)]
  5  3181 [ 16->(-32.250   7.250   5.500)]
  6  2758 [ 17->(-33.000   7.250   5.250)]
  7  4398 [ 19->(-29.750   8.750   7.000)]
  8  4524 [ 20->(-29.000   8.750   6.750)]
  9  4759 [ 21->(-27.750   9.250   7.000)]
 10  5551 [ 22->(-26.250  11.500   5.500)]
 12  5715 [ 24->(-25.750   9.500   6.500)]
Chromosome values
Integers:
  -1   -1   -1   -1   -1   -1   -1 1788   -1 3313 2280 3180 
2757 4397 4523 4758 5550   -1 5714 
--------------------------------------------------------------------------------

Current Ranking  1  2

--------------------------------------------------------------------------------

* GA execution time :                                                           
  total  4.0008 user  4.0008 sys  0.0000

--------------------------------------------------------------------------------
Fitness function evaluations: 109658

--------------------------------------------------------------------------------
** Docking run number  3 **
--------------------------------------------------------------------------------
  Rank fitness base is 5000.00 ; increment is 11.2233

* Initialising population(s) ...                                                
Number of constraints mappings 0
Number of constraints 0
  Population no.                           :      1
  Population size                          :    100
  Number of duplicates                     :      0
  Number of niche violations               :      0
  Number of errors                         :     10

Number of constraints mappings 0
Number of constraints 0
  Population no.                           :      2
  Population size                          :    100
  Number of duplicates                     :      0
  Number of niche violations               :      0
  Number of errors                         :      4

Number of constraints mappings 0
Number of constraints 0
  Population no.                           :      3
  Population size                          :    100
  Number of duplicates                     :      0
  Number of niche violations               :      0
  Number of errors                         :      4

Number of constraints mappings 0
Number of constraints 0
  Population no.                           :      4
  Population size                          :    100
  Number of duplicates                     :      0
  Number of niche violations               :      0
  Number of errors                         :     11

Number of constraints mappings 0
Number of constraints 0
  Population no.                           :      5
  Population size                          :    100
  Number of duplicates                     :      0
  Number of niche violations               :      0
  Number of errors                         :     10


Doing GA, no. of population(s) 5 size 100 selection pressure 1.100000

 Operation      Score     S(PLP)   S(hbond)     S(cho)   S(metal)  DE(clash)   DE(tors)     intcor
         0      18.99     -22.60       0.06       0.00       0.00       0.00       2.08       0.36
      2700      19.21     -31.12       0.00       0.00       0.00       4.18       4.05       0.36
      3075      19.65     -39.39       0.00       0.00       0.00      13.70       3.20       0.36
      3095      19.69     -31.94       0.00       0.00       0.00       4.45       4.08       0.36
      3379      30.01     -41.23       0.00       0.00       0.00       5.29       3.14       0.36
      3414      35.65     -43.22       0.00       0.00       0.00       1.77       3.08       0.36
      5430      36.01     -38.56       0.00       0.00       0.00       0.00       1.45       0.36
      6338      38.34     -59.75       0.00       0.00       0.00      15.13       3.32       0.36
      6578      45.18     -50.03       0.37       0.00       0.00       1.20       2.57       0.36
      8188      47.18     -52.54       0.22       0.00       0.00       1.20       2.60       0.36
      8833      47.70     -52.36       0.46       0.00       0.00       1.20       2.60       0.36
      9203      51.46     -55.55       0.00       0.00       0.00       0.00       2.23       0.36
     10726      52.04     -53.76       0.00       0.00       0.00       0.00       1.04       0.36
     11200      52.11     -54.38       0.00       0.00       0.00       0.03       1.30       0.36
     11215      53.39     -55.67       0.00       0.00       0.00       0.03       1.30       0.36
     14100      54.85     -57.13       0.00       0.00       0.00       0.03       1.30       0.36
     15049      55.17     -59.24       0.00       0.00       0.00       0.00       2.22       0.36
     15332      55.59     -57.86       0.00       0.00       0.00       0.03       1.30       0.36
     15626      56.55     -58.83       0.00       0.00       0.00       0.03       1.30       0.36
     15791      57.11     -59.54       0.00       0.00       0.00       0.03       1.38       0.36
     18708      57.35     -60.37       0.00       0.00       0.00       0.00       1.69       0.36
     19393      57.37     -61.36       0.00       0.00       0.00       0.00       2.18       0.36
     20679      57.40     -62.10       0.00       0.00       0.00       0.85       2.11       0.36
     21026      57.54     -59.97       0.00       0.00       0.00       0.03       1.38       0.36
     21972      57.84     -62.57       0.09       0.00       0.00       0.29       2.55       0.36
     22377      57.92     -62.69       0.08       0.00       0.00       0.29       2.54       0.36
     22408      58.04     -61.45       0.00       0.00       0.00       0.00       1.88       0.36
     23589      58.84     -63.54       0.00       0.00       0.00       0.85       2.11       0.36
     24761      61.19     -60.44       1.00       0.00       0.00       0.00       1.31       0.36
     28391      61.20     -60.42       1.00       0.00       0.00       0.00       1.29       0.36
     29060      62.76     -61.75       1.00       0.00       0.00       0.00       1.18       0.36
     31036      63.01     -61.93       1.00       0.00       0.00       0.00       1.14       0.36
     31491      63.96     -62.53       1.00       0.00       0.00       0.00       0.97       0.36
     35400      63.96     -62.57       0.99       0.00       0.00       0.00       0.97       0.36
     36896      64.00     -62.59       1.00       0.00       0.00       0.00       0.98       0.36
     38990      65.46     -64.04       1.00       0.00       0.00       0.00       0.97       0.36
     44491      65.58     -64.20       1.00       0.00       0.00       0.00       0.99       0.36
     47830      65.69     -64.31       1.00       0.00       0.00       0.00       0.99       0.36
     49608      65.74     -64.38       1.00       0.00       0.00       0.00       1.00       0.36
     55033      65.94     -64.58       1.00       0.00       0.00       0.00       1.00       0.36
     62188      66.00     -69.53       0.09       0.00       0.00       0.00       2.08       0.36
     62538      66.00     -69.26       0.19       0.00       0.00       0.00       2.10       0.36
     63494      66.06     -64.73       1.00       0.00       0.00       0.00       1.02       0.36
     64063      66.11     -69.33       0.19       0.00       0.00       0.00       2.08       0.36
     64629      67.58     -66.18       0.94       0.00       0.00       0.00       0.89       0.36
     65316      67.62     -66.25       0.94       0.00       0.00       0.00       0.91       0.36
     67331      67.62     -66.25       0.94       0.00       0.00       0.00       0.91       0.36
     67776      67.87     -66.81       0.83       0.00       0.00       0.00       0.89       0.36
     67971      67.87     -66.84       0.83       0.00       0.00       0.00       0.91       0.36
--------------------------------------------------------------------------------
Best docking solution after GA:
     68000      67.87     -66.84       0.83       0.00       0.00       0.00       0.91       0.36

#ops:      68000 #mutates:  32573 #cross:    32050 #migrate:   3377 
#dups:     16969 #niche:    42823 #errors:     214 
--------------------------------------------------------------------------------

Doing AMOEBA simplex on best individual
Done simplexing #iterations 840, best score  71.93

Ligand is stored in gold_soln_3ny9_m1_3.mol2


--------------------------------------------------------------------------------
--- CHEMPLP breakdown of terms                                               ---
--------------------------------------------------------------------------------
CHEMPLP = - ( 1.0000*S(PLP) + -3.0000*S(hbond) + -6.0000*S(metal) + -3.0000*S(cho) )

Score = CHEMPLP - 1.0000*DE(clash) - 2.0000*DE(tors)

Internal energy term has been corrected with the best internal energy encountered.

--------------------------------------------------------------------------------


     Score     S(PLP)   S(hbond)     S(cho)   S(metal)  DE(clash)   DE(tors)     intcor
     71.93     -70.06       1.00       0.00       0.00       0.00       0.75       0.36

--------------------------------------------------------------------------------
--- PLP analysis of protein-ligand interactions                              ---
--------------------------------------------------------------------------------
hydrogen bonding        :      -1.00
metal                   :       0.00
buried (polar-nonpolar) :      -8.58
nonpolar                :     -62.37
repulsive               :       0.21
--------------------------------------------------------------------------------


--------------------------------------------------------------------------------
--- ChemScore analysis of protein-ligand interactions                        ---
--------------------------------------------------------------------------------

* Hydrogen bonds                                                                
Ligand donor   11 hydrogen   31 Protein acceptor 1334 bond energy  1.00 wt 1.00


* CH..O interactions                                                            
  CH group selection                       : activated ring CH (adjacent to hetatom)

--------------------------------------------------------------------------------


--------------------------------------------------------------------------------
--- Intra-ligand clashes                                                     ---
--------------------------------------------------------------------------------

Ligand
--------------------------------------------------------------------------------


--------------------------------------------------------------------------------
--- Chromosome decoded                                                       ---
--------------------------------------------------------------------------------
Ligand Torsions
[   4    5    1    3]    3.22    matched torsion: ester
[   3    1    8    7]    3.46
[  22    2   21   20] -168.23
[  23   22    2   21]  160.28
[   6    4    5    1]  168.69
[  17   18    9   19]  -16.07    matched torsion: ortho-substituoed aromatic-aliphatic ether
[  20   19    9   18]   68.73
[  31   11   20   19] -141.59
[  11   20   19    9]   34.68
[   2   21   20   11] -176.52
Protein Torsions
[4175 4166 4165 4163] -131.84 
[1294 1290 1288 1285]   26.14 
[4033 4024 4023 4021] -168.08 
[1412 1408 1406 1403]  -50.27 
[2830 2825 2824 2821]   79.55 
[2723 2714 2713 2711]  -29.16 
[2773 2768 2767 2764]  151.07 
Mapping
Ligand acceptors to protein hydrogens (mapping then atom ids)
Ligand hydrogens to protein acceptors (mapping then atom ids)
Ligand shape atoms to protein points (mapping then atom ids & coords)
  3  3133 [ 12->(-32.250   5.750   8.750)]
  4  2108 [ 15->(-34.000   6.250   5.500)]
  6  3216 [ 17->(-32.250   8.000   5.500)]
  7  4522 [ 19->(-29.000   8.500   7.000)]
  9  3648 [ 21->(-31.750  11.250   7.000)]
 11  5543 [ 23->(-26.250  11.250   4.750)]
Chromosome values
Integers:
  -1   -1   -1   -1   -1   -1   -1   -1   -1 3132 2107   -1 
3215 4521   -1 3647   -1 5542   -1 
--------------------------------------------------------------------------------

Current Ranking  1  3  2

--------------------------------------------------------------------------------

* GA execution time :                                                           
  total  4.9998 user  4.9997 sys  0.0000

--------------------------------------------------------------------------------
Fitness function evaluations: 110760

--------------------------------------------------------------------------------
** Docking run number  4 **
--------------------------------------------------------------------------------
  Rank fitness base is 5000.00 ; increment is 11.2233

* Initialising population(s) ...                                                
Number of constraints mappings 0
Number of constraints 0
  Population no.                           :      1
  Population size                          :    100
  Number of duplicates                     :      0
  Number of niche violations               :      0
  Number of errors                         :      5

Number of constraints mappings 0
Number of constraints 0
  Population no.                           :      2
  Population size                          :    100
  Number of duplicates                     :      0
  Number of niche violations               :      0
  Number of errors                         :      7

Number of constraints mappings 0
Number of constraints 0
  Population no.                           :      3
  Population size                          :    100
  Number of duplicates                     :      0
  Number of niche violations               :      0
  Number of errors                         :      6

Number of constraints mappings 0
Number of constraints 0
  Population no.                           :      4
  Population size                          :    100
  Number of duplicates                     :      0
  Number of niche violations               :      0
  Number of errors                         :      6

Number of constraints mappings 0
Number of constraints 0
  Population no.                           :      5
  Population size                          :    100
  Number of duplicates                     :      0
  Number of niche violations               :      0
  Number of errors                         :      7


Doing GA, no. of population(s) 5 size 100 selection pressure 1.100000

 Operation      Score     S(PLP)   S(hbond)     S(cho)   S(metal)  DE(clash)   DE(tors)     intcor
         0      23.49     -26.90       0.15       0.00       0.00       0.00       2.11       0.36
      2673      24.16     -43.19       0.00       0.00       0.00      12.77       3.31       0.36
      2875      36.05     -43.33       0.00       0.00       0.00       0.00       3.82       0.36
      5110      40.75     -48.08       0.00       0.00       0.00       0.00       3.84       0.36
      5769      49.99     -57.31       0.00       0.00       0.00       0.00       3.84       0.36
      8169      50.00     -57.29       0.00       0.00       0.00       0.00       3.83       0.36
      8660      52.65     -59.65       0.00       0.00       0.00       0.00       3.68       0.36
      9494      52.66     -59.41       0.00       0.00       0.00       0.00       3.55       0.36
     10979      52.87     -59.72       0.00       0.00       0.00       0.00       3.61       0.36
     12194      54.11     -59.78       0.00       0.00       0.00       0.00       3.02       0.36
     13415      54.35     -57.19       0.86       0.00       0.00       0.00       2.89       0.36
     13720      54.65     -60.96       0.00       0.00       0.00       0.00       3.34       0.36
     14204      56.06     -61.49       0.00       0.00       0.00       0.00       2.90       0.36
     14918      57.56     -63.94       0.00       0.00       0.00       1.80       2.47       0.36
     18904      58.66     -62.71       0.00       0.00       0.00       0.00       2.21       0.36
     19498      58.74     -62.78       0.00       0.00       0.00       0.00       2.21       0.36
     20274      58.79     -62.81       0.00       0.00       0.00       0.00       2.19       0.36
     20341      59.10     -64.03       0.15       0.00       0.00       0.00       2.88       0.36
     20599      59.21     -62.94       0.00       0.00       0.00       0.00       2.04       0.36
     21176      59.52     -63.12       0.60       0.00       0.00       0.00       2.88       0.36
     21648      59.54     -63.59       0.00       0.00       0.00       0.00       2.21       0.36
     22999      60.02     -63.74       0.00       0.00       0.00       0.00       2.04       0.36
     24705      60.26     -63.97       0.00       0.00       0.00       0.00       2.03       0.36
     27300      60.84     -64.54       0.00       0.00       0.00       0.00       2.03       0.36
     28350      61.02     -64.77       0.00       0.00       0.00       0.00       2.06       0.36
     29040      61.40     -65.10       0.00       0.00       0.00       0.00       2.03       0.36
     34103      61.55     -65.01       0.00       0.00       0.00       0.00       1.91       0.36
     34579      61.57     -65.20       0.00       0.00       0.00       0.00       2.00       0.36
     35286      61.58     -65.20       0.00       0.00       0.00       0.00       1.99       0.36
     35413      61.76     -65.23       0.00       0.00       0.00       0.00       1.91       0.36
     37068      61.97     -65.55       0.00       0.00       0.00       0.00       1.97       0.36
     38638      62.21     -65.80       0.00       0.00       0.00       0.00       1.97       0.36
     39959      63.94     -66.08       0.00       0.00       0.00       0.00       1.25       0.36
     40983      64.41     -66.31       0.00       0.00       0.00       0.00       1.13       0.36
     44908      64.45     -68.06       0.00       0.00       0.00       0.00       1.98       0.36
     45923      64.47     -68.07       0.00       0.00       0.00       0.00       1.98       0.36
     51415      64.51     -68.05       0.00       0.00       0.00       0.00       1.95       0.36
     53873      64.58     -68.07       0.00       0.00       0.00       0.00       1.93       0.36
     54131      64.59     -68.07       0.00       0.00       0.00       0.00       1.92       0.36
     54711      64.59     -68.07       0.00       0.00       0.00       0.00       1.92       0.36
     56466      64.60     -68.09       0.00       0.00       0.00       0.00       1.93       0.36
     58976      64.61     -68.11       0.00       0.00       0.00       0.00       1.93       0.36
     59035      64.79     -65.99       1.00       0.00       0.00       0.00       2.28       0.36
     59304      64.94     -66.39       1.00       0.00       0.00       0.00       2.41       0.36
     59393      64.96     -66.12       1.00       0.00       0.00       0.00       2.26       0.36
     61567      65.92     -67.47       1.00       0.00       0.00       0.00       2.46       0.36
     62694      66.54     -67.99       1.00       0.00       0.00       0.00       2.41       0.36
     63988      66.83     -68.38       1.00       0.00       0.00       0.00       2.46       0.36
     64359      66.88     -68.22       1.00       0.00       0.00       0.00       2.35       0.36
     65163      67.90     -69.45       1.00       0.00       0.00       0.00       2.46       0.36
     65488      67.93     -69.47       1.00       0.00       0.00       0.00       2.45       0.36
     66873      67.95     -69.46       1.00       0.00       0.00       0.00       2.43       0.36
     67382      68.00     -69.33       1.00       0.00       0.00       0.00       2.35       0.36
--------------------------------------------------------------------------------
Best docking solution after GA:
     68000      68.00     -69.33       1.00       0.00       0.00       0.00       2.35       0.36

#ops:      68000 #mutates:  32178 #cross:    32429 #migrate:   3393 
#dups:     20455 #niche:    43893 #errors:     221 
--------------------------------------------------------------------------------

Doing AMOEBA simplex on best individual
Done simplexing #iterations 659, best score  69.73

Ligand is stored in gold_soln_3ny9_m1_4.mol2


--------------------------------------------------------------------------------
--- CHEMPLP breakdown of terms                                               ---
--------------------------------------------------------------------------------
CHEMPLP = - ( 1.0000*S(PLP) + -3.0000*S(hbond) + -6.0000*S(metal) + -3.0000*S(cho) )

Score = CHEMPLP - 1.0000*DE(clash) - 2.0000*DE(tors)

Internal energy term has been corrected with the best internal energy encountered.

--------------------------------------------------------------------------------


     Score     S(PLP)   S(hbond)     S(cho)   S(metal)  DE(clash)   DE(tors)     intcor
     69.73     -71.18       0.99       0.00       0.00       0.00       2.39       0.36

--------------------------------------------------------------------------------
--- PLP analysis of protein-ligand interactions                              ---
--------------------------------------------------------------------------------
hydrogen bonding        :      -1.00
metal                   :       0.00
buried (polar-nonpolar) :      -8.74
nonpolar                :     -63.37
repulsive               :       0.10
--------------------------------------------------------------------------------


--------------------------------------------------------------------------------
--- ChemScore analysis of protein-ligand interactions                        ---
--------------------------------------------------------------------------------

* Hydrogen bonds                                                                
Ligand donor   11 hydrogen   31 Protein acceptor 1334 bond energy  1.00 wt 0.99


* CH..O interactions                                                            
  CH group selection                       : activated ring CH (adjacent to hetatom)

--------------------------------------------------------------------------------


--------------------------------------------------------------------------------
--- Intra-ligand clashes                                                     ---
--------------------------------------------------------------------------------

Ligand
--------------------------------------------------------------------------------


--------------------------------------------------------------------------------
--- Chromosome decoded                                                       ---
--------------------------------------------------------------------------------
Ligand Torsions
[   4    5    1    3]    6.44    matched torsion: ester
[   3    1    8    7]  -56.36
[  22    2   21   20] -113.31
[  23   22    2   21]   76.97
[   6    4    5    1]  169.51
[  17   18    9   19]   -2.39    matched torsion: ortho-substituoed aromatic-aliphatic ether
[  20   19    9   18]   71.50
[  31   11   20   19] -141.42
[  11   20   19    9]   25.18
[   2   21   20   11] -155.08
Protein Torsions
[4175 4166 4165 4163]  -42.57 
[1294 1290 1288 1285]  -23.16 
[4033 4024 4023 4021]   59.23 
[1412 1408 1406 1403] -176.09 
[2830 2825 2824 2821] -103.19 
[2723 2714 2713 2711]  161.69 
[2773 2768 2767 2764] -126.64 
Mapping
Ligand acceptors to protein hydrogens (mapping then atom ids)
Ligand hydrogens to protein acceptors (mapping then atom ids)
  2   5 [ 31->1334]
Ligand shape atoms to protein points (mapping then atom ids & coords)
  3  3145 [ 12->(-32.250   6.250   8.500)]
  4  2092 [ 15->(-34.000   6.000   5.000)]
  5  2912 [ 16->(-32.750   7.750   5.250)]
  6  3075 [ 17->(-32.500   8.250   5.750)]
  7  3827 [ 19->(-31.250   8.250   6.250)]
  8  3739 [ 20->(-31.500   9.750   7.000)]
  9  4131 [ 21->(-30.750  11.250   7.250)]
 10  5176 [ 22->(-27.000  12.750   5.500)]
 11  5433 [ 23->(-26.500  12.000   5.250)]
Chromosome values
Integers:
  -1   -1   -1   -1   -1   -1    4   -1   -1 3144 2091 2911 
3074 3826 3738 4130 5175 5432   -1 
--------------------------------------------------------------------------------

Current Ranking  1  3  4  2

Top  3 (of  4) solutions are within 1.000 RMSD, finishing docking E:/Projekt modelowanie/beta2/ligandy/3ny9.mol2.


--------------------------------------------------------------------------------

* GA execution time :                                                           
  total  4.9999 user  4.9999 sys  0.0000

--------------------------------------------------------------------------------
Fitness function evaluations: 110808

--------------------------------------------------------------------------------
--- Ranking analysis                                                         ---
--------------------------------------------------------------------------------


* Final ranked order of GA solutions:                                           
   1  3  4  2 

  _______________________________
  RMSD Matrix of RANKED solutions

        2    3    4  

   1 :  0.3  0.9  1.7
   2 :       0.9  1.6
   3 :            2.0

  Clustering method                        : complete linkage
  Structure ids in cluster table           : rank nos.
  Ordering of clusters and their members   : by rank (order if from rms_analysis)

  Distance | Clusters
   0.34    |  1  2 |  3 |  4 |
   0.92    |  1  2  3 |  4 |
   1.96    |  1  2  3  4 |
  Finished Docking Ligand                  : E:/Projekt modelowanie/beta2/ligandy/3ny9.mol2
--------------------------------------------------------------------------------

  Relative_Ligand_Energy (best encountered) :   0.363
  Relative_Ligand_Energy: fitness values have been corrected using this amount
