
--------------------------------------------------------------------------------
--- Ligand                                                                   ---
--------------------------------------------------------------------------------
  Ligand loaded from file                  : E:/Projekt modelowanie/beta2/ligandy/4qkx.mol2
  Ligand name                              :  
  "C:\Users\porto\OneDrive\projekt\beta2\ligandy\L_4qkx.pdb L_4qkx.pdb 1    "

--------------------------------------------------------------------------------
  N.plc donors                             : 
  none found

  Acidic nitrogen acceptors                : 
  none found
  Sulfur acceptors                         :
  26 : (thiol or thioether)    (S)  

  Donor atoms                              :      4
  20  21  22  23  
  Acceptor atoms                           :      6
  20  21  22  23  24  25  

  Hydrogens                                :  (n = 4)
  47   48   49   50   

  Lone pairs added to molecule             :     11
  Numbering                                : from 52 to 62

* Rotatable bonds in E:/Projekt modelowan  :  none found

--------------------------------------------------------------------------------
--- Shape fitting atoms selection (hydrophobic atoms)                        ---
--------------------------------------------------------------------------------
  Molecule                                 : E:/Projekt modelowanie/beta2/ligandy/4qkx.mol2
  Selection                                : carbons only
  Atom numbers                             :  (n = 13)
  1    2    3    4    5    6    7    8    9    10   
  11   12   19   


--------------------------------------------------------------------------------
--- ChemScore ligand setup summary                                           ---
--------------------------------------------------------------------------------
  ChemScore ligand acceptors               :      6
  20 21 22 23 24 25 
  ChemScore ligand donors                  :      4
  20 ( 47  ) 21 ( 48  ) 22 ( 49  ) 23 ( 50  ) 
  ChemScore ligand CH donors               :      0
  

  ChemScore ligand lipophilic atoms        :  (n = 20)
  1    2    3    4    5    6    7    8    9    10   
  11   12   13   14   15   16   17   18   19   26   
  

  ChemScore ligand rotatable bonds         :      0

--------------------------------------------------------------------------------
--- PLP ligand setup summary                                                 ---
--------------------------------------------------------------------------------
    1   CAA   C.3 NONPOLAR
    2   CAF  C.ar NONPOLAR
    3   CAG  C.ar NONPOLAR
    4   CAH  C.ar NONPOLAR
    5   CAI  C.ar NONPOLAR
    6   CAJ  C.ar NONPOLAR
    7   CAK  C.ar NONPOLAR
    8   CAL   C.3 NONPOLAR
    9   CAM   C.3 NONPOLAR
   10   CAN   C.3 NONPOLAR
   11   CAO   C.3 NONPOLAR
   12   CAP   C.3 NONPOLAR
   13   CAT  C.ar NONPOLAR
   14   CAU  C.ar NONPOLAR
   15   CAV  C.ar NONPOLAR
   16   CAW  C.ar NONPOLAR
   17   CAX  C.ar NONPOLAR
   18   CAY  C.ar NONPOLAR
   19   CAZ   C.3 NONPOLAR
   20   NAQ   N.3 DONACC
   21   OAB   O.3 DONACC
   22   OAC   O.3 DONACC
   23   OAD   O.3 DONACC
   24   OAR   O.3 ACCEPTOR
   25   OAS   O.3 ACCEPTOR
   26   SAE   S.3 NONPOLAR

--------------------------------------------------------------------------------
--- Automatic parameter setting                                              ---
--------------------------------------------------------------------------------
  Contribution base                        :   2500
  Contribution per rotatable bond          :   6000
  Contribution per df                      :   4000
  Contribution per water                   :  10000
  Ligand rotatable bonds                   :      0
  Protein flexible side chain bonds        :      0
  Total rotatable bonds                    :      0
  Hydrophobic vol ratio (P/L)              :   0.862
  Base multiplier (polar)                  :   2.000
  Base multiplier (apolar)                 :   2.242
  Base contribution                        : 10000.000
  Fitting points                           :     10
  Estimated maxops needed (optimal)        :  10500

--------------------------------------------------------------------------------

* Population settings                                                           
  maxops                                   :  10500
  popsiz                                   :    100
  select_pressure                          :   1.100
  n_islands                                :      1
  niche_siz                                :      2

* GA settings                                                                   
  pt_crosswt                               :     95
  allele_mutatewt                          :     95
  migratewt                                :     10

* Search settings                                                               
  start_vdw_linear_cutoff                  :   4.000
  initial_virtual_pt_match_max             :   3.000

--------------------------------------------------------------------------------

* Ligand initialisation time :                                                  
  total  0.0000 user  0.0000 sys  0.0000

--------------------------------------------------------------------------------

--------------------------------------------------------------------------------
** Docking run number  1 **
--------------------------------------------------------------------------------
  Rank fitness base is 5000.00 ; increment is 11.2233

* Initialising population(s) ...                                                
Number of constraints mappings 0
Number of constraints 0
  Population no.                           :      1
  Population size                          :    100
  Number of duplicates                     :      0
  Number of niche violations               :      1
  Number of errors                         :     26


Doing GA, no. of population(s) 1 size 100 selection pressure 1.100000

 Operation      Score     S(PLP)   S(hbond)     S(cho)   S(metal)  DE(clash)   DE(tors)     intcor
         0      25.77     -25.77       0.00       0.00       0.00       0.00       0.00       0.00
       344      30.32     -30.32       0.00       0.00       0.00       0.00       0.00       0.00
       429      33.73     -33.73       0.00       0.00       0.00       0.00       0.00       0.00
       551      33.78     -33.78       0.00       0.00       0.00       0.00       0.00       0.00
       603      34.38     -34.38       0.00       0.00       0.00       0.00       0.00       0.00
       653      34.63     -34.63       0.00       0.00       0.00       0.00       0.00       0.00
       798      38.38     -38.38       0.00       0.00       0.00       0.00       0.00       0.00
       834      44.07     -43.93       0.05       0.00       0.00       0.00       0.00       0.00
       887      44.77     -43.93       0.28       0.00       0.00       0.00       0.00       0.00
      1103      44.86     -43.93       0.31       0.00       0.00       0.00       0.00       0.00
      1183      45.03     -43.89       0.38       0.00       0.00       0.00       0.00       0.00
      1223      45.18     -43.89       0.43       0.00       0.00       0.00       0.00       0.00
      1226      51.46     -49.24       0.74       0.00       0.00       0.00       0.00       0.00
      3883      52.17     -49.70       0.82       0.00       0.00       0.00       0.00       0.00
      6345      52.81     -49.41       1.13       0.00       0.00       0.00       0.00       0.00
      6515      53.53     -47.60       1.98       0.00       0.00       0.00       0.00       0.00
      7577      54.69     -49.92       1.59       0.00       0.00       0.00       0.00       0.00
      7615      55.32     -49.92       1.80       0.00       0.00       0.00       0.00       0.00
      7954      55.36     -49.92       1.82       0.00       0.00       0.00       0.00       0.00
      8995      55.37     -49.54       1.94       0.00       0.00       0.00       0.00       0.00
      9174      55.42     -49.54       1.96       0.00       0.00       0.00       0.00       0.00
      9846      56.39     -50.46       1.98       0.00       0.00       0.00       0.00       0.00
     10296      56.44     -50.46       1.99       0.00       0.00       0.00       0.00       0.00
--------------------------------------------------------------------------------
Best docking solution after GA:
     10500      56.44     -50.46       1.99       0.00       0.00       0.00       0.00       0.00

#ops:      10500 #mutates:   4910 #cross:     5071 #migrate:    519 
#dups:      5014 #niche:     5528 #errors:      23 
--------------------------------------------------------------------------------

Doing AMOEBA simplex on best individual
Done simplexing #iterations 462, best score  57.86

Ligand is stored in gold_soln_4qkx_m1_1.mol2


--------------------------------------------------------------------------------
--- CHEMPLP breakdown of terms                                               ---
--------------------------------------------------------------------------------
CHEMPLP = - ( 1.0000*S(PLP) + -3.0000*S(hbond) + -6.0000*S(metal) + -3.0000*S(cho) )

Score = CHEMPLP - 1.0000*DE(clash) - 2.0000*DE(tors)

Internal energy term has been corrected with the best internal energy encountered.

--------------------------------------------------------------------------------


     Score     S(PLP)   S(hbond)     S(cho)   S(metal)  DE(clash)   DE(tors)     intcor
     57.86     -51.86       2.00       0.00       0.00       0.00       0.00       0.00

--------------------------------------------------------------------------------
--- PLP analysis of protein-ligand interactions                              ---
--------------------------------------------------------------------------------
hydrogen bonding        :      -8.66
metal                   :       0.00
buried (polar-nonpolar) :       5.32
nonpolar                :     -50.18
repulsive               :       0.00
--------------------------------------------------------------------------------


--------------------------------------------------------------------------------
--- ChemScore analysis of protein-ligand interactions                        ---
--------------------------------------------------------------------------------

* Hydrogen bonds                                                                
Ligand donor   20 hydrogen   47 Protein acceptor 4024 bond energy  1.00 wt 1.00
Protein donor 2714 hydrogen 2723 Ligand acceptor   22 bond energy  1.00 wt 1.00


* CH..O interactions                                                            
  CH group selection                       : activated ring CH (adjacent to hetatom)

--------------------------------------------------------------------------------


--------------------------------------------------------------------------------
--- Intra-ligand clashes                                                     ---
--------------------------------------------------------------------------------

Ligand
--------------------------------------------------------------------------------


--------------------------------------------------------------------------------
--- Chromosome decoded                                                       ---
--------------------------------------------------------------------------------
Protein Torsions
[4175 4166 4165 4163]   25.82 
[1294 1290 1288 1285]  114.26 
[4033 4024 4023 4021]  178.12 
[1412 1408 1406 1403]   29.02 
[2830 2825 2824 2821]  -60.95 
[2723 2714 2713 2711] -116.12 
[2773 2768 2767 2764] -123.31 
Mapping
Ligand acceptors to protein hydrogens (mapping then atom ids)
Ligand hydrogens to protein acceptors (mapping then atom ids)
Ligand shape atoms to protein points (mapping then atom ids & coords)
  2  5370 [  2->(-26.500   9.250   7.250)]
  3  1663 [  3->(-34.500   5.000   8.250)]
  4  5342 [  4->(-26.500   8.500   7.250)]
  5  1836 [  5->(-34.250   5.000   8.500)]
  6  4852 [  6->(-27.500   9.250   6.250)]
  7  2821 [  7->(-32.750   5.500   9.250)]
 10   151 [ 10->(-38.250   4.250   9.500)]
Chromosome values
Integers:
  -1   -1   -1   -1   -1   -1   -1   -1   -1   -1   -1 5369 
1662 5341 1835 4851 2820   -1   -1  150   -1   -1   -1 
--------------------------------------------------------------------------------

Current Ranking  1

--------------------------------------------------------------------------------

* GA execution time :                                                           
  total  0.9997 user  0.9996 sys  0.0000

--------------------------------------------------------------------------------
Fitness function evaluations: 18259

--------------------------------------------------------------------------------
** Docking run number  2 **
--------------------------------------------------------------------------------
  Rank fitness base is 5000.00 ; increment is 11.2233

* Initialising population(s) ...                                                
Number of constraints mappings 0
Number of constraints 0
  Population no.                           :      1
  Population size                          :    100
  Number of duplicates                     :      0
  Number of niche violations               :      3
  Number of errors                         :     21


Doing GA, no. of population(s) 1 size 100 selection pressure 1.100000

 Operation      Score     S(PLP)   S(hbond)     S(cho)   S(metal)  DE(clash)   DE(tors)     intcor
         0      28.89     -28.89       0.00       0.00       0.00       0.00       0.00       0.00
        76      29.04     -28.89       0.05       0.00       0.00       0.00       0.00       0.00
       106      29.10     -28.89       0.07       0.00       0.00       0.00       0.00       0.00
       154      32.02     -32.02       0.00       0.00       0.00       0.00       0.00       0.00
       347      41.58     -41.44       0.05       0.00       0.00       0.00       0.00       0.00
       541      45.21     -42.60       0.87       0.00       0.00       0.00       0.00       0.00
       598      45.49     -44.56       0.31       0.00       0.00       0.00       0.00       0.00
       640      46.30     -46.09       0.07       0.00       0.00       0.00       0.00       0.00
      1186      47.45     -46.09       0.45       0.00       0.00       0.00       0.00       0.00
      1216      49.82     -47.10       0.90       0.00       0.00       0.00       0.00       0.00
      2241      50.07     -47.53       0.85       0.00       0.00       0.00       0.00       0.00
      2541      50.36     -47.53       0.94       0.00       0.00       0.00       0.00       0.00
      2748      50.85     -48.69       0.72       0.00       0.00       0.00       0.00       0.00
      3553      51.20     -49.44       0.59       0.00       0.00       0.00       0.00       0.00
      4277      51.26     -49.44       0.61       0.00       0.00       0.00       0.00       0.00
      4389      51.60     -49.44       0.72       0.00       0.00       0.00       0.00       0.00
      4392      51.81     -48.89       0.98       0.00       0.00       0.00       0.00       0.00
      4466      52.40     -49.42       0.99       0.00       0.00       0.00       0.00       0.00
      5643      52.42     -49.50       0.98       0.00       0.00       0.00       0.00       0.00
      5800      53.45     -50.45       1.00       0.00       0.00       0.00       0.00       0.00
      6999      54.48     -50.45       1.34       0.00       0.00       0.00       0.00       0.00
      8099      54.57     -50.45       1.37       0.00       0.00       0.00       0.00       0.00
      8135      54.67     -50.45       1.41       0.00       0.00       0.00       0.00       0.00
      8445      54.90     -49.12       1.93       0.00       0.00       0.00       0.00       0.00
      8506      54.95     -49.12       1.94       0.00       0.00       0.00       0.00       0.00
      9293      54.96     -50.65       1.44       0.00       0.00       0.00       0.00       0.00
      9369      55.01     -50.65       1.46       0.00       0.00       0.00       0.00       0.00
      9379      55.11     -49.57       1.85       0.00       0.00       0.00       0.00       0.00
      9589      55.13     -50.52       1.54       0.00       0.00       0.00       0.00       0.00
      9655      55.47     -50.52       1.65       0.00       0.00       0.00       0.00       0.00
     10245      55.53     -50.29       1.75       0.00       0.00       0.00       0.00       0.00
--------------------------------------------------------------------------------
Best docking solution after GA:
     10500      55.53     -50.29       1.75       0.00       0.00       0.00       0.00       0.00

#ops:      10500 #mutates:   4988 #cross:     5003 #migrate:    509 
#dups:      5095 #niche:     6044 #errors:      83 
--------------------------------------------------------------------------------

Doing AMOEBA simplex on best individual
Done simplexing #iterations 406, best score  57.86

Ligand is stored in gold_soln_4qkx_m1_2.mol2


--------------------------------------------------------------------------------
--- CHEMPLP breakdown of terms                                               ---
--------------------------------------------------------------------------------
CHEMPLP = - ( 1.0000*S(PLP) + -3.0000*S(hbond) + -6.0000*S(metal) + -3.0000*S(cho) )

Score = CHEMPLP - 1.0000*DE(clash) - 2.0000*DE(tors)

Internal energy term has been corrected with the best internal energy encountered.

--------------------------------------------------------------------------------


     Score     S(PLP)   S(hbond)     S(cho)   S(metal)  DE(clash)   DE(tors)     intcor
     57.86     -51.86       2.00       0.00       0.00       0.00       0.00       0.00

--------------------------------------------------------------------------------
--- PLP analysis of protein-ligand interactions                              ---
--------------------------------------------------------------------------------
hydrogen bonding        :      -8.67
metal                   :       0.00
buried (polar-nonpolar) :       5.37
nonpolar                :     -50.14
repulsive               :       0.00
--------------------------------------------------------------------------------


--------------------------------------------------------------------------------
--- ChemScore analysis of protein-ligand interactions                        ---
--------------------------------------------------------------------------------

* Hydrogen bonds                                                                
Ligand donor   20 hydrogen   47 Protein acceptor 4024 bond energy  1.00 wt 1.00
Protein donor 2714 hydrogen 2723 Ligand acceptor   22 bond energy  1.00 wt 1.00


* CH..O interactions                                                            
  CH group selection                       : activated ring CH (adjacent to hetatom)

--------------------------------------------------------------------------------


--------------------------------------------------------------------------------
--- Intra-ligand clashes                                                     ---
--------------------------------------------------------------------------------

Ligand
--------------------------------------------------------------------------------


--------------------------------------------------------------------------------
--- Chromosome decoded                                                       ---
--------------------------------------------------------------------------------
Protein Torsions
[4175 4166 4165 4163] -106.12 
[1294 1290 1288 1285] -179.92 
[4033 4024 4023 4021] -113.81 
[1412 1408 1406 1403]  177.30 
[2830 2825 2824 2821]  -57.77 
[2723 2714 2713 2711] -113.49 
[2773 2768 2767 2764]  -86.40 
Mapping
Ligand acceptors to protein hydrogens (mapping then atom ids)
  2  12 [ 21->2773]
Ligand hydrogens to protein acceptors (mapping then atom ids)
Ligand shape atoms to protein points (mapping then atom ids & coords)
  3  2289 [  3->(-33.750   6.250   7.750)]
 11  2968 [ 11->(-32.500   5.750   8.000)]
Chromosome values
Integers:
  -1   11   -1   -1   -1   -1   -1   -1   -1   -1   -1   -1 
2288   -1   -1   -1   -1   -1   -1   -1 2967   -1   -1 
--------------------------------------------------------------------------------

Current Ranking  2  1

--------------------------------------------------------------------------------

* GA execution time :                                                           
  total  0.0007 user  0.0007 sys  0.0000

--------------------------------------------------------------------------------
Fitness function evaluations: 17986

--------------------------------------------------------------------------------
** Docking run number  3 **
--------------------------------------------------------------------------------
  Rank fitness base is 5000.00 ; increment is 11.2233

* Initialising population(s) ...                                                
Number of constraints mappings 0
Number of constraints 0
  Population no.                           :      1
  Population size                          :    100
  Number of duplicates                     :      0
  Number of niche violations               :      1
  Number of errors                         :     18


Doing GA, no. of population(s) 1 size 100 selection pressure 1.100000

 Operation      Score     S(PLP)   S(hbond)     S(cho)   S(metal)  DE(clash)   DE(tors)     intcor
         0      12.98     -12.98       0.00       0.00       0.00       0.00       0.00       0.00
        40      13.02     -12.98       0.01       0.00       0.00       0.00       0.00       0.00
        45      13.46     -12.98       0.16       0.00       0.00       0.00       0.00       0.00
       279      39.58     -39.58       0.00       0.00       0.00       0.00       0.00       0.00
       479      42.31     -42.31       0.00       0.00       0.00       0.00       0.00       0.00
       820      42.58     -42.56       0.01       0.00       0.00       0.00       0.00       0.00
       837      43.60     -42.27       0.44       0.00       0.00       0.00       0.00       0.00
       959      46.89     -45.75       0.38       0.00       0.00       0.00       0.00       0.00
      1232      49.55     -47.40       0.72       0.00       0.00       0.00       0.00       0.00
      1306      50.37     -47.40       0.99       0.00       0.00       0.00       0.00       0.00
      2886      50.68     -47.65       1.01       0.00       0.00       0.00       0.00       0.00
      2899      51.48     -48.33       1.05       0.00       0.00       0.00       0.00       0.00
      3449      51.63     -48.46       1.06       0.00       0.00       0.00       0.00       0.00
      3606      51.78     -48.55       1.08       0.00       0.00       0.00       0.00       0.00
      4160      52.12     -48.50       1.20       0.00       0.00       0.00       0.00       0.00
      4937      53.24     -48.73       1.50       0.00       0.00       0.00       0.00       0.00
      6310      53.35     -48.84       1.50       0.00       0.00       0.00       0.00       0.00
      6385      55.09     -50.86       1.41       0.00       0.00       0.00       0.00       0.00
      8036      55.25     -51.29       1.32       0.00       0.00       0.00       0.00       0.00
      9710      55.29     -51.21       1.36       0.00       0.00       0.00       0.00       0.00
     10171      55.44     -51.28       1.39       0.00       0.00       0.00       0.00       0.00
--------------------------------------------------------------------------------
Best docking solution after GA:
     10500      55.44     -51.28       1.39       0.00       0.00       0.00       0.00       0.00

#ops:      10500 #mutates:   5026 #cross:     4953 #migrate:    521 
#dups:      6849 #niche:     5990 #errors:      14 
--------------------------------------------------------------------------------

Doing AMOEBA simplex on best individual
Done simplexing #iterations 370, best score  57.81

Ligand is stored in gold_soln_4qkx_m1_3.mol2


--------------------------------------------------------------------------------
--- CHEMPLP breakdown of terms                                               ---
--------------------------------------------------------------------------------
CHEMPLP = - ( 1.0000*S(PLP) + -3.0000*S(hbond) + -6.0000*S(metal) + -3.0000*S(cho) )

Score = CHEMPLP - 1.0000*DE(clash) - 2.0000*DE(tors)

Internal energy term has been corrected with the best internal energy encountered.

--------------------------------------------------------------------------------


     Score     S(PLP)   S(hbond)     S(cho)   S(metal)  DE(clash)   DE(tors)     intcor
     57.81     -51.83       1.99       0.00       0.00       0.00       0.00       0.00

--------------------------------------------------------------------------------
--- PLP analysis of protein-ligand interactions                              ---
--------------------------------------------------------------------------------
hydrogen bonding        :      -8.58
metal                   :       0.00
buried (polar-nonpolar) :       4.92
nonpolar                :     -50.28
repulsive               :       0.00
--------------------------------------------------------------------------------


--------------------------------------------------------------------------------
--- ChemScore analysis of protein-ligand interactions                        ---
--------------------------------------------------------------------------------

* Hydrogen bonds                                                                
Ligand donor   20 hydrogen   47 Protein acceptor 4024 bond energy  1.00 wt 1.00
Protein donor 2714 hydrogen 2723 Ligand acceptor   22 bond energy  1.00 wt 0.99


* CH..O interactions                                                            
  CH group selection                       : activated ring CH (adjacent to hetatom)

--------------------------------------------------------------------------------


--------------------------------------------------------------------------------
--- Intra-ligand clashes                                                     ---
--------------------------------------------------------------------------------

Ligand
--------------------------------------------------------------------------------


--------------------------------------------------------------------------------
--- Chromosome decoded                                                       ---
--------------------------------------------------------------------------------
Protein Torsions
[4175 4166 4165 4163] -126.31 
[1294 1290 1288 1285]  -12.23 
[4033 4024 4023 4021] -178.08 
[1412 1408 1406 1403]   23.83 
[2830 2825 2824 2821] -170.61 
[2723 2714 2713 2711] -109.51 
[2773 2768 2767 2764]  -92.61 
Mapping
Ligand acceptors to protein hydrogens (mapping then atom ids)
  2  12 [ 21->2773]
  3  11 [ 22->2723]
Ligand hydrogens to protein acceptors (mapping then atom ids)
  3   9 [ 49->2825]
Ligand shape atoms to protein points (mapping then atom ids & coords)
  3  2237 [  3->(-33.750   5.500   6.500)]
  5   643 [  5->(-36.750   4.750   9.750)]
  7  1801 [  7->(-34.250   4.250   9.250)]
 10   210 [ 10->(-38.000   4.250   9.750)]
 11  3144 [ 11->(-32.250   6.250   8.250)]
 13  5321 [ 19->(-26.500   7.750   7.000)]
Chromosome values
Integers:
  -1   11   10   -1   -1   -1   -1   -1    8   -1   -1   -1 
2236   -1  642   -1 1800   -1   -1  209 3143   -1 5320 
--------------------------------------------------------------------------------

Current Ranking  2  1  3

Top  3 (of  3) solutions are within 1.000 RMSD, finishing docking E:/Projekt modelowanie/beta2/ligandy/4qkx.mol2.


--------------------------------------------------------------------------------

* GA execution time :                                                           
  total  0.9998 user  0.9998 sys  0.0000

--------------------------------------------------------------------------------
Fitness function evaluations: 17748

--------------------------------------------------------------------------------
--- Ranking analysis                                                         ---
--------------------------------------------------------------------------------


* Final ranked order of GA solutions:                                           
   2  1  3 

  _______________________________
  RMSD Matrix of RANKED solutions

        2    3  

   1 :  0.0  0.0
   2 :       0.0

  Clustering method                        : complete linkage
  Structure ids in cluster table           : rank nos.
  Ordering of clusters and their members   : by rank (order if from rms_analysis)

  Distance | Clusters
   0.00    |  1  2 |  3 |
   0.02    |  1  2  3 |
  Finished Docking Ligand                  : E:/Projekt modelowanie/beta2/ligandy/4qkx.mol2
--------------------------------------------------------------------------------

  Relative_Ligand_Energy (best encountered) :   0.000
  Relative_Ligand_Energy: fitness values have been corrected using this amount
