
--------------------------------------------------------------------------------
--- Ligand                                                                   ---
--------------------------------------------------------------------------------
  Ligand loaded from file                  : E:/Projekt modelowanie/beta2/ligandy/4ldo.mol2
  Ligand name                              :  
  "C:\Users\porto\OneDrive\projekt\beta2\ligandy\L_4ldo.pdb L_4ldo.pdb 1    "

--------------------------------------------------------------------------------
  N.plc donors                             : 
  none found

  Acidic nitrogen acceptors                : 
  none found
  Sulfur acceptors                         :
  none found


  Donor atoms                              :      4
  2   3   5   7   
  Acceptor atoms                           :      4
  2   3   5   7   

  Hydrogens                                :  (n = 4)
  14   15   17   18   

  Lone pairs added to molecule             :      7
  Numbering                                : from 27 to 33

--------------------------------------------------------------------------------
--- Postprocessing of typing                                                 ---
--------------------------------------------------------------------------------
  Fragment file                            : C:\Program Files (x86)\CCDC/GoldSuite_2017\GOLD\gold\rotatable_bond_override.mol2
  acylurea fragment                        : no matches
  thioacylthiourea fragment                : no matches
  acylthiourea fragment                    : no matches
  thioacylurea fragment                    : no matches
  diarylamine fragment >C.ar-NH-C.ar<      : no matches
  sec-amine (1) fragment                   : no matches
  sec-amine (2) fragment                   : no matches
  sec-amine (3) fragment                   : no matches
  carboxylic ester                         : no matches

* Rotatable bonds in E:/Projekt modelowan  :
  [   1   11] [   2   12] [   3    6] [   5    8] 
  [   7   11] [  11   12] 
  No. of rotatable bonds                   :      6


* Fragments found in E:/Projekt modelowan  :
  atom   1: benzene
  atom   4: benzene
  atom   6: benzene
  atom   8: benzene
  atom   9: benzene
  atom  10: benzene


* Checking torsion distributions:                                               
  No. of matched torsions                  :      0

--------------------------------------------------------------------------------
--- Shape fitting atoms selection (hydrophobic atoms)                        ---
--------------------------------------------------------------------------------
  Molecule                                 : E:/Projekt modelowanie/beta2/ligandy/4ldo.mol2
  Selection                                : carbons only
  Atom numbers                             :  (n = 6)
  4    9    10   11   12   13   


--------------------------------------------------------------------------------
--- ChemScore ligand setup summary                                           ---
--------------------------------------------------------------------------------
  ChemScore ligand acceptors               :      4
  2 3 5 7 
  ChemScore ligand donors                  :      4
  2 ( 14  ) 3 ( 15  ) 5 ( 17  ) 7 ( 18  ) 
  ChemScore ligand CH donors               :      0
  

  ChemScore ligand lipophilic atoms        :  (n = 9)
  1    4    6    8    9    10   11   12   13   

  ChemScore ligand rotatable bonds         :      6
  1   (C1 ) - 11  (C7 ): SP3_SP2_BOND
  2   (N1 ) - 12  (C8 ): SP3_SP3_BOND
  3   (O1 ) - 6   (C3 ): SP3_SP2_BOND
  5   (O2 ) - 8   (C4 ): SP3_SP2_BOND
  7   (O3 ) - 11  (C7 ): SP3_SP3_BOND
  11  (C7 ) - 12  (C8 ): SP3_SP3_BOND

--------------------------------------------------------------------------------
--- PLP ligand setup summary                                                 ---
--------------------------------------------------------------------------------
    1    C1  C.ar NONPOLAR
    2    N1   N.3 DONACC
    3    O1   O.3 DONACC
    4    C2  C.ar NONPOLAR
    5    O2   O.3 DONACC
    6    C3  C.ar NONPOLAR
    7    O3   O.3 DONACC
    8    C4  C.ar NONPOLAR
    9    C5  C.ar NONPOLAR
   10    C6  C.ar NONPOLAR
   11    C7   C.3 NONPOLAR
   12    C8   C.3 NONPOLAR
   13    C9   C.3 NONPOLAR

--------------------------------------------------------------------------------
--- Automatic parameter setting                                              ---
--------------------------------------------------------------------------------
  Contribution base                        :   2500
  Contribution per rotatable bond          :   6000
  Contribution per df                      :   4000
  Contribution per water                   :  10000
  Ligand rotatable bonds                   :      6
  Protein flexible side chain bonds        :      0
  Total rotatable bonds                    :      6
  Hydrophobic vol ratio (P/L)              :   1.869
  Base multiplier (polar)                  :   1.600
  Base multiplier (apolar)                 :   2.242
  Base contribution                        : 7500.000
  Fitting points                           :      8
  Estimated maxops needed (optimal)        :  44000

--------------------------------------------------------------------------------

* Population settings                                                           
  maxops                                   :  44000
  popsiz                                   :    100
  select_pressure                          :   1.100
  n_islands                                :      4
  niche_siz                                :      2

* GA settings                                                                   
  pt_crosswt                               :     95
  allele_mutatewt                          :     95
  migratewt                                :     10

* Search settings                                                               
  start_vdw_linear_cutoff                  :   4.000
  initial_virtual_pt_match_max             :   3.000

--------------------------------------------------------------------------------

* Ligand initialisation time :                                                  
  total  0.0001 user  0.0000 sys  0.0001

--------------------------------------------------------------------------------

--------------------------------------------------------------------------------
** Docking run number  1 **
--------------------------------------------------------------------------------
  Rank fitness base is 5000.00 ; increment is 11.2233

* Initialising population(s) ...                                                
Number of constraints mappings 0
Number of constraints 0
  Population no.                           :      1
  Population size                          :    100
  Number of duplicates                     :      0
  Number of niche violations               :      0
  Number of errors                         :     31

Number of constraints mappings 0
Number of constraints 0
  Population no.                           :      2
  Population size                          :    100
  Number of duplicates                     :      0
  Number of niche violations               :      0
  Number of errors                         :     25

Number of constraints mappings 0
Number of constraints 0
  Population no.                           :      3
  Population size                          :    100
  Number of duplicates                     :      0
  Number of niche violations               :      0
  Number of errors                         :     26

Number of constraints mappings 0
Number of constraints 0
  Population no.                           :      4
  Population size                          :    100
  Number of duplicates                     :      0
  Number of niche violations               :      0
  Number of errors                         :     35


Doing GA, no. of population(s) 4 size 100 selection pressure 1.100000

 Operation      Score     S(PLP)   S(hbond)     S(cho)   S(metal)  DE(clash)   DE(tors)     intcor
         0      28.27     -27.60       0.59       0.00       0.00       0.00       0.63       0.04
       195      28.56     -28.86       0.00       0.00       0.00       0.00       0.17       0.04
      1102      30.71     -28.11       1.27       0.00       0.00       0.00       0.63       0.03
      2018      33.95     -38.47       0.48       0.00       0.00       3.18       1.41       0.03
      2726      34.18     -37.22       0.98       0.00       0.00       3.18       1.41       0.03
      2758      34.39     -37.33       0.98       0.00       0.00       3.18       1.36       0.03
      2770      36.04     -37.20       1.57       0.00       0.00       3.18       1.36       0.03
      3254      37.14     -39.31       1.23       0.00       0.00       3.18       1.36       0.03
      4363      37.25     -36.40       0.75       0.00       0.00       0.00       0.71       0.02
      4950      37.39     -38.61       1.21       0.00       0.00       2.14       1.37       0.02
      5442      37.44     -39.36       1.13       0.00       0.00       3.18       1.07       0.02
      5998      37.51     -39.36       1.16       0.00       0.00       3.18       1.08       0.02
      6071      38.26     -36.18       0.80       0.00       0.00       0.00       0.17       0.02
      6599      39.00     -36.45       0.86       0.00       0.00       0.00       0.03       0.02
      7127      39.28     -36.61       0.91       0.00       0.00       0.00       0.05       0.02
      8607      39.59     -39.78       1.71       0.00       0.00       3.18       1.07       0.02
      9878      39.74     -37.51       1.11       0.00       0.00       0.00       0.57       0.02
      9892      40.18     -39.97       1.84       0.00       0.00       3.18       1.07       0.02
      9894      40.48     -40.02       1.95       0.00       0.00       3.18       1.12       0.02
     11318      41.23     -39.62       2.33       0.00       0.00       3.18       1.12       0.02
     12274      41.39     -38.28       2.96       0.00       0.00       3.18       1.30       0.02
     12609      41.84     -37.69       1.79       0.00       0.00       0.00       0.61       0.02
     14180      41.91     -37.66       1.82       0.00       0.00       0.00       0.61       0.02
     15173      42.09     -38.99       2.50       0.00       0.00       2.14       1.13       0.02
     16909      42.49     -36.93       2.25       0.00       0.00       0.00       0.60       0.01
     17496      42.91     -40.45       2.86       0.00       0.00       5.45       0.35       0.01
     18884      43.24     -40.22       2.96       0.00       0.00       5.45       0.21       0.01
     19336      43.48     -40.56       2.94       0.00       0.00       5.45       0.24       0.01
     20776      43.50     -40.56       2.94       0.00       0.00       5.45       0.22       0.01
     24748      43.55     -40.59       2.94       0.00       0.00       5.48       0.20       0.01
     25245      43.60     -37.82       2.00       0.00       0.00       0.00       0.12       0.01
     27236      43.86     -38.63       1.82       0.00       0.00       0.00       0.13       0.01
     29967      44.14     -38.66       1.91       0.00       0.00       0.00       0.13       0.00
     31021      44.16     -38.62       1.93       0.00       0.00       0.00       0.12       0.00
     32231      44.27     -38.84       1.90       0.00       0.00       0.00       0.13       0.00
     33296      44.31     -38.87       1.90       0.00       0.00       0.00       0.13       0.00
     33833      44.34     -38.59       2.00       0.00       0.00       0.00       0.13       0.00
     37455      44.78     -39.02       2.00       0.00       0.00       0.00       0.12       0.00
     39043      44.81     -39.05       2.00       0.00       0.00       0.00       0.12       0.00
     40010      44.88     -39.10       2.00       0.00       0.00       0.00       0.11       0.00
     41059      45.05     -39.29       2.00       0.00       0.00       0.00       0.12       0.00
     43443      45.17     -39.40       2.00       0.00       0.00       0.00       0.11       0.00
--------------------------------------------------------------------------------
Best docking solution after GA:
     44000      45.17     -39.40       2.00       0.00       0.00       0.00       0.11       0.00

#ops:      44000 #mutates:  20916 #cross:    20922 #migrate:   2162 
#dups:      9032 #niche:    26253 #errors:     144 
--------------------------------------------------------------------------------

Doing AMOEBA simplex on best individual
Done simplexing #iterations 239, best score  45.52

Ligand is stored in gold_soln_4ldo_m1_1.mol2


--------------------------------------------------------------------------------
--- CHEMPLP breakdown of terms                                               ---
--------------------------------------------------------------------------------
CHEMPLP = - ( 1.0000*S(PLP) + -3.0000*S(hbond) + -6.0000*S(metal) + -3.0000*S(cho) )

Score = CHEMPLP - 1.0000*DE(clash) - 2.0000*DE(tors)

Internal energy term has been corrected with the best internal energy encountered.

--------------------------------------------------------------------------------


     Score     S(PLP)   S(hbond)     S(cho)   S(metal)  DE(clash)   DE(tors)     intcor
     45.52     -39.78       2.00       0.00       0.00       0.00       0.13       0.00

--------------------------------------------------------------------------------
--- PLP analysis of protein-ligand interactions                              ---
--------------------------------------------------------------------------------
hydrogen bonding        :      -2.00
metal                   :       0.00
buried (polar-nonpolar) :      -6.44
nonpolar                :     -32.05
repulsive               :       0.00
--------------------------------------------------------------------------------


--------------------------------------------------------------------------------
--- ChemScore analysis of protein-ligand interactions                        ---
--------------------------------------------------------------------------------

* Hydrogen bonds                                                                
Ligand donor    3 hydrogen   15 Protein acceptor 4098 bond energy  1.00 wt 1.00
Ligand donor    7 hydrogen   18 Protein acceptor 1334 bond energy  1.00 wt 1.00


* CH..O interactions                                                            
  CH group selection                       : activated ring CH (adjacent to hetatom)

--------------------------------------------------------------------------------


--------------------------------------------------------------------------------
--- Intra-ligand clashes                                                     ---
--------------------------------------------------------------------------------

Ligand
--------------------------------------------------------------------------------


--------------------------------------------------------------------------------
--- Chromosome decoded                                                       ---
--------------------------------------------------------------------------------
Ligand Torsions
[   7   11    1    4]  -59.37
[  13    2   12   11]  -50.23
[  15    3    6    4]   38.85
[  17    5    8    6]  -44.95
[  18    7   11    1]  -41.43
[   2   12   11    1] -165.90
Protein Torsions
[4175 4166 4165 4163]   18.58 
[1294 1290 1288 1285]  -43.72 
[4033 4024 4023 4021]   31.35 
[1412 1408 1406 1403]   71.98 
[2830 2825 2824 2821] -144.65 
[2723 2714 2713 2711]  -62.54 
[2773 2768 2767 2764] -147.28 
Mapping
Ligand acceptors to protein hydrogens (mapping then atom ids)
Ligand hydrogens to protein acceptors (mapping then atom ids)
  2   3 [ 15->4098]
  4   5 [ 18->1334]
Ligand shape atoms to protein points (mapping then atom ids & coords)
  1  3342 [  4->(-32.000   7.000   7.250)]
  2  2279 [  9->(-33.750   6.250   5.250)]
  4  3443 [ 11->(-32.000   9.750   6.500)]
  5  4605 [ 12->(-28.500  10.500   6.500)]
  6  4475 [ 13->(-29.500  11.250   7.000)]
Chromosome values
Integers:
  -1   -1   -1   -1   -1    2   -1    4 3341 2278   -1 3442 
4604 4474 
--------------------------------------------------------------------------------

Current Ranking  1

--------------------------------------------------------------------------------

* GA execution time :                                                           
  total  2.0002 user  2.0002 sys  0.0000

--------------------------------------------------------------------------------
Fitness function evaluations: 73186

--------------------------------------------------------------------------------
** Docking run number  2 **
--------------------------------------------------------------------------------
  Rank fitness base is 5000.00 ; increment is 11.2233

* Initialising population(s) ...                                                
Number of constraints mappings 0
Number of constraints 0
  Population no.                           :      1
  Population size                          :    100
  Number of duplicates                     :      0
  Number of niche violations               :      0
  Number of errors                         :     23

Number of constraints mappings 0
Number of constraints 0
  Population no.                           :      2
  Population size                          :    100
  Number of duplicates                     :      0
  Number of niche violations               :      0
  Number of errors                         :     26

Number of constraints mappings 0
Number of constraints 0
  Population no.                           :      3
  Population size                          :    100
  Number of duplicates                     :      0
  Number of niche violations               :      0
  Number of errors                         :     23

Number of constraints mappings 0
Number of constraints 0
  Population no.                           :      4
  Population size                          :    100
  Number of duplicates                     :      0
  Number of niche violations               :      0
  Number of errors                         :     26


Doing GA, no. of population(s) 4 size 100 selection pressure 1.100000

 Operation      Score     S(PLP)   S(hbond)     S(cho)   S(metal)  DE(clash)   DE(tors)     intcor
         0      29.68     -34.64       0.72       0.00       0.00       5.80       0.66       0.00
      2116      30.55     -32.00       0.00       0.00       0.00       0.00       0.73       0.00
      2143      30.65     -32.73       0.00       0.00       0.00       0.00       1.04       0.00
      2512      31.63     -33.77       0.00       0.00       0.00       0.00       1.07       0.00
      2760      33.30     -33.09       0.97       0.00       0.00       0.60       1.05       0.00
      4419      38.34     -34.93       1.65       0.00       0.00       0.00       0.78       0.00
      6044      38.79     -34.79       2.00       0.00       0.00       0.00       1.00       0.00
     11507      39.56     -34.73       2.00       0.00       0.00       0.00       0.59       0.00
     11895      39.61     -34.78       2.00       0.00       0.00       0.00       0.59       0.00
     12721      41.60     -39.08       2.86       0.00       0.00       5.00       0.53       0.00
     12817      41.60     -39.08       2.86       0.00       0.00       5.00       0.53       0.00
     15985      41.86     -39.25       2.88       0.00       0.00       5.00       0.52       0.00
     17621      42.33     -39.78       2.86       0.00       0.00       5.00       0.52       0.00
     18661      42.87     -40.17       2.90       0.00       0.00       5.00       0.49       0.00
     21545      43.38     -40.23       3.00       0.00       0.00       5.00       0.42       0.00
     25592      43.53     -40.53       2.96       0.00       0.00       5.00       0.44       0.00
     27265      43.55     -40.40       3.00       0.00       0.00       5.00       0.43       0.00
     27887      43.57     -40.45       2.99       0.00       0.00       5.00       0.43       0.00
     29992      43.71     -40.72       2.96       0.00       0.00       5.11       0.39       0.00
     32390      43.87     -40.76       2.99       0.00       0.00       5.11       0.38       0.00
     36636      43.90     -40.76       3.00       0.00       0.00       5.11       0.38       0.00
     38502      43.94     -40.82       2.99       0.00       0.00       5.11       0.38       0.00
     40330      44.03     -40.91       2.99       0.00       0.00       5.11       0.38       0.00
--------------------------------------------------------------------------------
Best docking solution after GA:
     44000      44.03     -40.91       2.99       0.00       0.00       5.11       0.38       0.00

#ops:      44000 #mutates:  20838 #cross:    21067 #migrate:   2095 
#dups:      8828 #niche:    24540 #errors:     214 
--------------------------------------------------------------------------------

Doing AMOEBA simplex on best individual
Done simplexing #iterations 291, best score  44.95

Ligand is stored in gold_soln_4ldo_m1_2.mol2


--------------------------------------------------------------------------------
--- CHEMPLP breakdown of terms                                               ---
--------------------------------------------------------------------------------
CHEMPLP = - ( 1.0000*S(PLP) + -3.0000*S(hbond) + -6.0000*S(metal) + -3.0000*S(cho) )

Score = CHEMPLP - 1.0000*DE(clash) - 2.0000*DE(tors)

Internal energy term has been corrected with the best internal energy encountered.

--------------------------------------------------------------------------------


     Score     S(PLP)   S(hbond)     S(cho)   S(metal)  DE(clash)   DE(tors)     intcor
     44.95     -41.78       2.98       0.00       0.00       5.23       0.27       0.00

--------------------------------------------------------------------------------
--- PLP analysis of protein-ligand interactions                              ---
--------------------------------------------------------------------------------
hydrogen bonding        :      -4.00
metal                   :       0.00
buried (polar-nonpolar) :      -6.14
nonpolar                :     -32.59
repulsive               :       0.00
--------------------------------------------------------------------------------


--------------------------------------------------------------------------------
--- ChemScore analysis of protein-ligand interactions                        ---
--------------------------------------------------------------------------------

* Hydrogen bonds                                                                
Ligand donor    2 hydrogen   14 Protein acceptor 4098 bond energy  1.00 wt 1.00
Ligand donor    7 hydrogen   18 Protein acceptor 1334 bond energy  1.00 wt 1.00
Protein donor 4097 hydrogen 4104 Ligand acceptor    7 bond energy  1.00 wt 0.98


* CH..O interactions                                                            
  CH group selection                       : activated ring CH (adjacent to hetatom)

--------------------------------------------------------------------------------


--------------------------------------------------------------------------------
--- Intra-ligand clashes                                                     ---
--------------------------------------------------------------------------------

Ligand
 10 (C6   ) -   7 (O3   ):   5.23 (dist   2.60)
--------------------------------------------------------------------------------


--------------------------------------------------------------------------------
--- Chromosome decoded                                                       ---
--------------------------------------------------------------------------------
Ligand Torsions
[   7   11    1    4] -170.96
[  13    2   12   11] -165.34
[  15    3    6    4]  -57.02
[  17    5    8    6]   83.67
[  18    7   11    1]   65.59
[   2   12   11    1] -171.65
Protein Torsions
[4175 4166 4165 4163]  143.57 
[1294 1290 1288 1285]  -96.31 
[4033 4024 4023 4021] -148.84 
[1412 1408 1406 1403]  123.53 
[2830 2825 2824 2821]  -11.19 
[2723 2714 2713 2711] -179.95 
[2773 2768 2767 2764] -114.20 
Mapping
Ligand acceptors to protein hydrogens (mapping then atom ids)
Ligand hydrogens to protein acceptors (mapping then atom ids)
  1   3 [ 14->4098]
  4   5 [ 18->1334]
Ligand shape atoms to protein points (mapping then atom ids & coords)
  1  4495 [  4->(-29.250   9.500   7.000)]
  4  3608 [ 11->(-31.750  10.000   7.750)]
Chromosome values
Integers:
  -1   -1   -1   -1    2   -1   -1    4 4494   -1   -1 3607 
  -1   -1 
--------------------------------------------------------------------------------

Current Ranking  1  2

--------------------------------------------------------------------------------

* GA execution time :                                                           
  total  2.9992 user  2.9992 sys  0.0000

--------------------------------------------------------------------------------
Fitness function evaluations: 73305

--------------------------------------------------------------------------------
** Docking run number  3 **
--------------------------------------------------------------------------------
  Rank fitness base is 5000.00 ; increment is 11.2233

* Initialising population(s) ...                                                
Number of constraints mappings 0
Number of constraints 0
  Population no.                           :      1
  Population size                          :    100
  Number of duplicates                     :      0
  Number of niche violations               :      0
  Number of errors                         :     22

Number of constraints mappings 0
Number of constraints 0
  Population no.                           :      2
  Population size                          :    100
  Number of duplicates                     :      0
  Number of niche violations               :      0
  Number of errors                         :     25

Number of constraints mappings 0
Number of constraints 0
  Population no.                           :      3
  Population size                          :    100
  Number of duplicates                     :      0
  Number of niche violations               :      0
  Number of errors                         :     29

Number of constraints mappings 0
Number of constraints 0
  Population no.                           :      4
  Population size                          :    100
  Number of duplicates                     :      0
  Number of niche violations               :      0
  Number of errors                         :     23


Doing GA, no. of population(s) 4 size 100 selection pressure 1.100000

 Operation      Score     S(PLP)   S(hbond)     S(cho)   S(metal)  DE(clash)   DE(tors)     intcor
         0      29.15     -33.28       0.99       0.00       0.00       4.84       1.13       0.00
       360      29.98     -33.48       0.00       0.00       0.00       1.86       0.82       0.00
       933      32.16     -34.10       0.00       0.00       0.00       0.00       0.97       0.00
      2784      32.65     -34.44       0.00       0.00       0.00       0.00       0.89       0.00
      3081      38.77     -35.74       1.43       0.00       0.00       0.00       0.63       0.00
      3965      39.13     -35.53       1.43       0.00       0.00       0.00       0.35       0.00
      8845      39.36     -37.02       1.20       0.00       0.00       0.00       0.64       0.00
      9418      39.60     -35.80       1.50       0.00       0.00       0.00       0.35       0.00
      9472      40.77     -34.47       2.28       0.00       0.00       0.00       0.27       0.00
     10613      41.68     -35.53       2.28       0.00       0.00       0.00       0.35       0.00
     11628      41.97     -36.07       2.28       0.00       0.00       0.00       0.47       0.00
     11722      42.13     -34.62       2.64       0.00       0.00       0.00       0.21       0.00
     12958      42.34     -35.21       2.65       0.00       0.00       0.00       0.41       0.00
     14210      42.46     -34.72       2.72       0.00       0.00       0.00       0.21       0.00
     14375      42.49     -36.40       2.28       0.00       0.00       0.00       0.38       0.00
     14502      42.56     -34.90       2.72       0.00       0.00       0.00       0.24       0.00
     15288      42.63     -36.44       2.28       0.00       0.00       0.00       0.33       0.00
     16192      42.92     -36.48       2.28       0.00       0.00       0.00       0.21       0.00
     17820      43.04     -36.42       2.30       0.00       0.00       0.00       0.13       0.00
     19524      43.70     -36.42       2.52       0.00       0.00       0.00       0.13       0.00
     19877      43.72     -36.48       2.55       0.00       0.00       0.00       0.21       0.00
     23129      43.78     -36.49       2.59       0.00       0.00       0.00       0.24       0.00
     24481      43.87     -36.50       2.61       0.00       0.00       0.00       0.24       0.00
     32368      44.07     -36.52       2.71       0.00       0.00       0.00       0.28       0.00
     33480      44.11     -36.52       2.72       0.00       0.00       0.00       0.28       0.00
     40614      45.02     -40.09       1.98       0.00       0.00       0.00       0.51       0.00
     42536      45.06     -40.62       1.80       0.00       0.00       0.00       0.49       0.00
     43594      45.84     -39.88       2.33       0.00       0.00       0.00       0.51       0.00
--------------------------------------------------------------------------------
Best docking solution after GA:
     44000      45.84     -39.88       2.33       0.00       0.00       0.00       0.51       0.00

#ops:      44000 #mutates:  20998 #cross:    20741 #migrate:   2261 
#dups:      9820 #niche:    26814 #errors:     144 
--------------------------------------------------------------------------------

Doing AMOEBA simplex on best individual
Done simplexing #iterations 635, best score  48.03

Ligand is stored in gold_soln_4ldo_m1_3.mol2


--------------------------------------------------------------------------------
--- CHEMPLP breakdown of terms                                               ---
--------------------------------------------------------------------------------
CHEMPLP = - ( 1.0000*S(PLP) + -3.0000*S(hbond) + -6.0000*S(metal) + -3.0000*S(cho) )

Score = CHEMPLP - 1.0000*DE(clash) - 2.0000*DE(tors)

Internal energy term has been corrected with the best internal energy encountered.

--------------------------------------------------------------------------------


     Score     S(PLP)   S(hbond)     S(cho)   S(metal)  DE(clash)   DE(tors)     intcor
     48.03     -41.41       2.46       0.00       0.00       0.00       0.39       0.00

--------------------------------------------------------------------------------
--- PLP analysis of protein-ligand interactions                              ---
--------------------------------------------------------------------------------
hydrogen bonding        :      -4.48
metal                   :       0.00
buried (polar-nonpolar) :      -5.76
nonpolar                :     -32.30
repulsive               :       0.00
--------------------------------------------------------------------------------


--------------------------------------------------------------------------------
--- ChemScore analysis of protein-ligand interactions                        ---
--------------------------------------------------------------------------------

* Hydrogen bonds                                                                
Ligand donor    5 hydrogen   17 Protein acceptor 1334 bond energy  1.00 wt 1.00
Protein donor 4097 hydrogen 4104 Ligand acceptor    5 bond energy  1.00 wt 1.00
Protein donor 3760 hydrogen 3767 Ligand acceptor    7 bond energy  1.00 wt 0.46


* CH..O interactions                                                            
  CH group selection                       : activated ring CH (adjacent to hetatom)

--------------------------------------------------------------------------------


--------------------------------------------------------------------------------
--- Intra-ligand clashes                                                     ---
--------------------------------------------------------------------------------

Ligand
--------------------------------------------------------------------------------


--------------------------------------------------------------------------------
--- Chromosome decoded                                                       ---
--------------------------------------------------------------------------------
Ligand Torsions
[   7   11    1    4]  -66.56
[  13    2   12   11]   77.13
[  15    3    6    4] -162.19
[  17    5    8    6]  -82.32
[  18    7   11    1]  115.33
[   2   12   11    1]  156.13
Protein Torsions
[4175 4166 4165 4163]   86.95 
[1294 1290 1288 1285] -116.08 
[4033 4024 4023 4021]   -3.58 
[1412 1408 1406 1403]  142.29 
[2830 2825 2824 2821] -146.15 
[2723 2714 2713 2711]  -97.83 
[2773 2768 2767 2764] -175.47 
Mapping
Ligand acceptors to protein hydrogens (mapping then atom ids)
  3   4 [  5->4104]
Ligand hydrogens to protein acceptors (mapping then atom ids)
  3   5 [ 17->1334]
Ligand shape atoms to protein points (mapping then atom ids & coords)
  3  4384 [ 10->(-30.000  11.750   7.500)]
  4  5368 [ 11->(-26.500   9.250   6.750)]
  5  4842 [ 12->(-27.500   9.000   5.750)]
Chromosome values
Integers:
  -1   -1    3   -1   -1   -1    4   -1   -1   -1 4383 5367 
4841   -1 
--------------------------------------------------------------------------------

Current Ranking  3  1  2

--------------------------------------------------------------------------------

* GA execution time :                                                           
  total  2.0003 user  2.0003 sys  0.0000

--------------------------------------------------------------------------------
Fitness function evaluations: 74042

--------------------------------------------------------------------------------
** Docking run number  4 **
--------------------------------------------------------------------------------
  Rank fitness base is 5000.00 ; increment is 11.2233

* Initialising population(s) ...                                                
Number of constraints mappings 0
Number of constraints 0
  Population no.                           :      1
  Population size                          :    100
  Number of duplicates                     :      0
  Number of niche violations               :      0
  Number of errors                         :     27

Number of constraints mappings 0
Number of constraints 0
  Population no.                           :      2
  Population size                          :    100
  Number of duplicates                     :      0
  Number of niche violations               :      0
  Number of errors                         :     24

Number of constraints mappings 0
Number of constraints 0
  Population no.                           :      3
  Population size                          :    100
  Number of duplicates                     :      0
  Number of niche violations               :      0
  Number of errors                         :     25

Number of constraints mappings 0
Number of constraints 0
  Population no.                           :      4
  Population size                          :    100
  Number of duplicates                     :      0
  Number of niche violations               :      0
  Number of errors                         :     18


Doing GA, no. of population(s) 4 size 100 selection pressure 1.100000

 Operation      Score     S(PLP)   S(hbond)     S(cho)   S(metal)  DE(clash)   DE(tors)     intcor
         0      33.68     -31.47       1.00       0.00       0.00       0.00       0.40       0.00
      2942      33.81     -36.03       1.67       0.00       0.00       5.17       1.03       0.00
      4177      34.19     -34.52       1.64       0.00       0.00       2.94       1.16       0.00
      4312      35.14     -30.17       1.98       0.00       0.00       0.00       0.48       0.00
      4835      35.46     -35.02       1.00       0.00       0.00       0.93       0.82       0.00
      4916      35.96     -31.99       2.00       0.00       0.00       0.00       1.02       0.00
      5432      36.06     -33.15       2.91       0.00       0.00       2.69       1.57       0.00
      5986      37.20     -35.34       1.00       0.00       0.00       0.00       0.57       0.00
      6926      37.23     -35.37       1.00       0.00       0.00       0.00       0.57       0.00
      6998      37.32     -35.93       1.00       0.00       0.00       0.00       0.80       0.00
      7228      39.91     -35.57       2.91       0.00       0.00       2.69       0.86       0.00
      8680      40.61     -37.02       2.91       0.00       0.00       2.69       1.23       0.00
     10196      40.69     -36.51       2.91       0.00       0.00       2.69       0.94       0.00
     10904      42.66     -34.40       2.91       0.00       0.00       0.00       0.24       0.00
     12920      42.77     -34.61       2.87       0.00       0.00       0.00       0.24       0.00
     13424      43.12     -34.58       3.00       0.00       0.00       0.00       0.24       0.00
     13996      43.28     -34.80       3.00       0.00       0.00       0.00       0.26       0.00
     14884      43.45     -34.92       3.00       0.00       0.00       0.00       0.24       0.00
     17003      43.52     -35.07       3.00       0.00       0.00       0.00       0.27       0.00
     17335      43.69     -34.85       3.00       0.00       0.00       0.00       0.09       0.00
     17402      44.34     -35.98       2.94       0.00       0.00       0.00       0.24       0.00
     20169      44.70     -36.17       3.00       0.00       0.00       0.00       0.24       0.00
     20309      47.19     -37.01       3.51       0.00       0.00       0.00       0.18       0.00
     22257      47.22     -36.98       3.53       0.00       0.00       0.00       0.18       0.00
     29900      47.97     -38.11       3.53       0.00       0.00       0.28       0.22       0.00
     30120      48.31     -38.50       3.51       0.00       0.00       0.28       0.22       0.00
     35124      48.36     -38.60       3.51       0.00       0.00       0.28       0.25       0.00
     37017      48.38     -38.60       3.50       0.00       0.00       0.28       0.22       0.00
     37788      48.83     -39.41       3.40       0.00       0.00       0.28       0.25       0.00
     40062      48.87     -39.45       3.40       0.00       0.00       0.28       0.25       0.00
     41258      48.88     -39.48       3.40       0.00       0.00       0.28       0.26       0.00
     41850      48.90     -39.53       3.40       0.00       0.00       0.28       0.27       0.00
     42131      49.10     -39.46       3.48       0.00       0.00       0.28       0.26       0.00
     43866      49.15     -39.22       3.48       0.00       0.00       0.00       0.26       0.00
--------------------------------------------------------------------------------
Best docking solution after GA:
     44000      49.15     -39.22       3.48       0.00       0.00       0.00       0.26       0.00

#ops:      44000 #mutates:  21077 #cross:    20753 #migrate:   2170 
#dups:      8888 #niche:    25560 #errors:     211 
--------------------------------------------------------------------------------

Doing AMOEBA simplex on best individual
Done simplexing #iterations 326, best score  49.75

Ligand is stored in gold_soln_4ldo_m1_4.mol2


--------------------------------------------------------------------------------
--- CHEMPLP breakdown of terms                                               ---
--------------------------------------------------------------------------------
CHEMPLP = - ( 1.0000*S(PLP) + -3.0000*S(hbond) + -6.0000*S(metal) + -3.0000*S(cho) )

Score = CHEMPLP - 1.0000*DE(clash) - 2.0000*DE(tors)

Internal energy term has been corrected with the best internal energy encountered.

--------------------------------------------------------------------------------


     Score     S(PLP)   S(hbond)     S(cho)   S(metal)  DE(clash)   DE(tors)     intcor
     49.75     -39.77       3.50       0.00       0.00       0.00       0.25       0.00

--------------------------------------------------------------------------------
--- PLP analysis of protein-ligand interactions                              ---
--------------------------------------------------------------------------------
hydrogen bonding        :      -4.00
metal                   :       0.00
buried (polar-nonpolar) :      -5.05
nonpolar                :     -31.22
repulsive               :       0.00
--------------------------------------------------------------------------------


--------------------------------------------------------------------------------
--- ChemScore analysis of protein-ligand interactions                        ---
--------------------------------------------------------------------------------

* Hydrogen bonds                                                                
Ligand donor    3 hydrogen   15 Protein acceptor 4098 bond energy  1.00 wt 1.00
Ligand donor    5 hydrogen   17 Protein acceptor 1334 bond energy  1.00 wt 1.00
Protein donor 4097 hydrogen 4104 Ligand acceptor    5 bond energy  1.00 wt 1.00
Protein donor 3760 hydrogen 3767 Ligand acceptor    7 bond energy  1.00 wt 0.50


* CH..O interactions                                                            
  CH group selection                       : activated ring CH (adjacent to hetatom)

--------------------------------------------------------------------------------


--------------------------------------------------------------------------------
--- Intra-ligand clashes                                                     ---
--------------------------------------------------------------------------------

Ligand
--------------------------------------------------------------------------------


--------------------------------------------------------------------------------
--- Chromosome decoded                                                       ---
--------------------------------------------------------------------------------
Ligand Torsions
[   7   11    1    4]  -51.66
[  13    2   12   11]  -47.47
[  15    3    6    4]  134.08
[  17    5    8    6]  -92.71
[  18    7   11    1]   87.13
[   2   12   11    1] -169.26
Protein Torsions
[4175 4166 4165 4163] -146.13 
[1294 1290 1288 1285]  150.56 
[4033 4024 4023 4021]  132.75 
[1412 1408 1406 1403]   25.29 
[2830 2825 2824 2821]  -94.72 
[2723 2714 2713 2711]   34.09 
[2773 2768 2767 2764]  -70.28 
Mapping
Ligand acceptors to protein hydrogens (mapping then atom ids)
  3   4 [  5->4104]
Ligand hydrogens to protein acceptors (mapping then atom ids)
  2   3 [ 15->4098]
  3   5 [ 17->1334]
Ligand shape atoms to protein points (mapping then atom ids & coords)
  3  4417 [ 10->(-29.750  10.250   7.250)]
  4  4708 [ 11->(-28.000  10.750   6.500)]
  5  5069 [ 12->(-27.000   8.500   6.250)]
Chromosome values
Integers:
  -1   -1    3   -1   -1    2    4   -1   -1   -1 4416 4707 
5068   -1 
--------------------------------------------------------------------------------

Current Ranking  4  3  1  2

--------------------------------------------------------------------------------

* GA execution time :                                                           
  total  2.0003 user  2.0002 sys  0.0001

--------------------------------------------------------------------------------
Fitness function evaluations: 73176

--------------------------------------------------------------------------------
** Docking run number  5 **
--------------------------------------------------------------------------------
  Rank fitness base is 5000.00 ; increment is 11.2233

* Initialising population(s) ...                                                
Number of constraints mappings 0
Number of constraints 0
  Population no.                           :      1
  Population size                          :    100
  Number of duplicates                     :      0
  Number of niche violations               :      0
  Number of errors                         :     19

Number of constraints mappings 0
Number of constraints 0
  Population no.                           :      2
  Population size                          :    100
  Number of duplicates                     :      0
  Number of niche violations               :      0
  Number of errors                         :     38

Number of constraints mappings 0
Number of constraints 0
  Population no.                           :      3
  Population size                          :    100
  Number of duplicates                     :      0
  Number of niche violations               :      0
  Number of errors                         :     24

Number of constraints mappings 0
Number of constraints 0
  Population no.                           :      4
  Population size                          :    100
  Number of duplicates                     :      0
  Number of niche violations               :      0
  Number of errors                         :     28


Doing GA, no. of population(s) 4 size 100 selection pressure 1.100000

 Operation      Score     S(PLP)   S(hbond)     S(cho)   S(metal)  DE(clash)   DE(tors)     intcor
         0      29.06     -31.70       0.94       0.00       0.00       4.15       0.67       0.00
       408      31.60     -29.66       0.94       0.00       0.00       0.00       0.43       0.00
       730      35.14     -34.59       0.75       0.00       0.00       0.00       0.85       0.00
      2934      37.43     -36.48       0.83       0.00       0.00       0.00       0.78       0.00
      4151      39.39     -35.58       1.85       0.00       0.00       0.00       0.87       0.00
      5048      39.73     -35.32       1.98       0.00       0.00       0.00       0.76       0.00
      5674      41.18     -37.98       1.56       0.00       0.00       0.00       0.73       0.00
      5832      42.50     -39.13       1.63       0.00       0.00       0.00       0.76       0.00
      6692      43.04     -38.14       1.76       0.00       0.00       0.00       0.20       0.00
      8026      43.19     -37.20       2.48       0.00       0.00       0.00       0.73       0.00
      8338      43.75     -36.70       2.83       0.00       0.00       0.00       0.73       0.00
      8619      44.37     -37.44       2.70       0.00       0.00       0.00       0.59       0.00
     10614      44.37     -37.38       2.82       0.00       0.00       0.00       0.73       0.00
     10833      44.39     -37.01       2.94       0.00       0.00       0.00       0.73       0.00
     11246      44.42     -37.67       2.80       0.00       0.00       0.00       0.83       0.00
     11413      44.47     -37.35       2.80       0.00       0.00       0.00       0.65       0.00
     11651      44.50     -37.84       2.72       0.00       0.00       0.00       0.76       0.00
     12550      44.51     -37.97       2.59       0.00       0.00       0.00       0.62       0.00
     12854      44.68     -37.31       2.98       0.00       0.00       0.00       0.78       0.00
     13202      44.75     -37.04       3.00       0.00       0.00       0.00       0.65       0.00
     13230      44.81     -37.08       2.99       0.00       0.00       0.00       0.62       0.00
     13498      44.89     -37.44       2.99       0.00       0.00       0.00       0.76       0.00
     14022      44.98     -37.60       2.98       0.00       0.00       0.00       0.78       0.00
     14176      45.44     -37.64       2.94       0.00       0.00       0.00       0.52       0.00
     17925      46.01     -37.89       2.87       0.00       0.00       0.00       0.25       0.00
     18031      46.07     -37.37       3.45       0.00       0.00       0.00       0.82       0.00
     19073      46.23     -37.89       2.94       0.00       0.00       0.00       0.25       0.00
     21358      46.59     -38.11       3.34       0.00       0.00       0.00       0.78       0.00
     22302      46.95     -38.74       3.25       0.00       0.00       0.00       0.78       0.00
     22654      47.07     -38.82       3.26       0.00       0.00       0.00       0.77       0.00
     24575      47.14     -38.52       3.38       0.00       0.00       0.00       0.77       0.00
     25194      47.22     -38.82       3.31       0.00       0.00       0.00       0.77       0.00
     26310      48.19     -39.34       3.40       0.00       0.00       0.00       0.67       0.00
     29334      48.28     -39.25       3.47       0.00       0.00       0.00       0.69       0.00
     29899      48.39     -39.26       3.49       0.00       0.00       0.00       0.67       0.00
     30075      48.42     -39.34       3.47       0.00       0.00       0.00       0.67       0.00
     31671      48.47     -39.32       3.49       0.00       0.00       0.00       0.66       0.00
     34122      48.49     -39.39       3.47       0.00       0.00       0.00       0.66       0.00
     39754      48.55     -39.41       3.49       0.00       0.00       0.00       0.66       0.00
     43128      48.88     -39.76       3.48       0.00       0.00       0.00       0.66       0.00
--------------------------------------------------------------------------------
Best docking solution after GA:
     44000      48.88     -39.76       3.48       0.00       0.00       0.00       0.66       0.00

#ops:      44000 #mutates:  20945 #cross:    20859 #migrate:   2196 
#dups:     12394 #niche:    28233 #errors:     112 
--------------------------------------------------------------------------------

Doing AMOEBA simplex on best individual
Done simplexing #iterations 535, best score  50.21

Ligand is stored in gold_soln_4ldo_m1_5.mol2


--------------------------------------------------------------------------------
--- CHEMPLP breakdown of terms                                               ---
--------------------------------------------------------------------------------
CHEMPLP = - ( 1.0000*S(PLP) + -3.0000*S(hbond) + -6.0000*S(metal) + -3.0000*S(cho) )

Score = CHEMPLP - 1.0000*DE(clash) - 2.0000*DE(tors)

Internal energy term has been corrected with the best internal energy encountered.

--------------------------------------------------------------------------------


     Score     S(PLP)   S(hbond)     S(cho)   S(metal)  DE(clash)   DE(tors)     intcor
     50.21     -40.78       3.48       0.00       0.00       0.00       0.51       0.00

--------------------------------------------------------------------------------
--- PLP analysis of protein-ligand interactions                              ---
--------------------------------------------------------------------------------
hydrogen bonding        :      -4.52
metal                   :       0.00
buried (polar-nonpolar) :      -5.85
nonpolar                :     -31.61
repulsive               :       0.00
--------------------------------------------------------------------------------


--------------------------------------------------------------------------------
--- ChemScore analysis of protein-ligand interactions                        ---
--------------------------------------------------------------------------------

* Hydrogen bonds                                                                
Ligand donor    3 hydrogen   15 Protein acceptor 4098 bond energy  1.00 wt 1.00
Ligand donor    5 hydrogen   17 Protein acceptor 1334 bond energy  1.00 wt 1.00
Protein donor 4097 hydrogen 4104 Ligand acceptor    5 bond energy  1.00 wt 1.00
Protein donor 3760 hydrogen 3767 Ligand acceptor    7 bond energy  1.00 wt 0.48


* CH..O interactions                                                            
  CH group selection                       : activated ring CH (adjacent to hetatom)

--------------------------------------------------------------------------------


--------------------------------------------------------------------------------
--- Intra-ligand clashes                                                     ---
--------------------------------------------------------------------------------

Ligand
--------------------------------------------------------------------------------


--------------------------------------------------------------------------------
--- Chromosome decoded                                                       ---
--------------------------------------------------------------------------------
Ligand Torsions
[   7   11    1    4]  -53.30
[  13    2   12   11]   66.43
[  15    3    6    4]  126.78
[  17    5    8    6] -105.74
[  18    7   11    1]   72.68
[   2   12   11    1]  148.11
Protein Torsions
[4175 4166 4165 4163]  -56.57 
[1294 1290 1288 1285]  142.86 
[4033 4024 4023 4021]   77.16 
[1412 1408 1406 1403]   89.56 
[2830 2825 2824 2821]  -37.86 
[2723 2714 2713 2711]   47.16 
[2773 2768 2767 2764]  -59.63 
Mapping
Ligand acceptors to protein hydrogens (mapping then atom ids)
  3   4 [  5->4104]
Ligand hydrogens to protein acceptors (mapping then atom ids)
  2   3 [ 15->4098]
  3   5 [ 17->1334]
Ligand shape atoms to protein points (mapping then atom ids & coords)
  1  4453 [  4->(-29.500   8.750   7.000)]
  2  4236 [  9->(-30.500  11.750   7.750)]
  3  4296 [ 10->(-30.250  11.000   7.750)]
  4  4965 [ 11->(-27.250   9.250   6.500)]
  6  5759 [ 13->(-25.500   8.250   6.500)]
Chromosome values
Integers:
  -1   -1    3   -1   -1    2    4   -1 4452 4235 4295 4964 
  -1 5758 
--------------------------------------------------------------------------------

Current Ranking  5  4  3  1  2

Top  3 (of  5) solutions are within 1.000 RMSD, finishing docking E:/Projekt modelowanie/beta2/ligandy/4ldo.mol2.


--------------------------------------------------------------------------------

* GA execution time :                                                           
  total  2.0003 user  2.0003 sys  0.0001

--------------------------------------------------------------------------------
Fitness function evaluations: 73283

--------------------------------------------------------------------------------
--- Ranking analysis                                                         ---
--------------------------------------------------------------------------------


* Final ranked order of GA solutions:                                           
   5  4  3  1  2 

  _______________________________
  RMSD Matrix of RANKED solutions

        2    3    4    5  

   1 :  0.3  0.2  4.2  5.0
   2 :       0.4  4.2  5.0
   3 :            4.3  5.0
   4 :                 5.5

  Clustering method                        : complete linkage
  Structure ids in cluster table           : rank nos.
  Ordering of clusters and their members   : by rank (order if from rms_analysis)

  Distance | Clusters
   0.24    |  1  3 |  2 |  4 |  5 |
   0.44    |  1  2  3 |  4 |  5 |
   4.27    |  1  2  3  4 |  5 |
   5.51    |  1  2  3  4  5 |
  Finished Docking Ligand                  : E:/Projekt modelowanie/beta2/ligandy/4ldo.mol2
--------------------------------------------------------------------------------

  Relative_Ligand_Energy (best encountered) :   0.004
  Relative_Ligand_Energy: fitness values have been corrected using this amount
