# WARNING: atom    7 in C:/Users/student/Desktop/project/beta1/ligandy/3zpq.mol2 is type  N.ar resetting to type N.pl3 (set_atom_type)

--------------------------------------------------------------------------------
--- Ligand                                                                   ---
--------------------------------------------------------------------------------
  Ligand loaded from file                  : C:/Users/student/Desktop/project/beta1/ligandy/3zpq.mol2
  Ligand name                              :  
  "C:\Users\porto\OneDrive\projekt\beta1\ligandy\L_3zpq.pdb L_3zpq.pdb 1    "

--------------------------------------------------------------------------------
  N.plc donors                             : 
  pro:    7 
  

  Acidic nitrogen acceptors                : 
  none found
  Sulfur acceptors                         :
  none found


  Donor atoms                              :      2
  7   13  
  Acceptor atoms                           :      1
  13  

  Hydrogens                                :  (n = 2)
  20   26   

  Lone pairs added to molecule             :      1
  Numbering                                : from 31 to 31

--------------------------------------------------------------------------------
--- Postprocessing of typing                                                 ---
--------------------------------------------------------------------------------
  Fragment file                            : C:\Program Files (x86)\CCDC/GoldSuite_2017\GOLD\gold\rotatable_bond_override.mol2
  acylurea fragment                        : no matches
  thioacylthiourea fragment                : no matches
  acylthiourea fragment                    : no matches
  thioacylurea fragment                    : no matches
  diarylamine fragment >C.ar-NH-C.ar<      : no matches
  sec-amine (1) fragment                   : no matches
  sec-amine (2) fragment                   : 1 matches
  Ligand bond 10-3  set to 1
  Ligand bond 10-11  set to 1
  Ligand bond 10-15  set to 1
  sec-amine (3) fragment                   : no matches
  carboxylic ester                         : no matches

* Rotatable bonds in C:/Users/student/Des  :
  [   3   10] 
  No. of rotatable bonds                   :      1


* Fragments found in C:/Users/student/Des  :
  atom   1: benzene
  atom   2: benzene
  atom   3: benzene
  atom   4: benzene
  atom   8: benzene
  atom   9: benzene


* Checking torsion distributions:                                               
  No. of matched torsions                  :      0

--------------------------------------------------------------------------------
--- Shape fitting atoms selection (hydrophobic atoms)                        ---
--------------------------------------------------------------------------------
  Molecule                                 : C:/Users/student/Desktop/project/beta1/ligandy/3zpq.mol2
  Selection                                : carbons only
  Atom numbers                             :  (n = 9)
  1    2    5    6    9    11   12   14   15   


--------------------------------------------------------------------------------
--- ChemScore ligand setup summary                                           ---
--------------------------------------------------------------------------------
  ChemScore ligand acceptors               :      1
  13 
  ChemScore ligand donors                  :      2
  7 ( 20 [+]  ) 13 ( 26  ) 
  ChemScore ligand CH donors               :      0
  

  ChemScore ligand lipophilic atoms        :  (n = 12)
  1    2    3    4    5    6    8    9    11   12   
  14   15   

  ChemScore ligand rotatable bonds         :      1
  3   (C3 ) - 10  (N10): SP2_SP2_BOND

--------------------------------------------------------------------------------
--- PLP ligand setup summary                                                 ---
--------------------------------------------------------------------------------
    1    C1  C.ar NONPOLAR
    2    C2  C.ar NONPOLAR
    3    C3  C.ar NONPOLAR
    4    C4  C.ar NONPOLAR
    5    C5  C.ar NONPOLAR
    6    C6  C.ar NONPOLAR
    7    N7 N.pl3 DONOR
    8    C8  C.ar NONPOLAR
    9    C9  C.ar NONPOLAR
   10   N10 N.pl3 NONPOLAR
   11   C11   C.3 NONPOLAR
   12   C12   C.3 NONPOLAR
   13   N13   N.3 DONACC
   14   C14   C.3 NONPOLAR
   15   C15   C.3 NONPOLAR

--------------------------------------------------------------------------------
--- Automatic parameter setting                                              ---
--------------------------------------------------------------------------------
  Contribution base                        :   2500
  Contribution per rotatable bond          :   6000
  Contribution per df                      :   4000
  Contribution per water                   :  10000
  Ligand rotatable bonds                   :      1
  Protein flexible side chain bonds        :      0
  Total rotatable bonds                    :      1
  Hydrophobic vol ratio (P/L)              :   1.970
  Base multiplier (polar)                  :   0.600
  Base multiplier (apolar)                 :   3.546
  Base contribution                        : 10000.000
  Fitting points                           :      3
  Estimated maxops needed (optimal)        :  16500
  Autoscale factor (in percent)            :    200
  Scaled maxops                            :  33250

--------------------------------------------------------------------------------

* Population settings                                                           
  maxops                                   :  33250
  popsiz                                   :    100
  select_pressure                          :   1.100
  n_islands                                :      3
  niche_siz                                :      2

* GA settings                                                                   
  pt_crosswt                               :     95
  allele_mutatewt                          :     95
  migratewt                                :     10

* Search settings                                                               
  start_vdw_linear_cutoff                  :   4.000
  initial_virtual_pt_match_max             :   3.000

--------------------------------------------------------------------------------

* Ligand initialisation time :                                                  
  total  0.0000 user  0.0000 sys  0.0000

--------------------------------------------------------------------------------

--------------------------------------------------------------------------------
** Docking run number  1 **
--------------------------------------------------------------------------------
  Rank fitness base is 5000.00 ; increment is 11.2233

* Initialising population(s) ...                                                
Number of constraints mappings 0
Number of constraints 0
  Population no.                           :      1
  Population size                          :    100
  Number of duplicates                     :      0
  Number of niche violations               :      1
  Number of errors                         :    357

Number of constraints mappings 0
Number of constraints 0
  Population no.                           :      2
  Population size                          :    100
  Number of duplicates                     :      0
  Number of niche violations               :      0
  Number of errors                         :    384

Number of constraints mappings 0
Number of constraints 0
  Population no.                           :      3
  Population size                          :    100
  Number of duplicates                     :      0
  Number of niche violations               :      0
  Number of errors                         :    368


Doing GA, no. of population(s) 3 size 100 selection pressure 1.100000

 Operation      Score     S(PLP)   S(hbond)     S(cho)   S(metal)  DE(clash)   DE(tors)     intcor
         0      46.44     -48.18       0.00       0.00       0.00       0.00       1.44       1.13
       417      47.63     -49.31       0.00       0.00       0.00       0.00       1.41       1.13
      1866      51.80     -52.61       0.00       0.00       0.00       0.00       0.97       1.13
      2640      51.83     -51.65       0.24       0.00       0.00       0.00       0.83       1.13
      5081      51.91     -52.72       0.00       0.00       0.00       0.00       0.97       1.13
      6177      51.96     -52.77       0.00       0.00       0.00       0.00       0.97       1.13
      7419      52.86     -53.38       0.00       0.00       0.00       0.00       0.83       1.13
     10074      53.29     -52.65       0.46       0.00       0.00       0.00       0.93       1.13
     12512      53.31     -52.68       0.36       0.00       0.00       0.00       0.79       1.13
     14251      53.53     -52.37       0.63       0.00       0.00       0.00       0.93       1.13
     17669      53.63     -53.50       0.22       0.00       0.00       0.00       0.83       1.13
     21221      53.64     -52.72       0.48       0.00       0.00       0.00       0.83       1.13
     21449      53.67     -52.41       0.62       0.00       0.00       0.00       0.86       1.13
     22541      53.68     -53.48       0.22       0.00       0.00       0.00       0.79       1.13
     22928      54.12     -52.68       0.66       0.00       0.00       0.00       0.83       1.13
     23754      54.44     -53.07       0.61       0.00       0.00       0.00       0.79       1.13
     24297      54.53     -53.06       0.64       0.00       0.00       0.00       0.79       1.13
     29700      54.68     -53.00       0.71       0.00       0.00       0.00       0.79       1.13
     31771      54.73     -53.69       0.52       0.00       0.00       0.00       0.83       1.13
--------------------------------------------------------------------------------
Best docking solution after GA:
     33250      54.73     -53.69       0.52       0.00       0.00       0.00       0.83       1.13

#ops:      33250 #mutates:  15705 #cross:    15902 #migrate:   1643 
#dups:     11629 #niche:    13030 #errors:     321 
--------------------------------------------------------------------------------

Doing AMOEBA simplex on best individual
Done simplexing #iterations 234, best score  54.99

Ligand is stored in gold_soln_3zpq_m1_1.mol2


--------------------------------------------------------------------------------
--- CHEMPLP breakdown of terms                                               ---
--------------------------------------------------------------------------------
CHEMPLP = - ( 1.0000*S(PLP) + -3.0000*S(hbond) + -6.0000*S(metal) + -3.0000*S(cho) )

Score = CHEMPLP - 1.0000*DE(clash) - 2.0000*DE(tors)

Internal energy term has been corrected with the best internal energy encountered.

--------------------------------------------------------------------------------


     Score     S(PLP)   S(hbond)     S(cho)   S(metal)  DE(clash)   DE(tors)     intcor
     54.99     -53.27       0.71       0.00       0.00       0.00       0.78       1.13

--------------------------------------------------------------------------------
--- PLP analysis of protein-ligand interactions                              ---
--------------------------------------------------------------------------------
hydrogen bonding        :      -3.08
metal                   :       0.00
buried (polar-nonpolar) :      -1.80
nonpolar                :     -49.31
repulsive               :       0.00
--------------------------------------------------------------------------------


--------------------------------------------------------------------------------
--- ChemScore analysis of protein-ligand interactions                        ---
--------------------------------------------------------------------------------

* Hydrogen bonds                                                                
Ligand donor   13 hydrogen   26 Protein acceptor 2066 bond energy  1.00 wt 0.71


* CH..O interactions                                                            
  CH group selection                       : activated ring CH (adjacent to hetatom)

--------------------------------------------------------------------------------


--------------------------------------------------------------------------------
--- Intra-ligand clashes                                                     ---
--------------------------------------------------------------------------------

Ligand
--------------------------------------------------------------------------------


--------------------------------------------------------------------------------
--- Chromosome decoded                                                       ---
--------------------------------------------------------------------------------
Ligand Torsions
[   2    3   10   11]  -51.53
Mapping
Ligand acceptors to protein hydrogens (mapping then atom ids)
Ligand hydrogens to protein acceptors (mapping then atom ids)
Ligand shape atoms to protein points (mapping then atom ids & coords)
  1  6547 [  1->(-22.750   3.250  12.750)]
  2  5076 [  2->(-23.250   3.250  13.750)]
  4  4564 [  6->(-23.500   6.000  11.000)]
  5  5043 [  9->(-23.250   2.750  12.250)]
  6  1568 [ 11->(-24.500   4.000  15.500)]
  7  2155 [ 12->(-24.250   4.500  17.000)]
  8  3835 [ 14->(-23.750   6.750  17.000)]
  9  6707 [ 15->(-22.750   6.250  15.000)]
Chromosome values
Integers:
  -1   -1   -1 6546 5075   -1 4563 5042 1567 2154 3834 6706 
--------------------------------------------------------------------------------

Current Ranking  1

--------------------------------------------------------------------------------

* GA execution time :                                                           
  total  1.9992 user  1.9992 sys  0.0000

--------------------------------------------------------------------------------
Fitness function evaluations: 56506

--------------------------------------------------------------------------------
** Docking run number  2 **
--------------------------------------------------------------------------------
  Rank fitness base is 5000.00 ; increment is 11.2233

* Initialising population(s) ...                                                
Number of constraints mappings 0
Number of constraints 0
  Population no.                           :      1
  Population size                          :    100
  Number of duplicates                     :      0
  Number of niche violations               :      0
  Number of errors                         :    368

Number of constraints mappings 0
Number of constraints 0
  Population no.                           :      2
  Population size                          :    100
  Number of duplicates                     :      0
  Number of niche violations               :      0
  Number of errors                         :    391

Number of constraints mappings 0
Number of constraints 0
  Population no.                           :      3
  Population size                          :    100
  Number of duplicates                     :      0
  Number of niche violations               :      0
  Number of errors                         :    415


Doing GA, no. of population(s) 3 size 100 selection pressure 1.100000

 Operation      Score     S(PLP)   S(hbond)     S(cho)   S(metal)  DE(clash)   DE(tors)     intcor
         0      43.96     -44.24       0.00       0.00       0.00       0.00       0.71       1.13
        15      45.28     -46.27       0.00       0.00       0.00       0.00       1.06       1.13
        60      45.42     -46.42       0.00       0.00       0.00       0.00       1.06       1.13
       285      46.16     -47.16       0.00       0.00       0.00       0.00       1.06       1.13
       574      46.88     -47.62       0.00       0.00       0.00       0.00       0.93       1.13
      1087      48.28     -48.80       0.00       0.00       0.00       0.00       0.83       1.13
      1852      48.81     -49.61       0.00       0.00       0.00       0.00       0.97       1.13
      2746      48.95     -49.61       0.00       0.00       0.00       0.00       0.90       1.13
      4663      49.14     -49.95       0.00       0.00       0.00       0.00       0.97       1.13
      5384      49.59     -50.26       0.00       0.00       0.00       0.00       0.90       1.13
      7583      51.56     -51.13       0.37       0.00       0.00       0.00       0.90       1.13
     11822      51.60     -50.67       0.60       0.00       0.00       0.00       1.00       1.13
     14435      51.62     -50.86       0.52       0.00       0.00       0.00       0.97       1.13
     14683      51.62     -51.04       0.44       0.00       0.00       0.00       0.93       1.13
     28444      52.32     -53.06       0.00       0.00       0.00       0.00       0.93       1.13
     30235      52.53     -53.06       0.00       0.00       0.00       0.00       0.83       1.13
     31975      52.57     -53.23       0.00       0.00       0.00       0.00       0.90       1.13
--------------------------------------------------------------------------------
Best docking solution after GA:
     33250      52.57     -53.23       0.00       0.00       0.00       0.00       0.90       1.13

#ops:      33250 #mutates:  15648 #cross:    15893 #migrate:   1709 
#dups:     15059 #niche:    15012 #errors:     316 
--------------------------------------------------------------------------------

Doing AMOEBA simplex on best individual
Done simplexing #iterations 307, best score  54.98

Ligand is stored in gold_soln_3zpq_m1_2.mol2


--------------------------------------------------------------------------------
--- CHEMPLP breakdown of terms                                               ---
--------------------------------------------------------------------------------
CHEMPLP = - ( 1.0000*S(PLP) + -3.0000*S(hbond) + -6.0000*S(metal) + -3.0000*S(cho) )

Score = CHEMPLP - 1.0000*DE(clash) - 2.0000*DE(tors)

Internal energy term has been corrected with the best internal energy encountered.

--------------------------------------------------------------------------------


     Score     S(PLP)   S(hbond)     S(cho)   S(metal)  DE(clash)   DE(tors)     intcor
     54.98     -53.66       0.64       0.00       0.00       0.00       0.87       1.13

--------------------------------------------------------------------------------
--- PLP analysis of protein-ligand interactions                              ---
--------------------------------------------------------------------------------
hydrogen bonding        :      -3.29
metal                   :       0.00
buried (polar-nonpolar) :      -0.80
nonpolar                :     -48.91
repulsive               :       0.00
--------------------------------------------------------------------------------


--------------------------------------------------------------------------------
--- ChemScore analysis of protein-ligand interactions                        ---
--------------------------------------------------------------------------------

* Hydrogen bonds                                                                
Ligand donor   13 hydrogen   26 Protein acceptor 2066 bond energy  1.00 wt 0.64


* CH..O interactions                                                            
  CH group selection                       : activated ring CH (adjacent to hetatom)

--------------------------------------------------------------------------------


--------------------------------------------------------------------------------
--- Intra-ligand clashes                                                     ---
--------------------------------------------------------------------------------

Ligand
--------------------------------------------------------------------------------


--------------------------------------------------------------------------------
--- Chromosome decoded                                                       ---
--------------------------------------------------------------------------------
Ligand Torsions
[   2    3   10   11]  -55.18
Mapping
Ligand acceptors to protein hydrogens (mapping then atom ids)
Ligand hydrogens to protein acceptors (mapping then atom ids)
Ligand shape atoms to protein points (mapping then atom ids & coords)
  1  5088 [  1->(-23.250   3.500  12.500)]
  3  3739 [  5->(-23.750   5.750  12.250)]
  8  4592 [ 14->(-23.500   6.250  16.000)]
Chromosome values
Integers:
  -1   -1   -1 5087   -1 3738   -1   -1   -1   -1 4591   -1 
--------------------------------------------------------------------------------

Current Ranking  1  2

--------------------------------------------------------------------------------

* GA execution time :                                                           
  total  1.0004 user  1.0003 sys  0.0000

--------------------------------------------------------------------------------
Fitness function evaluations: 56316

--------------------------------------------------------------------------------
** Docking run number  3 **
--------------------------------------------------------------------------------
  Rank fitness base is 5000.00 ; increment is 11.2233

* Initialising population(s) ...                                                
Number of constraints mappings 0
Number of constraints 0
  Population no.                           :      1
  Population size                          :    100
  Number of duplicates                     :      0
  Number of niche violations               :      0
  Number of errors                         :    354

Number of constraints mappings 0
Number of constraints 0
  Population no.                           :      2
  Population size                          :    100
  Number of duplicates                     :      0
  Number of niche violations               :      1
  Number of errors                         :    406

Number of constraints mappings 0
Number of constraints 0
  Population no.                           :      3
  Population size                          :    100
  Number of duplicates                     :      0
  Number of niche violations               :      0
  Number of errors                         :    364


Doing GA, no. of population(s) 3 size 100 selection pressure 1.100000

 Operation      Score     S(PLP)   S(hbond)     S(cho)   S(metal)  DE(clash)   DE(tors)     intcor
         0      43.75     -42.32       0.70       0.00       0.00       0.00       0.90       1.13
      1347      44.46     -44.91       0.00       0.00       0.00       0.00       0.79       1.13
      2456      45.21     -46.41       0.00       0.00       0.00       0.00       1.16       1.13
      3072      50.69     -51.35       0.00       0.00       0.00       0.00       0.90       1.13
      8493      50.97     -51.78       0.00       0.00       0.00       0.00       0.97       1.13
      9047      51.59     -52.12       0.00       0.00       0.00       0.00       0.83       1.13
      9534      51.67     -52.19       0.00       0.00       0.00       0.00       0.83       1.13
     10460      52.30     -52.74       0.03       0.00       0.00       0.00       0.83       1.13
     16794      52.69     -53.21       0.00       0.00       0.00       0.00       0.83       1.13
     28187      53.65     -53.25       0.31       0.00       0.00       0.00       0.83       1.13
--------------------------------------------------------------------------------
Best docking solution after GA:
     33250      53.65     -53.25       0.31       0.00       0.00       0.00       0.83       1.13

#ops:      33250 #mutates:  15697 #cross:    15874 #migrate:   1679 
#dups:     11759 #niche:    13485 #errors:     269 
--------------------------------------------------------------------------------

Doing AMOEBA simplex on best individual
Done simplexing #iterations 260, best score  54.68

Ligand is stored in gold_soln_3zpq_m1_3.mol2


--------------------------------------------------------------------------------
--- CHEMPLP breakdown of terms                                               ---
--------------------------------------------------------------------------------
CHEMPLP = - ( 1.0000*S(PLP) + -3.0000*S(hbond) + -6.0000*S(metal) + -3.0000*S(cho) )

Score = CHEMPLP - 1.0000*DE(clash) - 2.0000*DE(tors)

Internal energy term has been corrected with the best internal energy encountered.

--------------------------------------------------------------------------------


     Score     S(PLP)   S(hbond)     S(cho)   S(metal)  DE(clash)   DE(tors)     intcor
     54.68     -53.59       0.51       0.00       0.00       0.00       0.79       1.13

--------------------------------------------------------------------------------
--- PLP analysis of protein-ligand interactions                              ---
--------------------------------------------------------------------------------
hydrogen bonding        :      -2.92
metal                   :       0.00
buried (polar-nonpolar) :      -1.11
nonpolar                :     -49.60
repulsive               :       0.00
--------------------------------------------------------------------------------


--------------------------------------------------------------------------------
--- ChemScore analysis of protein-ligand interactions                        ---
--------------------------------------------------------------------------------

* Hydrogen bonds                                                                
Ligand donor   13 hydrogen   26 Protein acceptor 2066 bond energy  1.00 wt 0.51


* CH..O interactions                                                            
  CH group selection                       : activated ring CH (adjacent to hetatom)

--------------------------------------------------------------------------------


--------------------------------------------------------------------------------
--- Intra-ligand clashes                                                     ---
--------------------------------------------------------------------------------

Ligand
--------------------------------------------------------------------------------


--------------------------------------------------------------------------------
--- Chromosome decoded                                                       ---
--------------------------------------------------------------------------------
Ligand Torsions
[   2    3   10   11]  -52.01
Mapping
Ligand acceptors to protein hydrogens (mapping then atom ids)
Ligand hydrogens to protein acceptors (mapping then atom ids)
Ligand shape atoms to protein points (mapping then atom ids & coords)
  1  5858 [  1->(-23.000   3.500  13.000)]
  3  1667 [  5->(-24.500   6.000  11.500)]
  4  3844 [  6->(-23.750   7.000  12.250)]
  5  5056 [  9->(-23.250   3.000  12.500)]
  6  4519 [ 11->(-23.500   5.250  15.500)]
  7  1626 [ 12->(-24.500   5.000  16.000)]
  8  2972 [ 14->(-24.000   5.750  16.500)]
  9  5215 [ 15->(-23.250   4.750  14.500)]
Chromosome values
Integers:
  -1   -1   -1 5857   -1 1666 3843 5055 4518 1625 2971 5214 
--------------------------------------------------------------------------------

Current Ranking  1  2  3

Top  3 (of  3) solutions are within 1.000 RMSD, finishing docking C:/Users/student/Desktop/project/beta1/ligandy/3zpq.mol2.


--------------------------------------------------------------------------------

* GA execution time :                                                           
  total  1.0003 user  1.0002 sys  0.0000

--------------------------------------------------------------------------------
Fitness function evaluations: 56663

--------------------------------------------------------------------------------
--- Ranking analysis                                                         ---
--------------------------------------------------------------------------------


* Final ranked order of GA solutions:                                           
   1  2  3 

  _______________________________
  RMSD Matrix of RANKED solutions

        2    3  

   1 :  0.1  0.1
   2 :       0.2

  Clustering method                        : complete linkage
  Structure ids in cluster table           : rank nos.
  Ordering of clusters and their members   : by rank (order if from rms_analysis)

  Distance | Clusters
   0.11    |  1  2 |  3 |
   0.21    |  1  2  3 |
  Finished Docking Ligand                  : C:/Users/student/Desktop/project/beta1/ligandy/3zpq.mol2
--------------------------------------------------------------------------------

  Relative_Ligand_Energy (best encountered) :   1.132
  Relative_Ligand_Energy: fitness values have been corrected using this amount
