
--------------------------------------------------------------------------------
--- Ligand                                                                   ---
--------------------------------------------------------------------------------
  Ligand loaded from file                  : C:/Users/student/Desktop/project/beta1/ligandy/6h7j.mol2
  Ligand name                              :  
  "C:\Users\porto\OneDrive\projekt\beta1\ligandy\L_6h7j.pdb L_6h7j.pdb 1    "

--------------------------------------------------------------------------------
  N.plc donors                             : 
  none found

  Acidic nitrogen acceptors                : 
  none found
  Sulfur acceptors                         :
  none found


  Donor atoms                              :      4
  12  13  14  15  
  Acceptor atoms                           :      4
  12  13  14  15  

  Hydrogens                                :  (n = 4)
  29   30   31   32   

  Lone pairs added to molecule             :      7
  Numbering                                : from 33 to 39

--------------------------------------------------------------------------------
--- Postprocessing of typing                                                 ---
--------------------------------------------------------------------------------
  Fragment file                            : C:\Program Files (x86)\CCDC/GoldSuite_2017\GOLD\gold\rotatable_bond_override.mol2
  acylurea fragment                        : no matches
  thioacylthiourea fragment                : no matches
  acylthiourea fragment                    : no matches
  thioacylurea fragment                    : no matches
  diarylamine fragment >C.ar-NH-C.ar<      : no matches
  sec-amine (1) fragment                   : no matches
  sec-amine (2) fragment                   : no matches
  sec-amine (3) fragment                   : no matches
  carboxylic ester                         : no matches

* Rotatable bonds in C:/Users/student/Des  :
  [   1    4] [   1   13] [   1    2] [   2   12] 
  [   3   12] [   9   14] [  11   15] 
  No. of rotatable bonds                   :      7


* Fragments found in C:/Users/student/Des  :
  atom   4: benzene
  atom   7: benzene
  atom   8: benzene
  atom   9: benzene
  atom  10: benzene
  atom  11: benzene


* Checking torsion distributions:                                               
  No. of matched torsions                  :      0

--------------------------------------------------------------------------------
--- Shape fitting atoms selection (hydrophobic atoms)                        ---
--------------------------------------------------------------------------------
  Molecule                                 : C:/Users/student/Desktop/project/beta1/ligandy/6h7j.mol2
  Selection                                : carbons only
  Atom numbers                             :  (n = 8)
  1    2    3    5    6    7    8    10   


--------------------------------------------------------------------------------
--- ChemScore ligand setup summary                                           ---
--------------------------------------------------------------------------------
  ChemScore ligand acceptors               :      4
  12 13 14 15 
  ChemScore ligand donors                  :      4
  12 ( 29  ) 13 ( 30  ) 14 ( 31  ) 15 ( 32  ) 
  ChemScore ligand CH donors               :      0
  

  ChemScore ligand lipophilic atoms        :  (n = 11)
  1    2    3    4    5    6    7    8    9    10   
  11   

  ChemScore ligand rotatable bonds         :      7
  1   (CAE) - 4   (CAH): SP3_SP2_BOND
  1   (CAE) - 13  (OAA): SP3_SP3_BOND
  1   (CAE) - 2   (CAF): SP3_SP3_BOND
  2   (CAF) - 12  (NAD): SP3_SP3_BOND
  3   (CAG) - 12  (NAD): SP3_SP3_BOND
  9   (CAM) - 14  (OAB): SP3_SP2_BOND
  11  (CAO) - 15  (OAC): SP3_SP2_BOND

--------------------------------------------------------------------------------
--- PLP ligand setup summary                                                 ---
--------------------------------------------------------------------------------
    1   CAE   C.3 NONPOLAR
    2   CAF   C.3 NONPOLAR
    3   CAG   C.3 NONPOLAR
    4   CAH  C.ar NONPOLAR
    5   CAI   C.3 NONPOLAR
    6   CAJ   C.3 NONPOLAR
    7   CAK  C.ar NONPOLAR
    8   CAL  C.ar NONPOLAR
    9   CAM  C.ar NONPOLAR
   10   CAN  C.ar NONPOLAR
   11   CAO  C.ar NONPOLAR
   12   NAD   N.3 DONACC
   13   OAA   O.3 DONACC
   14   OAB   O.3 DONACC
   15   OAC   O.3 DONACC

--------------------------------------------------------------------------------
--- Automatic parameter setting                                              ---
--------------------------------------------------------------------------------
  Contribution base                        :   2500
  Contribution per rotatable bond          :   6000
  Contribution per df                      :   4000
  Contribution per water                   :  10000
  Ligand rotatable bonds                   :      7
  Protein flexible side chain bonds        :      0
  Total rotatable bonds                    :      7
  Hydrophobic vol ratio (P/L)              :   2.216
  Base multiplier (polar)                  :   1.600
  Base multiplier (apolar)                 :   3.546
  Base contribution                        : 12500.000
  Fitting points                           :      8
  Estimated maxops needed (optimal)        :  55000

--------------------------------------------------------------------------------

* Population settings                                                           
  maxops                                   :  55000
  popsiz                                   :    100
  select_pressure                          :   1.100
  n_islands                                :      5
  niche_siz                                :      2

* GA settings                                                                   
  pt_crosswt                               :     95
  allele_mutatewt                          :     95
  migratewt                                :     10

* Search settings                                                               
  start_vdw_linear_cutoff                  :   4.000
  initial_virtual_pt_match_max             :   3.000

--------------------------------------------------------------------------------

* Ligand initialisation time :                                                  
  total  0.0000 user  0.0000 sys  0.0000

--------------------------------------------------------------------------------

--------------------------------------------------------------------------------
** Docking run number  1 **
--------------------------------------------------------------------------------
  Rank fitness base is 5000.00 ; increment is 11.2233

* Initialising population(s) ...                                                
Number of constraints mappings 0
Number of constraints 0
  Population no.                           :      1
  Population size                          :    100
  Number of duplicates                     :      0
  Number of niche violations               :      0
  Number of errors                         :    296

Number of constraints mappings 0
Number of constraints 0
  Population no.                           :      2
  Population size                          :    100
  Number of duplicates                     :      0
  Number of niche violations               :      0
  Number of errors                         :    308

Number of constraints mappings 0
Number of constraints 0
  Population no.                           :      3
  Population size                          :    100
  Number of duplicates                     :      0
  Number of niche violations               :      0
  Number of errors                         :    302

Number of constraints mappings 0
Number of constraints 0
  Population no.                           :      4
  Population size                          :    100
  Number of duplicates                     :      0
  Number of niche violations               :      0
  Number of errors                         :    343

Number of constraints mappings 0
Number of constraints 0
  Population no.                           :      5
  Population size                          :    100
  Number of duplicates                     :      0
  Number of niche violations               :      0
  Number of errors                         :    334


Doing GA, no. of population(s) 5 size 100 selection pressure 1.100000

 Operation      Score     S(PLP)   S(hbond)     S(cho)   S(metal)  DE(clash)   DE(tors)     intcor
         0      27.36     -29.40       0.00       0.00       0.00       0.00       1.08       0.11
       579      28.20     -30.39       0.00       0.00       0.00       0.00       1.15       0.11
      1403      32.63     -34.32       0.17       0.00       0.00       0.39       0.95       0.11
      2210      32.79     -31.95       0.94       0.00       0.00       0.00       1.05       0.11
      3070      32.96     -31.95       1.00       0.00       0.00       0.00       1.05       0.11
      4100      33.68     -33.15       0.84       0.00       0.00       0.00       1.04       0.11
      4652      36.28     -37.12       0.67       0.00       0.00       0.00       1.47       0.11
      4756      40.98     -40.69       0.93       0.00       0.00       0.00       1.30       0.11
      9273      41.04     -41.96       0.00       0.00       0.00       0.00       0.51       0.11
      9290      42.40     -42.60       0.76       0.00       0.00       0.00       1.30       0.11
     11718      43.33     -43.51       0.24       0.00       0.00       0.00       0.51       0.11
     13439      46.71     -45.51       1.00       0.00       0.00       0.00       0.96       0.11
     16584      46.86     -45.65       1.00       0.00       0.00       0.00       0.95       0.11
     21296      47.14     -45.94       1.00       0.00       0.00       0.00       0.96       0.11
     29015      48.25     -46.81       1.00       0.00       0.00       0.00       0.83       0.11
     31369      48.28     -46.88       1.00       0.00       0.00       0.00       0.86       0.11
     36219      48.32     -46.89       1.00       0.00       0.00       0.00       0.84       0.11
     39594      48.34     -46.90       1.00       0.00       0.00       0.00       0.83       0.11
     45144      48.36     -46.88       1.00       0.00       0.00       0.00       0.81       0.11
     51284      48.41     -46.98       1.00       0.00       0.00       0.00       0.84       0.11
     52871      48.45     -47.02       1.00       0.00       0.00       0.00       0.84       0.11
--------------------------------------------------------------------------------
Best docking solution after GA:
     55000      48.45     -47.02       1.00       0.00       0.00       0.00       0.84       0.11

#ops:      55000 #mutates:  26156 #cross:    26151 #migrate:   2693 
#dups:     12881 #niche:    22012 #errors:     522 
--------------------------------------------------------------------------------

Doing AMOEBA simplex on best individual
Done simplexing #iterations 547, best score  49.33

Ligand is stored in gold_soln_6h7j_m1_1.mol2


--------------------------------------------------------------------------------
--- CHEMPLP breakdown of terms                                               ---
--------------------------------------------------------------------------------
CHEMPLP = - ( 1.0000*S(PLP) + -3.0000*S(hbond) + -6.0000*S(metal) + -3.0000*S(cho) )

Score = CHEMPLP - 1.0000*DE(clash) - 2.0000*DE(tors)

Internal energy term has been corrected with the best internal energy encountered.

--------------------------------------------------------------------------------


     Score     S(PLP)   S(hbond)     S(cho)   S(metal)  DE(clash)   DE(tors)     intcor
     49.33     -47.88       1.00       0.00       0.00       0.00       0.83       0.11

--------------------------------------------------------------------------------
--- PLP analysis of protein-ligand interactions                              ---
--------------------------------------------------------------------------------
hydrogen bonding        :      -2.00
metal                   :       0.00
buried (polar-nonpolar) :      -4.58
nonpolar                :     -41.05
repulsive               :       0.00
--------------------------------------------------------------------------------


--------------------------------------------------------------------------------
--- ChemScore analysis of protein-ligand interactions                        ---
--------------------------------------------------------------------------------

* Hydrogen bonds                                                                
Ligand donor   13 hydrogen   30 Protein acceptor 2066 bond energy  1.00 wt 1.00


* CH..O interactions                                                            
  CH group selection                       : activated ring CH (adjacent to hetatom)

--------------------------------------------------------------------------------


--------------------------------------------------------------------------------
--- Intra-ligand clashes                                                     ---
--------------------------------------------------------------------------------

Ligand
--------------------------------------------------------------------------------


--------------------------------------------------------------------------------
--- Chromosome decoded                                                       ---
--------------------------------------------------------------------------------
Ligand Torsions
[   7    4    1   13] -177.38
[  30   13    1    4] -106.06
[  12    2    1    4]  164.87
[   3   12    2    1]  111.44
[   6    3   12    2]   32.56
[  31   14    9    7]  109.37
[  32   15   11    9]   57.59
Mapping
Ligand acceptors to protein hydrogens (mapping then atom ids)
Ligand hydrogens to protein acceptors (mapping then atom ids)
  2   3 [ 30->2066]
Ligand shape atoms to protein points (mapping then atom ids & coords)
  1  5366 [  1->(-23.250   7.000  16.250)]
  3  7228 [  3->(-22.500   8.750  18.250)]
  8  5931 [ 10->(-23.000   4.250  14.750)]
Chromosome values
Integers:
  -1   -1   -1   -1   -1    2   -1   -1 5365   -1 7227   -1 
  -1   -1   -1 5930 
--------------------------------------------------------------------------------

Current Ranking  1

--------------------------------------------------------------------------------

* GA execution time :                                                           
  total  2.9995 user  2.9995 sys  0.0000

--------------------------------------------------------------------------------
Fitness function evaluations: 93578

--------------------------------------------------------------------------------
** Docking run number  2 **
--------------------------------------------------------------------------------
  Rank fitness base is 5000.00 ; increment is 11.2233

* Initialising population(s) ...                                                
Number of constraints mappings 0
Number of constraints 0
  Population no.                           :      1
  Population size                          :    100
  Number of duplicates                     :      0
  Number of niche violations               :      0
  Number of errors                         :    303

Number of constraints mappings 0
Number of constraints 0
  Population no.                           :      2
  Population size                          :    100
  Number of duplicates                     :      0
  Number of niche violations               :      0
  Number of errors                         :    308

Number of constraints mappings 0
Number of constraints 0
  Population no.                           :      3
  Population size                          :    100
  Number of duplicates                     :      0
  Number of niche violations               :      0
  Number of errors                         :    319

Number of constraints mappings 0
Number of constraints 0
  Population no.                           :      4
  Population size                          :    100
  Number of duplicates                     :      0
  Number of niche violations               :      0
  Number of errors                         :    314

Number of constraints mappings 0
Number of constraints 0
  Population no.                           :      5
  Population size                          :    100
  Number of duplicates                     :      0
  Number of niche violations               :      0
  Number of errors                         :    287


Doing GA, no. of population(s) 5 size 100 selection pressure 1.100000

 Operation      Score     S(PLP)   S(hbond)     S(cho)   S(metal)  DE(clash)   DE(tors)     intcor
         0      34.74     -34.45       1.75       0.00       0.00       3.28       0.89       0.11
       414      37.12     -34.88       1.81       0.00       0.00       1.52       0.90       0.11
      3964      38.37     -35.12       1.85       0.00       0.00       0.63       0.90       0.11
      5559      38.54     -41.53       0.03       0.00       0.00       0.00       1.57       0.05
      5835      40.02     -39.82       0.88       0.00       0.00       0.36       1.06       0.05
      6797      40.38     -42.72       0.00       0.00       0.00       0.00       1.18       0.01
      7710      41.61     -41.30       0.93       0.00       0.00       0.36       1.06       0.01
      9853      46.24     -44.11       1.01       0.00       0.00       0.00       0.45       0.01
     16608      46.28     -44.05       1.04       0.00       0.00       0.00       0.45       0.01
     24316      46.53     -44.89       0.65       0.00       0.00       0.00       0.16       0.01
     24400      47.59     -46.96       0.65       0.00       0.00       0.00       0.66       0.01
     24581      48.62     -45.76       1.00       0.00       0.00       0.00       0.08       0.01
     25206      48.70     -46.44       0.80       0.00       0.00       0.00       0.08       0.01
     25616      49.21     -46.27       1.00       0.00       0.00       0.00       0.03       0.01
     26271      49.38     -47.16       0.84       0.00       0.00       0.00       0.16       0.01
     27686      49.46     -46.63       1.00       0.00       0.00       0.00       0.09       0.01
     30656      49.50     -46.59       1.00       0.00       0.00       0.00       0.05       0.01
     32631      49.71     -46.79       1.00       0.00       0.00       0.00       0.04       0.01
     33381      50.86     -48.02       1.00       0.00       0.00       0.00       0.09       0.01
     40971      50.88     -48.01       1.00       0.00       0.00       0.00       0.07       0.01
     41631      50.90     -48.09       1.00       0.00       0.00       0.00       0.10       0.01
     44804      51.01     -48.49       1.00       0.00       0.00       0.00       0.25       0.01
     45441      51.02     -49.07       0.70       0.00       0.00       0.00       0.09       0.01
     46071      51.51     -48.70       1.00       0.00       0.00       0.00       0.10       0.01
     51336      51.55     -49.05       1.00       0.00       0.00       0.00       0.26       0.01
     52286      51.86     -49.05       1.00       0.00       0.00       0.00       0.10       0.01
     52551      51.89     -49.39       1.00       0.00       0.00       0.00       0.26       0.01
     52612      51.99     -49.15       1.00       0.00       0.00       0.00       0.09       0.01
     53877      52.35     -49.54       1.00       0.00       0.00       0.00       0.10       0.01
--------------------------------------------------------------------------------
Best docking solution after GA:
     55000      52.35     -49.54       1.00       0.00       0.00       0.00       0.10       0.01

#ops:      55000 #mutates:  26024 #cross:    26189 #migrate:   2787 
#dups:     11617 #niche:    22531 #errors:     399 
--------------------------------------------------------------------------------

Doing AMOEBA simplex on best individual
Done simplexing #iterations 448, best score  53.13

Ligand is stored in gold_soln_6h7j_m1_2.mol2


--------------------------------------------------------------------------------
--- CHEMPLP breakdown of terms                                               ---
--------------------------------------------------------------------------------
CHEMPLP = - ( 1.0000*S(PLP) + -3.0000*S(hbond) + -6.0000*S(metal) + -3.0000*S(cho) )

Score = CHEMPLP - 1.0000*DE(clash) - 2.0000*DE(tors)

Internal energy term has been corrected with the best internal energy encountered.

--------------------------------------------------------------------------------


     Score     S(PLP)   S(hbond)     S(cho)   S(metal)  DE(clash)   DE(tors)     intcor
     53.13     -50.27       1.00       0.00       0.00       0.00       0.08       0.01

--------------------------------------------------------------------------------
--- PLP analysis of protein-ligand interactions                              ---
--------------------------------------------------------------------------------
hydrogen bonding        :      -3.63
metal                   :       0.00
buried (polar-nonpolar) :      -5.65
nonpolar                :     -41.86
repulsive               :       0.00
--------------------------------------------------------------------------------


--------------------------------------------------------------------------------
--- ChemScore analysis of protein-ligand interactions                        ---
--------------------------------------------------------------------------------

* Hydrogen bonds                                                                
Ligand donor   13 hydrogen   30 Protein acceptor 2066 bond energy  1.00 wt 1.00


* CH..O interactions                                                            
  CH group selection                       : activated ring CH (adjacent to hetatom)

--------------------------------------------------------------------------------


--------------------------------------------------------------------------------
--- Intra-ligand clashes                                                     ---
--------------------------------------------------------------------------------

Ligand
--------------------------------------------------------------------------------


--------------------------------------------------------------------------------
--- Chromosome decoded                                                       ---
--------------------------------------------------------------------------------
Ligand Torsions
[   7    4    1   13] -178.10
[  30   13    1    4] -145.23
[  12    2    1    4] -179.17
[   3   12    2    1]  173.27
[   6    3   12    2]  -68.59
[  31   14    9    7] -142.80
[  32   15   11    9]   45.23
Mapping
Ligand acceptors to protein hydrogens (mapping then atom ids)
Ligand hydrogens to protein acceptors (mapping then atom ids)
  2   3 [ 30->2066]
Ligand shape atoms to protein points (mapping then atom ids & coords)
  3  8518 [  3->(-20.750   8.750  17.750)]
  5  8260 [  6->(-21.250   8.750  17.250)]
  6  3792 [  7->(-23.750   6.250  15.750)]
  7  6656 [  8->(-22.750   5.000  15.000)]
Chromosome values
Integers:
  -1   -1   -1   -1   -1    2   -1   -1   -1   -1 8517   -1 
8259 3791 6655   -1 
--------------------------------------------------------------------------------

Current Ranking  2  1

--------------------------------------------------------------------------------

* GA execution time :                                                           
  total  2.0006 user  2.0006 sys  0.0000

--------------------------------------------------------------------------------
Fitness function evaluations: 93519

--------------------------------------------------------------------------------
** Docking run number  3 **
--------------------------------------------------------------------------------
  Rank fitness base is 5000.00 ; increment is 11.2233

* Initialising population(s) ...                                                
Number of constraints mappings 0
Number of constraints 0
  Population no.                           :      1
  Population size                          :    100
  Number of duplicates                     :      0
  Number of niche violations               :      0
  Number of errors                         :    289

Number of constraints mappings 0
Number of constraints 0
  Population no.                           :      2
  Population size                          :    100
  Number of duplicates                     :      0
  Number of niche violations               :      0
  Number of errors                         :    315

Number of constraints mappings 0
Number of constraints 0
  Population no.                           :      3
  Population size                          :    100
  Number of duplicates                     :      0
  Number of niche violations               :      0
  Number of errors                         :    294

Number of constraints mappings 0
Number of constraints 0
  Population no.                           :      4
  Population size                          :    100
  Number of duplicates                     :      0
  Number of niche violations               :      0
  Number of errors                         :    326

Number of constraints mappings 0
Number of constraints 0
  Population no.                           :      5
  Population size                          :    100
  Number of duplicates                     :      0
  Number of niche violations               :      0
  Number of errors                         :    314


Doing GA, no. of population(s) 5 size 100 selection pressure 1.100000

 Operation      Score     S(PLP)   S(hbond)     S(cho)   S(metal)  DE(clash)   DE(tors)     intcor
         0      25.18     -25.43       0.99       0.00       0.00       1.80       0.72       0.01
        77      27.41     -35.46       0.58       0.00       0.00       5.38       2.21       0.01
       545      29.41     -30.71       0.00       0.00       0.00       0.00       0.66       0.01
       807      31.91     -32.03       0.85       0.00       0.00       0.00       1.34       0.01
      1492      32.35     -33.23       0.00       0.00       0.00       0.00       0.44       0.01
      2467      32.57     -31.40       0.67       0.00       0.00       0.14       0.36       0.01
      2662      33.04     -30.93       1.00       0.00       0.00       0.00       0.45       0.01
      3384      38.44     -40.36       0.05       0.00       0.00       0.05       1.02       0.01
      5712      38.93     -40.94       0.00       0.00       0.00       0.00       1.01       0.01
      5892      39.61     -39.15       0.83       0.00       0.00       0.05       1.00       0.01
      7624      40.08     -38.11       1.00       0.00       0.00       0.05       0.50       0.01
      8036      40.25     -37.93       1.00       0.00       0.00       0.00       0.34       0.01
     10677      40.42     -39.45       1.00       0.00       0.00       0.05       1.00       0.01
     11322      40.68     -39.71       1.00       0.00       0.00       0.05       1.00       0.01
     11873      41.99     -42.15       0.62       0.00       0.00       0.00       1.01       0.01
     13674      45.00     -45.98       0.12       0.00       0.00       0.05       0.65       0.01
     15758      45.20     -42.92       1.00       0.00       0.00       0.00       0.37       0.01
     15847      45.21     -42.93       1.00       0.00       0.00       0.00       0.37       0.01
     16548      46.23     -43.95       1.00       0.00       0.00       0.00       0.37       0.01
     17638      46.73     -44.58       0.96       0.00       0.00       0.00       0.37       0.01
     19733      46.74     -44.54       0.98       0.00       0.00       0.00       0.37       0.01
     21412      47.02     -44.84       0.98       0.00       0.00       0.00       0.38       0.01
     25108      47.12     -45.09       1.00       0.00       0.00       0.00       0.49       0.01
     26583      47.15     -44.91       1.00       0.00       0.00       0.00       0.39       0.01
     28242      47.33     -45.43       0.96       0.00       0.00       0.00       0.49       0.01
     32609      47.45     -45.20       1.00       0.00       0.00       0.00       0.39       0.01
     34095      47.76     -45.52       1.00       0.00       0.00       0.00       0.39       0.01
     36700      48.47     -47.72       0.69       0.00       0.00       0.00       0.66       0.01
     45840      48.51     -47.79       0.68       0.00       0.00       0.00       0.66       0.01
     50613      48.52     -44.37       1.59       0.00       0.00       0.00       0.32       0.01
     50952      48.55     -47.62       0.75       0.00       0.00       0.00       0.66       0.01
     51338      49.62     -46.36       1.30       0.00       0.00       0.00       0.32       0.01
     53512      49.67     -47.40       0.94       0.00       0.00       0.00       0.28       0.01
     53687      49.89     -47.05       1.13       0.00       0.00       0.00       0.28       0.01
     53808      50.06     -46.89       1.23       0.00       0.00       0.00       0.26       0.01
--------------------------------------------------------------------------------
Best docking solution after GA:
     55000      50.06     -46.89       1.23       0.00       0.00       0.00       0.26       0.01

#ops:      55000 #mutates:  26029 #cross:    26189 #migrate:   2782 
#dups:     11575 #niche:    22831 #errors:     463 
--------------------------------------------------------------------------------

Doing AMOEBA simplex on best individual
Done simplexing #iterations 416, best score  51.90

Ligand is stored in gold_soln_6h7j_m1_3.mol2


--------------------------------------------------------------------------------
--- CHEMPLP breakdown of terms                                               ---
--------------------------------------------------------------------------------
CHEMPLP = - ( 1.0000*S(PLP) + -3.0000*S(hbond) + -6.0000*S(metal) + -3.0000*S(cho) )

Score = CHEMPLP - 1.0000*DE(clash) - 2.0000*DE(tors)

Internal energy term has been corrected with the best internal energy encountered.

--------------------------------------------------------------------------------


     Score     S(PLP)   S(hbond)     S(cho)   S(metal)  DE(clash)   DE(tors)     intcor
     51.90     -49.07       1.15       0.00       0.00       0.00       0.32       0.01

--------------------------------------------------------------------------------
--- PLP analysis of protein-ligand interactions                              ---
--------------------------------------------------------------------------------
hydrogen bonding        :      -5.61
metal                   :       0.00
buried (polar-nonpolar) :      -6.01
nonpolar                :     -38.52
repulsive               :       0.00
--------------------------------------------------------------------------------


--------------------------------------------------------------------------------
--- ChemScore analysis of protein-ligand interactions                        ---
--------------------------------------------------------------------------------

* Hydrogen bonds                                                                
Ligand donor   12 hydrogen   29 Protein acceptor 2066 bond energy  1.00 wt 1.00
Ligand donor   13 hydrogen   30 Protein acceptor 2066 bond energy  1.00 wt 0.15


* CH..O interactions                                                            
  CH group selection                       : activated ring CH (adjacent to hetatom)

--------------------------------------------------------------------------------


--------------------------------------------------------------------------------
--- Intra-ligand clashes                                                     ---
--------------------------------------------------------------------------------

Ligand
--------------------------------------------------------------------------------


--------------------------------------------------------------------------------
--- Chromosome decoded                                                       ---
--------------------------------------------------------------------------------
Ligand Torsions
[   7    4    1   13] -175.35
[  30   13    1    4] -166.35
[  12    2    1    4] -165.78
[   3   12    2    1] -156.42
[   6    3   12    2]  -65.45
[  31   14    9    7]   68.00
[  32   15   11    9]    6.98
Mapping
Ligand acceptors to protein hydrogens (mapping then atom ids)
Ligand hydrogens to protein acceptors (mapping then atom ids)
  1   3 [ 29->2066]
  2   3 [ 30->2066]
Ligand shape atoms to protein points (mapping then atom ids & coords)
  2  5351 [  2->(-23.250   6.750  15.500)]
  3  6248 [  3->(-23.000  10.000  18.250)]
  4  7252 [  5->(-22.500   9.250  18.750)]
  5  8565 [  6->(-20.750  10.750  17.750)]
  8  5120 [ 10->(-23.250   3.750  15.000)]
Chromosome values
Integers:
  -1   -1   -1   -1    2    2   -1   -1   -1 5350 6247 7251 
8564   -1   -1 5119 
--------------------------------------------------------------------------------

Current Ranking  2  3  1

Top  3 (of  3) solutions are within 1.000 RMSD, finishing docking C:/Users/student/Desktop/project/beta1/ligandy/6h7j.mol2.


--------------------------------------------------------------------------------

* GA execution time :                                                           
  total  2.9996 user  2.9996 sys  0.0000

--------------------------------------------------------------------------------
Fitness function evaluations: 94219

--------------------------------------------------------------------------------
--- Ranking analysis                                                         ---
--------------------------------------------------------------------------------


* Final ranked order of GA solutions:                                           
   2  3  1 

  _______________________________
  RMSD Matrix of RANKED solutions

        2    3  

   1 :  0.6  0.7
   2 :       0.9

  Clustering method                        : complete linkage
  Structure ids in cluster table           : rank nos.
  Ordering of clusters and their members   : by rank (order if from rms_analysis)

  Distance | Clusters
   0.64    |  1  2 |  3 |
   0.94    |  1  2  3 |
  Finished Docking Ligand                  : C:/Users/student/Desktop/project/beta1/ligandy/6h7j.mol2
--------------------------------------------------------------------------------

  Relative_Ligand_Energy (best encountered) :   0.013
  Relative_Ligand_Energy: fitness values have been corrected using this amount
