# WARNING: atom    3 in E:/CHEMBL476248.mol2 is type  N.ar resetting to type  N.am (set_atom_type)
# WARNING: atom   24 in E:/CHEMBL476248.mol2 is type  N.ar resetting to type  N.am (set_atom_type)
# WARNING: bond    2 in E:/CHEMBL476248.mol2 is type  ar resetting to type  am (set_bond_type)
# WARNING: bond   27 in E:/CHEMBL476248.mol2 is type  ar resetting to type  am (set_bond_type)

--------------------------------------------------------------------------------
--- Ligand                                                                   ---
--------------------------------------------------------------------------------
  Ligand loaded from file                  : E:/CHEMBL476248.mol2
  Ligand name                              :  
  "*****                                                                    "

--------------------------------------------------------------------------------
  N.plc donors                             : 
  none found

  Acidic nitrogen acceptors                : 
  none found
  Sulfur acceptors                         :
  none found


  Donor atoms                              :      0
  
  Acceptor atoms                           :      2
  1   6   

  Hydrogens                                :  (n = 0)
    none found


  Lone pairs added to molecule             :      3
  Numbering                                : from 57 to 59

--------------------------------------------------------------------------------
--- Postprocessing of typing                                                 ---
--------------------------------------------------------------------------------
  Fragment file                            : C:\Program Files (x86)\CCDC/GoldSuite_2017\GOLD\gold\rotatable_bond_override.mol2
  acylurea fragment                        : no matches
  thioacylthiourea fragment                : no matches
  acylthiourea fragment                    : no matches
  thioacylurea fragment                    : no matches
  diarylamine fragment >C.ar-NH-C.ar<      : no matches
  sec-amine (1) fragment                   : no matches
  sec-amine (2) fragment                   : 1 matches
  Ligand bond 9-12  set to 1
  Ligand bond 9-8  set to 1
  Ligand bond 9-10  set to 1
  sec-amine (3) fragment                   : no matches
  carboxylic ester                         : no matches

* Rotatable bonds in E:/CHEMBL476248.mol2  :
  [   3    4] [   4    5] [   5    6] [   9   12] 
  [  24   25] 
  No. of rotatable bonds                   :      5


* Fragments found in E:/CHEMBL476248.mol2  :
  atom  12: benzene
  atom  13: benzene
  atom  14: benzene
  atom  15: benzene
  atom  16: benzene
  atom  17: benzene
  atom  18: benzene
  atom  19: benzene
  atom  20: benzene
  atom  21: benzene
  atom  22: benzene
  atom  23: benzene
  atom  25: benzene
  atom  26: benzene
  atom  27: benzene
  atom  28: benzene
  atom  29: benzene
  atom  30: benzene


* Checking torsion distributions:                                               
  No. of matched torsions                  :      0

--------------------------------------------------------------------------------
--- Shape fitting atoms selection (hydrophobic atoms)                        ---
--------------------------------------------------------------------------------
  Molecule                                 : E:/CHEMBL476248.mol2
  Selection                                : carbons only
  Atom numbers                             :  (n = 20)
  4    5    7    8    10   11   13   14   15   16   
  17   19   20   21   22   26   27   28   29   30   
  


--------------------------------------------------------------------------------
--- ChemScore ligand setup summary                                           ---
--------------------------------------------------------------------------------
  ChemScore ligand acceptors               :      2
  1 6 
  ChemScore ligand donors                  :      0
  
  ChemScore ligand CH donors               :      0
  

  ChemScore ligand lipophilic atoms        :  (n = 24)
  4    5    7    8    10   11   12   13   14   15   
  16   17   18   19   20   21   22   23   25   26   
  27   28   29   30   

  ChemScore ligand rotatable bonds         :      5
  3   (N  ) - 4   (C  ): SP3_SP2_BOND
  4   (C  ) - 5   (C  ): SP3_SP3_BOND
  5   (C  ) - 6   (N  ): SP3_SP3_BOND
  9   (N  ) - 12  (C  ): SP2_SP2_BOND
  24  (N  ) - 25  (C  ): SP2_SP2_BOND

--------------------------------------------------------------------------------
--- PLP ligand setup summary                                                 ---
--------------------------------------------------------------------------------
    1     O   O.2 ACCEPTOR
    2     C  C.ar NONPOLAR
    3     N  N.am NONPOLAR
    4     C   C.3 NONPOLAR
    5     C   C.3 NONPOLAR
    6     N   N.3 ACCEPTOR
    7     C   C.3 NONPOLAR
    8     C   C.3 NONPOLAR
    9     N N.pl3 NONPOLAR
   10     C   C.3 NONPOLAR
   11     C   C.3 NONPOLAR
   12     C  C.ar NONPOLAR
   13     C  C.ar NONPOLAR
   14     C  C.ar NONPOLAR
   15     C  C.ar NONPOLAR
   16     C  C.ar NONPOLAR
   17     C  C.ar NONPOLAR
   18     C  C.ar NONPOLAR
   19     C  C.ar NONPOLAR
   20     C  C.ar NONPOLAR
   21     C  C.ar NONPOLAR
   22     C  C.ar NONPOLAR
   23     C  C.ar NONPOLAR
   24     N  N.am NONPOLAR
   25     C  C.ar NONPOLAR
   26     C  C.ar NONPOLAR
   27     C  C.ar NONPOLAR
   28     C  C.ar NONPOLAR
   29     C  C.ar NONPOLAR
   30     C  C.ar NONPOLAR

--------------------------------------------------------------------------------
--- Automatic parameter setting                                              ---
--------------------------------------------------------------------------------
  Contribution base                        :   2500
  Contribution per rotatable bond          :   6000
  Contribution per df                      :   4000
  Contribution per water                   :  10000
  Ligand rotatable bonds                   :      5
  Protein flexible side chain bonds        :      0
  Total rotatable bonds                    :      5
  Hydrophobic vol ratio (P/L)              :   0.967
  Base multiplier (polar)                  :   0.400
  Base multiplier (apolar)                 :   3.866
  Base contribution                        : 10000.000
  Fitting points                           :      2
  Estimated maxops needed (optimal)        :  40500
  Autoscale factor (in percent)            :    200
  Scaled maxops                            :  81250

--------------------------------------------------------------------------------

* Population settings                                                           
  maxops                                   :  81250
  popsiz                                   :    100
  select_pressure                          :   1.100
  n_islands                                :      5
  niche_siz                                :      2

* GA settings                                                                   
  pt_crosswt                               :     95
  allele_mutatewt                          :     95
  migratewt                                :     10

* Search settings                                                               
  start_vdw_linear_cutoff                  :   4.000
  initial_virtual_pt_match_max             :   3.000

--------------------------------------------------------------------------------

* Ligand initialisation time :                                                  
  total  0.0001 user  0.0001 sys  0.0000

--------------------------------------------------------------------------------

--------------------------------------------------------------------------------
** Docking run number  1 **
--------------------------------------------------------------------------------
  Rank fitness base is 5000.00 ; increment is 11.2233

* Initialising population(s) ...                                                
Number of constraints mappings 0
Number of constraints 0
  Population no.                           :      1
  Population size                          :    100
  Number of duplicates                     :      0
  Number of niche violations               :      0
  Number of errors                         :    312

Number of constraints mappings 0
Number of constraints 0
  Population no.                           :      2
  Population size                          :    100
  Number of duplicates                     :      0
  Number of niche violations               :      0
  Number of errors                         :    314

Number of constraints mappings 0
Number of constraints 0
  Population no.                           :      3
  Population size                          :    100
  Number of duplicates                     :      0
  Number of niche violations               :      0
  Number of errors                         :    334

Number of constraints mappings 0
Number of constraints 0
  Population no.                           :      4
  Population size                          :    100
  Number of duplicates                     :      0
  Number of niche violations               :      0
  Number of errors                         :    333

Number of constraints mappings 0
Number of constraints 0
  Population no.                           :      5
  Population size                          :    100
  Number of duplicates                     :      0
  Number of niche violations               :      0
  Number of errors                         :    347


Doing GA, no. of population(s) 5 size 100 selection pressure 1.100000

 Operation      Score     S(PLP)   S(hbond)     S(cho)   S(metal)  DE(clash)   DE(tors)     intcor
         0      38.18     -43.01       0.00       0.00       0.00       0.00       2.47       0.11
       215      44.99     -48.96       0.00       0.00       0.00       0.00       2.04       0.11
       406      60.50     -63.03       0.00       0.00       0.00       0.00       1.32       0.11
      1771      63.62     -66.24       0.00       0.00       0.00       0.00       1.37       0.11
      2455      73.93     -74.67       0.00       0.00       0.00       0.00       0.42       0.11
      4280      77.01     -78.50       0.00       0.00       0.00       0.00       0.80       0.11
      5536      78.12     -79.47       0.00       0.00       0.00       0.00       0.73       0.11
      5912      78.24     -80.78       0.00       0.00       0.00       0.00       1.33       0.11
      7416      79.06     -80.42       0.00       0.00       0.00       0.00       0.73       0.11
      8402      79.09     -81.13       0.00       0.00       0.00       0.00       1.08       0.11
      9952      79.32     -80.99       0.00       0.00       0.00       0.00       0.89       0.11
     10089      79.37     -82.55       0.00       0.00       0.00       0.00       1.65       0.11
     10197      80.43     -82.10       0.00       0.00       0.00       0.00       0.89       0.11
     11222      81.36     -83.04       0.00       0.00       0.00       0.00       0.89       0.11
     12867      82.80     -84.47       0.00       0.00       0.00       0.00       0.89       0.11
     13312      83.23     -84.90       0.00       0.00       0.00       0.00       0.89       0.11
     13315      83.71     -85.05       0.00       0.00       0.00       0.00       0.72       0.11
     13625      83.73     -85.10       0.00       0.00       0.00       0.00       0.74       0.11
     14242      84.06     -85.73       0.00       0.00       0.00       0.00       0.89       0.11
     15348      84.93     -86.94       0.00       0.00       0.00       0.00       1.06       0.11
     18240      85.71     -87.12       0.00       0.00       0.00       0.00       0.76       0.11
     18808      85.84     -88.38       0.00       0.00       0.00       0.00       1.33       0.11
     19888      86.18     -88.58       0.00       0.00       0.00       0.00       1.26       0.11
     21512      86.22     -88.23       0.00       0.00       0.00       0.00       1.06       0.11
     21598      86.46     -88.86       0.00       0.00       0.00       0.00       1.26       0.11
     22358      86.74     -89.28       0.00       0.00       0.00       0.00       1.33       0.11
     22783      87.06     -89.83       0.00       0.00       0.00       0.00       1.44       0.11
     23373      87.31     -90.09       0.00       0.00       0.00       0.00       1.44       0.11
     24212      87.33     -89.87       0.00       0.00       0.00       0.00       1.33       0.11
     25595      87.36     -89.76       0.00       0.00       0.00       0.00       1.26       0.11
     25618      87.91     -90.79       0.00       0.00       0.00       0.00       1.50       0.11
     27895      87.91     -90.32       0.00       0.00       0.00       0.00       1.26       0.11
     28341      88.24     -90.62       0.00       0.00       0.00       0.00       1.24       0.11
     31680      88.38     -90.74       0.00       0.00       0.00       0.00       1.24       0.11
     33261      88.43     -90.55       0.00       0.00       0.00       0.00       1.12       0.11
     34206      89.02     -91.49       0.00       0.00       0.00       0.00       1.29       0.11
     41986      89.14     -91.79       0.00       0.00       0.00       0.00       1.38       0.11
     45057      89.21     -91.51       0.00       0.00       0.00       0.00       1.20       0.11
     47044      89.23     -91.45       0.00       0.00       0.00       0.00       1.17       0.11
     48036      89.46     -91.80       0.00       0.00       0.00       0.00       1.23       0.11
     52741      89.50     -91.92       0.00       0.00       0.00       0.00       1.27       0.11
     53881      89.57     -92.03       0.00       0.00       0.00       0.00       1.29       0.11
     54896      89.59     -91.98       0.00       0.00       0.00       0.00       1.25       0.11
     55223      89.63     -92.10       0.00       0.00       0.00       0.00       1.29       0.11
     57441      89.66     -92.01       0.00       0.00       0.00       0.00       1.23       0.11
     58355      89.67     -92.07       0.00       0.00       0.00       0.00       1.26       0.11
     59425      89.70     -92.07       0.00       0.00       0.00       0.00       1.24       0.11
     61370      89.74     -92.24       0.00       0.00       0.00       0.00       1.30       0.11
     64515      89.91     -92.32       0.00       0.00       0.00       0.00       1.26       0.11
     65346      89.98     -92.43       0.00       0.00       0.00       0.00       1.28       0.11
     74275      90.04     -92.49       0.00       0.00       0.00       0.00       1.28       0.11
     76224      90.13     -92.65       0.00       0.00       0.00       0.00       1.32       0.11
--------------------------------------------------------------------------------
Best docking solution after GA:
     81250      90.13     -92.65       0.00       0.00       0.00       0.00       1.32       0.11

#ops:      81250 #mutates:  38555 #cross:    38592 #migrate:   4103 
#dups:     15780 #niche:    51170 #errors:     520 
--------------------------------------------------------------------------------

Doing AMOEBA simplex on best individual
Done simplexing #iterations 245, best score  90.14

Ligand is stored in gold_soln_CHEMBL476248_m1_1.mol2


--------------------------------------------------------------------------------
--- CHEMPLP breakdown of terms                                               ---
--------------------------------------------------------------------------------
CHEMPLP = - ( 1.0000*S(PLP) + -3.0000*S(hbond) + -6.0000*S(metal) + -3.0000*S(cho) )

Score = CHEMPLP - 1.0000*DE(clash) - 2.0000*DE(tors)

Internal energy term has been corrected with the best internal energy encountered.

--------------------------------------------------------------------------------


     Score     S(PLP)   S(hbond)     S(cho)   S(metal)  DE(clash)   DE(tors)     intcor
     90.14     -92.63       0.00       0.00       0.00       0.00       1.30       0.11

--------------------------------------------------------------------------------
--- PLP analysis of protein-ligand interactions                              ---
--------------------------------------------------------------------------------
hydrogen bonding        :       0.00
metal                   :       0.00
buried (polar-nonpolar) :      -6.67
nonpolar                :     -86.18
repulsive               :       0.71
--------------------------------------------------------------------------------


--------------------------------------------------------------------------------
--- ChemScore analysis of protein-ligand interactions                        ---
--------------------------------------------------------------------------------

* Hydrogen bonds                                                                


* CH..O interactions                                                            
  CH group selection                       : activated ring CH (adjacent to hetatom)

--------------------------------------------------------------------------------


--------------------------------------------------------------------------------
--- Intra-ligand clashes                                                     ---
--------------------------------------------------------------------------------

Ligand
--------------------------------------------------------------------------------


--------------------------------------------------------------------------------
--- Chromosome decoded                                                       ---
--------------------------------------------------------------------------------
Ligand Torsions
[   2    3    4    5]  -41.21
[   6    5    4    3]  169.00
[   7    6    5    4]   43.66
[  13   12    9    8]  -52.52
[  26   25   24   23]  171.17
Mapping
Ligand acceptors to protein hydrogens (mapping then atom ids)
Ligand shape atoms to protein points (mapping then atom ids & coords)
  1  2674 [  4->(-38.250  13.000   6.000)]
  2  6240 [  5->(-36.000  15.250   5.750)]
  3  5780 [  7->(-36.250  15.500   7.250)]
  4  5435 [  8->(-36.500  17.000   5.250)]
  5  6358 [ 10->(-36.000  17.250   5.750)]
  7  3859 [ 13->(-37.500  20.500   5.000)]
  9  4328 [ 15->(-37.250  21.250   5.500)]
 10  5157 [ 16->(-36.750  21.000   5.250)]
 11  7788 [ 17->(-35.250  20.750   5.000)]
 12  1257 [ 19->(-41.500  12.000   9.000)]
 13  1227 [ 20->(-41.500  11.250   9.000)]
 14   885 [ 21->(-42.000   9.250   8.250)]
 16  1753 [ 26->(-39.250   8.000   4.250)]
 17  3250 [ 27->(-37.750   6.750   3.500)]
 18  2012 [ 28->(-38.750   5.000   3.000)]
 19  3646 [ 29->(-37.500   7.000   4.000)]
 20  3289 [ 30->(-37.750   7.500   4.250)]
Chromosome values
Integers:
  -1   -1 2673 6239 5779 5434 6357   -1 3858   -1 4327 5156 
7787 1256 1226  884   -1 1752 3249 2011 3645 3288 
--------------------------------------------------------------------------------

Current Ranking  1

--------------------------------------------------------------------------------

* GA execution time :                                                           
  total  4.9996 user  4.9996 sys  0.0000

--------------------------------------------------------------------------------
Fitness function evaluations: 131073

--------------------------------------------------------------------------------
** Docking run number  2 **
--------------------------------------------------------------------------------
  Rank fitness base is 5000.00 ; increment is 11.2233

* Initialising population(s) ...                                                
Number of constraints mappings 0
Number of constraints 0
  Population no.                           :      1
  Population size                          :    100
  Number of duplicates                     :      0
  Number of niche violations               :      0
  Number of errors                         :    321

Number of constraints mappings 0
Number of constraints 0
  Population no.                           :      2
  Population size                          :    100
  Number of duplicates                     :      0
  Number of niche violations               :      0
  Number of errors                         :    332

Number of constraints mappings 0
Number of constraints 0
  Population no.                           :      3
  Population size                          :    100
  Number of duplicates                     :      0
  Number of niche violations               :      0
  Number of errors                         :    348

Number of constraints mappings 0
Number of constraints 0
  Population no.                           :      4
  Population size                          :    100
  Number of duplicates                     :      0
  Number of niche violations               :      0
  Number of errors                         :    321

Number of constraints mappings 0
Number of constraints 0
  Population no.                           :      5
  Population size                          :    100
  Number of duplicates                     :      0
  Number of niche violations               :      0
  Number of errors                         :    318


Doing GA, no. of population(s) 5 size 100 selection pressure 1.100000

 Operation      Score     S(PLP)   S(hbond)     S(cho)   S(metal)  DE(clash)   DE(tors)     intcor
         0      54.50     -66.40       0.00       0.00       0.00       6.29       2.86       0.11
       720      67.12     -73.47       0.00       0.00       0.00       0.00       3.23       0.11
      1135      68.32     -74.91       0.00       0.00       0.00       0.00       3.35       0.11
      1575      68.45     -75.03       0.00       0.00       0.00       0.00       3.35       0.11
      2449      70.44     -73.97       0.00       0.00       0.00       0.00       1.82       0.11
      2670      72.92     -79.51       0.00       0.00       0.00       0.00       3.35       0.11
      3099      73.83     -77.36       0.00       0.00       0.00       0.00       1.82       0.11
      3239      76.37     -79.85       0.00       0.00       0.00       0.00       1.80       0.11
      4452      78.06     -81.19       0.00       0.00       0.00       0.00       1.62       0.11
      5747      80.43     -83.78       0.00       0.00       0.00       0.00       1.73       0.11
      6722      81.87     -85.22       0.00       0.00       0.00       0.00       1.73       0.11
      7132      82.06     -85.41       0.00       0.00       0.00       0.00       1.73       0.11
     11393      82.68     -85.95       0.00       0.00       0.00       0.00       1.69       0.11
     13055      83.44     -87.37       0.00       0.00       0.00       0.00       2.02       0.11
     16693      83.62     -86.10       0.00       0.00       0.00       0.00       1.30       0.11
     17453      84.06     -86.55       0.00       0.00       0.00       0.00       1.30       0.11
     18813      84.54     -86.74       0.00       0.00       0.00       0.00       1.15       0.11
     21173      84.71     -87.72       0.00       0.00       0.00       0.00       1.56       0.11
     22354      85.26     -86.19       0.00       0.00       0.00       0.00       0.52       0.11
     22381      85.40     -88.62       0.00       0.00       0.00       0.00       1.67       0.11
     23503      85.58     -87.78       0.00       0.00       0.00       0.00       1.15       0.11
     26549      86.16     -87.65       0.00       0.00       0.00       0.00       0.80       0.11
     29709      86.44     -87.94       0.00       0.00       0.00       0.00       0.80       0.11
     46819      86.44     -88.05       0.00       0.00       0.00       0.00       0.86       0.10
     49497      86.63     -88.01       0.00       0.00       0.00       0.00       0.74       0.10
     49571      86.93     -88.47       0.00       0.00       0.00       0.00       0.82       0.10
     75287      86.96     -88.57       0.00       0.00       0.00       0.00       0.86       0.10
     78221      86.97     -88.58       0.00       0.00       0.00       0.00       0.86       0.10
     79645      86.99     -88.51       0.00       0.00       0.00       0.00       0.81       0.10
     79930      87.00     -88.50       0.00       0.00       0.00       0.00       0.80       0.10
     80020      87.02     -88.53       0.00       0.00       0.00       0.00       0.80       0.10
--------------------------------------------------------------------------------
Best docking solution after GA:
     81250      87.02     -88.53       0.00       0.00       0.00       0.00       0.80       0.10

#ops:      81250 #mutates:  38790 #cross:    38562 #migrate:   3898 
#dups:     19975 #niche:    51679 #errors:     388 
--------------------------------------------------------------------------------

Doing AMOEBA simplex on best individual
Done simplexing #iterations 200, best score  87.02

Ligand is stored in gold_soln_CHEMBL476248_m1_2.mol2


--------------------------------------------------------------------------------
--- CHEMPLP breakdown of terms                                               ---
--------------------------------------------------------------------------------
CHEMPLP = - ( 1.0000*S(PLP) + -3.0000*S(hbond) + -6.0000*S(metal) + -3.0000*S(cho) )

Score = CHEMPLP - 1.0000*DE(clash) - 2.0000*DE(tors)

Internal energy term has been corrected with the best internal energy encountered.

--------------------------------------------------------------------------------


     Score     S(PLP)   S(hbond)     S(cho)   S(metal)  DE(clash)   DE(tors)     intcor
     87.02     -88.53       0.00       0.00       0.00       0.00       0.80       0.10

--------------------------------------------------------------------------------
--- PLP analysis of protein-ligand interactions                              ---
--------------------------------------------------------------------------------
hydrogen bonding        :       0.00
metal                   :       0.00
buried (polar-nonpolar) :      -6.26
nonpolar                :     -82.74
repulsive               :       0.20
--------------------------------------------------------------------------------


--------------------------------------------------------------------------------
--- ChemScore analysis of protein-ligand interactions                        ---
--------------------------------------------------------------------------------

* Hydrogen bonds                                                                


* CH..O interactions                                                            
  CH group selection                       : activated ring CH (adjacent to hetatom)

--------------------------------------------------------------------------------


--------------------------------------------------------------------------------
--- Intra-ligand clashes                                                     ---
--------------------------------------------------------------------------------

Ligand
--------------------------------------------------------------------------------


--------------------------------------------------------------------------------
--- Chromosome decoded                                                       ---
--------------------------------------------------------------------------------
Ligand Torsions
[   2    3    4    5]   54.28
[   6    5    4    3]  142.24
[   7    6    5    4]  174.56
[  13   12    9    8]   26.98
[  26   25   24   23]  -12.47
Mapping
Ligand acceptors to protein hydrogens (mapping then atom ids)
Ligand shape atoms to protein points (mapping then atom ids & coords)
  1  2674 [  4->(-38.250  13.000   6.000)]
  3  4931 [  7->(-36.750  15.500   5.000)]
  6  5023 [ 11->(-36.750  17.000   5.750)]
  7  5123 [ 13->(-36.750  19.750   5.500)]
  8  7829 [ 14->(-35.250  21.750   5.000)]
  9  9267 [ 15->(-34.000  21.250   6.000)]
 10  7834 [ 16->(-35.250  21.750   6.250)]
 11  5543 [ 17->(-36.500  20.000   5.500)]
 13  1449 [ 20->(-41.000  10.500   8.500)]
 14  1327 [ 21->(-41.250   9.750   8.000)]
 16  3264 [ 26->(-37.750   7.000   3.750)]
 17  2073 [ 27->(-38.750   6.500   3.500)]
 18  2317 [ 28->(-38.500   6.750   3.000)]
 19  2318 [ 29->(-38.500   6.750   3.250)]
 20  3308 [ 30->(-37.750   8.000   4.000)]
Chromosome values
Integers:
  -1   -1 2673   -1 4930   -1   -1 5022 5122 7828 9266 7833 
5542   -1 1448 1326   -1 3263 2072 2316 2317 3307 
--------------------------------------------------------------------------------

Current Ranking  1  2

--------------------------------------------------------------------------------

* GA execution time :                                                           
  total  4.0007 user  4.0006 sys  0.0000

--------------------------------------------------------------------------------
Fitness function evaluations: 130844

--------------------------------------------------------------------------------
** Docking run number  3 **
--------------------------------------------------------------------------------
  Rank fitness base is 5000.00 ; increment is 11.2233

* Initialising population(s) ...                                                
Number of constraints mappings 0
Number of constraints 0
  Population no.                           :      1
  Population size                          :    100
  Number of duplicates                     :      0
  Number of niche violations               :      0
  Number of errors                         :    325

Number of constraints mappings 0
Number of constraints 0
  Population no.                           :      2
  Population size                          :    100
  Number of duplicates                     :      0
  Number of niche violations               :      0
  Number of errors                         :    340

Number of constraints mappings 0
Number of constraints 0
  Population no.                           :      3
  Population size                          :    100
  Number of duplicates                     :      0
  Number of niche violations               :      0
  Number of errors                         :    334

Number of constraints mappings 0
Number of constraints 0
  Population no.                           :      4
  Population size                          :    100
  Number of duplicates                     :      0
  Number of niche violations               :      0
  Number of errors                         :    334

Number of constraints mappings 0
Number of constraints 0
  Population no.                           :      5
  Population size                          :    100
  Number of duplicates                     :      0
  Number of niche violations               :      0
  Number of errors                         :    322


Doing GA, no. of population(s) 5 size 100 selection pressure 1.100000

 Operation      Score     S(PLP)   S(hbond)     S(cho)   S(metal)  DE(clash)   DE(tors)     intcor
         0      50.58     -54.75       0.00       0.00       0.00       0.00       2.14       0.10
       533      53.03     -57.65       0.00       0.00       0.00       0.00       2.36       0.10
      1106      60.02     -71.09       0.00       0.00       0.00       6.26       2.45       0.10
      1831      61.30     -67.50       0.00       0.00       0.00       1.19       2.56       0.10
      2196      63.76     -69.01       0.00       0.00       0.00       0.00       2.68       0.10
      2404      63.88     -70.99       0.00       0.00       0.00       3.97       1.62       0.10
      3434      66.03     -73.14       0.00       0.00       0.00       3.97       1.62       0.10
      4314      68.19     -71.52       0.00       0.00       0.00       0.00       1.71       0.10
      5124      69.67     -76.78       0.00       0.00       0.00       3.97       1.62       0.10
      5822      72.10     -74.59       0.00       0.00       0.00       0.00       1.30       0.10
      6777      73.71     -76.14       0.00       0.00       0.00       0.00       1.27       0.10
      6822      73.73     -76.16       0.00       0.00       0.00       0.00       1.27       0.10
      7453      76.44     -79.29       0.00       0.00       0.00       0.00       1.48       0.10
     10418      76.48     -79.21       0.00       0.00       0.00       0.00       1.41       0.10
     10984      76.58     -80.55       0.00       0.00       0.00       0.00       2.04       0.10
     11132      77.14     -79.57       0.00       0.00       0.00       0.00       1.27       0.10
     11232      77.18     -79.46       0.00       0.00       0.00       0.00       1.19       0.10
     12039      77.28     -78.92       0.00       0.00       0.00       0.00       0.87       0.10
     13687      77.40     -79.69       0.00       0.00       0.00       0.00       1.19       0.10
     14744      78.04     -79.68       0.00       0.00       0.00       0.00       0.87       0.10
     15264      78.60     -80.24       0.00       0.00       0.00       0.00       0.87       0.10
     15512      79.53     -86.53       0.00       0.00       0.00       2.51       2.29       0.10
     19633      79.67     -81.76       0.00       0.00       0.00       0.00       1.10       0.10
     20423      80.00     -82.10       0.00       0.00       0.00       0.00       1.10       0.10
     20749      81.71     -85.39       0.00       0.00       0.00       0.00       1.89       0.10
     22069      81.77     -85.59       0.00       0.00       0.00       0.00       1.96       0.10
     23629      83.50     -86.80       0.00       0.00       0.00       0.00       1.70       0.10
     24164      83.92     -87.77       0.00       0.00       0.00       0.00       1.98       0.10
     29375      85.23     -88.54       0.00       0.00       0.00       0.00       1.70       0.10
     30624      86.36     -89.44       0.00       0.00       0.00       0.00       1.59       0.10
     32029      86.41     -89.48       0.00       0.00       0.00       0.00       1.59       0.10
     36263      86.67     -89.75       0.00       0.00       0.00       0.00       1.59       0.10
     45079      86.86     -89.93       0.00       0.00       0.00       0.00       1.59       0.10
     46600      86.95     -90.02       0.00       0.00       0.00       0.00       1.59       0.10
     48668      87.01     -90.11       0.00       0.00       0.00       0.00       1.60       0.10
     48794      87.01     -89.95       0.00       0.00       0.00       0.00       1.52       0.10
     56029      87.05     -90.02       0.00       0.00       0.00       0.00       1.53       0.09
     56599      87.06     -90.01       0.00       0.00       0.00       0.00       1.52       0.09
     58893      87.36     -90.31       0.00       0.00       0.00       0.00       1.52       0.09
     62470      87.38     -90.34       0.00       0.00       0.00       0.00       1.52       0.09
     67578      87.48     -90.54       0.00       0.00       0.00       0.00       1.57       0.09
     68719      87.52     -90.43       0.00       0.00       0.00       0.00       1.50       0.09
     68819      87.55     -90.50       0.00       0.00       0.00       0.00       1.52       0.09
     68947      87.61     -90.56       0.00       0.00       0.00       0.00       1.52       0.09
     73711      87.63     -90.88       0.00       0.00       0.00       0.00       1.67       0.09
     74869      87.64     -90.55       0.00       0.00       0.00       0.00       1.50       0.09
     75054      87.68     -90.57       0.00       0.00       0.00       0.00       1.49       0.09
     75399      87.81     -90.71       0.00       0.00       0.00       0.00       1.49       0.09
     76802      87.82     -90.99       0.00       0.00       0.00       0.00       1.63       0.09
     76902      87.99     -91.00       0.00       0.00       0.00       0.00       1.55       0.09
     78732      88.16     -91.22       0.00       0.00       0.00       0.00       1.58       0.09
--------------------------------------------------------------------------------
Best docking solution after GA:
     81250      88.16     -91.22       0.00       0.00       0.00       0.00       1.58       0.09

#ops:      81250 #mutates:  38648 #cross:    38480 #migrate:   4122 
#dups:     16760 #niche:    45980 #errors:     809 
--------------------------------------------------------------------------------

Doing AMOEBA simplex on best individual
Done simplexing #iterations 273, best score  88.62

Ligand is stored in gold_soln_CHEMBL476248_m1_3.mol2


--------------------------------------------------------------------------------
--- CHEMPLP breakdown of terms                                               ---
--------------------------------------------------------------------------------
CHEMPLP = - ( 1.0000*S(PLP) + -3.0000*S(hbond) + -6.0000*S(metal) + -3.0000*S(cho) )

Score = CHEMPLP - 1.0000*DE(clash) - 2.0000*DE(tors)

Internal energy term has been corrected with the best internal energy encountered.

--------------------------------------------------------------------------------


     Score     S(PLP)   S(hbond)     S(cho)   S(metal)  DE(clash)   DE(tors)     intcor
     88.62     -91.41       0.00       0.00       0.00       0.00       1.44       0.09

--------------------------------------------------------------------------------
--- PLP analysis of protein-ligand interactions                              ---
--------------------------------------------------------------------------------
hydrogen bonding        :       0.00
metal                   :       0.00
buried (polar-nonpolar) :      -6.92
nonpolar                :     -85.01
repulsive               :       0.62
--------------------------------------------------------------------------------


--------------------------------------------------------------------------------
--- ChemScore analysis of protein-ligand interactions                        ---
--------------------------------------------------------------------------------

* Hydrogen bonds                                                                


* CH..O interactions                                                            
  CH group selection                       : activated ring CH (adjacent to hetatom)

--------------------------------------------------------------------------------


--------------------------------------------------------------------------------
--- Intra-ligand clashes                                                     ---
--------------------------------------------------------------------------------

Ligand
--------------------------------------------------------------------------------


--------------------------------------------------------------------------------
--- Chromosome decoded                                                       ---
--------------------------------------------------------------------------------
Ligand Torsions
[   2    3    4    5]  -51.89
[   6    5    4    3]  162.95
[   7    6    5    4]   67.49
[  13   12    9    8]  109.65
[  26   25   24   23]  168.92
Mapping
Ligand acceptors to protein hydrogens (mapping then atom ids)
Ligand shape atoms to protein points (mapping then atom ids & coords)
  1  2991 [  4->(-38.000  13.500   5.000)]
  3  4557 [  7->(-37.000  16.250   6.500)]
  4  5430 [  8->(-36.500  16.750   7.500)]
  5  3720 [ 10->(-37.500  17.000   4.000)]
  6  4948 [ 11->(-36.750  15.750   6.000)]
  7  5548 [ 13->(-36.500  20.250   5.250)]
  8  8207 [ 14->(-35.000  20.750   6.000)]
  9  3177 [ 15->(-38.000  22.250   6.000)]
 10  4354 [ 16->(-37.250  22.000   5.250)]
 11  3369 [ 17->(-37.750  18.000   5.250)]
 12  1463 [ 19->(-41.000  11.000   8.500)]
 13  1129 [ 20->(-41.750  12.250   9.250)]
 14  1333 [ 21->(-41.250  10.250   9.250)]
 16  3284 [ 26->(-37.750   7.500   3.000)]
 17  2072 [ 27->(-38.750   6.500   3.250)]
 18  3215 [ 28->(-37.750   6.000   4.250)]
 19  2286 [ 29->(-38.500   6.000   4.000)]
 20  2943 [ 30->(-38.000   7.750   4.000)]
Chromosome values
Integers:
  -1   -1 2990   -1 4556 5429 3719 4947 5547 8206 3176 4353 
3368 1462 1128 1332   -1 3283 2071 3214 2285 2942 
--------------------------------------------------------------------------------

Current Ranking  1  3  2

--------------------------------------------------------------------------------

* GA execution time :                                                           
  total  4.9996 user  4.9996 sys  0.0000

--------------------------------------------------------------------------------
Fitness function evaluations: 131037

--------------------------------------------------------------------------------
** Docking run number  4 **
--------------------------------------------------------------------------------
  Rank fitness base is 5000.00 ; increment is 11.2233

* Initialising population(s) ...                                                
Number of constraints mappings 0
Number of constraints 0
  Population no.                           :      1
  Population size                          :    100
  Number of duplicates                     :      0
  Number of niche violations               :      0
  Number of errors                         :    332

Number of constraints mappings 0
Number of constraints 0
  Population no.                           :      2
  Population size                          :    100
  Number of duplicates                     :      0
  Number of niche violations               :      0
  Number of errors                         :    296

Number of constraints mappings 0
Number of constraints 0
  Population no.                           :      3
  Population size                          :    100
  Number of duplicates                     :      0
  Number of niche violations               :      0
  Number of errors                         :    333

Number of constraints mappings 0
Number of constraints 0
  Population no.                           :      4
  Population size                          :    100
  Number of duplicates                     :      0
  Number of niche violations               :      0
  Number of errors                         :    320

Number of constraints mappings 0
Number of constraints 0
  Population no.                           :      5
  Population size                          :    100
  Number of duplicates                     :      0
  Number of niche violations               :      0
  Number of errors                         :    340


Doing GA, no. of population(s) 5 size 100 selection pressure 1.100000

 Operation      Score     S(PLP)   S(hbond)     S(cho)   S(metal)  DE(clash)   DE(tors)     intcor
         0      56.57     -61.82       0.00       0.00       0.00       0.00       2.67       0.09
        45      66.01     -72.34       0.00       0.00       0.00       0.00       3.21       0.09
      2020      66.32     -68.81       0.00       0.00       0.00       0.47       1.05       0.09
      3305      66.54     -69.02       0.00       0.00       0.00       0.47       1.05       0.09
      3639      68.00     -70.37       0.00       0.00       0.00       0.00       1.23       0.09
      4374      71.60     -74.08       0.00       0.00       0.00       0.47       1.05       0.09
      4431      74.71     -77.33       0.00       0.00       0.00       0.00       1.36       0.09
      5900      75.21     -77.83       0.00       0.00       0.00       0.00       1.36       0.09
      6950      77.01     -79.63       0.00       0.00       0.00       0.00       1.36       0.09
      8052      77.24     -79.18       0.00       0.00       0.00       0.00       1.02       0.09
      8715      78.07     -80.12       0.00       0.00       0.00       0.00       1.07       0.09
      9330      78.43     -80.48       0.00       0.00       0.00       0.00       1.07       0.09
      9335      78.88     -80.93       0.00       0.00       0.00       0.00       1.07       0.09
      9913      79.14     -81.08       0.00       0.00       0.00       0.00       1.02       0.09
      9988      79.16     -81.54       0.00       0.00       0.00       0.00       1.23       0.09
     11280      79.17     -81.22       0.00       0.00       0.00       0.00       1.07       0.09
     11488      79.64     -81.58       0.00       0.00       0.00       0.00       1.02       0.09
     11533      80.09     -82.38       0.00       0.00       0.00       0.00       1.19       0.09
     11654      81.64     -83.08       0.00       0.00       0.00       0.00       0.76       0.09
     12618      81.76     -85.03       0.00       0.00       0.00       0.00       1.68       0.09
     14033      81.98     -83.92       0.00       0.00       0.00       0.00       1.02       0.09
     14519      81.98     -85.25       0.00       0.00       0.00       0.00       1.68       0.09
     14737      82.07     -85.34       0.00       0.00       0.00       0.00       1.68       0.09
     14748      82.48     -83.91       0.00       0.00       0.00       0.00       0.76       0.09
     15469      82.50     -85.77       0.00       0.00       0.00       0.00       1.68       0.09
     16700      83.49     -86.95       0.00       0.00       0.00       0.00       1.78       0.09
     17422      83.55     -86.77       0.00       0.00       0.00       0.00       1.66       0.09
     17829      83.58     -84.85       0.00       0.00       0.00       0.00       0.68       0.09
     18761      83.71     -87.18       0.00       0.00       0.00       0.00       1.78       0.09
     19055      83.83     -87.30       0.00       0.00       0.00       0.00       1.78       0.09
     19155      84.24     -87.51       0.00       0.00       0.00       0.00       1.68       0.09
     19156      84.35     -87.65       0.00       0.00       0.00       0.00       1.69       0.09
     21196      84.43     -87.75       0.00       0.00       0.00       0.00       1.69       0.07
     22561      84.67     -88.00       0.00       0.00       0.00       0.00       1.70       0.07
     28039      84.93     -88.29       0.00       0.00       0.00       0.00       1.72       0.07
     28799      85.57     -88.97       0.00       0.00       0.00       0.00       1.73       0.07
     33290      85.87     -89.27       0.00       0.00       0.00       0.00       1.73       0.07
     54938      86.03     -87.32       0.00       0.00       0.00       0.00       0.68       0.06
     56933      86.20     -87.20       0.00       0.00       0.00       0.00       0.53       0.05
     59058      86.28     -87.28       0.00       0.00       0.00       0.00       0.53       0.05
     60318      86.33     -87.64       0.00       0.00       0.00       0.00       0.68       0.05
     62958      86.40     -87.80       0.00       0.00       0.00       0.00       0.73       0.05
     66052      86.40     -87.63       0.00       0.00       0.00       0.00       0.64       0.05
     66404      86.47     -87.70       0.00       0.00       0.00       0.00       0.64       0.05
     66647      86.55     -87.78       0.00       0.00       0.00       0.00       0.64       0.05
     67963      86.70     -87.92       0.00       0.00       0.00       0.00       0.64       0.05
     69450      86.88     -88.18       0.00       0.00       0.00       0.00       0.68       0.05
     69610      86.94     -88.21       0.00       0.00       0.00       0.00       0.66       0.05
     79415      86.94     -88.21       0.00       0.00       0.00       0.00       0.66       0.05
     79732      87.21     -88.51       0.00       0.00       0.00       0.00       0.68       0.05
     80395      87.42     -88.70       0.00       0.00       0.00       0.00       0.66       0.05
--------------------------------------------------------------------------------
Best docking solution after GA:
     81250      87.42     -88.70       0.00       0.00       0.00       0.00       0.66       0.05

#ops:      81250 #mutates:  38837 #cross:    38357 #migrate:   4056 
#dups:     16515 #niche:    48338 #errors:     517 
--------------------------------------------------------------------------------

Doing AMOEBA simplex on best individual
Done simplexing #iterations 423, best score  88.08

Ligand is stored in gold_soln_CHEMBL476248_m1_4.mol2


--------------------------------------------------------------------------------
--- CHEMPLP breakdown of terms                                               ---
--------------------------------------------------------------------------------
CHEMPLP = - ( 1.0000*S(PLP) + -3.0000*S(hbond) + -6.0000*S(metal) + -3.0000*S(cho) )

Score = CHEMPLP - 1.0000*DE(clash) - 2.0000*DE(tors)

Internal energy term has been corrected with the best internal energy encountered.

--------------------------------------------------------------------------------


     Score     S(PLP)   S(hbond)     S(cho)   S(metal)  DE(clash)   DE(tors)     intcor
     88.08     -89.32       0.00       0.00       0.00       0.00       0.65       0.05

--------------------------------------------------------------------------------
--- PLP analysis of protein-ligand interactions                              ---
--------------------------------------------------------------------------------
hydrogen bonding        :       0.00
metal                   :       0.00
buried (polar-nonpolar) :      -7.96
nonpolar                :     -82.13
repulsive               :       1.61
--------------------------------------------------------------------------------


--------------------------------------------------------------------------------
--- ChemScore analysis of protein-ligand interactions                        ---
--------------------------------------------------------------------------------

* Hydrogen bonds                                                                


* CH..O interactions                                                            
  CH group selection                       : activated ring CH (adjacent to hetatom)

--------------------------------------------------------------------------------


--------------------------------------------------------------------------------
--- Intra-ligand clashes                                                     ---
--------------------------------------------------------------------------------

Ligand
--------------------------------------------------------------------------------


--------------------------------------------------------------------------------
--- Chromosome decoded                                                       ---
--------------------------------------------------------------------------------
Ligand Torsions
[   2    3    4    5]  -64.33
[   6    5    4    3] -176.60
[   7    6    5    4]   48.52
[  13   12    9    8]  -37.45
[  26   25   24   23]  170.22
Mapping
Ligand acceptors to protein hydrogens (mapping then atom ids)
Ligand shape atoms to protein points (mapping then atom ids & coords)
  1  2179 [  4->(-38.750  13.250   4.500)]
  2  2669 [  5->(-38.250  12.750   6.000)]
  3  6732 [  7->(-35.750  16.000   6.000)]
  4  5859 [  8->(-36.250  16.750   7.750)]
  5  8065 [ 10->(-35.000  16.500   5.250)]
  6  4540 [ 11->(-37.000  16.000   6.000)]
  7  3821 [ 13->(-37.500  19.750   5.250)]
  8  2232 [ 14->(-38.750  21.250   6.250)]
 10  5604 [ 16->(-36.500  22.000   4.250)]
 11  6901 [ 17->(-35.750  19.500   5.000)]
 13  1463 [ 20->(-41.000  11.000   8.500)]
 14  1558 [ 21->(-40.500  11.000   8.500)]
 16  4909 [ 26->(-36.750   7.750   4.000)]
 17  2281 [ 27->(-38.500   6.000   2.750)]
 18  2535 [ 28->(-38.250   5.750   4.750)]
 20  2062 [ 30->(-38.750   6.250   4.250)]
Chromosome values
Integers:
  -1   -1 2178 2668 6731 5858 8064 4539 3820 2231   -1 5603 
6900   -1 1462 1557   -1 4908 2280 2534   -1 2061 
--------------------------------------------------------------------------------

Current Ranking  1  3  4  2

Top  3 (of  4) solutions are within 1.000 RMSD, finishing docking E:/CHEMBL476248.mol2.


--------------------------------------------------------------------------------

* GA execution time :                                                           
  total  4.0007 user  4.0006 sys  0.0001

--------------------------------------------------------------------------------
Fitness function evaluations: 131195

--------------------------------------------------------------------------------
--- Ranking analysis                                                         ---
--------------------------------------------------------------------------------


* Final ranked order of GA solutions:                                           
   1  3  4  2 

  _______________________________
  RMSD Matrix of RANKED solutions

        2    3    4  

   1 :  0.2  0.4  1.2
   2 :       0.4  1.2
   3 :            1.2

  Clustering method                        : complete linkage
  Structure ids in cluster table           : rank nos.
  Ordering of clusters and their members   : by rank (order if from rms_analysis)

  Distance | Clusters
   0.19    |  1  2 |  3 |  4 |
   0.40    |  1  2  3 |  4 |
   1.25    |  1  2  3  4 |
  Finished Docking Ligand                  : E:/CHEMBL476248.mol2
--------------------------------------------------------------------------------

  Relative_Ligand_Energy (best encountered) :   0.055
  Relative_Ligand_Energy: fitness values have been corrected using this amount
