Beginning ligand file 'E:/Projekt modelowanie/beta2/ligandy/2rh1.mol2'
Starting at ligand 1 (byte position 0) in file 'E:/Projekt modelowanie/beta2/ligandy/2rh1.mol2'
Finishing at final ligand in file 'E:/Projekt modelowanie/beta2/ligandy/2rh1.mol2'
Completed docking of ligand 1 in ligand file 'E:/Projekt modelowanie/beta2/ligandy/2rh1.mol2'
Beginning ligand file 'E:/Projekt modelowanie/beta2/ligandy/3d4s.mol2'
Starting at ligand 1 (byte position 0) in file 'E:/Projekt modelowanie/beta2/ligandy/3d4s.mol2'
Finishing at final ligand in file 'E:/Projekt modelowanie/beta2/ligandy/3d4s.mol2'
Completed docking of ligand 1 in ligand file 'E:/Projekt modelowanie/beta2/ligandy/3d4s.mol2'
Beginning ligand file 'E:/Projekt modelowanie/beta2/ligandy/3ny8.mol2'
Starting at ligand 1 (byte position 0) in file 'E:/Projekt modelowanie/beta2/ligandy/3ny8.mol2'
Finishing at final ligand in file 'E:/Projekt modelowanie/beta2/ligandy/3ny8.mol2'
Completed docking of ligand 1 in ligand file 'E:/Projekt modelowanie/beta2/ligandy/3ny8.mol2'
Beginning ligand file 'E:/Projekt modelowanie/beta2/ligandy/6mxt.mol2'
Starting at ligand 1 (byte position 0) in file 'E:/Projekt modelowanie/beta2/ligandy/6mxt.mol2'
Finishing at final ligand in file 'E:/Projekt modelowanie/beta2/ligandy/6mxt.mol2'
Completed docking of ligand 1 in ligand file 'E:/Projekt modelowanie/beta2/ligandy/6mxt.mol2'

Finished GOLD batch job, exiting..


--------------------------------------------------------------------------------

* Total run time :                                                              
  total 1344.0009 user 1285.0006 sys 59.0003

--------------------------------------------------------------------------------
