# WARNING: atom    2 in E:/CHEMBL3546104.mol2 is type  N.ar resetting to type  N.am (set_atom_type)
# WARNING: atom    5 in E:/CHEMBL3546104.mol2 is type  N.ar resetting to type  N.am (set_atom_type)
# WARNING: atom   10 in E:/CHEMBL3546104.mol2 is type  N.ar resetting to type N.pl3 (set_atom_type)
# WARNING: bond    2 in E:/CHEMBL3546104.mol2 is type  ar resetting to type  am (set_bond_type)
# WARNING: bond    4 in E:/CHEMBL3546104.mol2 is type  ar resetting to type  am (set_bond_type)
# WARNING: bond   30 in E:/CHEMBL3546104.mol2 is type  ar resetting to type  am (set_bond_type)

--------------------------------------------------------------------------------
--- Ligand                                                                   ---
--------------------------------------------------------------------------------
  Ligand loaded from file                  : E:/CHEMBL3546104.mol2
  Ligand name                              :  
  "*****                                                                    "

--------------------------------------------------------------------------------
  N.plc donors                             : 
  pro:   10 
  

  Acidic nitrogen acceptors                : 
  none found
  Sulfur acceptors                         :
  none found


  Donor atoms                              :      0
  
  Acceptor atoms                           :      4
  4   8   16  28  

  Hydrogens                                :  (n = 0)
    none found


  Lone pairs added to molecule             :      6
  Numbering                                : from 56 to 61

--------------------------------------------------------------------------------
--- Postprocessing of typing                                                 ---
--------------------------------------------------------------------------------
  Fragment file                            : C:\Program Files (x86)\CCDC/GoldSuite_2017\GOLD\gold\rotatable_bond_override.mol2
  acylurea fragment                        : no matches
  thioacylthiourea fragment                : no matches
  acylthiourea fragment                    : no matches
  thioacylurea fragment                    : no matches
  diarylamine fragment >C.ar-NH-C.ar<      : no matches
  sec-amine (1) fragment                   : no matches
  sec-amine (2) fragment                   : no matches
  sec-amine (3) fragment                   : no matches
  carboxylic ester                         : no matches

* Rotatable bonds in E:/CHEMBL3546104.mol  :
  [  10   11] [  11   12] [  12   13] [  13   14] 
  [  14   15] [  15   16] 
  No. of rotatable bonds                   :      6


* Fragments found in E:/CHEMBL3546104.mol  :
  atom  19: benzene
  atom  20: benzene
  atom  21: benzene
  atom  22: benzene
  atom  23: benzene
  atom  24: benzene


* Checking torsion distributions:                                               
  Rotatable bond [11 12 13 14] matches torsion: alkyl  
   C.3 ( 2H ) | C.3 ( 2H ) | C.3 ( 2H ) | C.3 ( 2H ) 
  Rotatable bond [12 13 14 15] matches torsion: alkyl  
   C.3 ( 2H ) | C.3 ( 2H ) | C.3 ( 2H ) | C.3 ( 2H ) 
  No. of matched torsions                  :      2

--------------------------------------------------------------------------------
--- Shape fitting atoms selection (hydrophobic atoms)                        ---
--------------------------------------------------------------------------------
  Molecule                                 : E:/CHEMBL3546104.mol2
  Selection                                : carbons only
  Atom numbers                             :  (n = 15)
  1    6    9    11   12   13   14   15   17   18   
  20   21   22   23   25   


--------------------------------------------------------------------------------
--- ChemScore ligand setup summary                                           ---
--------------------------------------------------------------------------------
  ChemScore ligand acceptors               :      4
  4 8 16 28 
  ChemScore ligand donors                  :      0
  
  ChemScore ligand CH donors               :      1
  9 ( 35 ) 

  ChemScore ligand lipophilic atoms        :  (n = 17)
  1    6    11   12   13   14   15   17   18   19   
  20   21   22   23   24   25   26   

  ChemScore ligand rotatable bonds         :      6
  10  (N  ) - 11  (C  ): SP3_SP2_BOND
  11  (C  ) - 12  (C  ): SP3_SP3_BOND
  12  (C  ) - 13  (C  ): SP3_SP3_BOND
  13  (C  ) - 14  (C  ): SP3_SP3_BOND
  14  (C  ) - 15  (C  ): SP3_SP3_BOND
  15  (C  ) - 16  (N  ): SP3_SP3_BOND

--------------------------------------------------------------------------------
--- PLP ligand setup summary                                                 ---
--------------------------------------------------------------------------------
    1     C   C.3 NONPOLAR
    2     N  N.am NONPOLAR
    3     C  C.ar NONPOLAR
    4     O   O.2 ACCEPTOR
    5     N  N.am NONPOLAR
    6     C   C.3 NONPOLAR
    7     C  C.ar NONPOLAR
    8     N  N.ar ACCEPTOR
    9     C  C.ar NONPOLAR
   10     N N.pl3 NONPOLAR
   11     C   C.3 NONPOLAR
   12     C   C.3 NONPOLAR
   13     C   C.3 NONPOLAR
   14     C   C.3 NONPOLAR
   15     C   C.3 NONPOLAR
   16     N   N.3 ACCEPTOR
   17     C   C.3 NONPOLAR
   18     C   C.3 NONPOLAR
   19     C  C.ar NONPOLAR
   20     C  C.ar NONPOLAR
   21     C  C.ar NONPOLAR
   22     C  C.ar NONPOLAR
   23     C  C.ar NONPOLAR
   24     C  C.ar NONPOLAR
   25     C   C.3 NONPOLAR
   26     C  C.ar NONPOLAR
   27     C  C.ar NONPOLAR
   28     O   O.2 ACCEPTOR

--------------------------------------------------------------------------------
--- Automatic parameter setting                                              ---
--------------------------------------------------------------------------------
  Contribution base                        :   2500
  Contribution per rotatable bond          :   6000
  Contribution per df                      :   4000
  Contribution per water                   :  10000
  Ligand rotatable bonds                   :      6
  Protein flexible side chain bonds        :      0
  Total rotatable bonds                    :      6
  Hydrophobic vol ratio (P/L)              :   1.289
  Base multiplier (polar)                  :   0.800
  Base multiplier (apolar)                 :   3.866
  Base contribution                        : 10000.000
  Fitting points                           :      4
  Estimated maxops needed (optimal)        :  46500
  Autoscale factor (in percent)            :    200
  Scaled maxops                            :  93250

--------------------------------------------------------------------------------

* Population settings                                                           
  maxops                                   :  93250
  popsiz                                   :    100
  select_pressure                          :   1.100
  n_islands                                :      5
  niche_siz                                :      2

* GA settings                                                                   
  pt_crosswt                               :     95
  allele_mutatewt                          :     95
  migratewt                                :     10

* Search settings                                                               
  start_vdw_linear_cutoff                  :   4.000
  initial_virtual_pt_match_max             :   3.000

--------------------------------------------------------------------------------

* Ligand initialisation time :                                                  
  total  0.0001 user  0.0001 sys  0.0000

--------------------------------------------------------------------------------

--------------------------------------------------------------------------------
** Docking run number  1 **
--------------------------------------------------------------------------------
  Rank fitness base is 5000.00 ; increment is 11.2233

* Initialising population(s) ...                                                
Number of constraints mappings 0
Number of constraints 0
  Population no.                           :      1
  Population size                          :    100
  Number of duplicates                     :      0
  Number of niche violations               :      0
  Number of errors                         :    552

Number of constraints mappings 0
Number of constraints 0
  Population no.                           :      2
  Population size                          :    100
  Number of duplicates                     :      0
  Number of niche violations               :      0
  Number of errors                         :    530

Number of constraints mappings 0
Number of constraints 0
  Population no.                           :      3
  Population size                          :    100
  Number of duplicates                     :      0
  Number of niche violations               :      0
  Number of errors                         :    516

Number of constraints mappings 0
Number of constraints 0
  Population no.                           :      4
  Population size                          :    100
  Number of duplicates                     :      0
  Number of niche violations               :      0
  Number of errors                         :    552

Number of constraints mappings 0
Number of constraints 0
  Population no.                           :      5
  Population size                          :    100
  Number of duplicates                     :      0
  Number of niche violations               :      0
  Number of errors                         :    516


Doing GA, no. of population(s) 5 size 100 selection pressure 1.100000

 Operation      Score     S(PLP)   S(hbond)     S(cho)   S(metal)  DE(clash)   DE(tors)     intcor
         0      41.83     -42.48       0.00       0.00       0.00       0.00       0.41       0.17
       471      43.63     -44.09       0.00       0.00       0.00       0.00       0.32       0.17
      1255      43.74     -44.39       0.00       0.00       0.00       0.00       0.41       0.17
      1598      44.29     -49.66       0.00       0.00       0.00       2.82       1.36       0.17
      1658      47.73     -48.55       0.00       0.00       0.00       0.00       0.49       0.17
      2601      54.20     -58.85       0.00       0.00       0.00       2.48       1.17       0.17
      3196      55.88     -60.53       0.00       0.00       0.00       2.48       1.17       0.17
      4444      61.39     -62.95       0.00       0.00       0.00       0.00       0.86       0.17
      9154      61.90     -63.52       0.00       0.00       0.00       0.00       0.86       0.10
      9700      62.32     -63.94       0.00       0.00       0.00       0.00       0.86       0.10
     10125      63.30     -64.92       0.00       0.00       0.00       0.00       0.86       0.10
     13305      63.59     -65.21       0.00       0.00       0.00       0.00       0.86       0.10
     14551      63.70     -65.32       0.00       0.00       0.00       0.00       0.86       0.10
     16025      63.88     -65.71       0.00       0.00       0.00       0.00       0.97       0.10
     17374      65.13     -67.16       0.00       0.00       0.00       0.00       1.07       0.10
     17438      65.76     -67.77       0.00       0.00       0.00       0.00       1.06       0.10
     17609      65.85     -68.19       0.00       0.00       0.00       0.00       1.22       0.10
     17854      66.53     -68.87       0.00       0.00       0.00       0.00       1.22       0.10
     18829      67.92     -70.34       0.00       0.00       0.00       0.00       1.26       0.10
     20164      68.03     -70.50       0.00       0.00       0.00       0.00       1.29       0.10
     22394      68.03     -70.51       0.00       0.00       0.00       0.00       1.29       0.10
     22590      68.84     -71.25       0.00       0.00       0.00       0.00       1.26       0.10
     28600      68.95     -71.44       0.00       0.00       0.00       0.00       1.30       0.10
     29888      68.96     -71.38       0.00       0.00       0.00       0.00       1.26       0.10
     33806      68.97     -71.61       0.00       0.00       0.00       0.00       1.37       0.10
     36364      69.00     -71.41       0.00       0.00       0.00       0.00       1.26       0.10
     38456      69.07     -71.48       0.00       0.00       0.00       0.00       1.25       0.10
     39115      69.08     -71.55       0.00       0.00       0.00       0.00       1.29       0.10
     41950      69.19     -71.64       0.00       0.00       0.00       0.00       1.28       0.10
     44725      69.35     -71.99       0.00       0.00       0.00       0.00       1.37       0.10
     54179      69.39     -71.89       0.00       0.00       0.00       0.00       1.30       0.10
     63642      69.40     -71.99       0.00       0.00       0.00       0.00       1.35       0.10
     66918      69.46     -72.13       0.00       0.00       0.00       0.00       1.39       0.10
     69323      69.46     -72.13       0.00       0.00       0.00       0.00       1.38       0.10
     78572      69.51     -72.21       0.00       0.00       0.00       0.00       1.41       0.10
     80754      69.51     -72.19       0.00       0.00       0.00       0.00       1.39       0.10
     82426      69.52     -72.22       0.00       0.00       0.00       0.00       1.41       0.10
     85632      69.54     -72.16       0.00       0.00       0.00       0.00       1.36       0.10
     86593      69.86     -72.48       0.00       0.00       0.00       0.00       1.36       0.10
     91264      69.89     -72.55       0.00       0.00       0.00       0.00       1.38       0.10
     91954      69.89     -72.54       0.00       0.00       0.00       0.00       1.38       0.10
     92517      69.89     -72.54       0.00       0.00       0.00       0.00       1.38       0.10
     92568      69.90     -72.54       0.00       0.00       0.00       0.00       1.38       0.10
     92569      69.92     -72.57       0.00       0.00       0.00       0.00       1.38       0.10
     93054      69.97     -72.68       0.00       0.00       0.00       0.00       1.41       0.10
--------------------------------------------------------------------------------
Best docking solution after GA:
     93250      69.97     -72.68       0.00       0.00       0.00       0.00       1.41       0.10

#ops:      93250 #mutates:  44389 #cross:    44247 #migrate:   4614 
#dups:     30684 #niche:    44134 #errors:     616 
--------------------------------------------------------------------------------

Doing AMOEBA simplex on best individual
Done simplexing #iterations 369, best score  70.48

Ligand is stored in gold_soln_CHEMBL3546104_m1_1.mol2


--------------------------------------------------------------------------------
--- CHEMPLP breakdown of terms                                               ---
--------------------------------------------------------------------------------
CHEMPLP = - ( 1.0000*S(PLP) + -3.0000*S(hbond) + -6.0000*S(metal) + -3.0000*S(cho) )

Score = CHEMPLP - 1.0000*DE(clash) - 2.0000*DE(tors)

Internal energy term has been corrected with the best internal energy encountered.

--------------------------------------------------------------------------------


     Score     S(PLP)   S(hbond)     S(cho)   S(metal)  DE(clash)   DE(tors)     intcor
     70.48     -73.17       0.00       0.00       0.00       0.00       1.40       0.10

--------------------------------------------------------------------------------
--- PLP analysis of protein-ligand interactions                              ---
--------------------------------------------------------------------------------
hydrogen bonding        :       0.00
metal                   :       0.00
buried (polar-nonpolar) :      -8.79
nonpolar                :     -65.33
repulsive               :       1.05
--------------------------------------------------------------------------------


--------------------------------------------------------------------------------
--- ChemScore analysis of protein-ligand interactions                        ---
--------------------------------------------------------------------------------

* Hydrogen bonds                                                                


* CH..O interactions                                                            
  CH group selection                       : activated ring CH (adjacent to hetatom)

--------------------------------------------------------------------------------


--------------------------------------------------------------------------------
--- Intra-ligand clashes                                                     ---
--------------------------------------------------------------------------------

Ligand
--------------------------------------------------------------------------------


--------------------------------------------------------------------------------
--- Chromosome decoded                                                       ---
--------------------------------------------------------------------------------
Ligand Torsions
[   9   10   11   12]  -29.62
[  10   11   12   13] -127.01
[  11   12   13   14]  163.99    matched torsion: alkyl  
[  12   13   14   15]   76.80    matched torsion: alkyl  
[  16   15   14   13]  115.68
[  17   16   15   14]  -40.37
Mapping
Ligand acceptors to protein hydrogens (mapping then atom ids)
Ligand shape atoms to protein points (mapping then atom ids & coords)
  1  2059 [  1->(-38.750   6.250   3.500)]
  2  4861 [  6->(-36.750   6.250   7.500)]
  7  5806 [ 14->(-36.250  16.000   6.250)]
  8  6249 [ 15->(-36.000  15.500   5.500)]
  9  4621 [ 17->(-37.000  17.500   5.500)]
 10  3769 [ 18->(-37.500  18.500   5.500)]
 11  4724 [ 20->(-37.000  20.500   5.500)]
 12  5627 [ 21->(-36.500  22.500   5.250)]
 13  9310 [ 22->(-34.000  22.250   6.250)]
 14  7772 [ 23->(-35.250  20.000   6.750)]
 15  5856 [ 25->(-36.250  16.750   7.000)]
Chromosome values
Integers:
  -1   -1   -1   -1 2058 4860   -1   -1   -1   -1 5805 6248 
4620 3768 4723 5626 9309 7771 5855 
--------------------------------------------------------------------------------

Current Ranking  1

--------------------------------------------------------------------------------

* GA execution time :                                                           
  total  5.0000 user  5.0000 sys  0.0000

--------------------------------------------------------------------------------
Fitness function evaluations: 147635

--------------------------------------------------------------------------------
** Docking run number  2 **
--------------------------------------------------------------------------------
  Rank fitness base is 5000.00 ; increment is 11.2233

* Initialising population(s) ...                                                
Number of constraints mappings 0
Number of constraints 0
  Population no.                           :      1
  Population size                          :    100
  Number of duplicates                     :      0
  Number of niche violations               :      0
  Number of errors                         :    525

Number of constraints mappings 0
Number of constraints 0
  Population no.                           :      2
  Population size                          :    100
  Number of duplicates                     :      0
  Number of niche violations               :      0
  Number of errors                         :    559

Number of constraints mappings 0
Number of constraints 0
  Population no.                           :      3
  Population size                          :    100
  Number of duplicates                     :      0
  Number of niche violations               :      0
  Number of errors                         :    561

Number of constraints mappings 0
Number of constraints 0
  Population no.                           :      4
  Population size                          :    100
  Number of duplicates                     :      0
  Number of niche violations               :      0
  Number of errors                         :    556

Number of constraints mappings 0
Number of constraints 0
  Population no.                           :      5
  Population size                          :    100
  Number of duplicates                     :      0
  Number of niche violations               :      0
  Number of errors                         :    470


Doing GA, no. of population(s) 5 size 100 selection pressure 1.100000

 Operation      Score     S(PLP)   S(hbond)     S(cho)   S(metal)  DE(clash)   DE(tors)     intcor
         0      32.75     -38.21       0.00       0.00       0.00       3.49       1.04       0.10
       216      39.30     -48.53       0.00       0.00       0.00       7.83       0.76       0.10
       287      43.54     -45.31       0.00       0.00       0.00       0.00       0.94       0.10
      1147      44.00     -48.74       0.00       0.00       0.00       2.28       1.28       0.10
      2379      45.62     -48.43       0.00       0.00       0.00       0.00       1.46       0.10
      2477      46.30     -47.97       0.00       0.00       0.00       0.00       0.89       0.10
      2642      47.63     -49.18       0.00       0.00       0.00       0.00       0.83       0.10
      3132      51.65     -52.89       0.00       0.00       0.00       0.00       0.67       0.10
      3222      51.95     -53.29       0.00       0.00       0.00       0.00       0.72       0.10
      3825      55.75     -57.47       0.00       0.00       0.00       0.00       0.92       0.10
      4045      56.20     -57.93       0.00       0.00       0.00       0.00       0.92       0.10
      4722      60.80     -62.40       0.00       0.00       0.00       0.00       0.85       0.10
      5847      61.42     -63.02       0.00       0.00       0.00       0.00       0.85       0.10
      5911      61.47     -63.98       0.00       0.00       0.00       0.23       1.19       0.10
      7217      62.02     -63.62       0.00       0.00       0.00       0.00       0.85       0.10
      9132      63.20     -64.80       0.00       0.00       0.00       0.00       0.85       0.10
      9538      64.83     -65.22       0.00       0.00       0.00       0.00       0.25       0.10
     14123      65.99     -66.39       0.00       0.00       0.00       0.00       0.25       0.10
     14342      66.30     -66.69       0.00       0.00       0.00       0.00       0.25       0.10
     14678      69.40     -69.80       0.00       0.00       0.00       0.00       0.25       0.10
     18228      69.50     -69.89       0.00       0.00       0.00       0.00       0.25       0.10
     18418      70.26     -70.65       0.00       0.00       0.00       0.00       0.25       0.10
     23038      70.26     -70.76       0.00       0.00       0.00       0.00       0.30       0.10
     30031      70.86     -71.36       0.00       0.00       0.00       0.00       0.30       0.10
     33141      71.02     -71.54       0.00       0.00       0.00       0.00       0.31       0.10
     44675      71.07     -71.53       0.00       0.00       0.00       0.00       0.28       0.10
     54149      71.10     -71.61       0.00       0.00       0.00       0.00       0.31       0.10
     57538      71.20     -71.67       0.00       0.00       0.00       0.00       0.29       0.10
     58217      71.32     -71.78       0.00       0.00       0.00       0.00       0.28       0.10
     62592      71.35     -71.81       0.00       0.00       0.00       0.00       0.28       0.10
     73142      71.42     -71.89       0.00       0.00       0.00       0.00       0.28       0.10
     91352      71.70     -72.18       0.00       0.00       0.00       0.00       0.29       0.10
--------------------------------------------------------------------------------
Best docking solution after GA:
     93250      71.70     -72.18       0.00       0.00       0.00       0.00       0.29       0.10

#ops:      93250 #mutates:  44148 #cross:    44545 #migrate:   4557 
#dups:     21830 #niche:    42623 #errors:    1047 
--------------------------------------------------------------------------------

Doing AMOEBA simplex on best individual
Done simplexing #iterations 435, best score  73.99

Ligand is stored in gold_soln_CHEMBL3546104_m1_2.mol2


--------------------------------------------------------------------------------
--- CHEMPLP breakdown of terms                                               ---
--------------------------------------------------------------------------------
CHEMPLP = - ( 1.0000*S(PLP) + -3.0000*S(hbond) + -6.0000*S(metal) + -3.0000*S(cho) )

Score = CHEMPLP - 1.0000*DE(clash) - 2.0000*DE(tors)

Internal energy term has been corrected with the best internal energy encountered.

--------------------------------------------------------------------------------


     Score     S(PLP)   S(hbond)     S(cho)   S(metal)  DE(clash)   DE(tors)     intcor
     73.99     -74.56       0.00       0.00       0.00       0.00       0.34       0.10

--------------------------------------------------------------------------------
--- PLP analysis of protein-ligand interactions                              ---
--------------------------------------------------------------------------------
hydrogen bonding        :       0.00
metal                   :       0.00
buried (polar-nonpolar) :      -3.43
nonpolar                :     -72.53
repulsive               :       0.87
--------------------------------------------------------------------------------


--------------------------------------------------------------------------------
--- ChemScore analysis of protein-ligand interactions                        ---
--------------------------------------------------------------------------------

* Hydrogen bonds                                                                


* CH..O interactions                                                            
  CH group selection                       : activated ring CH (adjacent to hetatom)

--------------------------------------------------------------------------------


--------------------------------------------------------------------------------
--- Intra-ligand clashes                                                     ---
--------------------------------------------------------------------------------

Ligand
--------------------------------------------------------------------------------


--------------------------------------------------------------------------------
--- Chromosome decoded                                                       ---
--------------------------------------------------------------------------------
Ligand Torsions
[   9   10   11   12]   44.44
[  10   11   12   13] -162.35
[  11   12   13   14]  -62.62    matched torsion: alkyl  
[  12   13   14   15]  171.47    matched torsion: alkyl  
[  16   15   14   13]  169.03
[  17   16   15   14]  -60.41
Mapping
Ligand acceptors to protein hydrogens (mapping then atom ids)
Ligand shape atoms to protein points (mapping then atom ids & coords)
  2   724 [  6->(-42.250   9.250   9.250)]
  4  2157 [ 11->(-38.750  12.250   5.750)]
  5  2681 [ 12->(-38.250  13.500   5.500)]
  7  4932 [ 14->(-36.750  15.500   5.250)]
  8  6238 [ 15->(-36.000  15.250   5.250)]
  9  4631 [ 17->(-37.000  17.750   5.250)]
 10  4227 [ 18->(-37.250  19.000   5.500)]
 11  3547 [ 20->(-37.750  21.750   5.000)]
 12  6983 [ 21->(-35.750  21.750   6.000)]
 13  9042 [ 22->(-34.250  20.500   6.500)]
 14  6476 [ 23->(-36.000  20.500   6.000)]
 15  5104 [ 25->(-36.750  19.000   5.750)]
Chromosome values
Integers:
  -1   -1   -1   -1   -1  723   -1 2156 2680   -1 4931 6237 
4630 4226 3546 6982 9041 6475 5103 
--------------------------------------------------------------------------------

Current Ranking  2  1

--------------------------------------------------------------------------------

* GA execution time :                                                           
  total  5.0000 user  5.0000 sys  0.0000

--------------------------------------------------------------------------------
Fitness function evaluations: 149567

--------------------------------------------------------------------------------
** Docking run number  3 **
--------------------------------------------------------------------------------
  Rank fitness base is 5000.00 ; increment is 11.2233

* Initialising population(s) ...                                                
Number of constraints mappings 0
Number of constraints 0
  Population no.                           :      1
  Population size                          :    100
  Number of duplicates                     :      0
  Number of niche violations               :      0
  Number of errors                         :    539

Number of constraints mappings 0
Number of constraints 0
  Population no.                           :      2
  Population size                          :    100
  Number of duplicates                     :      0
  Number of niche violations               :      0
  Number of errors                         :    501

Number of constraints mappings 0
Number of constraints 0
  Population no.                           :      3
  Population size                          :    100
  Number of duplicates                     :      0
  Number of niche violations               :      0
  Number of errors                         :    550

Number of constraints mappings 0
Number of constraints 0
  Population no.                           :      4
  Population size                          :    100
  Number of duplicates                     :      0
  Number of niche violations               :      0
  Number of errors                         :    546

Number of constraints mappings 0
Number of constraints 0
  Population no.                           :      5
  Population size                          :    100
  Number of duplicates                     :      0
  Number of niche violations               :      0
  Number of errors                         :    486


Doing GA, no. of population(s) 5 size 100 selection pressure 1.100000

 Operation      Score     S(PLP)   S(hbond)     S(cho)   S(metal)  DE(clash)   DE(tors)     intcor
         0      42.78     -45.45       0.00       0.00       0.00       0.00       1.39       0.10
       321      43.33     -45.84       0.00       0.00       0.00       0.00       1.31       0.10
      1281      43.61     -46.06       0.00       0.00       0.00       0.00       1.28       0.10
      1787      47.18     -49.74       0.00       0.00       0.00       0.00       1.33       0.10
      3047      49.07     -55.44       0.00       0.00       0.00       2.97       1.75       0.10
      3398      53.72     -56.67       0.00       0.00       0.00       1.30       0.88       0.10
      4267      57.90     -60.47       0.00       0.00       0.00       0.00       1.34       0.10
      4817      59.46     -62.02       0.00       0.00       0.00       0.00       1.34       0.10
      5202      62.22     -64.79       0.00       0.00       0.00       0.00       1.34       0.10
      6462      62.70     -65.20       0.00       0.00       0.00       0.00       1.29       0.07
      7672      63.02     -65.63       0.00       0.00       0.00       0.00       1.34       0.07
      8272      64.33     -66.43       0.00       0.00       0.00       0.00       1.08       0.07
     11868      64.44     -65.56       0.00       0.00       0.00       0.00       0.59       0.06
     12218      64.63     -65.75       0.00       0.00       0.00       0.00       0.59       0.06
     12317      64.75     -67.20       0.00       0.00       0.00       0.00       1.26       0.06
     12822      65.02     -67.11       0.00       0.00       0.00       0.00       1.07       0.06
     13612      65.37     -66.67       0.00       0.00       0.00       0.00       0.68       0.06
     13889      65.72     -66.77       0.00       0.00       0.00       0.00       0.56       0.06
     15072      66.77     -68.09       0.00       0.00       0.00       0.00       0.68       0.03
     15477      67.11     -68.46       0.00       0.00       0.00       0.00       0.69       0.03
     15667      68.53     -69.89       0.00       0.00       0.00       0.00       0.69       0.03
     20987      68.79     -70.07       0.00       0.00       0.00       0.00       0.65       0.03
     29119      69.05     -70.39       0.00       0.00       0.00       0.00       0.68       0.03
     37705      69.34     -70.67       0.00       0.00       0.00       0.00       0.68       0.03
     40040      69.87     -71.26       0.00       0.00       0.00       0.00       0.71       0.03
     42395      69.88     -71.26       0.00       0.00       0.00       0.00       0.71       0.03
     45601      69.88     -71.27       0.00       0.00       0.00       0.00       0.71       0.03
     45768      69.99     -71.38       0.00       0.00       0.00       0.00       0.71       0.03
     52891      70.00     -71.29       0.00       0.00       0.00       0.00       0.66       0.03
     56101      70.19     -71.57       0.00       0.00       0.00       0.00       0.70       0.03
     57575      70.20     -71.58       0.00       0.00       0.00       0.00       0.70       0.03
     59000      70.23     -71.61       0.00       0.00       0.00       0.00       0.71       0.03
     60295      70.29     -71.67       0.00       0.00       0.00       0.00       0.71       0.03
     62280      70.35     -71.73       0.00       0.00       0.00       0.00       0.71       0.03
     62635      70.38     -71.75       0.00       0.00       0.00       0.00       0.70       0.03
     69300      70.58     -71.94       0.00       0.00       0.00       0.00       0.70       0.03
     82665      71.02     -72.50       0.00       0.00       0.00       0.00       0.76       0.03
     86015      71.03     -72.51       0.00       0.00       0.00       0.00       0.76       0.03
     86220      71.21     -72.69       0.00       0.00       0.00       0.00       0.76       0.03
     88075      71.23     -72.77       0.00       0.00       0.00       0.00       0.78       0.03
     90195      71.32     -72.76       0.00       0.00       0.00       0.00       0.73       0.03
     91634      71.41     -73.06       0.00       0.00       0.00       0.00       0.84       0.03
     91674      71.60     -73.24       0.00       0.00       0.00       0.00       0.83       0.03
     92734      71.64     -73.30       0.00       0.00       0.00       0.00       0.84       0.03
     92879      71.66     -73.36       0.00       0.00       0.00       0.00       0.87       0.03
--------------------------------------------------------------------------------
Best docking solution after GA:
     93250      71.66     -73.36       0.00       0.00       0.00       0.00       0.87       0.03

#ops:      93250 #mutates:  44203 #cross:    44419 #migrate:   4628 
#dups:     27496 #niche:    42382 #errors:     832 
--------------------------------------------------------------------------------

Doing AMOEBA simplex on best individual
Done simplexing #iterations 353, best score  72.05

Ligand is stored in gold_soln_CHEMBL3546104_m1_3.mol2


--------------------------------------------------------------------------------
--- CHEMPLP breakdown of terms                                               ---
--------------------------------------------------------------------------------
CHEMPLP = - ( 1.0000*S(PLP) + -3.0000*S(hbond) + -6.0000*S(metal) + -3.0000*S(cho) )

Score = CHEMPLP - 1.0000*DE(clash) - 2.0000*DE(tors)

Internal energy term has been corrected with the best internal energy encountered.

--------------------------------------------------------------------------------


     Score     S(PLP)   S(hbond)     S(cho)   S(metal)  DE(clash)   DE(tors)     intcor
     72.05     -73.70       0.00       0.00       0.00       0.00       0.84       0.03

--------------------------------------------------------------------------------
--- PLP analysis of protein-ligand interactions                              ---
--------------------------------------------------------------------------------
hydrogen bonding        :       0.00
metal                   :       0.00
buried (polar-nonpolar) :      -7.58
nonpolar                :     -67.25
repulsive               :       0.43
--------------------------------------------------------------------------------


--------------------------------------------------------------------------------
--- ChemScore analysis of protein-ligand interactions                        ---
--------------------------------------------------------------------------------

* Hydrogen bonds                                                                


* CH..O interactions                                                            
  CH group selection                       : activated ring CH (adjacent to hetatom)

--------------------------------------------------------------------------------


--------------------------------------------------------------------------------
--- Intra-ligand clashes                                                     ---
--------------------------------------------------------------------------------

Ligand
--------------------------------------------------------------------------------


--------------------------------------------------------------------------------
--- Chromosome decoded                                                       ---
--------------------------------------------------------------------------------
Ligand Torsions
[   9   10   11   12]  -59.52
[  10   11   12   13] -178.83
[  11   12   13   14]  -63.46    matched torsion: alkyl  
[  12   13   14   15]  157.00    matched torsion: alkyl  
[  16   15   14   13]   96.15
[  17   16   15   14]  -93.48
Mapping
Ligand acceptors to protein hydrogens (mapping then atom ids)
Ligand shape atoms to protein points (mapping then atom ids & coords)
  1  3236 [  1->(-37.750   6.500   3.500)]
  2  1712 [  6->(-39.250   5.750   5.000)]
  6  2988 [ 13->(-38.000  13.250   5.250)]
  7  4922 [ 14->(-36.750  15.000   5.750)]
  8  4959 [ 15->(-36.750  16.000   5.000)]
  9  3375 [ 17->(-37.750  18.250   5.250)]
 10  3808 [ 18->(-37.500  19.500   5.250)]
 11  4713 [ 20->(-37.000  20.250   5.250)]
 12  8836 [ 21->(-34.500  20.750   6.250)]
 13  8611 [ 22->(-34.750  21.750   5.750)]
 14  6446 [ 23->(-36.000  19.500   5.750)]
 15  6785 [ 25->(-35.750  16.750   7.000)]
Chromosome values
Integers:
  -1   -1   -1   -1 3235 1711   -1   -1   -1 2987 4921 4958 
3374 3807 4712 8835 8610 6445 6784 
--------------------------------------------------------------------------------

Current Ranking  2  3  1

--------------------------------------------------------------------------------

* GA execution time :                                                           
  total  5.0000 user  5.0000 sys  0.0000

--------------------------------------------------------------------------------
Fitness function evaluations: 148105

--------------------------------------------------------------------------------
** Docking run number  4 **
--------------------------------------------------------------------------------
  Rank fitness base is 5000.00 ; increment is 11.2233

* Initialising population(s) ...                                                
Number of constraints mappings 0
Number of constraints 0
  Population no.                           :      1
  Population size                          :    100
  Number of duplicates                     :      0
  Number of niche violations               :      0
  Number of errors                         :    549

Number of constraints mappings 0
Number of constraints 0
  Population no.                           :      2
  Population size                          :    100
  Number of duplicates                     :      0
  Number of niche violations               :      0
  Number of errors                         :    490

Number of constraints mappings 0
Number of constraints 0
  Population no.                           :      3
  Population size                          :    100
  Number of duplicates                     :      0
  Number of niche violations               :      0
  Number of errors                         :    512

Number of constraints mappings 0
Number of constraints 0
  Population no.                           :      4
  Population size                          :    100
  Number of duplicates                     :      0
  Number of niche violations               :      0
  Number of errors                         :    524

Number of constraints mappings 0
Number of constraints 0
  Population no.                           :      5
  Population size                          :    100
  Number of duplicates                     :      0
  Number of niche violations               :      0
  Number of errors                         :    542


Doing GA, no. of population(s) 5 size 100 selection pressure 1.100000

 Operation      Score     S(PLP)   S(hbond)     S(cho)   S(metal)  DE(clash)   DE(tors)     intcor
         0      41.36     -43.49       0.00       0.00       0.00       0.00       1.08       0.03
      1073      50.55     -63.89       0.00       0.00       0.00      12.47       0.45       0.03
      2524      51.24     -52.71       0.00       0.00       0.00       0.00       0.75       0.03
      3681      61.03     -63.17       0.00       0.00       0.00       0.00       1.08       0.03
      6471      61.33     -63.25       0.00       0.00       0.00       0.00       0.98       0.03
      8302      63.15     -65.07       0.00       0.00       0.00       0.00       0.98       0.03
      9902      64.10     -66.24       0.00       0.00       0.00       0.00       1.08       0.03
     12567      64.47     -66.60       0.00       0.00       0.00       0.00       1.08       0.03
     13811      64.50     -66.40       0.00       0.00       0.00       0.00       0.96       0.03
     15021      64.52     -66.43       0.00       0.00       0.00       0.00       0.97       0.03
     17295      64.73     -66.63       0.00       0.00       0.00       0.00       0.96       0.03
     17365      64.84     -66.74       0.00       0.00       0.00       0.00       0.96       0.03
     18268      64.90     -67.50       0.00       0.00       0.00       0.00       1.32       0.03
     18631      64.97     -66.87       0.00       0.00       0.00       0.00       0.96       0.03
     18797      65.01     -65.70       0.00       0.00       0.00       0.00       0.36       0.03
     19371      65.17     -67.07       0.00       0.00       0.00       0.00       0.96       0.03
     21116      65.54     -67.44       0.00       0.00       0.00       0.00       0.96       0.03
     25576      68.08     -69.98       0.00       0.00       0.00       0.00       0.97       0.03
     29764      69.58     -70.87       0.00       0.00       0.00       0.00       0.66       0.03
     30349      71.46     -72.76       0.00       0.00       0.00       0.00       0.66       0.03
     32049      71.56     -72.80       0.00       0.00       0.00       0.00       0.64       0.03
     32983      72.05     -73.35       0.00       0.00       0.00       0.00       0.66       0.03
     33329      73.03     -74.27       0.00       0.00       0.00       0.00       0.64       0.03
     44124      73.35     -74.55       0.00       0.00       0.00       0.00       0.61       0.03
     47389      73.35     -74.55       0.00       0.00       0.00       0.00       0.61       0.03
     55462      73.47     -74.73       0.00       0.00       0.00       0.00       0.64       0.03
     56286      73.51     -74.68       0.00       0.00       0.00       0.00       0.60       0.03
     57386      73.72     -74.89       0.00       0.00       0.00       0.00       0.60       0.03
     57432      73.77     -75.03       0.00       0.00       0.00       0.00       0.64       0.03
     62037      73.97     -75.21       0.00       0.00       0.00       0.00       0.64       0.03
     62633      74.03     -75.30       0.00       0.00       0.00       0.00       0.65       0.03
     66557      74.04     -75.30       0.00       0.00       0.00       0.00       0.64       0.03
     67408      74.17     -75.47       0.00       0.00       0.00       0.00       0.67       0.03
     85683      74.20     -75.71       0.00       0.00       0.00       0.00       0.77       0.03
     86319      74.30     -75.66       0.00       0.00       0.00       0.00       0.69       0.03
     89388      74.30     -75.62       0.00       0.00       0.00       0.00       0.67       0.03
     90081      74.31     -75.62       0.00       0.00       0.00       0.00       0.67       0.03
     92474      74.31     -75.57       0.00       0.00       0.00       0.00       0.65       0.03
     93208      74.44     -75.71       0.00       0.00       0.00       0.00       0.65       0.03
--------------------------------------------------------------------------------
Best docking solution after GA:
     93250      74.44     -75.71       0.00       0.00       0.00       0.00       0.65       0.03

#ops:      93250 #mutates:  44201 #cross:    44412 #migrate:   4637 
#dups:     25332 #niche:    38924 #errors:     986 
--------------------------------------------------------------------------------

Doing AMOEBA simplex on best individual
Done simplexing #iterations 340, best score  74.71

Ligand is stored in gold_soln_CHEMBL3546104_m1_4.mol2


--------------------------------------------------------------------------------
--- CHEMPLP breakdown of terms                                               ---
--------------------------------------------------------------------------------
CHEMPLP = - ( 1.0000*S(PLP) + -3.0000*S(hbond) + -6.0000*S(metal) + -3.0000*S(cho) )

Score = CHEMPLP - 1.0000*DE(clash) - 2.0000*DE(tors)

Internal energy term has been corrected with the best internal energy encountered.

--------------------------------------------------------------------------------


     Score     S(PLP)   S(hbond)     S(cho)   S(metal)  DE(clash)   DE(tors)     intcor
     74.71     -76.00       0.00       0.00       0.00       0.00       0.66       0.03

--------------------------------------------------------------------------------
--- PLP analysis of protein-ligand interactions                              ---
--------------------------------------------------------------------------------
hydrogen bonding        :       0.00
metal                   :       0.00
buried (polar-nonpolar) :      -8.05
nonpolar                :     -69.06
repulsive               :       0.56
--------------------------------------------------------------------------------


--------------------------------------------------------------------------------
--- ChemScore analysis of protein-ligand interactions                        ---
--------------------------------------------------------------------------------

* Hydrogen bonds                                                                


* CH..O interactions                                                            
  CH group selection                       : activated ring CH (adjacent to hetatom)

--------------------------------------------------------------------------------


--------------------------------------------------------------------------------
--- Intra-ligand clashes                                                     ---
--------------------------------------------------------------------------------

Ligand
--------------------------------------------------------------------------------


--------------------------------------------------------------------------------
--- Chromosome decoded                                                       ---
--------------------------------------------------------------------------------
Ligand Torsions
[   9   10   11   12]    9.56
[  10   11   12   13]  158.38
[  11   12   13   14] -167.96    matched torsion: alkyl  
[  12   13   14   15]  164.71    matched torsion: alkyl  
[  16   15   14   13]  117.51
[  17   16   15   14]  -62.70
Mapping
Ligand acceptors to protein hydrogens (mapping then atom ids)
Ligand shape atoms to protein points (mapping then atom ids & coords)
  1  2846 [  1->(-38.000   6.000   2.500)]
  2  1861 [  6->(-39.000   6.250   5.250)]
  4  2162 [ 11->(-38.750  12.500   5.500)]
  5  1945 [ 12->(-39.000  13.000   5.750)]
  7  5369 [ 14->(-36.500  15.750   7.500)]
  8  6753 [ 15->(-35.750  16.250   7.500)]
 10  5085 [ 18->(-36.750  18.250   6.500)]
 11  6960 [ 20->(-35.750  21.250   5.750)]
 12  4325 [ 21->(-37.250  21.250   4.750)]
 13  9280 [ 22->(-34.000  21.500   6.000)]
 14  7333 [ 23->(-35.500  19.500   6.250)]
 15  5453 [ 25->(-36.500  17.250   6.250)]
Chromosome values
Integers:
  -1   -1   -1   -1 2845 1860   -1 2161 1944   -1 5368 6752 
  -1 5084 6959 4324 9279 7332 5452 
--------------------------------------------------------------------------------

Current Ranking  4  2  3  1

--------------------------------------------------------------------------------

* GA execution time :                                                           
  total  5.0000 user  4.9999 sys  0.0001

--------------------------------------------------------------------------------
Fitness function evaluations: 149155

--------------------------------------------------------------------------------
** Docking run number  5 **
--------------------------------------------------------------------------------
  Rank fitness base is 5000.00 ; increment is 11.2233

* Initialising population(s) ...                                                
Number of constraints mappings 0
Number of constraints 0
  Population no.                           :      1
  Population size                          :    100
  Number of duplicates                     :      0
  Number of niche violations               :      0
  Number of errors                         :    521

Number of constraints mappings 0
Number of constraints 0
  Population no.                           :      2
  Population size                          :    100
  Number of duplicates                     :      0
  Number of niche violations               :      0
  Number of errors                         :    561

Number of constraints mappings 0
Number of constraints 0
  Population no.                           :      3
  Population size                          :    100
  Number of duplicates                     :      0
  Number of niche violations               :      0
  Number of errors                         :    497

Number of constraints mappings 0
Number of constraints 0
  Population no.                           :      4
  Population size                          :    100
  Number of duplicates                     :      0
  Number of niche violations               :      0
  Number of errors                         :    559

Number of constraints mappings 0
Number of constraints 0
  Population no.                           :      5
  Population size                          :    100
  Number of duplicates                     :      0
  Number of niche violations               :      0
  Number of errors                         :    525


Doing GA, no. of population(s) 5 size 100 selection pressure 1.100000

 Operation      Score     S(PLP)   S(hbond)     S(cho)   S(metal)  DE(clash)   DE(tors)     intcor
         0      32.66     -34.57       0.00       0.00       0.00       0.00       0.97       0.03
       600      36.55     -40.21       0.00       0.00       0.00       1.71       0.99       0.03
      1169      42.56     -45.57       0.00       0.00       0.00       0.00       1.52       0.03
      1409      52.45     -58.48       0.00       0.00       0.00       3.49       1.28       0.03
      1974      54.16     -60.18       0.00       0.00       0.00       3.49       1.28       0.03
      2344      55.35     -61.38       0.00       0.00       0.00       3.49       1.28       0.03
      3064      56.33     -61.67       0.00       0.00       0.00       3.49       0.94       0.03
      3794      57.54     -62.87       0.00       0.00       0.00       3.49       0.94       0.03
      4944      57.89     -63.25       0.00       0.00       0.00       3.49       0.95       0.03
      5914      58.86     -64.62       0.00       0.00       0.00       3.64       1.08       0.03
      6544      60.45     -65.78       0.00       0.00       0.00       3.49       0.94       0.03
      8154      61.01     -66.34       0.00       0.00       0.00       3.49       0.94       0.03
      8335      63.40     -65.38       0.00       0.00       0.00       0.00       1.01       0.03
      9906      63.45     -65.44       0.00       0.00       0.00       0.00       1.01       0.03
     11244      64.30     -65.29       0.00       0.00       0.00       0.00       0.51       0.03
     11412      65.24     -66.25       0.00       0.00       0.00       0.00       0.52       0.03
     13141      65.44     -67.82       0.00       0.00       0.00       0.00       1.20       0.03
     15001      65.88     -66.89       0.00       0.00       0.00       0.00       0.52       0.03
     15201      66.15     -68.33       0.00       0.00       0.00       0.00       1.10       0.03
     15731      66.52     -68.70       0.00       0.00       0.00       0.00       1.10       0.03
     20016      66.53     -68.95       0.00       0.00       0.00       0.00       1.22       0.03
     22834      66.83     -68.25       0.00       0.00       0.00       0.00       0.73       0.03
     23289      67.81     -69.31       0.00       0.00       0.00       0.00       0.77       0.03
     23577      68.68     -70.20       0.00       0.00       0.00       0.00       0.78       0.03
     25442      69.25     -70.78       0.00       0.00       0.00       0.00       0.78       0.03
     27304      69.34     -70.45       0.00       0.00       0.00       0.00       0.57       0.03
     27857      69.37     -70.89       0.00       0.00       0.00       0.00       0.78       0.03
     28696      69.41     -70.38       0.00       0.00       0.00       0.00       0.50       0.03
     29585      69.91     -70.98       0.00       0.00       0.00       0.00       0.55       0.03
     31584      69.97     -71.06       0.00       0.00       0.00       0.00       0.56       0.03
     33771      70.11     -71.15       0.00       0.00       0.00       0.00       0.53       0.03
     36126      70.20     -71.25       0.00       0.00       0.00       0.00       0.54       0.03
     37341      70.59     -71.63       0.00       0.00       0.00       0.00       0.53       0.03
     42176      70.87     -71.92       0.00       0.00       0.00       0.00       0.54       0.03
     43999      71.01     -71.97       0.00       0.00       0.00       0.00       0.50       0.03
     45404      71.15     -72.12       0.00       0.00       0.00       0.00       0.50       0.03
     45714      71.41     -72.38       0.00       0.00       0.00       0.00       0.50       0.03
     47279      71.60     -72.58       0.00       0.00       0.00       0.00       0.50       0.03
     49550      71.68     -72.66       0.00       0.00       0.00       0.00       0.50       0.03
     64084      71.71     -72.70       0.00       0.00       0.00       0.00       0.51       0.03
     64380      71.80     -72.78       0.00       0.00       0.00       0.00       0.50       0.03
     67526      71.82     -72.79       0.00       0.00       0.00       0.00       0.50       0.03
     86209      71.83     -72.80       0.00       0.00       0.00       0.00       0.50       0.03
     86495      72.00     -72.97       0.00       0.00       0.00       0.00       0.50       0.03
     88864      72.11     -73.04       0.00       0.00       0.00       0.00       0.48       0.03
     89421      72.26     -73.26       0.00       0.00       0.00       0.00       0.51       0.03
     89846      72.27     -73.27       0.00       0.00       0.00       0.00       0.51       0.03
     90464      72.28     -73.22       0.00       0.00       0.00       0.00       0.49       0.03
     90466      72.34     -73.34       0.00       0.00       0.00       0.00       0.52       0.03
     91689      72.52     -73.44       0.00       0.00       0.00       0.00       0.47       0.03
     92584      72.65     -73.59       0.00       0.00       0.00       0.00       0.49       0.03
--------------------------------------------------------------------------------
Best docking solution after GA:
     93250      72.65     -73.59       0.00       0.00       0.00       0.00       0.49       0.03

#ops:      93250 #mutates:  44262 #cross:    44445 #migrate:   4543 
#dups:     24218 #niche:    37009 #errors:    1200 
--------------------------------------------------------------------------------

Doing AMOEBA simplex on best individual
Done simplexing #iterations 424, best score  74.29

Ligand is stored in gold_soln_CHEMBL3546104_m1_5.mol2


--------------------------------------------------------------------------------
--- CHEMPLP breakdown of terms                                               ---
--------------------------------------------------------------------------------
CHEMPLP = - ( 1.0000*S(PLP) + -3.0000*S(hbond) + -6.0000*S(metal) + -3.0000*S(cho) )

Score = CHEMPLP - 1.0000*DE(clash) - 2.0000*DE(tors)

Internal energy term has been corrected with the best internal energy encountered.

--------------------------------------------------------------------------------


     Score     S(PLP)   S(hbond)     S(cho)   S(metal)  DE(clash)   DE(tors)     intcor
     74.29     -75.29       0.00       0.00       0.00       0.00       0.52       0.03

--------------------------------------------------------------------------------
--- PLP analysis of protein-ligand interactions                              ---
--------------------------------------------------------------------------------
hydrogen bonding        :       0.00
metal                   :       0.00
buried (polar-nonpolar) :      -7.63
nonpolar                :     -67.98
repulsive               :       0.53
--------------------------------------------------------------------------------


--------------------------------------------------------------------------------
--- ChemScore analysis of protein-ligand interactions                        ---
--------------------------------------------------------------------------------

* Hydrogen bonds                                                                


* CH..O interactions                                                            
  CH group selection                       : activated ring CH (adjacent to hetatom)

--------------------------------------------------------------------------------


--------------------------------------------------------------------------------
--- Intra-ligand clashes                                                     ---
--------------------------------------------------------------------------------

Ligand
--------------------------------------------------------------------------------


--------------------------------------------------------------------------------
--- Chromosome decoded                                                       ---
--------------------------------------------------------------------------------
Ligand Torsions
[   9   10   11   12]    1.27
[  10   11   12   13]  157.50
[  11   12   13   14] -174.16    matched torsion: alkyl  
[  12   13   14   15]  168.68    matched torsion: alkyl  
[  16   15   14   13]  128.92
[  17   16   15   14]  -60.91
Mapping
Ligand acceptors to protein hydrogens (mapping then atom ids)
Ligand shape atoms to protein points (mapping then atom ids & coords)
  1  2566 [  1->(-38.250   6.500   3.500)]
  2  1861 [  6->(-39.000   6.250   5.250)]
  4  2154 [ 11->(-38.750  12.250   5.000)]
  5  2188 [ 12->(-38.750  13.500   5.250)]
  7  4530 [ 14->(-37.000  15.750   6.500)]
  8  6705 [ 15->(-35.750  15.500   6.500)]
  9  5054 [ 17->(-36.750  17.500   6.500)]
 10  4220 [ 18->(-37.250  18.750   5.750)]
 12  3897 [ 21->(-37.500  21.250   5.250)]
 13  7800 [ 22->(-35.250  21.000   5.500)]
 14  9255 [ 23->(-34.000  21.000   6.500)]
 15  8070 [ 25->(-35.000  16.500   6.500)]
Chromosome values
Integers:
  -1   -1   -1   -1 2565 1860   -1 2153 2187   -1 4529 6704 
5053 4219   -1 3896 7799 9254 8069 
--------------------------------------------------------------------------------

Current Ranking  4  5  2  3  1

--------------------------------------------------------------------------------

* GA execution time :                                                           
  total  4.9997 user  4.9997 sys  0.0001

--------------------------------------------------------------------------------
Fitness function evaluations: 148816

--------------------------------------------------------------------------------
** Docking run number  6 **
--------------------------------------------------------------------------------
  Rank fitness base is 5000.00 ; increment is 11.2233

* Initialising population(s) ...                                                
Number of constraints mappings 0
Number of constraints 0
  Population no.                           :      1
  Population size                          :    100
  Number of duplicates                     :      0
  Number of niche violations               :      0
  Number of errors                         :    499

Number of constraints mappings 0
Number of constraints 0
  Population no.                           :      2
  Population size                          :    100
  Number of duplicates                     :      0
  Number of niche violations               :      0
  Number of errors                         :    496

Number of constraints mappings 0
Number of constraints 0
  Population no.                           :      3
  Population size                          :    100
  Number of duplicates                     :      0
  Number of niche violations               :      0
  Number of errors                         :    512

Number of constraints mappings 0
Number of constraints 0
  Population no.                           :      4
  Population size                          :    100
  Number of duplicates                     :      0
  Number of niche violations               :      0
  Number of errors                         :    534

Number of constraints mappings 0
Number of constraints 0
  Population no.                           :      5
  Population size                          :    100
  Number of duplicates                     :      0
  Number of niche violations               :      0
  Number of errors                         :    536


Doing GA, no. of population(s) 5 size 100 selection pressure 1.100000

 Operation      Score     S(PLP)   S(hbond)     S(cho)   S(metal)  DE(clash)   DE(tors)     intcor
         0      50.99     -52.90       0.00       0.00       0.00       0.54       0.70       0.03
      1798      52.47     -55.34       0.00       0.00       0.00       1.32       0.79       0.03
      2001      54.26     -55.83       0.00       0.00       0.00       0.00       0.80       0.03
      3554      57.61     -59.52       0.00       0.00       0.00       0.54       0.70       0.03
      4861      57.67     -60.10       0.00       0.00       0.00       0.00       1.23       0.03
      4959      58.63     -60.54       0.00       0.00       0.00       0.54       0.70       0.03
      5861      59.30     -60.61       0.00       0.00       0.00       0.00       0.67       0.03
      6639      61.82     -63.74       0.00       0.00       0.00       0.54       0.70       0.03
      6784      62.65     -65.21       0.00       0.00       0.00       0.00       1.30       0.03
      7674      63.69     -66.26       0.00       0.00       0.00       0.00       1.30       0.03
     12069      64.30     -66.87       0.00       0.00       0.00       0.00       1.30       0.03
     12330      64.32     -66.29       0.00       0.00       0.00       0.54       0.73       0.03
     13335      65.94     -68.24       0.00       0.00       0.00       0.00       1.16       0.03
     14351      66.16     -68.58       0.00       0.00       0.00       0.00       1.23       0.03
     14843      66.38     -68.95       0.00       0.00       0.00       0.00       1.30       0.03
     14900      67.71     -70.00       0.00       0.00       0.00       0.00       1.16       0.03
     15570      67.75     -70.04       0.00       0.00       0.00       0.00       1.16       0.03
     15685      70.12     -71.95       0.00       0.00       0.00       0.00       0.93       0.03
     17240      70.19     -72.03       0.00       0.00       0.00       0.00       0.93       0.03
     21901      70.54     -72.38       0.00       0.00       0.00       0.00       0.93       0.03
     27972      71.19     -72.96       0.00       0.00       0.00       0.00       0.90       0.03
     32299      71.54     -73.25       0.00       0.00       0.00       0.00       0.87       0.03
     37229      71.67     -73.39       0.00       0.00       0.00       0.00       0.88       0.03
     38503      71.77     -73.54       0.00       0.00       0.00       0.00       0.90       0.03
     41549      71.88     -73.60       0.00       0.00       0.00       0.00       0.88       0.03
     41779      72.15     -73.87       0.00       0.00       0.00       0.00       0.88       0.03
     43044      72.48     -74.26       0.00       0.00       0.00       0.00       0.90       0.03
     67973      72.55     -74.32       0.00       0.00       0.00       0.00       0.90       0.03
     71228      72.62     -74.38       0.00       0.00       0.00       0.00       0.90       0.03
     81283      72.64     -74.45       0.00       0.00       0.00       0.00       0.92       0.03
     83982      72.65     -74.46       0.00       0.00       0.00       0.00       0.92       0.03
     83983      72.73     -74.54       0.00       0.00       0.00       0.00       0.92       0.03
     86028      72.76     -74.58       0.00       0.00       0.00       0.00       0.92       0.03
     86713      72.95     -74.75       0.00       0.00       0.00       0.00       0.92       0.03
     91779      73.30     -75.19       0.00       0.00       0.00       0.00       0.96       0.03
     93204      73.36     -75.23       0.00       0.00       0.00       0.00       0.95       0.03
--------------------------------------------------------------------------------
Best docking solution after GA:
     93250      73.36     -75.23       0.00       0.00       0.00       0.00       0.95       0.03

#ops:      93250 #mutates:  44198 #cross:    44374 #migrate:   4678 
#dups:     29815 #niche:    40445 #errors:     845 
--------------------------------------------------------------------------------

Doing AMOEBA simplex on best individual
Done simplexing #iterations 372, best score  73.76

Ligand is stored in gold_soln_CHEMBL3546104_m1_6.mol2


--------------------------------------------------------------------------------
--- CHEMPLP breakdown of terms                                               ---
--------------------------------------------------------------------------------
CHEMPLP = - ( 1.0000*S(PLP) + -3.0000*S(hbond) + -6.0000*S(metal) + -3.0000*S(cho) )

Score = CHEMPLP - 1.0000*DE(clash) - 2.0000*DE(tors)

Internal energy term has been corrected with the best internal energy encountered.

--------------------------------------------------------------------------------


     Score     S(PLP)   S(hbond)     S(cho)   S(metal)  DE(clash)   DE(tors)     intcor
     73.76     -75.59       0.00       0.00       0.00       0.00       0.93       0.03

--------------------------------------------------------------------------------
--- PLP analysis of protein-ligand interactions                              ---
--------------------------------------------------------------------------------
hydrogen bonding        :       0.00
metal                   :       0.00
buried (polar-nonpolar) :      -8.18
nonpolar                :     -69.18
repulsive               :       0.97
--------------------------------------------------------------------------------


--------------------------------------------------------------------------------
--- ChemScore analysis of protein-ligand interactions                        ---
--------------------------------------------------------------------------------

* Hydrogen bonds                                                                


* CH..O interactions                                                            
  CH group selection                       : activated ring CH (adjacent to hetatom)

--------------------------------------------------------------------------------


--------------------------------------------------------------------------------
--- Intra-ligand clashes                                                     ---
--------------------------------------------------------------------------------

Ligand
--------------------------------------------------------------------------------


--------------------------------------------------------------------------------
--- Chromosome decoded                                                       ---
--------------------------------------------------------------------------------
Ligand Torsions
[   9   10   11   12]   34.50
[  10   11   12   13]  151.67
[  11   12   13   14]  158.30    matched torsion: alkyl  
[  12   13   14   15]  170.49    matched torsion: alkyl  
[  16   15   14   13]  142.49
[  17   16   15   14]  -62.45
Mapping
Ligand acceptors to protein hydrogens (mapping then atom ids)
Ligand shape atoms to protein points (mapping then atom ids & coords)
  1  4035 [  1->(-37.250   7.500   2.250)]
  7  4937 [ 14->(-36.750  15.500   6.500)]
  8  5397 [ 15->(-36.500  16.250   6.750)]
  9  3759 [ 17->(-37.500  18.250   4.750)]
 10  3778 [ 18->(-37.500  18.750   6.250)]
 11  5150 [ 20->(-36.750  20.750   5.500)]
 12  8255 [ 21->(-35.000  22.000   5.500)]
 13  7850 [ 22->(-35.250  22.250   5.000)]
 14  7769 [ 23->(-35.250  20.000   6.000)]
 15  7282 [ 25->(-35.500  17.750   6.750)]
Chromosome values
Integers:
  -1   -1   -1   -1 4034   -1   -1   -1   -1   -1 4936 5396 
3758 3777 5149 8254 7849 7768 7281 
--------------------------------------------------------------------------------

Current Ranking  4  5  2  6  3  1

--------------------------------------------------------------------------------

* GA execution time :                                                           
  total  5.0000 user  5.0000 sys  0.0001

--------------------------------------------------------------------------------
Fitness function evaluations: 148356

--------------------------------------------------------------------------------
** Docking run number  7 **
--------------------------------------------------------------------------------
  Rank fitness base is 5000.00 ; increment is 11.2233

* Initialising population(s) ...                                                
Number of constraints mappings 0
Number of constraints 0
  Population no.                           :      1
  Population size                          :    100
  Number of duplicates                     :      0
  Number of niche violations               :      0
  Number of errors                         :    530

Number of constraints mappings 0
Number of constraints 0
  Population no.                           :      2
  Population size                          :    100
  Number of duplicates                     :      0
  Number of niche violations               :      0
  Number of errors                         :    559

Number of constraints mappings 0
Number of constraints 0
  Population no.                           :      3
  Population size                          :    100
  Number of duplicates                     :      0
  Number of niche violations               :      0
  Number of errors                         :    555

Number of constraints mappings 0
Number of constraints 0
  Population no.                           :      4
  Population size                          :    100
  Number of duplicates                     :      0
  Number of niche violations               :      0
  Number of errors                         :    512

Number of constraints mappings 0
Number of constraints 0
  Population no.                           :      5
  Population size                          :    100
  Number of duplicates                     :      0
  Number of niche violations               :      0
  Number of errors                         :    509


Doing GA, no. of population(s) 5 size 100 selection pressure 1.100000

 Operation      Score     S(PLP)   S(hbond)     S(cho)   S(metal)  DE(clash)   DE(tors)     intcor
         0      39.57     -40.32       0.00       0.00       0.00       0.00       0.39       0.03
       302      48.35     -49.88       0.00       0.00       0.00       0.00       0.78       0.03
      1533      51.46     -51.90       0.00       0.00       0.00       0.00       0.24       0.03
      1548      51.96     -52.51       0.00       0.00       0.00       0.00       0.29       0.03
      1708      65.24     -65.86       0.00       0.00       0.00       0.00       0.32       0.03
      6508      65.78     -66.56       0.00       0.00       0.00       0.00       0.41       0.03
     10474      69.71     -71.59       0.00       0.00       0.00       0.00       0.96       0.03
     11129      69.89     -71.31       0.00       0.00       0.00       0.00       0.73       0.03
     12204      69.91     -71.92       0.00       0.00       0.00       0.00       1.02       0.03
     12984      71.22     -73.10       0.00       0.00       0.00       0.00       0.96       0.03
     14819      71.37     -73.20       0.00       0.00       0.00       0.00       0.93       0.03
     15570      71.84     -73.79       0.00       0.00       0.00       0.00       0.99       0.03
     18680      72.14     -74.08       0.00       0.00       0.00       0.00       0.99       0.03
     23894      72.29     -73.71       0.00       0.00       0.00       0.00       0.73       0.03
     24480      72.54     -74.49       0.00       0.00       0.00       0.00       0.99       0.03
     24841      72.70     -74.32       0.00       0.00       0.00       0.00       0.82       0.03
     25661      72.78     -74.40       0.00       0.00       0.00       0.00       0.82       0.03
     26981      72.92     -74.54       0.00       0.00       0.00       0.00       0.83       0.03
     27916      73.03     -74.66       0.00       0.00       0.00       0.00       0.83       0.03
     28491      73.08     -74.71       0.00       0.00       0.00       0.00       0.83       0.03
     28728      73.21     -75.02       0.00       0.00       0.00       0.00       0.92       0.03
     33751      73.21     -74.84       0.00       0.00       0.00       0.00       0.83       0.03
     34777      73.29     -74.69       0.00       0.00       0.00       0.00       0.72       0.03
     36868      73.49     -75.13       0.00       0.00       0.00       0.00       0.83       0.03
     38948      73.57     -75.40       0.00       0.00       0.00       0.00       0.93       0.03
     40943      73.58     -75.42       0.00       0.00       0.00       0.00       0.93       0.03
     51176      73.66     -75.29       0.00       0.00       0.00       0.00       0.83       0.03
     65039      73.68     -75.30       0.00       0.00       0.00       0.00       0.82       0.03
     69782      73.73     -75.57       0.00       0.00       0.00       0.00       0.93       0.03
     73849      73.76     -75.38       0.00       0.00       0.00       0.00       0.83       0.03
     74245      73.82     -75.41       0.00       0.00       0.00       0.00       0.81       0.03
     76461      73.84     -75.45       0.00       0.00       0.00       0.00       0.82       0.03
     84090      73.90     -75.51       0.00       0.00       0.00       0.00       0.82       0.03
     88695      73.92     -75.53       0.00       0.00       0.00       0.00       0.82       0.03
     89429      73.94     -75.54       0.00       0.00       0.00       0.00       0.81       0.03
     90175      73.96     -75.55       0.00       0.00       0.00       0.00       0.81       0.03
     90354      74.01     -75.59       0.00       0.00       0.00       0.00       0.80       0.03
--------------------------------------------------------------------------------
Best docking solution after GA:
     93250      74.01     -75.59       0.00       0.00       0.00       0.00       0.80       0.03

#ops:      93250 #mutates:  44393 #cross:    44226 #migrate:   4631 
#dups:     22224 #niche:    35182 #errors:    1503 
--------------------------------------------------------------------------------

Doing AMOEBA simplex on best individual
Done simplexing #iterations 348, best score  74.52

Ligand is stored in gold_soln_CHEMBL3546104_m1_7.mol2


--------------------------------------------------------------------------------
--- CHEMPLP breakdown of terms                                               ---
--------------------------------------------------------------------------------
CHEMPLP = - ( 1.0000*S(PLP) + -3.0000*S(hbond) + -6.0000*S(metal) + -3.0000*S(cho) )

Score = CHEMPLP - 1.0000*DE(clash) - 2.0000*DE(tors)

Internal energy term has been corrected with the best internal energy encountered.

--------------------------------------------------------------------------------


     Score     S(PLP)   S(hbond)     S(cho)   S(metal)  DE(clash)   DE(tors)     intcor
     74.52     -75.96       0.00       0.00       0.00       0.00       0.74       0.03

--------------------------------------------------------------------------------
--- PLP analysis of protein-ligand interactions                              ---
--------------------------------------------------------------------------------
hydrogen bonding        :       0.00
metal                   :       0.00
buried (polar-nonpolar) :      -7.92
nonpolar                :     -69.65
repulsive               :       1.26
--------------------------------------------------------------------------------


--------------------------------------------------------------------------------
--- ChemScore analysis of protein-ligand interactions                        ---
--------------------------------------------------------------------------------

* Hydrogen bonds                                                                


* CH..O interactions                                                            
  CH group selection                       : activated ring CH (adjacent to hetatom)

--------------------------------------------------------------------------------


--------------------------------------------------------------------------------
--- Intra-ligand clashes                                                     ---
--------------------------------------------------------------------------------

Ligand
--------------------------------------------------------------------------------


--------------------------------------------------------------------------------
--- Chromosome decoded                                                       ---
--------------------------------------------------------------------------------
Ligand Torsions
[   9   10   11   12]   11.61
[  10   11   12   13]  144.73
[  11   12   13   14] -173.46    matched torsion: alkyl  
[  12   13   14   15]  175.81    matched torsion: alkyl  
[  16   15   14   13]  117.44
[  17   16   15   14]  -57.59
Mapping
Ligand acceptors to protein hydrogens (mapping then atom ids)
Ligand shape atoms to protein points (mapping then atom ids & coords)
  1  4843 [  1->(-36.750   6.000   2.000)]
  2  2290 [  6->(-38.500   6.000   5.000)]
  3  1569 [  9->(-40.250  10.250   8.000)]
  4  2170 [ 11->(-38.750  12.750   5.750)]
  6  2164 [ 13->(-38.750  12.500   6.000)]
  7  4522 [ 14->(-37.000  15.500   7.250)]
  8  4544 [ 15->(-37.000  16.000   7.000)]
  9  3738 [ 17->(-37.500  17.500   5.500)]
 10  5524 [ 18->(-36.500  19.250   5.500)]
 11  4707 [ 20->(-37.000  20.000   6.000)]
 12  8638 [ 21->(-34.750  22.500   6.000)]
 13  6988 [ 22->(-35.750  22.000   4.750)]
 14  9417 [ 23->(-33.750  20.750   6.750)]
 15  6358 [ 25->(-36.000  17.250   5.750)]
Chromosome values
Integers:
  -1   -1   -1   -1 4842 2289 1568 2169   -1 2163 4521 4543 
3737 5523 4706 8637 6987 9416 6357 
--------------------------------------------------------------------------------

Current Ranking  4  7  5  2  6  3  1

Top  3 (of  7) solutions are within 1.000 RMSD, finishing docking E:/CHEMBL3546104.mol2.


--------------------------------------------------------------------------------

* GA execution time :                                                           
  total  5.0000 user  4.9999 sys  0.0001

--------------------------------------------------------------------------------
Fitness function evaluations: 148127

--------------------------------------------------------------------------------
--- Ranking analysis                                                         ---
--------------------------------------------------------------------------------


* Final ranked order of GA solutions:                                           
   4  7  5  2  6  3  1 

  _______________________________
  RMSD Matrix of RANKED solutions

        2    3    4    5    6    7  

   1 :  0.1  0.2  4.3  0.3  0.6  1.8
   2 :       0.3  4.3  0.3  0.6  1.8
   3 :            4.4  0.4  0.6  1.7
   4 :                 4.3  4.3  4.7
   5 :                      0.7  1.8
   6 :                           1.8

  Clustering method                        : complete linkage
  Structure ids in cluster table           : rank nos.
  Ordering of clusters and their members   : by rank (order if from rms_analysis)

  Distance | Clusters
   0.13    |  1  2 |  3 |  4 |  5 |  6 |  7 |
   0.28    |  1  2  3 |  4 |  5 |  6 |  7 |
   0.39    |  1  2  3  5 |  4 |  6 |  7 |
   0.67    |  1  2  3  5  6 |  4 |  7 |
   1.84    |  1  2  3  5  6  7 |  4 |
   4.70    |  1  2  3  4  5  6  7 |
  Finished Docking Ligand                  : E:/CHEMBL3546104.mol2
--------------------------------------------------------------------------------

  Relative_Ligand_Energy (best encountered) :   0.030
  Relative_Ligand_Energy: fitness values have been corrected using this amount
