# WARNING: atom    2 in C:/Users/student/Desktop/project/beta1/ligandy/4bvn.mol2 is type   N.2 resetting to type   N.1 (set_atom_type)
# WARNING: atom    3 in C:/Users/student/Desktop/project/beta1/ligandy/4bvn.mol2 is type   O.2 resetting to type   O.3 (set_atom_type)
# WARNING: atom   13 in C:/Users/student/Desktop/project/beta1/ligandy/4bvn.mol2 is type   C.1 resetting to type   C.2 (set_atom_type)
# WARNING: atom    9 in C:/Users/student/Desktop/project/beta1/ligandy/4bvn.mol2 is type   C.2 but should be  C.ar (check_aromatic_bonds_and_atoms)
# WARNING: bond   15 in C:/Users/student/Desktop/project/beta1/ligandy/4bvn.mol2 is type   1 but should be  ar (check_aromatic_bonds_and_atoms)
# WARNING: atom    7 in C:/Users/student/Desktop/project/beta1/ligandy/4bvn.mol2 is type   C.2 but should be  C.ar (check_aromatic_bonds_and_atoms)
# WARNING: bond   16 in C:/Users/student/Desktop/project/beta1/ligandy/4bvn.mol2 is type   2 but should be  ar (check_aromatic_bonds_and_atoms)
# WARNING: atom   13 in C:/Users/student/Desktop/project/beta1/ligandy/4bvn.mol2 is type   C.2 but should be  C.ar (check_aromatic_bonds_and_atoms)
# WARNING: bond   23 in C:/Users/student/Desktop/project/beta1/ligandy/4bvn.mol2 is type   1 but should be  ar (check_aromatic_bonds_and_atoms)
# WARNING: atom   12 in C:/Users/student/Desktop/project/beta1/ligandy/4bvn.mol2 is type   C.2 but should be  C.ar (check_aromatic_bonds_and_atoms)
# WARNING: bond   21 in C:/Users/student/Desktop/project/beta1/ligandy/4bvn.mol2 is type   2 but should be  ar (check_aromatic_bonds_and_atoms)
# WARNING: atom   11 in C:/Users/student/Desktop/project/beta1/ligandy/4bvn.mol2 is type   C.2 but should be  C.ar (check_aromatic_bonds_and_atoms)
# WARNING: bond   19 in C:/Users/student/Desktop/project/beta1/ligandy/4bvn.mol2 is type   1 but should be  ar (check_aromatic_bonds_and_atoms)
# WARNING: atom   10 in C:/Users/student/Desktop/project/beta1/ligandy/4bvn.mol2 is type   C.2 but should be  C.ar (check_aromatic_bonds_and_atoms)
# WARNING: bond   18 in C:/Users/student/Desktop/project/beta1/ligandy/4bvn.mol2 is type   2 but should be  ar (check_aromatic_bonds_and_atoms)

--------------------------------------------------------------------------------
--- Ligand                                                                   ---
--------------------------------------------------------------------------------
  Ligand loaded from file                  : C:/Users/student/Desktop/project/beta1/ligandy/4bvn.mol2
  Ligand name                              :  
  "C:\Users\porto\OneDrive\projekt\beta1\ligandy\L_4bvn.pdb L_4bvn.pdb 1    "

--------------------------------------------------------------------------------
  N.plc donors                             : 
  none found

  Acidic nitrogen acceptors                : 
  none found
  Sulfur acceptors                         :
  none found

  N.1 atom 8 is not an acceptor (skipped)

  Donor atoms                              :      2
  5   6   
  Acceptor atoms                           :      4
  3   5   6   8   

  Hydrogens                                :  (n = 2)
  24   25   

  Lone pairs added to molecule             :      6
  Numbering                                : from 43 to 48

--------------------------------------------------------------------------------
--- Postprocessing of typing                                                 ---
--------------------------------------------------------------------------------
  Fragment file                            : C:\Program Files (x86)\CCDC/GoldSuite_2017\GOLD\gold\rotatable_bond_override.mol2
  acylurea fragment                        : no matches
  thioacylthiourea fragment                : no matches
  acylthiourea fragment                    : no matches
  thioacylurea fragment                    : no matches
  diarylamine fragment >C.ar-NH-C.ar<      : no matches
  sec-amine (1) fragment                   : no matches
  sec-amine (2) fragment                   : no matches
  sec-amine (3) fragment                   : no matches
  carboxylic ester                         : no matches

* Rotatable bonds in C:/Users/student/Des  :
  [   1   21] [   3    9] [   3   14] [   5   17] 
  [   5   16] [   6   15] [  14   15] [  15   16] 
  No. of rotatable bonds                   :      8


* Fragments found in C:/Users/student/Des  :
  atom   7: benzene
  atom   9: benzene
  atom  10: benzene
  atom  11: benzene
  atom  12: benzene
  atom  13: benzene


* Checking torsion distributions:                                               
  Rotatable bond [10  9  3 14] matches torsion: ortho-substituoed aromatic-aliphatic ether
   C.ar ( 1H ) | C.ar ( C.ar ( 0H ) ) | O.3 | C.3 ( 2H ) 
  No. of matched torsions                  :      1

--------------------------------------------------------------------------------
--- Shape fitting atoms selection (hydrophobic atoms)                        ---
--------------------------------------------------------------------------------
  Molecule                                 : C:/Users/student/Desktop/project/beta1/ligandy/4bvn.mol2
  Selection                                : carbons only
  Atom numbers                             :  (n = 10)
  4    10   11   12   14   15   16   18   19   20   
  


--------------------------------------------------------------------------------
--- ChemScore ligand setup summary                                           ---
--------------------------------------------------------------------------------
  ChemScore ligand acceptors               :      4
  3 5 6 8 
  ChemScore ligand donors                  :      2
  5 ( 24  ) 6 ( 25  ) 
  ChemScore ligand CH donors               :      0
  

  ChemScore ligand lipophilic atoms        :  (n = 15)
  1    4    7    9    10   11   12   13   14   15   
  16   17   18   19   20   

  ChemScore ligand rotatable bonds         :      8
  1   (C1 ) - 21  (C16): UNKNOWN_BOND
  3   (O1 ) - 9   (C4 ): SP3_SP2_BOND
  3   (O1 ) - 14  (C9 ): SP3_SP3_BOND
  5   (N2 ) - 17  (C12): SP3_SP3_BOND
  5   (N2 ) - 16  (C11): SP3_SP3_BOND
  6   (O2 ) - 15  (C10): SP3_SP3_BOND
  14  (C9 ) - 15  (C10): SP3_SP3_BOND
  15  (C10) - 16  (C11): SP3_SP3_BOND

--------------------------------------------------------------------------------
--- PLP ligand setup summary                                                 ---
--------------------------------------------------------------------------------
    1    C1   C.2 NONPOLAR
    2    N1   N.1 ACCEPTOR
    3    O1   O.3 ACCEPTOR
    4    C2   C.3 NONPOLAR
    5    N2   N.3 DONACC
    6    O2   O.3 DONACC
    7    C3  C.ar NONPOLAR
    8    N3   N.1 ACCEPTOR
    9    C4  C.ar NONPOLAR
   10    C5  C.ar NONPOLAR
   11    C6  C.ar NONPOLAR
   12    C7  C.ar NONPOLAR
   13    C8  C.ar NONPOLAR
   14    C9   C.3 NONPOLAR
   15   C10   C.3 NONPOLAR
   16   C11   C.3 NONPOLAR
   17   C12   C.3 NONPOLAR
   18   C13   C.3 NONPOLAR
   19   C14   C.3 NONPOLAR
   20   C15   C.3 NONPOLAR
   21   C16   C.1 NONPOLAR

--------------------------------------------------------------------------------
--- Automatic parameter setting                                              ---
--------------------------------------------------------------------------------
  Contribution base                        :   2500
  Contribution per rotatable bond          :   6000
  Contribution per df                      :   4000
  Contribution per water                   :  10000
  Ligand rotatable bonds                   :      8
  Protein flexible side chain bonds        :      0
  Total rotatable bonds                    :      8
  Hydrophobic vol ratio (P/L)              :   1.773
  Base multiplier (polar)                  :   1.200
  Base multiplier (apolar)                 :   3.546
  Base contribution                        : 10000.000
  Fitting points                           :      6
  Estimated maxops needed (optimal)        :  58500
  Autoscale factor (in percent)            :     10
  Scaled maxops                            :   6000

--------------------------------------------------------------------------------

* Population settings                                                           
  maxops                                   :   6000
  popsiz                                   :    100
  select_pressure                          :   1.100
  n_islands                                :      1
  niche_siz                                :      2

* GA settings                                                                   
  pt_crosswt                               :    100
  allele_mutatewt                          :    100
  migratewt                                :      0

* Search settings                                                               
  start_vdw_linear_cutoff                  :   4.000
  initial_virtual_pt_match_max             :   3.000

--------------------------------------------------------------------------------

* Ligand initialisation time :                                                  
  total  0.0000 user  0.0000 sys  0.0000

--------------------------------------------------------------------------------

--------------------------------------------------------------------------------
** Docking run number  1 **
--------------------------------------------------------------------------------
  Rank fitness base is 5000.00 ; increment is 11.2233

* Initialising population(s) ...                                                
Number of constraints mappings 0
Number of constraints 0
  Population no.                           :      1
  Population size                          :    100
  Number of duplicates                     :      0
  Number of niche violations               :      0
  Number of errors                         :    216


Doing GA, no. of population(s) 1 size 100 selection pressure 1.100000

 Operation      Score     S(PLP)   S(hbond)     S(cho)   S(metal)  DE(clash)   DE(tors)     intcor
         0     -11.68      -3.18       0.00       0.00       0.00      10.82       2.42       0.79
        12      -6.21       1.23       0.00       0.00       0.00       1.24       2.26       0.79
       164      -3.09      -2.62       0.00       0.00       0.00       2.52       1.99       0.79
       225       4.33      -9.06       0.00       0.00       0.00       2.52       1.50       0.79
       248      14.47     -28.21       0.00       0.00       0.00      10.58       1.97       0.79
       285      21.04     -34.78       0.00       0.00       0.00      10.58       1.97       0.79
       425      25.09     -30.66       0.00       0.00       0.00       2.52       1.92       0.79
       761      27.86     -33.38       0.00       0.00       0.00       2.52       1.90       0.79
       808      29.24     -34.81       0.00       0.00       0.00       2.52       1.92       0.79
       854      32.45     -37.18       0.00       0.00       0.00       2.52       1.50       0.79
       885      35.03     -39.91       0.00       0.00       0.00       2.52       1.57       0.79
       966      37.82     -42.60       0.00       0.00       0.00       2.52       1.53       0.79
      1247      37.89     -42.67       0.00       0.00       0.00       2.52       1.53       0.79
      1352      42.62     -47.36       0.00       0.00       0.00       2.52       1.50       0.79
      1525      42.64     -47.40       0.00       0.00       0.00       2.52       1.51       0.79
      1569      42.93     -47.67       0.00       0.00       0.00       2.52       1.50       0.79
      1595      43.26     -47.96       0.00       0.00       0.00       2.52       1.48       0.79
      1653      43.41     -45.60       0.00       0.00       0.00       0.00       1.49       0.79
      1712      44.12     -48.78       0.00       0.00       0.00       2.52       1.47       0.79
      1878      45.53     -47.90       0.00       0.00       0.00       0.00       1.58       0.79
      2407      48.61     -50.97       0.00       0.00       0.00       0.00       1.58       0.78
      2525      48.86     -51.13       0.00       0.00       0.00       0.00       1.52       0.78
      3230      48.86     -51.50       0.00       0.00       0.00       0.00       1.61       0.57
      3253      51.04     -53.62       0.02       0.00       0.00       0.00       1.61       0.57
      3397      51.05     -53.63       0.02       0.00       0.00       0.00       1.61       0.57
      5718      51.50     -48.96       1.00       0.00       0.00       0.00       0.51       0.57
--------------------------------------------------------------------------------
Best docking solution after GA:
      6000      51.50     -48.96       1.00       0.00       0.00       0.00       0.51       0.57

#ops:       6000 #mutates:   3085 #cross:     2915 #dups:      2179 
#niche:     1986 #errors:     151 
--------------------------------------------------------------------------------

Doing AMOEBA simplex on best individual
Done simplexing #iterations 679, best score  57.56

Ligand is stored in gold_soln_4bvn_m1_1.mol2


--------------------------------------------------------------------------------
--- CHEMPLP breakdown of terms                                               ---
--------------------------------------------------------------------------------
CHEMPLP = - ( 1.0000*S(PLP) + -3.0000*S(hbond) + -6.0000*S(metal) + -3.0000*S(cho) )

Score = CHEMPLP - 1.0000*DE(clash) - 2.0000*DE(tors)

Internal energy term has been corrected with the best internal energy encountered.

--------------------------------------------------------------------------------


     Score     S(PLP)   S(hbond)     S(cho)   S(metal)  DE(clash)   DE(tors)     intcor
     57.56     -55.13       1.00       0.00       0.00       0.00       0.57       0.57

--------------------------------------------------------------------------------
--- PLP analysis of protein-ligand interactions                              ---
--------------------------------------------------------------------------------
hydrogen bonding        :      -1.00
metal                   :       0.00
buried (polar-nonpolar) :      -3.21
nonpolar                :     -51.86
repulsive               :       0.39
--------------------------------------------------------------------------------


--------------------------------------------------------------------------------
--- ChemScore analysis of protein-ligand interactions                        ---
--------------------------------------------------------------------------------

* Hydrogen bonds                                                                
Ligand donor    5 hydrogen   24 Protein acceptor 2066 bond energy  1.00 wt 1.00


* CH..O interactions                                                            
  CH group selection                       : activated ring CH (adjacent to hetatom)

--------------------------------------------------------------------------------


--------------------------------------------------------------------------------
--- Intra-ligand clashes                                                     ---
--------------------------------------------------------------------------------

Ligand
--------------------------------------------------------------------------------


--------------------------------------------------------------------------------
--- Chromosome decoded                                                       ---
--------------------------------------------------------------------------------
Ligand Torsions
[   8   21    1    4]  117.05
[  10    9    3   14]    9.12    matched torsion: ortho-substituoed aromatic-aliphatic ether
[   9    3   14   15] -171.02
[  18   17    5   16]   68.35
[  17    5   16   15]  129.40
[  25    6   15   14]   29.75
[   3   14   15    6]   66.93
[   5   16   15    6] -172.49
Mapping
Ligand acceptors to protein hydrogens (mapping then atom ids)
Ligand hydrogens to protein acceptors (mapping then atom ids)
Ligand shape atoms to protein points (mapping then atom ids & coords)
  1  5908 [  4->(-23.000   4.000  14.500)]
  4   286 [ 12->(-25.500  10.250  14.000)]
  6  5507 [ 15->(-23.250  10.000  18.500)]
Chromosome values
Integers:
  -1   -1   -1   -1   -1   -1 5907   -1   -1  285   -1 5506 
  -1   -1   -1   -1 
--------------------------------------------------------------------------------

Current Ranking  1

--------------------------------------------------------------------------------

* GA execution time :                                                           
  total  0.0004 user  0.0003 sys  0.0000

--------------------------------------------------------------------------------
Fitness function evaluations: 12499

--------------------------------------------------------------------------------
** Docking run number  2 **
--------------------------------------------------------------------------------
  Rank fitness base is 5000.00 ; increment is 11.2233

* Initialising population(s) ...                                                
Number of constraints mappings 0
Number of constraints 0
  Population no.                           :      1
  Population size                          :    100
  Number of duplicates                     :      0
  Number of niche violations               :      0
  Number of errors                         :    225


Doing GA, no. of population(s) 1 size 100 selection pressure 1.100000

 Operation      Score     S(PLP)   S(hbond)     S(cho)   S(metal)  DE(clash)   DE(tors)     intcor
         0      18.39     -22.36       0.00       0.00       0.00       1.93       1.30       0.57
       111      27.77     -29.48       0.00       0.00       0.00       0.00       1.14       0.57
       652      30.39     -35.99       0.00       0.00       0.00       1.75       2.21       0.57
       777      40.78     -39.49       1.00       0.00       0.00       0.00       1.14       0.57
      1091      41.56     -40.51       1.00       0.00       0.00       0.00       1.26       0.57
      1230      42.71     -41.89       1.00       0.00       0.00       0.00       1.38       0.57
      1356      42.82     -42.00       1.00       0.00       0.00       0.00       1.38       0.57
      1811      42.84     -41.56       1.00       0.00       0.00       0.00       1.13       0.54
      2045      46.31     -44.58       1.00       0.00       0.00       0.00       0.90       0.54
      2692      46.82     -45.09       1.00       0.00       0.00       0.00       0.91       0.54
      3181      46.90     -45.16       1.00       0.00       0.00       0.00       0.90       0.54
      3308      47.45     -47.86       0.49       0.00       0.00       0.00       1.21       0.54
      3442      48.14     -46.41       1.00       0.00       0.00       0.00       0.91       0.54
      3905      48.50     -48.67       0.50       0.00       0.00       0.00       1.11       0.54
      4069      52.12     -49.66       1.00       0.00       0.00       0.00       0.54       0.54
      4764      52.81     -50.34       1.00       0.00       0.00       0.00       0.54       0.54
      4851      52.81     -50.35       1.00       0.00       0.00       0.00       0.54       0.54
      5662      53.60     -51.07       1.00       0.00       0.00       0.00       0.50       0.54
      5877      55.43     -52.90       1.00       0.00       0.00       0.00       0.50       0.54
--------------------------------------------------------------------------------
Best docking solution after GA:
      6000      55.43     -52.90       1.00       0.00       0.00       0.00       0.50       0.54

#ops:       6000 #mutates:   2979 #cross:     3021 #dups:      1324 
#niche:     2289 #errors:      66 
--------------------------------------------------------------------------------

Doing AMOEBA simplex on best individual
Done simplexing #iterations 451, best score  58.41

Ligand is stored in gold_soln_4bvn_m1_2.mol2


--------------------------------------------------------------------------------
--- CHEMPLP breakdown of terms                                               ---
--------------------------------------------------------------------------------
CHEMPLP = - ( 1.0000*S(PLP) + -3.0000*S(hbond) + -6.0000*S(metal) + -3.0000*S(cho) )

Score = CHEMPLP - 1.0000*DE(clash) - 2.0000*DE(tors)

Internal energy term has been corrected with the best internal energy encountered.

--------------------------------------------------------------------------------


     Score     S(PLP)   S(hbond)     S(cho)   S(metal)  DE(clash)   DE(tors)     intcor
     58.41     -55.62       1.00       0.00       0.00       0.00       0.38       0.54

--------------------------------------------------------------------------------
--- PLP analysis of protein-ligand interactions                              ---
--------------------------------------------------------------------------------
hydrogen bonding        :      -1.00
metal                   :       0.00
buried (polar-nonpolar) :      -7.83
nonpolar                :     -46.39
repulsive               :       0.42
--------------------------------------------------------------------------------


--------------------------------------------------------------------------------
--- ChemScore analysis of protein-ligand interactions                        ---
--------------------------------------------------------------------------------

* Hydrogen bonds                                                                
Ligand donor    5 hydrogen   24 Protein acceptor 2066 bond energy  1.00 wt 1.00


* CH..O interactions                                                            
  CH group selection                       : activated ring CH (adjacent to hetatom)

--------------------------------------------------------------------------------


--------------------------------------------------------------------------------
--- Intra-ligand clashes                                                     ---
--------------------------------------------------------------------------------

Ligand
--------------------------------------------------------------------------------


--------------------------------------------------------------------------------
--- Chromosome decoded                                                       ---
--------------------------------------------------------------------------------
Ligand Torsions
[   8   21    1    4]   10.06
[  10    9    3   14]   -0.25    matched torsion: ortho-substituoed aromatic-aliphatic ether
[   9    3   14   15] -154.06
[  18   17    5   16]   52.23
[  17    5   16   15]  177.75
[  25    6   15   14]  129.12
[   3   14   15    6]   66.98
[   5   16   15    6]   40.69
Mapping
Ligand acceptors to protein hydrogens (mapping then atom ids)
Ligand hydrogens to protein acceptors (mapping then atom ids)
  1   3 [ 24->2066]
Ligand shape atoms to protein points (mapping then atom ids & coords)
  1  4463 [  4->(-23.500   4.750  12.750)]
  2  2151 [ 10->(-24.250   4.500  16.000)]
  3  5934 [ 11->(-23.000   4.250  15.500)]
  4  1061 [ 12->(-24.750   3.250  15.500)]
  5  6196 [ 14->(-23.000   9.250  17.750)]
  6  7271 [ 15->(-22.500   9.750  18.250)]
  7  6838 [ 16->(-22.750   9.250  18.000)]
  8  1961 [ 18->(-24.500  13.250  20.000)]
Chromosome values
Integers:
  -1   -1   -1   -1    2   -1 4462 2150 5933 1060 6195 7270 
6837 1960   -1   -1 
--------------------------------------------------------------------------------

Current Ranking  2  1

--------------------------------------------------------------------------------

* GA execution time :                                                           
  total  0.0004 user  0.0003 sys  0.0000

--------------------------------------------------------------------------------
Fitness function evaluations: 12407

--------------------------------------------------------------------------------
** Docking run number  3 **
--------------------------------------------------------------------------------
  Rank fitness base is 5000.00 ; increment is 11.2233

* Initialising population(s) ...                                                
Number of constraints mappings 0
Number of constraints 0
  Population no.                           :      1
  Population size                          :    100
  Number of duplicates                     :      0
  Number of niche violations               :      0
  Number of errors                         :    207


Doing GA, no. of population(s) 1 size 100 selection pressure 1.100000

 Operation      Score     S(PLP)   S(hbond)     S(cho)   S(metal)  DE(clash)   DE(tors)     intcor
         0       5.34      -9.70       1.00       0.00       0.00       3.91       2.00       0.54
        17      11.18     -12.42       0.00       0.00       0.00       0.00       0.89       0.54
       211      21.62     -28.29       0.00       0.00       0.00       2.07       2.57       0.54
       282      24.11     -25.60       0.00       0.00       0.00       0.00       1.02       0.54
       323      28.64     -35.31       0.00       0.00       0.00       2.07       2.57       0.54
       361      31.72     -38.38       0.00       0.00       0.00       2.07       2.57       0.54
       535      32.08     -35.10       0.00       0.00       0.00       1.81       0.87       0.54
       709      33.63     -36.59       0.00       0.00       0.00       1.81       0.85       0.54
       884      35.62     -38.67       0.00       0.00       0.00       0.00       1.80       0.54
       991      37.51     -50.13       0.00       0.00       0.00      10.12       1.52       0.54
      1393      39.60     -48.10       0.00       0.00       0.00       5.83       1.61       0.54
      1396      43.39     -47.27       0.00       0.00       0.00       0.00       2.21       0.54
      1458      45.99     -49.87       0.00       0.00       0.00       0.00       2.21       0.54
      1740      46.12     -49.78       0.00       0.00       0.00       0.00       2.10       0.54
      1746      46.54     -50.42       0.00       0.00       0.00       0.00       2.21       0.54
      1923      47.23     -51.11       0.00       0.00       0.00       0.00       2.21       0.54
      2304      47.23     -51.11       0.00       0.00       0.00       0.00       2.21       0.54
      2377      47.56     -51.43       0.00       0.00       0.00       0.00       2.21       0.54
      2593      47.77     -51.64       0.00       0.00       0.00       0.00       2.21       0.54
      3206      48.05     -51.84       0.00       0.00       0.00       0.00       2.16       0.54
      3207      48.21     -51.89       0.00       0.00       0.00       0.00       2.11       0.54
      3222      52.12     -53.21       0.36       0.00       0.00       0.00       1.35       0.54
      5818      53.17     -54.33       0.23       0.00       0.00       0.00       1.19       0.54
--------------------------------------------------------------------------------
Best docking solution after GA:
      6000      53.17     -54.33       0.23       0.00       0.00       0.00       1.19       0.54

#ops:       6000 #mutates:   3025 #cross:     2975 #dups:      1778 
#niche:     2679 #errors:      29 
--------------------------------------------------------------------------------

Doing AMOEBA simplex on best individual
Done simplexing #iterations 645, best score  59.53

Ligand is stored in gold_soln_4bvn_m1_3.mol2


--------------------------------------------------------------------------------
--- CHEMPLP breakdown of terms                                               ---
--------------------------------------------------------------------------------
CHEMPLP = - ( 1.0000*S(PLP) + -3.0000*S(hbond) + -6.0000*S(metal) + -3.0000*S(cho) )

Score = CHEMPLP - 1.0000*DE(clash) - 2.0000*DE(tors)

Internal energy term has been corrected with the best internal energy encountered.

--------------------------------------------------------------------------------


     Score     S(PLP)   S(hbond)     S(cho)   S(metal)  DE(clash)   DE(tors)     intcor
     59.53     -58.24       1.00       0.00       0.00       0.00       1.13       0.54

--------------------------------------------------------------------------------
--- PLP analysis of protein-ligand interactions                              ---
--------------------------------------------------------------------------------
hydrogen bonding        :      -1.94
metal                   :       0.00
buried (polar-nonpolar) :      -6.23
nonpolar                :     -49.49
repulsive               :       0.40
--------------------------------------------------------------------------------


--------------------------------------------------------------------------------
--- ChemScore analysis of protein-ligand interactions                        ---
--------------------------------------------------------------------------------

* Hydrogen bonds                                                                
Ligand donor    5 hydrogen   24 Protein acceptor 2066 bond energy  1.00 wt 1.00


* CH..O interactions                                                            
  CH group selection                       : activated ring CH (adjacent to hetatom)

--------------------------------------------------------------------------------


--------------------------------------------------------------------------------
--- Intra-ligand clashes                                                     ---
--------------------------------------------------------------------------------

Ligand
--------------------------------------------------------------------------------


--------------------------------------------------------------------------------
--- Chromosome decoded                                                       ---
--------------------------------------------------------------------------------
Ligand Torsions
[   8   21    1    4]  -64.50
[  10    9    3   14]  -22.47    matched torsion: ortho-substituoed aromatic-aliphatic ether
[   9    3   14   15]   87.55
[  18   17    5   16]  -72.95
[  17    5   16   15]  144.99
[  25    6   15   14]   75.90
[   3   14   15    6]   35.22
[   5   16   15    6] -174.47
Mapping
Ligand acceptors to protein hydrogens (mapping then atom ids)
Ligand hydrogens to protein acceptors (mapping then atom ids)
Ligand shape atoms to protein points (mapping then atom ids & coords)
  1  4466 [  4->(-23.500   4.750  13.500)]
  2  5280 [ 10->(-23.250   5.500  16.250)]
  3  1630 [ 11->(-24.500   5.000  17.000)]
  4  2810 [ 12->(-24.000   4.250  15.250)]
  5  6127 [ 14->(-23.000   8.000  16.000)]
  7  7516 [ 16->(-22.250   8.750  18.500)]
 10  2574 [ 20->(-24.250  13.000  20.250)]
Chromosome values
Integers:
  -1   -1   -1   -1   -1   -1 4465 5279 1629 2809 6126   -1 
7515   -1   -1 2573 
--------------------------------------------------------------------------------

Current Ranking  3  2  1

--------------------------------------------------------------------------------

* GA execution time :                                                           
  total  1.9984 user  0.9994 sys  0.9990

--------------------------------------------------------------------------------
Fitness function evaluations: 12543

--------------------------------------------------------------------------------
** Docking run number  4 **
--------------------------------------------------------------------------------
  Rank fitness base is 5000.00 ; increment is 11.2233

* Initialising population(s) ...                                                
Number of constraints mappings 0
Number of constraints 0
  Population no.                           :      1
  Population size                          :    100
  Number of duplicates                     :      0
  Number of niche violations               :      0
  Number of errors                         :    229


Doing GA, no. of population(s) 1 size 100 selection pressure 1.100000

 Operation      Score     S(PLP)   S(hbond)     S(cho)   S(metal)  DE(clash)   DE(tors)     intcor
         0      13.05     -18.32       0.00       0.00       0.00       0.68       2.57       0.54
       398      15.98     -28.09       0.00       0.00       0.00      10.83       0.91       0.54
       418      16.49     -28.60       0.00       0.00       0.00      10.83       0.91       0.54
       476      20.16     -24.31       0.25       0.00       0.00       2.04       1.70       0.54
       557      22.64     -27.45       0.11       0.00       0.00       2.04       1.82       0.54
       663      29.04     -35.36       0.00       0.00       0.00       4.64       1.11       0.54
       838      30.02     -31.67       0.81       0.00       0.00       1.91       1.36       0.54
      1014      32.59     -39.55       0.00       0.00       0.00       2.04       2.73       0.54
      1294      32.69     -39.08       0.00       0.00       0.00       2.04       2.45       0.54
      1381      44.31     -45.98       1.58       0.00       0.00       2.04       2.45       0.54
      1669      44.34     -47.81       0.98       0.00       0.00       2.04       2.45       0.54
      2097      45.69     -49.25       0.99       0.00       0.00       2.04       2.51       0.54
      2483      45.77     -48.61       1.18       0.00       0.00       2.04       2.45       0.54
      2612      45.87     -49.60       0.98       0.00       0.00       2.13       2.54       0.54
      3355      45.99     -49.34       1.02       0.00       0.00       2.04       2.45       0.54
      3372      47.55     -50.80       0.88       0.00       0.00       1.68       2.37       0.54
      3867      49.41     -53.12       0.99       0.00       0.00       2.13       2.55       0.54
      4006      49.45     -53.13       1.00       0.00       0.00       2.13       2.55       0.54
      4040      50.02     -53.78       0.98       0.00       0.00       2.13       2.55       0.54
      4086      50.39     -54.14       0.98       0.00       0.00       2.13       2.55       0.54
      4353      51.05     -50.26       1.00       0.00       0.00       0.00       1.38       0.54
      4649      51.66     -49.46       1.47       0.00       0.00       0.00       1.37       0.54
      4789      51.98     -49.93       1.45       0.00       0.00       0.00       1.42       0.54
      5007      52.14     -49.62       1.58       0.00       0.00       0.00       1.38       0.54
      5009      52.22     -49.93       1.53       0.00       0.00       0.00       1.42       0.54
      5274      52.35     -49.62       1.65       0.00       0.00       0.00       1.38       0.54
      5711      53.36     -51.13       1.48       0.00       0.00       0.00       1.38       0.54
--------------------------------------------------------------------------------
Best docking solution after GA:
      6000      53.36     -51.13       1.48       0.00       0.00       0.00       1.38       0.54

#ops:       6000 #mutates:   3036 #cross:     2964 #dups:      1870 
#niche:     2599 #errors:      40 
--------------------------------------------------------------------------------

Doing AMOEBA simplex on best individual
Done simplexing #iterations 774, best score  60.01

Ligand is stored in gold_soln_4bvn_m1_4.mol2


--------------------------------------------------------------------------------
--- CHEMPLP breakdown of terms                                               ---
--------------------------------------------------------------------------------
CHEMPLP = - ( 1.0000*S(PLP) + -3.0000*S(hbond) + -6.0000*S(metal) + -3.0000*S(cho) )

Score = CHEMPLP - 1.0000*DE(clash) - 2.0000*DE(tors)

Internal energy term has been corrected with the best internal energy encountered.

--------------------------------------------------------------------------------


     Score     S(PLP)   S(hbond)     S(cho)   S(metal)  DE(clash)   DE(tors)     intcor
     60.01     -56.42       1.99       0.00       0.00       0.00       1.46       0.54

--------------------------------------------------------------------------------
--- PLP analysis of protein-ligand interactions                              ---
--------------------------------------------------------------------------------
hydrogen bonding        :      -2.00
metal                   :       0.00
buried (polar-nonpolar) :      -5.72
nonpolar                :     -48.24
repulsive               :       0.40
--------------------------------------------------------------------------------


--------------------------------------------------------------------------------
--- ChemScore analysis of protein-ligand interactions                        ---
--------------------------------------------------------------------------------

* Hydrogen bonds                                                                
Ligand donor    5 hydrogen   24 Protein acceptor 2066 bond energy  1.00 wt 1.00
Ligand donor    6 hydrogen   25 Protein acceptor 2066 bond energy  1.00 wt 0.99


* CH..O interactions                                                            
  CH group selection                       : activated ring CH (adjacent to hetatom)

--------------------------------------------------------------------------------


--------------------------------------------------------------------------------
--- Intra-ligand clashes                                                     ---
--------------------------------------------------------------------------------

Ligand
--------------------------------------------------------------------------------


--------------------------------------------------------------------------------
--- Chromosome decoded                                                       ---
--------------------------------------------------------------------------------
Ligand Torsions
[   8   21    1    4]   86.95
[  10    9    3   14]   21.46    matched torsion: ortho-substituoed aromatic-aliphatic ether
[   9    3   14   15] -129.83
[  18   17    5   16] -173.72
[  17    5   16   15]  172.24
[  25    6   15   14]   86.60
[   3   14   15    6]   51.02
[   5   16   15    6]   -7.50
Mapping
Ligand acceptors to protein hydrogens (mapping then atom ids)
Ligand hydrogens to protein acceptors (mapping then atom ids)
  1   3 [ 24->2066]
Ligand shape atoms to protein points (mapping then atom ids & coords)
  2  4631 [ 10->(-23.500   7.000  17.000)]
  3  2157 [ 11->(-24.250   4.500  17.500)]
  4  2757 [ 12->(-24.000   3.500  15.750)]
  6  3084 [ 15->(-24.000   8.500  16.250)]
  7  6277 [ 16->(-23.000  10.500  18.500)]
  9  3969 [ 19->(-23.750   9.750  22.000)]
Chromosome values
Integers:
  -1   -1   -1   -1    2   -1   -1 4630 2156 2756   -1 3083 
6276   -1 3968   -1 
--------------------------------------------------------------------------------

Current Ranking  4  3  2  1

Top  3 (of  4) solutions are within 1.000 RMSD, finishing docking C:/Users/student/Desktop/project/beta1/ligandy/4bvn.mol2.


--------------------------------------------------------------------------------

* GA execution time :                                                           
  total  0.0004 user  0.0004 sys  0.0000

--------------------------------------------------------------------------------
Fitness function evaluations: 12694

--------------------------------------------------------------------------------
--- Ranking analysis                                                         ---
--------------------------------------------------------------------------------


* Final ranked order of GA solutions:                                           
   4  3  2  1 

  _______________________________
  RMSD Matrix of RANKED solutions

        2    3    4  

   1 :  1.0  0.5  2.9
   2 :       1.0  3.0
   3 :            3.1

  Clustering method                        : complete linkage
  Structure ids in cluster table           : rank nos.
  Ordering of clusters and their members   : by rank (order if from rms_analysis)

  Distance | Clusters
   0.50    |  1  3 |  2 |  4 |
   0.99    |  1  2  3 |  4 |
   3.12    |  1  2  3  4 |
  Finished Docking Ligand                  : C:/Users/student/Desktop/project/beta1/ligandy/4bvn.mol2
--------------------------------------------------------------------------------

  Relative_Ligand_Energy (best encountered) :   0.541
  Relative_Ligand_Energy: fitness values have been corrected using this amount
