
--------------------------------------------------------------------------------
--- Ligand                                                                   ---
--------------------------------------------------------------------------------
  Ligand loaded from file                  : E:/Projekt modelowanie/beta2/ligandy/4ldl.mol2
  Ligand name                              :  
  "C:\Users\porto\OneDrive\projekt\beta2\ligandy\L_4ldl.pdb L_4ldl.pdb 1    "

--------------------------------------------------------------------------------
  N.plc donors                             : 
  none found

  Acidic nitrogen acceptors                : 
  none found
  Sulfur acceptors                         :
  none found


  Donor atoms                              :      5
  19  20  21  22  23  
  Acceptor atoms                           :      5
  19  20  21  22  23  

  Hydrogens                                :  (n = 5)
  42   43   44   45   46   

  Lone pairs added to molecule             :      9
  Numbering                                : from 47 to 55

* Rotatable bonds in E:/Projekt modelowan  :  none found

--------------------------------------------------------------------------------
--- Shape fitting atoms selection (hydrophobic atoms)                        ---
--------------------------------------------------------------------------------
  Molecule                                 : E:/Projekt modelowanie/beta2/ligandy/4ldl.mol2
  Selection                                : carbons only
  Atom numbers                             :  (n = 12)
  1    3    4    6    7    9    10   11   12   14   
  15   18   


--------------------------------------------------------------------------------
--- ChemScore ligand setup summary                                           ---
--------------------------------------------------------------------------------
  ChemScore ligand acceptors               :      5
  19 20 21 22 23 
  ChemScore ligand donors                  :      5
  19 ( 42  ) 20 ( 43  ) 21 ( 44  ) 22 ( 45  ) 23 ( 46  ) 
  ChemScore ligand CH donors               :      0
  

  ChemScore ligand lipophilic atoms        :  (n = 18)
  1    2    3    4    5    6    7    8    9    10   
  11   12   13   14   15   16   17   18   

  ChemScore ligand rotatable bonds         :      0

--------------------------------------------------------------------------------
--- PLP ligand setup summary                                                 ---
--------------------------------------------------------------------------------
    1   CAA   C.3 NONPOLAR
    2   CAB   C.3 NONPOLAR
    3   CAC   C.3 NONPOLAR
    4   CAD   C.3 NONPOLAR
    5   CAE  C.ar NONPOLAR
    6   CAF  C.ar NONPOLAR
    7   CAG  C.ar NONPOLAR
    8   CAH  C.ar NONPOLAR
    9   CAJ  C.ar NONPOLAR
   10   CAK  C.ar NONPOLAR
   11   CAM   C.3 NONPOLAR
   12   CAN   C.3 NONPOLAR
   13   CAP  C.ar NONPOLAR
   14   CAQ  C.ar NONPOLAR
   15   CAR  C.ar NONPOLAR
   16   CAS  C.ar NONPOLAR
   17   CAU  C.ar NONPOLAR
   18   CAW  C.ar NONPOLAR
   19   NAL   N.3 DONACC
   20   OAI   O.3 DONACC
   21   OAO   O.3 DONACC
   22   OAT   O.3 DONACC
   23   OAV   O.3 DONACC

--------------------------------------------------------------------------------
--- Automatic parameter setting                                              ---
--------------------------------------------------------------------------------
  Contribution base                        :   2500
  Contribution per rotatable bond          :   6000
  Contribution per df                      :   4000
  Contribution per water                   :  10000
  Ligand rotatable bonds                   :      0
  Protein flexible side chain bonds        :      0
  Total rotatable bonds                    :      0
  Hydrophobic vol ratio (P/L)              :   0.934
  Base multiplier (polar)                  :   2.000
  Base multiplier (apolar)                 :   2.242
  Base contribution                        : 10000.000
  Fitting points                           :     10
  Estimated maxops needed (optimal)        :  10500

--------------------------------------------------------------------------------

* Population settings                                                           
  maxops                                   :  10500
  popsiz                                   :    100
  select_pressure                          :   1.100
  n_islands                                :      1
  niche_siz                                :      2

* GA settings                                                                   
  pt_crosswt                               :     95
  allele_mutatewt                          :     95
  migratewt                                :     10

* Search settings                                                               
  start_vdw_linear_cutoff                  :   4.000
  initial_virtual_pt_match_max             :   3.000

--------------------------------------------------------------------------------

* Ligand initialisation time :                                                  
  total  0.0000 user  0.0000 sys  0.0000

--------------------------------------------------------------------------------

--------------------------------------------------------------------------------
** Docking run number  1 **
--------------------------------------------------------------------------------
  Rank fitness base is 5000.00 ; increment is 11.2233

* Initialising population(s) ...                                                
Number of constraints mappings 0
Number of constraints 0
  Population no.                           :      1
  Population size                          :    100
  Number of duplicates                     :      0
  Number of niche violations               :      2
  Number of errors                         :     11


Doing GA, no. of population(s) 1 size 100 selection pressure 1.100000

 Operation      Score     S(PLP)   S(hbond)     S(cho)   S(metal)  DE(clash)   DE(tors)     intcor
         0      49.02     -49.02       0.00       0.00       0.00       0.00       0.00       0.00
       309      50.30     -50.30       0.00       0.00       0.00       0.00       0.00       0.00
       328      56.40     -56.24       0.05       0.00       0.00       0.00       0.00       0.00
       426      56.66     -56.66       0.00       0.00       0.00       0.00       0.00       0.00
       511      56.80     -56.70       0.03       0.00       0.00       0.00       0.00       0.00
       527      57.17     -57.17       0.00       0.00       0.00       0.00       0.00       0.00
       622      57.86     -57.67       0.07       0.00       0.00       0.00       0.00       0.00
       629      59.54     -59.54       0.00       0.00       0.00       0.00       0.00       0.00
       634      60.05     -60.05       0.00       0.00       0.00       0.00       0.00       0.00
       807      60.12     -60.12       0.00       0.00       0.00       0.00       0.00       0.00
      1021      60.40     -60.40       0.00       0.00       0.00       0.00       0.00       0.00
      1028      61.11     -61.11       0.00       0.00       0.00       0.00       0.00       0.00
      1293      61.14     -61.14       0.00       0.00       0.00       0.00       0.00       0.00
      1629      61.19     -61.19       0.00       0.00       0.00       0.00       0.00       0.00
      2007      61.30     -61.27       0.01       0.00       0.00       0.00       0.00       0.00
      2158      61.35     -61.29       0.02       0.00       0.00       0.00       0.00       0.00
      2467      61.36     -61.29       0.02       0.00       0.00       0.00       0.00       0.00
      2639      61.40     -61.37       0.01       0.00       0.00       0.00       0.00       0.00
      3287      61.60     -61.56       0.01       0.00       0.00       0.00       0.00       0.00
      4256      61.61     -61.58       0.01       0.00       0.00       0.00       0.00       0.00
      8888      61.66     -61.62       0.01       0.00       0.00       0.00       0.00       0.00
     10125      61.67     -61.63       0.01       0.00       0.00       0.00       0.00       0.00
--------------------------------------------------------------------------------
Best docking solution after GA:
     10500      61.67     -61.63       0.01       0.00       0.00       0.00       0.00       0.00

#ops:      10500 #mutates:   4937 #cross:     5037 #migrate:    526 
#dups:      7479 #niche:     6221 #errors:      21 
--------------------------------------------------------------------------------

Doing AMOEBA simplex on best individual
Done simplexing #iterations 166, best score  62.07

Ligand is stored in gold_soln_4ldl_m1_1.mol2


--------------------------------------------------------------------------------
--- CHEMPLP breakdown of terms                                               ---
--------------------------------------------------------------------------------
CHEMPLP = - ( 1.0000*S(PLP) + -3.0000*S(hbond) + -6.0000*S(metal) + -3.0000*S(cho) )

Score = CHEMPLP - 1.0000*DE(clash) - 2.0000*DE(tors)

Internal energy term has been corrected with the best internal energy encountered.

--------------------------------------------------------------------------------


     Score     S(PLP)   S(hbond)     S(cho)   S(metal)  DE(clash)   DE(tors)     intcor
     62.07     -62.01       0.02       0.00       0.00       0.00       0.00       0.00

--------------------------------------------------------------------------------
--- PLP analysis of protein-ligand interactions                              ---
--------------------------------------------------------------------------------
hydrogen bonding        :      -2.24
metal                   :       0.00
buried (polar-nonpolar) :      -5.84
nonpolar                :     -54.62
repulsive               :       0.00
--------------------------------------------------------------------------------


--------------------------------------------------------------------------------
--- ChemScore analysis of protein-ligand interactions                        ---
--------------------------------------------------------------------------------

* Hydrogen bonds                                                                
Ligand donor   19 hydrogen   42 Protein acceptor 1335 bond energy  1.00 wt 0.02


* CH..O interactions                                                            
  CH group selection                       : activated ring CH (adjacent to hetatom)

--------------------------------------------------------------------------------


--------------------------------------------------------------------------------
--- Intra-ligand clashes                                                     ---
--------------------------------------------------------------------------------

Ligand
--------------------------------------------------------------------------------


--------------------------------------------------------------------------------
--- Chromosome decoded                                                       ---
--------------------------------------------------------------------------------
Protein Torsions
[4175 4166 4165 4163] -175.21 
[1294 1290 1288 1285] -149.84 
[4033 4024 4023 4021]   23.70 
[1412 1408 1406 1403]  109.29 
[2830 2825 2824 2821]  -47.74 
[2723 2714 2713 2711]  110.62 
[2773 2768 2767 2764] -106.50 
Mapping
Ligand acceptors to protein hydrogens (mapping then atom ids)
  1   1 [ 19->4175]
Ligand hydrogens to protein acceptors (mapping then atom ids)
  1   5 [ 42->1334]
Ligand shape atoms to protein points (mapping then atom ids & coords)
  1  2746 [  1->(-33.000   7.000   5.500)]
  2  2996 [  3->(-32.500   6.500   7.250)]
  3  2628 [  4->(-33.250   7.000   7.750)]
  4  2256 [  6->(-33.750   5.750   6.500)]
  7  2405 [ 10->(-33.500   5.250  11.000)]
  8  4166 [ 11->(-30.500   8.250   7.250)]
  9  3841 [ 12->(-31.250   8.750   6.750)]
 10  4154 [ 14->(-30.750  12.000   7.000)]
 11  4435 [ 15->(-29.750  11.500   6.250)]
 12  4461 [ 18->(-29.500  10.250   7.000)]
Chromosome values
Integers:
   0   -1   -1   -1   -1    4   -1   -1   -1   -1 2745 2995 
2627 2255   -1   -1 2404 4165 3840 4153 4434 4460 
--------------------------------------------------------------------------------

Current Ranking  1

--------------------------------------------------------------------------------

* GA execution time :                                                           
  total  0.9997 user  0.9997 sys  0.0000

--------------------------------------------------------------------------------
Fitness function evaluations: 17563

--------------------------------------------------------------------------------
** Docking run number  2 **
--------------------------------------------------------------------------------
  Rank fitness base is 5000.00 ; increment is 11.2233

* Initialising population(s) ...                                                
Number of constraints mappings 0
Number of constraints 0
  Population no.                           :      1
  Population size                          :    100
  Number of duplicates                     :      0
  Number of niche violations               :      2
  Number of errors                         :     12


Doing GA, no. of population(s) 1 size 100 selection pressure 1.100000

 Operation      Score     S(PLP)   S(hbond)     S(cho)   S(metal)  DE(clash)   DE(tors)     intcor
         0      48.84     -48.84       0.00       0.00       0.00       0.00       0.00       0.00
        59      52.29     -52.29       0.00       0.00       0.00       0.00       0.00       0.00
       209      53.66     -53.66       0.00       0.00       0.00       0.00       0.00       0.00
       242      55.09     -55.09       0.00       0.00       0.00       0.00       0.00       0.00
       312      55.79     -55.79       0.00       0.00       0.00       0.00       0.00       0.00
       344      56.50     -56.50       0.00       0.00       0.00       0.00       0.00       0.00
       420      60.23     -60.17       0.02       0.00       0.00       0.00       0.00       0.00
       717      63.11     -58.92       1.40       0.00       0.00       0.00       0.00       0.00
      1200      63.53     -59.94       1.20       0.00       0.00       0.00       0.00       0.00
      1296      63.98     -60.17       1.27       0.00       0.00       0.00       0.00       0.00
      1365      64.42     -60.17       1.42       0.00       0.00       0.00       0.00       0.00
      1603      64.56     -60.17       1.47       0.00       0.00       0.00       0.00       0.00
      1614      64.77     -60.17       1.53       0.00       0.00       0.00       0.00       0.00
      1776      64.92     -60.67       1.41       0.00       0.00       0.00       0.00       0.00
      2859      64.96     -60.67       1.43       0.00       0.00       0.00       0.00       0.00
      3664      65.11     -60.67       1.48       0.00       0.00       0.00       0.00       0.00
      3725      65.12     -60.49       1.54       0.00       0.00       0.00       0.00       0.00
      3835      65.17     -60.67       1.50       0.00       0.00       0.00       0.00       0.00
      5340      65.53     -60.99       1.51       0.00       0.00       0.00       0.00       0.00
      5387      65.54     -60.99       1.52       0.00       0.00       0.00       0.00       0.00
      6131      65.59     -60.99       1.53       0.00       0.00       0.00       0.00       0.00
--------------------------------------------------------------------------------
Best docking solution after GA:
     10500      65.59     -60.99       1.53       0.00       0.00       0.00       0.00       0.00

#ops:      10500 #mutates:   4909 #cross:     5084 #migrate:    507 
#dups:      7564 #niche:     5435 #errors:      18 
--------------------------------------------------------------------------------

Doing AMOEBA simplex on best individual
Done simplexing #iterations 172, best score  65.59

Ligand is stored in gold_soln_4ldl_m1_2.mol2


--------------------------------------------------------------------------------
--- CHEMPLP breakdown of terms                                               ---
--------------------------------------------------------------------------------
CHEMPLP = - ( 1.0000*S(PLP) + -3.0000*S(hbond) + -6.0000*S(metal) + -3.0000*S(cho) )

Score = CHEMPLP - 1.0000*DE(clash) - 2.0000*DE(tors)

Internal energy term has been corrected with the best internal energy encountered.

--------------------------------------------------------------------------------


     Score     S(PLP)   S(hbond)     S(cho)   S(metal)  DE(clash)   DE(tors)     intcor
     65.59     -60.99       1.53       0.00       0.00       0.00       0.00       0.00

--------------------------------------------------------------------------------
--- PLP analysis of protein-ligand interactions                              ---
--------------------------------------------------------------------------------
hydrogen bonding        :      -4.81
metal                   :       0.00
buried (polar-nonpolar) :      -5.58
nonpolar                :     -51.10
repulsive               :       0.00
--------------------------------------------------------------------------------


--------------------------------------------------------------------------------
--- ChemScore analysis of protein-ligand interactions                        ---
--------------------------------------------------------------------------------

* Hydrogen bonds                                                                
Protein donor 2825 hydrogen 2830 Ligand acceptor   22 bond energy  1.00 wt 0.69
Protein donor 2768 hydrogen 2773 Ligand acceptor   23 bond energy  1.00 wt 0.84


* CH..O interactions                                                            
  CH group selection                       : activated ring CH (adjacent to hetatom)

--------------------------------------------------------------------------------


--------------------------------------------------------------------------------
--- Intra-ligand clashes                                                     ---
--------------------------------------------------------------------------------

Ligand
--------------------------------------------------------------------------------


--------------------------------------------------------------------------------
--- Chromosome decoded                                                       ---
--------------------------------------------------------------------------------
Protein Torsions
[4175 4166 4165 4163]  120.96 
[1294 1290 1288 1285] -167.33 
[4033 4024 4023 4021]    2.79 
[1412 1408 1406 1403] -130.77 
[2830 2825 2824 2821]  160.33 
[2723 2714 2713 2711]   90.02 
[2773 2768 2767 2764] -122.34 
Mapping
Ligand acceptors to protein hydrogens (mapping then atom ids)
Ligand hydrogens to protein acceptors (mapping then atom ids)
  1   5 [ 42->1334]
Ligand shape atoms to protein points (mapping then atom ids & coords)
  3  2556 [  4->(-33.250   5.750   6.250)]
  6  1974 [  9->(-34.000   3.500   9.500)]
  7  1406 [ 10->(-35.000   5.250   9.500)]
  9  4148 [ 12->(-30.750  11.750   7.250)]
 11  5299 [ 15->(-26.750  12.000   5.000)]
Chromosome values
Integers:
  -1   -1   -1   -1   -1    4   -1   -1   -1   -1   -1   -1 
2555   -1   -1 1973 1405   -1 4147   -1 5298   -1 
--------------------------------------------------------------------------------

Current Ranking  2  1

--------------------------------------------------------------------------------

* GA execution time :                                                           
  total  0.9997 user  0.9997 sys  0.0000

--------------------------------------------------------------------------------
Fitness function evaluations: 17570

--------------------------------------------------------------------------------
** Docking run number  3 **
--------------------------------------------------------------------------------
  Rank fitness base is 5000.00 ; increment is 11.2233

* Initialising population(s) ...                                                
Number of constraints mappings 0
Number of constraints 0
  Population no.                           :      1
  Population size                          :    100
  Number of duplicates                     :      0
  Number of niche violations               :      2
  Number of errors                         :      8


Doing GA, no. of population(s) 1 size 100 selection pressure 1.100000

 Operation      Score     S(PLP)   S(hbond)     S(cho)   S(metal)  DE(clash)   DE(tors)     intcor
         0      51.63     -51.63       0.00       0.00       0.00       0.00       0.00       0.00
       106      55.04     -55.04       0.00       0.00       0.00       0.00       0.00       0.00
       346      55.08     -55.08       0.00       0.00       0.00       0.00       0.00       0.00
       457      55.36     -55.36       0.00       0.00       0.00       0.00       0.00       0.00
       458      57.79     -57.76       0.01       0.00       0.00       0.00       0.00       0.00
       555      59.63     -59.63       0.00       0.00       0.00       0.00       0.00       0.00
       648      59.75     -59.58       0.06       0.00       0.00       0.00       0.00       0.00
       696      60.37     -60.37       0.00       0.00       0.00       0.00       0.00       0.00
       774      61.21     -61.05       0.06       0.00       0.00       0.00       0.00       0.00
      1883      61.39     -61.21       0.06       0.00       0.00       0.00       0.00       0.00
      2000      61.50     -61.32       0.06       0.00       0.00       0.00       0.00       0.00
      3157      61.58     -61.57       0.00       0.00       0.00       0.00       0.00       0.00
      4766      61.61     -61.53       0.03       0.00       0.00       0.00       0.00       0.00
--------------------------------------------------------------------------------
Best docking solution after GA:
     10500      61.61     -61.53       0.03       0.00       0.00       0.00       0.00       0.00

#ops:      10500 #mutates:   5002 #cross:     4994 #migrate:    504 
#dups:      7151 #niche:     5822 #errors:      13 
--------------------------------------------------------------------------------

Doing AMOEBA simplex on best individual
Done simplexing #iterations 269, best score  62.11

Ligand is stored in gold_soln_4ldl_m1_3.mol2


--------------------------------------------------------------------------------
--- CHEMPLP breakdown of terms                                               ---
--------------------------------------------------------------------------------
CHEMPLP = - ( 1.0000*S(PLP) + -3.0000*S(hbond) + -6.0000*S(metal) + -3.0000*S(cho) )

Score = CHEMPLP - 1.0000*DE(clash) - 2.0000*DE(tors)

Internal energy term has been corrected with the best internal energy encountered.

--------------------------------------------------------------------------------


     Score     S(PLP)   S(hbond)     S(cho)   S(metal)  DE(clash)   DE(tors)     intcor
     62.11     -62.05       0.02       0.00       0.00       0.00       0.00       0.00

--------------------------------------------------------------------------------
--- PLP analysis of protein-ligand interactions                              ---
--------------------------------------------------------------------------------
hydrogen bonding        :      -2.00
metal                   :       0.00
buried (polar-nonpolar) :      -6.24
nonpolar                :     -54.69
repulsive               :       0.00
--------------------------------------------------------------------------------


--------------------------------------------------------------------------------
--- ChemScore analysis of protein-ligand interactions                        ---
--------------------------------------------------------------------------------

* Hydrogen bonds                                                                
Ligand donor   19 hydrogen   42 Protein acceptor 1335 bond energy  1.00 wt 0.02


* CH..O interactions                                                            
  CH group selection                       : activated ring CH (adjacent to hetatom)

--------------------------------------------------------------------------------


--------------------------------------------------------------------------------
--- Intra-ligand clashes                                                     ---
--------------------------------------------------------------------------------

Ligand
--------------------------------------------------------------------------------


--------------------------------------------------------------------------------
--- Chromosome decoded                                                       ---
--------------------------------------------------------------------------------
Protein Torsions
[4175 4166 4165 4163]  -96.15 
[1294 1290 1288 1285]   56.52 
[4033 4024 4023 4021]    4.47 
[1412 1408 1406 1403] -156.78 
[2830 2825 2824 2821]  -86.18 
[2723 2714 2713 2711]    7.86 
[2773 2768 2767 2764] -129.11 
Mapping
Ligand acceptors to protein hydrogens (mapping then atom ids)
Ligand hydrogens to protein acceptors (mapping then atom ids)
  1   2 [ 42->1335]
Ligand shape atoms to protein points (mapping then atom ids & coords)
  1  2494 [  1->(-33.500   7.250   5.750)]
  2  2693 [  3->(-33.000   5.750   8.750)]
  4  2549 [  6->(-33.250   5.500   7.750)]
  6  1336 [  9->(-35.000   3.500   9.750)]
  7  2534 [ 10->(-33.250   5.000   9.000)]
  9  4420 [ 12->(-29.750  10.500   7.250)]
 12  4267 [ 18->(-30.250   9.500   7.000)]
Chromosome values
Integers:
  -1   -1   -1   -1   -1    1   -1   -1   -1   -1 2493 2692 
  -1 2548   -1 1335 2533   -1 4419   -1   -1 4266 
--------------------------------------------------------------------------------

Current Ranking  2  3  1

Top  3 (of  3) solutions are within 1.000 RMSD, finishing docking E:/Projekt modelowanie/beta2/ligandy/4ldl.mol2.


--------------------------------------------------------------------------------

* GA execution time :                                                           
  total  0.9997 user  0.9997 sys  0.0000

--------------------------------------------------------------------------------
Fitness function evaluations: 17796

--------------------------------------------------------------------------------
--- Ranking analysis                                                         ---
--------------------------------------------------------------------------------


* Final ranked order of GA solutions:                                           
   2  3  1 

  _______________________________
  RMSD Matrix of RANKED solutions

        2    3  

   1 :  1.0  1.0
   2 :       0.1

  Clustering method                        : complete linkage
  Structure ids in cluster table           : rank nos.
  Ordering of clusters and their members   : by rank (order if from rms_analysis)

  Distance | Clusters
   0.07    |  1 |  2  3 |
   0.99    |  1  2  3 |
  Finished Docking Ligand                  : E:/Projekt modelowanie/beta2/ligandy/4ldl.mol2
--------------------------------------------------------------------------------

  Relative_Ligand_Energy (best encountered) :   0.000
  Relative_Ligand_Energy: fitness values have been corrected using this amount
