
--------------------------------------------------------------------------------
--- Ligand                                                                   ---
--------------------------------------------------------------------------------
  Ligand loaded from file                  : C:/Users/student/Desktop/Dokowanko/Dokowanko/beta2/ligandy/3ny8.mol2
  Ligand name                              :  
  "C:\Users\porto\OneDrive\projekt\beta2\ligandy\L_3ny8.pdb L_3ny8.pdb 1    "

--------------------------------------------------------------------------------
  N.plc donors                             : 
  none found

  Acidic nitrogen acceptors                : 
  none found
  Sulfur acceptors                         :
  none found


  Donor atoms                              :      2
  2   5   
  Acceptor atoms                           :      3
  2   3   5   

  Hydrogens                                :  (n = 2)
  23   26   

  Lone pairs added to molecule             :      5
  Numbering                                : from 48 to 52

--------------------------------------------------------------------------------
--- Postprocessing of typing                                                 ---
--------------------------------------------------------------------------------
  Fragment file                            : C:\Program Files (x86)\CCDC/GoldSuite_2017\GOLD\gold\rotatable_bond_override.mol2
  acylurea fragment                        : no matches
  thioacylthiourea fragment                : no matches
  acylthiourea fragment                    : no matches
  thioacylurea fragment                    : no matches
  diarylamine fragment >C.ar-NH-C.ar<      : no matches
  sec-amine (1) fragment                   : no matches
  sec-amine (2) fragment                   : no matches
  sec-amine (3) fragment                   : no matches
  carboxylic ester                         : no matches

* Rotatable bonds in C:/Users/student/Des  :
  [   2   16] [   2   18] [   3   13] [   3   14] 
  [   5   15] [  14   15] [  15   16] 
  No. of rotatable bonds                   :      7


* Fragments found in C:/Users/student/Des  :
  atom   7: benzene
  atom   8: benzene
  atom   9: benzene
  atom  11: benzene
  atom  12: benzene
  atom  13: benzene


* Checking torsion distributions:                                               
  Rotatable bond [12 13  3 14] matches torsion: ortho-substituoed aromatic-aliphatic ether
   C.ar ( 1H ) | C.ar ( C.ar ( 0H ) ) | O.3 | C.3 ( 2H ) 
  No. of matched torsions                  :      1

--------------------------------------------------------------------------------
--- Shape fitting atoms selection (hydrophobic atoms)                        ---
--------------------------------------------------------------------------------
  Molecule                                 : C:/Users/student/Desktop/Dokowanko/Dokowanko/beta2/ligandy/3ny8.mol2
  Selection                                : carbons only
  Atom numbers                             :  (n = 13)
  1    4    6    10   11   12   14   15   16   17   
  18   19   20   


--------------------------------------------------------------------------------
--- ChemScore ligand setup summary                                           ---
--------------------------------------------------------------------------------
  ChemScore ligand acceptors               :      3
  2 3 5 
  ChemScore ligand donors                  :      2
  2 ( 23  ) 5 ( 26  ) 
  ChemScore ligand CH donors               :      0
  

  ChemScore ligand lipophilic atoms        :  (n = 17)
  1    4    6    7    8    9    10   11   12   13   
  14   15   16   17   18   19   20   

  ChemScore ligand rotatable bonds         :      7
  2   (N1 ) - 16  (C13): SP3_SP3_BOND
  2   (N1 ) - 18  (C15): SP3_SP3_BOND
  3   (O1 ) - 13  (C10): SP3_SP2_BOND
  3   (O1 ) - 14  (C11): SP3_SP3_BOND
  5   (O2 ) - 15  (C12): SP3_SP3_BOND
  14  (C11) - 15  (C12): SP3_SP3_BOND
  15  (C12) - 16  (C13): SP3_SP3_BOND

--------------------------------------------------------------------------------
--- PLP ligand setup summary                                                 ---
--------------------------------------------------------------------------------
    1    C1   C.3 NONPOLAR
    2    N1   N.3 DONACC
    3    O1   O.3 ACCEPTOR
    4    C2   C.3 NONPOLAR
    5    O2   O.3 DONACC
    6    C3   C.3 NONPOLAR
    7    C4  C.ar NONPOLAR
    8    C5  C.ar NONPOLAR
    9    C6  C.ar NONPOLAR
   10    C7   C.3 NONPOLAR
   11    C8  C.ar NONPOLAR
   12    C9  C.ar NONPOLAR
   13   C10  C.ar NONPOLAR
   14   C11   C.3 NONPOLAR
   15   C12   C.3 NONPOLAR
   16   C13   C.3 NONPOLAR
   17   C14   C.3 NONPOLAR
   18   C15   C.3 NONPOLAR
   19   C16   C.3 NONPOLAR
   20   C17   C.3 NONPOLAR

--------------------------------------------------------------------------------
--- Automatic parameter setting                                              ---
--------------------------------------------------------------------------------
  Contribution base                        :   2500
  Contribution per rotatable bond          :   6000
  Contribution per df                      :   4000
  Contribution per water                   :  10000
  Ligand rotatable bonds                   :      7
  Protein flexible side chain bonds        :      0
  Total rotatable bonds                    :      7
  Hydrophobic vol ratio (P/L)              :   0.862
  Base multiplier (polar)                  :   1.000
  Base multiplier (apolar)                 :   2.242
  Base contribution                        : 7500.000
  Fitting points                           :      5
  Estimated maxops needed (optimal)        :  50000
  Autoscale factor (in percent)            :    200
  Scaled maxops                            : 100250

--------------------------------------------------------------------------------

* Population settings                                                           
  maxops                                   : 100250
  popsiz                                   :    100
  select_pressure                          :   1.100
  n_islands                                :      5
  niche_siz                                :      2

* GA settings                                                                   
  pt_crosswt                               :     95
  allele_mutatewt                          :     95
  migratewt                                :     10

* Search settings                                                               
  start_vdw_linear_cutoff                  :   4.000
  initial_virtual_pt_match_max             :   3.000

--------------------------------------------------------------------------------

* Ligand initialisation time :                                                  
  total  0.0000 user  0.0000 sys  0.0000

--------------------------------------------------------------------------------

--------------------------------------------------------------------------------
** Docking run number  1 **
--------------------------------------------------------------------------------
  Rank fitness base is 5000.00 ; increment is 11.2233

* Initialising population(s) ...                                                
Number of constraints mappings 0
Number of constraints 0
  Population no.                           :      1
  Population size                          :    100
  Number of duplicates                     :      0
  Number of niche violations               :      0
  Number of errors                         :      1

Number of constraints mappings 0
Number of constraints 0
  Population no.                           :      2
  Population size                          :    100
  Number of duplicates                     :      0
  Number of niche violations               :      0
  Number of errors                         :      2

Number of constraints mappings 0
Number of constraints 0
  Population no.                           :      3
  Population size                          :    100
  Number of duplicates                     :      0
  Number of niche violations               :      0
  Number of errors                         :      1

Number of constraints mappings 0
Number of constraints 0
  Population no.                           :      4
  Population size                          :    100
  Number of duplicates                     :      0
  Number of niche violations               :      0
  Number of errors                         :      1

Number of constraints mappings 0
Number of constraints 0
  Population no.                           :      5
  Population size                          :    100
  Number of duplicates                     :      0
  Number of niche violations               :      0
  Number of errors                         :      1


Doing GA, no. of population(s) 5 size 100 selection pressure 1.100000

 Operation      Score     S(PLP)   S(hbond)     S(cho)   S(metal)  DE(clash)   DE(tors)     intcor
         0      31.08     -31.52       0.64       0.00       0.00       0.00       1.49       0.62
       535      32.71     -36.16       0.28       0.00       0.00       0.99       1.97       0.62
       950      37.31     -43.56       0.00       0.00       0.00       3.11       1.88       0.60
      2669      37.63     -41.06       0.00       0.00       0.00       0.37       1.83       0.60
      2710      48.73     -56.14       0.00       0.00       0.00       3.79       2.11       0.60
      3820      49.36     -56.77       0.00       0.00       0.00       3.79       2.11       0.60
      5145      49.81     -57.00       0.00       0.00       0.00       3.79       2.00       0.60
      7238      49.82     -56.81       0.85       0.00       0.00       6.35       1.89       0.60
      7335      50.33     -57.52       0.00       0.00       0.00       3.79       2.00       0.60
      7471      52.91     -56.09       1.00       0.00       0.00       2.94       1.92       0.60
      7526      54.73     -57.91       1.00       0.00       0.00       2.94       1.92       0.60
      8086      59.45     -59.14       1.00       0.00       0.00       0.00       1.64       0.60
      9996      60.16     -59.91       1.00       0.00       0.00       0.00       1.67       0.60
     10251      60.21     -59.96       1.00       0.00       0.00       0.00       1.67       0.60
     11146      60.40     -60.14       1.00       0.00       0.00       0.00       1.67       0.60
     11186      60.61     -60.36       1.00       0.00       0.00       0.00       1.67       0.60
     11596      60.98     -60.73       1.00       0.00       0.00       0.00       1.67       0.60
     13226      61.43     -61.28       1.00       0.00       0.00       0.00       1.73       0.60
     14896      61.55     -61.13       1.00       0.00       0.00       0.00       1.59       0.60
     16146      61.56     -61.42       1.00       0.00       0.00       0.00       1.73       0.60
     16361      61.87     -61.56       1.00       0.00       0.00       0.00       1.64       0.60
     18906      61.87     -61.51       1.00       0.00       0.00       0.00       1.62       0.60
     19075      64.40     -61.22       2.00       0.00       0.00       0.00       1.71       0.60
     20006      64.87     -61.56       2.00       0.00       0.00       0.00       1.64       0.60
     21067      64.94     -61.46       1.98       0.00       0.00       0.00       1.52       0.60
     24507      65.07     -61.54       1.99       0.00       0.00       0.00       1.52       0.60
     26899      65.17     -61.88       1.91       0.00       0.00       0.00       1.52       0.60
     27756      65.21     -61.82       1.98       0.00       0.00       0.00       1.57       0.60
     29705      65.27     -61.73       2.00       0.00       0.00       0.00       1.53       0.60
     30456      65.33     -61.90       1.98       0.00       0.00       0.00       1.55       0.60
     31136      65.35     -61.86       2.00       0.00       0.00       0.00       1.56       0.60
     31657      65.39     -62.00       1.98       0.00       0.00       0.00       1.57       0.60
     32338      65.46     -62.17       1.94       0.00       0.00       0.00       1.57       0.60
     33731      65.52     -62.58       1.80       0.00       0.00       0.00       1.53       0.60
     34905      65.59     -62.18       1.96       0.00       0.00       0.00       1.53       0.60
     35223      65.71     -62.28       1.98       0.00       0.00       0.00       1.56       0.60
     37646      65.71     -62.57       1.85       0.00       0.00       0.00       1.50       0.60
     39255      65.72     -62.29       2.00       0.00       0.00       0.00       1.58       0.60
     40427      65.76     -62.52       1.88       0.00       0.00       0.00       1.50       0.60
     43026      65.80     -62.43       1.93       0.00       0.00       0.00       1.51       0.60
     43466      65.80     -61.88       2.00       0.00       0.00       0.00       1.34       0.60
     46866      65.83     -62.35       1.91       0.00       0.00       0.00       1.43       0.60
     47221      65.98     -62.40       1.94       0.00       0.00       0.00       1.43       0.60
     48491      66.07     -62.22       1.98       0.00       0.00       0.00       1.34       0.60
     54313      66.08     -62.46       1.99       0.00       0.00       0.00       1.48       0.60
     62935      66.15     -62.58       1.98       0.00       0.00       0.00       1.48       0.60
     64087      66.27     -62.70       1.98       0.00       0.00       0.00       1.48       0.60
     70981      66.27     -62.43       1.99       0.00       0.00       0.00       1.37       0.60
     71678      66.30     -62.73       1.98       0.00       0.00       0.00       1.48       0.60
     72610      66.31     -62.83       1.93       0.00       0.00       0.00       1.45       0.60
     76156      66.31     -62.65       1.96       0.00       0.00       0.00       1.41       0.60
     77520      66.35     -62.83       1.96       0.00       0.00       0.00       1.48       0.60
     77651      66.41     -62.74       1.96       0.00       0.00       0.00       1.41       0.60
     77911      66.44     -62.87       1.98       0.00       0.00       0.00       1.48       0.60
--------------------------------------------------------------------------------
Best docking solution after GA:
    100250      66.44     -62.87       1.98       0.00       0.00       0.00       1.48       0.60

#ops:     100250 #mutates:  47956 #cross:    47339 #migrate:   4955 
#dups:     43882 #niche:    72150 #errors:     173 
--------------------------------------------------------------------------------

Doing AMOEBA simplex on best individual
Done simplexing #iterations 360, best score  67.08

Ligand is stored in gold_soln_3ny8_m1_1.mol2


--------------------------------------------------------------------------------
--- CHEMPLP breakdown of terms                                               ---
--------------------------------------------------------------------------------
CHEMPLP = - ( 1.0000*S(PLP) + -3.0000*S(hbond) + -6.0000*S(metal) + -3.0000*S(cho) )

Score = CHEMPLP - 1.0000*DE(clash) - 2.0000*DE(tors)

Internal energy term has been corrected with the best internal energy encountered.

--------------------------------------------------------------------------------


     Score     S(PLP)   S(hbond)     S(cho)   S(metal)  DE(clash)   DE(tors)     intcor
     67.08     -63.47       2.00       0.00       0.00       0.00       1.49       0.60

--------------------------------------------------------------------------------
--- PLP analysis of protein-ligand interactions                              ---
--------------------------------------------------------------------------------
hydrogen bonding        :      -2.00
metal                   :       0.00
buried (polar-nonpolar) :      -4.43
nonpolar                :     -57.61
repulsive               :       0.00
--------------------------------------------------------------------------------


--------------------------------------------------------------------------------
--- ChemScore analysis of protein-ligand interactions                        ---
--------------------------------------------------------------------------------

* Hydrogen bonds                                                                
Ligand donor    2 hydrogen   23 Protein acceptor 4098 bond energy  1.00 wt 1.00
Ligand donor    5 hydrogen   26 Protein acceptor 4098 bond energy  1.00 wt 1.00


* CH..O interactions                                                            
  CH group selection                       : activated ring CH (adjacent to hetatom)

--------------------------------------------------------------------------------


--------------------------------------------------------------------------------
--- Intra-ligand clashes                                                     ---
--------------------------------------------------------------------------------

Ligand
--------------------------------------------------------------------------------


--------------------------------------------------------------------------------
--- Chromosome decoded                                                       ---
--------------------------------------------------------------------------------
Ligand Torsions
[  18    2   16   15] -143.05
[  19   18    2   16]   44.96
[  12   13    3   14]    4.44    matched torsion: ortho-substituoed aromatic-aliphatic ether
[  13    3   14   15] -179.32
[  26    5   15   14]   58.72
[   5   15   14    3]   96.58
[   2   16   15    5]   42.68
Protein Torsions
[4175 4166 4165 4163]   84.49 
[1294 1290 1288 1285]   59.14 
[4033 4024 4023 4021]  -28.90 
[1412 1408 1406 1403] -113.76 
[2830 2825 2824 2821]    0.40 
[2723 2714 2713 2711]  109.42 
[2773 2768 2767 2764] -140.87 
Mapping
Ligand acceptors to protein hydrogens (mapping then atom ids)
Ligand hydrogens to protein acceptors (mapping then atom ids)
  2   3 [ 26->4098]
Ligand shape atoms to protein points (mapping then atom ids & coords)
  2  5738 [  4->(-25.750  10.750   5.500)]
  4  4660 [ 10->(-28.250  13.250   5.000)]
  5  4484 [ 11->(-29.500  12.000   6.250)]
  6  4194 [ 12->(-30.500  10.250   6.750)]
  7  3222 [ 14->(-32.250   8.000   7.000)]
  8  2591 [ 15->(-33.250   6.250   8.250)]
 12  2023 [ 19->(-34.000   5.000   8.250)]
Chromosome values
Integers:
  -1   -1   -1   -1    2   -1 5737   -1 4659 4483 4193 3221 
2590   -1   -1   -1 2022   -1 
--------------------------------------------------------------------------------

Current Ranking  1

--------------------------------------------------------------------------------

* GA execution time :                                                           
  total  7.0004 user  7.0004 sys  0.0000

--------------------------------------------------------------------------------
Fitness function evaluations: 153093

--------------------------------------------------------------------------------
** Docking run number  2 **
--------------------------------------------------------------------------------
  Rank fitness base is 5000.00 ; increment is 11.2233

* Initialising population(s) ...                                                
Number of constraints mappings 0
Number of constraints 0
  Population no.                           :      1
  Population size                          :    100
  Number of duplicates                     :      0
  Number of niche violations               :      0
  Number of errors                         :      3

Number of constraints mappings 0
Number of constraints 0
  Population no.                           :      2
  Population size                          :    100
  Number of duplicates                     :      0
  Number of niche violations               :      0
  Number of errors                         :      1

Number of constraints mappings 0
Number of constraints 0
  Population no.                           :      3
  Population size                          :    100
  Number of duplicates                     :      0
  Number of niche violations               :      0
  Number of errors                         :      1

Number of constraints mappings 0
Number of constraints 0
  Population no.                           :      4
  Population size                          :    100
  Number of duplicates                     :      0
  Number of niche violations               :      0
  Number of errors                         :      4

Number of constraints mappings 0
Number of constraints 0
  Population no.                           :      5
  Population size                          :    100
  Number of duplicates                     :      0
  Number of niche violations               :      0
  Number of errors                         :      2


Doing GA, no. of population(s) 5 size 100 selection pressure 1.100000

 Operation      Score     S(PLP)   S(hbond)     S(cho)   S(metal)  DE(clash)   DE(tors)     intcor
         0      31.39     -35.24       0.00       0.00       0.00       0.00       2.17       0.49
       674      31.54     -35.36       0.00       0.00       0.00       0.00       2.15       0.49
       684      45.97     -53.65       0.00       0.00       0.00       1.67       3.25       0.49
      6709      47.71     -55.39       0.00       0.00       0.00       1.67       3.25       0.49
      8005      48.62     -47.83       1.00       0.00       0.00       0.00       1.35       0.49
      8227      50.14     -52.58       0.00       0.00       0.00       0.22       1.35       0.49
      9277      51.19     -53.62       0.00       0.00       0.00       0.22       1.35       0.49
      9602      51.22     -53.90       0.00       0.00       0.00       0.22       1.47       0.49
      9832      51.46     -55.77       0.00       0.00       0.00       0.00       2.26       0.22
     10342      52.12     -52.94       0.00       0.00       0.00       0.00       0.52       0.22
     12212      52.35     -54.62       0.00       0.00       0.00       0.00       1.24       0.22
     12322      53.09     -55.79       0.00       0.00       0.00       0.22       1.35       0.22
     13376      53.35     -52.93       0.91       0.00       0.00       0.00       1.27       0.22
     14206      54.90     -54.44       0.90       0.00       0.00       0.00       1.23       0.22
     15296      55.28     -56.62       0.00       0.00       0.00       0.00       0.78       0.22
     15347      55.45     -56.47       0.00       0.00       0.00       0.00       0.62       0.22
     16436      55.73     -56.98       0.00       0.00       0.00       0.00       0.74       0.22
     17836      57.79     -58.88       0.00       0.00       0.00       0.00       0.66       0.22
     19835      58.91     -59.21       0.66       0.00       0.00       0.00       1.25       0.22
     22035      59.20     -59.44       0.69       0.00       0.00       0.00       1.26       0.22
     24100      59.50     -59.74       0.66       0.00       0.00       0.00       1.22       0.22
     24360      59.52     -59.99       0.59       0.00       0.00       0.00       1.24       0.22
     25781      59.62     -59.90       0.64       0.00       0.00       0.00       1.21       0.22
     27313      60.46     -60.37       0.54       0.00       0.00       0.00       0.88       0.22
     28339      60.54     -59.94       0.59       0.00       0.00       0.00       0.69       0.22
     28729      60.71     -59.28       0.86       0.00       0.00       0.00       0.69       0.22
     30243      60.94     -60.76       0.58       0.00       0.00       0.00       0.88       0.22
     31474      61.07     -59.53       1.08       0.00       0.00       0.00       0.96       0.22
     31608      63.40     -60.40       1.48       0.00       0.00       0.00       0.83       0.22
     33153      63.46     -60.37       1.54       0.00       0.00       0.00       0.88       0.22
     33198      63.60     -60.74       1.43       0.00       0.00       0.00       0.83       0.22
     34878      63.66     -60.72       1.50       0.00       0.00       0.00       0.88       0.22
     36792      63.66     -60.40       1.58       0.00       0.00       0.00       0.84       0.22
     37529      63.78     -60.69       1.51       0.00       0.00       0.00       0.83       0.22
     38888      63.93     -60.74       1.58       0.00       0.00       0.00       0.88       0.22
     41462      63.99     -60.62       1.61       0.00       0.00       0.00       0.84       0.22
     42272      64.01     -60.65       1.61       0.00       0.00       0.00       0.84       0.22
     44663      64.10     -60.86       1.56       0.00       0.00       0.00       0.84       0.22
     47804      64.13     -61.05       1.48       0.00       0.00       0.00       0.79       0.22
     48529      64.36     -61.19       1.54       0.00       0.00       0.00       0.84       0.22
     48612      64.45     -61.18       1.58       0.00       0.00       0.00       0.84       0.22
     49537      64.76     -61.81       1.47       0.00       0.00       0.00       0.84       0.22
     54262      64.86     -61.80       1.54       0.00       0.00       0.00       0.89       0.22
     55033      64.87     -61.78       1.53       0.00       0.00       0.00       0.86       0.22
     57949      64.89     -61.81       1.52       0.00       0.00       0.00       0.85       0.22
     58808      65.14     -61.94       1.56       0.00       0.00       0.00       0.86       0.22
     61956      65.22     -62.04       1.56       0.00       0.00       0.00       0.86       0.22
     61972      65.46     -62.41       1.52       0.00       0.00       0.00       0.87       0.22
     63782      65.46     -62.42       1.52       0.00       0.00       0.00       0.87       0.22
     70061      65.69     -62.64       1.56       0.00       0.00       0.00       0.92       0.22
     81042      65.71     -62.66       1.56       0.00       0.00       0.00       0.92       0.22
     84633      65.76     -62.67       1.64       0.00       0.00       0.00       1.03       0.22
     86068      65.78     -62.66       1.66       0.00       0.00       0.00       1.03       0.22
     89903      65.86     -62.74       1.61       0.00       0.00       0.00       0.97       0.22
     90736      65.93     -62.73       1.67       0.00       0.00       0.00       1.01       0.22
     91728      66.09     -62.87       1.62       0.00       0.00       0.00       0.93       0.22
     92433      66.10     -62.87       1.62       0.00       0.00       0.00       0.93       0.22
--------------------------------------------------------------------------------
Best docking solution after GA:
    100250      66.10     -62.87       1.62       0.00       0.00       0.00       0.93       0.22

#ops:     100250 #mutates:  47516 #cross:    47728 #migrate:   5006 
#dups:     26797 #niche:    67845 #errors:     172 
--------------------------------------------------------------------------------

Doing AMOEBA simplex on best individual
Done simplexing #iterations 422, best score  66.99

Ligand is stored in gold_soln_3ny8_m1_2.mol2


--------------------------------------------------------------------------------
--- CHEMPLP breakdown of terms                                               ---
--------------------------------------------------------------------------------
CHEMPLP = - ( 1.0000*S(PLP) + -3.0000*S(hbond) + -6.0000*S(metal) + -3.0000*S(cho) )

Score = CHEMPLP - 1.0000*DE(clash) - 2.0000*DE(tors)

Internal energy term has been corrected with the best internal energy encountered.

--------------------------------------------------------------------------------


     Score     S(PLP)   S(hbond)     S(cho)   S(metal)  DE(clash)   DE(tors)     intcor
     66.99     -63.44       1.90       0.00       0.00       0.00       1.18       0.22

--------------------------------------------------------------------------------
--- PLP analysis of protein-ligand interactions                              ---
--------------------------------------------------------------------------------
hydrogen bonding        :      -2.00
metal                   :       0.00
buried (polar-nonpolar) :      -6.02
nonpolar                :     -56.27
repulsive               :       0.02
--------------------------------------------------------------------------------


--------------------------------------------------------------------------------
--- ChemScore analysis of protein-ligand interactions                        ---
--------------------------------------------------------------------------------

* Hydrogen bonds                                                                
Ligand donor    2 hydrogen   23 Protein acceptor 4098 bond energy  1.00 wt 0.90
Ligand donor    5 hydrogen   26 Protein acceptor 4098 bond energy  1.00 wt 1.00


* CH..O interactions                                                            
  CH group selection                       : activated ring CH (adjacent to hetatom)

--------------------------------------------------------------------------------


--------------------------------------------------------------------------------
--- Intra-ligand clashes                                                     ---
--------------------------------------------------------------------------------

Ligand
--------------------------------------------------------------------------------


--------------------------------------------------------------------------------
--- Chromosome decoded                                                       ---
--------------------------------------------------------------------------------
Ligand Torsions
[  18    2   16   15] -147.77
[  19   18    2   16]   45.62
[  12   13    3   14]   18.13    matched torsion: ortho-substituoed aromatic-aliphatic ether
[  13    3   14   15]  173.67
[  26    5   15   14]   43.42
[   5   15   14    3]   81.63
[   2   16   15    5]   47.71
Protein Torsions
[4175 4166 4165 4163] -162.29 
[1294 1290 1288 1285]   24.39 
[4033 4024 4023 4021]  -11.97 
[1412 1408 1406 1403]  -64.21 
[2830 2825 2824 2821]   83.38 
[2723 2714 2713 2711]   -4.96 
[2773 2768 2767 2764] -153.75 
Mapping
Ligand acceptors to protein hydrogens (mapping then atom ids)
Ligand hydrogens to protein acceptors (mapping then atom ids)
  2   3 [ 26->4098]
Ligand shape atoms to protein points (mapping then atom ids & coords)
  1  4773 [  1->(-27.750  10.000   6.000)]
  2  5110 [  4->(-27.000   9.500   7.250)]
  3  5092 [  6->(-27.000   9.250   5.250)]
  4  4801 [ 10->(-27.750  12.000   5.750)]
  6  4120 [ 12->(-30.750  11.000   6.500)]
  7  2919 [ 14->(-32.750   7.750   7.000)]
  8  2898 [ 15->(-32.750   7.250   8.000)]
  9  2855 [ 16->(-32.750   6.500   7.000)]
 10  2749 [ 17->(-33.000   7.000   6.250)]
 11  2050 [ 18->(-34.000   5.250   9.000)]
Chromosome values
Integers:
  -1   -1   -1   -1    2 4772 5109 5091 4800   -1 4119 2918 
2897 2854 2748 2049   -1   -1 
--------------------------------------------------------------------------------

Current Ranking  1  2

--------------------------------------------------------------------------------

* GA execution time :                                                           
  total  6.0002 user  6.0002 sys  0.0000

--------------------------------------------------------------------------------
Fitness function evaluations: 154669

--------------------------------------------------------------------------------
** Docking run number  3 **
--------------------------------------------------------------------------------
  Rank fitness base is 5000.00 ; increment is 11.2233

* Initialising population(s) ...                                                
Number of constraints mappings 0
Number of constraints 0
  Population no.                           :      1
  Population size                          :    100
  Number of duplicates                     :      0
  Number of niche violations               :      0
  Number of errors                         :      1

Number of constraints mappings 0
Number of constraints 0
  Population no.                           :      2
  Population size                          :    100
  Number of duplicates                     :      0
  Number of niche violations               :      0
  Number of errors                         :      3

Number of constraints mappings 0
Number of constraints 0
  Population no.                           :      3
  Population size                          :    100
  Number of duplicates                     :      0
  Number of niche violations               :      0

Number of constraints mappings 0
Number of constraints 0
  Population no.                           :      4
  Population size                          :    100
  Number of duplicates                     :      0
  Number of niche violations               :      0

Number of constraints mappings 0
Number of constraints 0
  Population no.                           :      5
  Population size                          :    100
  Number of duplicates                     :      0
  Number of niche violations               :      0
  Number of errors                         :      3


Doing GA, no. of population(s) 5 size 100 selection pressure 1.100000

 Operation      Score     S(PLP)   S(hbond)     S(cho)   S(metal)  DE(clash)   DE(tors)     intcor
         0      20.29     -32.70       0.25       0.00       0.00       8.83       2.28       0.22
       143      23.02     -30.66       0.00       0.00       0.00       3.45       2.20       0.22
       448      28.94     -32.25       0.00       0.00       0.00       0.00       1.76       0.22
       496      39.32     -43.40       0.00       0.00       0.00       0.24       2.03       0.22
      1114      44.44     -50.07       0.00       0.00       0.00       0.00       2.93       0.22
      1364      44.61     -50.16       0.00       0.00       0.00       0.00       2.88       0.22
      4610      45.74     -47.85       0.89       0.00       0.00       0.00       2.50       0.22
      5330      46.20     -47.89       1.03       0.00       0.00       0.00       2.50       0.22
      7114      47.76     -50.71       1.30       0.00       0.00       1.58       2.74       0.22
      8715      50.77     -51.99       0.88       0.00       0.00       0.00       2.04       0.22
      8799      51.89     -56.17       0.85       0.00       0.00       1.58       2.74       0.22
      9064      52.43     -55.69       1.20       0.00       0.00       1.58       2.74       0.22
      9333      58.24     -58.47       0.27       0.00       0.00       0.00       0.64       0.22
     10064      58.77     -58.82       0.33       0.00       0.00       0.00       0.63       0.22
     11714      59.40     -59.13       0.43       0.00       0.00       0.00       0.62       0.22
     12239      60.40     -60.39       0.35       0.00       0.00       0.00       0.63       0.22
     14183      60.42     -58.47       1.00       0.00       0.00       0.00       0.64       0.22
     15128      60.60     -58.64       1.00       0.00       0.00       0.00       0.63       0.22
     15419      61.60     -61.16       0.50       0.00       0.00       0.00       0.63       0.22
     19003      62.30     -60.75       0.86       0.00       0.00       0.00       0.63       0.22
     20514      62.67     -61.07       0.88       0.00       0.00       0.00       0.63       0.22
     21934      63.03     -61.07       1.00       0.00       0.00       0.00       0.63       0.22
     22609      63.85     -60.99       1.32       0.00       0.00       0.00       0.66       0.22
     28545      64.70     -62.87       1.94       0.00       0.00       0.00       2.11       0.22
     32551      64.74     -62.53       2.00       0.00       0.00       0.00       2.01       0.22
     33430      64.78     -62.40       2.00       0.00       0.00       0.00       1.92       0.22
     33995      64.89     -62.76       2.00       0.00       0.00       0.00       2.04       0.22
     35484      64.91     -62.97       1.94       0.00       0.00       0.00       2.05       0.22
     35556      65.00     -62.80       2.00       0.00       0.00       0.00       2.01       0.22
     35586      65.10     -62.85       2.00       0.00       0.00       0.00       1.99       0.22
     36793      65.18     -61.89       2.00       0.00       0.00       0.00       1.47       0.22
     38081      65.27     -63.05       1.99       0.00       0.00       0.00       1.99       0.22
     39758      65.41     -62.20       1.98       0.00       0.00       0.00       1.47       0.22
     39972      65.46     -63.22       2.00       0.00       0.00       0.00       1.99       0.22
     40063      65.59     -62.31       2.00       0.00       0.00       0.00       1.47       0.22
     41743      65.68     -62.39       2.00       0.00       0.00       0.00       1.47       0.22
     42729      65.74     -62.45       2.00       0.00       0.00       0.00       1.47       0.22
     43917      65.88     -62.60       2.00       0.00       0.00       0.00       1.47       0.22
     44288      65.90     -62.62       2.00       0.00       0.00       0.00       1.47       0.22
     44977      65.94     -62.70       2.00       0.00       0.00       0.00       1.49       0.22
     46137      66.01     -62.78       2.00       0.00       0.00       0.00       1.50       0.22
     46517      66.03     -62.75       2.00       0.00       0.00       0.00       1.47       0.22
     47622      66.06     -62.81       2.00       0.00       0.00       0.00       1.49       0.22
     49148      66.25     -63.01       2.00       0.00       0.00       0.00       1.49       0.22
     50278      66.25     -63.01       2.00       0.00       0.00       0.00       1.49       0.22
     51294      66.45     -63.21       2.00       0.00       0.00       0.00       1.49       0.22
     52469      66.58     -63.34       2.00       0.00       0.00       0.00       1.49       0.22
     54824      66.58     -63.35       2.00       0.00       0.00       0.00       1.49       0.22
     56145      66.64     -63.41       2.00       0.00       0.00       0.00       1.50       0.22
     56874      66.65     -63.44       2.00       0.00       0.00       0.00       1.51       0.22
     57854      66.67     -63.40       2.00       0.00       0.00       0.00       1.47       0.22
     58194      66.72     -63.42       2.00       0.00       0.00       0.00       1.46       0.22
     60459      66.76     -63.47       2.00       0.00       0.00       0.00       1.47       0.22
     63189      66.76     -63.48       2.00       0.00       0.00       0.00       1.47       0.22
     64986      66.77     -63.49       2.00       0.00       0.00       0.00       1.47       0.22
     65125      66.78     -63.50       2.00       0.00       0.00       0.00       1.47       0.22
     66135      66.80     -63.50       2.00       0.00       0.00       0.00       1.46       0.22
     67035      66.81     -63.53       2.00       0.00       0.00       0.00       1.47       0.22
     68475      66.82     -63.55       2.00       0.00       0.00       0.00       1.47       0.22
     69075      66.83     -63.52       2.00       0.00       0.00       0.00       1.46       0.22
     69425      66.84     -63.54       2.00       0.00       0.00       0.00       1.46       0.22
     69602      66.85     -63.56       2.00       0.00       0.00       0.00       1.47       0.22
     70577      66.86     -63.58       2.00       0.00       0.00       0.00       1.47       0.22
     71000      66.94     -63.63       2.00       0.00       0.00       0.00       1.46       0.22
     73685      66.94     -63.64       2.00       0.00       0.00       0.00       1.46       0.22
     77689      66.94     -63.62       2.00       0.00       0.00       0.00       1.45       0.22
     77955      67.03     -63.72       2.00       0.00       0.00       0.00       1.46       0.22
     83015      67.04     -63.75       2.00       0.00       0.00       0.00       1.46       0.22
     84168      67.06     -63.74       2.00       0.00       0.00       0.00       1.45       0.22
     85175      67.08     -63.75       2.00       0.00       0.00       0.00       1.44       0.22
     92652      67.09     -63.73       2.00       0.00       0.00       0.00       1.43       0.22
     98997      67.09     -63.73       2.00       0.00       0.00       0.00       1.43       0.22
     99291      67.23     -63.86       2.00       0.00       0.00       0.00       1.43       0.22
--------------------------------------------------------------------------------
Best docking solution after GA:
    100250      67.23     -63.86       2.00       0.00       0.00       0.00       1.43       0.22

#ops:     100250 #mutates:  47724 #cross:    47476 #migrate:   5050 
#dups:     31827 #niche:    70024 #errors:     204 
--------------------------------------------------------------------------------

Doing AMOEBA simplex on best individual
Done simplexing #iterations 275, best score  67.50

Ligand is stored in gold_soln_3ny8_m1_3.mol2


--------------------------------------------------------------------------------
--- CHEMPLP breakdown of terms                                               ---
--------------------------------------------------------------------------------
CHEMPLP = - ( 1.0000*S(PLP) + -3.0000*S(hbond) + -6.0000*S(metal) + -3.0000*S(cho) )

Score = CHEMPLP - 1.0000*DE(clash) - 2.0000*DE(tors)

Internal energy term has been corrected with the best internal energy encountered.

--------------------------------------------------------------------------------


     Score     S(PLP)   S(hbond)     S(cho)   S(metal)  DE(clash)   DE(tors)     intcor
     67.50     -64.23       2.00       0.00       0.00       0.00       1.48       0.22

--------------------------------------------------------------------------------
--- PLP analysis of protein-ligand interactions                              ---
--------------------------------------------------------------------------------
hydrogen bonding        :      -2.00
metal                   :       0.00
buried (polar-nonpolar) :      -6.36
nonpolar                :     -56.95
repulsive               :       0.02
--------------------------------------------------------------------------------


--------------------------------------------------------------------------------
--- ChemScore analysis of protein-ligand interactions                        ---
--------------------------------------------------------------------------------

* Hydrogen bonds                                                                
Ligand donor    2 hydrogen   23 Protein acceptor 4098 bond energy  1.00 wt 1.00
Ligand donor    5 hydrogen   26 Protein acceptor 4098 bond energy  1.00 wt 1.00


* CH..O interactions                                                            
  CH group selection                       : activated ring CH (adjacent to hetatom)

--------------------------------------------------------------------------------


--------------------------------------------------------------------------------
--- Intra-ligand clashes                                                     ---
--------------------------------------------------------------------------------

Ligand
--------------------------------------------------------------------------------


--------------------------------------------------------------------------------
--- Chromosome decoded                                                       ---
--------------------------------------------------------------------------------
Ligand Torsions
[  18    2   16   15] -108.19
[  19   18    2   16] -172.86
[  12   13    3   14]   17.44    matched torsion: ortho-substituoed aromatic-aliphatic ether
[  13    3   14   15]  169.63
[  26    5   15   14]   53.74
[   5   15   14    3]   85.31
[   2   16   15    5]   45.69
Protein Torsions
[4175 4166 4165 4163] -140.68 
[1294 1290 1288 1285]   30.73 
[4033 4024 4023 4021]   -7.46 
[1412 1408 1406 1403]  146.08 
[2830 2825 2824 2821]  -13.99 
[2723 2714 2713 2711]   76.13 
[2773 2768 2767 2764]   29.37 
Mapping
Ligand acceptors to protein hydrogens (mapping then atom ids)
Ligand hydrogens to protein acceptors (mapping then atom ids)
  2   3 [ 26->4098]
Ligand shape atoms to protein points (mapping then atom ids & coords)
  1  4885 [  1->(-27.500  10.500   6.250)]
  2  5516 [  4->(-26.250  10.000   5.500)]
  3  5668 [  6->(-25.750   7.750   6.750)]
  4  4813 [ 10->(-27.750  13.250   5.500)]
  5  3638 [ 11->(-31.750  11.000   6.500)]
  6  4291 [ 12->(-30.250  11.000   6.500)]
  7  2951 [ 14->(-32.750   8.750   7.000)]
  8  3354 [ 15->(-32.000   7.250   7.250)]
  9  2412 [ 16->(-33.500   5.500   8.500)]
 10  2875 [ 17->(-32.750   7.000   5.500)]
 12  1012 [ 19->(-36.000   6.000   9.250)]
Chromosome values
Integers:
  -1   -1   -1   -1    2 4884 5515 5667 4812 3637 4290 2950 
3353 2411 2874   -1 1011   -1 
--------------------------------------------------------------------------------

Current Ranking  3  1  2

Top  3 (of  3) solutions are within 1.000 RMSD, finishing docking C:/Users/student/Desktop/Dokowanko/Dokowanko/beta2/ligandy/3ny8.mol2.


--------------------------------------------------------------------------------

* GA execution time :                                                           
  total  6.9995 user  6.9995 sys  0.0000

--------------------------------------------------------------------------------
Fitness function evaluations: 153368

--------------------------------------------------------------------------------
--- Ranking analysis                                                         ---
--------------------------------------------------------------------------------


* Final ranked order of GA solutions:                                           
   3  1  2 

  _______________________________
  RMSD Matrix of RANKED solutions

        2    3  

   1 :  0.4  0.3
   2 :       0.3

  Clustering method                        : complete linkage
  Structure ids in cluster table           : rank nos.
  Ordering of clusters and their members   : by rank (order if from rms_analysis)

  Distance | Clusters
   0.28    |  1  3 |  2 |
   0.38    |  1  2  3 |
  Finished Docking Ligand                  : C:/Users/student/Desktop/Dokowanko/Dokowanko/beta2/ligandy/3ny8.mol2
--------------------------------------------------------------------------------

  Relative_Ligand_Energy (best encountered) :   0.221
  Relative_Ligand_Energy: fitness values have been corrected using this amount
