
--------------------------------------------------------------------------------
--- Ligand                                                                   ---
--------------------------------------------------------------------------------
  Ligand loaded from file                  : C:/Users/student/Desktop/Dokowanko/beta1/ligandy/6h7j.mol2
  Ligand name                              :  
  "C:\Users\porto\OneDrive\projekt\beta1\ligandy\L_6h7j.pdb L_6h7j.pdb 1    "

--------------------------------------------------------------------------------
  N.plc donors                             : 
  none found

  Acidic nitrogen acceptors                : 
  none found
  Sulfur acceptors                         :
  none found


  Donor atoms                              :      4
  12  13  14  15  
  Acceptor atoms                           :      4
  12  13  14  15  

  Hydrogens                                :  (n = 4)
  29   30   31   32   

  Lone pairs added to molecule             :      7
  Numbering                                : from 33 to 39

--------------------------------------------------------------------------------
--- Postprocessing of typing                                                 ---
--------------------------------------------------------------------------------
  Fragment file                            : C:\Program Files (x86)\CCDC/GoldSuite_2018\GOLD\gold\rotatable_bond_override.mol2
  acylurea fragment                        : no matches
  thioacylthiourea fragment                : no matches
  acylthiourea fragment                    : no matches
  thioacylurea fragment                    : no matches
  diarylamine fragment >C.ar-NH-C.ar<      : no matches
  sec-amine (1) fragment                   : no matches
  sec-amine (2) fragment                   : no matches
  sec-amine (3) fragment                   : no matches
  carboxylic ester                         : no matches

* Rotatable bonds in C:/Users/student/Des  :
  [   1    4] [   1   13] [   1    2] [   2   12] 
  [   3    6] [   3   12] [   3    5] [   9   14] 
  [  11   15] 
  No. of rotatable bonds                   :      9


* Fragments found in C:/Users/student/Des  :
  atom   4: benzene
  atom   7: benzene
  atom   8: benzene
  atom   9: benzene
  atom  10: benzene
  atom  11: benzene


* Checking torsion distributions:                                               
  No. of matched torsions                  :      0

--------------------------------------------------------------------------------
--- Shape fitting atoms selection (hydrophobic atoms)                        ---
--------------------------------------------------------------------------------
  Molecule                                 : C:/Users/student/Desktop/Dokowanko/beta1/ligandy/6h7j.mol2
  Selection                                : carbons only
  Atom numbers                             :  (n = 8)
  1    2    3    5    6    7    8    10   

--------------------------------------------------------------------------------
--- Automatic parameter setting                                              ---
--------------------------------------------------------------------------------
  Contribution base                        :   2500
  Contribution per rotatable bond          :   6000
  Contribution per df                      :   4000
  Contribution per water                   :  10000
  Ligand rotatable bonds                   :      9
  Protein flexible side chain bonds        :      0
  Total rotatable bonds                    :      9
  Hydrophobic vol ratio (P/L)              :   2.216
  Base multiplier (polar)                  :   1.600
  Base multiplier (apolar)                 :   3.546
  Base contribution                        : 12500.000
  Fitting points                           :      8
  Estimated maxops needed (optimal)        :  67000

--------------------------------------------------------------------------------

* Population settings                                                           
  maxops                                   :  67000
  popsiz                                   :    100
  select_pressure                          :   1.100
  n_islands                                :      5
  niche_siz                                :      2

* GA settings                                                                   
  pt_crosswt                               :     95
  allele_mutatewt                          :     95
  migratewt                                :     10

* Search settings                                                               
  start_vdw_linear_cutoff                  :   6.000
  initial_virtual_pt_match_max             :   3.000
  Scaling of internal VDW energy           : log scale from  0.2 to    1
                                             over 50250 ops
  Sampling interval (operations)           :    670
  Scaling of virtual pt maximum length     : linear scale from    3 to    2
                                             over 50250 ops
  Sampling interval (operations)           :   2010
  Scaling of 4-8 potential cutoff          : log scale from    6 to 1.2e+002
                                             over 50250 ops
  Sampling interval (operations)           :   2010

--------------------------------------------------------------------------------

* Ligand initialisation time :                                                  
  total  0.0000 user  0.0000 sys  0.0000

--------------------------------------------------------------------------------

--------------------------------------------------------------------------------
** Docking run number  1 **
--------------------------------------------------------------------------------
  Rank fitness base is 5000.00 ; increment is 11.2233

* Initialising population(s) ...                                                
Number of constraints mappings 0
Number of constraints 0
  Population no.                           :      1
  Population size                          :    100
  Number of duplicates                     :      0
  Number of niche violations               :      0
  Number of errors                         :    281

Number of constraints mappings 0
Number of constraints 0
  Population no.                           :      2
  Population size                          :    100
  Number of duplicates                     :      0
  Number of niche violations               :      0
  Number of errors                         :    301

Number of constraints mappings 0
Number of constraints 0
  Population no.                           :      3
  Population size                          :    100
  Number of duplicates                     :      0
  Number of niche violations               :      0
  Number of errors                         :    297

Number of constraints mappings 0
Number of constraints 0
  Population no.                           :      4
  Population size                          :    100
  Number of duplicates                     :      0
  Number of niche violations               :      0
  Number of errors                         :    301

Number of constraints mappings 0
Number of constraints 0
  Population no.                           :      5
  Population size                          :    100
  Number of duplicates                     :      0
  Number of niche violations               :      0
  Number of errors                         :    279


Doing GA, no. of population(s) 5 size 100 selection pressure 1.100000

 Operation      Fitness  S(hb_ext) S(vdw_ext)  S(hb_int)    S(int)      intcor
         0      30.49       1.61      21.98       0.00      -6.74     -12.78
      2689      30.40       1.04      23.34       0.00     -12.52     -11.93
      3221      30.68       1.61      22.34       0.00      -7.55     -11.93
      3725      30.81       0.02      23.46       0.00      -6.59     -11.93
Reordering...
      4020      30.17       1.60      22.27       0.00      -9.01     -10.47
      4159      30.49       1.75      22.54       0.00      -9.92     -10.47
      5544      30.39       1.75      22.52       0.00      -9.79     -10.47
      5871      31.32       0.28      23.79       0.00      -7.03     -10.47
      5923      31.64       0.00      23.83       0.00      -4.72     -10.47
      7067      31.62       0.00      23.83       0.00      -4.63     -10.47
      8440      32.85       1.56      24.90       0.00     -11.39     -10.47
     11159      33.18       1.55      25.01       0.00      -9.78     -10.47
     15145      32.81       1.53      24.91       0.00      -9.30     -10.47
     15861      33.17       2.00      23.65       0.00      -4.11     -10.47
     16821      33.06       2.00      23.78       0.00      -4.78     -10.47
     18679      32.99       0.41      25.33       0.00      -6.32     -10.47
Reordering...
     18760      32.95       2.00      23.78       0.00      -4.78     -10.47
     19731      33.12       2.00      23.93       0.00      -4.78     -10.47
     21737      33.03       1.48      23.50       0.00      -1.95     -10.47
     22271      32.76       2.00      23.93       0.00      -5.29      -9.81
     22302      32.98       1.56      23.83       0.00      -3.31      -9.81
     23230      33.32       2.00      24.34       0.00      -5.18      -9.81
     24883      33.41       0.00      25.04       0.00      -2.30      -9.81
     28251      33.86       2.00      25.06       0.00      -5.27      -9.81
     33246      33.65       2.00      25.08       0.00      -4.96      -9.81
     34561      33.41       2.00      25.26       0.00      -5.57      -9.25
     37347      33.13       1.48      24.51       0.00      -3.14      -9.25
     42620      32.51       1.66      24.34       0.00      -3.39      -8.40
     43075      32.50       1.66      24.44       0.00      -3.50      -8.40
     45389      32.94       1.71      24.36       0.00      -2.69      -8.40
     49194      32.81       0.00      25.83       0.00      -2.83      -8.40
     54604      33.20       0.00      26.34       0.00      -3.02      -8.40
     61713      33.24       0.00      24.61       0.00      -0.60      -8.38
     61948      33.26       0.00      25.71       0.00      -2.10      -8.38
     62199      33.44       0.00      26.46       0.00      -2.95      -8.38
     62288      33.89       0.00      25.41       0.00      -1.05      -8.38
     62958      33.89       0.00      25.41       0.00      -1.05      -8.38
     63543      34.22       0.00      25.69       0.00      -1.10      -8.38
     63758      34.58       0.00      25.80       0.00      -0.90      -8.38
     63974      34.99       0.00      26.13       0.00      -0.93      -8.38
     64384      35.04       0.00      26.14       0.00      -0.90      -8.38
     64854      35.05       0.00      26.14       0.00      -0.88      -8.38
     64868      35.19       0.00      26.11       0.00      -0.72      -8.38
     66088      35.30       0.00      26.20       0.00      -0.72      -8.38
     66383      35.45       0.00      26.28       0.00      -0.69      -8.38
--------------------------------------------------------------------------------
Best docking solution after GA:
     67000      35.45       0.00      26.28       0.00      -0.69      -8.36

#ops:      67000 #mutates:  31568 #cross:    32078 #migrate:   3354 
#dups:     14675 #niche:    25690 #errors:     742 
--------------------------------------------------------------------------------

Doing AMOEBA simplex on best individual
Done simplexing #iterations 636, best score  37.00

Ligand is stored in gold_soln_6h7j_m1_1.mol2


--------------------------------------------------------------------------------
--- GoldScore breakdown of terms                                             ---
--------------------------------------------------------------------------------
Fitness = S(hb_ext) + 1.3750*S(vdw_ext) + S(hb_int) + 1.0000*S(int)
S(int)  = S(vdw_int) + S(tors)

Internal terms are relative to best energy found (intcor).

--------------------------------------------------------------------------------


     Fitness  S(hb_ext) S(vdw_ext)  S(hb_int)    S(int)      intcor
     37.00       0.00      27.21       0.00      -0.41      -8.36

--------------------------------------------------------------------------------
--- GoldScore analysis of protein-ligand interactions                        ---
--------------------------------------------------------------------------------


--------------------------------------------------------------------------------


--------------------------------------------------------------------------------
--- Chromosome decoded                                                       ---
--------------------------------------------------------------------------------
Ligand Torsions
[   7    4    1   13]  157.60
[  30   13    1    4]  -63.03
[  12    2    1    4]  173.20
[   3   12    2    1]  175.82
[  23    6    3   12]   66.02
[   6    3   12    2]  -76.92
[  20    5    3    6]   56.82
[  31   14    9    7]   40.97
[  32   15   11    9] -132.08
Mapping
Ligand acceptors to protein hydrogens (mapping then atom ids)
Ligand hydrogens to protein acceptors (mapping then atom ids)
Ligand shape atoms to protein points (mapping then atom ids & coords)
  1  2173 [  1->(-24.250   4.750  15.750)]
  2  7173 [  2->(-22.500   7.250  15.500)]
  3  8627 [  3->(-20.500   9.000  18.500)]
  4  8460 [  5->(-21.000  11.250  17.750)]
  5  8710 [  6->(-20.250   9.250  17.750)]
  6  5986 [  7->(-23.000   5.000  14.750)]
  7  6553 [  8->(-22.750   3.250  14.250)]
Chromosome values
Integers:
  -1   -1   -1   -1   -1   -1   -1   -1 2172 7172 8626 8459 
8709 5985 6552   -1 
--------------------------------------------------------------------------------

Current Ranking  1

--------------------------------------------------------------------------------

* GA execution time :                                                           
  total  9.0005 user  9.0005 sys  0.0000

--------------------------------------------------------------------------------
Fitness function evaluations: 149647

--------------------------------------------------------------------------------
** Docking run number  2 **
--------------------------------------------------------------------------------
  Rank fitness base is 5000.00 ; increment is 11.2233

* Initialising population(s) ...                                                
Number of constraints mappings 0
Number of constraints 0
  Population no.                           :      1
  Population size                          :    100
  Number of duplicates                     :      0
  Number of niche violations               :      0
  Number of errors                         :    317

Number of constraints mappings 0
Number of constraints 0
  Population no.                           :      2
  Population size                          :    100
  Number of duplicates                     :      0
  Number of niche violations               :      0
  Number of errors                         :    312

Number of constraints mappings 0
Number of constraints 0
  Population no.                           :      3
  Population size                          :    100
  Number of duplicates                     :      0
  Number of niche violations               :      0
  Number of errors                         :    336

Number of constraints mappings 0
Number of constraints 0
  Population no.                           :      4
  Population size                          :    100
  Number of duplicates                     :      0
  Number of niche violations               :      0
  Number of errors                         :    305

Number of constraints mappings 0
Number of constraints 0
  Population no.                           :      5
  Population size                          :    100
  Number of duplicates                     :      0
  Number of niche violations               :      0
  Number of errors                         :    275


Doing GA, no. of population(s) 5 size 100 selection pressure 1.100000

 Operation      Fitness  S(hb_ext) S(vdw_ext)  S(hb_int)    S(int)      intcor
         0      24.37       0.91      18.92       0.00     -12.77      -8.36
        88      26.85       2.00      20.52       0.00     -16.78      -8.36
       152      27.01       3.65      19.17       0.00     -14.99      -8.36
       515      27.23       1.27      21.66       0.00     -19.10      -8.36
       703      28.74       1.62      20.37       0.00      -4.38      -8.36
      2444      29.16       0.00      23.69       0.00     -15.98      -8.36
      3809      29.11       0.59      21.94       0.00      -7.39      -8.36
      4203      29.04       0.56      21.44       0.00      -4.38      -8.36
      4645      29.85       0.00      23.57       0.00     -11.24      -8.36
      5743      29.92       0.00      22.94       0.00      -6.82      -8.36
Reordering...
      6030      29.61       0.00      23.52       0.00     -11.24      -8.36
      6095      29.79       0.00      23.52       0.00     -10.51      -8.36
      7625      29.72       0.00      22.85       0.00      -6.70      -8.36
      7695      30.56       0.00      23.45       0.00      -6.65      -8.36
      8991      31.27       0.00      24.24       0.00      -7.81      -8.36
     12727      31.46       1.25      23.47       0.00      -6.98      -8.36
     13537      31.43       1.17      23.55       0.00      -6.91      -8.36
     15257      31.24       1.17      23.47       0.00      -6.86      -8.36
     15773      32.45       0.99      24.03       0.00      -4.81      -8.36
     16113      33.66       1.18      25.20       0.00      -6.48      -8.36
     17233      33.74       1.18      25.28       0.00      -6.42      -8.36
     21854      33.23       0.74      24.13       0.00      -1.72      -8.36
     22444      33.25       0.68      24.20       0.00      -1.76      -8.36
     22879      33.25       0.68      24.33       0.00      -2.14      -8.36
Reordering...
     23450      33.23       0.68      24.33       0.00      -2.14      -8.36
Reordering...
     24120      33.20       0.67      24.33       0.00      -2.14      -8.36
Reordering...
     26130      33.13       0.66      24.20       0.00      -1.76      -8.36
     26549      33.54       1.00      24.40       0.00      -2.19      -8.36
     28743      33.48       0.98      24.40       0.00      -2.14      -8.36
     29927      33.49       0.69      24.63       0.00      -2.08      -8.36
     31103      33.91       0.96      24.48       0.00      -1.33      -8.36
Reordering...
     33500      33.83       0.95      24.48       0.00      -1.33      -8.36
     34159      33.99       0.95      24.51       0.00      -1.13      -8.36
     34359      34.03       0.53      24.86       0.00      -1.13      -8.36
     34849      34.08       0.45      24.93       0.00      -1.05      -8.36
     35027      35.44       0.72      26.12       0.00      -1.95      -8.36
     37122      35.61       0.70      26.02       0.00      -1.33      -8.36
     37809      35.81       0.52      26.32       0.00      -1.35      -8.36
     38264      35.83       0.69      26.11       0.00      -1.11      -8.36
Reordering...
     39530      35.77       0.74      26.13       0.00      -1.27      -8.27
     40114      35.85       0.74      26.13       0.00      -1.15      -8.27
     41322      35.83       0.67      26.16       0.00      -1.11      -8.27
     42974      35.83       0.70      26.07       0.00      -0.91      -8.27
     44589      35.86       0.68      26.12       0.00      -0.89      -8.27
     48940      35.80       0.64      26.27       0.00      -1.00      -8.27
     50785      35.78       0.62      26.28       0.00      -0.97      -8.27
     51710      35.82       0.56      26.28       0.00      -0.87      -8.27
     52902      35.82       0.58      26.45       0.00      -1.12      -8.27
     53145      35.83       0.56      26.28       0.00      -0.87      -8.27
     53611      35.87       0.57      26.25       0.00      -0.80      -8.27
     54100      35.90       0.51      26.43       0.00      -0.95      -8.27
     54897      35.93       0.58      26.40       0.00      -0.95      -8.27
     57084      35.95       0.62      26.51       0.00      -1.11      -8.27
     62055      36.03       0.56      26.47       0.00      -0.93      -8.27
     62908      36.24       0.60      26.42       0.00      -0.68      -8.27
     64763      36.36       0.60      26.48       0.00      -0.64      -8.27
--------------------------------------------------------------------------------
Best docking solution after GA:
     67000      36.36       0.60      26.48       0.00      -0.64      -8.27

#ops:      67000 #mutates:  31895 #cross:    31753 #migrate:   3352 
#dups:     16563 #niche:    25874 #errors:     317 
--------------------------------------------------------------------------------

Doing AMOEBA simplex on best individual
Done simplexing #iterations 461, best score  36.76

Ligand is stored in gold_soln_6h7j_m1_2.mol2


--------------------------------------------------------------------------------
--- GoldScore breakdown of terms                                             ---
--------------------------------------------------------------------------------
Fitness = S(hb_ext) + 1.3750*S(vdw_ext) + S(hb_int) + 1.0000*S(int)
S(int)  = S(vdw_int) + S(tors)

Internal terms are relative to best energy found (intcor).

--------------------------------------------------------------------------------


     Fitness  S(hb_ext) S(vdw_ext)  S(hb_int)    S(int)      intcor
     36.76       0.70      26.70       0.00      -0.65      -8.27

--------------------------------------------------------------------------------
--- GoldScore analysis of protein-ligand interactions                        ---
--------------------------------------------------------------------------------

  Ligand donor   13 hydrogen   30 Protein acceptor 2066 bond energy  2.00 wt 0.35

--------------------------------------------------------------------------------


--------------------------------------------------------------------------------
--- Chromosome decoded                                                       ---
--------------------------------------------------------------------------------
Ligand Torsions
[   7    4    1   13]  135.69
[  30   13    1    4] -168.53
[  12    2    1    4]  176.48
[   3   12    2    1] -171.57
[  23    6    3   12] -170.30
[   6    3   12    2]  -65.81
[  20    5    3    6]   56.95
[  31   14    9    7]  145.85
[  32   15   11    9] -132.37
Mapping
Ligand acceptors to protein hydrogens (mapping then atom ids)
Ligand hydrogens to protein acceptors (mapping then atom ids)
  2   3 [ 30->2066]
Ligand shape atoms to protein points (mapping then atom ids & coords)
  1  2942 [  1->(-24.000   5.500  15.500)]
  2  7905 [  2->(-21.750   7.500  16.000)]
  3  8695 [  3->(-20.250   8.500  17.750)]
  4  8287 [  5->(-21.250   9.500  17.250)]
  5  8421 [  6->(-21.000   9.500  17.250)]
Chromosome values
Integers:
  -1   -1   -1   -1   -1    2   -1   -1 2941 7904 8694 8286 
8420   -1   -1   -1 
--------------------------------------------------------------------------------

Current Ranking  1  2

--------------------------------------------------------------------------------

* GA execution time :                                                           
  total  9.0004 user  9.0003 sys  0.0000

--------------------------------------------------------------------------------
Fitness function evaluations: 147008

--------------------------------------------------------------------------------
** Docking run number  3 **
--------------------------------------------------------------------------------
  Rank fitness base is 5000.00 ; increment is 11.2233

* Initialising population(s) ...                                                
Number of constraints mappings 0
Number of constraints 0
  Population no.                           :      1
  Population size                          :    100
  Number of duplicates                     :      0
  Number of niche violations               :      0
  Number of errors                         :    298

Number of constraints mappings 0
Number of constraints 0
  Population no.                           :      2
  Population size                          :    100
  Number of duplicates                     :      0
  Number of niche violations               :      0
  Number of errors                         :    308

Number of constraints mappings 0
Number of constraints 0
  Population no.                           :      3
  Population size                          :    100
  Number of duplicates                     :      0
  Number of niche violations               :      0
  Number of errors                         :    312

Number of constraints mappings 0
Number of constraints 0
  Population no.                           :      4
  Population size                          :    100
  Number of duplicates                     :      0
  Number of niche violations               :      0
  Number of errors                         :    277

Number of constraints mappings 0
Number of constraints 0
  Population no.                           :      5
  Population size                          :    100
  Number of duplicates                     :      0
  Number of niche violations               :      0
  Number of errors                         :    320


Doing GA, no. of population(s) 5 size 100 selection pressure 1.100000

 Operation      Fitness  S(hb_ext) S(vdw_ext)  S(hb_int)    S(int)      intcor
         0      26.51       0.00      20.83       0.00     -10.69      -8.27
        24      26.82       0.00      20.71       0.00      -8.27      -8.27
       441      27.02       0.00      22.74       0.00     -21.22      -8.27
       993      27.53       2.00      20.41       0.00     -12.41      -8.27
      1428      28.34       2.00      22.19       0.00     -19.96      -8.27
      2130      28.65       0.00      22.83       0.00     -12.89      -8.27
      2773      30.29       1.91      23.42       0.00     -17.53      -8.27
      3831      31.48       0.00      25.13       0.00     -13.80      -8.27
      5248      31.40       2.00      23.40       0.00     -11.94      -8.27
      7291      31.04       0.26      25.07       0.00     -14.92      -8.27
      8071      31.30       0.00      24.98       0.00     -11.78      -8.27
      9448      31.19       0.12      24.61       0.00     -10.25      -8.27
     10554      33.09       1.86      23.78       0.00      -5.31      -8.27
     13281      32.86       0.00      26.47       0.00     -11.76      -8.27
     14638      32.95       0.00      25.78       0.00      -7.98      -8.27
     16423      32.62       0.00      25.66       0.00      -7.96      -8.27
     16463      32.93       0.00      25.73       0.00      -7.33      -8.27
     16913      32.99       0.00      25.75       0.00      -7.07      -8.27
     18343      32.78       1.86      23.90       0.00      -5.42      -8.27
     18915      33.28       0.00      26.33       0.00      -8.03      -8.27
     22214      33.31       0.92      26.77       0.00     -10.89      -8.27
Reordering...
     26800      32.61       1.79      24.46       0.00      -5.96      -8.27
     27658      32.57       1.67      23.94       0.00      -4.18      -8.27
     28698      32.99       1.69      24.26       0.00      -4.18      -8.27
     30887      33.09       0.52      24.58       0.00      -2.29      -8.27
     31955      33.13       2.00      24.20       0.00      -3.91      -8.27
     34253      33.30       1.62      25.10       0.00      -4.74      -8.27
     36638      33.52       1.61      24.78       0.00      -3.38      -8.27
     42306      33.14       0.00      25.15       0.00      -1.88      -8.27
     42541      33.15       0.00      25.16       0.00      -1.88      -8.27
     43065      33.15       1.23      24.48       0.00      -2.20      -8.27
Reordering...
     44220      33.07       0.00      25.16       0.00      -1.85      -8.27
     44522      33.09       0.45      24.89       0.00      -1.93      -8.27
     45679      33.27       0.00      25.53       0.00      -2.13      -8.27
     45796      33.32       0.00      25.41       0.00      -1.88      -8.27
     46069      33.78       0.00      25.60       0.00      -1.65      -8.27
     47769      33.86       0.00      25.74       0.00      -1.68      -8.27
     51309      33.89       0.00      25.81       0.00      -1.60      -8.27
     53119      33.93       0.00      25.67       0.00      -1.37      -8.27
     55137      34.01       1.13      25.06       0.00      -1.58      -8.27
     59702      34.20       1.06      25.04       0.00      -1.29      -8.27
     61873      34.28       1.13      25.08       0.00      -1.33      -8.27
     62057      34.32       1.06      25.08       0.00      -1.22      -8.27
     62582      34.33       1.13      25.11       0.00      -1.32      -8.27
     62708      34.58       1.12      25.33       0.00      -1.37      -8.27
     64042      34.62       1.09      25.32       0.00      -1.28      -8.27
     64087      34.63       1.13      25.30       0.00      -1.28      -8.27
     64652      34.64       1.09      25.36       0.00      -1.32      -8.27
     65706      34.65       1.13      25.29       0.00      -1.26      -8.27
     66206      34.66       1.13      25.30       0.00      -1.26      -8.27
     66262      34.69       1.09      25.35       0.00      -1.24      -8.27
     66507      34.75       1.13      25.31       0.00      -1.19      -8.27
     66992      34.76       1.08      25.41       0.00      -1.25      -8.27
--------------------------------------------------------------------------------
Best docking solution after GA:
     67000      34.76       1.08      25.41       0.00      -1.25      -8.27

#ops:      67000 #mutates:  32130 #cross:    31615 #migrate:   3255 
#dups:     15229 #niche:    28786 #errors:     517 
--------------------------------------------------------------------------------

Doing AMOEBA simplex on best individual
Done simplexing #iterations 671, best score  36.94

Ligand is stored in gold_soln_6h7j_m1_3.mol2


--------------------------------------------------------------------------------
--- GoldScore breakdown of terms                                             ---
--------------------------------------------------------------------------------
Fitness = S(hb_ext) + 1.3750*S(vdw_ext) + S(hb_int) + 1.0000*S(int)
S(int)  = S(vdw_int) + S(tors)

Internal terms are relative to best energy found (intcor).

--------------------------------------------------------------------------------


     Fitness  S(hb_ext) S(vdw_ext)  S(hb_int)    S(int)      intcor
     36.94       0.60      27.19       0.00      -1.05      -8.27

--------------------------------------------------------------------------------
--- GoldScore analysis of protein-ligand interactions                        ---
--------------------------------------------------------------------------------

  Ligand donor   13 hydrogen   30 Protein acceptor 2066 bond energy  2.00 wt 0.30

--------------------------------------------------------------------------------


--------------------------------------------------------------------------------
--- Chromosome decoded                                                       ---
--------------------------------------------------------------------------------
Ligand Torsions
[   7    4    1   13]  161.67
[  30   13    1    4] -163.68
[  12    2    1    4]  179.82
[   3   12    2    1] -176.11
[  23    6    3   12] -170.39
[   6    3   12    2]  -72.15
[  20    5    3    6]   55.79
[  31   14    9    7]   42.88
[  32   15   11    9] -130.64
Mapping
Ligand acceptors to protein hydrogens (mapping then atom ids)
Ligand hydrogens to protein acceptors (mapping then atom ids)
  2   3 [ 30->2066]
Ligand shape atoms to protein points (mapping then atom ids & coords)
  1  4554 [  1->(-23.500   5.750  15.250)]
  3  8302 [  3->(-21.250  10.000  17.500)]
  4  8318 [  5->(-21.250  10.750  17.750)]
  5  8707 [  6->(-20.250   9.000  18.250)]
Chromosome values
Integers:
  -1   -1   -1   -1   -1    2   -1   -1 4553   -1 8301 8317 
8706   -1   -1   -1 
--------------------------------------------------------------------------------

Current Ranking  1  3  2

Top  3 (of  3) solutions are within 1.000 RMSD, finishing docking C:/Users/student/Desktop/Dokowanko/beta1/ligandy/6h7j.mol2.


--------------------------------------------------------------------------------

* GA execution time :                                                           
  total  9.9995 user  9.9994 sys  0.0000

--------------------------------------------------------------------------------
Fitness function evaluations: 148405

--------------------------------------------------------------------------------
--- Ranking analysis                                                         ---
--------------------------------------------------------------------------------


* Final ranked order of GA solutions:                                           
   1  3  2 

  _______________________________
  RMSD Matrix of RANKED solutions

        2    3  

   1 :  0.5  0.5
   2 :       0.8

  Clustering method                        : complete linkage
  Structure ids in cluster table           : rank nos.
  Ordering of clusters and their members   : by rank (order if from rms_analysis)

  Distance | Clusters
   0.48    |  1  3 |  2 |
   0.83    |  1  2  3 |
  Finished Docking Ligand                  : C:/Users/student/Desktop/Dokowanko/beta1/ligandy/6h7j.mol2
--------------------------------------------------------------------------------

  Relative_Ligand_Energy (best encountered) :  -8.273
  Relative_Ligand_Energy: fitness values have been corrected using this amount
