
--------------------------------------------------------------------------------
--- Ligand                                                                   ---
--------------------------------------------------------------------------------
  Ligand loaded from file                  : C:/Users/student/Desktop/Dokowanko/beta2/ligandy/4ldo.mol2
  Ligand name                              :  
  "C:\Users\porto\OneDrive\projekt\beta2\ligandy\L_4ldo.pdb L_4ldo.pdb 1    "

--------------------------------------------------------------------------------
  N.plc donors                             : 
  none found

  Acidic nitrogen acceptors                : 
  none found
  Sulfur acceptors                         :
  none found


  Donor atoms                              :      4
  2   3   5   7   
  Acceptor atoms                           :      4
  2   3   5   7   

  Hydrogens                                :  (n = 4)
  14   15   17   18   

  Lone pairs added to molecule             :      7
  Numbering                                : from 27 to 33

--------------------------------------------------------------------------------
--- Postprocessing of typing                                                 ---
--------------------------------------------------------------------------------
  Fragment file                            : C:\Program Files (x86)\CCDC/GoldSuite_2018\GOLD\gold\rotatable_bond_override.mol2
  acylurea fragment                        : no matches
  thioacylthiourea fragment                : no matches
  acylthiourea fragment                    : no matches
  thioacylurea fragment                    : no matches
  diarylamine fragment >C.ar-NH-C.ar<      : no matches
  sec-amine (1) fragment                   : no matches
  sec-amine (2) fragment                   : no matches
  sec-amine (3) fragment                   : no matches
  carboxylic ester                         : no matches

* Rotatable bonds in C:/Users/student/Des  :
  [   1   11] [   2   12] [   2   13] [   3    6] 
  [   5    8] [   7   11] [  11   12] 
  No. of rotatable bonds                   :      7


* Fragments found in C:/Users/student/Des  :
  atom   1: benzene
  atom   4: benzene
  atom   6: benzene
  atom   8: benzene
  atom   9: benzene
  atom  10: benzene


* Checking torsion distributions:                                               
  No. of matched torsions                  :      0

--------------------------------------------------------------------------------
--- Shape fitting atoms selection (hydrophobic atoms)                        ---
--------------------------------------------------------------------------------
  Molecule                                 : C:/Users/student/Desktop/Dokowanko/beta2/ligandy/4ldo.mol2
  Selection                                : carbons only
  Atom numbers                             :  (n = 6)
  4    9    10   11   12   13   

--------------------------------------------------------------------------------
--- Automatic parameter setting                                              ---
--------------------------------------------------------------------------------
  Contribution base                        :   2500
  Contribution per rotatable bond          :   6000
  Contribution per df                      :   4000
  Contribution per water                   :  10000
  Ligand rotatable bonds                   :      7
  Protein flexible side chain bonds        :      0
  Total rotatable bonds                    :      7
  Hydrophobic vol ratio (P/L)              :   1.869
  Base multiplier (polar)                  :   1.600
  Base multiplier (apolar)                 :   2.242
  Base contribution                        : 7500.000
  Fitting points                           :      8
  Estimated maxops needed (optimal)        :  50000

--------------------------------------------------------------------------------

* Population settings                                                           
  maxops                                   :  50000
  popsiz                                   :    100
  select_pressure                          :   1.100
  n_islands                                :      5
  niche_siz                                :      2

* GA settings                                                                   
  pt_crosswt                               :     95
  allele_mutatewt                          :     95
  migratewt                                :     10

* Search settings                                                               
  start_vdw_linear_cutoff                  :   6.000
  initial_virtual_pt_match_max             :   3.000
  Scaling of internal VDW energy           : log scale from  0.2 to    1
                                             over 37500 ops
  Sampling interval (operations)           :    500
  Scaling of virtual pt maximum length     : linear scale from    3 to    2
                                             over 37500 ops
  Sampling interval (operations)           :   1500
  Scaling of 4-8 potential cutoff          : log scale from    6 to 1.2e+002
                                             over 37500 ops
  Sampling interval (operations)           :   1500

--------------------------------------------------------------------------------

* Ligand initialisation time :                                                  
  total  0.9991 user  0.0000 sys  0.9990

--------------------------------------------------------------------------------

--------------------------------------------------------------------------------
** Docking run number  1 **
--------------------------------------------------------------------------------
  Rank fitness base is 5000.00 ; increment is 11.2233

* Initialising population(s) ...                                                
Number of constraints mappings 0
Number of constraints 0
  Population no.                           :      1
  Population size                          :    100
  Number of duplicates                     :      0
  Number of niche violations               :      0
  Number of errors                         :     24

Number of constraints mappings 0
Number of constraints 0
  Population no.                           :      2
  Population size                          :    100
  Number of duplicates                     :      0
  Number of niche violations               :      0
  Number of errors                         :     20

Number of constraints mappings 0
Number of constraints 0
  Population no.                           :      3
  Population size                          :    100
  Number of duplicates                     :      0
  Number of niche violations               :      0
  Number of errors                         :     25

Number of constraints mappings 0
Number of constraints 0
  Population no.                           :      4
  Population size                          :    100
  Number of duplicates                     :      0
  Number of niche violations               :      0
  Number of errors                         :     23

Number of constraints mappings 0
Number of constraints 0
  Population no.                           :      5
  Population size                          :    100
  Number of duplicates                     :      0
  Number of niche violations               :      0
  Number of errors                         :     17


Doing GA, no. of population(s) 5 size 100 selection pressure 1.100000

 Operation      Fitness  S(hb_ext) S(vdw_ext)  S(hb_int)    S(int)      intcor
         0      31.69       1.80      23.77       0.00     -13.96      -9.11
      1344      31.75       5.96      21.69       0.00     -19.31      -9.11
      1985      32.01       3.83      21.98       0.00      -9.63      -9.11
      2164      34.51       6.16      23.68       0.00     -19.31      -9.11
      2243      34.84       6.95      21.41       0.00      -7.12      -9.11
      3623      34.77       6.94      21.44       0.00      -7.12      -9.11
      4058      34.83       7.02      21.45       0.00      -7.12      -9.11
      5215      34.55       6.46      23.90       0.00     -19.31      -9.11
      5840      34.88       6.46      24.22       0.00     -19.31      -9.11
      6119      34.42       6.38      23.79       0.00     -18.08      -9.11
Reordering...
      7000      34.26       5.43      22.28       0.00      -6.68      -9.11
      7189      35.43       5.61      23.37       0.00      -8.58      -9.11
      7374      35.51       5.61      23.43       0.00      -8.58      -9.11
      7816      35.71       6.23      22.26       0.00      -4.07      -9.11
      8998      35.85       4.52      24.58       0.00      -8.58      -9.11
Reordering...
      9000      35.41       6.20      22.11       0.00      -4.07      -9.11
      9156      35.52       6.76      22.90       0.00      -9.24      -9.11
      9497      35.88       6.20      22.45       0.00      -4.07      -9.11
      9866      36.07       6.19      22.65       0.00      -4.20      -9.11
     10728      35.82       5.87      22.94       0.00      -5.09      -9.11
Reordering...
     11000      35.78       6.16      22.53       0.00      -4.20      -9.11
     11056      36.41       6.90      22.59       0.00      -4.82      -9.11
     12181      36.30       6.85      22.59       0.00      -4.82      -9.11
     12246      36.53       6.81      22.79       0.00      -4.82      -9.11
     12696      38.33       7.72      23.46       0.00      -4.82      -9.11
     12976      38.33       7.72      23.46       0.00      -4.82      -9.11
     13591      38.22       7.70      23.45       0.00      -4.82      -9.11
Reordering...
     15000      37.95       7.78      23.28       0.00      -4.82      -9.11
     15431      37.97       7.67      23.39       0.00      -4.90      -9.11
Reordering...
     16500      37.72       7.75      23.22       0.00      -4.82      -9.11
     16696      38.11       7.58      23.63       0.00      -4.82      -9.11
     17216      38.26       7.58      23.65       0.00      -4.44      -9.11
     19381      37.57       7.72      23.63       0.00      -5.85      -8.08
     19672      37.64       7.52      23.75       0.00      -5.47      -8.08
     20741      37.65       7.60      23.58       0.00      -4.92      -8.08
     20906      38.02       7.98      23.55       0.00      -4.88      -8.08
     21501      37.81       7.96      23.49       0.00      -4.88      -8.08
     23085      37.49       7.94      23.39       0.00      -4.88      -8.08
     23236      37.58       7.94      23.46       0.00      -4.88      -8.08
     25661      37.51       8.35      23.34       0.00      -4.91      -8.08
     27516      37.27       8.26      23.42       0.00      -4.91      -8.08
     29512      37.48       6.65      24.49       0.00      -4.02      -8.08
     30622      37.30       7.63      23.75       0.00      -4.02      -8.08
     32707      37.02       6.47      24.58       0.00      -4.02      -8.08
Reordering...
     33000      36.94       7.56      23.78       0.00      -4.02      -8.08
     33512      36.96       7.38      24.03       0.00      -4.10      -8.08
Reordering...
     34500      36.73       7.35      24.04       0.00      -4.18      -8.00
     34697      36.95       7.33      24.16       0.00      -4.10      -8.00
     35048      36.95       7.22      24.35       0.00      -4.18      -8.00
     36210      37.04       7.34      24.38       0.00      -4.08      -8.00
     36420      37.09       7.34      24.42       0.00      -4.08      -8.00
     36700      37.04       7.34      24.44       0.00      -4.08      -8.00
     38203      36.87       7.16      24.61       0.00      -4.13      -8.00
     38945      37.18       7.35      24.64       0.00      -4.05      -8.00
     43855      37.19       7.35      24.64       0.00      -4.05      -8.00
     45548      37.20       7.16      24.76       0.00      -4.01      -8.00
     46081      37.21       7.35      24.66       0.00      -4.05      -8.00
     46917      37.24       7.13      24.81       0.00      -4.00      -8.00
     47243      37.29       7.05      24.90       0.00      -3.99      -8.00
     47898      37.34       7.05      24.93       0.00      -3.99      -8.00
     49408      37.36       7.09      24.91       0.00      -3.98      -8.00
--------------------------------------------------------------------------------
Best docking solution after GA:
     50000      37.36       7.09      24.91       0.00      -3.98      -8.00

#ops:      50000 #mutates:  23754 #cross:    23678 #migrate:   2568 
#dups:     10506 #niche:    29497 #errors:     146 
--------------------------------------------------------------------------------

Doing AMOEBA simplex on best individual
Done simplexing #iterations 985, best score  37.56

Ligand is stored in gold_soln_4ldo_m1_1.mol2


--------------------------------------------------------------------------------
--- GoldScore breakdown of terms                                             ---
--------------------------------------------------------------------------------
Fitness = S(hb_ext) + 1.3750*S(vdw_ext) + S(hb_int) + 1.0000*S(int)
S(int)  = S(vdw_int) + S(tors)

Internal terms are relative to best energy found (intcor).

--------------------------------------------------------------------------------


     Fitness  S(hb_ext) S(vdw_ext)  S(hb_int)    S(int)      intcor
     37.56       7.19      25.01       0.00      -4.01      -8.00

--------------------------------------------------------------------------------
--- GoldScore analysis of protein-ligand interactions                        ---
--------------------------------------------------------------------------------

  Ligand acceptor    2 Protein hydrogen 4175 donor 4166 bond energy  2.00 wt 0.28
  Ligand acceptor    7 Protein hydrogen 4104 donor 4097 bond energy  2.00 wt 0.15
  Ligand donor    2 hydrogen   14 Protein acceptor 4098 bond energy  2.00 wt 1.00
  Ligand donor    7 hydrogen   18 Protein acceptor 1334 bond energy  6.00 wt 0.72

--------------------------------------------------------------------------------


--------------------------------------------------------------------------------
--- Chromosome decoded                                                       ---
--------------------------------------------------------------------------------
Ligand Torsions
[   7   11    1    4]  161.05
[  13    2   12   11] -179.30
[  24   13    2   12] -178.44
[  15    3    6    4]   11.41
[  17    5    8    6] -168.90
[  18    7   11    1]   87.74
[   2   12   11    1] -168.38
Protein Torsions
[4175 4166 4165 4163] -146.55 
[1294 1290 1288 1285]   24.20 
[4033 4024 4023 4021]   70.47 
[1412 1408 1406 1403]   33.61 
[2830 2825 2824 2821]  136.46 
[2723 2714 2713 2711]  -66.27 
[2773 2768 2767 2764]  -90.55 
Mapping
Ligand acceptors to protein hydrogens (mapping then atom ids)
  1   1 [  2->4175]
  4   4 [  7->4104]
Ligand hydrogens to protein acceptors (mapping then atom ids)
  1   3 [ 14->4098]
  4   5 [ 18->1334]
Ligand shape atoms to protein points (mapping then atom ids & coords)
  1  4534 [  4->(-29.000   9.750   7.000)]
  2  4379 [  9->(-30.000  11.750   6.250)]
  4  3596 [ 11->(-31.750   9.750   6.750)]
  5  4077 [ 12->(-30.750   9.000   7.000)]
  6  2661 [ 13->(-33.250   8.000   6.750)]
Chromosome values
Integers:
   0   -1   -1    3    2   -1   -1    4 4533 4378   -1 3595 
4076 2660 
--------------------------------------------------------------------------------

Current Ranking  1

--------------------------------------------------------------------------------

* GA execution time :                                                           
  total 11.0000 user 11.0000 sys  0.0000

--------------------------------------------------------------------------------
Fitness function evaluations: 122743

--------------------------------------------------------------------------------
** Docking run number  2 **
--------------------------------------------------------------------------------
  Rank fitness base is 5000.00 ; increment is 11.2233

* Initialising population(s) ...                                                
Number of constraints mappings 0
Number of constraints 0
  Population no.                           :      1
  Population size                          :    100
  Number of duplicates                     :      0
  Number of niche violations               :      0
  Number of errors                         :     29

Number of constraints mappings 0
Number of constraints 0
  Population no.                           :      2
  Population size                          :    100
  Number of duplicates                     :      0
  Number of niche violations               :      0
  Number of errors                         :     26

Number of constraints mappings 0
Number of constraints 0
  Population no.                           :      3
  Population size                          :    100
  Number of duplicates                     :      0
  Number of niche violations               :      0
  Number of errors                         :     27

Number of constraints mappings 0
Number of constraints 0
  Population no.                           :      4
  Population size                          :    100
  Number of duplicates                     :      0
  Number of niche violations               :      0
  Number of errors                         :     24

Number of constraints mappings 0
Number of constraints 0
  Population no.                           :      5
  Population size                          :    100
  Number of duplicates                     :      0
  Number of niche violations               :      0
  Number of errors                         :     20


Doing GA, no. of population(s) 5 size 100 selection pressure 1.100000

 Operation      Fitness  S(hb_ext) S(vdw_ext)  S(hb_int)    S(int)      intcor
         0      31.32       4.55      21.72       0.00     -15.46      -8.00
       317      31.88       3.88      21.82       0.00      -9.97      -8.00
       627      31.93       8.59      18.01       0.00      -6.94      -8.00
      1422      32.74       4.89      21.50       0.00      -8.19      -8.00
      1788      33.85       1.95      24.48       0.00      -8.21      -8.00
      3080      33.82       7.91      22.19       0.00     -20.18      -8.00
      3476      33.90       7.91      22.25       0.00     -20.18      -8.00
      3499      34.17       4.70      22.15       0.00      -4.36      -8.00
      3851      35.09       4.83      23.20       0.00      -7.05      -8.00
      4023      35.19       6.10      23.97       0.00     -16.26      -8.00
      4471      35.27       4.82      23.37       0.00      -7.05      -8.00
      4522      36.10       7.59      22.18       0.00      -8.19      -8.00
      6401      35.76       4.91      23.76       0.00      -7.05      -8.00
      6796      35.79       4.91      23.81       0.00      -7.05      -8.00
      7641      35.87       5.26      23.68       0.00      -7.05      -8.00
      8421      36.00       5.26      23.80       0.00      -7.05      -8.00
      8516      35.98       5.34      23.76       0.00      -7.05      -8.00
     10070      36.20       5.78      23.70       0.00      -7.05      -8.00
     10499      36.30       1.63      25.99       0.00      -3.47      -8.00
     11110      36.16       5.67      23.52       0.00      -5.76      -8.00
Reordering...
     12000      36.01       1.62      25.86       0.00      -3.47      -8.00
     12084      36.27       1.62      26.05       0.00      -3.47      -8.00
     12328      37.46       1.44      26.68       0.00      -2.02      -8.00
     14618      37.36       1.48      26.47       0.00      -1.37      -8.00
     14711      37.49       8.13      22.27       0.00      -3.38      -8.00
     15843      37.38       1.42      26.72       0.00      -2.02      -8.00
     16123      37.41       1.42      26.70       0.00      -1.82      -8.00
     16332      37.87       7.60      23.49       0.00      -5.08      -8.00
     16812      38.01       7.15      23.94       0.00      -5.08      -8.00
     17792      38.10       7.28      23.97       0.00      -5.08      -8.00
     18777      37.82       7.23      23.86       0.00      -5.03      -8.00
     18992      37.90       7.30      23.89       0.00      -5.08      -8.00
     19098      37.99       7.54      23.82       0.00      -5.08      -8.00
Reordering...
     19500      37.67       7.50      23.64       0.00      -5.08      -8.00
     19877      37.69       7.52      23.65       0.00      -5.08      -8.00
     20007      37.73       7.52      23.71       0.00      -5.08      -8.00
     20482      37.73       7.52      23.71       0.00      -5.07      -8.00
     21282      37.36       7.45      23.57       0.00      -5.07      -8.00
     22147      37.31       7.73      23.43       0.00      -5.12      -7.96
Reordering...
     22500      37.08       7.37      23.45       0.00      -4.83      -7.96
     22795      37.11       7.84      23.23       0.00      -5.09      -7.96
     23170      37.24       7.84      23.35       0.00      -5.04      -7.95
Reordering...
     24000      37.02       1.21      26.80       0.00      -1.86      -7.95
     24057      37.19       1.21      26.88       0.00      -1.74      -7.95
     24637      37.07       1.34      26.82       0.00      -2.00      -7.70
     25877      37.19       1.13      26.61       0.00      -0.89      -7.70
     26058      37.53       1.16      26.79       0.00      -0.75      -7.70
     26602      37.63       1.73      26.51       0.00      -0.89      -7.70
     27823      37.69       1.02      27.03       0.00      -0.75      -7.70
Reordering...
     28500      37.66       1.13      26.83       0.00      -0.54      -7.70
     29382      37.81       1.16      27.05       0.00      -0.77      -7.70
Reordering...
     31000      37.75       1.21      26.89       0.00      -0.58      -7.70
     33032      37.93       1.61      26.78       0.00      -0.60      -7.70
     33972      38.16       1.82      26.79       0.00      -0.60      -7.70
Reordering...
     35500      38.07       1.79      26.79       0.00      -0.60      -7.70
     36851      38.16       1.86      26.88       0.00      -0.69      -7.61
     37906      38.20       1.82      26.97       0.00      -0.69      -7.61
     40242      38.28       1.74      27.13       0.00      -0.75      -7.61
     41213      38.28       1.73      27.13       0.00      -0.75      -7.61
     42427      38.46       1.72      27.21       0.00      -0.67      -7.61
     43558      38.48       1.95      27.12       0.00      -0.75      -7.61
     43951      38.51       1.74      27.23       0.00      -0.67      -7.61
     44703      38.57       1.76      27.33       0.00      -0.77      -7.61
     46746      38.59       1.78      27.35       0.00      -0.80      -7.61
     46853      38.59       1.72      27.38       0.00      -0.77      -7.61
     47097      38.62       1.71      27.40       0.00      -0.75      -7.61
     47588      38.65       1.77      27.38       0.00      -0.77      -7.61
     47848      38.65       1.87      27.24       0.00      -0.67      -7.61
     47878      38.66       1.76      27.33       0.00      -0.69      -7.61
     47918      38.68       1.95      27.13       0.00      -0.56      -7.61
     48555      38.70       1.75      27.31       0.00      -0.60      -7.61
     48567      38.87       2.68      26.81       0.00      -0.67      -7.61
     48892      38.93       2.62      26.91       0.00      -0.68      -7.61
--------------------------------------------------------------------------------
Best docking solution after GA:
     50000      38.93       2.62      26.91       0.00      -0.68      -7.61

#ops:      50000 #mutates:  23573 #cross:    23817 #migrate:   2610 
#dups:      9880 #niche:    30386 #errors:      88 
--------------------------------------------------------------------------------

Doing AMOEBA simplex on best individual
Done simplexing #iterations 803, best score  39.61

Ligand is stored in gold_soln_4ldo_m1_2.mol2


--------------------------------------------------------------------------------
--- GoldScore breakdown of terms                                             ---
--------------------------------------------------------------------------------
Fitness = S(hb_ext) + 1.3750*S(vdw_ext) + S(hb_int) + 1.0000*S(int)
S(int)  = S(vdw_int) + S(tors)

Internal terms are relative to best energy found (intcor).

--------------------------------------------------------------------------------


     Fitness  S(hb_ext) S(vdw_ext)  S(hb_int)    S(int)      intcor
     39.61       2.52      27.44       0.00      -0.65      -7.61

--------------------------------------------------------------------------------
--- GoldScore analysis of protein-ligand interactions                        ---
--------------------------------------------------------------------------------

  Ligand acceptor    5 Protein hydrogen 2773 donor 2768 bond energy  2.00 wt 0.54
  Ligand donor    3 hydrogen   15 Protein acceptor 1343 bond energy  2.00 wt 0.73

--------------------------------------------------------------------------------


--------------------------------------------------------------------------------
--- Chromosome decoded                                                       ---
--------------------------------------------------------------------------------
Ligand Torsions
[   7   11    1    4]  -37.33
[  13    2   12   11]  170.97
[  24   13    2   12] -177.91
[  15    3    6    4]  -41.51
[  17    5    8    6]  142.27
[  18    7   11    1] -177.43
[   2   12   11    1]   69.70
Protein Torsions
[4175 4166 4165 4163]  163.36 
[1294 1290 1288 1285]  -68.61 
[4033 4024 4023 4021]   68.63 
[1412 1408 1406 1403]  140.46 
[2830 2825 2824 2821] -177.80 
[2723 2714 2713 2711] -145.16 
[2773 2768 2767 2764]  -81.83 
Mapping
Ligand acceptors to protein hydrogens (mapping then atom ids)
  3  12 [  5->2773]
Ligand hydrogens to protein acceptors (mapping then atom ids)
  2   7 [ 15->1343]
Ligand shape atoms to protein points (mapping then atom ids & coords)
  1  4427 [  4->(-29.750  11.000   7.000)]
  2  5016 [  9->(-27.250  11.000   6.000)]
  5  3461 [ 12->(-32.000  10.250   7.000)]
  6  2911 [ 13->(-32.750   7.750   5.000)]
Chromosome values
Integers:
  -1   -1   11   -1   -1    6   -1   -1 4426 5015   -1   -1 
3460 2910 
--------------------------------------------------------------------------------

Current Ranking  2  1

--------------------------------------------------------------------------------

* GA execution time :                                                           
  total 11.0000 user 11.0000 sys  0.0000

--------------------------------------------------------------------------------
Fitness function evaluations: 122892

--------------------------------------------------------------------------------
** Docking run number  3 **
--------------------------------------------------------------------------------
  Rank fitness base is 5000.00 ; increment is 11.2233

* Initialising population(s) ...                                                
Number of constraints mappings 0
Number of constraints 0
  Population no.                           :      1
  Population size                          :    100
  Number of duplicates                     :      0
  Number of niche violations               :      0
  Number of errors                         :     24

Number of constraints mappings 0
Number of constraints 0
  Population no.                           :      2
  Population size                          :    100
  Number of duplicates                     :      0
  Number of niche violations               :      0
  Number of errors                         :     18

Number of constraints mappings 0
Number of constraints 0
  Population no.                           :      3
  Population size                          :    100
  Number of duplicates                     :      0
  Number of niche violations               :      0
  Number of errors                         :     27

Number of constraints mappings 0
Number of constraints 0
  Population no.                           :      4
  Population size                          :    100
  Number of duplicates                     :      0
  Number of niche violations               :      0
  Number of errors                         :     17

Number of constraints mappings 0
Number of constraints 0
  Population no.                           :      5
  Population size                          :    100
  Number of duplicates                     :      0
  Number of niche violations               :      0
  Number of errors                         :     23


Doing GA, no. of population(s) 5 size 100 selection pressure 1.100000

 Operation      Fitness  S(hb_ext) S(vdw_ext)  S(hb_int)    S(int)      intcor
         0      34.04       1.47      26.56       0.00     -19.77      -7.61
      2333      36.34       6.23      22.98       0.00      -6.87      -7.61
      4039      35.72       3.47      24.50       0.00      -6.07      -7.61
      4309      35.80       3.45      24.58       0.00      -6.07      -7.61
      5809      37.38       3.59      26.45       0.00     -10.16      -7.61
      6429      37.53       4.62      25.85       0.00     -10.16      -7.61
Reordering...
      9000      36.15       2.53      26.05       0.00      -7.46      -7.61
Reordering...
     10500      35.83       2.07      26.25       0.00      -7.46      -7.61
     10712      35.85       2.49      25.96       0.00      -7.46      -7.61
Reordering...
     12000      35.55       2.06      26.17       0.00      -7.46      -7.61
     12272      35.64       2.06      26.24       0.00      -7.46      -7.61
Reordering...
     14000      35.28       4.99      22.50       0.00      -1.79      -7.61
     14245      35.38       2.07      26.20       0.00      -7.46      -7.61
     14588      35.76       5.99      24.56       0.00     -10.75      -7.61
     15973      35.60       5.94      24.61       0.00     -10.75      -7.61
     16178      35.53       5.94      24.63       0.00     -10.75      -7.61
     17661      35.39       5.13      22.56       0.00      -1.79      -7.61
     18894      35.69       6.29      24.84       0.00     -10.75      -7.61
     18904      35.70       6.29      24.85       0.00     -10.75      -7.61
     19507      35.56       1.98      26.55       0.00      -6.35      -7.61
     19647      35.60       1.98      26.58       0.00      -6.35      -7.61
     21759      35.88       6.09      25.60       0.00     -10.75      -7.61
     23034      35.61       6.03      25.71       0.00     -10.75      -7.61
     24845      36.62       7.26      23.06       0.00      -4.09      -7.61
Reordering...
     25500      36.48       7.22      23.06       0.00      -4.09      -7.61
     25834      36.50       7.22      23.07       0.00      -4.09      -7.61
     26169      36.64       7.44      23.05       0.00      -4.09      -7.61
     29549      36.14       7.35      23.05       0.00      -4.09      -7.61
     29641      36.26       7.38      23.06       0.00      -3.99      -7.61
     32360      35.86       7.29      23.06       0.00      -3.99      -7.61
     32897      35.88       7.33      23.10       0.00      -3.99      -7.61
     37050      35.10       6.85      23.38       0.00      -3.99      -7.61
     43192      34.97       7.07      23.20       0.00      -3.99      -7.61
     43272      35.25       7.19      23.30       0.00      -3.99      -7.61
     48797      35.34       7.05      23.47       0.00      -3.99      -7.61
     49123      35.56       6.67      23.89       0.00      -3.95      -7.61
--------------------------------------------------------------------------------
Best docking solution after GA:
     50000      35.56       6.67      23.89       0.00      -3.95      -7.61

#ops:      50000 #mutates:  23833 #cross:    23611 #migrate:   2556 
#dups:      8729 #niche:    27316 #errors:     137 
--------------------------------------------------------------------------------

Doing AMOEBA simplex on best individual
Done simplexing #iterations 885, best score  37.54

Ligand is stored in gold_soln_4ldo_m1_3.mol2


--------------------------------------------------------------------------------
--- GoldScore breakdown of terms                                             ---
--------------------------------------------------------------------------------
Fitness = S(hb_ext) + 1.3750*S(vdw_ext) + S(hb_int) + 1.0000*S(int)
S(int)  = S(vdw_int) + S(tors)

Internal terms are relative to best energy found (intcor).

--------------------------------------------------------------------------------


     Fitness  S(hb_ext) S(vdw_ext)  S(hb_int)    S(int)      intcor
     37.54       7.36      24.40       0.00      -3.37      -7.61

--------------------------------------------------------------------------------
--- GoldScore analysis of protein-ligand interactions                        ---
--------------------------------------------------------------------------------

  Ligand acceptor    3 Protein hydrogen 4175 donor 4166 bond energy  2.00 wt 0.34
  Ligand acceptor    5 Protein hydrogen 4104 donor 4097 bond energy  2.00 wt 0.67
  Ligand acceptor    2 Protein hydrogen 2723 donor 2714 bond energy  2.00 wt 0.21
  Ligand donor    5 hydrogen   17 Protein acceptor 1334 bond energy  6.00 wt 0.82

--------------------------------------------------------------------------------


--------------------------------------------------------------------------------
--- Chromosome decoded                                                       ---
--------------------------------------------------------------------------------
Ligand Torsions
[   7   11    1    4]  -36.66
[  13    2   12   11]  -86.06
[  24   13    2   12]   59.27
[  15    3    6    4]  -11.22
[  17    5    8    6]  -74.08
[  18    7   11    1]  -61.90
[   2   12   11    1]  178.88
Protein Torsions
[4175 4166 4165 4163] -142.07 
[1294 1290 1288 1285]  -80.94 
[4033 4024 4023 4021]   61.75 
[1412 1408 1406 1403]    2.30 
[2830 2825 2824 2821]  158.59 
[2723 2714 2713 2711] -150.07 
[2773 2768 2767 2764] -177.94 
Mapping
Ligand acceptors to protein hydrogens (mapping then atom ids)
Ligand hydrogens to protein acceptors (mapping then atom ids)
  3   5 [ 17->1334]
Ligand shape atoms to protein points (mapping then atom ids & coords)
  1  3830 [  4->(-31.250   8.250   7.000)]
  4  4705 [ 11->(-28.000  10.500   6.750)]
  6  5782 [ 13->(-25.500   9.000   6.750)]
Chromosome values
Integers:
  -1   -1   -1   -1   -1   -1    4   -1 3829   -1   -1 4704 
  -1 5781 
--------------------------------------------------------------------------------

Current Ranking  2  1  3

--------------------------------------------------------------------------------

* GA execution time :                                                           
  total 11.0000 user 11.0000 sys  0.0000

--------------------------------------------------------------------------------
Fitness function evaluations: 123547

--------------------------------------------------------------------------------
** Docking run number  4 **
--------------------------------------------------------------------------------
  Rank fitness base is 5000.00 ; increment is 11.2233

* Initialising population(s) ...                                                
Number of constraints mappings 0
Number of constraints 0
  Population no.                           :      1
  Population size                          :    100
  Number of duplicates                     :      0
  Number of niche violations               :      0
  Number of errors                         :     22

Number of constraints mappings 0
Number of constraints 0
  Population no.                           :      2
  Population size                          :    100
  Number of duplicates                     :      0
  Number of niche violations               :      0
  Number of errors                         :     24

Number of constraints mappings 0
Number of constraints 0
  Population no.                           :      3
  Population size                          :    100
  Number of duplicates                     :      0
  Number of niche violations               :      0
  Number of errors                         :     31

Number of constraints mappings 0
Number of constraints 0
  Population no.                           :      4
  Population size                          :    100
  Number of duplicates                     :      0
  Number of niche violations               :      0
  Number of errors                         :     29

Number of constraints mappings 0
Number of constraints 0
  Population no.                           :      5
  Population size                          :    100
  Number of duplicates                     :      0
  Number of niche violations               :      0
  Number of errors                         :     34


Doing GA, no. of population(s) 5 size 100 selection pressure 1.100000

 Operation      Fitness  S(hb_ext) S(vdw_ext)  S(hb_int)    S(int)      intcor
         0      37.08       4.82      27.17       0.00     -25.48      -7.61
      1345      36.96       4.73      26.59       0.00     -20.72      -7.61
      1530      36.91       4.44      26.78       0.00     -20.42      -7.61
      1680      36.96       4.25      26.96       0.00     -20.42      -7.61
      2220      36.91       4.25      26.99       0.00     -20.42      -7.61
      2925      37.12       4.29      27.14       0.00     -20.15      -7.61
      5890      36.22       4.25      26.45       0.00     -17.39      -7.61
      7465      35.40       4.24      26.07       0.00     -17.39      -7.61
      8685      34.43       4.24      25.60       0.00     -17.39      -7.61
      8719      34.71       4.24      25.81       0.00     -17.39      -7.61
Reordering...
      9000      34.01       4.36      22.41       0.00      -3.97      -7.61
      9087      36.31       7.19      22.99       0.00      -8.45      -7.61
      9972      37.16       7.99      23.21       0.00      -9.13      -7.61
     11752      36.88       8.20      23.03       0.00      -9.13      -7.61
     12077      36.96       8.38      23.05       0.00      -9.27      -7.61
     13542      36.71       8.45      22.92       0.00      -9.13      -7.61
     13582      37.06       8.69      23.04       0.00      -9.27      -7.61
     14617      36.92       8.69      23.04       0.00      -9.27      -7.61
     14727      36.92       8.69      23.04       0.00      -9.27      -7.61
     14992      36.92       8.69      23.04       0.00      -9.27      -7.61
     15142      36.65       8.64      22.94       0.00      -9.27      -7.61
     15392      36.65       8.57      22.99       0.00      -9.27      -7.61
     15697      36.63       8.57      22.91       0.00      -8.85      -7.61
     15849      36.82       5.61      24.70       0.00      -7.10      -7.61
     15954      36.83       5.61      24.71       0.00      -7.10      -7.61
     16382      36.99       8.80      23.06       0.00      -8.86      -7.61
     18334      36.80       4.65      25.57       0.00      -6.95      -7.61
     18574      36.89       4.55      25.75       0.00      -6.94      -7.61
     20561      36.52       2.69      26.22       0.00      -4.62      -7.61
     20665      36.65       4.54      25.78       0.00      -6.94      -7.61
     20904      36.81       4.82      25.70       0.00      -6.94      -7.61
     21794      36.59       4.76      25.69       0.00      -6.94      -7.61
     21919      36.59       4.76      25.69       0.00      -6.94      -7.61
     22124      37.13       5.13      25.87       0.00      -6.94      -7.61
Reordering...
     24000      36.64       2.83      25.74       0.00      -2.82      -7.61
     24059      36.68       4.95      25.90       0.00      -6.94      -7.61
     24194      36.92       3.16      25.75       0.00      -2.92      -7.61
     24609      36.97       3.09      25.81       0.00      -2.82      -7.61
     26329      36.86       3.03      25.85       0.00      -2.79      -7.61
     26704      36.83       3.03      25.85       0.00      -2.79      -7.61
     26894      36.85       3.13      25.84       0.00      -2.92      -7.61
     26934      36.96       3.03      25.94       0.00      -2.79      -7.61
     27709      36.84       2.94      25.90       0.00      -2.63      -7.61
     29635      36.71       2.38      26.33       0.00      -2.63      -7.61
     29725      36.72       2.39      26.33       0.00      -2.63      -7.61
     30090      36.79       2.56      26.20       0.00      -2.49      -7.61
     30185      36.80       2.56      26.21       0.00      -2.49      -7.61
     30505      37.00       2.56      26.23       0.00      -2.18      -7.61
     32192      37.35       2.04      27.24       0.00      -2.71      -7.61
     35392      37.03       2.01      27.24       0.00      -2.71      -7.61
     39822      37.52       1.68      27.32       0.00      -1.72      -7.61
     39827      37.64       1.93      27.64       0.00      -2.29      -7.61
     40412      37.66       1.93      27.66       0.00      -2.29      -7.61
     40812      37.67       1.93      27.66       0.00      -2.29      -7.61
     41612      38.01       1.55      27.76       0.00      -1.72      -7.61
     43266      38.06       1.84      27.85       0.00      -2.08      -7.61
     45286      38.07       1.84      27.86       0.00      -2.08      -7.61
     45501      38.10       1.84      27.88       0.00      -2.08      -7.61
     45502      38.15       1.99      27.80       0.00      -2.06      -7.61
     45752      38.15       1.99      27.80       0.00      -2.06      -7.61
     45907      38.18       1.99      27.82       0.00      -2.06      -7.61
     45947      38.19       2.00      27.58       0.00      -1.72      -7.61
     46047      38.20       2.14      27.98       0.00      -2.41      -7.61
     46310      38.20       1.95      28.03       0.00      -2.29      -7.61
     46571      38.49       1.84      27.83       0.00      -1.62      -7.61
     47632      38.50       1.95      27.99       0.00      -1.94      -7.61
     47772      38.58       1.95      28.05       0.00      -1.94      -7.61
     48130      38.65       1.95      28.09       0.00      -1.92      -7.61
     48572      38.73       1.91      27.94       0.00      -1.59      -7.61
     49382      38.76       1.94      27.93       0.00      -1.59      -7.61
     49444      38.80       1.98      28.11       0.00      -1.83      -7.61
--------------------------------------------------------------------------------
Best docking solution after GA:
     50000      38.80       1.98      28.11       0.00      -1.83      -7.61

#ops:      50000 #mutates:  23752 #cross:    23747 #migrate:   2501 
#dups:     10159 #niche:    30344 #errors:     129 
--------------------------------------------------------------------------------

Doing AMOEBA simplex on best individual
Done simplexing #iterations 696, best score  39.81

Ligand is stored in gold_soln_4ldo_m1_4.mol2


--------------------------------------------------------------------------------
--- GoldScore breakdown of terms                                             ---
--------------------------------------------------------------------------------
Fitness = S(hb_ext) + 1.3750*S(vdw_ext) + S(hb_int) + 1.0000*S(int)
S(int)  = S(vdw_int) + S(tors)

Internal terms are relative to best energy found (intcor).

--------------------------------------------------------------------------------


     Fitness  S(hb_ext) S(vdw_ext)  S(hb_int)    S(int)      intcor
     39.81       2.27      28.08       0.00      -1.07      -7.61

--------------------------------------------------------------------------------
--- GoldScore analysis of protein-ligand interactions                        ---
--------------------------------------------------------------------------------

  Ligand acceptor    3 Protein hydrogen 1412 donor 1408 bond energy  2.00 wt 0.22
  Ligand donor    3 hydrogen   15 Protein acceptor 1343 bond energy  2.00 wt 0.91

--------------------------------------------------------------------------------


--------------------------------------------------------------------------------
--- Chromosome decoded                                                       ---
--------------------------------------------------------------------------------
Ligand Torsions
[   7   11    1    4]  -36.94
[  13    2   12   11]  174.00
[  24   13    2   12]   51.45
[  15    3    6    4]  -63.66
[  17    5    8    6]  179.98
[  18    7   11    1]  -63.39
[   2   12   11    1]   72.54
Protein Torsions
[4175 4166 4165 4163] -123.60 
[1294 1290 1288 1285]  -66.95 
[4033 4024 4023 4021]   59.62 
[1412 1408 1406 1403]   17.13 
[2830 2825 2824 2821] -160.46 
[2723 2714 2713 2711] -107.15 
[2773 2768 2767 2764]  -23.50 
Mapping
Ligand acceptors to protein hydrogens (mapping then atom ids)
  2   6 [  3->1412]
Ligand hydrogens to protein acceptors (mapping then atom ids)
  2   7 [ 15->1343]
Ligand shape atoms to protein points (mapping then atom ids & coords)
  2  4868 [  9->(-27.500   9.750   6.750)]
  3  4640 [ 10->(-28.250  10.500   6.250)]
  4  4223 [ 11->(-30.500  11.250   8.000)]
  5  3079 [ 12->(-32.500   8.250   6.750)]
  6  3040 [ 13->(-32.500   7.500   5.250)]
Chromosome values
Integers:
  -1    5   -1   -1   -1    6   -1   -1   -1 4867 4639 4222 
3078 3039 
--------------------------------------------------------------------------------

Current Ranking  4  2  1  3

--------------------------------------------------------------------------------

* GA execution time :                                                           
  total 11.0001 user 11.0001 sys  0.0000

--------------------------------------------------------------------------------
Fitness function evaluations: 122756

--------------------------------------------------------------------------------
** Docking run number  5 **
--------------------------------------------------------------------------------
  Rank fitness base is 5000.00 ; increment is 11.2233

* Initialising population(s) ...                                                
Number of constraints mappings 0
Number of constraints 0
  Population no.                           :      1
  Population size                          :    100
  Number of duplicates                     :      0
  Number of niche violations               :      0
  Number of errors                         :     28

Number of constraints mappings 0
Number of constraints 0
  Population no.                           :      2
  Population size                          :    100
  Number of duplicates                     :      0
  Number of niche violations               :      0
  Number of errors                         :     20

Number of constraints mappings 0
Number of constraints 0
  Population no.                           :      3
  Population size                          :    100
  Number of duplicates                     :      0
  Number of niche violations               :      0
  Number of errors                         :     29

Number of constraints mappings 0
Number of constraints 0
  Population no.                           :      4
  Population size                          :    100
  Number of duplicates                     :      0
  Number of niche violations               :      0
  Number of errors                         :     17

Number of constraints mappings 0
Number of constraints 0
  Population no.                           :      5
  Population size                          :    100
  Number of duplicates                     :      0
  Number of niche violations               :      0
  Number of errors                         :     16


Doing GA, no. of population(s) 5 size 100 selection pressure 1.100000

 Operation      Fitness  S(hb_ext) S(vdw_ext)  S(hb_int)    S(int)      intcor
         0      30.68       2.64      22.15       0.00     -12.08      -7.61
      1328      31.38       2.59      21.88       0.00      -6.23      -7.61
      1334      32.07       4.34      22.13       0.00     -12.92      -7.61
      1787      35.74       4.33      23.65       0.00      -5.14      -7.61
      1912      35.80       4.33      23.69       0.00      -5.14      -7.61
      3129      37.17       9.52      21.43       0.00      -8.03      -7.61
Reordering...
      4500      35.93       2.22      26.65       0.00     -12.11      -7.61
      5045      36.03       8.30      22.26       0.00     -11.57      -7.61
      5201      36.22       1.92      27.06       0.00     -11.69      -7.61
      5920      36.60       8.30      22.71       0.00     -11.57      -7.61
      7175      37.19       8.44      23.18       0.00     -11.57      -7.61
      7825      36.94       8.57      22.95       0.00     -11.57      -7.61
Reordering...
     10000      36.35       8.53      22.82       0.00     -11.57      -7.61
     10214      36.40       8.40      22.95       0.00     -11.57      -7.61
Reordering...
     11000      35.97       8.38      22.76       0.00     -11.57      -7.61
     11359      35.99       7.90      23.13       0.00     -11.57      -7.61
     11564      36.02       7.90      23.21       0.00     -11.57      -7.61
     12765      35.83       4.07      24.78       0.00      -6.78      -7.61
     13275      36.11       3.98      25.62       0.00      -8.86      -7.61
     14712      36.39       4.98      24.36       0.00      -5.59      -7.61
     14995      36.76       4.23      25.47       0.00      -6.70      -7.61
Reordering...
     16000      36.56       4.19      25.47       0.00      -6.70      -7.61
     17271      36.72       9.53      22.22       0.00      -8.11      -7.61
Reordering...
     18000      36.24       4.11      25.47       0.00      -6.70      -7.61
     18446      36.47       9.42      22.11       0.00      -7.73      -7.61
Reordering...
     19500      36.00       4.07      25.48       0.00      -6.70      -7.61
     19576      36.31       9.70      21.95       0.00      -7.73      -7.61
     19581      36.31       7.93      23.24       0.00      -7.74      -7.61
     21641      35.85       4.15      25.48       0.00      -6.61      -7.61
     22730      35.69       4.17      25.48       0.00      -6.70      -7.61
     24959      36.32       2.14      26.02       0.00      -2.80      -7.61
     25819      36.26       2.08      26.08       0.00      -2.80      -7.61
     29299      36.01       2.02      26.11       0.00      -2.75      -7.61
     31240      35.87       2.01      26.15       0.00      -2.77      -7.61
     31825      36.07       2.00      26.14       0.00      -2.43      -7.61
     32355      36.03       2.00      26.14       0.00      -2.43      -7.61
     32984      36.03       2.04      25.76       0.00      -1.78      -7.61
     33294      36.02       1.98      25.82       0.00      -1.78      -7.61
     33801      36.00       1.87      26.52       0.00      -2.77      -7.61
     34084      35.96       1.98      25.83       0.00      -1.78      -7.61
     34125      36.08       2.10      26.23       0.00      -2.42      -7.61
     34879      36.16       2.00      26.65       0.00      -2.83      -7.61
     34979      36.75       2.00      26.89       0.00      -2.54      -7.61
     35044      37.50       2.00      26.98       0.00      -1.78      -7.61
     36109      37.50       2.36      27.05       0.00      -2.18      -7.61
     37188      37.48       2.00      27.09       0.00      -1.81      -7.61
     37969      37.48       2.00      27.10       0.00      -1.78      -7.61
     37980      37.50       2.00      27.11       0.00      -1.79      -7.61
     38270      37.60       2.00      27.20       0.00      -1.79      -7.61
     39355      37.62       2.00      27.20       0.00      -1.79      -7.61
     39469      37.85       1.91      27.01       0.00      -1.20      -7.61
     41220      37.89       2.00      27.31       0.00      -1.66      -7.61
     43459      38.03       1.89      27.06       0.00      -1.07      -7.61
     44074      38.26       1.92      27.20       0.00      -1.06      -7.61
     44794      38.32       1.98      27.30       0.00      -1.20      -7.61
     45549      38.33       1.92      27.23       0.00      -1.04      -7.61
     45708      38.49       2.00      27.84       0.00      -1.79      -7.61
     46478      38.57       1.76      27.62       0.00      -1.16      -7.61
     46812      38.58       1.76      27.63       0.00      -1.16      -7.61
     47378      38.59       1.76      27.63       0.00      -1.16      -7.61
     47542      38.75       1.78      27.63       0.00      -1.03      -7.61
     47836      38.75       1.90      27.58       0.00      -1.06      -7.61
     48007      38.76       1.78      27.62       0.00      -0.99      -7.61
     48084      38.79       1.79      27.61       0.00      -0.97      -7.61
     48215      38.85       1.90      27.59       0.00      -0.99      -7.61
     48233      38.87       1.76      27.71       0.00      -1.00      -7.61
     48341      38.89       1.78      27.71       0.00      -0.98      -7.61
     48566      38.94       1.78      27.71       0.00      -0.93      -7.61
     48734      38.98       1.99      27.60       0.00      -0.97      -7.61
     48964      39.00       1.90      27.70       0.00      -0.98      -7.61
     49404      39.00       1.85      27.81       0.00      -1.08      -7.61
     49599      39.05       1.90      27.73       0.00      -0.98      -7.61
--------------------------------------------------------------------------------
Best docking solution after GA:
     50000      39.05       1.90      27.73       0.00      -0.98      -7.61

#ops:      50000 #mutates:  23692 #cross:    23755 #migrate:   2553 
#dups:     10842 #niche:    29940 #errors:     151 
--------------------------------------------------------------------------------

Doing AMOEBA simplex on best individual
Done simplexing #iterations 602, best score  39.65

Ligand is stored in gold_soln_4ldo_m1_5.mol2


--------------------------------------------------------------------------------
--- GoldScore breakdown of terms                                             ---
--------------------------------------------------------------------------------
Fitness = S(hb_ext) + 1.3750*S(vdw_ext) + S(hb_int) + 1.0000*S(int)
S(int)  = S(vdw_int) + S(tors)

Internal terms are relative to best energy found (intcor).

--------------------------------------------------------------------------------


     Fitness  S(hb_ext) S(vdw_ext)  S(hb_int)    S(int)      intcor
     39.65       1.98      28.09       0.00      -0.96      -7.61

--------------------------------------------------------------------------------
--- GoldScore analysis of protein-ligand interactions                        ---
--------------------------------------------------------------------------------

  Ligand donor    3 hydrogen   15 Protein acceptor 1343 bond energy  2.00 wt 0.99

--------------------------------------------------------------------------------


--------------------------------------------------------------------------------
--- Chromosome decoded                                                       ---
--------------------------------------------------------------------------------
Ligand Torsions
[   7   11    1    4]  -32.97
[  13    2   12   11]  169.06
[  24   13    2   12]  -62.77
[  15    3    6    4]  -59.96
[  17    5    8    6]  150.37
[  18    7   11    1]  -61.63
[   2   12   11    1]   70.06
Protein Torsions
[4175 4166 4165 4163] -171.87 
[1294 1290 1288 1285]  -33.56 
[4033 4024 4023 4021]   47.00 
[1412 1408 1406 1403]  -74.72 
[2830 2825 2824 2821] -171.05 
[2723 2714 2713 2711] -125.44 
[2773 2768 2767 2764] -166.02 
Mapping
Ligand acceptors to protein hydrogens (mapping then atom ids)
Ligand hydrogens to protein acceptors (mapping then atom ids)
  2   7 [ 15->1343]
Ligand shape atoms to protein points (mapping then atom ids & coords)
  2  4707 [  9->(-28.000  10.750   6.250)]
  3  4766 [ 10->(-27.750   9.500   7.250)]
  5  3737 [ 12->(-31.500   9.750   6.500)]
  6  2492 [ 13->(-33.500   7.250   5.250)]
Chromosome values
Integers:
  -1   -1   -1   -1   -1    6   -1   -1   -1 4706 4765   -1 
3736 2491 
--------------------------------------------------------------------------------

Current Ranking  4  5  2  1  3

Top  3 (of  5) solutions are within 1.000 RMSD, finishing docking C:/Users/student/Desktop/Dokowanko/beta2/ligandy/4ldo.mol2.


--------------------------------------------------------------------------------

* GA execution time :                                                           
  total 11.0000 user 11.0000 sys  0.0000

--------------------------------------------------------------------------------
Fitness function evaluations: 122616

--------------------------------------------------------------------------------
--- Ranking analysis                                                         ---
--------------------------------------------------------------------------------


* Final ranked order of GA solutions:                                           
   4  5  2  1  3 

  _______________________________
  RMSD Matrix of RANKED solutions

        2    3    4    5  

   1 :  0.3  0.5  2.2  5.0
   2 :       0.3  2.2  5.0
   3 :            2.2  5.1
   4 :                 5.1

  Clustering method                        : complete linkage
  Structure ids in cluster table           : rank nos.
  Ordering of clusters and their members   : by rank (order if from rms_analysis)

  Distance | Clusters
   0.27    |  1  2 |  3 |  4 |  5 |
   0.48    |  1  2  3 |  4 |  5 |
   2.24    |  1  2  3  4 |  5 |
   5.08    |  1  2  3  4  5 |
  Finished Docking Ligand                  : C:/Users/student/Desktop/Dokowanko/beta2/ligandy/4ldo.mol2
--------------------------------------------------------------------------------

  Relative_Ligand_Energy (best encountered) :  -7.610
  Relative_Ligand_Energy: fitness values have been corrected using this amount
