# WARNING: atom    2 in /home/mateusz/Kasia/zajecia/dokowanie-karolina/ligandy/4bvn.mol2 is type   N.2 resetting to type   N.1 (set_atom_type)
# WARNING: atom    3 in /home/mateusz/Kasia/zajecia/dokowanie-karolina/ligandy/4bvn.mol2 is type   O.2 resetting to type   O.3 (set_atom_type)
# WARNING: atom   13 in /home/mateusz/Kasia/zajecia/dokowanie-karolina/ligandy/4bvn.mol2 is type   C.1 resetting to type   C.2 (set_atom_type)
# WARNING: atom    9 in /home/mateusz/Kasia/zajecia/dokowanie-karolina/ligandy/4bvn.mol2 is type   C.2 but should be  C.ar (check_aromatic_bonds_and_atoms)
# WARNING: bond   15 in /home/mateusz/Kasia/zajecia/dokowanie-karolina/ligandy/4bvn.mol2 is type   1 but should be  ar (check_aromatic_bonds_and_atoms)
# WARNING: atom    7 in /home/mateusz/Kasia/zajecia/dokowanie-karolina/ligandy/4bvn.mol2 is type   C.2 but should be  C.ar (check_aromatic_bonds_and_atoms)
# WARNING: bond   16 in /home/mateusz/Kasia/zajecia/dokowanie-karolina/ligandy/4bvn.mol2 is type   2 but should be  ar (check_aromatic_bonds_and_atoms)
# WARNING: atom   13 in /home/mateusz/Kasia/zajecia/dokowanie-karolina/ligandy/4bvn.mol2 is type   C.2 but should be  C.ar (check_aromatic_bonds_and_atoms)
# WARNING: bond   23 in /home/mateusz/Kasia/zajecia/dokowanie-karolina/ligandy/4bvn.mol2 is type   1 but should be  ar (check_aromatic_bonds_and_atoms)
# WARNING: atom   12 in /home/mateusz/Kasia/zajecia/dokowanie-karolina/ligandy/4bvn.mol2 is type   C.2 but should be  C.ar (check_aromatic_bonds_and_atoms)
# WARNING: bond   21 in /home/mateusz/Kasia/zajecia/dokowanie-karolina/ligandy/4bvn.mol2 is type   2 but should be  ar (check_aromatic_bonds_and_atoms)
# WARNING: atom   11 in /home/mateusz/Kasia/zajecia/dokowanie-karolina/ligandy/4bvn.mol2 is type   C.2 but should be  C.ar (check_aromatic_bonds_and_atoms)
# WARNING: bond   19 in /home/mateusz/Kasia/zajecia/dokowanie-karolina/ligandy/4bvn.mol2 is type   1 but should be  ar (check_aromatic_bonds_and_atoms)
# WARNING: atom   10 in /home/mateusz/Kasia/zajecia/dokowanie-karolina/ligandy/4bvn.mol2 is type   C.2 but should be  C.ar (check_aromatic_bonds_and_atoms)
# WARNING: bond   18 in /home/mateusz/Kasia/zajecia/dokowanie-karolina/ligandy/4bvn.mol2 is type   2 but should be  ar (check_aromatic_bonds_and_atoms)

--------------------------------------------------------------------------------
--- Ligand                                                                   ---
--------------------------------------------------------------------------------
  Ligand loaded from file                  : /home/mateusz/Kasia/zajecia/dokowanie-karolina/ligandy/4bvn.mol2
  Ligand name                              :  
  "C:\Users\porto\OneDrive\projekt\beta1\ligandy\L_4bvn.pdb L_4bvn.pdb 1    "

--------------------------------------------------------------------------------
  N.plc donors                             : 
  none found

  Acidic nitrogen acceptors                : 
  none found
  Sulfur acceptors                         :
  none found

  N.1 atom 8 is not an acceptor (skipped)

  Donor atoms                              :      2
  5   6   
  Acceptor atoms                           :      4
  3   5   6   8   

  Hydrogens                                :  (n = 2)
  24   25   

  Lone pairs added to molecule             :      6
  Numbering                                : from 43 to 48

--------------------------------------------------------------------------------
--- Postprocessing of typing                                                 ---
--------------------------------------------------------------------------------
  Fragment file                            : /opt/CCDC/GoldSuite_2017/GOLD/gold/rotatable_bond_override.mol2
  acylurea fragment                        : no matches
  thioacylthiourea fragment                : no matches
  acylthiourea fragment                    : no matches
  thioacylurea fragment                    : no matches
  diarylamine fragment >C.ar-NH-C.ar<      : no matches
  sec-amine (1) fragment                   : no matches
  sec-amine (2) fragment                   : no matches
  sec-amine (3) fragment                   : no matches
  carboxylic ester                         : no matches

* Rotatable bonds in /home/mateusz/Kasia/  :
  [   1   21] [   3    9] [   3   14] [   5   17] 
  [   5   16] [   6   15] [  14   15] [  15   16] 
  No. of rotatable bonds                   :      8


* Reading torsional distributions from file:
  /opt/CCDC/GoldSuite_2017/GOLD/gold/gold.tordist
  No. of bins in torsional distributions   :     36
  Minimum size of largest peak             :      0
  Removing high energy torsions            : on
  Delta E set to                           :   2.500

* Fragments found in /home/mateusz/Kasia/  :
  atom   7: benzene
  atom   9: benzene
  atom  10: benzene
  atom  11: benzene
  atom  12: benzene
  atom  13: benzene


* Checking torsion distributions:                                               
  Rotatable bond [10  9  3 14] matches torsion: ortho-substituoed aromatic-aliphatic ether
   C.ar ( 1H ) | C.ar ( C.ar ( 0H ) ) | O.3 | C.3 ( 2H ) 
  No. of matched torsions                  :      1

--------------------------------------------------------------------------------
--- Shape fitting atoms selection (hydrophobic atoms)                        ---
--------------------------------------------------------------------------------
  Molecule                                 : /home/mateusz/Kasia/zajecia/dokowanie-karolina/ligandy/4bvn.mol2
  Selection                                : carbons only
  Atom numbers                             :  (n = 10)
  4    10   11   12   14   15   16   18   19   20   
  


--------------------------------------------------------------------------------
--- ChemScore ligand setup summary                                           ---
--------------------------------------------------------------------------------
  ChemScore ligand acceptors               :      4
  3 5 6 8 
  ChemScore ligand donors                  :      2
  5 ( 24  ) 6 ( 25  ) 
  ChemScore ligand CH donors               :      0
  

  ChemScore ligand lipophilic atoms        :  (n = 15)
  1    4    7    9    10   11   12   13   14   15   
  16   17   18   19   20   

  ChemScore ligand rotatable bonds         :      8
  1   (C1 ) - 21  (C16): UNKNOWN_BOND
  3   (O1 ) - 9   (C4 ): SP3_SP2_BOND
  3   (O1 ) - 14  (C9 ): SP3_SP3_BOND
  5   (N2 ) - 17  (C12): SP3_SP3_BOND
  5   (N2 ) - 16  (C11): SP3_SP3_BOND
  6   (O2 ) - 15  (C10): SP3_SP3_BOND
  14  (C9 ) - 15  (C10): SP3_SP3_BOND
  15  (C10) - 16  (C11): SP3_SP3_BOND

--------------------------------------------------------------------------------
--- PLP ligand setup summary                                                 ---
--------------------------------------------------------------------------------
    1    C1   C.2 NONPOLAR
    2    N1   N.1 ACCEPTOR
    3    O1   O.3 ACCEPTOR
    4    C2   C.3 NONPOLAR
    5    N2   N.3 DONACC
    6    O2   O.3 DONACC
    7    C3  C.ar NONPOLAR
    8    N3   N.1 ACCEPTOR
    9    C4  C.ar NONPOLAR
   10    C5  C.ar NONPOLAR
   11    C6  C.ar NONPOLAR
   12    C7  C.ar NONPOLAR
   13    C8  C.ar NONPOLAR
   14    C9   C.3 NONPOLAR
   15   C10   C.3 NONPOLAR
   16   C11   C.3 NONPOLAR
   17   C12   C.3 NONPOLAR
   18   C13   C.3 NONPOLAR
   19   C14   C.3 NONPOLAR
   20   C15   C.3 NONPOLAR
   21   C16   C.1 NONPOLAR

--------------------------------------------------------------------------------
--- Automatic parameter setting                                              ---
--------------------------------------------------------------------------------
  Contribution base                        :   2500
  Contribution per rotatable bond          :   6000
  Contribution per df                      :   4000
  Contribution per water                   :  10000
  Ligand rotatable bonds                   :      8
  Protein flexible side chain bonds        :      0
  Total rotatable bonds                    :      8
  Hydrophobic vol ratio (P/L)              :   1.773
  Base multiplier (polar)                  :   1.200
  Base multiplier (apolar)                 :   3.546
  Base contribution                        : 10000.000
  Fitting points                           :      6
  Estimated maxops needed (optimal)        :  58500

--------------------------------------------------------------------------------

* Population settings                                                           
  maxops                                   :  58500
  popsiz                                   :    100
  select_pressure                          :   1.100
  n_islands                                :      5
  niche_siz                                :      2

* GA settings                                                                   
  pt_crosswt                               :     95
  allele_mutatewt                          :     95
  migratewt                                :     10

* Search settings                                                               
  start_vdw_linear_cutoff                  :   4.000
  initial_virtual_pt_match_max             :   3.000

--------------------------------------------------------------------------------

* Ligand initialisation time :                                                  
  total  0.0156 user  0.0156 sys  0.0000

--------------------------------------------------------------------------------

--------------------------------------------------------------------------------
** Docking run number  1 **
--------------------------------------------------------------------------------
  Rank fitness base is 5000.00 ; increment is 11.2233

* Initialising population(s) ...                                                
Number of constraints mappings 0
Number of constraints 0
  Population no.                           :      1
  Population size                          :    100
  Number of duplicates                     :      0
  Number of niche violations               :      0
  Number of errors                         :    224

Number of constraints mappings 0
Number of constraints 0
  Population no.                           :      2
  Population size                          :    100
  Number of duplicates                     :      0
  Number of niche violations               :      0
  Number of errors                         :    218

Number of constraints mappings 0
Number of constraints 0
  Population no.                           :      3
  Population size                          :    100
  Number of duplicates                     :      0
  Number of niche violations               :      0
  Number of errors                         :    201

Number of constraints mappings 0
Number of constraints 0
  Population no.                           :      4
  Population size                          :    100
  Number of duplicates                     :      0
  Number of niche violations               :      0
  Number of errors                         :    232

Number of constraints mappings 0
Number of constraints 0
  Population no.                           :      5
  Population size                          :    100
  Number of duplicates                     :      0
  Number of niche violations               :      0
  Number of errors                         :    229


Doing GA, no. of population(s) 5 size 100 selection pressure 1.100000

 Operation      Score     S(PLP)   S(hbond)     S(cho)   S(metal)  DE(clash)   DE(tors)     intcor
         0      24.80     -28.07       0.00       0.00       0.00       0.00       2.00       0.73
      2678      26.26     -29.66       0.00       0.00       0.00       0.00       2.06       0.73
      2971      29.42     -30.31       0.37       0.00       0.00       0.00       1.37       0.73
      3372      30.69     -34.45       0.18       0.00       0.00       1.75       1.64       0.73
      3956      35.04     -38.49       0.94       0.00       0.00       3.62       1.70       0.73
      4875      36.94     -36.18       1.02       0.00       0.00       0.00       1.52       0.73
      5358      37.97     -40.23       0.00       0.00       0.00       0.00       1.49       0.73
      5616      40.73     -38.64       0.94       0.00       0.00       0.00       0.74       0.73
      7466      41.31     -39.37       0.90       0.00       0.00       0.00       0.74       0.73
      8253      44.76     -45.49       0.00       0.00       0.00       0.15       0.66       0.73
      8725      45.76     -47.94       0.00       0.00       0.00       0.00       1.45       0.73
      9250      49.44     -50.02       0.52       0.00       0.00       0.00       1.43       0.73
     14556      49.72     -50.75       0.00       0.00       0.00       0.00       0.88       0.73
     15804      49.81     -50.83       0.45       0.00       0.00       0.00       1.55       0.73
     18199      51.65     -50.53       0.96       0.00       0.00       0.15       1.17       0.73
     20012      51.65     -50.64       0.94       0.00       0.00       0.00       1.28       0.73
     20397      53.03     -51.61       0.93       0.00       0.00       0.00       1.05       0.73
     25187      53.34     -52.22       0.90       0.00       0.00       0.00       1.10       0.64
     31662      53.97     -52.77       0.94       0.00       0.00       0.00       1.10       0.57
     35602      54.43     -52.76       0.96       0.00       0.00       0.00       0.89       0.57
     47569      54.47     -53.57       0.85       0.00       0.00       0.15       0.99       0.49
     51406      55.56     -53.84       1.00       0.00       0.00       0.00       0.88       0.49
     54121      55.94     -54.30       0.98       0.00       0.00       0.00       0.88       0.49
     54221      56.65     -54.85       1.00       0.00       0.00       0.00       0.84       0.49
     54803      56.86     -56.14       0.89       0.00       0.00       0.00       1.22       0.49
     54968      57.14     -56.10       1.00       0.00       0.00       0.00       1.22       0.49
     55091      57.53     -55.73       1.00       0.00       0.00       0.00       0.84       0.49
     56146      57.59     -55.79       1.00       0.00       0.00       0.00       0.84       0.49
     56570      57.62     -55.90       1.00       0.00       0.00       0.00       0.88       0.49
     58036      59.07     -57.33       1.00       0.00       0.00       0.00       0.87       0.49
--------------------------------------------------------------------------------
Best docking solution after GA:
     58500      59.07     -57.33       1.00       0.00       0.00       0.00       0.87       0.49

#ops:      58500 #mutates:  27863 #cross:    27689 #migrate:   2948 
#dups:     16119 #niche:    24035 #errors:     395 
--------------------------------------------------------------------------------

Doing AMOEBA simplex on best individual
Done simplexing #iterations 385, best score  60.11

Ligand is stored in gold_soln_4bvn_m1_1.mol2


--------------------------------------------------------------------------------
--- CHEMPLP breakdown of terms                                               ---
--------------------------------------------------------------------------------
CHEMPLP = - ( 1.0000*S(PLP) + -3.0000*S(hbond) + -6.0000*S(metal) + -3.0000*S(cho) )

Score = CHEMPLP - 1.0000*DE(clash) - 2.0000*DE(tors)

Internal energy term has been corrected with the best internal energy encountered.

--------------------------------------------------------------------------------


     Score     S(PLP)   S(hbond)     S(cho)   S(metal)  DE(clash)   DE(tors)     intcor
     60.11     -58.37       1.00       0.00       0.00       0.00       0.87       0.49

--------------------------------------------------------------------------------
--- PLP analysis of protein-ligand interactions                              ---
--------------------------------------------------------------------------------
hydrogen bonding        :      -1.00
metal                   :       0.00
buried (polar-nonpolar) :      -7.18
nonpolar                :     -50.79
repulsive               :       0.38
--------------------------------------------------------------------------------


--------------------------------------------------------------------------------
--- ChemScore analysis of protein-ligand interactions                        ---
--------------------------------------------------------------------------------

* Hydrogen bonds                                                                
Ligand donor    5 hydrogen   24 Protein acceptor 2066 bond energy  1.00 wt 1.00


* CH..O interactions                                                            
  CH group selection                       : activated ring CH (adjacent to hetatom)

--------------------------------------------------------------------------------


--------------------------------------------------------------------------------
--- Intra-ligand clashes                                                     ---
--------------------------------------------------------------------------------

Ligand
--------------------------------------------------------------------------------


--------------------------------------------------------------------------------
--- Chromosome decoded                                                       ---
--------------------------------------------------------------------------------
Ligand Torsions
[   8   21    1    4]  -65.75
[  10    9    3   14]  -13.33    matched torsion: ortho-substituoed aromatic-aliphatic ether
[   9    3   14   15]   84.19
[  18   17    5   16]  -70.23
[  17    5   16   15]  147.48
[  25    6   15   14] -120.93
[   3   14   15    6]   33.90
[   5   16   15    6]  175.76
Mapping
Ligand acceptors to protein hydrogens (mapping then atom ids)
Ligand hydrogens to protein acceptors (mapping then atom ids)
  1   3 [ 24->2066]
Ligand shape atoms to protein points (mapping then atom ids & coords)
  1  3764 [  4->(-23.750   6.000  14.000)]
  2  1104 [ 10->(-24.750   5.000  16.500)]
  3  4400 [ 11->(-23.500   4.000  16.250)]
  4  2099 [ 12->(-24.250   3.750  16.500)]
  5  7223 [ 14->(-22.500   8.750  17.000)]
  6  6133 [ 15->(-23.000   8.000  17.500)]
  7  5569 [ 16->(-23.250  11.500  18.500)]
  9   180 [ 19->(-25.750  11.000  21.000)]
 10  5574 [ 20->(-23.250  11.500  19.750)]
Chromosome values
Integers:
  -1   -1   -1   -1    2   -1 3763 1103 4399 2098 7222 6132 
5568   -1  179 5573 
--------------------------------------------------------------------------------

Current Ranking  1

--------------------------------------------------------------------------------

* GA execution time :                                                           
  total  1.9980 user  1.9940 sys  0.0040

--------------------------------------------------------------------------------
Fitness function evaluations: 97860

--------------------------------------------------------------------------------
** Docking run number  2 **
--------------------------------------------------------------------------------
  Rank fitness base is 5000.00 ; increment is 11.2233

* Initialising population(s) ...                                                
Number of constraints mappings 0
Number of constraints 0
  Population no.                           :      1
  Population size                          :    100
  Number of duplicates                     :      0
  Number of niche violations               :      0
  Number of errors                         :    200

Number of constraints mappings 0
Number of constraints 0
  Population no.                           :      2
  Population size                          :    100
  Number of duplicates                     :      0
  Number of niche violations               :      0
  Number of errors                         :    206

Number of constraints mappings 0
Number of constraints 0
  Population no.                           :      3
  Population size                          :    100
  Number of duplicates                     :      0
  Number of niche violations               :      0
  Number of errors                         :    211

Number of constraints mappings 0
Number of constraints 0
  Population no.                           :      4
  Population size                          :    100
  Number of duplicates                     :      0
  Number of niche violations               :      0
  Number of errors                         :    213

Number of constraints mappings 0
Number of constraints 0
  Population no.                           :      5
  Population size                          :    100
  Number of duplicates                     :      0
  Number of niche violations               :      0
  Number of errors                         :    204


Doing GA, no. of population(s) 5 size 100 selection pressure 1.100000

 Operation      Score     S(PLP)   S(hbond)     S(cho)   S(metal)  DE(clash)   DE(tors)     intcor
         0      24.16     -26.75       1.00       0.00       0.00       3.26       1.41       0.49
      2245      33.47     -33.43       1.00       0.00       0.00       0.00       1.72       0.49
      3563      38.23     -43.43       0.00       0.00       0.00       0.68       2.50       0.49
      8051      40.23     -43.17       0.00       0.00       0.00       0.00       1.72       0.49
      8227      43.38     -42.32       0.80       0.00       0.00       0.00       0.91       0.49
      9691      44.78     -44.62       0.22       0.00       0.00       0.00       0.49       0.49
      9872      45.66     -47.36       0.00       0.00       0.00       0.00       1.09       0.49
     10323      46.81     -51.09       0.00       0.00       0.00       0.68       2.04       0.49
     13662      49.63     -51.33       0.00       0.00       0.00       0.00       1.09       0.49
     18031      49.68     -47.62       0.86       0.00       0.00       0.00       0.51       0.49
     19329      50.27     -52.40       0.00       0.00       0.00       0.00       1.31       0.49
     19781      51.82     -53.98       0.00       0.00       0.00       0.00       1.33       0.49
     24052      51.97     -53.36       0.00       0.00       0.00       0.00       0.93       0.46
     24232      51.99     -53.56       0.00       0.00       0.00       0.00       1.02       0.46
     24512      52.34     -53.85       0.00       0.00       0.00       0.00       0.98       0.46
     26446      52.77     -54.27       0.00       0.00       0.00       0.00       0.98       0.46
     26721      52.92     -53.99       0.00       0.00       0.00       0.00       0.77       0.46
     30136      52.95     -54.02       0.00       0.00       0.00       0.00       0.77       0.46
     30143      53.08     -54.58       0.00       0.00       0.00       0.00       0.98       0.46
     32457      53.37     -54.44       0.00       0.00       0.00       0.00       0.77       0.46
     34551      53.63     -54.27       0.50       0.00       0.00       0.00       1.30       0.46
     35102      54.04     -55.23       0.37       0.00       0.00       0.00       1.37       0.46
     36852      54.11     -54.76       0.54       0.00       0.00       0.00       1.37       0.46
     37339      54.59     -55.46       0.15       0.00       0.00       0.00       0.89       0.46
     37754      55.50     -56.81       0.00       0.00       0.00       0.00       0.89       0.46
     38328      56.56     -55.54       1.00       0.00       0.00       0.00       1.22       0.46
     39153      56.59     -55.56       1.00       0.00       0.00       0.00       1.22       0.46
     39318      57.65     -56.63       0.99       0.00       0.00       0.00       1.21       0.46
     44549      57.67     -56.59       0.94       0.00       0.00       0.00       1.11       0.46
     46879      58.06     -56.81       1.00       0.00       0.00       0.00       1.11       0.46
     48125      58.13     -56.88       1.00       0.00       0.00       0.00       1.11       0.46
     54496      58.23     -56.98       1.00       0.00       0.00       0.00       1.11       0.46
     56151      58.49     -57.30       0.98       0.00       0.00       0.00       1.10       0.46
     57009      59.04     -57.88       0.99       0.00       0.00       0.00       1.14       0.46
--------------------------------------------------------------------------------
Best docking solution after GA:
     58500      59.04     -57.88       0.99       0.00       0.00       0.00       1.14       0.46

#ops:      58500 #mutates:  27734 #cross:    27815 #migrate:   2951 
#dups:     14346 #niche:    18341 #errors:     562 
--------------------------------------------------------------------------------

Doing AMOEBA simplex on best individual
Done simplexing #iterations 418, best score  59.50

Ligand is stored in gold_soln_4bvn_m1_2.mol2


--------------------------------------------------------------------------------
--- CHEMPLP breakdown of terms                                               ---
--------------------------------------------------------------------------------
CHEMPLP = - ( 1.0000*S(PLP) + -3.0000*S(hbond) + -6.0000*S(metal) + -3.0000*S(cho) )

Score = CHEMPLP - 1.0000*DE(clash) - 2.0000*DE(tors)

Internal energy term has been corrected with the best internal energy encountered.

--------------------------------------------------------------------------------


     Score     S(PLP)   S(hbond)     S(cho)   S(metal)  DE(clash)   DE(tors)     intcor
     59.50     -58.33       1.00       0.00       0.00       0.00       1.14       0.46

--------------------------------------------------------------------------------
--- PLP analysis of protein-ligand interactions                              ---
--------------------------------------------------------------------------------
hydrogen bonding        :      -2.00
metal                   :       0.00
buried (polar-nonpolar) :      -7.56
nonpolar                :     -49.03
repulsive               :       0.38
--------------------------------------------------------------------------------


--------------------------------------------------------------------------------
--- ChemScore analysis of protein-ligand interactions                        ---
--------------------------------------------------------------------------------

* Hydrogen bonds                                                                
Ligand donor    5 hydrogen   24 Protein acceptor 2066 bond energy  1.00 wt 1.00


* CH..O interactions                                                            
  CH group selection                       : activated ring CH (adjacent to hetatom)

--------------------------------------------------------------------------------


--------------------------------------------------------------------------------
--- Intra-ligand clashes                                                     ---
--------------------------------------------------------------------------------

Ligand
--------------------------------------------------------------------------------


--------------------------------------------------------------------------------
--- Chromosome decoded                                                       ---
--------------------------------------------------------------------------------
Ligand Torsions
[   8   21    1    4]  -57.28
[  10    9    3   14]  -25.78    matched torsion: ortho-substituoed aromatic-aliphatic ether
[   9    3   14   15]   88.24
[  18   17    5   16]   76.85
[  17    5   16   15]  162.50
[  25    6   15   14] -155.62
[   3   14   15    6]   33.25
[   5   16   15    6] -176.10
Mapping
Ligand acceptors to protein hydrogens (mapping then atom ids)
Ligand hydrogens to protein acceptors (mapping then atom ids)
Ligand shape atoms to protein points (mapping then atom ids & coords)
  1  5257 [  4->(-23.250   5.250  14.500)]
  2  4501 [ 10->(-23.500   5.000  16.500)]
  4  2889 [ 12->(-24.000   5.000  15.250)]
  6  5441 [ 15->(-23.250   9.000  17.500)]
  8  2553 [ 18->(-24.250  12.250  19.250)]
Chromosome values
Integers:
  -1   -1   -1   -1   -1   -1 5256 4500   -1 2888   -1 5440 
  -1 2552   -1   -1 
--------------------------------------------------------------------------------

Current Ranking  1  2

--------------------------------------------------------------------------------

* GA execution time :                                                           
  total  1.9564 user  1.9564 sys  0.0000

--------------------------------------------------------------------------------
Fitness function evaluations: 98439

--------------------------------------------------------------------------------
** Docking run number  3 **
--------------------------------------------------------------------------------
  Rank fitness base is 5000.00 ; increment is 11.2233

* Initialising population(s) ...                                                
Number of constraints mappings 0
Number of constraints 0
  Population no.                           :      1
  Population size                          :    100
  Number of duplicates                     :      0
  Number of niche violations               :      0
  Number of errors                         :    264

Number of constraints mappings 0
Number of constraints 0
  Population no.                           :      2
  Population size                          :    100
  Number of duplicates                     :      0
  Number of niche violations               :      0
  Number of errors                         :    218

Number of constraints mappings 0
Number of constraints 0
  Population no.                           :      3
  Population size                          :    100
  Number of duplicates                     :      0
  Number of niche violations               :      0
  Number of errors                         :    199

Number of constraints mappings 0
Number of constraints 0
  Population no.                           :      4
  Population size                          :    100
  Number of duplicates                     :      0
  Number of niche violations               :      0
  Number of errors                         :    220

Number of constraints mappings 0
Number of constraints 0
  Population no.                           :      5
  Population size                          :    100
  Number of duplicates                     :      0
  Number of niche violations               :      0
  Number of errors                         :    240


Doing GA, no. of population(s) 5 size 100 selection pressure 1.100000

 Operation      Score     S(PLP)   S(hbond)     S(cho)   S(metal)  DE(clash)   DE(tors)     intcor
         0      27.27     -36.39       0.00       0.00       0.00       4.23       2.67       0.46
      1627      31.18     -32.52       0.16       0.00       0.00       0.00       1.14       0.46
      2892      39.62     -47.51       0.00       0.00       0.00       3.65       2.35       0.46
      4765      43.38     -45.70       0.00       0.00       0.00       0.00       1.39       0.46
      5085      43.48     -45.72       0.00       0.00       0.00       0.00       1.35       0.46
      9245      46.68     -45.34       0.75       0.00       0.00       0.00       0.65       0.38
      9754      47.05     -49.37       0.00       0.00       0.00       0.00       1.35       0.38
     11510      47.53     -48.63       0.00       0.00       0.00       0.00       0.66       0.22
     18834      47.74     -48.90       0.00       0.00       0.00       0.00       0.69       0.22
     20037      48.04     -49.40       0.10       0.00       0.00       0.00       0.94       0.21
     20571      48.40     -49.10       0.00       0.00       0.00       0.00       0.46       0.21
     21059      48.76     -47.83       0.93       0.00       0.00       0.00       1.03       0.21
     22464      49.52     -48.05       1.13       0.00       0.00       0.00       1.05       0.20
     23174      51.37     -51.92       1.00       0.00       0.00       0.31       1.72       0.20
     32920      51.56     -52.17       1.00       0.00       0.00       0.31       1.75       0.20
     37931      52.86     -53.04       1.00       0.00       0.00       0.00       1.69       0.20
     43824      54.28     -49.59       2.00       0.00       0.00       0.00       0.76       0.20
     47164      55.13     -50.46       2.00       0.00       0.00       0.00       0.76       0.18
     49454      55.30     -50.59       2.00       0.00       0.00       0.00       0.74       0.18
     54269      55.44     -50.74       2.00       0.00       0.00       0.00       0.74       0.18
     55789      55.50     -50.79       2.00       0.00       0.00       0.00       0.74       0.18
     56518      55.54     -50.87       2.00       0.00       0.00       0.00       0.76       0.18
     58148      55.61     -50.94       2.00       0.00       0.00       0.00       0.76       0.18
--------------------------------------------------------------------------------
Best docking solution after GA:
     58500      55.61     -50.94       2.00       0.00       0.00       0.00       0.76       0.18

#ops:      58500 #mutates:  27845 #cross:    27779 #migrate:   2876 
#dups:     12100 #niche:    14921 #errors:     953 
--------------------------------------------------------------------------------

Doing AMOEBA simplex on best individual
Done simplexing #iterations 316, best score  56.50

Ligand is stored in gold_soln_4bvn_m1_3.mol2


--------------------------------------------------------------------------------
--- CHEMPLP breakdown of terms                                               ---
--------------------------------------------------------------------------------
CHEMPLP = - ( 1.0000*S(PLP) + -3.0000*S(hbond) + -6.0000*S(metal) + -3.0000*S(cho) )

Score = CHEMPLP - 1.0000*DE(clash) - 2.0000*DE(tors)

Internal energy term has been corrected with the best internal energy encountered.

--------------------------------------------------------------------------------


     Score     S(PLP)   S(hbond)     S(cho)   S(metal)  DE(clash)   DE(tors)     intcor
     56.50     -51.76       2.00       0.00       0.00       0.00       0.72       0.18

--------------------------------------------------------------------------------
--- PLP analysis of protein-ligand interactions                              ---
--------------------------------------------------------------------------------
hydrogen bonding        :      -3.26
metal                   :       0.00
buried (polar-nonpolar) :      -5.10
nonpolar                :     -46.26
repulsive               :       2.36
--------------------------------------------------------------------------------


--------------------------------------------------------------------------------
--- ChemScore analysis of protein-ligand interactions                        ---
--------------------------------------------------------------------------------

* Hydrogen bonds                                                                
Ligand donor    5 hydrogen   24 Protein acceptor 2066 bond energy  1.00 wt 1.00
Ligand donor    6 hydrogen   25 Protein acceptor 2066 bond energy  1.00 wt 1.00


* CH..O interactions                                                            
  CH group selection                       : activated ring CH (adjacent to hetatom)

--------------------------------------------------------------------------------


--------------------------------------------------------------------------------
--- Intra-ligand clashes                                                     ---
--------------------------------------------------------------------------------

Ligand
--------------------------------------------------------------------------------


--------------------------------------------------------------------------------
--- Chromosome decoded                                                       ---
--------------------------------------------------------------------------------
Ligand Torsions
[   8   21    1    4]  172.76
[  10    9    3   14]   -7.09    matched torsion: ortho-substituoed aromatic-aliphatic ether
[   9    3   14   15]   78.91
[  18   17    5   16]   64.14
[  17    5   16   15]  133.32
[  25    6   15   14] -172.89
[   3   14   15    6]   75.46
[   5   16   15    6]  -75.49
Mapping
Ligand acceptors to protein hydrogens (mapping then atom ids)
Ligand hydrogens to protein acceptors (mapping then atom ids)
  1   3 [ 24->2066]
Ligand shape atoms to protein points (mapping then atom ids & coords)
  1  4551 [  4->(-23.500   5.750  14.500)]
  4  1134 [ 12->(-24.750   6.000  11.750)]
  5  7482 [ 14->(-22.250   7.750  16.750)]
  6  6161 [ 15->(-23.000   8.750  17.000)]
  7  3180 [ 16->(-24.000  10.000  17.500)]
  8  6322 [ 18->(-23.000  11.750  20.000)]
Chromosome values
Integers:
  -1   -1   -1   -1    2   -1 4550   -1   -1 1133 7481 6160 
3179 6321   -1   -1 
--------------------------------------------------------------------------------

Current Ranking  1  2  3

--------------------------------------------------------------------------------

* GA execution time :                                                           
  total  1.9450 user  1.9450 sys  0.0000

--------------------------------------------------------------------------------
Fitness function evaluations: 99310

--------------------------------------------------------------------------------
** Docking run number  4 **
--------------------------------------------------------------------------------
  Rank fitness base is 5000.00 ; increment is 11.2233

* Initialising population(s) ...                                                
Number of constraints mappings 0
Number of constraints 0
  Population no.                           :      1
  Population size                          :    100
  Number of duplicates                     :      0
  Number of niche violations               :      0
  Number of errors                         :    238

Number of constraints mappings 0
Number of constraints 0
  Population no.                           :      2
  Population size                          :    100
  Number of duplicates                     :      0
  Number of niche violations               :      0
  Number of errors                         :    227

Number of constraints mappings 0
Number of constraints 0
  Population no.                           :      3
  Population size                          :    100
  Number of duplicates                     :      0
  Number of niche violations               :      0
  Number of errors                         :    220

Number of constraints mappings 0
Number of constraints 0
  Population no.                           :      4
  Population size                          :    100
  Number of duplicates                     :      0
  Number of niche violations               :      0
  Number of errors                         :    219

Number of constraints mappings 0
Number of constraints 0
  Population no.                           :      5
  Population size                          :    100
  Number of duplicates                     :      0
  Number of niche violations               :      0
  Number of errors                         :    242


Doing GA, no. of population(s) 5 size 100 selection pressure 1.100000

 Operation      Score     S(PLP)   S(hbond)     S(cho)   S(metal)  DE(clash)   DE(tors)     intcor
         0      18.61     -18.61       0.71       0.00       0.00       0.00       1.16       0.18
       758      24.43     -24.80       1.00       0.00       0.00       0.29       1.63       0.18
      1388      33.00     -33.46       1.00       0.00       0.00       0.29       1.67       0.18
      2238      35.08     -38.69       0.00       0.00       0.00       0.29       1.75       0.18
      2768      35.45     -38.62       0.10       0.00       0.00       0.29       1.67       0.18
      3288      39.17     -40.02       0.46       0.00       0.00       0.00       1.20       0.18
      6905      45.27     -44.01       1.04       0.00       0.00       0.53       0.75       0.18
     10539      47.39     -50.69       1.00       0.00       0.00       2.74       1.87       0.18
     11170      48.74     -52.04       1.00       0.00       0.00       2.74       1.87       0.18
     12415      50.75     -54.06       1.00       0.00       0.00       2.74       1.87       0.18
     17680      51.56     -47.78       2.00       0.00       0.00       0.00       1.20       0.18
     18754      51.85     -48.03       2.00       0.00       0.00       0.00       1.18       0.18
     19890      52.61     -48.84       2.00       0.00       0.00       0.00       1.20       0.18
     20904      52.92     -49.10       2.00       0.00       0.00       0.00       1.18       0.18
     21924      53.16     -49.34       2.00       0.00       0.00       0.00       1.18       0.18
     22000      53.31     -51.46       1.36       0.00       0.00       0.00       1.20       0.18
     22054      53.35     -49.50       2.00       0.00       0.00       0.00       1.17       0.18
     22820      54.23     -52.36       1.36       0.00       0.00       0.00       1.19       0.18
     24067      54.77     -54.44       1.00       0.00       0.00       0.00       1.42       0.18
     25173      55.02     -51.20       2.00       0.00       0.00       0.00       1.18       0.18
     25319      58.08     -54.69       2.00       0.00       0.00       0.00       1.39       0.18
     28253      59.38     -55.94       2.00       0.00       0.00       0.00       1.37       0.18
     29738      59.46     -56.02       2.00       0.00       0.00       0.00       1.37       0.18
     32093      59.53     -56.15       2.00       0.00       0.00       0.00       1.40       0.18
     32368      59.75     -56.36       2.00       0.00       0.00       0.00       1.40       0.18
     35483      59.78     -56.42       2.00       0.00       0.00       0.00       1.41       0.18
     37898      59.79     -56.35       2.00       0.00       0.00       0.00       1.37       0.18
     41576      59.89     -56.50       2.00       0.00       0.00       0.00       1.40       0.18
     43671      60.07     -56.69       2.00       0.00       0.00       0.00       1.40       0.18
     45956      60.10     -56.70       2.00       0.00       0.00       0.00       1.39       0.18
     51841      60.12     -56.69       2.00       0.00       0.00       0.00       1.37       0.18
     54539      60.13     -56.77       2.00       0.00       0.00       0.00       1.41       0.18
     54582      60.13     -56.73       2.00       0.00       0.00       0.00       1.39       0.18
     55642      60.15     -56.76       2.00       0.00       0.00       0.00       1.40       0.18
     56451      60.16     -56.79       2.00       0.00       0.00       0.00       1.41       0.18
--------------------------------------------------------------------------------
Best docking solution after GA:
     58500      60.16     -56.79       2.00       0.00       0.00       0.00       1.41       0.18

#ops:      58500 #mutates:  27886 #cross:    27658 #migrate:   2956 
#dups:     16151 #niche:    23877 #errors:     467 
--------------------------------------------------------------------------------

Doing AMOEBA simplex on best individual
Done simplexing #iterations 339, best score  60.42

Ligand is stored in gold_soln_4bvn_m1_4.mol2


--------------------------------------------------------------------------------
--- CHEMPLP breakdown of terms                                               ---
--------------------------------------------------------------------------------
CHEMPLP = - ( 1.0000*S(PLP) + -3.0000*S(hbond) + -6.0000*S(metal) + -3.0000*S(cho) )

Score = CHEMPLP - 1.0000*DE(clash) - 2.0000*DE(tors)

Internal energy term has been corrected with the best internal energy encountered.

--------------------------------------------------------------------------------


     Score     S(PLP)   S(hbond)     S(cho)   S(metal)  DE(clash)   DE(tors)     intcor
     60.42     -57.09       2.00       0.00       0.00       0.00       1.43       0.18

--------------------------------------------------------------------------------
--- PLP analysis of protein-ligand interactions                              ---
--------------------------------------------------------------------------------
hydrogen bonding        :      -2.00
metal                   :       0.00
buried (polar-nonpolar) :      -6.63
nonpolar                :     -48.85
repulsive               :       0.39
--------------------------------------------------------------------------------


--------------------------------------------------------------------------------
--- ChemScore analysis of protein-ligand interactions                        ---
--------------------------------------------------------------------------------

* Hydrogen bonds                                                                
Ligand donor    5 hydrogen   24 Protein acceptor 2066 bond energy  1.00 wt 1.00
Ligand donor    6 hydrogen   25 Protein acceptor 2066 bond energy  1.00 wt 1.00


* CH..O interactions                                                            
  CH group selection                       : activated ring CH (adjacent to hetatom)

--------------------------------------------------------------------------------


--------------------------------------------------------------------------------
--- Intra-ligand clashes                                                     ---
--------------------------------------------------------------------------------

Ligand
--------------------------------------------------------------------------------


--------------------------------------------------------------------------------
--- Chromosome decoded                                                       ---
--------------------------------------------------------------------------------
Ligand Torsions
[   8   21    1    4]   41.55
[  10    9    3   14]   20.47    matched torsion: ortho-substituoed aromatic-aliphatic ether
[   9    3   14   15] -117.14
[  18   17    5   16]  -54.21
[  17    5   16   15]  178.62
[  25    6   15   14]   72.61
[   3   14   15    6]   48.85
[   5   16   15    6]  -12.40
Mapping
Ligand acceptors to protein hydrogens (mapping then atom ids)
Ligand hydrogens to protein acceptors (mapping then atom ids)
Ligand shape atoms to protein points (mapping then atom ids & coords)
  1  3766 [  4->(-23.750   6.000  14.500)]
  4  1550 [ 12->(-24.500   3.500  15.000)]
  5  8374 [ 14->(-21.000   8.000  17.250)]
  6  3180 [ 15->(-24.000  10.000  17.500)]
  7  6194 [ 16->(-23.000   9.250  17.250)]
  9    62 [ 19->(-26.000  10.000  21.500)]
 10  3284 [ 20->(-24.000  12.500  21.000)]
Chromosome values
Integers:
  -1   -1   -1   -1   -1   -1 3765   -1   -1 1549 8373 3179 
6193   -1   61 3283 
--------------------------------------------------------------------------------

Current Ranking  4  1  2  3

--------------------------------------------------------------------------------

* GA execution time :                                                           
  total  1.9787 user  1.9747 sys  0.0040

--------------------------------------------------------------------------------
Fitness function evaluations: 97179

--------------------------------------------------------------------------------
** Docking run number  5 **
--------------------------------------------------------------------------------
  Rank fitness base is 5000.00 ; increment is 11.2233

* Initialising population(s) ...                                                
Number of constraints mappings 0
Number of constraints 0
  Population no.                           :      1
  Population size                          :    100
  Number of duplicates                     :      0
  Number of niche violations               :      0
  Number of errors                         :    226

Number of constraints mappings 0
Number of constraints 0
  Population no.                           :      2
  Population size                          :    100
  Number of duplicates                     :      0
  Number of niche violations               :      0
  Number of errors                         :    195

Number of constraints mappings 0
Number of constraints 0
  Population no.                           :      3
  Population size                          :    100
  Number of duplicates                     :      0
  Number of niche violations               :      0
  Number of errors                         :    231

Number of constraints mappings 0
Number of constraints 0
  Population no.                           :      4
  Population size                          :    100
  Number of duplicates                     :      0
  Number of niche violations               :      0
  Number of errors                         :    202

Number of constraints mappings 0
Number of constraints 0
  Population no.                           :      5
  Population size                          :    100
  Number of duplicates                     :      0
  Number of niche violations               :      0
  Number of errors                         :    229


Doing GA, no. of population(s) 5 size 100 selection pressure 1.100000

 Operation      Score     S(PLP)   S(hbond)     S(cho)   S(metal)  DE(clash)   DE(tors)     intcor
         0      25.55     -27.26       0.23       0.00       0.00       0.00       1.29       0.18
      1699      37.09     -37.67       1.00       0.00       0.00       2.20       0.78       0.18
      1868      41.83     -42.31       0.73       0.00       0.00       0.00       1.43       0.18
      3454      44.97     -45.55       1.00       0.00       0.00       2.20       0.78       0.18
      8279      45.78     -46.35       1.00       0.00       0.00       2.20       0.78       0.18
      9706      45.93     -47.20       1.00       0.00       0.00       1.22       1.62       0.18
      9973      46.67     -46.65       1.00       0.00       0.00       0.56       1.30       0.18
     10408      48.33     -49.04       1.00       0.00       0.00       2.20       0.85       0.18
     12247      48.42     -46.11       1.45       0.00       0.00       0.00       1.07       0.11
     13512      49.30     -46.84       1.51       0.00       0.00       0.00       1.09       0.11
     16062      49.34     -46.87       1.51       0.00       0.00       0.00       1.09       0.11
     16998      49.40     -48.47       1.03       0.00       0.00       0.00       1.13       0.11
     19133      50.17     -49.39       1.01       0.00       0.00       0.00       1.18       0.11
     20707      50.68     -47.98       1.59       0.00       0.00       0.00       1.09       0.11
     21173      51.05     -50.24       1.01       0.00       0.00       0.00       1.16       0.11
     22001      51.14     -48.91       1.00       0.00       0.00       0.00       0.44       0.11
     23896      51.94     -49.71       1.00       0.00       0.00       0.00       0.44       0.11
     26319      52.88     -54.55       0.00       0.00       0.00       0.00       0.89       0.11
     27237      53.96     -51.73       1.00       0.00       0.00       0.00       0.44       0.11
     28786      55.39     -53.30       0.91       0.00       0.00       0.00       0.38       0.11
     33765      55.40     -53.31       0.91       0.00       0.00       0.00       0.38       0.11
     37225      55.44     -53.28       0.93       0.00       0.00       0.00       0.37       0.11
     41826      55.62     -55.74       0.54       0.00       0.00       0.00       0.92       0.11
     42974      55.97     -54.70       1.00       0.00       0.00       0.00       0.92       0.11
     46599      56.02     -54.75       1.00       0.00       0.00       0.00       0.92       0.11
     52462      56.13     -56.19       0.56       0.00       0.00       0.00       0.93       0.11
     54631      57.15     -56.53       0.80       0.00       0.00       0.00       0.94       0.11
     55706      57.26     -56.84       0.75       0.00       0.00       0.00       0.97       0.11
--------------------------------------------------------------------------------
Best docking solution after GA:
     58500      57.26     -56.84       0.75       0.00       0.00       0.00       0.97       0.11

#ops:      58500 #mutates:  27919 #cross:    27734 #migrate:   2847 
#dups:     12331 #niche:    19327 #errors:     552 
--------------------------------------------------------------------------------

Doing AMOEBA simplex on best individual
Done simplexing #iterations 376, best score  58.84

Ligand is stored in gold_soln_4bvn_m1_5.mol2


--------------------------------------------------------------------------------
--- CHEMPLP breakdown of terms                                               ---
--------------------------------------------------------------------------------
CHEMPLP = - ( 1.0000*S(PLP) + -3.0000*S(hbond) + -6.0000*S(metal) + -3.0000*S(cho) )

Score = CHEMPLP - 1.0000*DE(clash) - 2.0000*DE(tors)

Internal energy term has been corrected with the best internal energy encountered.

--------------------------------------------------------------------------------


     Score     S(PLP)   S(hbond)     S(cho)   S(metal)  DE(clash)   DE(tors)     intcor
     58.84     -57.66       1.00       0.00       0.00       0.00       0.97       0.11

--------------------------------------------------------------------------------
--- PLP analysis of protein-ligand interactions                              ---
--------------------------------------------------------------------------------
hydrogen bonding        :      -1.00
metal                   :       0.00
buried (polar-nonpolar) :      -6.64
nonpolar                :     -50.30
repulsive               :       0.37
--------------------------------------------------------------------------------


--------------------------------------------------------------------------------
--- ChemScore analysis of protein-ligand interactions                        ---
--------------------------------------------------------------------------------

* Hydrogen bonds                                                                
Ligand donor    6 hydrogen   25 Protein acceptor 2066 bond energy  1.00 wt 1.00


* CH..O interactions                                                            
  CH group selection                       : activated ring CH (adjacent to hetatom)

--------------------------------------------------------------------------------


--------------------------------------------------------------------------------
--- Intra-ligand clashes                                                     ---
--------------------------------------------------------------------------------

Ligand
--------------------------------------------------------------------------------


--------------------------------------------------------------------------------
--- Chromosome decoded                                                       ---
--------------------------------------------------------------------------------
Ligand Torsions
[   8   21    1    4] -179.44
[  10    9    3   14]   18.01    matched torsion: ortho-substituoed aromatic-aliphatic ether
[   9    3   14   15] -111.05
[  18   17    5   16]  173.92
[  17    5   16   15]  143.30
[  25    6   15   14]   75.01
[   3   14   15    6]   64.87
[   5   16   15    6]  -74.42
Mapping
Ligand acceptors to protein hydrogens (mapping then atom ids)
Ligand hydrogens to protein acceptors (mapping then atom ids)
Ligand shape atoms to protein points (mapping then atom ids & coords)
  1  3787 [  4->(-23.750   6.250  14.500)]
  2  2944 [ 10->(-24.000   5.500  16.000)]
  4  3593 [ 12->(-23.750   4.250  15.500)]
  6  6248 [ 15->(-23.000  10.000  18.250)]
  7  5486 [ 16->(-23.250   9.750  17.500)]
  8  1941 [ 18->(-24.500  12.500  19.000)]
Chromosome values
Integers:
  -1   -1   -1   -1   -1   -1 3786 2943   -1 3592   -1 6247 
5485 1940   -1   -1 
--------------------------------------------------------------------------------

Current Ranking  4  1  2  5  3

--------------------------------------------------------------------------------

* GA execution time :                                                           
  total  1.9798 user  1.9719 sys  0.0080

--------------------------------------------------------------------------------
Fitness function evaluations: 98963

--------------------------------------------------------------------------------
** Docking run number  6 **
--------------------------------------------------------------------------------
  Rank fitness base is 5000.00 ; increment is 11.2233

* Initialising population(s) ...                                                
Number of constraints mappings 0
Number of constraints 0
  Population no.                           :      1
  Population size                          :    100
  Number of duplicates                     :      0
  Number of niche violations               :      0
  Number of errors                         :    243

Number of constraints mappings 0
Number of constraints 0
  Population no.                           :      2
  Population size                          :    100
  Number of duplicates                     :      0
  Number of niche violations               :      0
  Number of errors                         :    212

Number of constraints mappings 0
Number of constraints 0
  Population no.                           :      3
  Population size                          :    100
  Number of duplicates                     :      0
  Number of niche violations               :      0
  Number of errors                         :    216

Number of constraints mappings 0
Number of constraints 0
  Population no.                           :      4
  Population size                          :    100
  Number of duplicates                     :      0
  Number of niche violations               :      0
  Number of errors                         :    219

Number of constraints mappings 0
Number of constraints 0
  Population no.                           :      5
  Population size                          :    100
  Number of duplicates                     :      0
  Number of niche violations               :      0
  Number of errors                         :    224


Doing GA, no. of population(s) 5 size 100 selection pressure 1.100000

 Operation      Score     S(PLP)   S(hbond)     S(cho)   S(metal)  DE(clash)   DE(tors)     intcor
         0      21.67     -28.90       0.05       0.00       0.00       1.86       2.81       0.11
       676      26.39     -27.75       0.25       0.00       0.00       0.00       1.11       0.11
       940      31.73     -34.69       0.00       0.00       0.00       0.00       1.54       0.11
      2521      39.03     -39.46       0.56       0.00       0.00       0.00       1.11       0.11
      4701      39.36     -39.84       0.54       0.00       0.00       0.00       1.11       0.11
      4796      42.45     -47.21       0.36       0.00       0.00       2.92       1.51       0.11
      7635      43.95     -45.29       0.50       0.00       0.00       0.00       1.48       0.11
      9430      44.54     -43.66       1.00       0.00       0.00       0.00       1.11       0.11
      9805      44.92     -44.04       1.00       0.00       0.00       0.00       1.11       0.11
     11086      44.97     -47.05       0.00       0.00       0.00       0.00       1.10       0.11
     11698      45.68     -48.07       1.00       0.00       0.00       2.04       1.73       0.11
     12472      46.72     -46.06       0.86       0.00       0.00       0.00       1.02       0.11
     13872      47.02     -45.97       0.99       0.00       0.00       0.00       1.02       0.11
     14343      49.81     -51.98       0.15       0.00       0.00       0.00       1.36       0.11
     16639      49.92     -55.42       0.00       0.00       0.00       2.04       1.79       0.11
     16754      50.17     -55.68       0.00       0.00       0.00       2.04       1.79       0.11
     17448      50.89     -52.83       0.33       0.00       0.00       0.00       1.52       0.11
     19141      51.18     -52.39       0.67       0.00       0.00       0.00       1.66       0.11
     19227      51.60     -51.75       0.93       0.00       0.00       0.00       1.52       0.11
     19908      51.75     -53.24       0.58       0.00       0.00       0.00       1.67       0.11
     20140      51.98     -50.49       1.47       0.00       0.00       0.00       1.52       0.11
     20520      52.15     -50.69       1.46       0.00       0.00       0.00       1.51       0.11
     21452      53.05     -53.08       0.89       0.00       0.00       0.00       1.41       0.11
     21495      53.30     -51.76       1.49       0.00       0.00       0.00       1.51       0.11
     24123      53.45     -54.73       0.64       0.00       0.00       0.00       1.66       0.11
     24471      54.79     -54.51       1.16       0.00       0.00       0.00       1.66       0.11
     25297      55.39     -54.44       1.44       0.00       0.00       0.00       1.74       0.11
     34161      55.42     -54.49       1.46       0.00       0.00       0.00       1.77       0.11
     40354      55.50     -54.20       1.00       0.00       0.00       0.00       0.91       0.11
     42233      55.55     -54.72       1.42       0.00       0.00       0.00       1.77       0.11
     43741      55.82     -54.31       0.99       0.00       0.00       0.00       0.79       0.11
     48812      56.22     -54.72       1.00       0.00       0.00       0.00       0.81       0.11
     49367      56.64     -55.03       1.00       0.00       0.00       0.00       0.75       0.11
     55032      56.71     -55.12       1.00       0.00       0.00       0.00       0.76       0.11
     56615      56.94     -55.09       1.91       0.00       0.00       0.64       1.68       0.11
--------------------------------------------------------------------------------
Best docking solution after GA:
     58500      56.94     -55.09       1.91       0.00       0.00       0.64       1.68       0.11

#ops:      58500 #mutates:  27785 #cross:    27823 #migrate:   2892 
#dups:     12947 #niche:    19552 #errors:     377 
--------------------------------------------------------------------------------

Doing AMOEBA simplex on best individual
Done simplexing #iterations 708, best score  59.67

Ligand is stored in gold_soln_4bvn_m1_6.mol2


--------------------------------------------------------------------------------
--- CHEMPLP breakdown of terms                                               ---
--------------------------------------------------------------------------------
CHEMPLP = - ( 1.0000*S(PLP) + -3.0000*S(hbond) + -6.0000*S(metal) + -3.0000*S(cho) )

Score = CHEMPLP - 1.0000*DE(clash) - 2.0000*DE(tors)

Internal energy term has been corrected with the best internal energy encountered.

--------------------------------------------------------------------------------


     Score     S(PLP)   S(hbond)     S(cho)   S(metal)  DE(clash)   DE(tors)     intcor
     59.67     -56.64       2.00       0.00       0.00       0.00       1.54       0.11

--------------------------------------------------------------------------------
--- PLP analysis of protein-ligand interactions                              ---
--------------------------------------------------------------------------------
hydrogen bonding        :      -2.00
metal                   :       0.00
buried (polar-nonpolar) :      -6.12
nonpolar                :     -49.20
repulsive               :       0.36
--------------------------------------------------------------------------------


--------------------------------------------------------------------------------
--- ChemScore analysis of protein-ligand interactions                        ---
--------------------------------------------------------------------------------

* Hydrogen bonds                                                                
Ligand donor    5 hydrogen   24 Protein acceptor 2066 bond energy  1.00 wt 1.00
Ligand donor    6 hydrogen   25 Protein acceptor 2066 bond energy  1.00 wt 1.00


* CH..O interactions                                                            
  CH group selection                       : activated ring CH (adjacent to hetatom)

--------------------------------------------------------------------------------


--------------------------------------------------------------------------------
--- Intra-ligand clashes                                                     ---
--------------------------------------------------------------------------------

Ligand
--------------------------------------------------------------------------------


--------------------------------------------------------------------------------
--- Chromosome decoded                                                       ---
--------------------------------------------------------------------------------
Ligand Torsions
[   8   21    1    4]  122.82
[  10    9    3   14]   30.00    matched torsion: ortho-substituoed aromatic-aliphatic ether
[   9    3   14   15] -107.83
[  18   17    5   16]   56.90
[  17    5   16   15] -157.90
[  25    6   15   14]   90.32
[   3   14   15    6]   30.38
[   5   16   15    6]  -32.12
Mapping
Ligand acceptors to protein hydrogens (mapping then atom ids)
Ligand hydrogens to protein acceptors (mapping then atom ids)
  1   3 [ 24->2066]
  2   3 [ 25->2066]
Ligand shape atoms to protein points (mapping then atom ids & coords)
  1  2961 [  4->(-24.000   5.750  13.750)]
  2  5264 [ 10->(-23.250   5.250  16.250)]
  3  5263 [ 11->(-23.250   5.250  16.000)]
  4  2098 [ 12->(-24.250   3.750  16.250)]
  5  6161 [ 14->(-23.000   8.750  17.000)]
  6  7250 [ 15->(-22.500   9.250  18.250)]
  7  4032 [ 16->(-23.750  10.750  18.750)]
  8  5581 [ 18->(-23.250  11.750  19.750)]
  9  4681 [ 19->(-23.500   9.000  22.500)]
Chromosome values
Integers:
  -1   -1   -1   -1    2    2 2960 5263 5262 2097 6160 7249 
4031 5580 4680   -1 
--------------------------------------------------------------------------------

Current Ranking  4  1  6  2  5  3

Top  3 (of  6) solutions are within 1.000 RMSD, finishing docking /home/mateusz/Kasia/zajecia/dokowanie-karolina/ligandy/4bvn.mol2.


--------------------------------------------------------------------------------

* GA execution time :                                                           
  total  1.6920 user  1.6880 sys  0.0040

--------------------------------------------------------------------------------
Fitness function evaluations: 99259

--------------------------------------------------------------------------------
--- Ranking analysis                                                         ---
--------------------------------------------------------------------------------


* Final ranked order of GA solutions:                                           
   4  1  6  2  5  3 

  _______________________________
  RMSD Matrix of RANKED solutions

        2    3    4    5    6  

   1 :  0.9  0.3  1.1  1.0  2.3
   2 :       0.9  0.5  1.2  2.3
   3 :            1.1  1.1  2.3
   4 :                 1.1  2.3
   5 :                      2.3

  Clustering method                        : complete linkage
  Structure ids in cluster table           : rank nos.
  Ordering of clusters and their members   : by rank (order if from rms_analysis)

  Distance | Clusters
   0.26    |  1  3 |  2 |  4 |  5 |  6 |
   0.50    |  1  3 |  2  4 |  5 |  6 |
   1.06    |  1  3  5 |  2  4 |  6 |
   1.24    |  1  2  3  4  5 |  6 |
   2.35    |  1  2  3  4  5  6 |
  Finished Docking Ligand                  : /home/mateusz/Kasia/zajecia/dokowanie-karolina/ligandy/4bvn.mol2
--------------------------------------------------------------------------------

  Relative_Ligand_Energy (best encountered) :   0.110
  Relative_Ligand_Energy: fitness values have been corrected using this amount
