# WARNING: atom    7 in C:/Users/student/Desktop/Dokowanko/beta2/ligandy/2rh1.mol2 is type  N.ar resetting to type N.pl3 (set_atom_type)

--------------------------------------------------------------------------------
--- Ligand                                                                   ---
--------------------------------------------------------------------------------
  Ligand loaded from file                  : C:/Users/student/Desktop/Dokowanko/beta2/ligandy/2rh1.mol2
  Ligand name                              :  
  "C:\Users\porto\OneDrive\projekt\beta2\ligandy\L_2rh1.pdb L_2rh1.pdb 1    "

--------------------------------------------------------------------------------
  N.plc donors                             : 
  pro:    7 
  

  Acidic nitrogen acceptors                : 
  none found
  Sulfur acceptors                         :
  none found


  Donor atoms                              :      3
  7   17  19  
  Acceptor atoms                           :      3
  14  17  19  

  Hydrogens                                :  (n = 3)
  27   34   37   

  Lone pairs added to molecule             :      5
  Numbering                                : from 45 to 49

--------------------------------------------------------------------------------
--- Postprocessing of typing                                                 ---
--------------------------------------------------------------------------------
  Fragment file                            : C:\Program Files (x86)\CCDC/GoldSuite_2018\GOLD\gold\rotatable_bond_override.mol2
  acylurea fragment                        : no matches
  thioacylthiourea fragment                : no matches
  acylthiourea fragment                    : no matches
  thioacylurea fragment                    : no matches
  diarylamine fragment >C.ar-NH-C.ar<      : no matches
  sec-amine (1) fragment                   : no matches
  sec-amine (2) fragment                   : no matches
  sec-amine (3) fragment                   : no matches
  carboxylic ester                         : no matches

* Rotatable bonds in C:/Users/student/Des  :
  [  13   14] [  14   15] [  15   16] [  16   18] 
  [  16   17] [  18   19] [  19   20] [  20   21] 
  [  20   22] 
  No. of rotatable bonds                   :      9


* Reading torsional distributions from file:
  C:\Program Files (x86)\CCDC/GoldSuite_2018\GOLD\gold\gold.tordist
  No. of bins in torsional distributions   :     36
  Minimum size of largest peak             :      0
  Removing high energy torsions            : on
  Delta E set to                           :   2.500

* Fragments found in C:/Users/student/Des  :
  atom   1: benzene
  atom   2: benzene
  atom   3: benzene
  atom   4: benzene
  atom   5: benzene
  atom   6: benzene
  atom   8: benzene
  atom   9: benzene
  atom  10: benzene
  atom  11: benzene
  atom  12: benzene
  atom  13: benzene


* Checking torsion distributions:                                               
  Rotatable bond [12 13 14 15] matches torsion: ortho-substituoed aromatic-aliphatic ether
   C.ar ( 1H ) | C.ar ( C.ar ( 0H ) ) | O.3 | C.3 ( 2H ) 
  No. of matched torsions                  :      1

--------------------------------------------------------------------------------
--- Shape fitting atoms selection (hydrophobic atoms)                        ---
--------------------------------------------------------------------------------
  Molecule                                 : C:/Users/student/Desktop/Dokowanko/beta2/ligandy/2rh1.mol2
  Selection                                : carbons only
  Atom numbers                             :  (n = 13)
  1    2    5    6    10   11   12   15   16   18   
  20   21   22   

--------------------------------------------------------------------------------
--- Automatic parameter setting                                              ---
--------------------------------------------------------------------------------
  Contribution base                        :   2500
  Contribution per rotatable bond          :   6000
  Contribution per df                      :   4000
  Contribution per water                   :  10000
  Ligand rotatable bonds                   :      9
  Protein flexible side chain bonds        :      0
  Total rotatable bonds                    :      9
  Hydrophobic vol ratio (P/L)              :   0.862
  Base multiplier (polar)                  :   1.200
  Base multiplier (apolar)                 :   2.242
  Base contribution                        : 7500.000
  Fitting points                           :      6
  Estimated maxops needed (optimal)        :  62000

--------------------------------------------------------------------------------

* Population settings                                                           
  maxops                                   :  62000
  popsiz                                   :    100
  select_pressure                          :   1.100
  n_islands                                :      5
  niche_siz                                :      2

* GA settings                                                                   
  pt_crosswt                               :     95
  allele_mutatewt                          :     95
  migratewt                                :     10

* Search settings                                                               
  start_vdw_linear_cutoff                  :   6.000
  initial_virtual_pt_match_max             :   3.000
  Scaling of internal VDW energy           : log scale from  0.2 to    1
                                             over 46500 ops
  Sampling interval (operations)           :    620
  Scaling of virtual pt maximum length     : linear scale from    3 to    2
                                             over 46500 ops
  Sampling interval (operations)           :   1860
  Scaling of 4-8 potential cutoff          : log scale from    6 to 1.2e+002
                                             over 46500 ops
  Sampling interval (operations)           :   1860

--------------------------------------------------------------------------------

* Ligand initialisation time :                                                  
  total  0.0000 user  0.0000 sys  0.0000

--------------------------------------------------------------------------------

--------------------------------------------------------------------------------
** Docking run number  1 **
--------------------------------------------------------------------------------
  Rank fitness base is 5000.00 ; increment is 11.2233

* Initialising population(s) ...                                                
Number of constraints mappings 0
Number of constraints 0
  Population no.                           :      1
  Population size                          :    100
  Number of duplicates                     :      0
  Number of niche violations               :      0
  Number of errors                         :      1

Number of constraints mappings 0
Number of constraints 0
  Population no.                           :      2
  Population size                          :    100
  Number of duplicates                     :      0
  Number of niche violations               :      0
  Number of errors                         :      3

Number of constraints mappings 0
Number of constraints 0
  Population no.                           :      3
  Population size                          :    100
  Number of duplicates                     :      0
  Number of niche violations               :      0

Number of constraints mappings 0
Number of constraints 0
  Population no.                           :      4
  Population size                          :    100
  Number of duplicates                     :      0
  Number of niche violations               :      0

Number of constraints mappings 0
Number of constraints 0
  Population no.                           :      5
  Population size                          :    100
  Number of duplicates                     :      0
  Number of niche violations               :      0
  Number of errors                         :      3


Doing GA, no. of population(s) 5 size 100 selection pressure 1.100000

 Operation      Fitness  S(hb_ext) S(vdw_ext)  S(hb_int)    S(int)      intcor
         0      52.07       0.66      37.73       0.00      -2.37     -11.63
       808      54.03       0.81      42.39       0.00     -24.82     -11.63
      1528      54.01       0.81      42.46       0.00     -24.82     -11.63
      2068      53.07       0.79      41.78       0.00     -24.25     -11.63
      4073      62.56       7.89      43.48       0.00     -22.47     -11.63
Reordering...
      6820      60.39       7.99      42.54       0.00     -24.08     -10.02
      6888      61.45       7.57      43.48       0.00     -23.31     -10.02
      7163      66.19       6.53      45.73       0.00     -12.75     -10.02
      8998      64.60       6.50      45.35       0.00     -15.76      -7.01
      9278      65.89       6.64      46.19       0.00     -15.76      -7.01
     10823      66.06       6.99      45.41       0.00     -11.73      -7.01
     11213      66.59       6.80      45.78       0.00     -10.71      -7.01
     11683      67.01       7.04      46.41       0.00     -13.08      -7.01
Reordering...
     12400      66.84       7.04      46.41       0.00     -13.08      -7.01
     12568      67.28       6.84      46.68       0.00     -12.22      -7.01
Reordering...
     13640      66.88       7.94      43.25       0.00      -1.66      -7.01
     14288      66.90       8.37      42.97       0.00      -1.66      -7.01
     14678      69.09       8.08      45.09       0.00      -3.00      -7.01
     16808      68.01       7.97      44.45       0.00      -3.00      -7.01
     17198      68.58       7.69      45.07       0.00      -3.00      -7.01
     17393      68.73       8.17      44.25       0.00      -0.78      -7.01
     18023      68.89       8.16      44.69       0.00      -1.90      -7.01
Reordering...
     18600      68.62       8.15      44.19       0.00      -0.78      -7.01
     18693      68.63       8.28      44.10       0.00      -0.78      -7.01
     19078      68.90       8.15      44.97       0.00      -2.85      -7.01
     19403      69.70       8.15      45.57       0.00      -2.86      -7.01
     19538      69.77       8.15      45.62       0.00      -2.85      -7.01
     19688      70.10       8.75      45.43       0.00      -2.85      -7.01
     20918      70.19       8.80      45.48       0.00      -2.85      -7.01
     21488      70.21       8.85      45.48       0.00      -2.85      -7.01
     22233      70.26       8.45      45.84       0.00      -2.85      -7.01
Reordering...
     22320      70.14       8.84      45.48       0.00      -2.85      -7.01
     22958      70.32       8.46      45.88       0.00      -2.77      -7.01
     23003      70.32       8.52      45.28       0.00      -1.03      -7.01
Reordering...
     23560      70.31       8.52      45.28       0.00      -1.03      -7.01
     23792      70.56       8.79      45.26       0.00      -1.03      -7.01
     24730      70.59       8.77      45.17       0.00      -0.65      -7.01
     25103      70.63       8.78      45.34       0.00      -1.03      -7.01
     25440      70.88       8.71      45.44       0.00      -0.65      -7.01
     26501      70.92       8.13      45.89       0.00      -0.61      -7.01
     26796      70.92       8.13      45.89       0.00      -0.61      -7.01
     26986      70.94       8.13      46.19       0.00      -1.40      -7.01
     27156      71.53       8.14      46.15       0.00      -0.12      -7.01
     27885      71.81       8.42      46.31       0.00      -0.55      -7.01
     28310      71.94       8.40      46.42       0.00      -0.55      -7.01
     28400      72.05       8.40      46.50       0.00      -0.55      -7.01
     31144      72.13       8.45      46.55       0.00      -0.57      -6.95
     31269      72.21       8.33      46.48       0.00      -0.05      -6.95
     32129      72.16       8.31      46.54       0.00      -0.24      -6.60
     33923      72.16       8.41      46.53       0.00      -0.37      -6.60
     34330      72.19       8.49      46.75       0.00      -0.91      -6.60
     34368      72.25       8.56      46.49       0.00      -0.35      -6.60
     35407      72.24       8.67      46.46       0.00      -0.47      -6.48
     35922      72.28       8.51      46.64       0.00      -0.54      -6.43
     36292      72.31       8.67      46.54       0.00      -0.52      -6.43
     36547      72.36       8.67      46.57       0.00      -0.52      -6.43
     36817      72.41       8.67      46.59       0.00      -0.46      -6.43
     37222      72.26       8.66      46.60       0.00      -0.66      -6.24
     37654      72.30       8.39      46.66       0.00      -0.33      -6.24
     37745      72.30       8.45      47.05       0.00      -1.16      -6.24
Reordering...
     37820      72.29       8.39      46.66       0.00      -0.33      -6.24
     38281      72.34       8.53      46.62       0.00      -0.38      -6.24
     38312      72.36       8.66      46.68       0.00      -0.66      -6.24
     38688      72.37       8.43      46.79       0.00      -0.52      -6.24
     39114      72.36       8.37      46.73       0.00      -0.33      -6.24
     39806      72.39       8.64      46.58       0.00      -0.38      -6.24
     40559      72.42       8.51      46.67       0.00      -0.33      -6.24
     40710      72.55       8.97      46.81       0.00      -0.97      -6.24
     41845      72.54       8.95      46.84       0.00      -0.97      -6.24
Reordering...
     42780      72.49       8.94      46.84       0.00      -0.97      -6.24
     43175      72.55       9.00      46.75       0.00      -0.82      -6.24
     43273      72.56       8.50      46.70       0.00      -0.17      -6.24
     43608      72.58       8.39      46.79       0.00      -0.17      -6.24
     45003      72.32       8.37      46.79       0.00      -0.41      -5.99
     45090      72.57       9.04      46.93       0.00      -1.07      -5.99
     47140      72.57       8.88      46.64       0.00      -0.44      -5.99
     48350      72.58       8.61      47.17       0.00      -0.88      -5.99
     48496      72.64       8.78      46.86       0.00      -0.58      -5.99
     48534      72.67       9.09      46.65       0.00      -0.57      -5.99
     49240      72.70       9.09      46.68       0.00      -0.57      -5.99
     50881      72.70       8.96      46.83       0.00      -0.65      -5.93
     51955      72.72       8.95      46.84       0.00      -0.64      -5.93
     52245      72.72       8.98      46.44       0.00      -0.12      -5.93
     52360      72.77       8.98      46.48       0.00      -0.12      -5.93
     52485      72.94       8.96      46.92       0.00      -0.54      -5.93
     54625      73.07       9.05      46.61       0.00      -0.07      -5.93
     54800      73.07       9.05      46.61       0.00      -0.07      -5.93
     55235      73.18       9.05      46.69       0.00      -0.07      -5.93
     55315      73.22       9.05      46.72       0.00      -0.07      -5.93
     56925      73.25       9.10      46.91       0.00      -0.35      -5.80
     59306      73.48       9.01      47.14       0.00      -0.35      -5.80
     61491      73.49       9.01      47.15       0.00      -0.35      -5.80
     61547      73.51       9.01      47.17       0.00      -0.35      -5.80
     61921      73.51       9.01      47.17       0.00      -0.35      -5.80
--------------------------------------------------------------------------------
Best docking solution after GA:
     62000      73.51       9.01      47.17       0.00      -0.35      -5.80

#ops:      62000 #mutates:  29662 #cross:    29200 #migrate:   3138 
#dups:     17930 #niche:    48206 #errors:     137 
--------------------------------------------------------------------------------

Doing AMOEBA simplex on best individual
Done simplexing #iterations 757, best score  73.99

Ligand is stored in gold_soln_2rh1_m1_1.mol2


--------------------------------------------------------------------------------
--- GoldScore breakdown of terms                                             ---
--------------------------------------------------------------------------------
Fitness = S(hb_ext) + 1.3750*S(vdw_ext) + S(hb_int) + 1.0000*S(int)
S(int)  = S(vdw_int) + S(tors)

Internal terms are relative to best energy found (intcor).

--------------------------------------------------------------------------------


     Fitness  S(hb_ext) S(vdw_ext)  S(hb_int)    S(int)      intcor
     73.99       9.00      47.54       0.00      -0.36      -5.80

--------------------------------------------------------------------------------
--- GoldScore analysis of protein-ligand interactions                        ---
--------------------------------------------------------------------------------

  Ligand acceptor   19 Protein hydrogen 4175 donor 4166 bond energy  2.00 wt 0.30
  Ligand acceptor   17 Protein hydrogen 4104 donor 4097 bond energy  2.00 wt 0.74
  Ligand donor   17 hydrogen   34 Protein acceptor 1334 bond energy  6.00 wt 0.82
  Ligand donor   19 hydrogen   37 Protein acceptor 4098 bond energy  2.00 wt 1.00

--------------------------------------------------------------------------------


--------------------------------------------------------------------------------
--- Chromosome decoded                                                       ---
--------------------------------------------------------------------------------
Ligand Torsions
[  12   13   14   15]    0.02    matched torsion: ortho-substituoed aromatic-aliphatic ether
[  13   14   15   16] -179.93
[  18   16   15   14]  -59.19
[  19   18   16   15] -162.03
[  34   17   16   15]   66.08
[  20   19   18   16] -168.52
[  21   20   19   18]  -50.74
[  39   21   20   19] -171.60
[  42   22   20   19]  -56.97
Protein Torsions
[4175 4166 4165 4163] -134.77 
[1294 1290 1288 1285]  -67.63 
[4033 4024 4023 4021]   76.12 
[1412 1408 1406 1403]   97.83 
[2830 2825 2824 2821]  114.68 
[2723 2714 2713 2711] -121.07 
[2773 2768 2767 2764] -169.28 
Mapping
Ligand acceptors to protein hydrogens (mapping then atom ids)
  2   4 [ 17->4104]
Ligand hydrogens to protein acceptors (mapping then atom ids)
  2   5 [ 34->1334]
  3   3 [ 37->4098]
Ligand shape atoms to protein points (mapping then atom ids & coords)
  2  5198 [  2->(-26.750   8.250   7.250)]
  3  4831 [  5->(-27.500   8.250   7.000)]
  5  4899 [ 10->(-27.500  11.500   5.750)]
  6  4721 [ 11->(-28.000  12.500   5.250)]
  8  3627 [ 15->(-31.750  10.500   8.000)]
  9  3283 [ 16->(-32.250   9.750   7.750)]
 10  3870 [ 18->(-31.250   9.750   7.500)]
 11  2740 [ 20->(-33.000   6.750   7.000)]
 12  1937 [ 21->(-34.250   6.500   5.750)]
Chromosome values
Integers:
  -1    3   -1   -1    4    2   -1 5197 4830   -1 4898 4720 
  -1 3626 3282 3869 2739 1936   -1 
--------------------------------------------------------------------------------

Current Ranking  1

--------------------------------------------------------------------------------

* GA execution time :                                                           
  total 19.0006 user 19.0006 sys  0.0000

--------------------------------------------------------------------------------
Fitness function evaluations: 139233

--------------------------------------------------------------------------------
** Docking run number  2 **
--------------------------------------------------------------------------------
  Rank fitness base is 5000.00 ; increment is 11.2233

* Initialising population(s) ...                                                
Number of constraints mappings 0
Number of constraints 0
  Population no.                           :      1
  Population size                          :    100
  Number of duplicates                     :      0
  Number of niche violations               :      0
  Number of errors                         :      1

Number of constraints mappings 0
Number of constraints 0
  Population no.                           :      2
  Population size                          :    100
  Number of duplicates                     :      0
  Number of niche violations               :      0
  Number of errors                         :      1

Number of constraints mappings 0
Number of constraints 0
  Population no.                           :      3
  Population size                          :    100
  Number of duplicates                     :      0
  Number of niche violations               :      0
  Number of errors                         :      2

Number of constraints mappings 0
Number of constraints 0
  Population no.                           :      4
  Population size                          :    100
  Number of duplicates                     :      0
  Number of niche violations               :      0
  Number of errors                         :      1

Number of constraints mappings 0
Number of constraints 0
  Population no.                           :      5
  Population size                          :    100
  Number of duplicates                     :      0
  Number of niche violations               :      0


Doing GA, no. of population(s) 5 size 100 selection pressure 1.100000

 Operation      Fitness  S(hb_ext) S(vdw_ext)  S(hb_int)    S(int)      intcor
         0      44.10       0.00      34.07       0.00     -13.71      -5.80
       461      44.15       0.00      34.12       0.00     -13.79      -5.80
       677      49.29       1.71      42.04       0.00     -50.07      -5.80
       726      53.97       0.00      40.79       0.00     -10.35      -5.80
       946      53.99       0.10      40.73       0.00     -10.35      -5.80
      3041      52.56       0.10      39.79       0.00     -10.35      -5.80
      3596      52.66       0.00      39.98       0.00     -10.35      -5.80
      5026      51.29       0.00      39.09       0.00     -10.35      -5.80
      5431      51.48       4.44      36.68       0.00     -14.32      -5.80
      5727      51.03       4.65      35.13       0.00      -7.91      -5.80
      6337      51.21       4.65      35.29       0.00      -7.91      -5.80
      6475      56.61       2.62      42.86       0.00     -19.98      -5.80
      7867      56.10       6.41      40.24       0.00     -21.81      -5.80
      8135      57.02       3.43      42.69       0.00     -19.29      -5.80
     10646      56.36       4.90      40.53       0.00     -14.80      -5.80
Reordering...
     11160      55.78       3.38      42.24       0.00     -19.29      -5.80
     11451      56.38       5.41      40.24       0.00     -14.80      -5.80
     11641      60.97       4.36      43.04       0.00      -8.73      -5.80
     14506      59.80       4.28      42.45       0.00      -8.73      -5.80
     15126      58.90       4.20      41.91       0.00      -8.73      -5.80
     16516      58.92       4.08      42.06       0.00      -8.56      -5.80
Reordering...
     16740      57.98       3.85      43.88       0.00     -17.38      -5.80
     16926      60.90       4.37      43.38       0.00      -8.73      -5.80
     17106      61.15       4.37      43.56       0.00      -8.73      -5.80
     18411      61.30       4.56      43.63       0.00      -8.73      -5.80
     18471      61.85       4.34      44.19       0.00      -8.73      -5.80
     19346      62.59       4.09      45.01       0.00      -8.73      -5.80
     19646      62.83       4.09      45.19       0.00      -8.73      -5.80
     19971      62.98       4.09      45.35       0.00      -8.73      -5.80
     20275      63.16       4.59      45.12       0.00      -8.73      -5.80
     21476      63.59       4.72      45.28       0.00      -8.17      -5.80
     22096      63.80       4.72      45.47       0.00      -8.10      -5.80
     22566      63.62       4.67      45.43       0.00      -8.10      -5.80
     22672      63.76       4.78      45.36       0.00      -7.83      -5.80
     23722      63.95       4.78      45.28       0.00      -6.82      -5.80
     23842      64.09       4.78      45.30       0.00      -6.57      -5.80
     24162      64.30       4.78      45.33       0.00      -6.20      -5.80
     24357      64.30       4.70      45.43       0.00      -6.20      -5.80
     25571      64.24       4.66      45.46       0.00      -6.07      -5.80
     25727      64.37       4.70      45.57       0.00      -6.20      -5.80
     25971      64.59       5.02      46.17       0.00      -8.10      -5.80
     26246      64.31       4.61      45.60       0.00      -6.07      -5.80
     26256      65.72       4.99      46.34       0.00      -6.07      -5.80
     26846      66.04       5.12      46.53       0.00      -6.07      -5.80
     27155      66.10       5.19      46.39       0.00      -5.72      -5.80
     28195      66.05       4.92      46.49       0.00      -5.31      -5.80
     28277      66.37       4.98      46.30       0.00      -4.31      -5.80
     29187      66.30       4.98      46.31       0.00      -4.31      -5.80
     29277      66.38       5.12      46.27       0.00      -4.31      -5.80
     30400      66.57       5.09      46.35       0.00      -3.94      -5.80
     30575      66.79       5.09      46.51       0.00      -3.94      -5.80
     30805      67.11       5.45      46.49       0.00      -3.94      -5.80
     31735      67.21       5.05      46.58       0.00      -3.17      -5.80
     33461      67.58       5.05      47.04       0.00      -3.43      -5.80
     33955      68.09       5.02      47.06       0.00      -2.56      -5.80
     36085      68.25       6.06      46.83       0.00      -3.17      -5.80
     36707      68.27       6.06      46.88       0.00      -3.17      -5.80
     36801      68.43       6.06      47.00       0.00      -3.17      -5.80
     37407      68.58       6.02      46.90       0.00      -2.66      -5.80
     37445      68.60       6.02      46.86       0.00      -2.56      -5.80
     37880      68.66       6.02      46.94       0.00      -2.56      -5.80
Reordering...
     38440      68.62       6.02      46.94       0.00      -2.56      -5.80
     38587      68.68       6.30      47.11       0.00      -3.17      -5.80
     39281      68.63       5.99      47.06       0.00      -2.66      -5.80
     39717      68.64       6.25      47.10       0.00      -3.00      -5.80
     40380      68.63       6.22      47.00       0.00      -2.74      -5.80
     40636      68.65       5.99      47.09       0.00      -2.58      -5.80
     41120      68.68       5.95      47.12       0.00      -2.50      -5.80
     41444      68.71       6.09      46.98       0.00      -2.40      -5.80
     42244      68.67       6.09      47.01       0.00      -2.40      -5.80
     42727      68.77       6.58      46.83       0.00      -2.55      -5.80
     42777      68.84       6.20      47.15       0.00      -2.55      -5.80
     43512      68.69       6.14      47.15       0.00      -2.55      -5.80
     43784      68.77       6.11      47.14       0.00      -2.40      -5.80
     43819      68.81       5.98      47.31       0.00      -2.47      -5.80
     43977      68.90       6.26      47.24       0.00      -2.58      -5.80
     44137      68.99       6.50      47.14       0.00      -2.54      -5.80
     44407      69.01       6.26      47.35       0.00      -2.58      -5.80
     44501      69.09       6.22      47.15       0.00      -2.13      -5.80
     45486      69.25       7.10      46.69       0.00      -2.13      -5.80
     45652      69.26       7.10      46.69       0.00      -2.13      -5.80
     46841      69.15       7.07      46.70       0.00      -2.13      -5.80
     47761      69.16       7.07      46.65       0.00      -2.05      -5.80
     48232      69.26       7.07      46.70       0.00      -2.03      -5.80
     48942      69.52       6.91      46.70       0.00      -1.61      -5.80
     49102      69.59       7.07      46.69       0.00      -1.67      -5.80
     50443      69.66       7.73      46.35       0.00      -1.80      -5.80
     50613      69.67       7.88      46.24       0.00      -1.80      -5.80
     50682      69.72       7.02      46.81       0.00      -1.66      -5.80
     51318      69.77       7.88      46.32       0.00      -1.80      -5.80
     51378      69.81       7.88      46.34       0.00      -1.80      -5.80
     51468      69.82       7.88      46.36       0.00      -1.81      -5.80
     51733      69.84       7.88      46.37       0.00      -1.80      -5.80
     51938      70.18       7.85      46.99       0.00      -2.27      -5.80
     52448      70.20       7.85      47.00       0.00      -2.27      -5.80
     54418      70.44       7.66      46.84       0.00      -1.62      -5.80
     55734      70.53       7.66      46.91       0.00      -1.62      -5.80
     56309      70.53       7.66      46.91       0.00      -1.62      -5.80
     56640      70.54       7.66      46.91       0.00      -1.62      -5.80
     57514      70.59       8.10      46.82       0.00      -1.90      -5.80
     58485      70.97       8.72      46.45       0.00      -1.62      -5.80
     59200      70.98       8.72      46.46       0.00      -1.62      -5.80
     60180      71.30       8.84      46.61       0.00      -1.62      -5.80
     61545      71.30       8.84      46.61       0.00      -1.62      -5.80
--------------------------------------------------------------------------------
Best docking solution after GA:
     62000      71.30       8.84      46.61       0.00      -1.62      -5.80

#ops:      62000 #mutates:  29421 #cross:    29478 #migrate:   3101 
#dups:     15416 #niche:    51896 #errors:     156 
--------------------------------------------------------------------------------

Doing AMOEBA simplex on best individual
Done simplexing #iterations 627, best score  72.65

Ligand is stored in gold_soln_2rh1_m1_2.mol2


--------------------------------------------------------------------------------
--- GoldScore breakdown of terms                                             ---
--------------------------------------------------------------------------------
Fitness = S(hb_ext) + 1.3750*S(vdw_ext) + S(hb_int) + 1.0000*S(int)
S(int)  = S(vdw_int) + S(tors)

Internal terms are relative to best energy found (intcor).

--------------------------------------------------------------------------------


     Fitness  S(hb_ext) S(vdw_ext)  S(hb_int)    S(int)      intcor
     72.65       8.76      47.49       0.00      -1.41      -5.80

--------------------------------------------------------------------------------
--- GoldScore analysis of protein-ligand interactions                        ---
--------------------------------------------------------------------------------

  Ligand acceptor   19 Protein hydrogen 4175 donor 4166 bond energy  2.00 wt 0.20
  Ligand acceptor   17 Protein hydrogen 4104 donor 4097 bond energy  2.00 wt 0.79
  Ligand donor   17 hydrogen   34 Protein acceptor 1334 bond energy  6.00 wt 0.80
  Ligand donor   19 hydrogen   37 Protein acceptor 4098 bond energy  2.00 wt 1.00

--------------------------------------------------------------------------------


--------------------------------------------------------------------------------
--- Chromosome decoded                                                       ---
--------------------------------------------------------------------------------
Ligand Torsions
[  12   13   14   15]   14.41    matched torsion: ortho-substituoed aromatic-aliphatic ether
[  13   14   15   16]  157.08
[  18   16   15   14]  -62.72
[  19   18   16   15] -167.17
[  34   17   16   15]   67.24
[  20   19   18   16] -159.88
[  21   20   19   18]  -57.77
[  39   21   20   19]  -56.51
[  42   22   20   19]  176.08
Protein Torsions
[4175 4166 4165 4163] -134.87 
[1294 1290 1288 1285]  -35.34 
[4033 4024 4023 4021]  101.11 
[1412 1408 1406 1403]  -60.29 
[2830 2825 2824 2821]  127.57 
[2723 2714 2713 2711] -132.52 
[2773 2768 2767 2764]  158.47 
Mapping
Ligand acceptors to protein hydrogens (mapping then atom ids)
  2   4 [ 17->4104]
  3   1 [ 19->4175]
Ligand hydrogens to protein acceptors (mapping then atom ids)
  2   5 [ 34->1334]
  3   3 [ 37->4098]
Ligand shape atoms to protein points (mapping then atom ids & coords)
  2  5817 [  2->(-25.250   8.750   6.000)]
  3  4600 [  5->(-28.500   9.750   7.000)]
  5  5028 [ 10->(-27.250  12.000   5.500)]
  6  4652 [ 11->(-28.250  11.750   6.000)]
  8  3775 [ 15->(-31.500  10.750   7.500)]
  9  3870 [ 16->(-31.250   9.750   7.500)]
 11  2575 [ 20->(-33.250   6.000   7.500)]
 12  2445 [ 21->(-33.500   6.250   6.000)]
 13  1953 [ 22->(-34.250   6.750   6.500)]
Chromosome values
Integers:
  -1    3    0   -1    4    2   -1 5816 4599   -1 5027 4651 
  -1 3774 3869   -1 2574 2444 1952 
--------------------------------------------------------------------------------

Current Ranking  1  2

--------------------------------------------------------------------------------

* GA execution time :                                                           
  total 19.9994 user 19.9993 sys  0.0000

--------------------------------------------------------------------------------
Fitness function evaluations: 140156

--------------------------------------------------------------------------------
** Docking run number  3 **
--------------------------------------------------------------------------------
  Rank fitness base is 5000.00 ; increment is 11.2233

* Initialising population(s) ...                                                
Number of constraints mappings 0
Number of constraints 0
  Population no.                           :      1
  Population size                          :    100
  Number of duplicates                     :      0
  Number of niche violations               :      0
  Number of errors                         :      3

Number of constraints mappings 0
Number of constraints 0
  Population no.                           :      2
  Population size                          :    100
  Number of duplicates                     :      0
  Number of niche violations               :      0
  Number of errors                         :      1

Number of constraints mappings 0
Number of constraints 0
  Population no.                           :      3
  Population size                          :    100
  Number of duplicates                     :      0
  Number of niche violations               :      0
  Number of errors                         :      2

Number of constraints mappings 0
Number of constraints 0
  Population no.                           :      4
  Population size                          :    100
  Number of duplicates                     :      0
  Number of niche violations               :      0
  Number of errors                         :      1

Number of constraints mappings 0
Number of constraints 0
  Population no.                           :      5
  Population size                          :    100
  Number of duplicates                     :      0
  Number of niche violations               :      0
  Number of errors                         :      3


Doing GA, no. of population(s) 5 size 100 selection pressure 1.100000

 Operation      Fitness  S(hb_ext) S(vdw_ext)  S(hb_int)    S(int)      intcor
         0      44.07       1.91      35.00       0.00     -29.81      -5.80
       364      48.08       2.36      37.80       0.00     -31.22      -5.80
       762      51.23       0.70      40.51       0.00     -25.34      -5.80
      2002      51.17       2.07      41.55       0.00     -37.65      -5.80
      2613      56.33       7.62      39.61       0.00     -26.42      -5.80
      3338      56.26       3.46      40.53       0.00     -13.15      -5.80
      3363      56.44       3.59      40.56       0.00     -13.15      -5.80
      4063      57.36       7.57      39.26       0.00     -18.43      -5.80
      4893      57.41       7.57      39.06       0.00     -16.59      -5.80
      5013      57.72       6.52      40.42       0.00     -18.43      -5.80
      5053      58.74       7.57      40.09       0.00     -16.59      -5.80
      6108      56.98       7.09      39.53       0.00     -18.43      -5.80
      6183      57.22       6.88      39.54       0.00     -16.59      -5.80
      6418      57.62       6.49      40.51       0.00     -18.43      -5.80
      7148      57.63       7.29      39.67       0.00     -16.59      -5.80
      7393      58.53       5.51      41.95       0.00     -18.43      -5.80
      8223      57.54       5.74      40.30       0.00     -13.67      -5.80
      8338      57.76       5.44      41.21       0.00     -16.44      -5.80
      8568      57.77       7.34      39.37       0.00     -14.02      -5.80
      8878      57.95       5.30      40.98       0.00     -13.67      -5.80
      8912      59.53       3.52      42.57       0.00      -9.33      -5.80
     10682      58.43       3.44      41.95       0.00      -9.33      -5.80
     10817      58.66       3.44      42.41       0.00     -10.77      -5.80
     11132      59.19       2.90      42.89       0.00      -9.33      -5.80
     11443      58.46       0.87      43.59       0.00      -7.96      -5.80
     11743      58.56       1.16      43.44       0.00      -7.96      -5.80
     12848      59.06       4.30      42.23       0.00     -10.77      -5.80
Reordering...
     13020      58.21       1.14      43.33       0.00      -7.96      -5.80
     14628      58.13       1.14      43.34       0.00      -7.96      -5.80
     15447      58.96       1.62      46.20       0.00     -18.49      -5.80
     16802      58.59       1.59      46.35       0.00     -18.84      -5.80
     16983      58.78       2.84      44.52       0.00     -14.77      -5.80
     17216      58.99       3.21      43.04       0.00      -9.51      -5.80
     18278      59.50       2.14      45.72       0.00     -14.77      -5.80
     19198      59.47       2.11      45.81       0.00     -14.77      -5.80
     19213      59.73       2.00      46.07       0.00     -14.77      -5.80
     19502      59.73       0.39      45.22       0.00      -7.28      -5.80
     19798      60.14       2.00      46.46       0.00     -14.77      -5.80
     20157      60.30       0.49      45.66       0.00      -7.48      -5.80
     21673      59.96       1.97      46.52       0.00     -14.39      -5.80
     21931      59.92       1.85      45.44       0.00     -10.39      -5.80
     21966      59.98       1.85      45.48       0.00     -10.39      -5.80
     22351      60.43       2.29      45.55       0.00     -10.39      -5.80
     22431      60.50       2.23      45.65       0.00     -10.39      -5.80
     23547      60.79       2.29      45.89       0.00     -10.39      -5.80
     23632      60.69       2.29      45.89       0.00     -10.39      -5.80
     23646      61.10       2.01      45.86       0.00      -8.76      -5.80
     23856      61.12       2.23      45.53       0.00      -8.23      -5.80
     24434      61.04       3.02      44.72       0.00      -7.52      -5.80
     25181      61.62       2.40      45.89       0.00      -8.23      -5.80
     25881      61.92       2.46      46.00       0.00      -7.86      -5.80
     26902      61.74       2.03      46.02       0.00      -7.09      -5.80
     27246      61.75       2.38      46.06       0.00      -7.87      -5.80
     27347      61.71       2.03      46.05       0.00      -7.09      -5.80
     27547      62.39       2.42      46.30       0.00      -7.20      -5.80
     28847      62.30       2.39      46.26       0.00      -6.87      -5.80
     30422      62.03       2.64      46.46       0.00      -7.85      -5.80
     30592      62.04       2.64      46.46       0.00      -7.85      -5.80
     30852      62.57       2.88      46.51       0.00      -7.46      -5.80
     32702      62.29       2.84      46.54       0.00      -7.46      -5.80
     32733      62.42       2.92      46.32       0.00      -6.87      -5.80
     33007      62.44       2.84      46.32       0.00      -6.55      -5.80
     33866      62.46       2.79      46.46       0.00      -6.60      -5.80
     34026      62.46       2.79      46.46       0.00      -6.60      -5.80
     34541      62.40       2.79      46.48       0.00      -6.60      -5.80
     34702      62.41       2.79      46.48       0.00      -6.60      -5.80
     35197      62.33       2.79      46.50       0.00      -6.60      -5.80
     35931      62.25       2.86      46.46       0.00      -6.60      -5.80
     36311      62.17       2.76      46.54       0.00      -6.60      -5.80
     36413      62.18       2.88      46.05       0.00      -5.80      -5.80
     37196      62.10       2.89      46.44       0.00      -6.55      -5.80
Reordering...
     37200      61.97       2.85      46.05       0.00      -5.80      -5.80
     37432      61.98       2.89      46.46       0.00      -6.60      -5.80
Reordering...
     37820      61.88       2.85      46.05       0.00      -5.80      -5.80
     37987      61.88       2.85      46.05       0.00      -5.80      -5.80
     39302      61.36       2.85      46.42       0.00      -6.88      -5.39
Reordering...
     39680      61.24       2.82      46.05       0.00      -6.21      -5.39
     40092      61.25       2.82      46.06       0.00      -6.21      -5.39
     40196      61.26       2.70      46.54       0.00      -6.88      -5.39
     40261      61.28       2.68      46.62       0.00      -6.96      -5.39
Reordering...
     40920      61.01       2.80      46.06       0.00      -6.22      -5.39
     41243      61.04       2.79      46.08       0.00      -6.21      -5.39
     41322      61.08       2.98      45.99       0.00      -6.24      -5.39
     41751      61.07       3.01      46.43       0.00      -6.88      -5.39
     42581      60.99       3.01      46.47       0.00      -6.88      -5.39
     43367      60.83       2.75      46.45       0.00      -6.58      -5.39
     43522      60.70       2.75      46.45       0.00      -6.58      -5.39
     44362      60.55       2.75      46.46       0.00      -6.63      -5.34
     45802      60.27       2.72      46.55       0.00      -6.73      -5.34
     45971      60.30       3.09      46.20       0.00      -6.44      -5.34
     45994      60.31       2.94      46.20       0.00      -6.28      -5.34
     46851      60.24       2.91      46.27       0.00      -6.29      -5.34
     47191      60.24       2.91      46.27       0.00      -6.29      -5.34
     47814      60.24       2.92      46.24       0.00      -6.26      -5.34
     48151      60.24       2.91      46.27       0.00      -6.29      -5.34
     48456      60.24       2.91      46.25       0.00      -6.26      -5.34
     48699      60.39       2.92      46.33       0.00      -6.24      -5.34
     49594      60.40       2.76      46.46       0.00      -6.24      -5.34
     50719      60.44       2.90      46.39       0.00      -6.24      -5.34
     51259      60.44       2.92      46.38       0.00      -6.24      -5.34
     51899      60.47       2.92      46.39       0.00      -6.24      -5.34
     52144      60.48       2.92      46.40       0.00      -6.24      -5.34
     53459      60.51       2.92      46.42       0.00      -6.24      -5.34
     57330      60.52       2.92      46.45       0.00      -6.27      -5.34
     57959      60.53       2.89      46.45       0.00      -6.24      -5.34
     60057      60.54       2.92      46.44       0.00      -6.24      -5.34
     60987      60.56       2.89      46.50       0.00      -6.27      -5.34
--------------------------------------------------------------------------------
Best docking solution after GA:
     62000      60.56       2.89      46.50       0.00      -6.27      -5.34

#ops:      62000 #mutates:  29398 #cross:    29378 #migrate:   3224 
#dups:     21180 #niche:    49706 #errors:     102 
--------------------------------------------------------------------------------

Doing AMOEBA simplex on best individual
Done simplexing #iterations 823, best score  62.08

Ligand is stored in gold_soln_2rh1_m1_3.mol2


--------------------------------------------------------------------------------
--- GoldScore breakdown of terms                                             ---
--------------------------------------------------------------------------------
Fitness = S(hb_ext) + 1.3750*S(vdw_ext) + S(hb_int) + 1.0000*S(int)
S(int)  = S(vdw_int) + S(tors)

Internal terms are relative to best energy found (intcor).

--------------------------------------------------------------------------------


     Fitness  S(hb_ext) S(vdw_ext)  S(hb_int)    S(int)      intcor
     62.08       3.56      46.45       0.00      -5.34      -5.34

--------------------------------------------------------------------------------
--- GoldScore analysis of protein-ligand interactions                        ---
--------------------------------------------------------------------------------

  Ligand acceptor   17 Protein hydrogen 4175 donor 4166 bond energy  2.00 wt 0.10
  Ligand acceptor   17 Protein hydrogen 4104 donor 4097 bond energy  2.00 wt 0.13
  Ligand donor   17 hydrogen   34 Protein acceptor 1334 bond energy  6.00 wt 0.52

--------------------------------------------------------------------------------


--------------------------------------------------------------------------------
--- Chromosome decoded                                                       ---
--------------------------------------------------------------------------------
Ligand Torsions
[  12   13   14   15]   28.39    matched torsion: ortho-substituoed aromatic-aliphatic ether
[  13   14   15   16]  163.23
[  18   16   15   14]  -96.43
[  19   18   16   15]  172.68
[  34   17   16   15]   57.98
[  20   19   18   16]  116.74
[  21   20   19   18] -165.47
[  39   21   20   19]   60.63
[  42   22   20   19]  -53.51
Protein Torsions
[4175 4166 4165 4163] -149.31 
[1294 1290 1288 1285] -111.92 
[4033 4024 4023 4021]   27.76 
[1412 1408 1406 1403]  -77.61 
[2830 2825 2824 2821]  119.67 
[2723 2714 2713 2711] -142.83 
[2773 2768 2767 2764] -168.04 
Mapping
Ligand acceptors to protein hydrogens (mapping then atom ids)
  2   4 [ 17->4104]
Ligand hydrogens to protein acceptors (mapping then atom ids)
  2   5 [ 34->1334]
Ligand shape atoms to protein points (mapping then atom ids & coords)
  1  5774 [  1->(-25.500   8.750   6.500)]
  2  5357 [  2->(-26.500   9.000   6.500)]
  3  4616 [  5->(-28.250   8.750   7.000)]
  4  4959 [  6->(-27.250   9.000   7.250)]
  5  4899 [ 10->(-27.500  11.500   5.750)]
  6  4902 [ 11->(-27.500  12.000   5.250)]
  7  4508 [ 12->(-29.250  11.000   6.500)]
  8  3966 [ 15->(-31.000   8.750   7.250)]
  9  3404 [ 16->(-32.000   8.500   7.250)]
 10  3058 [ 18->(-32.500   7.750   6.750)]
 11  2635 [ 20->(-33.250   7.250   6.500)]
 12  2125 [ 21->(-34.000   6.500   6.500)]
 13  2294 [ 22->(-33.750   6.500   5.750)]
Chromosome values
Integers:
  -1    3   -1   -1    4   -1 5773 5356 4615 4958 4898 4901 
4507 3965 3403 3057 2634 2124 2293 
--------------------------------------------------------------------------------

Current Ranking  1  2  3

Top  3 (of  3) solutions are within 1.000 RMSD, finishing docking C:/Users/student/Desktop/Dokowanko/beta2/ligandy/2rh1.mol2.


--------------------------------------------------------------------------------

* GA execution time :                                                           
  total 19.0003 user 19.0003 sys  0.0000

--------------------------------------------------------------------------------
Fitness function evaluations: 138528

--------------------------------------------------------------------------------
--- Ranking analysis                                                         ---
--------------------------------------------------------------------------------


* Final ranked order of GA solutions:                                           
   1  2  3 

  _______________________________
  RMSD Matrix of RANKED solutions

        2    3  

   1 :  0.4  0.9
   2 :       0.8

  Clustering method                        : complete linkage
  Structure ids in cluster table           : rank nos.
  Ordering of clusters and their members   : by rank (order if from rms_analysis)

  Distance | Clusters
   0.40    |  1  2 |  3 |
   0.88    |  1  2  3 |
  Finished Docking Ligand                  : C:/Users/student/Desktop/Dokowanko/beta2/ligandy/2rh1.mol2
--------------------------------------------------------------------------------

  Relative_Ligand_Energy (best encountered) :  -5.336
  Relative_Ligand_Energy: fitness values have been corrected using this amount
