
--------------------------------------------------------------------------------
--- Ligand                                                                   ---
--------------------------------------------------------------------------------
  Ligand loaded from file                  : /home/mateusz/Kasia/zajecia/dokowanie-karolina/ligandy/6h7j.mol2
  Ligand name                              :  
  "C:\Users\porto\OneDrive\projekt\beta1\ligandy\L_6h7j.pdb L_6h7j.pdb 1    "

--------------------------------------------------------------------------------
  N.plc donors                             : 
  none found

  Acidic nitrogen acceptors                : 
  none found
  Sulfur acceptors                         :
  none found


  Donor atoms                              :      4
  12  13  14  15  
  Acceptor atoms                           :      4
  12  13  14  15  

  Hydrogens                                :  (n = 4)
  29   30   31   32   

  Lone pairs added to molecule             :      7
  Numbering                                : from 33 to 39

--------------------------------------------------------------------------------
--- Postprocessing of typing                                                 ---
--------------------------------------------------------------------------------
  Fragment file                            : /opt/CCDC/GoldSuite_2017/GOLD/gold/rotatable_bond_override.mol2
  acylurea fragment                        : no matches
  thioacylthiourea fragment                : no matches
  acylthiourea fragment                    : no matches
  thioacylurea fragment                    : no matches
  diarylamine fragment >C.ar-NH-C.ar<      : no matches
  sec-amine (1) fragment                   : no matches
  sec-amine (2) fragment                   : no matches
  sec-amine (3) fragment                   : no matches
  carboxylic ester                         : no matches

* Rotatable bonds in /home/mateusz/Kasia/  :
  [   1    4] [   1   13] [   1    2] [   2   12] 
  [   3   12] [   9   14] [  11   15] 
  No. of rotatable bonds                   :      7


* Reading torsional distributions from file:
  /opt/CCDC/GoldSuite_2017/GOLD/gold/gold.tordist
  No. of bins in torsional distributions   :     36
  Minimum size of largest peak             :      0
  Removing high energy torsions            : on
  Delta E set to                           :   2.500

* Fragments found in /home/mateusz/Kasia/  :
  atom   4: benzene
  atom   7: benzene
  atom   8: benzene
  atom   9: benzene
  atom  10: benzene
  atom  11: benzene


* Checking torsion distributions:                                               
  No. of matched torsions                  :      0

--------------------------------------------------------------------------------
--- Shape fitting atoms selection (hydrophobic atoms)                        ---
--------------------------------------------------------------------------------
  Molecule                                 : /home/mateusz/Kasia/zajecia/dokowanie-karolina/ligandy/6h7j.mol2
  Selection                                : carbons only
  Atom numbers                             :  (n = 8)
  1    2    3    5    6    7    8    10   


--------------------------------------------------------------------------------
--- ChemScore ligand setup summary                                           ---
--------------------------------------------------------------------------------
  ChemScore ligand acceptors               :      4
  12 13 14 15 
  ChemScore ligand donors                  :      4
  12 ( 29  ) 13 ( 30  ) 14 ( 31  ) 15 ( 32  ) 
  ChemScore ligand CH donors               :      0
  

  ChemScore ligand lipophilic atoms        :  (n = 11)
  1    2    3    4    5    6    7    8    9    10   
  11   

  ChemScore ligand rotatable bonds         :      7
  1   (CAE) - 4   (CAH): SP3_SP2_BOND
  1   (CAE) - 13  (OAA): SP3_SP3_BOND
  1   (CAE) - 2   (CAF): SP3_SP3_BOND
  2   (CAF) - 12  (NAD): SP3_SP3_BOND
  3   (CAG) - 12  (NAD): SP3_SP3_BOND
  9   (CAM) - 14  (OAB): SP3_SP2_BOND
  11  (CAO) - 15  (OAC): SP3_SP2_BOND

--------------------------------------------------------------------------------
--- PLP ligand setup summary                                                 ---
--------------------------------------------------------------------------------
    1   CAE   C.3 NONPOLAR
    2   CAF   C.3 NONPOLAR
    3   CAG   C.3 NONPOLAR
    4   CAH  C.ar NONPOLAR
    5   CAI   C.3 NONPOLAR
    6   CAJ   C.3 NONPOLAR
    7   CAK  C.ar NONPOLAR
    8   CAL  C.ar NONPOLAR
    9   CAM  C.ar NONPOLAR
   10   CAN  C.ar NONPOLAR
   11   CAO  C.ar NONPOLAR
   12   NAD   N.3 DONACC
   13   OAA   O.3 DONACC
   14   OAB   O.3 DONACC
   15   OAC   O.3 DONACC

--------------------------------------------------------------------------------
--- Automatic parameter setting                                              ---
--------------------------------------------------------------------------------
  Contribution base                        :   2500
  Contribution per rotatable bond          :   6000
  Contribution per df                      :   4000
  Contribution per water                   :  10000
  Ligand rotatable bonds                   :      7
  Protein flexible side chain bonds        :      0
  Total rotatable bonds                    :      7
  Hydrophobic vol ratio (P/L)              :   2.216
  Base multiplier (polar)                  :   1.600
  Base multiplier (apolar)                 :   3.546
  Base contribution                        : 12500.000
  Fitting points                           :      8
  Estimated maxops needed (optimal)        :  55000

--------------------------------------------------------------------------------

* Population settings                                                           
  maxops                                   :  55000
  popsiz                                   :    100
  select_pressure                          :   1.100
  n_islands                                :      5
  niche_siz                                :      2

* GA settings                                                                   
  pt_crosswt                               :     95
  allele_mutatewt                          :     95
  migratewt                                :     10

* Search settings                                                               
  start_vdw_linear_cutoff                  :   4.000
  initial_virtual_pt_match_max             :   3.000

--------------------------------------------------------------------------------

* Ligand initialisation time :                                                  
  total  0.0092 user  0.0092 sys  0.0000

--------------------------------------------------------------------------------

--------------------------------------------------------------------------------
** Docking run number  1 **
--------------------------------------------------------------------------------
  Rank fitness base is 5000.00 ; increment is 11.2233

* Initialising population(s) ...                                                
Number of constraints mappings 0
Number of constraints 0
  Population no.                           :      1
  Population size                          :    100
  Number of duplicates                     :      0
  Number of niche violations               :      0
  Number of errors                         :    266

Number of constraints mappings 0
Number of constraints 0
  Population no.                           :      2
  Population size                          :    100
  Number of duplicates                     :      0
  Number of niche violations               :      0
  Number of errors                         :    286

Number of constraints mappings 0
Number of constraints 0
  Population no.                           :      3
  Population size                          :    100
  Number of duplicates                     :      0
  Number of niche violations               :      0
  Number of errors                         :    296

Number of constraints mappings 0
Number of constraints 0
  Population no.                           :      4
  Population size                          :    100
  Number of duplicates                     :      0
  Number of niche violations               :      0
  Number of errors                         :    288

Number of constraints mappings 0
Number of constraints 0
  Population no.                           :      5
  Population size                          :    100
  Number of duplicates                     :      0
  Number of niche violations               :      0
  Number of errors                         :    305


Doing GA, no. of population(s) 5 size 100 selection pressure 1.100000

 Operation      Score     S(PLP)   S(hbond)     S(cho)   S(metal)  DE(clash)   DE(tors)     intcor
         0      26.10     -27.66       0.24       0.00       0.00       0.00       1.23       0.19
        39      28.37     -32.10       0.00       0.00       0.00       0.00       1.96       0.19
       174      28.57     -32.29       0.00       0.00       0.00       0.00       1.95       0.19
       208      37.69     -38.80       0.00       0.00       0.00       0.00       0.65       0.19
      3974      38.77     -40.11       0.00       0.00       0.00       0.00       0.73       0.12
      4363      41.75     -42.93       0.00       0.00       0.00       0.00       0.65       0.12
      6098      42.03     -43.20       0.00       0.00       0.00       0.00       0.65       0.12
      9948      43.17     -44.35       0.00       0.00       0.00       0.00       0.65       0.12
     12962      43.61     -42.77       1.00       0.00       0.00       0.00       1.14       0.12
     13112      44.07     -47.18       0.00       0.00       0.00       0.00       1.61       0.12
     16464      44.12     -45.29       0.00       0.00       0.00       0.00       0.64       0.12
     16562      44.44     -43.60       1.00       0.00       0.00       0.00       1.14       0.12
     17317      45.36     -44.89       0.88       0.00       0.00       0.00       1.14       0.12
     18383      46.50     -46.55       0.71       0.00       0.00       0.00       1.14       0.12
     20918      46.91     -46.81       0.72       0.00       0.00       0.00       1.09       0.12
     21099      47.05     -46.61       0.87       0.00       0.00       0.00       1.14       0.12
     22867      47.46     -46.56       1.00       0.00       0.00       0.00       1.11       0.12
     24047      48.31     -47.54       0.96       0.00       0.00       0.00       1.11       0.12
     26837      48.38     -47.48       1.00       0.00       0.00       0.00       1.11       0.12
     28087      48.62     -47.73       1.00       0.00       0.00       0.00       1.11       0.12
     30462      48.95     -47.89       0.96       0.00       0.00       0.00       0.97       0.12
     31601      49.39     -48.17       1.00       0.00       0.00       0.00       0.95       0.12
     35717      49.48     -48.30       1.00       0.00       0.00       0.00       0.97       0.12
     37317      49.52     -48.28       0.99       0.00       0.00       0.00       0.92       0.12
     37832      49.53     -48.42       0.99       0.00       0.00       0.00       0.99       0.12
     37952      49.58     -48.37       1.00       0.00       0.00       0.00       0.95       0.12
     39057      49.61     -48.33       0.99       0.00       0.00       0.00       0.91       0.12
     39387      49.69     -48.78       0.91       0.00       0.00       0.00       0.97       0.12
     40587      49.72     -48.59       0.94       0.00       0.00       0.00       0.91       0.12
     40903      49.76     -48.98       0.90       0.00       0.00       0.00       1.01       0.12
     46217      49.81     -48.72       0.94       0.00       0.00       0.00       0.93       0.12
     46527      49.94     -48.80       0.96       0.00       0.00       0.00       0.93       0.12
     47872      50.18     -48.87       0.98       0.00       0.00       0.00       0.87       0.12
     49817      50.28     -49.01       0.98       0.00       0.00       0.00       0.89       0.12
     51247      50.32     -49.15       0.96       0.00       0.00       0.00       0.91       0.12
     51892      50.40     -49.20       0.96       0.00       0.00       0.00       0.90       0.12
     53549      50.47     -49.24       0.96       0.00       0.00       0.00       0.88       0.12
--------------------------------------------------------------------------------
Best docking solution after GA:
     55000      50.47     -49.24       0.96       0.00       0.00       0.00       0.88       0.12

#ops:      55000 #mutates:  26185 #cross:    26075 #migrate:   2740 
#dups:     15349 #niche:    21892 #errors:     405 
--------------------------------------------------------------------------------

Doing AMOEBA simplex on best individual
Done simplexing #iterations 492, best score  51.33

Ligand is stored in gold_soln_6h7j_m1_1.mol2


--------------------------------------------------------------------------------
--- CHEMPLP breakdown of terms                                               ---
--------------------------------------------------------------------------------
CHEMPLP = - ( 1.0000*S(PLP) + -3.0000*S(hbond) + -6.0000*S(metal) + -3.0000*S(cho) )

Score = CHEMPLP - 1.0000*DE(clash) - 2.0000*DE(tors)

Internal energy term has been corrected with the best internal energy encountered.

--------------------------------------------------------------------------------


     Score     S(PLP)   S(hbond)     S(cho)   S(metal)  DE(clash)   DE(tors)     intcor
     51.33     -49.30       0.99       0.00       0.00       0.00       0.53       0.12

--------------------------------------------------------------------------------
--- PLP analysis of protein-ligand interactions                              ---
--------------------------------------------------------------------------------
hydrogen bonding        :      -3.00
metal                   :       0.00
buried (polar-nonpolar) :      -6.36
nonpolar                :     -40.62
repulsive               :       0.00
--------------------------------------------------------------------------------


--------------------------------------------------------------------------------
--- ChemScore analysis of protein-ligand interactions                        ---
--------------------------------------------------------------------------------

* Hydrogen bonds                                                                
Ligand donor   13 hydrogen   30 Protein acceptor 2066 bond energy  1.00 wt 0.99


* CH..O interactions                                                            
  CH group selection                       : activated ring CH (adjacent to hetatom)

--------------------------------------------------------------------------------


--------------------------------------------------------------------------------
--- Intra-ligand clashes                                                     ---
--------------------------------------------------------------------------------

Ligand
--------------------------------------------------------------------------------


--------------------------------------------------------------------------------
--- Chromosome decoded                                                       ---
--------------------------------------------------------------------------------
Ligand Torsions
[   7    4    1   13]  170.19
[  30   13    1    4] -162.97
[  12    2    1    4] -175.93
[   3   12    2    1] -155.33
[   6    3   12    2]  -79.57
[  31   14    9    7] -101.62
[  32   15   11    9] -119.10
Mapping
Ligand acceptors to protein hydrogens (mapping then atom ids)
Ligand hydrogens to protein acceptors (mapping then atom ids)
  2   3 [ 30->2066]
Ligand shape atoms to protein points (mapping then atom ids & coords)
  1  6033 [  1->(-23.000   5.750  16.250)]
  2  5386 [  2->(-23.250   7.500  16.500)]
  3  8407 [  3->(-21.000   9.000  18.000)]
  4  7997 [  5->(-21.750  10.500  18.250)]
  5  8433 [  6->(-21.000   9.750  18.500)]
  6  4492 [  7->(-23.500   5.000  14.250)]
  8  4390 [ 10->(-23.500   4.000  13.750)]
Chromosome values
Integers:
  -1   -1   -1   -1   -1    2   -1   -1 6032 5385 8406 7996 
8432 4491   -1 4389 
--------------------------------------------------------------------------------

Current Ranking  1

--------------------------------------------------------------------------------

* GA execution time :                                                           
  total  1.6077 user  1.6076 sys  0.0000

--------------------------------------------------------------------------------
Fitness function evaluations: 92303

--------------------------------------------------------------------------------
** Docking run number  2 **
--------------------------------------------------------------------------------
  Rank fitness base is 5000.00 ; increment is 11.2233

* Initialising population(s) ...                                                
Number of constraints mappings 0
Number of constraints 0
  Population no.                           :      1
  Population size                          :    100
  Number of duplicates                     :      0
  Number of niche violations               :      0
  Number of errors                         :    317

Number of constraints mappings 0
Number of constraints 0
  Population no.                           :      2
  Population size                          :    100
  Number of duplicates                     :      0
  Number of niche violations               :      0
  Number of errors                         :    291

Number of constraints mappings 0
Number of constraints 0
  Population no.                           :      3
  Population size                          :    100
  Number of duplicates                     :      0
  Number of niche violations               :      0
  Number of errors                         :    298

Number of constraints mappings 0
Number of constraints 0
  Population no.                           :      4
  Population size                          :    100
  Number of duplicates                     :      0
  Number of niche violations               :      0
  Number of errors                         :    292

Number of constraints mappings 0
Number of constraints 0
  Population no.                           :      5
  Population size                          :    100
  Number of duplicates                     :      0
  Number of niche violations               :      0
  Number of errors                         :    362


Doing GA, no. of population(s) 5 size 100 selection pressure 1.100000

 Operation      Score     S(PLP)   S(hbond)     S(cho)   S(metal)  DE(clash)   DE(tors)     intcor
         0      26.78     -33.16       0.00       0.00       0.00       3.27       1.62       0.08
        98      32.46     -31.01       1.00       0.00       0.00       0.00       0.82       0.08
      2867      34.86     -34.19       0.96       0.00       0.00       0.00       1.15       0.08
      3767      36.02     -35.26       0.99       0.00       0.00       0.00       1.15       0.08
      4640      36.94     -38.68       0.00       0.00       0.00       0.00       0.91       0.08
      7116      37.39     -38.49       0.00       0.00       0.00       0.00       0.59       0.08
      7876      37.42     -35.06       1.00       0.00       0.00       0.00       0.36       0.08
      8103      37.55     -35.19       1.00       0.00       0.00       0.00       0.37       0.08
      8697      40.49     -38.52       1.00       0.00       0.00       0.00       0.56       0.08
      9652      41.11     -39.14       1.00       0.00       0.00       0.00       0.56       0.08
     12791      41.47     -40.47       1.00       0.00       0.00       0.00       1.04       0.08
     15516      42.29     -44.48       0.00       0.00       0.00       0.00       1.14       0.08
     16212      42.83     -44.14       0.00       0.00       0.00       0.00       0.70       0.08
     16645      43.56     -42.56       1.00       0.00       0.00       0.00       1.04       0.08
     16657      44.30     -45.60       0.00       0.00       0.00       0.00       0.70       0.08
     19662      44.80     -46.10       0.00       0.00       0.00       0.00       0.70       0.08
     26201      45.85     -47.48       0.00       0.00       0.00       0.00       0.84       0.04
     34948      46.04     -47.39       0.00       0.00       0.00       0.00       0.70       0.04
     41475      46.09     -44.02       1.00       0.00       0.00       0.00       0.49       0.04
     42838      46.13     -44.23       1.00       0.00       0.00       0.00       0.57       0.04
     43733      46.49     -44.42       1.00       0.00       0.00       0.00       0.48       0.04
     46533      47.17     -44.38       1.00       0.00       0.00       0.00       0.13       0.04
     53810      47.25     -44.48       1.00       0.00       0.00       0.00       0.13       0.04
--------------------------------------------------------------------------------
Best docking solution after GA:
     55000      47.25     -44.48       1.00       0.00       0.00       0.00       0.13       0.04

#ops:      55000 #mutates:  26088 #cross:    26076 #migrate:   2836 
#dups:     14129 #niche:    21620 #errors:     354 
--------------------------------------------------------------------------------

Doing AMOEBA simplex on best individual
Done simplexing #iterations 374, best score  48.29

Ligand is stored in gold_soln_6h7j_m1_2.mol2


--------------------------------------------------------------------------------
--- CHEMPLP breakdown of terms                                               ---
--------------------------------------------------------------------------------
CHEMPLP = - ( 1.0000*S(PLP) + -3.0000*S(hbond) + -6.0000*S(metal) + -3.0000*S(cho) )

Score = CHEMPLP - 1.0000*DE(clash) - 2.0000*DE(tors)

Internal energy term has been corrected with the best internal energy encountered.

--------------------------------------------------------------------------------


     Score     S(PLP)   S(hbond)     S(cho)   S(metal)  DE(clash)   DE(tors)     intcor
     48.29     -45.57       1.00       0.00       0.00       0.00       0.16       0.04

--------------------------------------------------------------------------------
--- PLP analysis of protein-ligand interactions                              ---
--------------------------------------------------------------------------------
hydrogen bonding        :      -2.00
metal                   :       0.00
buried (polar-nonpolar) :      -6.65
nonpolar                :     -37.20
repulsive               :       0.00
--------------------------------------------------------------------------------


--------------------------------------------------------------------------------
--- ChemScore analysis of protein-ligand interactions                        ---
--------------------------------------------------------------------------------

* Hydrogen bonds                                                                
Ligand donor   14 hydrogen   31 Protein acceptor 2066 bond energy  1.00 wt 1.00


* CH..O interactions                                                            
  CH group selection                       : activated ring CH (adjacent to hetatom)

--------------------------------------------------------------------------------


--------------------------------------------------------------------------------
--- Intra-ligand clashes                                                     ---
--------------------------------------------------------------------------------

Ligand
--------------------------------------------------------------------------------


--------------------------------------------------------------------------------
--- Chromosome decoded                                                       ---
--------------------------------------------------------------------------------
Ligand Torsions
[   7    4    1   13]  -60.49
[  30   13    1    4]   39.41
[  12    2    1    4]  166.77
[   3   12    2    1] -161.05
[   6    3   12    2] -178.43
[  31   14    9    7]   75.34
[  32   15   11    9]  170.63
Mapping
Ligand acceptors to protein hydrogens (mapping then atom ids)
Ligand hydrogens to protein acceptors (mapping then atom ids)
  3   3 [ 31->2066]
Ligand shape atoms to protein points (mapping then atom ids & coords)
  1  6668 [  1->(-22.750   5.250  15.250)]
  2  3764 [  2->(-23.750   6.000  14.000)]
  3  5129 [  3->(-23.250   4.000  11.000)]
  5  2159 [  6->(-24.250   4.750  10.000)]
  6  5405 [  7->(-23.250   8.250  16.500)]
  7  8232 [  8->(-21.250   7.750  16.750)]
Chromosome values
Integers:
  -1   -1   -1   -1   -1   -1    2   -1 6667 3763 5128   -1 
2158 5404 8231   -1 
--------------------------------------------------------------------------------

Current Ranking  1  2

--------------------------------------------------------------------------------

* GA execution time :                                                           
  total  1.0875 user  1.0875 sys  0.0000

--------------------------------------------------------------------------------
Fitness function evaluations: 93093

--------------------------------------------------------------------------------
** Docking run number  3 **
--------------------------------------------------------------------------------
  Rank fitness base is 5000.00 ; increment is 11.2233

* Initialising population(s) ...                                                
Number of constraints mappings 0
Number of constraints 0
  Population no.                           :      1
  Population size                          :    100
  Number of duplicates                     :      0
  Number of niche violations               :      0
  Number of errors                         :    296

Number of constraints mappings 0
Number of constraints 0
  Population no.                           :      2
  Population size                          :    100
  Number of duplicates                     :      0
  Number of niche violations               :      0
  Number of errors                         :    296

Number of constraints mappings 0
Number of constraints 0
  Population no.                           :      3
  Population size                          :    100
  Number of duplicates                     :      0
  Number of niche violations               :      0
  Number of errors                         :    309

Number of constraints mappings 0
Number of constraints 0
  Population no.                           :      4
  Population size                          :    100
  Number of duplicates                     :      0
  Number of niche violations               :      0
  Number of errors                         :    290

Number of constraints mappings 0
Number of constraints 0
  Population no.                           :      5
  Population size                          :    100
  Number of duplicates                     :      0
  Number of niche violations               :      0
  Number of errors                         :    291


Doing GA, no. of population(s) 5 size 100 selection pressure 1.100000

 Operation      Score     S(PLP)   S(hbond)     S(cho)   S(metal)  DE(clash)   DE(tors)     intcor
         0      31.46     -33.94       0.00       0.00       0.00       0.00       1.26       0.04
      3205      31.68     -35.17       0.00       0.00       0.00       0.00       1.77       0.04
      3264      33.65     -32.97       1.00       0.00       0.00       0.00       1.18       0.04
      4998      35.32     -38.14       0.00       0.00       0.00       0.00       1.43       0.04
      5958      35.54     -38.30       0.00       0.00       0.00       0.00       1.40       0.04
      6148      35.56     -39.15       0.00       0.00       0.00       0.00       1.82       0.04
      6692      36.09     -36.22       0.88       0.00       0.00       0.00       1.40       0.04
      7188      37.15     -36.24       0.86       0.00       0.00       0.00       0.86       0.04
      7924      38.39     -39.97       0.00       0.00       0.00       0.00       0.81       0.04
      8889      40.18     -38.75       0.99       0.00       0.00       0.00       0.79       0.04
     10019      40.34     -38.92       0.99       0.00       0.00       0.00       0.79       0.04
     11449      40.63     -39.18       0.99       0.00       0.00       0.00       0.78       0.04
     18769      40.81     -38.99       1.00       0.00       0.00       0.00       0.61       0.04
     20624      41.24     -42.54       0.00       0.00       0.00       0.00       0.67       0.04
     20829      43.31     -44.61       0.00       0.00       0.00       0.00       0.67       0.04
     21849      43.91     -45.21       0.00       0.00       0.00       0.00       0.67       0.04
     22684      44.59     -44.87       0.34       0.00       0.00       0.00       0.67       0.04
     24739      45.75     -46.23       0.28       0.00       0.00       0.00       0.67       0.04
     25114      47.11     -48.42       0.00       0.00       0.00       0.00       0.67       0.04
     29714      47.24     -48.65       0.00       0.00       0.00       0.00       0.72       0.04
     30329      47.27     -48.65       0.00       0.00       0.00       0.00       0.71       0.04
     31444      47.93     -49.20       0.01       0.00       0.00       0.00       0.67       0.04
     31594      48.08     -49.29       0.00       0.00       0.00       0.00       0.63       0.04
     34556      48.14     -49.30       0.01       0.00       0.00       0.00       0.62       0.04
     35310      48.18     -49.35       0.00       0.00       0.00       0.00       0.60       0.04
     35425      49.17     -49.28       0.37       0.00       0.00       0.00       0.63       0.04
     39501      49.57     -47.03       1.00       0.00       0.00       0.00       0.25       0.04
     39742      49.65     -47.16       1.00       0.00       0.00       0.00       0.27       0.04
     40528      50.09     -48.86       0.62       0.00       0.00       0.00       0.33       0.04
     41468      50.19     -48.09       0.91       0.00       0.00       0.00       0.33       0.04
     41777      50.58     -48.38       0.94       0.00       0.00       0.00       0.33       0.04
     42527      50.99     -48.68       0.98       0.00       0.00       0.00       0.33       0.04
     43937      51.09     -49.16       0.90       0.00       0.00       0.00       0.40       0.04
     44343      51.14     -48.64       1.00       0.00       0.00       0.00       0.27       0.04
     45132      51.50     -49.10       1.01       0.00       0.00       0.00       0.33       0.04
     49732      51.57     -49.35       0.92       0.00       0.00       0.00       0.29       0.04
     53146      51.66     -49.41       0.92       0.00       0.00       0.00       0.28       0.04
     54947      51.81     -49.45       0.94       0.00       0.00       0.00       0.25       0.04
--------------------------------------------------------------------------------
Best docking solution after GA:
     55000      51.81     -49.45       0.94       0.00       0.00       0.00       0.25       0.04

#ops:      55000 #mutates:  25863 #cross:    26324 #migrate:   2813 
#dups:     12736 #niche:    22178 #errors:     419 
--------------------------------------------------------------------------------

Doing AMOEBA simplex on best individual
Done simplexing #iterations 423, best score  52.32

Ligand is stored in gold_soln_6h7j_m1_3.mol2


--------------------------------------------------------------------------------
--- CHEMPLP breakdown of terms                                               ---
--------------------------------------------------------------------------------
CHEMPLP = - ( 1.0000*S(PLP) + -3.0000*S(hbond) + -6.0000*S(metal) + -3.0000*S(cho) )

Score = CHEMPLP - 1.0000*DE(clash) - 2.0000*DE(tors)

Internal energy term has been corrected with the best internal energy encountered.

--------------------------------------------------------------------------------


     Score     S(PLP)   S(hbond)     S(cho)   S(metal)  DE(clash)   DE(tors)     intcor
     52.32     -49.47       1.09       0.00       0.00       0.00       0.23       0.04

--------------------------------------------------------------------------------
--- PLP analysis of protein-ligand interactions                              ---
--------------------------------------------------------------------------------
hydrogen bonding        :      -5.52
metal                   :       0.00
buried (polar-nonpolar) :      -5.71
nonpolar                :     -38.21
repulsive               :       0.00
--------------------------------------------------------------------------------


--------------------------------------------------------------------------------
--- ChemScore analysis of protein-ligand interactions                        ---
--------------------------------------------------------------------------------

* Hydrogen bonds                                                                
Ligand donor   12 hydrogen   29 Protein acceptor 2066 bond energy  1.00 wt 0.99
Ligand donor   13 hydrogen   30 Protein acceptor 2066 bond energy  1.00 wt 0.10


* CH..O interactions                                                            
  CH group selection                       : activated ring CH (adjacent to hetatom)

--------------------------------------------------------------------------------


--------------------------------------------------------------------------------
--- Intra-ligand clashes                                                     ---
--------------------------------------------------------------------------------

Ligand
--------------------------------------------------------------------------------


--------------------------------------------------------------------------------
--- Chromosome decoded                                                       ---
--------------------------------------------------------------------------------
Ligand Torsions
[   7    4    1   13] -177.87
[  30   13    1    4] -163.89
[  12    2    1    4] -166.41
[   3   12    2    1] -164.00
[   6    3   12    2]  -68.69
[  31   14    9    7]  118.17
[  32   15   11    9] -172.43
Mapping
Ligand acceptors to protein hydrogens (mapping then atom ids)
Ligand hydrogens to protein acceptors (mapping then atom ids)
  1   3 [ 29->2066]
  2   3 [ 30->2066]
Ligand shape atoms to protein points (mapping then atom ids & coords)
  1  4540 [  1->(-23.500   5.500  16.000)]
  2  3896 [  2->(-23.750   8.500  17.000)]
  3  7534 [  3->(-22.250   9.250  18.500)]
  5  8701 [  6->(-20.250   8.750  18.000)]
  7  4349 [  8->(-23.500   3.500  15.500)]
  8  5832 [ 10->(-23.000   3.000  14.250)]
Chromosome values
Integers:
  -1   -1   -1   -1    2    2   -1   -1 4539 3895 7533   -1 
8700   -1 4348 5831 
--------------------------------------------------------------------------------

Current Ranking  3  1  2

--------------------------------------------------------------------------------

* GA execution time :                                                           
  total  1.1253 user  1.1253 sys  0.0000

--------------------------------------------------------------------------------
Fitness function evaluations: 93264

--------------------------------------------------------------------------------
** Docking run number  4 **
--------------------------------------------------------------------------------
  Rank fitness base is 5000.00 ; increment is 11.2233

* Initialising population(s) ...                                                
Number of constraints mappings 0
Number of constraints 0
  Population no.                           :      1
  Population size                          :    100
  Number of duplicates                     :      0
  Number of niche violations               :      0
  Number of errors                         :    279

Number of constraints mappings 0
Number of constraints 0
  Population no.                           :      2
  Population size                          :    100
  Number of duplicates                     :      0
  Number of niche violations               :      0
  Number of errors                         :    331

Number of constraints mappings 0
Number of constraints 0
  Population no.                           :      3
  Population size                          :    100
  Number of duplicates                     :      0
  Number of niche violations               :      0
  Number of errors                         :    298

Number of constraints mappings 0
Number of constraints 0
  Population no.                           :      4
  Population size                          :    100
  Number of duplicates                     :      0
  Number of niche violations               :      0
  Number of errors                         :    276

Number of constraints mappings 0
Number of constraints 0
  Population no.                           :      5
  Population size                          :    100
  Number of duplicates                     :      0
  Number of niche violations               :      0
  Number of errors                         :    301


Doing GA, no. of population(s) 5 size 100 selection pressure 1.100000

 Operation      Score     S(PLP)   S(hbond)     S(cho)   S(metal)  DE(clash)   DE(tors)     intcor
         0      30.05     -33.21       0.00       0.00       0.00       0.00       1.60       0.04
       415      33.97     -31.58       0.94       0.00       0.00       0.00       0.24       0.04
       655      35.87     -35.61       0.50       0.00       0.00       0.00       0.64       0.04
      1550      36.38     -33.83       1.00       0.00       0.00       0.00       0.24       0.04
      3632      36.57     -35.88       1.00       0.00       0.00       0.49       0.93       0.04
      3659      40.51     -39.55       1.00       0.00       0.00       0.00       1.04       0.04
      9489      40.60     -39.54       1.00       0.00       0.00       0.00       0.98       0.04
     11151      41.45     -40.56       0.84       0.00       0.00       0.00       0.84       0.04
     11403      42.02     -43.59       0.00       0.00       0.00       0.00       0.81       0.04
     12854      42.47     -43.75       0.10       0.00       0.00       0.00       0.81       0.04
     15053      45.75     -44.33       1.00       0.00       0.00       0.00       0.81       0.04
     15918      45.88     -44.48       1.00       0.00       0.00       0.00       0.82       0.04
     17143      46.48     -45.01       1.00       0.00       0.00       0.00       0.78       0.04
     19729      46.63     -45.05       1.00       0.00       0.00       0.00       0.73       0.04
     19789      47.25     -46.18       0.83       0.00       0.00       0.00       0.73       0.04
     24333      47.52     -45.19       1.00       0.00       0.00       0.00       0.36       0.04
     28183      47.55     -45.25       1.00       0.00       0.00       0.00       0.37       0.04
     30903      47.69     -45.32       1.00       0.00       0.00       0.00       0.33       0.04
     31268      47.90     -45.60       1.00       0.00       0.00       0.00       0.37       0.04
     35479      48.11     -46.33       0.83       0.00       0.00       0.00       0.37       0.04
     37923      48.26     -46.52       0.81       0.00       0.00       0.00       0.37       0.04
     37974      48.37     -46.43       0.98       0.00       0.00       0.00       0.51       0.04
     45179      48.80     -47.14       0.88       0.00       0.00       0.00       0.50       0.04
     46198      48.89     -47.31       0.84       0.00       0.00       0.00       0.50       0.04
     47742      49.12     -47.35       0.91       0.00       0.00       0.00       0.50       0.04
     51807      49.18     -47.50       0.91       0.00       0.00       0.00       0.54       0.04
     54642      49.37     -47.60       0.91       0.00       0.00       0.00       0.50       0.04
--------------------------------------------------------------------------------
Best docking solution after GA:
     55000      49.37     -47.60       0.91       0.00       0.00       0.00       0.50       0.04

#ops:      55000 #mutates:  25959 #cross:    26245 #migrate:   2796 
#dups:     13276 #niche:    20887 #errors:     652 
--------------------------------------------------------------------------------

Doing AMOEBA simplex on best individual
Done simplexing #iterations 490, best score  50.02

Ligand is stored in gold_soln_6h7j_m1_4.mol2


--------------------------------------------------------------------------------
--- CHEMPLP breakdown of terms                                               ---
--------------------------------------------------------------------------------
CHEMPLP = - ( 1.0000*S(PLP) + -3.0000*S(hbond) + -6.0000*S(metal) + -3.0000*S(cho) )

Score = CHEMPLP - 1.0000*DE(clash) - 2.0000*DE(tors)

Internal energy term has been corrected with the best internal energy encountered.

--------------------------------------------------------------------------------


     Score     S(PLP)   S(hbond)     S(cho)   S(metal)  DE(clash)   DE(tors)     intcor
     50.02     -48.08       1.00       0.00       0.00       0.00       0.55       0.04

--------------------------------------------------------------------------------
--- PLP analysis of protein-ligand interactions                              ---
--------------------------------------------------------------------------------
hydrogen bonding        :      -2.79
metal                   :       0.00
buried (polar-nonpolar) :      -5.89
nonpolar                :     -39.34
repulsive               :       0.00
--------------------------------------------------------------------------------


--------------------------------------------------------------------------------
--- ChemScore analysis of protein-ligand interactions                        ---
--------------------------------------------------------------------------------

* Hydrogen bonds                                                                
Ligand donor   13 hydrogen   30 Protein acceptor 2066 bond energy  1.00 wt 1.00


* CH..O interactions                                                            
  CH group selection                       : activated ring CH (adjacent to hetatom)

--------------------------------------------------------------------------------


--------------------------------------------------------------------------------
--- Intra-ligand clashes                                                     ---
--------------------------------------------------------------------------------

Ligand
--------------------------------------------------------------------------------


--------------------------------------------------------------------------------
--- Chromosome decoded                                                       ---
--------------------------------------------------------------------------------
Ligand Torsions
[   7    4    1   13] -177.97
[  30   13    1    4] -147.00
[  12    2    1    4]  166.05
[   3   12    2    1]  113.35
[   6    3   12    2]  168.20
[  31   14    9    7]  160.52
[  32   15   11    9]   68.53
Mapping
Ligand acceptors to protein hydrogens (mapping then atom ids)
Ligand hydrogens to protein acceptors (mapping then atom ids)
  2   3 [ 30->2066]
Ligand shape atoms to protein points (mapping then atom ids & coords)
  2  5374 [  2->(-23.250   7.250  15.500)]
  3  7942 [  3->(-21.750   8.750  17.500)]
  6  6077 [  7->(-23.000   6.750  15.000)]
Chromosome values
Integers:
  -1   -1   -1   -1   -1    2   -1   -1   -1 5373 7941   -1 
  -1 6076   -1   -1 
--------------------------------------------------------------------------------

Current Ranking  3  1  4  2

Top  3 (of  4) solutions are within 1.000 RMSD, finishing docking /home/mateusz/Kasia/zajecia/dokowanie-karolina/ligandy/6h7j.mol2.


--------------------------------------------------------------------------------

* GA execution time :                                                           
  total  1.1130 user  1.1130 sys  0.0000

--------------------------------------------------------------------------------
Fitness function evaluations: 94094

--------------------------------------------------------------------------------
--- Ranking analysis                                                         ---
--------------------------------------------------------------------------------


* Final ranked order of GA solutions:                                           
   3  1  4  2 

  _______________________________
  RMSD Matrix of RANKED solutions

        2    3    4  

   1 :  0.6  0.7  6.2
   2 :       0.5  6.2
   3 :            6.2

  Clustering method                        : complete linkage
  Structure ids in cluster table           : rank nos.
  Ordering of clusters and their members   : by rank (order if from rms_analysis)

  Distance | Clusters
   0.50    |  1 |  2  3 |  4 |
   0.70    |  1  2  3 |  4 |
   6.24    |  1  2  3  4 |
  Finished Docking Ligand                  : /home/mateusz/Kasia/zajecia/dokowanie-karolina/ligandy/6h7j.mol2
--------------------------------------------------------------------------------

  Relative_Ligand_Energy (best encountered) :   0.038
  Relative_Ligand_Energy: fitness values have been corrected using this amount
