
--------------------------------------------------------------------------------
--- Ligand                                                                   ---
--------------------------------------------------------------------------------
  Ligand loaded from file                  : C:/Users/student/Desktop/project/beta1/ligandy/6h7m.mol2
  Ligand name                              :  
  "C:\Users\porto\OneDrive\projekt\beta1\ligandy\L_6h7m.pdb L_6h7m.pdb 1    "

--------------------------------------------------------------------------------
  N.plc donors                             : 
  none found

  Acidic nitrogen acceptors                : 
  none found
  Sulfur acceptors                         :
  none found


  Donor atoms                              :      4
  2   3   5   7   
  Acceptor atoms                           :      4
  2   3   5   7   

  Hydrogens                                :  (n = 4)
  19   20   23   26   

  Lone pairs added to molecule             :      7
  Numbering                                : from 39 to 45

--------------------------------------------------------------------------------
--- Postprocessing of typing                                                 ---
--------------------------------------------------------------------------------
  Fragment file                            : C:\Program Files (x86)\CCDC/GoldSuite_2017\GOLD\gold\rotatable_bond_override.mol2
  acylurea fragment                        : no matches
  thioacylthiourea fragment                : no matches
  acylthiourea fragment                    : no matches
  thioacylurea fragment                    : no matches
  diarylamine fragment >C.ar-NH-C.ar<      : no matches
  sec-amine (1) fragment                   : no matches
  sec-amine (2) fragment                   : no matches
  sec-amine (3) fragment                   : no matches
  carboxylic ester                         : no matches

* Rotatable bonds in C:/Users/student/Des  :
  [   1    6] [   1    7] [   1   12] [   2    8] 
  [   2    6] [   3   15] [   4   16] [   4    5] 
  No. of rotatable bonds                   :      8


* Fragments found in C:/Users/student/Des  :
  atom  12: benzene
  atom  13: benzene
  atom  14: benzene
  atom  15: benzene
  atom  16: benzene
  atom  17: benzene


* Checking torsion distributions:                                               
  No. of matched torsions                  :      0

--------------------------------------------------------------------------------
--- Shape fitting atoms selection (hydrophobic atoms)                        ---
--------------------------------------------------------------------------------
  Molecule                                 : C:/Users/student/Desktop/project/beta1/ligandy/6h7m.mol2
  Selection                                : carbons only
  Atom numbers                             :  (n = 9)
  1    4    6    9    10   11   13   14   17   


--------------------------------------------------------------------------------
--- ChemScore ligand setup summary                                           ---
--------------------------------------------------------------------------------
  ChemScore ligand acceptors               :      4
  2 3 5 7 
  ChemScore ligand donors                  :      4
  2 ( 19  ) 3 ( 20  ) 5 ( 23  ) 7 ( 26  ) 
  ChemScore ligand CH donors               :      0
  

  ChemScore ligand lipophilic atoms        :  (n = 13)
  1    4    6    8    9    10   11   12   13   14   
  15   16   17   

  ChemScore ligand rotatable bonds         :      8
  1   (C1 ) - 6   (C3 ): SP3_SP3_BOND
  1   (C1 ) - 7   (O3 ): SP3_SP3_BOND
  1   (C1 ) - 12  (C8 ): SP3_SP2_BOND
  2   (N1 ) - 8   (C4 ): SP3_SP3_BOND
  2   (N1 ) - 6   (C3 ): SP3_SP3_BOND
  3   (O1 ) - 15  (C11): SP3_SP2_BOND
  4   (C2 ) - 16  (C12): SP3_SP2_BOND
  4   (C2 ) - 5   (O2 ): SP3_SP3_BOND

--------------------------------------------------------------------------------
--- PLP ligand setup summary                                                 ---
--------------------------------------------------------------------------------
    1    C1   C.3 NONPOLAR
    2    N1   N.3 DONACC
    3    O1   O.3 DONACC
    4    C2   C.3 NONPOLAR
    5    O2   O.3 DONACC
    6    C3   C.3 NONPOLAR
    7    O3   O.3 DONACC
    8    C4   C.3 NONPOLAR
    9    C5   C.3 NONPOLAR
   10    C6   C.3 NONPOLAR
   11    C7   C.3 NONPOLAR
   12    C8  C.ar NONPOLAR
   13    C9  C.ar NONPOLAR
   14   C10  C.ar NONPOLAR
   15   C11  C.ar NONPOLAR
   16   C12  C.ar NONPOLAR
   17   C13  C.ar NONPOLAR

--------------------------------------------------------------------------------
--- Automatic parameter setting                                              ---
--------------------------------------------------------------------------------
  Contribution base                        :   2500
  Contribution per rotatable bond          :   6000
  Contribution per df                      :   4000
  Contribution per water                   :  10000
  Ligand rotatable bonds                   :      8
  Protein flexible side chain bonds        :      0
  Total rotatable bonds                    :      8
  Hydrophobic vol ratio (P/L)              :   1.970
  Base multiplier (polar)                  :   1.600
  Base multiplier (apolar)                 :   3.546
  Base contribution                        : 12500.000
  Fitting points                           :      8
  Estimated maxops needed (optimal)        :  61000
  Autoscale factor (in percent)            :     10
  Scaled maxops                            :   6250

--------------------------------------------------------------------------------

* Population settings                                                           
  maxops                                   :   6250
  popsiz                                   :    100
  select_pressure                          :   1.100
  n_islands                                :      1
  niche_siz                                :      2

* GA settings                                                                   
  pt_crosswt                               :    100
  allele_mutatewt                          :    100
  migratewt                                :      0

* Search settings                                                               
  start_vdw_linear_cutoff                  :   4.000
  initial_virtual_pt_match_max             :   3.000

--------------------------------------------------------------------------------

* Ligand initialisation time :                                                  
  total  0.0000 user  0.0000 sys  0.0000

--------------------------------------------------------------------------------

--------------------------------------------------------------------------------
** Docking run number  1 **
--------------------------------------------------------------------------------
  Rank fitness base is 5000.00 ; increment is 11.2233

* Initialising population(s) ...                                                
Number of constraints mappings 0
Number of constraints 0
  Population no.                           :      1
  Population size                          :    100
  Number of duplicates                     :      0
  Number of niche violations               :      0
  Number of errors                         :    254


Doing GA, no. of population(s) 1 size 100 selection pressure 1.100000

 Operation      Score     S(PLP)   S(hbond)     S(cho)   S(metal)  DE(clash)   DE(tors)     intcor
         0      11.90     -13.05       0.70       0.00       0.00       0.26       2.00       1.01
        91      12.11     -13.26       0.70       0.00       0.00       0.26       2.00       1.01
       329      29.39     -31.11       0.00       0.00       0.00       0.00       1.36       1.01
       745      30.96     -34.25       0.00       0.00       0.00       0.00       2.14       1.01
       908      31.08     -35.09       0.00       0.00       0.00       0.00       2.51       1.01
       954      32.49     -36.12       0.75       0.00       0.00       4.68       1.10       1.01
      1210      34.53     -34.47       0.75       0.00       0.00       0.00       1.60       1.01
      1956      36.89     -40.40       0.19       0.00       0.00       0.58       1.94       0.37
      2255      37.18     -39.66       0.00       0.00       0.00       0.26       1.28       0.33
      2330      37.79     -39.93       0.52       0.00       0.00       1.55       1.24       0.33
      2499      38.50     -40.38       0.00       0.00       0.00       0.26       0.98       0.33
      2951      39.00     -39.71       1.00       0.00       0.00       1.55       1.24       0.33
      3064      39.13     -40.89       0.00       0.00       0.00       0.26       0.92       0.33
      3090      40.67     -42.41       0.00       0.00       0.00       0.26       0.90       0.33
      3559      41.28     -42.13       0.00       0.00       0.00       0.00       0.59       0.33
      3626      41.41     -42.16       0.00       0.00       0.00       0.00       0.54       0.33
      3664      41.51     -42.26       0.00       0.00       0.00       0.00       0.54       0.33
      4052      43.58     -44.33       0.00       0.00       0.00       0.00       0.54       0.33
      5105      44.06     -46.41       0.00       0.00       0.00       0.26       1.21       0.33
      5471      44.09     -46.34       0.00       0.00       0.00       0.26       1.16       0.33
      5500      44.39     -46.25       0.00       0.00       0.00       0.26       0.96       0.33
      5536      44.51     -46.30       0.00       0.00       0.00       0.26       0.93       0.33
      5795      44.56     -46.46       0.00       0.00       0.00       0.26       0.99       0.33
      5871      44.98     -47.04       0.00       0.00       0.00       0.26       1.07       0.33
      6033      45.62     -45.77       0.56       0.00       0.00       0.26       0.95       0.33
--------------------------------------------------------------------------------
Best docking solution after GA:
      6250      45.62     -45.77       0.56       0.00       0.00       0.26       0.95       0.33

#ops:       6250 #mutates:   3093 #cross:     3157 #dups:      1305 
#niche:     2630 #errors:      51 
--------------------------------------------------------------------------------

Doing AMOEBA simplex on best individual
Done simplexing #iterations 607, best score  51.65

Ligand is stored in gold_soln_6h7m_m1_1.mol2


--------------------------------------------------------------------------------
--- CHEMPLP breakdown of terms                                               ---
--------------------------------------------------------------------------------
CHEMPLP = - ( 1.0000*S(PLP) + -3.0000*S(hbond) + -6.0000*S(metal) + -3.0000*S(cho) )

Score = CHEMPLP - 1.0000*DE(clash) - 2.0000*DE(tors)

Internal energy term has been corrected with the best internal energy encountered.

--------------------------------------------------------------------------------


     Score     S(PLP)   S(hbond)     S(cho)   S(metal)  DE(clash)   DE(tors)     intcor
     51.65     -50.09       1.00       0.00       0.00       0.20       0.79       0.33

--------------------------------------------------------------------------------
--- PLP analysis of protein-ligand interactions                              ---
--------------------------------------------------------------------------------
hydrogen bonding        :      -2.02
metal                   :       0.00
buried (polar-nonpolar) :      -1.74
nonpolar                :     -45.70
repulsive               :       0.00
--------------------------------------------------------------------------------


--------------------------------------------------------------------------------
--- ChemScore analysis of protein-ligand interactions                        ---
--------------------------------------------------------------------------------

* Hydrogen bonds                                                                
Ligand donor    7 hydrogen   26 Protein acceptor 2066 bond energy  1.00 wt 1.00


* CH..O interactions                                                            
  CH group selection                       : activated ring CH (adjacent to hetatom)

--------------------------------------------------------------------------------


--------------------------------------------------------------------------------
--- Intra-ligand clashes                                                     ---
--------------------------------------------------------------------------------

Ligand
 17 (C13  ) -   7 (O3   ):   0.20 (dist   2.74)
--------------------------------------------------------------------------------


--------------------------------------------------------------------------------
--- Chromosome decoded                                                       ---
--------------------------------------------------------------------------------
Ligand Torsions
[   2    6    1    7]  -92.09
[  26    7    1    6] -167.28
[  13   12    1    6]  -61.39
[   9    8    2    6]   48.72
[   8    2    6    1]   87.78
[  20    3   15   14]  122.51
[   5    4   16   15]  -64.89
[  23    5    4   16] -153.14
Mapping
Ligand acceptors to protein hydrogens (mapping then atom ids)
Ligand hydrogens to protein acceptors (mapping then atom ids)
Ligand shape atoms to protein points (mapping then atom ids & coords)
  1  7694 [  1->(-22.000   6.750  16.000)]
  2  6939 [  4->(-22.750  11.750  18.750)]
  3  3791 [  6->(-23.750   6.250  15.500)]
  7  8312 [ 13->(-21.250  10.250  18.500)]
  8  8646 [ 14->(-20.500  10.250  17.500)]
  9  3964 [ 17->(-23.750   9.750  17.500)]
Chromosome values
Integers:
  -1   -1   -1   -1   -1   -1   -1   -1 7693 6938 3790   -1 
  -1   -1 8311 8645 3963 
--------------------------------------------------------------------------------

Current Ranking  1

--------------------------------------------------------------------------------

* GA execution time :                                                           
  total  0.9994 user  0.9993 sys  0.0000

--------------------------------------------------------------------------------
Fitness function evaluations: 13088

--------------------------------------------------------------------------------
** Docking run number  2 **
--------------------------------------------------------------------------------
  Rank fitness base is 5000.00 ; increment is 11.2233

* Initialising population(s) ...                                                
Number of constraints mappings 0
Number of constraints 0
  Population no.                           :      1
  Population size                          :    100
  Number of duplicates                     :      0
  Number of niche violations               :      0
  Number of errors                         :    251


Doing GA, no. of population(s) 1 size 100 selection pressure 1.100000

 Operation      Score     S(PLP)   S(hbond)     S(cho)   S(metal)  DE(clash)   DE(tors)     intcor
         0      20.23     -20.82       0.37       0.00       0.00       0.00       1.03       0.33
       449      30.43     -33.47       0.00       0.00       0.00       0.70       1.34       0.33
       766      32.72     -35.07       0.21       0.00       0.00       0.00       1.65       0.33
      1062      33.05     -34.77       0.00       0.00       0.00       0.00       1.03       0.33
      1184      33.46     -35.53       0.05       0.00       0.00       0.00       1.28       0.33
      1223      35.36     -36.09       0.51       0.00       0.00       0.00       1.30       0.33
      1356      35.60     -35.41       0.65       0.00       0.00       0.00       1.05       0.33
      1380      39.17     -37.93       1.00       0.00       0.00       0.00       1.05       0.33
      1432      40.39     -39.15       1.00       0.00       0.00       0.00       1.05       0.33
      1594      41.98     -40.74       1.00       0.00       0.00       0.00       1.05       0.33
      1978      43.21     -41.97       1.00       0.00       0.00       0.00       1.05       0.33
      2550      43.69     -42.45       1.00       0.00       0.00       0.00       1.05       0.33
      2631      43.88     -42.99       1.00       0.00       0.00       0.00       1.22       0.33
      3074      44.30     -43.16       1.00       0.00       0.00       0.00       1.10       0.33
      3843      44.34     -43.18       1.00       0.00       0.00       0.00       1.08       0.33
      4280      44.49     -43.33       1.00       0.00       0.00       0.00       1.08       0.33
      4311      44.53     -43.71       1.00       0.00       0.00       0.00       1.26       0.33
      4777      44.53     -43.37       1.00       0.00       0.00       0.00       1.08       0.33
      4986      44.55     -43.41       1.00       0.00       0.00       0.00       1.10       0.33
      5055      44.71     -43.52       1.00       0.00       0.00       0.00       1.07       0.33
      5084      45.17     -43.84       1.00       0.00       0.00       0.00       1.01       0.33
      5809      45.72     -44.40       1.00       0.00       0.00       0.00       1.01       0.33
      6031      45.87     -44.55       1.00       0.00       0.00       0.00       1.01       0.33
      6146      46.04     -44.87       1.00       0.00       0.00       0.00       1.08       0.33
--------------------------------------------------------------------------------
Best docking solution after GA:
      6250      46.04     -44.87       1.00       0.00       0.00       0.00       1.08       0.33

#ops:       6250 #mutates:   3129 #cross:     3121 #dups:      1511 
#niche:     2873 #errors:      43 
--------------------------------------------------------------------------------

Doing AMOEBA simplex on best individual
Done simplexing #iterations 734, best score  50.91

Ligand is stored in gold_soln_6h7m_m1_2.mol2


--------------------------------------------------------------------------------
--- CHEMPLP breakdown of terms                                               ---
--------------------------------------------------------------------------------
CHEMPLP = - ( 1.0000*S(PLP) + -3.0000*S(hbond) + -6.0000*S(metal) + -3.0000*S(cho) )

Score = CHEMPLP - 1.0000*DE(clash) - 2.0000*DE(tors)

Internal energy term has been corrected with the best internal energy encountered.

--------------------------------------------------------------------------------


     Score     S(PLP)   S(hbond)     S(cho)   S(metal)  DE(clash)   DE(tors)     intcor
     50.91     -49.58       1.00       0.00       0.00       0.00       1.00       0.33

--------------------------------------------------------------------------------
--- PLP analysis of protein-ligand interactions                              ---
--------------------------------------------------------------------------------
hydrogen bonding        :      -1.00
metal                   :       0.00
buried (polar-nonpolar) :      -7.19
nonpolar                :     -42.20
repulsive               :       0.00
--------------------------------------------------------------------------------


--------------------------------------------------------------------------------
--- ChemScore analysis of protein-ligand interactions                        ---
--------------------------------------------------------------------------------

* Hydrogen bonds                                                                
Ligand donor    5 hydrogen   23 Protein acceptor 2066 bond energy  1.00 wt 1.00


* CH..O interactions                                                            
  CH group selection                       : activated ring CH (adjacent to hetatom)

--------------------------------------------------------------------------------


--------------------------------------------------------------------------------
--- Intra-ligand clashes                                                     ---
--------------------------------------------------------------------------------

Ligand
--------------------------------------------------------------------------------


--------------------------------------------------------------------------------
--- Chromosome decoded                                                       ---
--------------------------------------------------------------------------------
Ligand Torsions
[   2    6    1    7]  -77.27
[  26    7    1    6]  -75.98
[  13   12    1    6] -123.03
[   9    8    2    6]  -33.91
[   8    2    6    1] -140.88
[  20    3   15   14] -124.43
[   5    4   16   15]  -68.61
[  23    5    4   16]  -66.85
Mapping
Ligand acceptors to protein hydrogens (mapping then atom ids)
Ligand hydrogens to protein acceptors (mapping then atom ids)
  3   3 [ 23->2066]
Ligand shape atoms to protein points (mapping then atom ids & coords)
  3  5289 [  6->(-23.250   5.750  14.500)]
  4  1201 [  9->(-24.750   7.750  11.500)]
  5  5283 [ 10->(-23.250   5.750  10.750)]
  6  4567 [ 11->(-23.500   6.000  11.750)]
  8  8396 [ 14->(-21.000   8.750  17.500)]
  9  7503 [ 17->(-22.250   8.500  17.250)]
Chromosome values
Integers:
  -1   -1   -1   -1   -1   -1    2   -1   -1   -1 5288 1200 
5282 4566   -1 8395 7502 
--------------------------------------------------------------------------------

Current Ranking  1  2

--------------------------------------------------------------------------------

* GA execution time :                                                           
  total  0.0004 user  0.0003 sys  0.0000

--------------------------------------------------------------------------------
Fitness function evaluations: 13100

--------------------------------------------------------------------------------
** Docking run number  3 **
--------------------------------------------------------------------------------
  Rank fitness base is 5000.00 ; increment is 11.2233

* Initialising population(s) ...                                                
Number of constraints mappings 0
Number of constraints 0
  Population no.                           :      1
  Population size                          :    100
  Number of duplicates                     :      0
  Number of niche violations               :      0
  Number of errors                         :    264


Doing GA, no. of population(s) 1 size 100 selection pressure 1.100000

 Operation      Score     S(PLP)   S(hbond)     S(cho)   S(metal)  DE(clash)   DE(tors)     intcor
         0      20.59     -22.26       0.00       0.00       0.00       0.26       0.87       0.33
        50      20.88     -21.82       0.00       0.00       0.00       0.26       0.51       0.33
        95      21.50     -22.46       0.00       0.00       0.00       0.26       0.52       0.33
       267      35.77     -34.55       0.91       0.00       0.00       0.00       0.92       0.33
       759      36.92     -38.43       0.00       0.00       0.00       0.00       0.92       0.33
       854      41.09     -40.32       1.00       0.00       0.00       0.00       1.28       0.33
      1065      42.38     -41.90       1.00       0.00       0.00       0.00       1.43       0.33
      1400      44.41     -43.64       1.00       0.00       0.00       0.00       1.28       0.33
      1705      45.10     -47.33       0.00       0.00       0.00       0.00       1.28       0.33
      1856      45.24     -47.47       0.00       0.00       0.00       0.00       1.28       0.33
      2202      46.03     -47.15       0.37       0.00       0.00       0.00       1.28       0.33
      2258      46.30     -45.84       0.91       0.00       0.00       0.00       1.27       0.28
      2304      47.26     -49.55       0.00       0.00       0.00       0.00       1.28       0.28
      2412      47.32     -49.44       0.00       0.00       0.00       0.00       1.20       0.28
      2563      47.33     -49.60       0.00       0.00       0.00       0.00       1.27       0.28
      2656      47.73     -50.01       0.00       0.00       0.00       0.00       1.28       0.28
      2774      48.01     -50.29       0.00       0.00       0.00       0.00       1.28       0.28
      3057      48.14     -50.44       0.00       0.00       0.00       0.00       1.29       0.28
      3094      48.19     -48.20       0.94       0.00       0.00       0.00       1.55       0.28
      3107      48.54     -50.83       0.00       0.00       0.00       0.00       1.29       0.28
      3215      48.81     -51.11       0.00       0.00       0.00       0.00       1.29       0.28
      3294      49.18     -51.68       0.00       0.00       0.00       0.00       1.39       0.28
      3406      49.67     -52.19       0.00       0.00       0.00       0.00       1.40       0.28
      3736      49.68     -52.17       0.00       0.00       0.00       0.00       1.39       0.28
      4039      49.81     -52.35       0.00       0.00       0.00       0.00       1.41       0.28
      4353      50.51     -52.99       0.00       0.00       0.00       0.00       1.38       0.28
      4581      52.24     -51.54       0.99       0.00       0.00       0.00       1.28       0.28
      5058      52.54     -52.05       0.99       0.00       0.00       0.00       1.38       0.28
      5380      52.89     -52.58       0.86       0.00       0.00       0.00       1.28       0.28
      5489      52.90     -52.58       0.86       0.00       0.00       0.00       1.27       0.28
      5571      53.22     -52.55       0.98       0.00       0.00       0.00       1.27       0.28
      6018      53.32     -52.54       1.00       0.00       0.00       0.00       1.25       0.28
      6100      53.36     -52.78       1.00       0.00       0.00       0.00       1.35       0.28
      6205      53.39     -52.94       0.93       0.00       0.00       0.00       1.31       0.28
--------------------------------------------------------------------------------
Best docking solution after GA:
      6250      53.39     -52.94       0.93       0.00       0.00       0.00       1.31       0.28

#ops:       6250 #mutates:   3076 #cross:     3174 #dups:      2498 
#niche:     3330 #errors:      49 
--------------------------------------------------------------------------------

Doing AMOEBA simplex on best individual
Done simplexing #iterations 431, best score  56.04

Ligand is stored in gold_soln_6h7m_m1_3.mol2


--------------------------------------------------------------------------------
--- CHEMPLP breakdown of terms                                               ---
--------------------------------------------------------------------------------
CHEMPLP = - ( 1.0000*S(PLP) + -3.0000*S(hbond) + -6.0000*S(metal) + -3.0000*S(cho) )

Score = CHEMPLP - 1.0000*DE(clash) - 2.0000*DE(tors)

Internal energy term has been corrected with the best internal energy encountered.

--------------------------------------------------------------------------------


     Score     S(PLP)   S(hbond)     S(cho)   S(metal)  DE(clash)   DE(tors)     intcor
     56.04     -55.03       1.00       0.00       0.00       0.00       1.14       0.28

--------------------------------------------------------------------------------
--- PLP analysis of protein-ligand interactions                              ---
--------------------------------------------------------------------------------
hydrogen bonding        :      -3.47
metal                   :       0.00
buried (polar-nonpolar) :      -5.51
nonpolar                :     -47.31
repulsive               :       0.00
--------------------------------------------------------------------------------


--------------------------------------------------------------------------------
--- ChemScore analysis of protein-ligand interactions                        ---
--------------------------------------------------------------------------------

* Hydrogen bonds                                                                
Ligand donor    7 hydrogen   26 Protein acceptor 2066 bond energy  1.00 wt 1.00


* CH..O interactions                                                            
  CH group selection                       : activated ring CH (adjacent to hetatom)

--------------------------------------------------------------------------------


--------------------------------------------------------------------------------
--- Intra-ligand clashes                                                     ---
--------------------------------------------------------------------------------

Ligand
--------------------------------------------------------------------------------


--------------------------------------------------------------------------------
--- Chromosome decoded                                                       ---
--------------------------------------------------------------------------------
Ligand Torsions
[   2    6    1    7]  -83.77
[  26    7    1    6]   80.83
[  13   12    1    6]  119.76
[   9    8    2    6]  -84.88
[   8    2    6    1]  125.48
[  20    3   15   14]   -2.63
[   5    4   16   15]   -4.28
[  23    5    4   16]  -12.74
Mapping
Ligand acceptors to protein hydrogens (mapping then atom ids)
Ligand hydrogens to protein acceptors (mapping then atom ids)
Ligand shape atoms to protein points (mapping then atom ids & coords)
  2  3804 [  4->(-23.750   6.500  11.750)]
  4  7254 [  9->(-22.500   9.250  19.250)]
  5  8319 [ 10->(-21.250  10.750  18.000)]
  6  8284 [ 11->(-21.250   9.250  18.500)]
  7  5912 [ 13->(-23.000   4.000  15.500)]
  8  5096 [ 14->(-23.250   3.500  14.500)]
Chromosome values
Integers:
  -1   -1   -1   -1   -1   -1   -1   -1   -1 3803   -1 7253 
8318 8283 5911 5095   -1 
--------------------------------------------------------------------------------

Current Ranking  3  1  2

--------------------------------------------------------------------------------

* GA execution time :                                                           
  total  0.0004 user  0.0004 sys  0.0000

--------------------------------------------------------------------------------
Fitness function evaluations: 12665

--------------------------------------------------------------------------------
** Docking run number  4 **
--------------------------------------------------------------------------------
  Rank fitness base is 5000.00 ; increment is 11.2233

* Initialising population(s) ...                                                
Number of constraints mappings 0
Number of constraints 0
  Population no.                           :      1
  Population size                          :    100
  Number of duplicates                     :      0
  Number of niche violations               :      0
  Number of errors                         :    240


Doing GA, no. of population(s) 1 size 100 selection pressure 1.100000

 Operation      Score     S(PLP)   S(hbond)     S(cho)   S(metal)  DE(clash)   DE(tors)     intcor
         0      25.78     -30.67       0.99       0.00       0.00       5.89       1.13       0.28
       122      26.07     -27.54       0.00       0.00       0.00       0.24       0.76       0.28
       615      27.57     -32.45       0.96       0.00       0.00       5.89       1.08       0.28
       776      33.85     -34.09       1.00       0.00       0.00       0.00       1.76       0.28
      1208      40.38     -40.75       0.96       0.00       0.00       0.00       1.76       0.28
      2041      40.44     -40.16       1.24       0.00       0.00       0.00       1.86       0.28
      2247      40.49     -40.19       1.20       0.00       0.00       0.00       1.79       0.28
      2336      45.47     -45.90       1.00       0.00       0.00       0.00       1.85       0.28
      3042      45.48     -45.80       1.00       0.00       0.00       0.00       1.80       0.28
      3165      45.53     -45.96       1.00       0.00       0.00       0.00       1.85       0.28
      3348      45.57     -45.26       1.15       0.00       0.00       0.00       1.71       0.28
      3426      46.06     -45.92       1.00       0.00       0.00       0.00       1.57       0.28
      3737      46.29     -46.47       1.00       0.00       0.00       0.00       1.73       0.28
      4055      46.51     -45.92       1.15       0.00       0.00       0.00       1.57       0.28
      4319      46.97     -47.45       1.00       0.00       0.00       0.00       1.88       0.28
      4321      48.20     -48.68       1.00       0.00       0.00       0.00       1.88       0.28
      4476      48.49     -48.76       1.00       0.00       0.00       0.00       1.78       0.28
      4751      50.20     -49.34       1.00       0.00       0.00       0.00       1.21       0.28
      4919      50.30     -49.68       1.00       0.00       0.00       0.00       1.33       0.28
      5089      50.96     -50.47       1.00       0.00       0.00       0.00       1.40       0.28
      5531      51.16     -50.52       1.00       0.00       0.00       0.00       1.32       0.28
      5782      51.49     -50.56       1.00       0.00       0.00       0.10       1.12       0.28
      6011      51.52     -50.55       1.00       0.00       0.00       0.05       1.13       0.28
      6018      51.52     -50.55       1.00       0.00       0.00       0.05       1.13       0.28
      6085      51.56     -50.56       1.00       0.00       0.00       0.03       1.13       0.28
      6219      51.56     -50.56       1.00       0.00       0.00       0.03       1.13       0.28
      6229      51.68     -50.80       1.00       0.00       0.00       0.10       1.15       0.28
      6249      51.68     -50.80       1.00       0.00       0.00       0.10       1.15       0.28
--------------------------------------------------------------------------------
Best docking solution after GA:
      6250      51.68     -50.80       1.00       0.00       0.00       0.10       1.15       0.28

#ops:       6250 #mutates:   3191 #cross:     3059 #dups:      1876 
#niche:     2606 #errors:      95 
--------------------------------------------------------------------------------

Doing AMOEBA simplex on best individual
Done simplexing #iterations 633, best score  55.79

Ligand is stored in gold_soln_6h7m_m1_4.mol2


--------------------------------------------------------------------------------
--- CHEMPLP breakdown of terms                                               ---
--------------------------------------------------------------------------------
CHEMPLP = - ( 1.0000*S(PLP) + -3.0000*S(hbond) + -6.0000*S(metal) + -3.0000*S(cho) )

Score = CHEMPLP - 1.0000*DE(clash) - 2.0000*DE(tors)

Internal energy term has been corrected with the best internal energy encountered.

--------------------------------------------------------------------------------


     Score     S(PLP)   S(hbond)     S(cho)   S(metal)  DE(clash)   DE(tors)     intcor
     55.79     -54.36       1.14       0.00       0.00       0.00       1.14       0.28

--------------------------------------------------------------------------------
--- PLP analysis of protein-ligand interactions                              ---
--------------------------------------------------------------------------------
hydrogen bonding        :      -4.78
metal                   :       0.00
buried (polar-nonpolar) :      -5.48
nonpolar                :     -44.15
repulsive               :       0.00
--------------------------------------------------------------------------------


--------------------------------------------------------------------------------
--- ChemScore analysis of protein-ligand interactions                        ---
--------------------------------------------------------------------------------

* Hydrogen bonds                                                                
Ligand donor    2 hydrogen   19 Protein acceptor 2066 bond energy  1.00 wt 1.00
Ligand donor    7 hydrogen   26 Protein acceptor 2066 bond energy  1.00 wt 0.14


* CH..O interactions                                                            
  CH group selection                       : activated ring CH (adjacent to hetatom)

--------------------------------------------------------------------------------


--------------------------------------------------------------------------------
--- Intra-ligand clashes                                                     ---
--------------------------------------------------------------------------------

Ligand
--------------------------------------------------------------------------------


--------------------------------------------------------------------------------
--- Chromosome decoded                                                       ---
--------------------------------------------------------------------------------
Ligand Torsions
[   2    6    1    7]  -82.74
[  26    7    1    6]   72.99
[  13   12    1    6]  128.16
[   9    8    2    6]  150.04
[   8    2    6    1]  153.49
[  20    3   15   14]  -99.17
[   5    4   16   15]   -5.32
[  23    5    4   16]  -80.75
Mapping
Ligand acceptors to protein hydrogens (mapping then atom ids)
Ligand hydrogens to protein acceptors (mapping then atom ids)
  1   3 [ 19->2066]
Ligand shape atoms to protein points (mapping then atom ids & coords)
  7  5140 [ 13->(-23.250   4.000  13.750)]
  9  2917 [ 17->(-24.000   5.250  15.250)]
Chromosome values
Integers:
  -1   -1   -1   -1    2   -1   -1   -1   -1   -1   -1   -1 
  -1   -1 5139   -1 2916 
--------------------------------------------------------------------------------

Current Ranking  3  4  1  2

--------------------------------------------------------------------------------

* GA execution time :                                                           
  total  0.9994 user  0.9993 sys  0.0001

--------------------------------------------------------------------------------
Fitness function evaluations: 12709

--------------------------------------------------------------------------------
** Docking run number  5 **
--------------------------------------------------------------------------------
  Rank fitness base is 5000.00 ; increment is 11.2233

* Initialising population(s) ...                                                
Number of constraints mappings 0
Number of constraints 0
  Population no.                           :      1
  Population size                          :    100
  Number of duplicates                     :      0
  Number of niche violations               :      0
  Number of errors                         :    251


Doing GA, no. of population(s) 1 size 100 selection pressure 1.100000

 Operation      Score     S(PLP)   S(hbond)     S(cho)   S(metal)  DE(clash)   DE(tors)     intcor
         0      15.56     -16.52       1.00       0.00       0.00       0.58       1.83       0.28
        15      24.38     -25.34       1.00       0.00       0.00       0.00       2.12       0.28
       298      24.61     -25.13       1.00       0.00       0.00       0.00       1.90       0.28
       623      25.12     -28.45       0.00       0.00       0.00       0.00       1.81       0.28
       746      33.00     -36.33       0.00       0.00       0.00       0.00       1.81       0.28
       776      36.52     -37.28       0.81       0.00       0.00       0.20       1.64       0.28
       917      37.97     -39.00       0.81       0.00       0.00       0.20       1.77       0.28
      1983      38.16     -38.52       0.94       0.00       0.00       0.00       1.73       0.28
      2557      38.56     -39.12       0.91       0.00       0.00       0.20       1.68       0.28
      2715      38.56     -39.02       0.91       0.00       0.00       0.20       1.63       0.28
      2851      42.36     -43.71       0.00       0.00       0.00       0.00       0.81       0.28
      3416      43.71     -44.82       0.00       0.00       0.00       0.08       0.65       0.28
      5820      44.17     -45.25       0.00       0.00       0.00       0.00       0.68       0.28
--------------------------------------------------------------------------------
Best docking solution after GA:
      6250      44.17     -45.25       0.00       0.00       0.00       0.00       0.68       0.28

#ops:       6250 #mutates:   3047 #cross:     3203 #dups:      1151 
#niche:     2077 #errors:      88 
--------------------------------------------------------------------------------

Doing AMOEBA simplex on best individual
Done simplexing #iterations 606, best score  48.88

Ligand is stored in gold_soln_6h7m_m1_5.mol2


--------------------------------------------------------------------------------
--- CHEMPLP breakdown of terms                                               ---
--------------------------------------------------------------------------------
CHEMPLP = - ( 1.0000*S(PLP) + -3.0000*S(hbond) + -6.0000*S(metal) + -3.0000*S(cho) )

Score = CHEMPLP - 1.0000*DE(clash) - 2.0000*DE(tors)

Internal energy term has been corrected with the best internal energy encountered.

--------------------------------------------------------------------------------


     Score     S(PLP)   S(hbond)     S(cho)   S(metal)  DE(clash)   DE(tors)     intcor
     48.88     -49.40       0.00       0.00       0.00       0.00       0.40       0.28

--------------------------------------------------------------------------------
--- PLP analysis of protein-ligand interactions                              ---
--------------------------------------------------------------------------------
hydrogen bonding        :       0.00
metal                   :       0.00
buried (polar-nonpolar) :      -6.75
nonpolar                :     -42.38
repulsive               :       0.00
--------------------------------------------------------------------------------


--------------------------------------------------------------------------------
--- ChemScore analysis of protein-ligand interactions                        ---
--------------------------------------------------------------------------------

* Hydrogen bonds                                                                


* CH..O interactions                                                            
  CH group selection                       : activated ring CH (adjacent to hetatom)

--------------------------------------------------------------------------------


--------------------------------------------------------------------------------
--- Intra-ligand clashes                                                     ---
--------------------------------------------------------------------------------

Ligand
--------------------------------------------------------------------------------


--------------------------------------------------------------------------------
--- Chromosome decoded                                                       ---
--------------------------------------------------------------------------------
Ligand Torsions
[   2    6    1    7]  -67.86
[  26    7    1    6]   -8.30
[  13   12    1    6] -110.49
[   9    8    2    6] -169.46
[   8    2    6    1] -158.07
[  20    3   15   14]   -0.97
[   5    4   16   15]    4.25
[  23    5    4   16]  -19.07
Mapping
Ligand acceptors to protein hydrogens (mapping then atom ids)
Ligand hydrogens to protein acceptors (mapping then atom ids)
Ligand shape atoms to protein points (mapping then atom ids & coords)
  1  4830 [  1->(-23.500  12.500  20.500)]
  5  4735 [ 10->(-23.500   9.750  24.750)]
  6  3106 [ 11->(-24.000   8.750  23.500)]
  7  8715 [ 13->(-20.250   9.500  18.250)]
  8  8096 [ 14->(-21.500   8.500  17.000)]
  9  6881 [ 17->(-22.750  10.000  18.000)]
Chromosome values
Integers:
  -1   -1   -1   -1   -1   -1   -1   -1 4829   -1   -1   -1 
4734 3105 8714 8095 6880 
--------------------------------------------------------------------------------

Current Ranking  3  4  1  2  5

--------------------------------------------------------------------------------

* GA execution time :                                                           
  total  0.0004 user  0.0004 sys  0.0000

--------------------------------------------------------------------------------
Fitness function evaluations: 13174

--------------------------------------------------------------------------------
** Docking run number  6 **
--------------------------------------------------------------------------------
  Rank fitness base is 5000.00 ; increment is 11.2233

* Initialising population(s) ...                                                
Number of constraints mappings 0
Number of constraints 0
  Population no.                           :      1
  Population size                          :    100
  Number of duplicates                     :      0
  Number of niche violations               :      0
  Number of errors                         :    250


Doing GA, no. of population(s) 1 size 100 selection pressure 1.100000

 Operation      Score     S(PLP)   S(hbond)     S(cho)   S(metal)  DE(clash)   DE(tors)     intcor
         0      20.65     -22.72       0.00       0.00       0.00       0.00       1.18       0.28
       170      29.17     -34.66       0.00       0.00       0.00       3.85       0.96       0.28
       659      29.92     -34.83       0.00       0.00       0.00       3.00       1.09       0.28
       680      30.42     -35.84       0.00       0.00       0.00       3.85       0.92       0.28
       700      34.36     -35.70       0.00       0.00       0.00       0.00       0.81       0.28
       820      34.85     -36.02       0.00       0.00       0.00       0.00       0.72       0.28
      1109      36.56     -38.45       0.00       0.00       0.00       0.00       1.08       0.28
      1178      38.51     -40.19       0.00       0.00       0.00       0.00       0.98       0.28
      1443      38.85     -40.33       0.00       0.00       0.00       0.00       0.88       0.28
      1511      39.25     -40.87       0.00       0.00       0.00       0.00       0.95       0.28
      1601      39.89     -41.57       0.00       0.00       0.00       0.00       0.98       0.28
      1805      40.18     -41.24       0.00       0.00       0.00       0.00       0.67       0.28
      1897      42.06     -45.23       0.00       0.00       0.00       0.00       1.72       0.28
      2389      42.25     -45.42       0.00       0.00       0.00       0.00       1.72       0.28
      2521      42.27     -45.65       0.00       0.00       0.00       0.00       1.83       0.28
      2556      43.17     -42.90       0.73       0.00       0.00       0.00       1.10       0.28
      2691      43.58     -46.95       0.00       0.00       0.00       0.00       1.83       0.28
      2714      44.10     -42.05       1.00       0.00       0.00       0.00       0.61       0.28
      2733      44.68     -48.05       0.00       0.00       0.00       0.00       1.83       0.28
      2845      44.92     -48.09       0.00       0.00       0.00       0.00       1.72       0.28
      3092      45.83     -43.99       1.00       0.00       0.00       0.00       0.72       0.28
      3468      46.01     -49.22       0.00       0.00       0.00       0.00       1.74       0.28
      3521      46.08     -49.11       0.00       0.00       0.00       0.00       1.66       0.28
      3615      46.49     -49.49       0.00       0.00       0.00       0.00       1.64       0.28
      3667      46.49     -49.53       0.00       0.00       0.00       0.00       1.66       0.28
      3839      46.53     -44.43       1.00       0.00       0.00       0.00       0.59       0.28
      3881      46.61     -43.89       1.27       0.00       0.00       0.00       0.69       0.28
      3931      46.62     -49.66       0.00       0.00       0.00       0.00       1.66       0.28
      4088      47.81     -44.66       1.42       0.00       0.00       0.00       0.69       0.28
      4171      47.91     -44.85       1.47       0.00       0.00       0.00       0.82       0.28
      4224      48.98     -45.26       1.61       0.00       0.00       0.00       0.69       0.28
      4826      49.04     -45.40       1.62       0.00       0.00       0.00       0.75       0.28
      4982      49.24     -45.65       1.65       0.00       0.00       0.00       0.82       0.28
      5278      49.36     -45.61       1.65       0.00       0.00       0.00       0.74       0.28
      5425      49.76     -46.02       1.61       0.00       0.00       0.00       0.69       0.28
      5662      49.79     -46.03       1.65       0.00       0.00       0.00       0.73       0.28
      5806      49.79     -46.20       1.60       0.00       0.00       0.00       0.74       0.28
      5941      49.80     -46.02       1.63       0.00       0.00       0.00       0.69       0.28
      6210      50.37     -46.52       1.65       0.00       0.00       0.00       0.69       0.28
--------------------------------------------------------------------------------
Best docking solution after GA:
      6250      50.37     -46.52       1.65       0.00       0.00       0.00       0.69       0.28

#ops:       6250 #mutates:   3149 #cross:     3101 #dups:      1948 
#niche:     3248 #errors:      42 
--------------------------------------------------------------------------------

Doing AMOEBA simplex on best individual
Done simplexing #iterations 699, best score  55.32

Ligand is stored in gold_soln_6h7m_m1_6.mol2


--------------------------------------------------------------------------------
--- CHEMPLP breakdown of terms                                               ---
--------------------------------------------------------------------------------
CHEMPLP = - ( 1.0000*S(PLP) + -3.0000*S(hbond) + -6.0000*S(metal) + -3.0000*S(cho) )

Score = CHEMPLP - 1.0000*DE(clash) - 2.0000*DE(tors)

Internal energy term has been corrected with the best internal energy encountered.

--------------------------------------------------------------------------------


     Score     S(PLP)   S(hbond)     S(cho)   S(metal)  DE(clash)   DE(tors)     intcor
     55.32     -52.16       1.73       0.00       0.00       0.00       1.16       0.28

--------------------------------------------------------------------------------
--- PLP analysis of protein-ligand interactions                              ---
--------------------------------------------------------------------------------
hydrogen bonding        :      -4.87
metal                   :       0.00
buried (polar-nonpolar) :      -3.86
nonpolar                :     -44.10
repulsive               :       0.00
--------------------------------------------------------------------------------


--------------------------------------------------------------------------------
--- ChemScore analysis of protein-ligand interactions                        ---
--------------------------------------------------------------------------------

* Hydrogen bonds                                                                
Ligand donor    2 hydrogen   19 Protein acceptor 2066 bond energy  1.00 wt 0.91
Ligand donor    7 hydrogen   26 Protein acceptor 2066 bond energy  1.00 wt 0.82


* CH..O interactions                                                            
  CH group selection                       : activated ring CH (adjacent to hetatom)

--------------------------------------------------------------------------------


--------------------------------------------------------------------------------
--- Intra-ligand clashes                                                     ---
--------------------------------------------------------------------------------

Ligand
--------------------------------------------------------------------------------


--------------------------------------------------------------------------------
--- Chromosome decoded                                                       ---
--------------------------------------------------------------------------------
Ligand Torsions
[   2    6    1    7]  -69.84
[  26    7    1    6]   72.40
[  13   12    1    6]  129.57
[   9    8    2    6]  -91.77
[   8    2    6    1]  136.48
[  20    3   15   14] -163.03
[   5    4   16   15]  -61.23
[  23    5    4   16] -166.31
Mapping
Ligand acceptors to protein hydrogens (mapping then atom ids)
Ligand hydrogens to protein acceptors (mapping then atom ids)
  1   3 [ 19->2066]
Ligand shape atoms to protein points (mapping then atom ids & coords)
  1  4539 [  1->(-23.500   5.500  15.750)]
  3  6742 [  6->(-22.750   7.250  15.000)]
  5  4802 [ 10->(-23.500  11.500  18.750)]
  6  7550 [ 11->(-22.250   9.750  18.500)]
  7  3725 [ 13->(-23.750   5.500  15.750)]
  9  2917 [ 17->(-24.000   5.250  15.250)]
Chromosome values
Integers:
  -1   -1   -1   -1    2   -1   -1   -1 4538   -1 6741   -1 
4801 7549 3724   -1 2916 
--------------------------------------------------------------------------------

Current Ranking  3  4  6  1  2  5

Top  3 (of  6) solutions are within 1.000 RMSD, finishing docking C:/Users/student/Desktop/project/beta1/ligandy/6h7m.mol2.


--------------------------------------------------------------------------------

* GA execution time :                                                           
  total  0.9994 user  0.9994 sys  0.0000

--------------------------------------------------------------------------------
Fitness function evaluations: 13016

--------------------------------------------------------------------------------
--- Ranking analysis                                                         ---
--------------------------------------------------------------------------------


* Final ranked order of GA solutions:                                           
   3  4  6  1  2  5 

  _______________________________
  RMSD Matrix of RANKED solutions

        2    3    4    5    6  

   1 :  0.7  0.7  6.9  6.5  5.8
   2 :       0.4  6.9  6.5  5.9
   3 :            6.8  6.4  5.8
   4 :                 3.0  6.7
   5 :                      8.1

  Clustering method                        : complete linkage
  Structure ids in cluster table           : rank nos.
  Ordering of clusters and their members   : by rank (order if from rms_analysis)

  Distance | Clusters
   0.37    |  1 |  2  3 |  4 |  5 |  6 |
   0.74    |  1  2  3 |  4 |  5 |  6 |
   2.99    |  1  2  3 |  4  5 |  6 |
   5.94    |  1  2  3  6 |  4  5 |
   8.10    |  1  2  3  4  5  6 |
  Finished Docking Ligand                  : C:/Users/student/Desktop/project/beta1/ligandy/6h7m.mol2
--------------------------------------------------------------------------------

  Relative_Ligand_Energy (best encountered) :   0.281
  Relative_Ligand_Energy: fitness values have been corrected using this amount
