# WARNING: atom    7 in E:/Projekt modelowanie/beta2/ligandy/3ny9.mol2 is type   O.2 resetting to type   O.3 (set_atom_type)

--------------------------------------------------------------------------------
--- Ligand                                                                   ---
--------------------------------------------------------------------------------
  Ligand loaded from file                  : E:/Projekt modelowanie/beta2/ligandy/3ny9.mol2
  Ligand name                              :  
  "C:\Users\porto\OneDrive\projekt\beta2\ligandy\L_3ny9.pdb L_3ny9.pdb 1    "

--------------------------------------------------------------------------------
  N.plc donors                             : 
  none found

  Acidic nitrogen acceptors                : 
  none found
  Sulfur acceptors                         :
  none found

  O.3 atom 5 is not an acceptor (skipped)

  Donor atoms                              :      2
  2   11  
  Acceptor atoms                           :      5
  2   3   7   9   11  

  Hydrogens                                :  (n = 2)
  25   31   

  Lone pairs added to molecule             :      9
  Numbering                                : from 50 to 58

--------------------------------------------------------------------------------
--- Postprocessing of typing                                                 ---
--------------------------------------------------------------------------------
  Fragment file                            : C:\Program Files (x86)\CCDC/GoldSuite_2017\GOLD\gold\rotatable_bond_override.mol2
  acylurea fragment                        : no matches
  thioacylthiourea fragment                : no matches
  acylthiourea fragment                    : no matches
  thioacylurea fragment                    : no matches
  diarylamine fragment >C.ar-NH-C.ar<      : no matches
  sec-amine (1) fragment                   : no matches
  sec-amine (2) fragment                   : no matches
  sec-amine (3) fragment                   : no matches
  carboxylic ester                         : no matches

* Rotatable bonds in E:/Projekt modelowan  :
  [   1    5] [   1    8] [   2   21] [   2   22] 
  [   4    5] [   9   18] [   9   19] [  11   20] 
  [  19   20] [  20   21] 
  No. of rotatable bonds                   :     10


* Fragments found in E:/Projekt modelowan  :
  atom  13: benzene
  atom  14: benzene
  atom  15: benzene
  atom  16: benzene
  atom  17: benzene
  atom  18: benzene


* Checking torsion distributions:                                               
  Rotatable bond [ 4  5  1  3] matches torsion: ester
   C | O.3 | C.2 | O.2 
  Rotatable bond [17 18  9 19] matches torsion: ortho-substituoed aromatic-aliphatic ether
   C.ar ( 1H ) | C.ar ( C.ar ( 0H ) ) | O.3 | C.3 ( 2H ) 
  No. of matched torsions                  :      2

--------------------------------------------------------------------------------
--- Shape fitting atoms selection (hydrophobic atoms)                        ---
--------------------------------------------------------------------------------
  Molecule                                 : E:/Projekt modelowanie/beta2/ligandy/3ny9.mol2
  Selection                                : carbons only
  Atom numbers                             :  (n = 12)
  4    6    12   15   16   17   19   20   21   22   
  23   24   


--------------------------------------------------------------------------------
--- ChemScore ligand setup summary                                           ---
--------------------------------------------------------------------------------
  ChemScore ligand acceptors               :      5
  2 3 7 9 11 
  ChemScore ligand donors                  :      2
  2 ( 25  ) 11 ( 31  ) 
  ChemScore ligand CH donors               :      0
  

  ChemScore ligand lipophilic atoms        :  (n = 17)
  4    6    8    10   12   13   14   15   16   17   
  18   19   20   21   22   23   24   

  ChemScore ligand rotatable bonds         :     10
  1   (C1 ) - 5   (O2 ): SP3_SP2_BOND
  1   (C1 ) - 8   (C4 ): SP2_SP2_BOND
  2   (N1 ) - 21  (C15): SP3_SP3_BOND
  2   (N1 ) - 22  (C16): SP3_SP3_BOND
  4   (C2 ) - 5   (O2 ): SP3_SP3_BOND
  9   (O4 ) - 18  (C12): SP3_SP2_BOND
  9   (O4 ) - 19  (C13): SP3_SP3_BOND
  11  (O5 ) - 20  (C14): SP3_SP3_BOND
  19  (C13) - 20  (C14): SP3_SP3_BOND
  20  (C14) - 21  (C15): SP3_SP3_BOND

--------------------------------------------------------------------------------
--- PLP ligand setup summary                                                 ---
--------------------------------------------------------------------------------
    1    C1   C.2 NONPOLAR
    2    N1   N.3 DONACC
    3    O1   O.2 ACCEPTOR
    4    C2   C.3 NONPOLAR
    5    O2   O.3 ACCEPTOR
    6    C3   C.3 NONPOLAR
    7    O3   O.3 ACCEPTOR
    8    C4  C.ar NONPOLAR
    9    O4   O.3 ACCEPTOR
   10    C5  C.ar NONPOLAR
   11    O5   O.3 DONACC
   12    C6   C.3 NONPOLAR
   13    C7  C.ar NONPOLAR
   14    C8  C.ar NONPOLAR
   15    C9  C.ar NONPOLAR
   16   C10  C.ar NONPOLAR
   17   C11  C.ar NONPOLAR
   18   C12  C.ar NONPOLAR
   19   C13   C.3 NONPOLAR
   20   C14   C.3 NONPOLAR
   21   C15   C.3 NONPOLAR
   22   C16   C.3 NONPOLAR
   23   C17   C.3 NONPOLAR
   24   C18   C.3 NONPOLAR

--------------------------------------------------------------------------------
--- Automatic parameter setting                                              ---
--------------------------------------------------------------------------------
  Contribution base                        :   2500
  Contribution per rotatable bond          :   6000
  Contribution per df                      :   4000
  Contribution per water                   :  10000
  Ligand rotatable bonds                   :     10
  Protein flexible side chain bonds        :      0
  Total rotatable bonds                    :     10
  Hydrophobic vol ratio (P/L)              :   0.934
  Base multiplier (polar)                  :   1.400
  Base multiplier (apolar)                 :   2.242
  Base contribution                        : 7500.000
  Fitting points                           :      7
  Estimated maxops needed (optimal)        :  68000

--------------------------------------------------------------------------------

* Population settings                                                           
  maxops                                   :  68000
  popsiz                                   :    100
  select_pressure                          :   1.100
  n_islands                                :      5
  niche_siz                                :      2

* GA settings                                                                   
  pt_crosswt                               :     95
  allele_mutatewt                          :     95
  migratewt                                :     10

* Search settings                                                               
  start_vdw_linear_cutoff                  :   4.000
  initial_virtual_pt_match_max             :   3.000

--------------------------------------------------------------------------------

* Ligand initialisation time :                                                  
  total  0.0001 user  0.0000 sys  0.0001

--------------------------------------------------------------------------------

--------------------------------------------------------------------------------
** Docking run number  1 **
--------------------------------------------------------------------------------
  Rank fitness base is 5000.00 ; increment is 11.2233

* Initialising population(s) ...                                                
Number of constraints mappings 0
Number of constraints 0
  Population no.                           :      1
  Population size                          :    100
  Number of duplicates                     :      0
  Number of niche violations               :      0
  Number of errors                         :      7

Number of constraints mappings 0
Number of constraints 0
  Population no.                           :      2
  Population size                          :    100
  Number of duplicates                     :      0
  Number of niche violations               :      0
  Number of errors                         :      7

Number of constraints mappings 0
Number of constraints 0
  Population no.                           :      3
  Population size                          :    100
  Number of duplicates                     :      0
  Number of niche violations               :      0
  Number of errors                         :      7

Number of constraints mappings 0
Number of constraints 0
  Population no.                           :      4
  Population size                          :    100
  Number of duplicates                     :      0
  Number of niche violations               :      0
  Number of errors                         :      6

Number of constraints mappings 0
Number of constraints 0
  Population no.                           :      5
  Population size                          :    100
  Number of duplicates                     :      0
  Number of niche violations               :      0
  Number of errors                         :     10


Doing GA, no. of population(s) 5 size 100 selection pressure 1.100000

 Operation      Score     S(PLP)   S(hbond)     S(cho)   S(metal)  DE(clash)   DE(tors)     intcor
         0      22.57     -22.57       0.00       0.00       0.00      20.77       2.92       1.27
      1427      23.82     -26.66       0.00       0.00       0.00       0.00       2.06       1.27
      2162      25.77     -28.50       0.00       0.00       0.00       0.00       2.00       1.27
      2364      27.47     -34.23       0.06       0.00       0.00       2.68       2.77       1.27
      2970      29.43     -36.64       0.00       0.00       0.00       4.71       1.89       1.27
      3466      40.11     -47.75       0.00       0.00       0.00       4.80       2.06       1.27
      5293      41.44     -45.64       0.00       0.00       0.00       0.73       2.37       1.27
      5635      46.37     -47.10       0.66       0.00       0.00       0.01       1.98       1.27
      6164      47.16     -54.11       0.00       0.00       0.00       2.68       2.77       1.27
      6585      50.11     -49.90       0.66       0.00       0.00       0.00       1.52       1.27
      9436      52.10     -54.09       0.27       0.00       0.00       0.00       2.04       1.27
     10686      52.68     -58.18       0.00       0.00       0.00       3.16       1.81       1.27
     10834      53.37     -57.64       0.00       0.00       0.00       2.36       1.59       1.27
     11841      53.52     -59.03       0.00       0.00       0.00       3.16       1.81       1.27
     12297      54.69     -56.08       0.00       0.00       0.00       0.00       1.33       1.27
     13487      54.89     -56.16       0.00       0.00       0.00       0.00       1.27       1.27
     15798      55.56     -58.71       0.00       0.00       0.00       0.01       2.21       1.27
     17536      55.90     -59.11       0.00       0.00       0.00       0.00       2.24       1.27
     17741      56.53     -58.75       0.00       0.00       0.00       0.00       1.75       1.27
     18286      57.50     -60.75       0.00       0.00       0.00       0.00       2.24       1.24
     20052      59.04     -61.59       0.00       0.00       0.00       0.00       1.79       1.03
     22562      60.84     -63.62       0.00       0.00       0.00       0.00       1.91       1.03
     27272      60.95     -63.74       0.00       0.00       0.00       0.00       1.91       1.03
     27353      61.06     -63.84       0.00       0.00       0.00       0.00       1.91       1.03
     27592      61.11     -63.90       0.00       0.00       0.00       0.00       1.91       1.03
     28623      63.23     -65.33       0.00       0.00       0.00       0.33       1.40       1.03
     29084      64.01     -66.34       0.00       0.00       0.00       0.00       1.68       1.03
     31209      64.45     -66.94       0.00       0.00       0.00       0.00       1.76       1.03
     31224      65.03     -67.08       0.00       0.00       0.00       0.00       1.54       1.03
     34559      65.07     -67.12       0.00       0.00       0.00       0.00       1.54       1.03
     35708      65.12     -64.34       0.98       0.00       0.00       0.33       1.39       0.97
     38418      65.55     -64.51       0.98       0.00       0.00       0.33       1.26       0.97
     38828      65.59     -64.45       0.99       0.00       0.00       0.33       1.23       0.96
     41273      65.69     -64.77       0.98       0.00       0.00       0.33       1.26       0.85
     41456      66.04     -65.38       0.98       0.00       0.00       0.33       1.39       0.85
     44078      67.82     -67.15       0.89       0.00       0.00       0.33       1.27       0.85
     47903      67.83     -67.16       0.89       0.00       0.00       0.33       1.26       0.85
     51893      67.92     -67.05       0.84       0.00       0.00       0.00       1.25       0.83
     51963      68.32     -67.47       0.98       0.00       0.00       0.33       1.28       0.83
     55952      68.34     -67.31       0.93       0.00       0.00       0.00       1.27       0.79
     58468      69.16     -68.46       0.98       0.00       0.00       0.33       1.28       0.67
     61943      69.17     -68.48       0.98       0.00       0.00       0.33       1.28       0.67
     64327      69.50     -68.98       1.00       0.00       0.00       0.33       1.41       0.67
     65523      69.50     -68.98       1.00       0.00       0.00       0.33       1.41       0.67
     65594      69.64     -68.99       1.00       0.00       0.00       0.00       1.51       0.67
     65987      69.67     -69.02       0.96       0.00       0.00       0.33       1.28       0.67
     66260      69.86     -69.50       1.00       0.00       0.00       0.33       1.49       0.67
     67002      70.11     -69.15       0.94       0.00       0.00       0.00       1.27       0.67
     67210      70.16     -69.66       1.00       0.00       0.00       0.33       1.41       0.67
--------------------------------------------------------------------------------
Best docking solution after GA:
     68000      70.16     -69.66       1.00       0.00       0.00       0.33       1.41       0.67

#ops:      68000 #mutates:  32434 #cross:    32194 #migrate:   3372 
#dups:     15692 #niche:    45407 #errors:     202 
--------------------------------------------------------------------------------

Doing AMOEBA simplex on best individual
Done simplexing #iterations 603, best score  72.59

Ligand is stored in gold_soln_3ny9_m1_1.mol2


--------------------------------------------------------------------------------
--- CHEMPLP breakdown of terms                                               ---
--------------------------------------------------------------------------------
CHEMPLP = - ( 1.0000*S(PLP) + -3.0000*S(hbond) + -6.0000*S(metal) + -3.0000*S(cho) )

Score = CHEMPLP - 1.0000*DE(clash) - 2.0000*DE(tors)

Internal energy term has been corrected with the best internal energy encountered.

--------------------------------------------------------------------------------


     Score     S(PLP)   S(hbond)     S(cho)   S(metal)  DE(clash)   DE(tors)     intcor
     72.59     -71.56       1.00       0.00       0.00       0.00       1.32       0.67

--------------------------------------------------------------------------------
--- PLP analysis of protein-ligand interactions                              ---
--------------------------------------------------------------------------------
hydrogen bonding        :      -1.00
metal                   :       0.00
buried (polar-nonpolar) :      -8.29
nonpolar                :     -63.55
repulsive               :       0.18
--------------------------------------------------------------------------------


--------------------------------------------------------------------------------
--- ChemScore analysis of protein-ligand interactions                        ---
--------------------------------------------------------------------------------

* Hydrogen bonds                                                                
Ligand donor   11 hydrogen   31 Protein acceptor 1334 bond energy  1.00 wt 1.00


* CH..O interactions                                                            
  CH group selection                       : activated ring CH (adjacent to hetatom)

--------------------------------------------------------------------------------


--------------------------------------------------------------------------------
--- Intra-ligand clashes                                                     ---
--------------------------------------------------------------------------------

Ligand
--------------------------------------------------------------------------------


--------------------------------------------------------------------------------
--- Chromosome decoded                                                       ---
--------------------------------------------------------------------------------
Ligand Torsions
[   4    5    1    3]   -3.68    matched torsion: ester
[   3    1    8    7]    2.08
[  22    2   21   20]   86.42
[  23   22    2   21]   56.37
[   6    4    5    1]  166.46
[  17   18    9   19]  -16.06    matched torsion: ortho-substituoed aromatic-aliphatic ether
[  20   19    9   18]   78.91
[  31   11   20   19] -133.07
[  11   20   19    9]   14.43
[   2   21   20   11]  161.66
Protein Torsions
[4175 4166 4165 4163]  128.29 
[1294 1290 1288 1285]  -40.66 
[4033 4024 4023 4021]  -85.85 
[1412 1408 1406 1403]  -10.34 
[2830 2825 2824 2821] -171.48 
[2723 2714 2713 2711]   67.00 
[2773 2768 2767 2764] -157.21 
Mapping
Ligand acceptors to protein hydrogens (mapping then atom ids)
Ligand hydrogens to protein acceptors (mapping then atom ids)
Ligand shape atoms to protein points (mapping then atom ids & coords)
  3  2811 [ 12->(-32.750   5.000   9.000)]
  4  2431 [ 15->(-33.500   6.000   5.750)]
  6  3085 [ 17->(-32.500   8.500   6.000)]
  8  4095 [ 20->(-30.750  10.000   6.500)]
  9  4217 [ 21->(-30.500  11.250   6.500)]
 10  5170 [ 22->(-27.000  12.250   5.500)]
Chromosome values
Integers:
  -1   -1   -1   -1   -1   -1   -1   -1   -1 2810 2430   -1 
3084   -1 4094 4216 5169   -1   -1 
--------------------------------------------------------------------------------

Current Ranking  1

--------------------------------------------------------------------------------

* GA execution time :                                                           
  total  4.9999 user  4.9999 sys  0.0000

--------------------------------------------------------------------------------
Fitness function evaluations: 110515

--------------------------------------------------------------------------------
** Docking run number  2 **
--------------------------------------------------------------------------------
  Rank fitness base is 5000.00 ; increment is 11.2233

* Initialising population(s) ...                                                
Number of constraints mappings 0
Number of constraints 0
  Population no.                           :      1
  Population size                          :    100
  Number of duplicates                     :      0
  Number of niche violations               :      0
  Number of errors                         :      7

Number of constraints mappings 0
Number of constraints 0
  Population no.                           :      2
  Population size                          :    100
  Number of duplicates                     :      0
  Number of niche violations               :      0
  Number of errors                         :      4

Number of constraints mappings 0
Number of constraints 0
  Population no.                           :      3
  Population size                          :    100
  Number of duplicates                     :      0
  Number of niche violations               :      0
  Number of errors                         :      5

Number of constraints mappings 0
Number of constraints 0
  Population no.                           :      4
  Population size                          :    100
  Number of duplicates                     :      0
  Number of niche violations               :      0
  Number of errors                         :      7

Number of constraints mappings 0
Number of constraints 0
  Population no.                           :      5
  Population size                          :    100
  Number of duplicates                     :      0
  Number of niche violations               :      0
  Number of errors                         :      9


Doing GA, no. of population(s) 5 size 100 selection pressure 1.100000

 Operation      Score     S(PLP)   S(hbond)     S(cho)   S(metal)  DE(clash)   DE(tors)     intcor
         0      20.31     -31.54       0.00       0.00       0.00       9.02       1.44       0.67
       123      21.05     -32.43       0.00       0.00       0.00       9.02       1.52       0.67
      1445      25.65     -31.33       0.00       0.00       0.00       0.00       3.17       0.67
      1981      28.56     -38.02       0.00       0.00       0.00       2.82       3.66       0.67
      2771      32.09     -41.56       0.00       0.00       0.00       2.82       3.66       0.67
      2806      33.37     -42.84       0.00       0.00       0.00       2.82       3.66       0.67
      3661      38.47     -47.93       0.00       0.00       0.00       2.82       3.66       0.67
      4765      42.66     -44.77       0.64       0.00       0.00       0.00       2.35       0.67
      7080      42.97     -45.03       0.64       0.00       0.00       0.00       2.32       0.67
      7236      46.35     -48.10       0.56       0.00       0.00       0.00       2.05       0.67
     12864      47.11     -47.18       1.31       0.00       0.00       0.00       2.34       0.67
     13920      47.24     -50.32       0.11       0.00       0.00       0.00       2.05       0.67
     16020      47.32     -48.19       1.04       0.00       0.00       0.00       2.34       0.67
     16055      48.01     -48.03       1.34       0.00       0.00       0.00       2.36       0.67
     16176      48.38     -52.09       0.00       0.00       0.00       0.00       2.19       0.67
     17106      49.37     -53.40       0.00       0.00       0.00       0.00       2.35       0.67
     18460      50.36     -51.73       0.69       0.00       0.00       0.00       2.05       0.67
     20650      51.26     -52.74       0.37       0.00       0.00       0.00       1.64       0.67
     21450      51.98     -53.47       0.37       0.00       0.00       0.00       1.64       0.67
     22640      52.30     -56.60       0.06       0.00       0.00       0.00       2.58       0.67
     22642      52.35     -53.84       0.48       0.00       0.00       0.00       1.80       0.67
     23135      52.59     -53.71       0.49       0.00       0.00       0.00       1.64       0.67
     25424      53.18     -57.47       0.07       0.00       0.00       0.00       2.58       0.67
     26067      54.69     -55.61       0.67       0.00       0.00       0.00       1.80       0.67
     26517      54.70     -55.64       0.67       0.00       0.00       0.00       1.82       0.67
     26608      55.27     -55.59       0.86       0.00       0.00       0.00       1.78       0.67
     26857      55.58     -56.12       0.80       0.00       0.00       0.00       1.80       0.67
     27859      56.05     -56.24       0.80       0.00       0.00       0.00       1.63       0.67
     36502      56.17     -56.71       0.78       0.00       0.00       0.00       1.77       0.67
     37048      57.33     -58.99       0.00       0.00       0.00       0.00       1.16       0.67
     39618      58.29     -59.90       0.00       0.00       0.00       0.00       1.14       0.67
     42251      58.33     -59.77       0.00       0.00       0.00       0.00       1.06       0.67
     43886      58.81     -60.26       0.00       0.00       0.00       0.00       1.06       0.67
     44040      59.28     -60.81       0.00       0.00       0.00       0.00       1.10       0.67
     47621      59.30     -60.85       0.00       0.00       0.00       0.00       1.11       0.67
     48484      59.38     -61.08       0.00       0.00       0.00       0.00       1.18       0.67
     50395      59.86     -61.39       0.00       0.00       0.00       0.00       1.10       0.67
     51950      60.02     -61.55       0.00       0.00       0.00       0.00       1.10       0.67
     56202      60.05     -61.80       0.00       0.00       0.00       0.00       1.21       0.67
     57607      60.42     -62.19       0.00       0.00       0.00       0.00       1.22       0.67
     61766      60.73     -62.22       0.00       0.00       0.00       0.00       1.08       0.67
     62111      60.87     -62.82       0.00       0.00       0.00       0.00       1.31       0.67
     63436      60.90     -62.69       0.00       0.00       0.00       0.00       1.23       0.67
     64666      60.95     -62.52       0.00       0.00       0.00       0.00       1.12       0.67
     64923      61.55     -63.24       0.00       0.00       0.00       0.00       1.18       0.67
     67418      62.00     -63.53       0.00       0.00       0.00       0.00       1.10       0.67
--------------------------------------------------------------------------------
Best docking solution after GA:
     68000      62.00     -63.53       0.00       0.00       0.00       0.00       1.10       0.67

#ops:      68000 #mutates:  32426 #cross:    32123 #migrate:   3451 
#dups:     14662 #niche:    38126 #errors:     424 
--------------------------------------------------------------------------------

Doing AMOEBA simplex on best individual
Done simplexing #iterations 840, best score  64.46

Ligand is stored in gold_soln_3ny9_m1_2.mol2


--------------------------------------------------------------------------------
--- CHEMPLP breakdown of terms                                               ---
--------------------------------------------------------------------------------
CHEMPLP = - ( 1.0000*S(PLP) + -3.0000*S(hbond) + -6.0000*S(metal) + -3.0000*S(cho) )

Score = CHEMPLP - 1.0000*DE(clash) - 2.0000*DE(tors)

Internal energy term has been corrected with the best internal energy encountered.

--------------------------------------------------------------------------------


     Score     S(PLP)   S(hbond)     S(cho)   S(metal)  DE(clash)   DE(tors)     intcor
     64.46     -65.16       0.00       0.00       0.00       0.00       0.68       0.67

--------------------------------------------------------------------------------
--- PLP analysis of protein-ligand interactions                              ---
--------------------------------------------------------------------------------
hydrogen bonding        :       0.00
metal                   :       0.00
buried (polar-nonpolar) :      -8.49
nonpolar                :     -58.95
repulsive               :       0.12
--------------------------------------------------------------------------------


--------------------------------------------------------------------------------
--- ChemScore analysis of protein-ligand interactions                        ---
--------------------------------------------------------------------------------

* Hydrogen bonds                                                                


* CH..O interactions                                                            
  CH group selection                       : activated ring CH (adjacent to hetatom)

--------------------------------------------------------------------------------


--------------------------------------------------------------------------------
--- Intra-ligand clashes                                                     ---
--------------------------------------------------------------------------------

Ligand
--------------------------------------------------------------------------------


--------------------------------------------------------------------------------
--- Chromosome decoded                                                       ---
--------------------------------------------------------------------------------
Ligand Torsions
[   4    5    1    3]   -3.59    matched torsion: ester
[   3    1    8    7]  167.64
[  22    2   21   20]  170.38
[  23   22    2   21]   63.02
[   6    4    5    1]  116.23
[  17   18    9   19]   -2.61    matched torsion: ortho-substituoed aromatic-aliphatic ether
[  20   19    9   18] -170.70
[  31   11   20   19] -160.73
[  11   20   19    9]   51.81
[   2   21   20   11]  163.85
Protein Torsions
[4175 4166 4165 4163]   90.21 
[1294 1290 1288 1285] -108.89 
[4033 4024 4023 4021] -104.56 
[1412 1408 1406 1403]  124.46 
[2830 2825 2824 2821] -162.30 
[2723 2714 2713 2711] -114.65 
[2773 2768 2767 2764] -160.63 
Mapping
Ligand acceptors to protein hydrogens (mapping then atom ids)
Ligand hydrogens to protein acceptors (mapping then atom ids)
Ligand shape atoms to protein points (mapping then atom ids & coords)
  1  1158 [  4->(-35.500   3.750   9.500)]
  2   736 [  6->(-36.500   4.250   9.500)]
  3  2824 [ 12->(-32.750   5.750   8.250)]
  4  1741 [ 15->(-34.500   6.250   5.750)]
  5  2415 [ 16->(-33.500   5.750   5.500)]
  6  2926 [ 17->(-32.750   8.000   6.000)]
  7  4392 [ 19->(-29.750   8.250   7.000)]
  8  4529 [ 20->(-29.000   9.000   7.250)]
  9  4566 [ 21->(-28.750   9.750   7.000)]
Chromosome values
Integers:
  -1   -1   -1   -1   -1   -1   -1 1157  735 2823 1740 2414 
2925 4391 4528 4565   -1   -1   -1 
--------------------------------------------------------------------------------

Current Ranking  1  2

--------------------------------------------------------------------------------

* GA execution time :                                                           
  total  4.0005 user  4.0005 sys  0.0000

--------------------------------------------------------------------------------
Fitness function evaluations: 110699

--------------------------------------------------------------------------------
** Docking run number  3 **
--------------------------------------------------------------------------------
  Rank fitness base is 5000.00 ; increment is 11.2233

* Initialising population(s) ...                                                
Number of constraints mappings 0
Number of constraints 0
  Population no.                           :      1
  Population size                          :    100
  Number of duplicates                     :      0
  Number of niche violations               :      0
  Number of errors                         :      4

Number of constraints mappings 0
Number of constraints 0
  Population no.                           :      2
  Population size                          :    100
  Number of duplicates                     :      0
  Number of niche violations               :      0
  Number of errors                         :     10

Number of constraints mappings 0
Number of constraints 0
  Population no.                           :      3
  Population size                          :    100
  Number of duplicates                     :      0
  Number of niche violations               :      0
  Number of errors                         :      5

Number of constraints mappings 0
Number of constraints 0
  Population no.                           :      4
  Population size                          :    100
  Number of duplicates                     :      0
  Number of niche violations               :      0
  Number of errors                         :      8

Number of constraints mappings 0
Number of constraints 0
  Population no.                           :      5
  Population size                          :    100
  Number of duplicates                     :      0
  Number of niche violations               :      0
  Number of errors                         :      7


Doing GA, no. of population(s) 5 size 100 selection pressure 1.100000

 Operation      Score     S(PLP)   S(hbond)     S(cho)   S(metal)  DE(clash)   DE(tors)     intcor
         0      33.05     -44.19       0.00       0.00       0.00       6.77       2.52       0.67
      2262      34.29     -40.01       0.00       0.00       0.00       0.00       3.19       0.67
      3158      35.45     -45.61       0.00       0.00       0.00       5.57       2.63       0.67
      4318      36.88     -47.69       0.00       0.00       0.00       5.57       2.96       0.67
      4349      45.81     -57.56       0.00       0.00       0.00       6.48       2.97       0.67
      5416      46.48     -48.07       0.29       0.00       0.00       0.00       1.57       0.67
      6362      51.80     -58.70       0.00       0.00       0.00       0.48       3.55       0.67
      8488      53.24     -60.14       0.00       0.00       0.00       0.48       3.55       0.67
      9336      55.37     -56.45       0.00       0.00       0.00       0.16       0.79       0.67
      9662      56.20     -57.10       0.29       0.00       0.00       0.00       1.23       0.67
     10962      56.50     -58.21       0.00       0.00       0.00       0.00       1.19       0.67
     11500      57.33     -60.58       0.00       0.00       0.00       2.12       0.90       0.67
     11560      60.01     -63.26       0.00       0.00       0.00       2.12       0.90       0.67
     14029      60.26     -63.53       0.00       0.00       0.00       2.12       0.91       0.67
     16315      60.33     -63.65       0.00       0.00       0.00       2.12       0.93       0.67
     16494      60.52     -63.08       0.00       0.00       0.00       1.52       0.85       0.67
     17864      60.52     -63.10       0.00       0.00       0.00       1.52       0.86       0.67
     19360      60.67     -64.25       0.00       0.00       0.00       2.12       1.05       0.64
     20886      60.85     -64.43       0.00       0.00       0.00       2.12       1.05       0.64
     25014      61.17     -64.81       0.00       0.00       0.00       2.12       1.08       0.64
     25389      61.33     -63.44       0.00       0.00       0.00       0.87       0.94       0.64
     25952      61.55     -61.62       0.56       0.00       0.00       0.00       1.19       0.64
     26147      61.55     -61.93       0.46       0.00       0.00       0.00       1.19       0.64
     27402      61.59     -62.88       0.00       0.00       0.00       0.16       0.88       0.64
     27724      61.87     -63.21       0.00       0.00       0.00       0.16       0.90       0.64
     30414      61.94     -63.29       0.00       0.00       0.00       0.16       0.91       0.64
     33092      62.04     -62.43       0.43       0.00       0.00       0.00       1.17       0.64
     33155      62.06     -63.40       0.00       0.00       0.00       0.16       0.90       0.64
     34789      62.14     -63.49       0.00       0.00       0.00       0.16       0.91       0.64
     35569      62.15     -63.51       0.00       0.00       0.00       0.16       0.92       0.64
     38204      62.16     -63.52       0.00       0.00       0.00       0.16       0.92       0.64
     38893      62.30     -63.66       0.00       0.00       0.00       0.16       0.92       0.64
     39334      62.53     -63.89       0.00       0.00       0.00       0.16       0.92       0.64
     39459      62.61     -63.91       0.00       0.00       0.00       0.16       0.89       0.64
     39834      62.91     -66.74       0.00       0.00       0.00       0.00       2.23       0.64
     43867      63.72     -67.55       0.00       0.00       0.00       0.00       2.23       0.64
     50286      63.74     -67.60       0.00       0.00       0.00       0.00       2.25       0.64
     51352      63.76     -67.62       0.00       0.00       0.00       0.00       2.25       0.64
     51881      63.93     -67.82       0.00       0.00       0.00       0.15       2.19       0.64
     52292      64.00     -67.78       0.00       0.00       0.00       0.00       2.21       0.64
     52458      64.12     -67.34       0.00       0.00       0.00       0.00       1.93       0.64
     54111      64.14     -67.75       0.00       0.00       0.00       0.00       2.12       0.64
     56064      65.25     -69.06       0.00       0.00       0.00       0.00       2.22       0.64
     62086      65.45     -69.06       0.00       0.00       0.00       0.00       2.12       0.64
     62866      67.07     -68.74       0.65       0.00       0.00       0.00       2.12       0.64
     64395      67.19     -68.66       0.76       0.00       0.00       0.00       2.20       0.64
     65510      67.31     -68.98       0.70       0.00       0.00       0.00       2.20       0.64
     66404      67.90     -68.85       0.80       0.00       0.00       0.00       1.99       0.64
     66724      68.11     -69.13       0.80       0.00       0.00       0.00       2.02       0.64
     67819      68.18     -69.54       0.76       0.00       0.00       0.00       2.15       0.64
     67902      68.56     -68.86       0.71       0.00       0.00       0.00       1.54       0.64
--------------------------------------------------------------------------------
Best docking solution after GA:
     68000      68.56     -68.86       0.71       0.00       0.00       0.00       1.54       0.64

#ops:      68000 #mutates:  32360 #cross:    32311 #migrate:   3329 
#dups:     16517 #niche:    46221 #errors:     179 
--------------------------------------------------------------------------------

Doing AMOEBA simplex on best individual
Done simplexing #iterations 711, best score  71.68

Ligand is stored in gold_soln_3ny9_m1_3.mol2


--------------------------------------------------------------------------------
--- CHEMPLP breakdown of terms                                               ---
--------------------------------------------------------------------------------
CHEMPLP = - ( 1.0000*S(PLP) + -3.0000*S(hbond) + -6.0000*S(metal) + -3.0000*S(cho) )

Score = CHEMPLP - 1.0000*DE(clash) - 2.0000*DE(tors)

Internal energy term has been corrected with the best internal energy encountered.

--------------------------------------------------------------------------------


     Score     S(PLP)   S(hbond)     S(cho)   S(metal)  DE(clash)   DE(tors)     intcor
     71.68     -70.88       1.00       0.00       0.00       0.00       1.42       0.64

--------------------------------------------------------------------------------
--- PLP analysis of protein-ligand interactions                              ---
--------------------------------------------------------------------------------
hydrogen bonding        :      -1.00
metal                   :       0.00
buried (polar-nonpolar) :      -8.36
nonpolar                :     -62.54
repulsive               :       0.13
--------------------------------------------------------------------------------


--------------------------------------------------------------------------------
--- ChemScore analysis of protein-ligand interactions                        ---
--------------------------------------------------------------------------------

* Hydrogen bonds                                                                
Ligand donor   11 hydrogen   31 Protein acceptor 1334 bond energy  1.00 wt 1.00


* CH..O interactions                                                            
  CH group selection                       : activated ring CH (adjacent to hetatom)

--------------------------------------------------------------------------------


--------------------------------------------------------------------------------
--- Intra-ligand clashes                                                     ---
--------------------------------------------------------------------------------

Ligand
--------------------------------------------------------------------------------


--------------------------------------------------------------------------------
--- Chromosome decoded                                                       ---
--------------------------------------------------------------------------------
Ligand Torsions
[   4    5    1    3]   -4.81    matched torsion: ester
[   3    1    8    7]    2.00
[  22    2   21   20] -111.92
[  23   22    2   21]   73.52
[   6    4    5    1]   60.02
[  17   18    9   19]    0.48    matched torsion: ortho-substituoed aromatic-aliphatic ether
[  20   19    9   18]   72.43
[  31   11   20   19] -125.74
[  11   20   19    9]   18.67
[   2   21   20   11] -152.89
Protein Torsions
[4175 4166 4165 4163]  -55.45 
[1294 1290 1288 1285] -158.60 
[4033 4024 4023 4021]  -10.69 
[1412 1408 1406 1403]  126.72 
[2830 2825 2824 2821] -161.87 
[2723 2714 2713 2711] -169.63 
[2773 2768 2767 2764]   12.29 
Mapping
Ligand acceptors to protein hydrogens (mapping then atom ids)
Ligand hydrogens to protein acceptors (mapping then atom ids)
Ligand shape atoms to protein points (mapping then atom ids & coords)
  3  2998 [ 12->(-32.500   6.500   7.750)]
  4  2109 [ 15->(-34.000   6.250   5.750)]
  5  2887 [ 16->(-32.750   7.250   5.250)]
  6  3204 [ 17->(-32.250   7.750   5.250)]
  7  4178 [ 19->(-30.500   9.000   7.250)]
  8  3622 [ 20->(-31.750  10.500   6.750)]
  9  4419 [ 21->(-29.750  10.500   7.000)]
 10  5032 [ 22->(-27.250  12.500   5.000)]
 11  4720 [ 23->(-28.000  12.250   5.500)]
 12  4916 [ 24->(-27.500  13.250   5.250)]
Chromosome values
Integers:
  -1   -1   -1   -1   -1   -1   -1   -1   -1 2997 2108 2886 
3203 4177 3621 4418 5031 4719 4915 
--------------------------------------------------------------------------------

Current Ranking  1  3  2

--------------------------------------------------------------------------------

* GA execution time :                                                           
  total  4.9998 user  4.9997 sys  0.0000

--------------------------------------------------------------------------------
Fitness function evaluations: 110901

--------------------------------------------------------------------------------
** Docking run number  4 **
--------------------------------------------------------------------------------
  Rank fitness base is 5000.00 ; increment is 11.2233

* Initialising population(s) ...                                                
Number of constraints mappings 0
Number of constraints 0
  Population no.                           :      1
  Population size                          :    100
  Number of duplicates                     :      0
  Number of niche violations               :      0
  Number of errors                         :      5

Number of constraints mappings 0
Number of constraints 0
  Population no.                           :      2
  Population size                          :    100
  Number of duplicates                     :      0
  Number of niche violations               :      0
  Number of errors                         :      4

Number of constraints mappings 0
Number of constraints 0
  Population no.                           :      3
  Population size                          :    100
  Number of duplicates                     :      0
  Number of niche violations               :      0
  Number of errors                         :      2

Number of constraints mappings 0
Number of constraints 0
  Population no.                           :      4
  Population size                          :    100
  Number of duplicates                     :      0
  Number of niche violations               :      0
  Number of errors                         :      3

Number of constraints mappings 0
Number of constraints 0
  Population no.                           :      5
  Population size                          :    100
  Number of duplicates                     :      0
  Number of niche violations               :      0
  Number of errors                         :      5


Doing GA, no. of population(s) 5 size 100 selection pressure 1.100000

 Operation      Score     S(PLP)   S(hbond)     S(cho)   S(metal)  DE(clash)   DE(tors)     intcor
         0      20.72     -27.31       0.10       0.00       0.00       0.81       3.35       0.64
      1416      24.19     -31.93       0.00       0.00       0.00       4.47       1.95       0.64
      2178      28.73     -32.83       0.00       0.00       0.00       0.00       2.37       0.64
      3181      34.23     -40.78       0.36       0.00       0.00       3.91       2.17       0.64
      3637      37.88     -41.83       0.00       0.00       0.00       0.00       2.29       0.64
      4773      39.73     -49.85       0.00       0.00       0.00       6.89       1.93       0.64
      5833      40.14     -51.63       0.00       0.00       0.00       7.74       2.19       0.64
      6058      43.68     -51.95       0.00       0.00       0.00       4.47       2.22       0.64
      6678      44.92     -46.97       0.04       0.00       0.00       0.00       1.41       0.64
      8523      44.97     -48.60       0.00       0.00       0.00       0.00       2.14       0.64
      8568      56.16     -56.21       0.80       0.00       0.00       0.00       1.54       0.64
      9333      56.36     -56.43       0.78       0.00       0.00       0.00       1.53       0.64
     10558      57.00     -57.01       0.82       0.00       0.00       0.00       1.55       0.64
     10593      57.02     -57.03       0.82       0.00       0.00       0.00       1.54       0.64
     15991      57.97     -60.53       0.00       0.00       0.00       0.00       1.60       0.64
     16252      58.97     -60.39       0.34       0.00       0.00       0.00       1.54       0.64
     18451      59.51     -62.07       0.00       0.00       0.00       0.00       1.60       0.64
     18791      59.75     -62.32       0.00       0.00       0.00       0.00       1.60       0.64
     18876      61.52     -64.09       0.00       0.00       0.00       0.00       1.60       0.64
     21721      61.79     -64.35       0.00       0.00       0.00       0.00       1.60       0.64
     22561      61.90     -64.50       0.00       0.00       0.00       0.00       1.62       0.64
     24351      61.91     -64.50       0.00       0.00       0.00       0.00       1.61       0.64
     24806      62.34     -64.83       0.00       0.00       0.00       0.00       1.56       0.64
     25776      63.44     -66.04       0.00       0.00       0.00       0.00       1.62       0.64
     26966      63.46     -66.05       0.00       0.00       0.00       0.00       1.61       0.64
     27876      63.66     -66.13       0.00       0.00       0.00       0.00       1.55       0.64
     28616      63.66     -66.15       0.00       0.00       0.00       0.00       1.56       0.64
     28731      63.80     -66.17       0.00       0.00       0.00       0.00       1.50       0.64
     28971      64.34     -66.89       0.00       0.00       0.00       0.00       1.60       0.64
     32411      64.66     -67.06       0.00       0.00       0.00       0.00       1.52       0.64
     35940      65.14     -67.56       0.00       0.00       0.00       0.00       1.53       0.64
     37025      65.16     -67.58       0.00       0.00       0.00       0.00       1.53       0.64
     43926      65.26     -67.64       0.00       0.00       0.00       0.00       1.51       0.64
     44181      65.28     -67.65       0.00       0.00       0.00       0.00       1.51       0.64
     47480      65.30     -67.66       0.00       0.00       0.00       0.00       1.50       0.64
     49940      65.33     -67.70       0.00       0.00       0.00       0.00       1.50       0.64
     51211      65.45     -67.72       0.00       0.00       0.00       0.00       1.45       0.64
     53605      65.46     -67.73       0.00       0.00       0.00       0.00       1.45       0.64
     59515      65.47     -67.74       0.00       0.00       0.00       0.00       1.45       0.63
     60050      65.47     -67.74       0.00       0.00       0.00       0.00       1.45       0.63
     62940      66.13     -67.67       0.28       0.00       0.00       0.00       1.51       0.63
     64635      66.25     -67.74       0.26       0.00       0.00       0.00       1.45       0.63
     66250      66.26     -67.72       0.26       0.00       0.00       0.00       1.44       0.63
     67155      66.28     -67.71       0.27       0.00       0.00       0.00       1.44       0.63
     67741      66.28     -67.74       0.26       0.00       0.00       0.00       1.44       0.63
--------------------------------------------------------------------------------
Best docking solution after GA:
     68000      66.28     -67.74       0.26       0.00       0.00       0.00       1.44       0.63

#ops:      68000 #mutates:  32351 #cross:    32282 #migrate:   3367 
#dups:     18991 #niche:    45831 #errors:     231 
--------------------------------------------------------------------------------

Doing AMOEBA simplex on best individual
Done simplexing #iterations 986, best score  71.96

Ligand is stored in gold_soln_3ny9_m1_4.mol2


--------------------------------------------------------------------------------
--- CHEMPLP breakdown of terms                                               ---
--------------------------------------------------------------------------------
CHEMPLP = - ( 1.0000*S(PLP) + -3.0000*S(hbond) + -6.0000*S(metal) + -3.0000*S(cho) )

Score = CHEMPLP - 1.0000*DE(clash) - 2.0000*DE(tors)

Internal energy term has been corrected with the best internal energy encountered.

--------------------------------------------------------------------------------


     Score     S(PLP)   S(hbond)     S(cho)   S(metal)  DE(clash)   DE(tors)     intcor
     71.96     -69.93       1.00       0.00       0.00       0.00       0.80       0.63

--------------------------------------------------------------------------------
--- PLP analysis of protein-ligand interactions                              ---
--------------------------------------------------------------------------------
hydrogen bonding        :      -1.00
metal                   :       0.00
buried (polar-nonpolar) :      -8.56
nonpolar                :     -62.59
repulsive               :       0.28
--------------------------------------------------------------------------------


--------------------------------------------------------------------------------
--- ChemScore analysis of protein-ligand interactions                        ---
--------------------------------------------------------------------------------

* Hydrogen bonds                                                                
Ligand donor   11 hydrogen   31 Protein acceptor 1334 bond energy  1.00 wt 1.00


* CH..O interactions                                                            
  CH group selection                       : activated ring CH (adjacent to hetatom)

--------------------------------------------------------------------------------


--------------------------------------------------------------------------------
--- Intra-ligand clashes                                                     ---
--------------------------------------------------------------------------------

Ligand
--------------------------------------------------------------------------------


--------------------------------------------------------------------------------
--- Chromosome decoded                                                       ---
--------------------------------------------------------------------------------
Ligand Torsions
[   4    5    1    3]   -1.37    matched torsion: ester
[   3    1    8    7]   -2.13
[  22    2   21   20]  176.23
[  23   22    2   21] -176.25
[   6    4    5    1]  177.65
[  17   18    9   19]  -29.19    matched torsion: ortho-substituoed aromatic-aliphatic ether
[  20   19    9   18]   82.36
[  31   11   20   19] -108.93
[  11   20   19    9]   37.11
[   2   21   20   11]  170.40
Protein Torsions
[4175 4166 4165 4163] -130.86 
[1294 1290 1288 1285]   58.41 
[4033 4024 4023 4021] -155.80 
[1412 1408 1406 1403] -166.41 
[2830 2825 2824 2821]  -21.19 
[2723 2714 2713 2711]  102.66 
[2773 2768 2767 2764]  -64.78 
Mapping
Ligand acceptors to protein hydrogens (mapping then atom ids)
Ligand hydrogens to protein acceptors (mapping then atom ids)
Ligand shape atoms to protein points (mapping then atom ids & coords)
  1  1438 [  4->(-34.750   3.250   9.750)]
  3  2966 [ 12->(-32.500   5.500   9.000)]
  4  1892 [ 15->(-34.250   5.750   5.250)]
  5  2609 [ 16->(-33.250   6.750   6.250)]
  7  4587 [ 19->(-28.500   8.750   7.250)]
  8  4257 [ 20->(-30.250   8.750   6.750)]
  9  4389 [ 21->(-30.000  12.000   7.000)]
 10  5025 [ 22->(-27.250  11.750   5.500)]
 11  4813 [ 23->(-27.750  13.250   5.500)]
Chromosome values
Integers:
  -1   -1   -1   -1   -1   -1   -1 1437   -1 2965 1891 2608 
  -1 4586 4256 4388 5024 4812   -1 
--------------------------------------------------------------------------------

Current Ranking  1  4  3  2

Top  3 (of  4) solutions are within 1.000 RMSD, finishing docking E:/Projekt modelowanie/beta2/ligandy/3ny9.mol2.


--------------------------------------------------------------------------------

* GA execution time :                                                           
  total  4.9998 user  4.9998 sys  0.0000

--------------------------------------------------------------------------------
Fitness function evaluations: 110533

--------------------------------------------------------------------------------
--- Ranking analysis                                                         ---
--------------------------------------------------------------------------------


* Final ranked order of GA solutions:                                           
   1  4  3  2 

  _______________________________
  RMSD Matrix of RANKED solutions

        2    3    4  

   1 :  0.4  0.7  1.7
   2 :       0.8  1.8
   3 :            1.9

  Clustering method                        : complete linkage
  Structure ids in cluster table           : rank nos.
  Ordering of clusters and their members   : by rank (order if from rms_analysis)

  Distance | Clusters
   0.39    |  1  2 |  3 |  4 |
   0.81    |  1  2  3 |  4 |
   1.87    |  1  2  3  4 |
  Finished Docking Ligand                  : E:/Projekt modelowanie/beta2/ligandy/3ny9.mol2
--------------------------------------------------------------------------------

  Relative_Ligand_Energy (best encountered) :   0.633
  Relative_Ligand_Energy: fitness values have been corrected using this amount
