
--------------------------------------------------------------------------------
--- Ligand                                                                   ---
--------------------------------------------------------------------------------
  Ligand loaded from file                  : C:/Users/student/Desktop/Dokowanko/Dokowanko/beta2/ligandy/3nya.mol2
  Ligand name                              :  
  "C:\Users\porto\OneDrive\projekt\beta2\ligandy\L_3nya.pdb L_3nya.pdb 1    "

--------------------------------------------------------------------------------
  N.plc donors                             : 
  none found

  Acidic nitrogen acceptors                : 
  none found
  Sulfur acceptors                         :
  none found


  Donor atoms                              :      2
  2   3   
  Acceptor atoms                           :      3
  2   3   5   

  Hydrogens                                :  (n = 2)
  22   23   

  Lone pairs added to molecule             :      5
  Numbering                                : from 42 to 46

--------------------------------------------------------------------------------
--- Postprocessing of typing                                                 ---
--------------------------------------------------------------------------------
  Fragment file                            : C:\Program Files (x86)\CCDC/GoldSuite_2017\GOLD\gold\rotatable_bond_override.mol2
  acylurea fragment                        : no matches
  thioacylthiourea fragment                : no matches
  acylthiourea fragment                    : no matches
  thioacylurea fragment                    : no matches
  diarylamine fragment >C.ar-NH-C.ar<      : no matches
  sec-amine (1) fragment                   : no matches
  sec-amine (2) fragment                   : no matches
  sec-amine (3) fragment                   : no matches
  carboxylic ester                         : no matches

* Rotatable bonds in C:/Users/student/Des  :
  [   2    4] [   2    7] [   3    8] [   5    9] 
  [   5   10] [   7    8] [   8    9] [  15   16] 
  [  16   17] 
  No. of rotatable bonds                   :      9


* Fragments found in C:/Users/student/Des  :
  atom  10: benzene
  atom  11: benzene
  atom  12: benzene
  atom  13: benzene
  atom  14: benzene
  atom  15: benzene


* Checking torsion distributions:                                               
  Rotatable bond [11 10  5  9] matches torsion: ortho-substituoed aromatic-aliphatic ether
   C.ar ( 1H ) | C.ar ( C.ar ( 0H ) ) | O.3 | C.3 ( 2H ) 
  No. of matched torsions                  :      1

--------------------------------------------------------------------------------
--- Shape fitting atoms selection (hydrophobic atoms)                        ---
--------------------------------------------------------------------------------
  Molecule                                 : C:/Users/student/Desktop/Dokowanko/Dokowanko/beta2/ligandy/3nya.mol2
  Selection                                : carbons only
  Atom numbers                             :  (n = 13)
  1    4    6    7    8    9    11   12   13   14   
  16   17   18   


--------------------------------------------------------------------------------
--- ChemScore ligand setup summary                                           ---
--------------------------------------------------------------------------------
  ChemScore ligand acceptors               :      3
  2 3 5 
  ChemScore ligand donors                  :      2
  2 ( 22  ) 3 ( 23  ) 
  ChemScore ligand CH donors               :      0
  

  ChemScore ligand lipophilic atoms        :  (n = 15)
  1    4    6    7    8    9    10   11   12   13   
  14   15   16   17   18   

  ChemScore ligand rotatable bonds         :      9
  2   (N1 ) - 4   (C2 ): SP3_SP3_BOND
  2   (N1 ) - 7   (C4 ): SP3_SP3_BOND
  3   (O1 ) - 8   (C5 ): SP3_SP3_BOND
  5   (O2 ) - 9   (C6 ): SP3_SP3_BOND
  5   (O2 ) - 10  (C7 ): SP3_SP2_BOND
  7   (C4 ) - 8   (C5 ): SP3_SP3_BOND
  8   (C5 ) - 9   (C6 ): SP3_SP3_BOND
  15  (C12) - 16  (C13): SP3_SP2_BOND
  16  (C13) - 17  (C14): SP3_SP2_BOND

--------------------------------------------------------------------------------
--- PLP ligand setup summary                                                 ---
--------------------------------------------------------------------------------
    1    C1   C.3 NONPOLAR
    2    N1   N.3 DONACC
    3    O1   O.3 DONACC
    4    C2   C.3 NONPOLAR
    5    O2   O.3 ACCEPTOR
    6    C3   C.3 NONPOLAR
    7    C4   C.3 NONPOLAR
    8    C5   C.3 NONPOLAR
    9    C6   C.3 NONPOLAR
   10    C7  C.ar NONPOLAR
   11    C8  C.ar NONPOLAR
   12    C9  C.ar NONPOLAR
   13   C10  C.ar NONPOLAR
   14   C11  C.ar NONPOLAR
   15   C12  C.ar NONPOLAR
   16   C13   C.3 NONPOLAR
   17   C14   C.2 NONPOLAR
   18   C15   C.2 NONPOLAR

--------------------------------------------------------------------------------
--- Automatic parameter setting                                              ---
--------------------------------------------------------------------------------
  Contribution base                        :   2500
  Contribution per rotatable bond          :   6000
  Contribution per df                      :   4000
  Contribution per water                   :  10000
  Ligand rotatable bonds                   :      9
  Protein flexible side chain bonds        :      0
  Total rotatable bonds                    :      9
  Hydrophobic vol ratio (P/L)              :   0.862
  Base multiplier (polar)                  :   1.000
  Base multiplier (apolar)                 :   2.242
  Base contribution                        : 7500.000
  Fitting points                           :      5
  Estimated maxops needed (optimal)        :  62000
  Autoscale factor (in percent)            :    200
  Scaled maxops                            : 124250

--------------------------------------------------------------------------------

* Population settings                                                           
  maxops                                   : 124250
  popsiz                                   :    100
  select_pressure                          :   1.100
  n_islands                                :      5
  niche_siz                                :      2

* GA settings                                                                   
  pt_crosswt                               :     95
  allele_mutatewt                          :     95
  migratewt                                :     10

* Search settings                                                               
  start_vdw_linear_cutoff                  :   4.000
  initial_virtual_pt_match_max             :   3.000

--------------------------------------------------------------------------------

* Ligand initialisation time :                                                  
  total  0.0000 user  0.0000 sys  0.0000

--------------------------------------------------------------------------------

--------------------------------------------------------------------------------
** Docking run number  1 **
--------------------------------------------------------------------------------
  Rank fitness base is 5000.00 ; increment is 11.2233

* Initialising population(s) ...                                                
Number of constraints mappings 0
Number of constraints 0
  Population no.                           :      1
  Population size                          :    100
  Number of duplicates                     :      0
  Number of niche violations               :      0
  Number of errors                         :      1

Number of constraints mappings 0
Number of constraints 0
  Population no.                           :      2
  Population size                          :    100
  Number of duplicates                     :      0
  Number of niche violations               :      0
  Number of errors                         :      1

Number of constraints mappings 0
Number of constraints 0
  Population no.                           :      3
  Population size                          :    100
  Number of duplicates                     :      0
  Number of niche violations               :      0
  Number of errors                         :      1

Number of constraints mappings 0
Number of constraints 0
  Population no.                           :      4
  Population size                          :    100
  Number of duplicates                     :      0
  Number of niche violations               :      0

Number of constraints mappings 0
Number of constraints 0
  Population no.                           :      5
  Population size                          :    100
  Number of duplicates                     :      0
  Number of niche violations               :      0


Doing GA, no. of population(s) 5 size 100 selection pressure 1.100000

 Operation      Score     S(PLP)   S(hbond)     S(cho)   S(metal)  DE(clash)   DE(tors)     intcor
         0      22.09     -21.45       0.83       0.00       0.00       0.00       1.33       0.80
       142      27.75     -31.39       0.00       0.00       0.00       0.00       2.22       0.80
      1865      28.86     -38.01       0.80       0.00       0.00       7.24       2.55       0.80
      2878      30.78     -36.01       0.00       0.00       0.00       1.02       2.50       0.80
      3970      32.16     -37.80       0.01       0.00       0.00       1.54       2.47       0.80
      4175      32.62     -36.06       0.00       0.00       0.00       0.00       2.12       0.80
      5045      37.09     -39.10       0.26       0.00       0.00       0.00       1.79       0.80
      7031      37.49     -42.16       0.00       0.00       0.00       2.26       1.60       0.80
      7141      46.98     -46.91       0.74       0.00       0.00       0.29       1.33       0.80
     16351      47.51     -46.90       0.74       0.00       0.00       0.00       1.21       0.80
     17746      47.83     -47.27       0.74       0.00       0.00       0.00       1.23       0.80
     21286      47.91     -50.04       0.00       0.00       0.00       0.00       1.42       0.71
     22740      48.36     -47.08       1.00       0.00       0.00       0.00       1.21       0.71
     23078      50.05     -50.76       1.00       0.00       0.00       0.00       2.21       0.71
     24933      50.32     -50.94       1.00       0.00       0.00       0.00       2.17       0.71
     25074      54.30     -51.30       1.96       0.00       0.00       0.00       1.79       0.71
     25534      55.38     -52.45       1.81       0.00       0.00       0.00       1.61       0.71
     29729      55.64     -53.12       1.76       0.00       0.00       0.00       1.61       0.45
     30640      55.87     -52.56       1.99       0.00       0.00       0.00       1.55       0.45
     31599      56.30     -53.92       1.71       0.00       0.00       0.00       1.61       0.45
     32239      56.82     -54.30       1.71       0.00       0.00       0.00       1.54       0.45
     34561      56.85     -53.55       1.94       0.00       0.00       0.00       1.49       0.45
     34839      57.69     -54.32       2.00       0.00       0.00       0.00       1.54       0.45
     35724      57.78     -54.39       2.00       0.00       0.00       0.00       1.53       0.45
     38722      58.34     -55.01       1.94       0.00       0.00       0.00       1.47       0.45
     39472      59.70     -56.00       1.99       0.00       0.00       0.00       1.36       0.45
     41286      59.97     -56.34       2.00       0.00       0.00       0.00       1.41       0.45
     43107      60.04     -56.31       2.00       0.00       0.00       0.00       1.36       0.45
     43211      60.22     -56.59       2.00       0.00       0.00       0.00       1.41       0.45
     44642      60.28     -56.61       1.98       0.00       0.00       0.00       1.35       0.45
     46451      60.38     -57.33       1.81       0.00       0.00       0.00       1.41       0.45
     47176      60.39     -57.49       1.75       0.00       0.00       0.00       1.40       0.45
     47356      60.50     -57.55       1.81       0.00       0.00       0.00       1.46       0.45
     47877      60.63     -56.87       2.00       0.00       0.00       0.00       1.35       0.45
     50987      60.71     -56.96       2.00       0.00       0.00       0.00       1.35       0.45
     51442      60.77     -56.96       2.00       0.00       0.00       0.00       1.32       0.45
     52247      60.78     -57.01       2.00       0.00       0.00       0.00       1.34       0.45
     57008      60.79     -57.18       2.00       0.00       0.00       0.00       1.34       0.29
     59492      60.82     -57.29       1.96       0.00       0.00       0.00       1.32       0.29
     60491      60.87     -57.23       2.00       0.00       0.00       0.00       1.33       0.29
     63407      60.91     -57.25       1.99       0.00       0.00       0.00       1.30       0.29
     65267      60.93     -57.30       1.98       0.00       0.00       0.00       1.30       0.29
     65507      60.97     -57.24       2.00       0.00       0.00       0.00       1.28       0.29
     67572      61.07     -57.35       1.99       0.00       0.00       0.00       1.27       0.29
     69357      61.11     -57.33       2.00       0.00       0.00       0.00       1.26       0.29
--------------------------------------------------------------------------------
Best docking solution after GA:
    124250      61.11     -57.33       2.00       0.00       0.00       0.00       1.26       0.29

#ops:     124250 #mutates:  59202 #cross:    58854 #migrate:   6194 
#dups:     33929 #niche:    87178 #errors:     133 
--------------------------------------------------------------------------------

Doing AMOEBA simplex on best individual
Done simplexing #iterations 353, best score  61.26

Ligand is stored in gold_soln_3nya_m1_1.mol2


--------------------------------------------------------------------------------
--- CHEMPLP breakdown of terms                                               ---
--------------------------------------------------------------------------------
CHEMPLP = - ( 1.0000*S(PLP) + -3.0000*S(hbond) + -6.0000*S(metal) + -3.0000*S(cho) )

Score = CHEMPLP - 1.0000*DE(clash) - 2.0000*DE(tors)

Internal energy term has been corrected with the best internal energy encountered.

--------------------------------------------------------------------------------


     Score     S(PLP)   S(hbond)     S(cho)   S(metal)  DE(clash)   DE(tors)     intcor
     61.26     -57.40       2.00       0.00       0.00       0.00       1.22       0.29

--------------------------------------------------------------------------------
--- PLP analysis of protein-ligand interactions                              ---
--------------------------------------------------------------------------------
hydrogen bonding        :      -2.00
metal                   :       0.00
buried (polar-nonpolar) :      -5.39
nonpolar                :     -50.94
repulsive               :       0.00
--------------------------------------------------------------------------------


--------------------------------------------------------------------------------
--- ChemScore analysis of protein-ligand interactions                        ---
--------------------------------------------------------------------------------

* Hydrogen bonds                                                                
Ligand donor    2 hydrogen   22 Protein acceptor 4098 bond energy  1.00 wt 1.00
Ligand donor    3 hydrogen   23 Protein acceptor 1335 bond energy  1.00 wt 1.00


* CH..O interactions                                                            
  CH group selection                       : activated ring CH (adjacent to hetatom)

--------------------------------------------------------------------------------


--------------------------------------------------------------------------------
--- Intra-ligand clashes                                                     ---
--------------------------------------------------------------------------------

Ligand
--------------------------------------------------------------------------------


--------------------------------------------------------------------------------
--- Chromosome decoded                                                       ---
--------------------------------------------------------------------------------
Ligand Torsions
[   1    4    2    7] -172.94
[   4    2    7    8]  128.54
[  23    3    8    7]  177.10
[  10    5    9    8]  -77.92
[  11   10    5    9]   16.82    matched torsion: ortho-substituoed aromatic-aliphatic ether
[   2    7    8    3]  -83.11
[   3    8    9    5]  158.10
[  17   16   15   10]  125.86
[  18   17   16   15]  109.57
Protein Torsions
[4175 4166 4165 4163]    0.25 
[1294 1290 1288 1285]  126.54 
[4033 4024 4023 4021] -159.06 
[1412 1408 1406 1403] -167.09 
[2830 2825 2824 2821] -110.02 
[2723 2714 2713 2711]  134.97 
[2773 2768 2767 2764]  113.71 
Mapping
Ligand acceptors to protein hydrogens (mapping then atom ids)
Ligand hydrogens to protein acceptors (mapping then atom ids)
  1   3 [ 22->4098]
  2   2 [ 23->1335]
Ligand shape atoms to protein points (mapping then atom ids & coords)
  1  2388 [  1->(-33.500   5.000  10.250)]
  2  2368 [  4->(-33.500   4.500  10.500)]
  5  2301 [  8->(-33.750   6.500   7.500)]
  6  3960 [  9->(-31.000   8.500   7.000)]
  7  3302 [ 11->(-32.250  10.750   7.250)]
  8  4157 [ 12->(-30.750  12.000   7.750)]
 10  4545 [ 14->(-29.000  11.000   6.750)]
 11  4683 [ 16->(-28.000   9.500   6.250)]
 12  5354 [ 17->(-26.500   9.000   5.750)]
 13  5741 [ 18->(-25.750  11.000   5.500)]
Chromosome values
Integers:
  -1   -1   -1    2    1 2387 2367   -1   -1 2300 3959 3301 
4156   -1 4544 4682 5353 5740 
--------------------------------------------------------------------------------

Current Ranking  1

--------------------------------------------------------------------------------

* GA execution time :                                                           
  total  7.0006 user  7.0006 sys  0.0000

--------------------------------------------------------------------------------
Fitness function evaluations: 186926

--------------------------------------------------------------------------------
** Docking run number  2 **
--------------------------------------------------------------------------------
  Rank fitness base is 5000.00 ; increment is 11.2233

* Initialising population(s) ...                                                
Number of constraints mappings 0
Number of constraints 0
  Population no.                           :      1
  Population size                          :    100
  Number of duplicates                     :      0
  Number of niche violations               :      0

Number of constraints mappings 0
Number of constraints 0
  Population no.                           :      2
  Population size                          :    100
  Number of duplicates                     :      0
  Number of niche violations               :      0
  Number of errors                         :      2

Number of constraints mappings 0
Number of constraints 0
  Population no.                           :      3
  Population size                          :    100
  Number of duplicates                     :      0
  Number of niche violations               :      0
  Number of errors                         :      1

Number of constraints mappings 0
Number of constraints 0
  Population no.                           :      4
  Population size                          :    100
  Number of duplicates                     :      0
  Number of niche violations               :      0
  Number of errors                         :      3

Number of constraints mappings 0
Number of constraints 0
  Population no.                           :      5
  Population size                          :    100
  Number of duplicates                     :      0
  Number of niche violations               :      0
  Number of errors                         :      3


Doing GA, no. of population(s) 5 size 100 selection pressure 1.100000

 Operation      Score     S(PLP)   S(hbond)     S(cho)   S(metal)  DE(clash)   DE(tors)     intcor
         0      18.38     -22.26       1.00       0.00       0.00       2.21       2.48       0.29
       490      23.66     -31.10       0.00       0.00       0.00       4.90       1.42       0.29
       576      27.55     -35.59       0.00       0.00       0.00       5.60       1.37       0.29
      1704      28.83     -29.56       0.42       0.00       0.00       0.00       1.13       0.29
      2044      34.15     -35.74       0.13       0.00       0.00       0.00       1.13       0.29
      2263      42.23     -44.78       0.00       0.00       0.00       0.00       1.42       0.29
      4674      42.58     -45.25       0.00       0.00       0.00       0.00       1.48       0.29
      5243      44.76     -47.27       0.00       0.00       0.00       0.00       1.40       0.29
      6338      45.49     -47.42       0.00       0.00       0.00       0.00       1.11       0.29
      6598      46.86     -48.79       0.00       0.00       0.00       0.00       1.11       0.29
      7650      48.42     -50.53       0.68       0.00       0.00       0.00       2.23       0.29
     11498      49.73     -49.35       1.36       0.00       0.00       0.00       2.00       0.29
     11657      49.90     -49.40       1.36       0.00       0.00       0.00       1.94       0.29
     14082      49.98     -49.54       1.34       0.00       0.00       0.00       1.94       0.29
     14186      50.86     -51.18       1.09       0.00       0.00       0.00       1.94       0.29
     14557      51.42     -50.99       1.34       0.00       0.00       0.00       1.94       0.29
     14597      52.95     -50.91       1.87       0.00       0.00       0.00       1.93       0.29
     15252      53.67     -53.06       1.40       0.00       0.00       0.00       1.93       0.29
     17342      53.71     -53.06       1.41       0.00       0.00       0.00       1.93       0.29
     20294      54.12     -51.98       1.87       0.00       0.00       0.00       1.88       0.29
     22643      54.56     -53.21       1.67       0.00       0.00       0.00       1.98       0.29
     23264      54.61     -52.84       1.75       0.00       0.00       0.00       1.88       0.29
     24734      54.70     -52.84       1.78       0.00       0.00       0.00       1.89       0.29
     26063      54.80     -51.26       1.84       0.00       0.00       0.00       1.14       0.29
     26314      54.83     -52.54       1.92       0.00       0.00       0.00       1.88       0.29
     30678      55.55     -53.21       0.86       0.00       0.00       0.00       0.27       0.29
     33899      55.89     -53.80       0.94       0.00       0.00       0.00       0.51       0.29
     37564      56.06     -53.29       1.00       0.00       0.00       0.00       0.26       0.29
     39799      56.10     -53.31       1.00       0.00       0.00       0.00       0.25       0.29
     43473      56.12     -53.31       1.00       0.00       0.00       0.00       0.24       0.29
     44879      56.15     -53.35       1.00       0.00       0.00       0.00       0.24       0.29
     48099      56.18     -53.32       1.00       0.00       0.00       0.00       0.21       0.29
     52365      56.26     -54.11       1.00       0.00       0.00       0.00       0.56       0.27
     55122      57.68     -60.59       0.00       0.00       0.00       0.00       1.58       0.25
     56312      58.10     -61.10       0.00       0.00       0.00       0.00       1.63       0.25
     64067      58.20     -61.29       0.00       0.00       0.00       0.00       1.67       0.25
     72772      58.27     -61.15       0.00       0.00       0.00       0.00       1.57       0.25
     75467      58.30     -61.15       0.00       0.00       0.00       0.00       1.55       0.25
     87825      58.35     -59.57       0.00       0.00       0.00       0.00       0.73       0.24
     92061      58.84     -56.48       1.90       0.00       0.00       0.00       1.78       0.24
     92996      59.44     -60.60       0.00       0.00       0.00       0.00       0.70       0.24
    113446      59.45     -60.61       0.00       0.00       0.00       0.00       0.70       0.24
    114754      59.50     -60.63       0.00       0.00       0.00       0.00       0.69       0.24
    114992      59.67     -56.76       1.98       0.00       0.00       0.00       1.64       0.24
    117664      59.67     -56.95       1.88       0.00       0.00       0.00       1.58       0.24
    118219      59.70     -56.49       2.00       0.00       0.00       0.00       1.52       0.24
    118474      59.78     -57.02       1.86       0.00       0.00       0.00       1.53       0.24
    118619      60.02     -56.98       2.00       0.00       0.00       0.00       1.60       0.24
    118959      60.03     -56.98       2.00       0.00       0.00       0.00       1.60       0.24
    119702      60.09     -57.01       2.00       0.00       0.00       0.00       1.58       0.24
    120494      60.24     -57.18       1.98       0.00       0.00       0.00       1.55       0.24
    122073      60.42     -57.33       2.00       0.00       0.00       0.00       1.58       0.24
    122328      60.46     -57.34       2.00       0.00       0.00       0.00       1.56       0.24
    122688      60.56     -57.39       2.00       0.00       0.00       0.00       1.53       0.24
    123234      60.58     -57.54       1.96       0.00       0.00       0.00       1.54       0.24
    123648      60.62     -57.38       2.00       0.00       0.00       0.00       1.50       0.24
    123933      60.63     -57.65       1.94       0.00       0.00       0.00       1.53       0.24
    123962      60.66     -57.44       1.92       0.00       0.00       0.00       1.39       0.24
    124037      60.68     -57.44       1.93       0.00       0.00       0.00       1.39       0.24
    124113      60.89     -57.67       1.98       0.00       0.00       0.00       1.48       0.24
--------------------------------------------------------------------------------
Best docking solution after GA:
    124250      60.89     -57.67       1.98       0.00       0.00       0.00       1.48       0.24

#ops:     124250 #mutates:  58965 #cross:    59031 #migrate:   6254 
#dups:     49992 #niche:    86535 #errors:     130 
--------------------------------------------------------------------------------

Doing AMOEBA simplex on best individual
Done simplexing #iterations 418, best score  61.76

Ligand is stored in gold_soln_3nya_m1_2.mol2


--------------------------------------------------------------------------------
--- CHEMPLP breakdown of terms                                               ---
--------------------------------------------------------------------------------
CHEMPLP = - ( 1.0000*S(PLP) + -3.0000*S(hbond) + -6.0000*S(metal) + -3.0000*S(cho) )

Score = CHEMPLP - 1.0000*DE(clash) - 2.0000*DE(tors)

Internal energy term has been corrected with the best internal energy encountered.

--------------------------------------------------------------------------------


     Score     S(PLP)   S(hbond)     S(cho)   S(metal)  DE(clash)   DE(tors)     intcor
     61.76     -58.29       2.00       0.00       0.00       0.00       1.39       0.24

--------------------------------------------------------------------------------
--- PLP analysis of protein-ligand interactions                              ---
--------------------------------------------------------------------------------
hydrogen bonding        :      -2.00
metal                   :       0.00
buried (polar-nonpolar) :      -6.35
nonpolar                :     -50.89
repulsive               :       0.00
--------------------------------------------------------------------------------


--------------------------------------------------------------------------------
--- ChemScore analysis of protein-ligand interactions                        ---
--------------------------------------------------------------------------------

* Hydrogen bonds                                                                
Ligand donor    2 hydrogen   22 Protein acceptor 4098 bond energy  1.00 wt 1.00
Ligand donor    3 hydrogen   23 Protein acceptor 4098 bond energy  1.00 wt 1.00


* CH..O interactions                                                            
  CH group selection                       : activated ring CH (adjacent to hetatom)

--------------------------------------------------------------------------------


--------------------------------------------------------------------------------
--- Intra-ligand clashes                                                     ---
--------------------------------------------------------------------------------

Ligand
--------------------------------------------------------------------------------


--------------------------------------------------------------------------------
--- Chromosome decoded                                                       ---
--------------------------------------------------------------------------------
Ligand Torsions
[   1    4    2    7]  -58.09
[   4    2    7    8]  143.21
[  23    3    8    7]   47.01
[  10    5    9    8] -102.13
[  11   10    5    9]   30.00    matched torsion: ortho-substituoed aromatic-aliphatic ether
[   2    7    8    3]  -53.53
[   3    8    9    5]  146.43
[  17   16   15   10] -120.65
[  18   17   16   15]  179.17
Protein Torsions
[4175 4166 4165 4163] -126.87 
[1294 1290 1288 1285] -156.79 
[4033 4024 4023 4021] -155.34 
[1412 1408 1406 1403]  -75.36 
[2830 2825 2824 2821]  -26.86 
[2723 2714 2713 2711] -100.08 
[2773 2768 2767 2764]  119.25 
Mapping
Ligand acceptors to protein hydrogens (mapping then atom ids)
Ligand hydrogens to protein acceptors (mapping then atom ids)
Ligand shape atoms to protein points (mapping then atom ids & coords)
  1  2818 [  1->(-32.750   5.500   8.500)]
  2  2223 [  4->(-33.750   5.250   9.000)]
  5  3967 [  8->(-31.000   8.750   7.500)]
  6  3940 [  9->(-31.000   7.750   6.250)]
  7  3783 [ 11->(-31.500  11.000   7.250)]
 10  5021 [ 14->(-27.250  11.500   5.250)]
 11  5237 [ 16->(-26.750   9.500   5.750)]
 12  5467 [ 17->(-26.250   8.500   6.750)]
Chromosome values
Integers:
  -1   -1   -1   -1   -1 2817 2222   -1   -1 3966 3939 3782 
  -1   -1 5020 5236 5466   -1 
--------------------------------------------------------------------------------

Current Ranking  2  1

--------------------------------------------------------------------------------

* GA execution time :                                                           
  total  8.0002 user  8.0001 sys  0.0000

--------------------------------------------------------------------------------
Fitness function evaluations: 190245

--------------------------------------------------------------------------------
** Docking run number  3 **
--------------------------------------------------------------------------------
  Rank fitness base is 5000.00 ; increment is 11.2233

* Initialising population(s) ...                                                
Number of constraints mappings 0
Number of constraints 0
  Population no.                           :      1
  Population size                          :    100
  Number of duplicates                     :      0
  Number of niche violations               :      0
  Number of errors                         :      1

Number of constraints mappings 0
Number of constraints 0
  Population no.                           :      2
  Population size                          :    100
  Number of duplicates                     :      0
  Number of niche violations               :      0

Number of constraints mappings 0
Number of constraints 0
  Population no.                           :      3
  Population size                          :    100
  Number of duplicates                     :      0
  Number of niche violations               :      0

Number of constraints mappings 0
Number of constraints 0
  Population no.                           :      4
  Population size                          :    100
  Number of duplicates                     :      0
  Number of niche violations               :      0

Number of constraints mappings 0
Number of constraints 0
  Population no.                           :      5
  Population size                          :    100
  Number of duplicates                     :      0
  Number of niche violations               :      0
  Number of errors                         :      1


Doing GA, no. of population(s) 5 size 100 selection pressure 1.100000

 Operation      Score     S(PLP)   S(hbond)     S(cho)   S(metal)  DE(clash)   DE(tors)     intcor
         0      37.84     -37.17       1.00       0.00       0.00       0.00       1.29       0.24
      1719      38.25     -40.60       0.11       0.00       0.00       0.00       1.47       0.24
      4207      39.00     -40.11       0.53       0.00       0.00       0.00       1.47       0.24
      4359      44.92     -46.95       0.22       0.00       0.00       0.00       1.47       0.24
      6797      45.18     -46.83       0.32       0.00       0.00       0.00       1.43       0.24
      6977      45.22     -46.82       0.32       0.00       0.00       0.00       1.40       0.24
      7253      45.94     -48.57       0.02       0.00       0.00       0.00       1.47       0.24
      7748      47.20     -49.88       0.00       0.00       0.00       0.00       1.47       0.24
      7928      47.22     -49.91       0.00       0.00       0.00       0.00       1.47       0.24
      8302      49.35     -51.90       0.00       0.00       0.00       0.00       1.40       0.24
      8569      49.52     -52.15       0.02       0.00       0.00       0.00       1.47       0.24
      9622      50.13     -52.67       0.01       0.00       0.00       0.00       1.40       0.24
      9879      51.85     -51.63       0.99       0.00       0.00       0.17       1.41       0.24
     10844      55.51     -55.15       1.04       0.00       0.00       0.17       1.41       0.24
     11024      56.01     -55.61       1.05       0.00       0.00       0.17       1.41       0.24
     13689      57.79     -57.49       1.02       0.00       0.00       0.17       1.41       0.24
     16914      58.95     -58.73       0.99       0.00       0.00       0.17       1.41       0.24
     18274      59.14     -58.99       1.00       0.00       0.00       0.17       1.46       0.24
     18394      62.32     -60.05       1.67       0.00       0.00       0.17       1.41       0.24
     21443      62.79     -61.15       1.46       0.00       0.00       0.17       1.41       0.24
     22460      64.98     -61.47       2.02       0.00       0.00       0.17       1.30       0.24
     24635      65.22     -61.47       2.10       0.00       0.00       0.17       1.30       0.24
     25170      65.94     -61.13       2.42       0.00       0.00       0.17       1.26       0.24
     27340      66.03     -61.24       2.42       0.00       0.00       0.17       1.27       0.24
     29005      66.04     -61.45       2.34       0.00       0.00       0.17       1.25       0.24
     29849      66.91     -62.56       2.28       0.00       0.00       0.17       1.27       0.24
     32000      67.50     -62.72       2.40       0.00       0.00       0.17       1.25       0.24
     32298      67.71     -62.13       2.43       0.00       0.00       0.00       0.98       0.24
     37594      67.97     -61.26       2.78       0.00       0.00       0.00       0.93       0.24
     39248      68.04     -61.25       2.82       0.00       0.00       0.00       0.95       0.24
     40934      68.14     -61.44       2.77       0.00       0.00       0.00       0.93       0.24
     42069      68.16     -61.63       2.78       0.00       0.00       0.00       1.02       0.24
     42105      68.22     -63.20       2.49       0.00       0.00       0.17       1.26       0.24
     42408      68.32     -61.39       2.86       0.00       0.00       0.00       0.95       0.24
     43028      68.46     -61.60       2.83       0.00       0.00       0.00       0.94       0.24
     45393      68.51     -61.83       2.78       0.00       0.00       0.00       0.94       0.24
     45608      68.56     -61.65       2.85       0.00       0.00       0.00       0.94       0.24
     45898      69.00     -63.99       2.32       0.00       0.00       0.40       0.89       0.24
     50833      69.55     -63.81       2.56       0.00       0.00       0.40       0.89       0.24
     52824      69.68     -63.99       2.55       0.00       0.00       0.40       0.89       0.24
     53489      69.90     -63.13       2.90       0.00       0.00       0.40       0.89       0.24
     54253      70.07     -64.34       2.58       0.00       0.00       0.40       0.93       0.24
     54308      70.08     -64.21       2.64       0.00       0.00       0.40       0.95       0.24
     55679      70.16     -63.54       2.85       0.00       0.00       0.40       0.89       0.24
     56623      70.51     -64.69       2.64       0.00       0.00       0.40       0.97       0.24
     56983      70.52     -64.76       2.64       0.00       0.00       0.40       1.01       0.24
     57333      70.58     -64.78       2.64       0.00       0.00       0.40       0.99       0.24
     59285      70.61     -64.69       2.66       0.00       0.00       0.40       0.95       0.24
     59783      70.77     -64.91       2.64       0.00       0.00       0.40       0.96       0.24
     63173      71.12     -65.26       2.64       0.00       0.00       0.40       0.96       0.24
     66755      71.20     -65.20       2.59       0.00       0.00       0.00       1.01       0.24
     67597      71.26     -65.24       2.63       0.00       0.00       0.16       0.97       0.24
     70830      71.43     -64.58       2.88       0.00       0.00       0.00       1.01       0.24
     74144      71.44     -64.66       2.86       0.00       0.00       0.00       1.03       0.24
     74744      71.57     -65.07       2.76       0.00       0.00       0.00       1.01       0.24
     75404      71.66     -64.97       2.82       0.00       0.00       0.00       1.01       0.24
     77194      71.68     -64.99       2.82       0.00       0.00       0.00       1.01       0.24
     80534      71.69     -65.06       2.81       0.00       0.00       0.00       1.01       0.24
     81159      71.72     -65.08       2.81       0.00       0.00       0.00       1.00       0.24
     84254      71.73     -65.10       2.81       0.00       0.00       0.00       1.01       0.24
     85644      71.75     -65.08       2.82       0.00       0.00       0.00       1.02       0.24
     85947      71.79     -65.17       2.77       0.00       0.00       0.00       0.97       0.24
     86020      71.82     -65.16       2.81       0.00       0.00       0.00       1.00       0.24
     88390      71.82     -65.17       2.81       0.00       0.00       0.00       1.00       0.24
     89588      71.82     -65.17       2.77       0.00       0.00       0.00       0.95       0.24
     91044      71.83     -65.08       2.84       0.00       0.00       0.00       1.00       0.24
     91762      71.88     -65.08       2.84       0.00       0.00       0.00       0.97       0.24
     95028      71.95     -65.30       2.77       0.00       0.00       0.00       0.95       0.24
     98913      71.98     -65.33       2.77       0.00       0.00       0.00       0.96       0.24
    101588      71.98     -65.40       2.76       0.00       0.00       0.00       0.96       0.24
    106100      72.00     -65.47       2.73       0.00       0.00       0.00       0.96       0.24
    108285      72.07     -65.56       2.73       0.00       0.00       0.00       0.96       0.24
    110030      72.08     -65.56       2.75       0.00       0.00       0.00       0.98       0.24
--------------------------------------------------------------------------------
Best docking solution after GA:
    124250      72.08     -65.56       2.75       0.00       0.00       0.00       0.98       0.24

#ops:     124250 #mutates:  59171 #cross:    58911 #migrate:   6168 
#dups:     42643 #niche:    93233 #errors:     154 
--------------------------------------------------------------------------------

Doing AMOEBA simplex on best individual
Done simplexing #iterations 821, best score  74.26

Ligand is stored in gold_soln_3nya_m1_3.mol2


--------------------------------------------------------------------------------
--- CHEMPLP breakdown of terms                                               ---
--------------------------------------------------------------------------------
CHEMPLP = - ( 1.0000*S(PLP) + -3.0000*S(hbond) + -6.0000*S(metal) + -3.0000*S(cho) )

Score = CHEMPLP - 1.0000*DE(clash) - 2.0000*DE(tors)

Internal energy term has been corrected with the best internal energy encountered.

--------------------------------------------------------------------------------


     Score     S(PLP)   S(hbond)     S(cho)   S(metal)  DE(clash)   DE(tors)     intcor
     74.26     -67.16       2.87       0.00       0.00       0.00       0.88       0.24

--------------------------------------------------------------------------------
--- PLP analysis of protein-ligand interactions                              ---
--------------------------------------------------------------------------------
hydrogen bonding        :      -4.45
metal                   :       0.00
buried (polar-nonpolar) :      -8.20
nonpolar                :     -56.36
repulsive               :       0.01
--------------------------------------------------------------------------------


--------------------------------------------------------------------------------
--- ChemScore analysis of protein-ligand interactions                        ---
--------------------------------------------------------------------------------

* Hydrogen bonds                                                                
Ligand donor    2 hydrogen   22 Protein acceptor 1335 bond energy  1.00 wt 0.99
Ligand donor    3 hydrogen   23 Protein acceptor 1334 bond energy  1.00 wt 1.00
Protein donor 4097 hydrogen 4104 Ligand acceptor    3 bond energy  1.00 wt 0.88


* CH..O interactions                                                            
  CH group selection                       : activated ring CH (adjacent to hetatom)

--------------------------------------------------------------------------------


--------------------------------------------------------------------------------
--- Intra-ligand clashes                                                     ---
--------------------------------------------------------------------------------

Ligand
--------------------------------------------------------------------------------


--------------------------------------------------------------------------------
--- Chromosome decoded                                                       ---
--------------------------------------------------------------------------------
Ligand Torsions
[   1    4    2    7]   67.10
[   4    2    7    8] -144.30
[  23    3    8    7]  -57.08
[  10    5    9    8] -170.25
[  11   10    5    9]   -4.97    matched torsion: ortho-substituoed aromatic-aliphatic ether
[   2    7    8    3]  -37.71
[   3    8    9    5]  173.94
[  17   16   15   10] -142.48
[  18   17   16   15] -116.36
Protein Torsions
[4175 4166 4165 4163]  -26.75 
[1294 1290 1288 1285]   70.34 
[4033 4024 4023 4021]  -26.64 
[1412 1408 1406 1403]  167.66 
[2830 2825 2824 2821]  117.58 
[2723 2714 2713 2711]  165.60 
[2773 2768 2767 2764]   84.34 
Mapping
Ligand acceptors to protein hydrogens (mapping then atom ids)
Ligand hydrogens to protein acceptors (mapping then atom ids)
  1   2 [ 22->1335]
  2   5 [ 23->1334]
Ligand shape atoms to protein points (mapping then atom ids & coords)
  2  1918 [  4->(-34.250   6.000   8.000)]
  3  2710 [  6->(-33.000   6.250   6.000)]
  4  3437 [  7->(-32.000   9.500   7.000)]
  5  4279 [  8->(-30.250  10.250   7.250)]
  6  4148 [  9->(-30.750  11.750   7.250)]
  8  5170 [ 12->(-27.000  12.250   5.500)]
  9  4727 [ 13->(-28.000  13.000   5.500)]
 10  5007 [ 14->(-27.250  10.500   6.500)]
 11  5141 [ 16->(-27.000  10.500   6.250)]
 12  5713 [ 17->(-25.750   9.500   6.000)]
 13  5818 [ 18->(-25.250   8.750   6.250)]
Chromosome values
Integers:
  -1   -1   -1    1    4   -1 1917 2709 3436 4278 4147   -1 
5169 4726 5006 5140 5712 5817 
--------------------------------------------------------------------------------

Current Ranking  3  2  1

--------------------------------------------------------------------------------

* GA execution time :                                                           
  total  7.9999 user  7.9999 sys  0.0000

--------------------------------------------------------------------------------
Fitness function evaluations: 187995

--------------------------------------------------------------------------------
** Docking run number  4 **
--------------------------------------------------------------------------------
  Rank fitness base is 5000.00 ; increment is 11.2233

* Initialising population(s) ...                                                
Number of constraints mappings 0
Number of constraints 0
  Population no.                           :      1
  Population size                          :    100
  Number of duplicates                     :      0
  Number of niche violations               :      0
  Number of errors                         :      2

Number of constraints mappings 0
Number of constraints 0
  Population no.                           :      2
  Population size                          :    100
  Number of duplicates                     :      0
  Number of niche violations               :      0
  Number of errors                         :      2

Number of constraints mappings 0
Number of constraints 0
  Population no.                           :      3
  Population size                          :    100
  Number of duplicates                     :      0
  Number of niche violations               :      0

Number of constraints mappings 0
Number of constraints 0
  Population no.                           :      4
  Population size                          :    100
  Number of duplicates                     :      0
  Number of niche violations               :      0
  Number of errors                         :      1

Number of constraints mappings 0
Number of constraints 0
  Population no.                           :      5
  Population size                          :    100
  Number of duplicates                     :      0
  Number of niche violations               :      0


Doing GA, no. of population(s) 5 size 100 selection pressure 1.100000

 Operation      Score     S(PLP)   S(hbond)     S(cho)   S(metal)  DE(clash)   DE(tors)     intcor
         0      31.37     -34.95       0.00       0.00       0.00       0.00       1.91       0.24
      1407      37.85     -38.22       1.00       0.00       0.00       0.00       1.81       0.24
      2657      38.29     -38.46       1.00       0.00       0.00       0.00       1.71       0.24
      2902      38.64     -43.46       0.00       0.00       0.00       2.36       1.35       0.24
      3562      38.88     -43.70       0.00       0.00       0.00       2.36       1.35       0.24
      5057      39.49     -39.40       1.00       0.00       0.00       0.00       1.57       0.24
      5557      39.54     -39.45       1.00       0.00       0.00       0.00       1.57       0.24
      5652      40.13     -43.15       0.00       0.00       0.00       0.00       1.63       0.24
      5763      40.81     -44.16       0.00       0.00       0.00       0.00       1.79       0.24
      5954      41.83     -45.44       0.00       0.00       0.00       0.00       1.93       0.24
      7399      41.98     -45.59       0.00       0.00       0.00       0.00       1.93       0.24
      7401      42.60     -46.20       0.00       0.00       0.00       0.00       1.92       0.24
      7454      42.73     -46.22       0.00       0.00       0.00       0.00       1.87       0.24
      7474      45.64     -46.28       0.00       0.00       0.00       0.00       0.44       0.24
      9284      45.70     -46.33       0.00       0.00       0.00       0.00       0.44       0.24
      9832      45.82     -46.86       0.00       0.00       0.00       0.00       0.64       0.24
     10263      45.95     -47.96       0.00       0.00       0.00       0.00       1.12       0.24
     11002      48.81     -50.30       0.00       0.00       0.00       0.00       0.87       0.24
     13621      49.66     -51.73       0.00       0.00       0.00       0.00       1.16       0.24
     14247      49.89     -51.97       0.00       0.00       0.00       0.00       1.16       0.24
     14738      50.72     -50.37       0.57       0.00       0.00       0.00       0.80       0.24
     14799      51.15     -52.99       0.00       0.00       0.00       0.00       1.04       0.24
     15933      58.74     -54.47       1.74       0.00       0.00       0.00       0.59       0.24
     18458      60.01     -56.10       1.73       0.00       0.00       0.00       0.76       0.24
     20043      60.37     -56.38       1.75       0.00       0.00       0.00       0.75       0.24
     22038      60.74     -56.71       1.80       0.00       0.00       0.00       0.81       0.24
     30974      60.78     -56.84       1.77       0.00       0.00       0.00       0.81       0.24
     31479      60.84     -56.87       1.80       0.00       0.00       0.00       0.83       0.24
     31705      61.69     -57.19       1.78       0.00       0.00       0.00       0.55       0.24
     32135      61.88     -57.19       1.85       0.00       0.00       0.00       0.55       0.24
     33164      62.23     -57.75       1.78       0.00       0.00       0.00       0.55       0.24
     40904      62.36     -57.78       1.79       0.00       0.00       0.00       0.52       0.24
     60799      62.65     -57.78       1.89       0.00       0.00       0.00       0.52       0.24
     77868      62.79     -63.16       0.23       0.00       0.00       0.00       0.66       0.24
     78923      62.80     -62.25       0.51       0.00       0.00       0.00       0.61       0.24
     79673      63.18     -63.21       0.29       0.00       0.00       0.00       0.57       0.24
     86639      63.59     -62.26       0.80       0.00       0.00       0.00       0.65       0.24
    100975      63.80     -62.25       0.87       0.00       0.00       0.00       0.65       0.24
    112705      63.80     -62.26       0.87       0.00       0.00       0.00       0.65       0.24
    112927      63.82     -62.28       0.86       0.00       0.00       0.00       0.63       0.24
    115077      63.87     -63.15       0.73       0.00       0.00       0.00       0.86       0.24
    115205      64.27     -62.74       0.84       0.00       0.00       0.00       0.61       0.24
    115332      64.54     -62.27       1.11       0.00       0.00       0.00       0.65       0.24
    115541      64.55     -62.38       1.02       0.00       0.00       0.00       0.57       0.24
    116129      65.31     -62.78       1.13       0.00       0.00       0.00       0.55       0.24
    117389      65.86     -63.20       1.24       0.00       0.00       0.00       0.65       0.24
    118779      66.61     -63.85       1.27       0.00       0.00       0.00       0.65       0.24
    118813      66.69     -62.67       1.69       0.00       0.00       0.00       0.65       0.24
    119060      66.97     -64.34       1.15       0.00       0.00       0.00       0.53       0.24
    119919      67.60     -64.48       1.36       0.00       0.00       0.00       0.60       0.24
    120083      68.58     -64.77       1.67       0.00       0.00       0.00       0.71       0.24
    120178      68.64     -64.81       1.67       0.00       0.00       0.00       0.70       0.24
    120828      68.97     -65.34       1.53       0.00       0.00       0.00       0.60       0.24
    121721      69.59     -65.11       1.77       0.00       0.00       0.00       0.53       0.24
    122871      69.77     -65.40       1.68       0.00       0.00       0.00       0.45       0.24
    123946      69.81     -65.42       1.68       0.00       0.00       0.00       0.45       0.24
--------------------------------------------------------------------------------
Best docking solution after GA:
    124250      69.81     -65.42       1.68       0.00       0.00       0.00       0.45       0.24

#ops:     124250 #mutates:  59127 #cross:    58917 #migrate:   6206 
#dups:     61732 #niche:    79647 #errors:      90 
--------------------------------------------------------------------------------

Doing AMOEBA simplex on best individual
Done simplexing #iterations 1026, best score  74.19

Ligand is stored in gold_soln_3nya_m1_4.mol2


--------------------------------------------------------------------------------
--- CHEMPLP breakdown of terms                                               ---
--------------------------------------------------------------------------------
CHEMPLP = - ( 1.0000*S(PLP) + -3.0000*S(hbond) + -6.0000*S(metal) + -3.0000*S(cho) )

Score = CHEMPLP - 1.0000*DE(clash) - 2.0000*DE(tors)

Internal energy term has been corrected with the best internal energy encountered.

--------------------------------------------------------------------------------


     Score     S(PLP)   S(hbond)     S(cho)   S(metal)  DE(clash)   DE(tors)     intcor
     74.19     -68.71       2.24       0.00       0.00       0.00       0.74       0.24

--------------------------------------------------------------------------------
--- PLP analysis of protein-ligand interactions                              ---
--------------------------------------------------------------------------------
hydrogen bonding        :      -3.34
metal                   :       0.00
buried (polar-nonpolar) :      -8.19
nonpolar                :     -58.50
repulsive               :       0.00
--------------------------------------------------------------------------------


--------------------------------------------------------------------------------
--- ChemScore analysis of protein-ligand interactions                        ---
--------------------------------------------------------------------------------

* Hydrogen bonds                                                                
Ligand donor    2 hydrogen   22 Protein acceptor 1335 bond energy  1.00 wt 0.69
Ligand donor    3 hydrogen   23 Protein acceptor 1334 bond energy  1.00 wt 0.58
Protein donor 4097 hydrogen 4104 Ligand acceptor    3 bond energy  1.00 wt 0.98


* CH..O interactions                                                            
  CH group selection                       : activated ring CH (adjacent to hetatom)

--------------------------------------------------------------------------------


--------------------------------------------------------------------------------
--- Intra-ligand clashes                                                     ---
--------------------------------------------------------------------------------

Ligand
--------------------------------------------------------------------------------


--------------------------------------------------------------------------------
--- Chromosome decoded                                                       ---
--------------------------------------------------------------------------------
Ligand Torsions
[   1    4    2    7]  -57.78
[   4    2    7    8] -168.05
[  23    3    8    7]  -16.21
[  10    5    9    8]  159.76
[  11   10    5    9]    9.21    matched torsion: ortho-substituoed aromatic-aliphatic ether
[   2    7    8    3]  -42.88
[   3    8    9    5]  173.56
[  17   16   15   10]  152.45
[  18   17   16   15]  116.25
Protein Torsions
[4175 4166 4165 4163]   47.08 
[1294 1290 1288 1285]  -54.91 
[4033 4024 4023 4021] -152.31 
[1412 1408 1406 1403]  -41.43 
[2830 2825 2824 2821]   25.62 
[2723 2714 2713 2711]  170.35 
[2773 2768 2767 2764]  -65.56 
Mapping
Ligand acceptors to protein hydrogens (mapping then atom ids)
Ligand hydrogens to protein acceptors (mapping then atom ids)
Ligand shape atoms to protein points (mapping then atom ids & coords)
  2  2747 [  4->(-33.000   7.000   5.750)]
  3  2571 [  6->(-33.250   6.000   6.500)]
  4  3274 [  7->(-32.250   9.500   7.000)]
  6  3658 [  9->(-31.750  11.500   7.500)]
 10  5632 [ 14->(-26.000   9.750   6.500)]
 11  5249 [ 16->(-26.750   9.750   6.000)]
 12  5317 [ 17->(-26.500   7.500   7.000)]
 13  5833 [ 18->(-25.250   9.750   6.000)]
Chromosome values
Integers:
  -1   -1   -1   -1   -1   -1 2746 2570 3273   -1 3657   -1 
  -1   -1 5631 5248 5316 5832 
--------------------------------------------------------------------------------

Current Ranking  3  4  2  1

--------------------------------------------------------------------------------

* GA execution time :                                                           
  total  8.9998 user  8.9997 sys  0.0001

--------------------------------------------------------------------------------
Fitness function evaluations: 191145

--------------------------------------------------------------------------------
** Docking run number  5 **
--------------------------------------------------------------------------------
  Rank fitness base is 5000.00 ; increment is 11.2233

* Initialising population(s) ...                                                
Number of constraints mappings 0
Number of constraints 0
  Population no.                           :      1
  Population size                          :    100
  Number of duplicates                     :      0
  Number of niche violations               :      0
  Number of errors                         :      2

Number of constraints mappings 0
Number of constraints 0
  Population no.                           :      2
  Population size                          :    100
  Number of duplicates                     :      0
  Number of niche violations               :      0
  Number of errors                         :      1

Number of constraints mappings 0
Number of constraints 0
  Population no.                           :      3
  Population size                          :    100
  Number of duplicates                     :      0
  Number of niche violations               :      0

Number of constraints mappings 0
Number of constraints 0
  Population no.                           :      4
  Population size                          :    100
  Number of duplicates                     :      0
  Number of niche violations               :      0

Number of constraints mappings 0
Number of constraints 0
  Population no.                           :      5
  Population size                          :    100
  Number of duplicates                     :      0
  Number of niche violations               :      0


Doing GA, no. of population(s) 5 size 100 selection pressure 1.100000

 Operation      Score     S(PLP)   S(hbond)     S(cho)   S(metal)  DE(clash)   DE(tors)     intcor
         0      31.71     -37.22       0.42       0.00       0.00       3.88       1.57       0.24
      1721      35.98     -38.44       0.17       0.00       0.00       0.00       1.61       0.24
      2977      38.43     -41.33       0.00       0.00       0.00       0.00       1.57       0.24
      3047      39.37     -42.27       0.00       0.00       0.00       0.00       1.57       0.24
      4212      44.27     -46.84       0.00       0.00       0.00       0.00       1.40       0.24
      5352      44.32     -42.68       1.00       0.00       0.00       0.00       0.80       0.24
      5747      47.87     -46.22       1.00       0.00       0.00       0.00       0.80       0.24
      6782      50.76     -49.12       1.00       0.00       0.00       0.00       0.80       0.24
      7532      50.85     -49.25       1.00       0.00       0.00       0.00       0.82       0.24
     13388      50.87     -49.23       1.00       0.00       0.00       0.00       0.80       0.24
     14292      51.02     -49.48       1.00       0.00       0.00       0.00       0.85       0.24
     14732      51.13     -49.57       1.00       0.00       0.00       0.00       0.84       0.24
     15247      51.17     -49.66       1.00       0.00       0.00       0.00       0.86       0.24
     16018      51.18     -50.72       1.00       0.00       0.00       1.06       0.86       0.24
     16141      51.35     -52.92       0.00       0.00       0.00       0.00       0.91       0.24
     16563      51.95     -52.75       0.28       0.00       0.00       0.00       0.94       0.24
     17419      52.95     -51.74       0.91       0.00       0.00       0.00       0.88       0.24
     17884      52.96     -51.49       1.00       0.00       0.00       0.00       0.88       0.24
     18024      53.31     -51.84       1.00       0.00       0.00       0.00       0.88       0.24
     18271      53.31     -52.92       0.66       0.00       0.00       0.00       0.91       0.24
     18644      53.44     -52.09       0.96       0.00       0.00       0.00       0.88       0.24
     20064      53.55     -51.99       1.00       0.00       0.00       0.00       0.84       0.24
     20131      54.33     -52.64       1.00       0.00       0.00       0.00       0.78       0.24
     21051      54.36     -52.22       1.00       0.00       0.00       0.00       0.55       0.24
     21131      54.57     -52.89       1.00       0.00       0.00       0.00       0.78       0.24
     21610      54.62     -52.56       1.00       0.00       0.00       0.00       0.59       0.24
     21701      54.79     -53.10       1.00       0.00       0.00       0.00       0.78       0.24
     22207      54.97     -53.28       1.00       0.00       0.00       0.00       0.78       0.24
     22456      55.77     -53.71       1.00       0.00       0.00       0.00       0.59       0.24
     24611      55.83     -53.81       1.00       0.00       0.00       0.00       0.61       0.24
     24728      55.98     -54.21       1.00       0.00       0.00       0.00       0.73       0.24
     25696      55.99     -53.96       1.00       0.00       0.00       0.00       0.61       0.24
     26399      56.20     -54.05       1.00       0.00       0.00       0.00       0.55       0.24
     27720      56.23     -54.03       1.00       0.00       0.00       0.00       0.52       0.24
     27989      56.23     -54.45       1.00       0.00       0.00       0.00       0.73       0.24
     28161      56.24     -54.12       1.00       0.00       0.00       0.00       0.56       0.24
     28802      56.55     -54.40       1.00       0.00       0.00       0.00       0.55       0.24
     30492      56.61     -54.56       1.00       0.00       0.00       0.00       0.59       0.24
     30787      56.63     -54.60       0.93       0.00       0.00       0.00       0.50       0.24
     30791      56.73     -54.76       1.00       0.00       0.00       0.00       0.63       0.24
     33445      56.76     -54.74       1.00       0.00       0.00       0.00       0.61       0.24
     34214      56.83     -54.66       1.00       0.00       0.00       0.00       0.54       0.24
     34292      56.85     -54.74       1.00       0.00       0.00       0.00       0.56       0.24
     34758      56.86     -54.65       1.00       0.00       0.00       0.00       0.51       0.24
     35827      56.91     -54.66       1.00       0.00       0.00       0.00       0.50       0.24
     36360      57.10     -55.07       1.00       0.00       0.00       0.00       0.61       0.24
     38540      57.12     -55.05       1.00       0.00       0.00       0.00       0.58       0.24
     39245      57.16     -55.14       1.00       0.00       0.00       0.00       0.61       0.24
     40910      57.19     -55.14       1.00       0.00       0.00       0.00       0.59       0.24
     41915      57.20     -55.17       1.00       0.00       0.00       0.00       0.60       0.24
     42029      57.27     -55.26       1.00       0.00       0.00       0.00       0.62       0.24
     42124      57.31     -55.25       1.00       0.00       0.00       0.00       0.59       0.24
     43025      57.31     -55.22       1.00       0.00       0.00       0.00       0.57       0.24
     45463      57.34     -55.28       1.00       0.00       0.00       0.00       0.59       0.24
     46484      57.36     -55.36       1.00       0.00       0.00       0.00       0.62       0.24
     49874      57.36     -55.35       1.00       0.00       0.00       0.00       0.61       0.24
     50244      57.37     -55.29       1.00       0.00       0.00       0.00       0.58       0.24
     50540      57.38     -55.39       1.00       0.00       0.00       0.00       0.62       0.24
     50564      57.40     -55.37       1.00       0.00       0.00       0.00       0.60       0.24
     58275      57.43     -55.38       1.00       0.00       0.00       0.00       0.60       0.24
     58447      58.40     -54.38       1.88       0.00       0.00       0.00       0.93       0.24
     61052      58.82     -54.31       1.91       0.00       0.00       0.00       0.73       0.24
     62952      58.91     -54.34       1.91       0.00       0.00       0.00       0.70       0.24
     64407      59.15     -54.47       1.98       0.00       0.00       0.00       0.74       0.24
     67622      59.24     -54.50       1.98       0.00       0.00       0.00       0.72       0.24
     71727      59.30     -54.66       1.94       0.00       0.00       0.00       0.72       0.24
     73572      59.35     -54.66       1.94       0.00       0.00       0.00       0.69       0.24
     74922      59.36     -54.66       1.94       0.00       0.00       0.00       0.68       0.24
     76487      59.42     -54.66       1.98       0.00       0.00       0.00       0.72       0.24
     76967      59.46     -54.71       1.98       0.00       0.00       0.00       0.71       0.24
     77152      59.58     -54.87       1.98       0.00       0.00       0.00       0.73       0.24
     94982      59.63     -54.94       1.98       0.00       0.00       0.00       0.74       0.24
     95223      59.64     -54.82       1.98       0.00       0.00       0.00       0.68       0.24
    104060      59.68     -54.94       1.98       0.00       0.00       0.00       0.72       0.24
    106688      59.68     -54.89       1.98       0.00       0.00       0.00       0.69       0.24
    116499      59.68     -54.89       1.98       0.00       0.00       0.00       0.69       0.24
    116795      59.69     -54.94       1.98       0.00       0.00       0.00       0.71       0.24
--------------------------------------------------------------------------------
Best docking solution after GA:
    124250      59.69     -54.94       1.98       0.00       0.00       0.00       0.71       0.24

#ops:     124250 #mutates:  58808 #cross:    59303 #migrate:   6139 
#dups:     63293 #niche:    83520 #errors:     104 
--------------------------------------------------------------------------------

Doing AMOEBA simplex on best individual
Done simplexing #iterations 572, best score  61.24

Ligand is stored in gold_soln_3nya_m1_5.mol2


--------------------------------------------------------------------------------
--- CHEMPLP breakdown of terms                                               ---
--------------------------------------------------------------------------------
CHEMPLP = - ( 1.0000*S(PLP) + -3.0000*S(hbond) + -6.0000*S(metal) + -3.0000*S(cho) )

Score = CHEMPLP - 1.0000*DE(clash) - 2.0000*DE(tors)

Internal energy term has been corrected with the best internal energy encountered.

--------------------------------------------------------------------------------


     Score     S(PLP)   S(hbond)     S(cho)   S(metal)  DE(clash)   DE(tors)     intcor
     61.24     -55.86       2.00       0.00       0.00       0.00       0.43       0.24

--------------------------------------------------------------------------------
--- PLP analysis of protein-ligand interactions                              ---
--------------------------------------------------------------------------------
hydrogen bonding        :      -2.00
metal                   :       0.00
buried (polar-nonpolar) :      -4.25
nonpolar                :     -50.75
repulsive               :       0.04
--------------------------------------------------------------------------------


--------------------------------------------------------------------------------
--- ChemScore analysis of protein-ligand interactions                        ---
--------------------------------------------------------------------------------

* Hydrogen bonds                                                                
Ligand donor    2 hydrogen   22 Protein acceptor 4098 bond energy  1.00 wt 1.00
Protein donor 4024 hydrogen 4033 Ligand acceptor    3 bond energy  1.00 wt 1.00


* CH..O interactions                                                            
  CH group selection                       : activated ring CH (adjacent to hetatom)

--------------------------------------------------------------------------------


--------------------------------------------------------------------------------
--- Intra-ligand clashes                                                     ---
--------------------------------------------------------------------------------

Ligand
--------------------------------------------------------------------------------


--------------------------------------------------------------------------------
--- Chromosome decoded                                                       ---
--------------------------------------------------------------------------------
Ligand Torsions
[   1    4    2    7]   66.55
[   4    2    7    8] -166.47
[  23    3    8    7]  133.81
[  10    5    9    8]  179.88
[  11   10    5    9]    5.49    matched torsion: ortho-substituoed aromatic-aliphatic ether
[   2    7    8    3]   48.24
[   3    8    9    5]   37.68
[  17   16   15   10]  127.21
[  18   17   16   15]  119.24
Protein Torsions
[4175 4166 4165 4163] -108.71 
[1294 1290 1288 1285]  -53.32 
[4033 4024 4023 4021]   30.34 
[1412 1408 1406 1403] -139.42 
[2830 2825 2824 2821]   22.83 
[2723 2714 2713 2711] -145.88 
[2773 2768 2767 2764] -178.84 
Mapping
Ligand acceptors to protein hydrogens (mapping then atom ids)
Ligand hydrogens to protein acceptors (mapping then atom ids)
Ligand shape atoms to protein points (mapping then atom ids & coords)
  4  2677 [  7->(-33.000   5.250   9.000)]
  7  3996 [ 11->(-31.000  10.000   7.750)]
  9  4319 [ 13->(-30.250  12.000   6.750)]
 10  4510 [ 14->(-29.250  11.000   7.000)]
Chromosome values
Integers:
  -1   -1   -1   -1   -1   -1   -1   -1 2676   -1   -1 3995 
  -1 4318 4509   -1   -1   -1 
--------------------------------------------------------------------------------

Current Ranking  3  4  2  1  5

--------------------------------------------------------------------------------

* GA execution time :                                                           
  total  8.9997 user  8.9996 sys  0.0000

--------------------------------------------------------------------------------
Fitness function evaluations: 188374

--------------------------------------------------------------------------------
** Docking run number  6 **
--------------------------------------------------------------------------------
  Rank fitness base is 5000.00 ; increment is 11.2233

* Initialising population(s) ...                                                
Number of constraints mappings 0
Number of constraints 0
  Population no.                           :      1
  Population size                          :    100
  Number of duplicates                     :      0
  Number of niche violations               :      0

Number of constraints mappings 0
Number of constraints 0
  Population no.                           :      2
  Population size                          :    100
  Number of duplicates                     :      0
  Number of niche violations               :      0
  Number of errors                         :      1

Number of constraints mappings 0
Number of constraints 0
  Population no.                           :      3
  Population size                          :    100
  Number of duplicates                     :      0
  Number of niche violations               :      0
  Number of errors                         :      2

Number of constraints mappings 0
Number of constraints 0
  Population no.                           :      4
  Population size                          :    100
  Number of duplicates                     :      0
  Number of niche violations               :      0
  Number of errors                         :      2

Number of constraints mappings 0
Number of constraints 0
  Population no.                           :      5
  Population size                          :    100
  Number of duplicates                     :      0
  Number of niche violations               :      0
  Number of errors                         :      1


Doing GA, no. of population(s) 5 size 100 selection pressure 1.100000

 Operation      Score     S(PLP)   S(hbond)     S(cho)   S(metal)  DE(clash)   DE(tors)     intcor
         0      36.23     -37.72       0.49       0.00       0.00       0.00       1.59       0.24
      2590      36.53     -40.99       0.00       0.00       0.00       0.00       2.35       0.24
      3133      41.38     -42.71       1.78       0.00       0.00       2.49       2.20       0.24
      3237      46.58     -49.69       0.00       0.00       0.00       0.00       1.67       0.24
      4217      47.90     -49.09       0.64       0.00       0.00       0.00       1.67       0.24
      5402      48.58     -49.15       0.84       0.00       0.00       0.00       1.67       0.24
      7227      51.90     -52.01       1.00       0.00       0.00       0.00       1.67       0.24
     10547      51.96     -52.06       1.00       0.00       0.00       0.00       1.67       0.24
     10667      52.14     -52.22       1.00       0.00       0.00       0.00       1.66       0.24
     11311      52.14     -52.31       1.00       0.00       0.00       0.00       1.70       0.24
     12095      52.30     -52.62       1.00       0.00       0.00       0.00       1.78       0.24
     14241      53.14     -53.15       1.00       0.00       0.00       0.00       1.62       0.24
     15146      53.22     -53.07       1.00       0.00       0.00       0.00       1.54       0.24
     17216      53.24     -53.25       1.00       0.00       0.00       0.00       1.62       0.24
     18696      53.82     -53.67       1.00       0.00       0.00       0.00       1.54       0.24
     19317      54.08     -53.92       1.00       0.00       0.00       0.00       1.54       0.24
     20730      54.09     -53.73       1.00       0.00       0.00       0.00       1.44       0.24
     21192      54.28     -53.72       1.00       0.00       0.00       0.00       1.34       0.24
     23552      54.41     -53.88       1.00       0.00       0.00       0.00       1.35       0.24
     24837      55.10     -54.55       1.00       0.00       0.00       0.00       1.34       0.24
     26732      55.71     -55.53       1.00       0.00       0.00       0.00       1.53       0.24
     27802      55.80     -55.54       1.00       0.00       0.00       0.00       1.49       0.24
     27807      56.05     -55.79       1.00       0.00       0.00       0.00       1.49       0.24
     29422      56.15     -55.91       1.00       0.00       0.00       0.00       1.50       0.24
     29805      56.23     -55.71       1.00       0.00       0.00       0.00       1.36       0.24
     32935      56.41     -55.95       1.00       0.00       0.00       0.00       1.39       0.24
     34205      56.62     -56.10       1.00       0.00       0.00       0.00       1.36       0.24
     37455      56.83     -56.35       1.00       0.00       0.00       0.00       1.38       0.24
     39646      57.25     -56.71       1.00       0.00       0.00       0.00       1.35       0.24
     42386      57.29     -56.72       1.00       0.00       0.00       0.00       1.34       0.24
     43500      57.37     -56.88       1.00       0.00       0.00       0.00       1.38       0.24
     44075      57.39     -56.89       1.00       0.00       0.00       0.00       1.37       0.24
     45874      57.42     -56.91       1.00       0.00       0.00       0.00       1.36       0.24
     47098      57.81     -57.37       1.00       0.00       0.00       0.00       1.40       0.24
     51830      58.40     -61.45       0.00       0.00       0.00       0.00       1.64       0.24
     53075      58.70     -61.68       0.00       0.00       0.00       0.00       1.61       0.24
     59977      58.86     -60.97       0.39       0.00       0.00       0.00       1.76       0.24
     60512      60.33     -60.41       1.32       0.00       0.00       0.00       2.13       0.24
     66472      62.46     -62.45       1.37       0.00       0.00       0.00       2.17       0.24
     69676      63.33     -63.08       1.43       0.00       0.00       0.00       2.14       0.24
     76515      63.35     -63.01       1.43       0.00       0.00       0.00       2.10       0.24
     77602      63.64     -63.14       1.51       0.00       0.00       0.00       2.14       0.24
     82262      64.01     -63.30       1.57       0.00       0.00       0.00       2.13       0.24
     84660      64.04     -63.31       1.57       0.00       0.00       0.00       2.11       0.24
     88016      64.10     -63.30       1.60       0.00       0.00       0.00       2.13       0.24
     90619      65.91     -64.77       1.69       0.00       0.00       0.00       2.08       0.24
     95489      66.27     -64.77       1.81       0.00       0.00       0.00       2.08       0.24
    102529      66.33     -64.85       1.80       0.00       0.00       0.00       2.07       0.24
    109381      66.36     -64.76       1.81       0.00       0.00       0.00       2.03       0.24
    109386      66.40     -64.31       1.97       0.00       0.00       0.00       2.03       0.24
    110805      66.41     -64.33       1.95       0.00       0.00       0.00       2.01       0.24
    114079      66.85     -65.20       1.85       0.00       0.00       0.00       2.07       0.24
    114569      67.30     -65.18       1.99       0.00       0.00       0.00       2.04       0.24
    115959      67.61     -64.92       2.18       0.00       0.00       0.00       2.04       0.24
    116569      67.80     -65.02       2.18       0.00       0.00       0.00       2.00       0.24
    116839      68.04     -65.10       2.18       0.00       0.00       0.00       1.92       0.24
    117284      68.85     -66.13       2.21       0.00       0.00       0.00       2.07       0.24
    118519      68.89     -66.12       2.23       0.00       0.00       0.00       2.08       0.24
    120109      69.14     -66.23       2.22       0.00       0.00       0.00       2.00       0.24
    121264      69.18     -66.05       2.23       0.00       0.00       0.00       1.90       0.24
    121968      69.23     -66.22       2.24       0.00       0.00       0.00       1.98       0.24
    122089      69.36     -66.29       2.22       0.00       0.00       0.00       1.92       0.24
    123152      69.41     -66.13       2.37       0.00       0.00       0.00       2.04       0.24
    123836      69.51     -66.20       2.19       0.00       0.00       0.00       1.75       0.24
--------------------------------------------------------------------------------
Best docking solution after GA:
    124250      69.51     -66.20       2.19       0.00       0.00       0.00       1.75       0.24

#ops:     124250 #mutates:  59029 #cross:    59031 #migrate:   6190 
#dups:     41772 #niche:    90622 #errors:     141 
--------------------------------------------------------------------------------

Doing AMOEBA simplex on best individual
Done simplexing #iterations 929, best score  72.81

Ligand is stored in gold_soln_3nya_m1_6.mol2


--------------------------------------------------------------------------------
--- CHEMPLP breakdown of terms                                               ---
--------------------------------------------------------------------------------
CHEMPLP = - ( 1.0000*S(PLP) + -3.0000*S(hbond) + -6.0000*S(metal) + -3.0000*S(cho) )

Score = CHEMPLP - 1.0000*DE(clash) - 2.0000*DE(tors)

Internal energy term has been corrected with the best internal energy encountered.

--------------------------------------------------------------------------------


     Score     S(PLP)   S(hbond)     S(cho)   S(metal)  DE(clash)   DE(tors)     intcor
     72.81     -67.06       2.67       0.00       0.00       0.00       1.25       0.24

--------------------------------------------------------------------------------
--- PLP analysis of protein-ligand interactions                              ---
--------------------------------------------------------------------------------
hydrogen bonding        :      -4.23
metal                   :       0.00
buried (polar-nonpolar) :      -8.41
nonpolar                :     -56.28
repulsive               :       0.01
--------------------------------------------------------------------------------


--------------------------------------------------------------------------------
--- ChemScore analysis of protein-ligand interactions                        ---
--------------------------------------------------------------------------------

* Hydrogen bonds                                                                
Ligand donor    2 hydrogen   22 Protein acceptor 1335 bond energy  1.00 wt 0.76
Ligand donor    3 hydrogen   23 Protein acceptor 1334 bond energy  1.00 wt 1.00
Protein donor 4097 hydrogen 4104 Ligand acceptor    3 bond energy  1.00 wt 0.91


* CH..O interactions                                                            
  CH group selection                       : activated ring CH (adjacent to hetatom)

--------------------------------------------------------------------------------


--------------------------------------------------------------------------------
--- Intra-ligand clashes                                                     ---
--------------------------------------------------------------------------------

Ligand
--------------------------------------------------------------------------------


--------------------------------------------------------------------------------
--- Chromosome decoded                                                       ---
--------------------------------------------------------------------------------
Ligand Torsions
[   1    4    2    7]  -73.52
[   4    2    7    8]  179.83
[  23    3    8    7]  -96.66
[  10    5    9    8] -163.82
[  11   10    5    9]   16.44    matched torsion: ortho-substituoed aromatic-aliphatic ether
[   2    7    8    3]  -11.46
[   3    8    9    5]  166.38
[  17   16   15   10] -130.33
[  18   17   16   15] -118.80
Protein Torsions
[4175 4166 4165 4163]  134.85 
[1294 1290 1288 1285]  122.56 
[4033 4024 4023 4021]  151.49 
[1412 1408 1406 1403]  -83.46 
[2830 2825 2824 2821]  -97.42 
[2723 2714 2713 2711]  163.71 
[2773 2768 2767 2764]   22.51 
Mapping
Ligand acceptors to protein hydrogens (mapping then atom ids)
Ligand hydrogens to protein acceptors (mapping then atom ids)
Ligand shape atoms to protein points (mapping then atom ids & coords)
  2  1901 [  4->(-34.250   5.750   7.500)]
  3  1746 [  6->(-34.500   6.250   7.000)]
  4  3104 [  7->(-32.500   9.000   7.250)]
  5  3768 [  8->(-31.500  10.500   8.000)]
  6  4090 [  9->(-30.750   9.750   6.500)]
 10  5295 [ 14->(-26.750  11.500   5.750)]
 11  5492 [ 16->(-26.250   9.250   6.250)]
 12  5492 [ 17->(-26.250   9.250   6.250)]
Chromosome values
Integers:
  -1   -1   -1   -1   -1   -1 1900 1745 3103 3767 4089   -1 
  -1   -1 5294 5491 5491   -1 
--------------------------------------------------------------------------------

Current Ranking  3  4  6  2  1  5

Top  3 (of  6) solutions are within 1.000 RMSD, finishing docking C:/Users/student/Desktop/Dokowanko/Dokowanko/beta2/ligandy/3nya.mol2.


--------------------------------------------------------------------------------

* GA execution time :                                                           
  total  8.0004 user  8.0003 sys  0.0001

--------------------------------------------------------------------------------
Fitness function evaluations: 190456

--------------------------------------------------------------------------------
--- Ranking analysis                                                         ---
--------------------------------------------------------------------------------


* Final ranked order of GA solutions:                                           
   3  4  6  2  1  5 

  _______________________________
  RMSD Matrix of RANKED solutions

        2    3    4    5    6  

   1 :  0.9  0.8  2.2  3.3  3.8
   2 :       0.6  2.5  3.6  4.1
   3 :            2.1  3.3  3.8
   4 :                 1.7  2.1
   5 :                      1.6

  Clustering method                        : complete linkage
  Structure ids in cluster table           : rank nos.
  Ordering of clusters and their members   : by rank (order if from rms_analysis)

  Distance | Clusters
   0.64    |  1 |  2  3 |  4 |  5 |  6 |
   0.87    |  1  2  3 |  4 |  5 |  6 |
   1.57    |  1  2  3 |  4 |  5  6 |
   2.15    |  1  2  3 |  4  5  6 |
   4.07    |  1  2  3  4  5  6 |
  Finished Docking Ligand                  : C:/Users/student/Desktop/Dokowanko/Dokowanko/beta2/ligandy/3nya.mol2
--------------------------------------------------------------------------------

  Relative_Ligand_Energy (best encountered) :   0.240
  Relative_Ligand_Energy: fitness values have been corrected using this amount
