
--------------------------------------------------------------------------------
--- Ligand                                                                   ---
--------------------------------------------------------------------------------
  Ligand loaded from file                  : E:/Projekt modelowanie/beta2/ligandy/4ldo.mol2
  Ligand name                              :  
  "C:\Users\porto\OneDrive\projekt\beta2\ligandy\L_4ldo.pdb L_4ldo.pdb 1    "

--------------------------------------------------------------------------------
  N.plc donors                             : 
  none found

  Acidic nitrogen acceptors                : 
  none found
  Sulfur acceptors                         :
  none found


  Donor atoms                              :      4
  2   3   5   7   
  Acceptor atoms                           :      4
  2   3   5   7   

  Hydrogens                                :  (n = 4)
  14   15   17   18   

  Lone pairs added to molecule             :      7
  Numbering                                : from 27 to 33

  Free ring corners                        : 
  

--------------------------------------------------------------------------------
--- Match Ring Templates                                                     ---
--------------------------------------------------------------------------------

  Ring torsional energy                    : on

  Number of matched rings                  :      0

--------------------------------------------------------------------------------

  Flippable nitrogens in E:/Projekt modelowanie/beta2/ligandy/4ldo.mol2: 2Nitrogen number 2
Rotation X atom: 12 Y atom 13
Number of rotatable atoms = 2
Atoms to rotate: 14, 27, 
Virtual hydrogens to rotate: 1, 
Virtual lps to rotate: 1, 


--------------------------------------------------------------------------------
--- Postprocessing of typing                                                 ---
--------------------------------------------------------------------------------
  Fragment file                            : C:\Program Files (x86)\CCDC/GoldSuite_2017\GOLD\gold\rotatable_bond_override.mol2
  acylurea fragment                        : no matches
  thioacylthiourea fragment                : no matches
  acylthiourea fragment                    : no matches
  thioacylurea fragment                    : no matches
  diarylamine fragment >C.ar-NH-C.ar<      : no matches
  sec-amine (1) fragment                   : no matches
  sec-amine (2) fragment                   : no matches
  sec-amine (3) fragment                   : no matches
  carboxylic ester                         : no matches

* Rotatable bonds in E:/Projekt modelowan  :
  [   1   11] [   2   12] [   3    6] [   5    8] 
  [   7   11] [  11   12] 
  No. of rotatable bonds                   :      6


* Fragments found in E:/Projekt modelowan  :
  atom   1: benzene
  atom   4: benzene
  atom   6: benzene
  atom   8: benzene
  atom   9: benzene
  atom  10: benzene


* Checking torsion distributions:                                               
  No. of matched torsions                  :      0

--------------------------------------------------------------------------------
--- Shape fitting atoms selection (hydrophobic atoms)                        ---
--------------------------------------------------------------------------------
  Molecule                                 : E:/Projekt modelowanie/beta2/ligandy/4ldo.mol2
  Selection                                : carbons only
  Atom numbers                             :  (n = 6)
  4    9    10   11   12   13   


--------------------------------------------------------------------------------
--- ChemScore ligand setup summary                                           ---
--------------------------------------------------------------------------------
  ChemScore ligand acceptors               :      4
  2 3 5 7 
  ChemScore ligand donors                  :      4
  2 ( 14  ) 3 ( 15  ) 5 ( 17  ) 7 ( 18  ) 
  ChemScore ligand CH donors               :      0
  

  ChemScore ligand lipophilic atoms        :  (n = 9)
  1    4    6    8    9    10   11   12   13   

  ChemScore ligand rotatable bonds         :      6
  1   (C1 ) - 11  (C7 ): SP3_SP2_BOND
  2   (N1 ) - 12  (C8 ): SP3_SP3_BOND
  3   (O1 ) - 6   (C3 ): SP3_SP2_BOND
  5   (O2 ) - 8   (C4 ): SP3_SP2_BOND
  7   (O3 ) - 11  (C7 ): SP3_SP3_BOND
  11  (C7 ) - 12  (C8 ): SP3_SP3_BOND

--------------------------------------------------------------------------------
--- PLP ligand setup summary                                                 ---
--------------------------------------------------------------------------------
    1    C1  C.ar NONPOLAR
    2    N1   N.3 DONACC
    3    O1   O.3 DONACC
    4    C2  C.ar NONPOLAR
    5    O2   O.3 DONACC
    6    C3  C.ar NONPOLAR
    7    O3   O.3 DONACC
    8    C4  C.ar NONPOLAR
    9    C5  C.ar NONPOLAR
   10    C6  C.ar NONPOLAR
   11    C7   C.3 NONPOLAR
   12    C8   C.3 NONPOLAR
   13    C9   C.3 NONPOLAR

--------------------------------------------------------------------------------
--- Automatic parameter setting                                              ---
--------------------------------------------------------------------------------
  Contribution base                        :   2500
  Contribution per rotatable bond          :   6000
  Contribution per df                      :   4000
  Contribution per water                   :  10000
  Ligand rotatable bonds                   :      6
  Protein flexible side chain bonds        :      0
  Total rotatable bonds                    :      6
  Hydrophobic vol ratio (P/L)              :   1.869
  Base multiplier (polar)                  :   1.600
  Base multiplier (apolar)                 :   2.242
  Base contribution                        : 7500.000
  Fitting points                           :      8
  Other degrees of freedom                 :      1
     Flipping nitrogens                    :      1
  Estimated maxops needed (optimal)        :  48000

--------------------------------------------------------------------------------

* Population settings                                                           
  maxops                                   :  48000
  popsiz                                   :    100
  select_pressure                          :   1.100
  n_islands                                :      4
  niche_siz                                :      2

* GA settings                                                                   
  pt_crosswt                               :     95
  allele_mutatewt                          :     95
  migratewt                                :     10

* Search settings                                                               
  start_vdw_linear_cutoff                  :   4.000
  initial_virtual_pt_match_max             :   3.000

--------------------------------------------------------------------------------

* Ligand initialisation time :                                                  
  total  0.0000 user  0.0000 sys  0.0000

--------------------------------------------------------------------------------

--------------------------------------------------------------------------------
** Docking run number  1 **
--------------------------------------------------------------------------------
  Rank fitness base is 5000.00 ; increment is 11.2233

* Initialising population(s) ...                                                
Number of constraints mappings 0
Number of constraints 0
  Population no.                           :      1
  Population size                          :    100
  Number of duplicates                     :      0
  Number of niche violations               :      0
  Number of errors                         :     29

Number of constraints mappings 0
Number of constraints 0
  Population no.                           :      2
  Population size                          :    100
  Number of duplicates                     :      0
  Number of niche violations               :      0
  Number of errors                         :     36

Number of constraints mappings 0
Number of constraints 0
  Population no.                           :      3
  Population size                          :    100
  Number of duplicates                     :      0
  Number of niche violations               :      0
  Number of errors                         :     16

Number of constraints mappings 0
Number of constraints 0
  Population no.                           :      4
  Population size                          :    100
  Number of duplicates                     :      0
  Number of niche violations               :      0
  Number of errors                         :     25


Doing GA, no. of population(s) 4 size 100 selection pressure 1.100000

 Operation      Score     S(PLP)   S(hbond)     S(cho)   S(metal)  DE(clash)   DE(tors)     intcor
         0      26.67     -28.10       0.15       0.00       0.00       0.48       0.82       0.07
       236      27.11     -29.71       0.00       0.00       0.00       0.00       1.33       0.07
       239      28.61     -31.15       0.56       0.00       0.00       0.76       1.77       0.07
       960      37.67     -34.70       1.77       0.00       0.00       0.60       0.91       0.07
      3032      37.67     -34.70       1.77       0.00       0.00       0.60       0.91       0.07
      4464      38.68     -35.32       1.90       0.00       0.00       0.60       0.91       0.07
      6340      40.41     -35.46       1.95       0.00       0.00       0.00       0.49       0.07
      8156      40.41     -35.46       1.95       0.00       0.00       0.00       0.49       0.07
      9096      40.55     -35.68       1.95       0.00       0.00       0.00       0.53       0.07
      9608      40.55     -35.68       1.95       0.00       0.00       0.00       0.53       0.07
     10824      40.81     -36.50       1.89       0.00       0.00       0.00       0.72       0.07
     12145      41.97     -37.34       2.11       0.00       0.00       0.00       0.89       0.07
     12231      42.30     -35.68       2.54       0.00       0.00       0.00       0.53       0.07
     12744      42.67     -36.50       2.51       0.00       0.00       0.00       0.72       0.07
     12764      42.67     -36.50       2.51       0.00       0.00       0.00       0.72       0.07
     14184      42.81     -37.32       2.47       0.00       0.00       0.00       1.00       0.07
     14632      43.00     -34.80       2.98       0.00       0.00       0.00       0.40       0.07
     16574      44.78     -37.12       3.08       0.00       0.00       0.00       0.83       0.07
     19509      45.08     -36.91       3.16       0.00       0.00       0.00       0.69       0.07
     21400      45.11     -37.84       3.11       0.00       0.00       0.00       1.07       0.07
     22860      45.27     -37.84       3.17       0.00       0.00       0.00       1.07       0.07
     24072      45.27     -38.00       3.18       0.00       0.00       0.00       1.15       0.02
     27632      45.28     -37.80       3.18       0.00       0.00       0.00       1.04       0.02
     40322      45.29     -38.22       2.61       0.00       0.00       0.00       0.39       0.02
     40569      45.93     -38.26       2.74       0.00       0.00       0.00       0.28       0.02
     44825      46.05     -38.31       2.79       0.00       0.00       0.00       0.32       0.02
     47693      46.12     -38.31       2.81       0.00       0.00       0.00       0.32       0.02
--------------------------------------------------------------------------------
Best docking solution after GA:
     48000      46.12     -38.31       2.81       0.00       0.00       0.00       0.32       0.02

#ops:      48000 #mutates:  22949 #cross:    22638 #migrate:   2413 
#dups:      9423 #niche:    29973 #errors:     180 
--------------------------------------------------------------------------------

Doing AMOEBA simplex on best individual
Done simplexing #iterations 912, best score  48.82

Ligand is stored in gold_soln_4ldo_m1_1.mol2


--------------------------------------------------------------------------------
--- CHEMPLP breakdown of terms                                               ---
--------------------------------------------------------------------------------
CHEMPLP = - ( 1.0000*S(PLP) + -3.0000*S(hbond) + -6.0000*S(metal) + -3.0000*S(cho) )

Score = CHEMPLP - 1.0000*DE(clash) - 2.0000*DE(tors)

Internal energy term has been corrected with the best internal energy encountered.

--------------------------------------------------------------------------------


     Score     S(PLP)   S(hbond)     S(cho)   S(metal)  DE(clash)   DE(tors)     intcor
     48.82     -39.93       3.07       0.00       0.00       0.00       0.17       0.02

--------------------------------------------------------------------------------
--- PLP analysis of protein-ligand interactions                              ---
--------------------------------------------------------------------------------
hydrogen bonding        :      -5.65
metal                   :       0.00
buried (polar-nonpolar) :      -5.51
nonpolar                :     -30.24
repulsive               :       0.00
--------------------------------------------------------------------------------


--------------------------------------------------------------------------------
--- ChemScore analysis of protein-ligand interactions                        ---
--------------------------------------------------------------------------------

* Hydrogen bonds                                                                
Ligand donor    3 hydrogen   15 Protein acceptor 1334 bond energy  1.00 wt 1.00
Ligand donor    5 hydrogen   17 Protein acceptor 4098 bond energy  1.00 wt 1.00
Protein donor 3760 hydrogen 3767 Ligand acceptor    7 bond energy  1.00 wt 0.37
Protein donor 2768 hydrogen 2773 Ligand acceptor    2 bond energy  1.00 wt 0.71


* CH..O interactions                                                            
  CH group selection                       : activated ring CH (adjacent to hetatom)

--------------------------------------------------------------------------------


--------------------------------------------------------------------------------
--- Intra-ligand clashes                                                     ---
--------------------------------------------------------------------------------

Ligand
--------------------------------------------------------------------------------


--------------------------------------------------------------------------------
--- Chromosome decoded                                                       ---
--------------------------------------------------------------------------------
Ligand Torsions
[   7   11    1    4]  126.18
[  13    2   12   11]  -58.04
[  15    3    6    4]  124.38
[  17    5    8    6] -118.76
[  18    7   11    1]  118.58
[   2   12   11    1]  170.83
Pyramidal nitrogens flipped: 
Pyramidal nitrogens not flipped: 2 
Protein Torsions
[4175 4166 4165 4163]  150.52 
[1294 1290 1288 1285]  -86.67 
[4033 4024 4023 4021]  122.73 
[1412 1408 1406 1403]  170.12 
[2830 2825 2824 2821]  115.00 
[2723 2714 2713 2711]   35.09 
[2773 2768 2767 2764] -127.62 
Mapping
Ligand acceptors to protein hydrogens (mapping then atom ids)
Ligand hydrogens to protein acceptors (mapping then atom ids)
  2   5 [ 15->1334]
  3   3 [ 17->4098]
Ligand shape atoms to protein points (mapping then atom ids & coords)
  3  4257 [ 10->(-30.250   8.750   6.750)]
  4  4531 [ 11->(-29.000   9.250   7.000)]
  5  5642 [ 12->(-26.000  10.250   5.750)]
Chromosome values
Integers:
  -1   -1   -1   -1   -1    4    2   -1   -1   -1 4256 4530 
5641   -1 
--------------------------------------------------------------------------------

Current Ranking  1

--------------------------------------------------------------------------------

* GA execution time :                                                           
  total  2.9997 user  2.9997 sys  0.0000

--------------------------------------------------------------------------------
Fitness function evaluations: 80312

--------------------------------------------------------------------------------
** Docking run number  2 **
--------------------------------------------------------------------------------
  Rank fitness base is 5000.00 ; increment is 11.2233

* Initialising population(s) ...                                                
Number of constraints mappings 0
Number of constraints 0
  Population no.                           :      1
  Population size                          :    100
  Number of duplicates                     :      0
  Number of niche violations               :      0
  Number of errors                         :     12

Number of constraints mappings 0
Number of constraints 0
  Population no.                           :      2
  Population size                          :    100
  Number of duplicates                     :      0
  Number of niche violations               :      0
  Number of errors                         :     22

Number of constraints mappings 0
Number of constraints 0
  Population no.                           :      3
  Population size                          :    100
  Number of duplicates                     :      0
  Number of niche violations               :      0
  Number of errors                         :     32

Number of constraints mappings 0
Number of constraints 0
  Population no.                           :      4
  Population size                          :    100
  Number of duplicates                     :      0
  Number of niche violations               :      0
  Number of errors                         :     14


Doing GA, no. of population(s) 4 size 100 selection pressure 1.100000

 Operation      Score     S(PLP)   S(hbond)     S(cho)   S(metal)  DE(clash)   DE(tors)     intcor
         0      25.11     -31.24       0.00       0.00       0.00       4.15       1.00       0.02
       112      25.27     -31.39       0.00       0.00       0.00       4.15       1.00       0.02
       608      25.45     -26.44       1.00       0.00       0.00       0.00       2.00       0.02
      1182      25.62     -25.33       2.17       0.00       0.00       4.33       0.95       0.02
      1668      26.08     -30.07       0.00       0.00       0.00       0.00       2.00       0.02
      1708      28.21     -35.18       0.00       0.00       0.00       4.01       1.49       0.02
      1920      29.05     -32.63       0.00       0.00       0.00       0.00       1.80       0.02
      2403      30.97     -33.28       0.62       0.00       0.00       0.00       2.09       0.02
      2891      32.33     -33.49       1.00       0.00       0.00       0.00       2.09       0.02
      2995      32.36     -33.74       1.00       0.00       0.00       0.00       2.20       0.02
      5080      34.49     -34.28       0.99       0.00       0.00       0.39       1.20       0.02
      5677      36.77     -37.17       1.20       0.00       0.00       0.00       2.00       0.02
      7361      36.81     -36.79       1.20       0.00       0.00       0.00       1.79       0.02
      8421      36.86     -37.17       1.23       0.00       0.00       0.00       2.00       0.02
      8449      37.00     -36.94       1.21       0.00       0.00       0.00       1.79       0.02
      9737      37.39     -35.85       1.00       0.00       0.00       0.00       0.74       0.02
      9765      39.22     -37.68       1.00       0.00       0.00       0.00       0.74       0.02
     11013      39.41     -37.60       1.00       0.00       0.00       0.00       0.60       0.02
     12465      39.54     -37.10       1.00       0.00       0.00       0.00       0.29       0.02
     13841      40.21     -36.43       1.44       0.00       0.00       0.00       0.29       0.02
     14013      40.27     -37.84       1.00       0.00       0.00       0.00       0.29       0.02
     14193      41.17     -37.10       1.54       0.00       0.00       0.00       0.29       0.02
     14893      41.17     -37.10       1.54       0.00       0.00       0.00       0.29       0.02
     15080      43.18     -37.91       1.94       0.00       0.00       0.00       0.29       0.02
     16056      43.18     -37.91       1.94       0.00       0.00       0.00       0.29       0.02
     16581      43.50     -38.06       2.00       0.00       0.00       0.00       0.29       0.02
     17141      43.50     -38.06       2.00       0.00       0.00       0.00       0.29       0.02
     17632      43.61     -38.17       2.00       0.00       0.00       0.00       0.29       0.02
     18396      44.18     -38.04       2.24       0.00       0.00       0.00       0.29       0.02
     19384      44.18     -38.04       2.24       0.00       0.00       0.00       0.29       0.02
     20323      44.78     -37.25       2.56       0.00       0.00       0.00       0.09       0.02
     20964      44.87     -38.17       2.30       0.00       0.00       0.00       0.11       0.02
     21382      44.91     -37.24       2.61       0.00       0.00       0.00       0.09       0.02
     21926      45.21     -37.32       2.66       0.00       0.00       0.00       0.06       0.02
     24230      45.27     -37.34       2.72       0.00       0.00       0.00       0.14       0.02
     24521      45.38     -38.29       2.79       0.00       0.00       0.00       0.65       0.02
     27349      45.45     -38.27       2.71       0.00       0.00       0.00       0.48       0.02
     27936      45.48     -38.30       2.72       0.00       0.00       0.00       0.51       0.02
     28885      45.76     -37.80       2.81       0.00       0.00       0.00       0.25       0.02
     28922      45.82     -37.77       2.86       0.00       0.00       0.00       0.28       0.02
     32188      45.84     -37.89       2.86       0.00       0.00       0.00       0.33       0.02
     33010      45.85     -37.83       2.84       0.00       0.00       0.00       0.26       0.02
     34903      45.86     -37.88       2.83       0.00       0.00       0.00       0.27       0.02
     35691      45.88     -35.79       3.50       0.00       0.00       0.00       0.22       0.02
     36487      45.89     -35.90       3.47       0.00       0.00       0.00       0.22       0.02
     43578      46.05     -37.86       2.90       0.00       0.00       0.00       0.27       0.01
     44066      46.05     -37.86       2.90       0.00       0.00       0.00       0.27       0.01
     45173      46.37     -37.56       3.39       0.00       0.00       0.74       0.32       0.01
     45919      46.87     -36.88       3.45       0.00       0.00       0.00       0.19       0.01
     47007      46.87     -36.88       3.45       0.00       0.00       0.00       0.19       0.01
     47831      46.88     -36.78       3.45       0.00       0.00       0.00       0.14       0.01
     47933      47.13     -37.43       3.40       0.00       0.00       0.00       0.26       0.01
--------------------------------------------------------------------------------
Best docking solution after GA:
     48000      47.13     -37.43       3.40       0.00       0.00       0.00       0.26       0.01

#ops:      48000 #mutates:  22849 #cross:    22725 #migrate:   2426 
#dups:     11900 #niche:    29366 #errors:     150 
--------------------------------------------------------------------------------

Doing AMOEBA simplex on best individual
Done simplexing #iterations 772, best score  49.16

Ligand is stored in gold_soln_4ldo_m1_2.mol2


--------------------------------------------------------------------------------
--- CHEMPLP breakdown of terms                                               ---
--------------------------------------------------------------------------------
CHEMPLP = - ( 1.0000*S(PLP) + -3.0000*S(hbond) + -6.0000*S(metal) + -3.0000*S(cho) )

Score = CHEMPLP - 1.0000*DE(clash) - 2.0000*DE(tors)

Internal energy term has been corrected with the best internal energy encountered.

--------------------------------------------------------------------------------


     Score     S(PLP)   S(hbond)     S(cho)   S(metal)  DE(clash)   DE(tors)     intcor
     49.16     -39.37       3.51       0.00       0.00       0.00       0.38       0.01

--------------------------------------------------------------------------------
--- PLP analysis of protein-ligand interactions                              ---
--------------------------------------------------------------------------------
hydrogen bonding        :      -4.00
metal                   :       0.00
buried (polar-nonpolar) :      -5.08
nonpolar                :     -31.00
repulsive               :       0.00
--------------------------------------------------------------------------------


--------------------------------------------------------------------------------
--- ChemScore analysis of protein-ligand interactions                        ---
--------------------------------------------------------------------------------

* Hydrogen bonds                                                                
Ligand donor    3 hydrogen   15 Protein acceptor 4098 bond energy  1.00 wt 1.00
Ligand donor    5 hydrogen   17 Protein acceptor 1334 bond energy  1.00 wt 1.00
Protein donor 4097 hydrogen 4104 Ligand acceptor    5 bond energy  1.00 wt 1.00
Protein donor 3760 hydrogen 3767 Ligand acceptor    7 bond energy  1.00 wt 0.51


* CH..O interactions                                                            
  CH group selection                       : activated ring CH (adjacent to hetatom)

--------------------------------------------------------------------------------


--------------------------------------------------------------------------------
--- Intra-ligand clashes                                                     ---
--------------------------------------------------------------------------------

Ligand
--------------------------------------------------------------------------------


--------------------------------------------------------------------------------
--- Chromosome decoded                                                       ---
--------------------------------------------------------------------------------
Ligand Torsions
[   7   11    1    4]  -49.17
[  13    2   12   11]  -50.66
[  15    3    6    4]  126.67
[  17    5    8    6]  -77.84
[  18    7   11    1]  145.60
[   2   12   11    1] -172.28
Pyramidal nitrogens flipped: 
Pyramidal nitrogens not flipped: 2 
Protein Torsions
[4175 4166 4165 4163]   88.75 
[1294 1290 1288 1285]   25.83 
[4033 4024 4023 4021]  114.60 
[1412 1408 1406 1403]  -28.32 
[2830 2825 2824 2821]   99.27 
[2723 2714 2713 2711]   68.18 
[2773 2768 2767 2764]  -76.00 
Mapping
Ligand acceptors to protein hydrogens (mapping then atom ids)
  3   4 [  5->4104]
Ligand hydrogens to protein acceptors (mapping then atom ids)
  2   3 [ 15->4098]
  3   5 [ 17->1334]
Ligand shape atoms to protein points (mapping then atom ids & coords)
  1  3848 [  4->(-31.250   9.000   7.000)]
  3  4243 [ 10->(-30.500  12.000   7.500)]
  4  5110 [ 11->(-27.000   9.500   7.250)]
  5  5228 [ 12->(-26.750   9.250   6.000)]
  6  5750 [ 13->(-25.500   7.750   6.500)]
Chromosome values
Integers:
  -1   -1    3   -1   -1    2    4   -1 3847   -1 4242 5109 
5227 5749 
--------------------------------------------------------------------------------

Current Ranking  2  1

--------------------------------------------------------------------------------

* GA execution time :                                                           
  total  2.0007 user  2.0007 sys  0.0000

--------------------------------------------------------------------------------
Fitness function evaluations: 79199

--------------------------------------------------------------------------------
** Docking run number  3 **
--------------------------------------------------------------------------------
  Rank fitness base is 5000.00 ; increment is 11.2233

* Initialising population(s) ...                                                
Number of constraints mappings 0
Number of constraints 0
  Population no.                           :      1
  Population size                          :    100
  Number of duplicates                     :      0
  Number of niche violations               :      0
  Number of errors                         :     24

Number of constraints mappings 0
Number of constraints 0
  Population no.                           :      2
  Population size                          :    100
  Number of duplicates                     :      0
  Number of niche violations               :      0
  Number of errors                         :     22

Number of constraints mappings 0
Number of constraints 0
  Population no.                           :      3
  Population size                          :    100
  Number of duplicates                     :      0
  Number of niche violations               :      0
  Number of errors                         :     25

Number of constraints mappings 0
Number of constraints 0
  Population no.                           :      4
  Population size                          :    100
  Number of duplicates                     :      0
  Number of niche violations               :      0
  Number of errors                         :     32


Doing GA, no. of population(s) 4 size 100 selection pressure 1.100000

 Operation      Score     S(PLP)   S(hbond)     S(cho)   S(metal)  DE(clash)   DE(tors)     intcor
         0      27.89     -30.96       1.00       0.00       0.00       4.21       0.94       0.01
        50      27.89     -30.96       1.00       0.00       0.00       4.21       0.94       0.01
       542      27.89     -30.96       1.00       0.00       0.00       4.21       0.94       0.01
       949      31.31     -34.40       1.00       0.00       0.00       0.00       3.05       0.01
      1689      31.31     -34.40       1.00       0.00       0.00       0.00       3.05       0.01
      2153      32.49     -35.58       1.00       0.00       0.00       0.00       3.05       0.01
      2289      32.49     -35.58       1.00       0.00       0.00       0.00       3.05       0.01
      3494      32.98     -29.87       1.10       0.00       0.00       0.00       0.10       0.01
      5183      35.53     -32.36       1.10       0.00       0.00       0.00       0.07       0.01
      6851      35.53     -32.36       1.10       0.00       0.00       0.00       0.07       0.01
      7863      35.69     -36.53       0.00       0.00       0.00       0.00       0.42       0.01
     10771      36.17     -36.39       0.25       0.00       0.00       0.00       0.50       0.01
     10817      36.79     -30.91       1.98       0.00       0.00       0.00       0.03       0.01
     11086      37.29     -29.20       3.64       0.00       0.00       1.43       0.70       0.01
     12444      37.41     -32.16       1.98       0.00       0.00       0.00       0.35       0.01
     16887      38.56     -35.86       2.83       0.00       0.00       5.50       0.15       0.00
     17659      39.42     -37.46       2.58       0.00       0.00       5.50       0.15       0.00
     18047      42.89     -39.04       3.21       0.00       0.00       5.50       0.15       0.00
     20728      42.96     -39.04       3.23       0.00       0.00       5.50       0.15       0.00
     21063      44.37     -41.16       3.00       0.00       0.00       5.50       0.15       0.00
     23179      44.41     -41.24       3.00       0.00       0.00       5.50       0.17       0.00
     28032      44.71     -41.58       2.99       0.00       0.00       5.17       0.34       0.00
     31370      44.71     -41.69       2.95       0.00       0.00       5.50       0.17       0.00
     32988      44.74     -41.61       2.99       0.00       0.00       5.07       0.39       0.00
     33154      44.91     -41.81       2.98       0.00       0.00       5.50       0.17       0.00
     33190      44.94     -41.81       2.98       0.00       0.00       5.50       0.17       0.00
     36987      44.99     -41.75       3.01       0.00       0.00       5.50       0.15       0.00
     37526      45.00     -41.75       3.01       0.00       0.00       5.50       0.15       0.00
     46512      45.08     -41.68       3.06       0.00       0.00       5.50       0.15       0.00
     46779      45.19     -41.54       3.14       0.00       0.00       5.50       0.15       0.00
--------------------------------------------------------------------------------
Best docking solution after GA:
     48000      45.19     -41.54       3.14       0.00       0.00       5.50       0.15       0.00

#ops:      48000 #mutates:  22681 #cross:    22909 #migrate:   2410 
#dups:      9965 #niche:    30300 #errors:     121 
--------------------------------------------------------------------------------

Doing AMOEBA simplex on best individual
Done simplexing #iterations 338, best score  45.37

Ligand is stored in gold_soln_4ldo_m1_3.mol2


--------------------------------------------------------------------------------
--- CHEMPLP breakdown of terms                                               ---
--------------------------------------------------------------------------------
CHEMPLP = - ( 1.0000*S(PLP) + -3.0000*S(hbond) + -6.0000*S(metal) + -3.0000*S(cho) )

Score = CHEMPLP - 1.0000*DE(clash) - 2.0000*DE(tors)

Internal energy term has been corrected with the best internal energy encountered.

--------------------------------------------------------------------------------


     Score     S(PLP)   S(hbond)     S(cho)   S(metal)  DE(clash)   DE(tors)     intcor
     45.37     -41.75       3.13       0.00       0.00       5.50       0.14       0.00

--------------------------------------------------------------------------------
--- PLP analysis of protein-ligand interactions                              ---
--------------------------------------------------------------------------------
hydrogen bonding        :      -4.20
metal                   :       0.00
buried (polar-nonpolar) :      -5.48
nonpolar                :     -33.18
repulsive               :       0.00
--------------------------------------------------------------------------------


--------------------------------------------------------------------------------
--- ChemScore analysis of protein-ligand interactions                        ---
--------------------------------------------------------------------------------

* Hydrogen bonds                                                                
Ligand donor    2 hydrogen   14 Protein acceptor 4098 bond energy  1.00 wt 1.00
Ligand donor    7 hydrogen   18 Protein acceptor 1334 bond energy  1.00 wt 1.00
Protein donor 4166 hydrogen 4175 Ligand acceptor    2 bond energy  1.00 wt 0.13
Protein donor 4097 hydrogen 4104 Ligand acceptor    7 bond energy  1.00 wt 1.00


* CH..O interactions                                                            
  CH group selection                       : activated ring CH (adjacent to hetatom)

--------------------------------------------------------------------------------


--------------------------------------------------------------------------------
--- Intra-ligand clashes                                                     ---
--------------------------------------------------------------------------------

Ligand
 10 (C6   ) -   7 (O3   ):   5.50 (dist   2.59)
--------------------------------------------------------------------------------


--------------------------------------------------------------------------------
--- Chromosome decoded                                                       ---
--------------------------------------------------------------------------------
Ligand Torsions
[   7   11    1    4] -178.74
[  13    2   12   11] -168.68
[  15    3    6    4]   83.15
[  17    5    8    6]   23.82
[  18    7   11    1]   61.12
[   2   12   11    1] -174.80
Pyramidal nitrogens flipped: 
Pyramidal nitrogens not flipped: 2 
Protein Torsions
[4175 4166 4165 4163] -135.17 
[1294 1290 1288 1285] -131.16 
[4033 4024 4023 4021]  -46.11 
[1412 1408 1406 1403]   56.48 
[2830 2825 2824 2821]  -77.18 
[2723 2714 2713 2711]   32.43 
[2773 2768 2767 2764] -154.69 
Mapping
Ligand acceptors to protein hydrogens (mapping then atom ids)
Ligand hydrogens to protein acceptors (mapping then atom ids)
  1   3 [ 14->4098]
  4   5 [ 18->1334]
Ligand shape atoms to protein points (mapping then atom ids & coords)
  1  4412 [  4->(-29.750  10.000   6.750)]
  2  4447 [  9->(-29.750  12.000   6.500)]
  3  4124 [ 10->(-30.750  11.000   7.500)]
  5  3613 [ 12->(-31.750  10.250   6.750)]
  6  1943 [ 13->(-34.250   6.500   7.250)]
Chromosome values
Integers:
  -1   -1   -1   -1    2   -1   -1    4 4411 4446 4123   -1 
3612 1942 
--------------------------------------------------------------------------------

Current Ranking  2  1  3

--------------------------------------------------------------------------------

* GA execution time :                                                           
  total  2.9997 user  2.9997 sys  0.0000

--------------------------------------------------------------------------------
Fitness function evaluations: 78934

--------------------------------------------------------------------------------
** Docking run number  4 **
--------------------------------------------------------------------------------
  Rank fitness base is 5000.00 ; increment is 11.2233

* Initialising population(s) ...                                                
Number of constraints mappings 0
Number of constraints 0
  Population no.                           :      1
  Population size                          :    100
  Number of duplicates                     :      0
  Number of niche violations               :      0
  Number of errors                         :     23

Number of constraints mappings 0
Number of constraints 0
  Population no.                           :      2
  Population size                          :    100
  Number of duplicates                     :      0
  Number of niche violations               :      0
  Number of errors                         :     18

Number of constraints mappings 0
Number of constraints 0
  Population no.                           :      3
  Population size                          :    100
  Number of duplicates                     :      0
  Number of niche violations               :      0
  Number of errors                         :     22

Number of constraints mappings 0
Number of constraints 0
  Population no.                           :      4
  Population size                          :    100
  Number of duplicates                     :      0
  Number of niche violations               :      0
  Number of errors                         :     28


Doing GA, no. of population(s) 4 size 100 selection pressure 1.100000

 Operation      Score     S(PLP)   S(hbond)     S(cho)   S(metal)  DE(clash)   DE(tors)     intcor
         0      31.43     -27.59       1.88       0.00       0.00       0.00       0.90       0.00
      1046      31.43     -27.59       1.88       0.00       0.00       0.00       0.90       0.00
      3797      32.30     -33.35       0.05       0.00       0.00       0.00       0.60       0.00
      3984      33.06     -31.72       1.00       0.00       0.00       0.00       0.83       0.00
      5023      35.21     -33.97       1.01       0.00       0.00       0.00       0.90       0.00
      5569      37.57     -33.36       2.00       0.00       0.00       0.00       0.90       0.00
      6314      39.31     -35.11       2.00       0.00       0.00       0.00       0.90       0.00
      6714      39.33     -35.34       1.93       0.00       0.00       0.00       0.90       0.00
      6758      39.52     -35.67       1.99       0.00       0.00       0.00       1.06       0.00
      7414      40.37     -36.17       2.00       0.00       0.00       0.00       0.90       0.00
      8381      40.39     -36.18       2.00       0.00       0.00       0.00       0.90       0.00
      8473      40.66     -36.46       2.00       0.00       0.00       0.00       0.90       0.00
     10429      40.93     -36.73       2.00       0.00       0.00       0.00       0.90       0.00
     12731      41.64     -36.40       1.98       0.00       0.00       0.00       0.34       0.00
     13387      41.98     -37.77       2.00       0.00       0.00       0.00       0.90       0.00
     15666      42.04     -36.72       2.00       0.00       0.00       0.00       0.34       0.00
     15994      42.25     -36.96       2.00       0.00       0.00       0.00       0.36       0.00
     17419      43.07     -37.76       2.00       0.00       0.00       0.00       0.34       0.00
     20569      43.12     -37.81       2.00       0.00       0.00       0.00       0.34       0.00
     24239      43.26     -37.75       2.00       0.00       0.00       0.00       0.25       0.00
     35100      43.26     -37.79       2.00       0.00       0.00       0.00       0.27       0.00
     37334      44.29     -37.91       2.18       0.00       0.00       0.00       0.08       0.00
     42580      44.44     -38.02       2.19       0.00       0.00       0.00       0.08       0.00
     43480      44.45     -38.09       2.16       0.00       0.00       0.00       0.07       0.00
     44012      44.59     -38.02       2.24       0.00       0.00       0.00       0.08       0.00
     45484      45.30     -38.13       2.44       0.00       0.00       0.00       0.08       0.00
     46148      45.40     -38.28       2.42       0.00       0.00       0.00       0.07       0.00
     47168      45.41     -38.32       2.42       0.00       0.00       0.00       0.08       0.00
--------------------------------------------------------------------------------
Best docking solution after GA:
     48000      45.41     -38.32       2.42       0.00       0.00       0.00       0.08       0.00

#ops:      48000 #mutates:  22791 #cross:    22831 #migrate:   2378 
#dups:     10189 #niche:    30182 #errors:      99 
--------------------------------------------------------------------------------

Doing AMOEBA simplex on best individual
Done simplexing #iterations 526, best score  46.92

Ligand is stored in gold_soln_4ldo_m1_4.mol2


--------------------------------------------------------------------------------
--- CHEMPLP breakdown of terms                                               ---
--------------------------------------------------------------------------------
CHEMPLP = - ( 1.0000*S(PLP) + -3.0000*S(hbond) + -6.0000*S(metal) + -3.0000*S(cho) )

Score = CHEMPLP - 1.0000*DE(clash) - 2.0000*DE(tors)

Internal energy term has been corrected with the best internal energy encountered.

--------------------------------------------------------------------------------


     Score     S(PLP)   S(hbond)     S(cho)   S(metal)  DE(clash)   DE(tors)     intcor
     46.92     -39.27       2.56       0.00       0.00       0.00       0.02       0.00

--------------------------------------------------------------------------------
--- PLP analysis of protein-ligand interactions                              ---
--------------------------------------------------------------------------------
hydrogen bonding        :      -6.47
metal                   :       0.00
buried (polar-nonpolar) :      -5.78
nonpolar                :     -28.70
repulsive               :       0.00
--------------------------------------------------------------------------------


--------------------------------------------------------------------------------
--- ChemScore analysis of protein-ligand interactions                        ---
--------------------------------------------------------------------------------

* Hydrogen bonds                                                                
Ligand donor    2 hydrogen   14 Protein acceptor 1335 bond energy  1.00 wt 1.00
Ligand donor    3 hydrogen   15 Protein acceptor 4024 bond energy  1.00 wt 0.20
Ligand donor    7 hydrogen   18 Protein acceptor 4098 bond energy  1.00 wt 1.00
Protein donor 3760 hydrogen 3767 Ligand acceptor    5 bond energy  1.00 wt 0.36


* CH..O interactions                                                            
  CH group selection                       : activated ring CH (adjacent to hetatom)

--------------------------------------------------------------------------------


--------------------------------------------------------------------------------
--- Intra-ligand clashes                                                     ---
--------------------------------------------------------------------------------

Ligand
--------------------------------------------------------------------------------


--------------------------------------------------------------------------------
--- Chromosome decoded                                                       ---
--------------------------------------------------------------------------------
Ligand Torsions
[   7   11    1    4]  120.98
[  13    2   12   11]  -60.24
[  15    3    6    4]  -43.30
[  17    5    8    6]   68.14
[  18    7   11    1]  -89.41
[   2   12   11    1]  175.73
Pyramidal nitrogens flipped: 
Pyramidal nitrogens not flipped: 2 
Protein Torsions
[4175 4166 4165 4163] -115.65 
[1294 1290 1288 1285]   40.45 
[4033 4024 4023 4021] -124.83 
[1412 1408 1406 1403]   22.40 
[2830 2825 2824 2821] -172.98 
[2723 2714 2713 2711]  -38.91 
[2773 2768 2767 2764]    9.60 
Mapping
Ligand acceptors to protein hydrogens (mapping then atom ids)
Ligand hydrogens to protein acceptors (mapping then atom ids)
  1   2 [ 14->1335]
  2   6 [ 15->4024]
  4   3 [ 18->4098]
Ligand shape atoms to protein points (mapping then atom ids & coords)
  4  2907 [ 11->(-32.750   7.500   7.000)]
Chromosome values
Integers:
  -1   -1   -1   -1    1    5   -1    2   -1   -1   -1 2906 
  -1   -1 
--------------------------------------------------------------------------------

Current Ranking  2  1  4  3

--------------------------------------------------------------------------------

* GA execution time :                                                           
  total  2.9997 user  2.9997 sys  0.0001

--------------------------------------------------------------------------------
Fitness function evaluations: 79558

--------------------------------------------------------------------------------
** Docking run number  5 **
--------------------------------------------------------------------------------
  Rank fitness base is 5000.00 ; increment is 11.2233

* Initialising population(s) ...                                                
Number of constraints mappings 0
Number of constraints 0
  Population no.                           :      1
  Population size                          :    100
  Number of duplicates                     :      0
  Number of niche violations               :      0
  Number of errors                         :     19

Number of constraints mappings 0
Number of constraints 0
  Population no.                           :      2
  Population size                          :    100
  Number of duplicates                     :      0
  Number of niche violations               :      0
  Number of errors                         :     23

Number of constraints mappings 0
Number of constraints 0
  Population no.                           :      3
  Population size                          :    100
  Number of duplicates                     :      0
  Number of niche violations               :      0
  Number of errors                         :     22

Number of constraints mappings 0
Number of constraints 0
  Population no.                           :      4
  Population size                          :    100
  Number of duplicates                     :      0
  Number of niche violations               :      0
  Number of errors                         :     22


Doing GA, no. of population(s) 4 size 100 selection pressure 1.100000

 Operation      Score     S(PLP)   S(hbond)     S(cho)   S(metal)  DE(clash)   DE(tors)     intcor
         0      29.22     -29.90       1.00       0.00       0.00       0.93       1.38       0.00
       160      29.22     -29.90       1.00       0.00       0.00       0.93       1.38       0.00
       385      29.22     -29.90       1.00       0.00       0.00       0.93       1.38       0.00
      1841      29.35     -29.98       1.00       0.00       0.00       0.00       1.82       0.00
      2498      30.37     -32.89       0.07       0.00       0.00       0.00       1.37       0.00
      3878      30.51     -30.77       0.00       0.00       0.00       0.00       0.13       0.00
      4031      31.91     -35.44       1.48       0.00       0.00       3.20       2.39       0.00
      4147      35.78     -33.91       1.80       0.00       0.00       0.00       1.77       0.00
      5295      36.73     -35.52       1.73       0.00       0.00       0.00       2.00       0.00
      6059      36.73     -35.52       1.73       0.00       0.00       0.00       2.00       0.00
      6133      38.16     -37.11       1.63       0.00       0.00       0.00       1.92       0.00
      6167      38.87     -36.87       1.73       0.00       0.00       0.00       1.60       0.00
      7125      39.37     -37.45       1.78       0.00       0.00       0.00       1.72       0.00
      9055      39.40     -36.16       1.46       0.00       0.00       0.00       0.58       0.00
     10242      40.32     -36.60       1.36       0.00       0.00       0.00       0.19       0.00
     10543      41.06     -37.04       1.46       0.00       0.00       0.00       0.19       0.00
     11346      41.55     -37.52       1.47       0.00       0.00       0.00       0.19       0.00
     11554      42.49     -38.39       1.49       0.00       0.00       0.00       0.19       0.00
     12834      42.65     -38.54       1.54       0.00       0.00       0.00       0.25       0.00
     13800      43.25     -37.05       2.37       0.00       0.00       0.00       0.46       0.00
     13801      43.45     -34.94       2.96       0.00       0.00       0.00       0.19       0.00
     18943      43.69     -40.05       1.90       0.00       0.00       0.00       1.04       0.00
     19919      45.07     -37.28       2.90       0.00       0.00       0.00       0.46       0.00
     22203      45.72     -37.83       2.93       0.00       0.00       0.00       0.46       0.00
     24335      45.90     -37.55       3.09       0.00       0.00       0.00       0.46       0.00
     25611      45.90     -37.55       3.09       0.00       0.00       0.00       0.46       0.00
     26887      46.05     -37.95       3.07       0.00       0.00       0.00       0.56       0.00
     27230      46.05     -37.27       3.23       0.00       0.00       0.00       0.46       0.00
     27579      46.08     -37.78       3.07       0.00       0.00       0.00       0.46       0.00
     28539      46.43     -38.53       2.94       0.00       0.00       0.00       0.46       0.00
     31958      46.60     -37.37       3.38       0.00       0.00       0.00       0.46       0.00
     33291      46.74     -38.53       3.04       0.00       0.00       0.00       0.46       0.00
     33887      47.08     -38.53       3.15       0.00       0.00       0.00       0.46       0.00
     34947      47.20     -38.66       3.19       0.00       0.00       0.00       0.51       0.00
     36674      47.27     -38.98       3.20       0.00       0.00       0.00       0.66       0.00
     38062      47.27     -38.98       3.20       0.00       0.00       0.00       0.66       0.00
     39319      47.33     -38.79       3.22       0.00       0.00       0.00       0.56       0.00
     39406      47.34     -38.89       3.19       0.00       0.00       0.00       0.56       0.00
     39699      47.72     -38.42       3.47       0.00       0.00       0.00       0.56       0.00
     40570      47.81     -38.37       3.46       0.00       0.00       0.00       0.47       0.00
     40686      47.81     -38.37       3.46       0.00       0.00       0.00       0.47       0.00
     40778      48.24     -38.51       3.55       0.00       0.00       0.00       0.47       0.00
     42501      48.26     -38.51       3.56       0.00       0.00       0.00       0.47       0.00
     43718      48.32     -38.59       3.55       0.00       0.00       0.00       0.47       0.00
     43842      48.35     -38.59       3.56       0.00       0.00       0.00       0.47       0.00
     44018      48.35     -38.59       3.56       0.00       0.00       0.00       0.47       0.00
     44517      48.40     -38.26       3.58       0.00       0.00       0.00       0.30       0.00
     45002      48.42     -38.67       3.56       0.00       0.00       0.00       0.47       0.00
     46150      48.45     -38.70       3.56       0.00       0.00       0.00       0.47       0.00
     46235      48.48     -38.38       3.56       0.00       0.00       0.00       0.30       0.00
     46663      48.48     -38.38       3.56       0.00       0.00       0.00       0.30       0.00
     47415      48.51     -38.49       3.56       0.00       0.00       0.00       0.33       0.00
--------------------------------------------------------------------------------
Best docking solution after GA:
     48000      48.51     -38.49       3.56       0.00       0.00       0.00       0.33       0.00

#ops:      48000 #mutates:  22764 #cross:    22867 #migrate:   2369 
#dups:     10642 #niche:    32018 #errors:     102 
--------------------------------------------------------------------------------

Doing AMOEBA simplex on best individual
Done simplexing #iterations 404, best score  49.15

Ligand is stored in gold_soln_4ldo_m1_5.mol2


--------------------------------------------------------------------------------
--- CHEMPLP breakdown of terms                                               ---
--------------------------------------------------------------------------------
CHEMPLP = - ( 1.0000*S(PLP) + -3.0000*S(hbond) + -6.0000*S(metal) + -3.0000*S(cho) )

Score = CHEMPLP - 1.0000*DE(clash) - 2.0000*DE(tors)

Internal energy term has been corrected with the best internal energy encountered.

--------------------------------------------------------------------------------


     Score     S(PLP)   S(hbond)     S(cho)   S(metal)  DE(clash)   DE(tors)     intcor
     49.15     -39.19       3.54       0.00       0.00       0.00       0.34       0.00

--------------------------------------------------------------------------------
--- PLP analysis of protein-ligand interactions                              ---
--------------------------------------------------------------------------------
hydrogen bonding        :      -4.00
metal                   :       0.00
buried (polar-nonpolar) :      -5.50
nonpolar                :     -31.06
repulsive               :       0.00
--------------------------------------------------------------------------------


--------------------------------------------------------------------------------
--- ChemScore analysis of protein-ligand interactions                        ---
--------------------------------------------------------------------------------

* Hydrogen bonds                                                                
Ligand donor    3 hydrogen   15 Protein acceptor 4098 bond energy  1.00 wt 1.00
Ligand donor    5 hydrogen   17 Protein acceptor 1334 bond energy  1.00 wt 1.00
Protein donor 4097 hydrogen 4104 Ligand acceptor    5 bond energy  1.00 wt 1.00
Protein donor 3760 hydrogen 3767 Ligand acceptor    7 bond energy  1.00 wt 0.54


* CH..O interactions                                                            
  CH group selection                       : activated ring CH (adjacent to hetatom)

--------------------------------------------------------------------------------


--------------------------------------------------------------------------------
--- Intra-ligand clashes                                                     ---
--------------------------------------------------------------------------------

Ligand
--------------------------------------------------------------------------------


--------------------------------------------------------------------------------
--- Chromosome decoded                                                       ---
--------------------------------------------------------------------------------
Ligand Torsions
[   7   11    1    4]  -53.32
[  13    2   12   11]  -53.56
[  15    3    6    4]  108.28
[  17    5    8    6]  -86.36
[  18    7   11    1]   74.52
[   2   12   11    1] -166.91
Pyramidal nitrogens flipped: 2 
Pyramidal nitrogens not flipped: 
Protein Torsions
[4175 4166 4165 4163] -161.81 
[1294 1290 1288 1285] -177.60 
[4033 4024 4023 4021]  -56.79 
[1412 1408 1406 1403]  174.30 
[2830 2825 2824 2821] -141.95 
[2723 2714 2713 2711]  176.20 
[2773 2768 2767 2764] -106.15 
Mapping
Ligand acceptors to protein hydrogens (mapping then atom ids)
  3   4 [  5->4104]
Ligand hydrogens to protein acceptors (mapping then atom ids)
  3   5 [ 17->1334]
Ligand shape atoms to protein points (mapping then atom ids & coords)
  1  4259 [  4->(-30.250   8.750   7.250)]
  2  4135 [  9->(-30.750  11.250   8.250)]
  3  4575 [ 10->(-28.750  10.750   7.000)]
  4  4646 [ 11->(-28.250  10.750   6.750)]
  5  5087 [ 12->(-27.000   9.000   6.500)]
  6  5464 [ 13->(-26.250   8.500   6.000)]
Chromosome values
Integers:
  -1   -1    3   -1   -1   -1    4   -1 4258 4134 4574 4645 
5086 5463 
--------------------------------------------------------------------------------

Current Ranking  2  5  1  4  3

--------------------------------------------------------------------------------

* GA execution time :                                                           
  total  2.0008 user  2.0007 sys  0.0000

--------------------------------------------------------------------------------
Fitness function evaluations: 79003

--------------------------------------------------------------------------------
** Docking run number  6 **
--------------------------------------------------------------------------------
  Rank fitness base is 5000.00 ; increment is 11.2233

* Initialising population(s) ...                                                
Number of constraints mappings 0
Number of constraints 0
  Population no.                           :      1
  Population size                          :    100
  Number of duplicates                     :      0
  Number of niche violations               :      0
  Number of errors                         :     25

Number of constraints mappings 0
Number of constraints 0
  Population no.                           :      2
  Population size                          :    100
  Number of duplicates                     :      0
  Number of niche violations               :      0
  Number of errors                         :     24

Number of constraints mappings 0
Number of constraints 0
  Population no.                           :      3
  Population size                          :    100
  Number of duplicates                     :      0
  Number of niche violations               :      0
  Number of errors                         :     23

Number of constraints mappings 0
Number of constraints 0
  Population no.                           :      4
  Population size                          :    100
  Number of duplicates                     :      0
  Number of niche violations               :      0
  Number of errors                         :     25


Doing GA, no. of population(s) 4 size 100 selection pressure 1.100000

 Operation      Score     S(PLP)   S(hbond)     S(cho)   S(metal)  DE(clash)   DE(tors)     intcor
         0      29.34     -30.64       0.00       0.00       0.00       0.00       0.65       0.00
       549      31.71     -32.47       0.00       0.00       0.00       0.14       0.31       0.00
      2749      32.41     -32.47       0.23       0.00       0.00       0.14       0.31       0.00
      3901      32.87     -32.34       0.34       0.00       0.00       0.00       0.24       0.00
      3945      33.28     -33.05       0.67       0.00       0.00       0.00       0.90       0.00
      4972      37.56     -33.82       1.54       0.00       0.00       0.00       0.44       0.00
      5980      38.69     -36.67       1.24       0.00       0.00       0.00       0.86       0.00
      8293      39.64     -35.26       1.62       0.00       0.00       0.00       0.24       0.00
     11414      40.55     -34.45       2.49       0.00       0.00       0.00       0.68       0.00
     11855      41.91     -36.68       2.37       0.00       0.00       0.00       0.94       0.00
     12031      42.83     -36.36       2.17       0.00       0.00       0.00       0.02       0.00
     15025      42.89     -35.87       2.82       0.00       0.00       0.00       0.72       0.00
     16297      43.63     -35.26       2.95       0.00       0.00       0.00       0.24       0.00
     16384      44.25     -35.40       2.96       0.00       0.00       0.00       0.02       0.00
     19688      44.28     -35.50       2.94       0.00       0.00       0.00       0.02       0.00
     19968      44.30     -35.49       2.95       0.00       0.00       0.00       0.03       0.00
     20592      44.32     -35.50       2.95       0.00       0.00       0.00       0.02       0.00
     21291      44.34     -35.95       2.80       0.00       0.00       0.00       0.02       0.00
     21467      44.48     -37.11       2.46       0.00       0.00       0.00       0.02       0.00
     22143      44.56     -37.00       2.53       0.00       0.00       0.00       0.02       0.00
     22628      44.69     -36.02       2.90       0.00       0.00       0.00       0.02       0.00
     23258      44.90     -38.17       2.78       0.00       0.00       0.09       0.77       0.00
     24414      45.15     -39.54       2.41       0.00       0.00       0.09       0.77       0.00
     25326      45.63     -39.41       2.63       0.00       0.00       0.09       0.79       0.00
     28575      46.20     -39.54       2.76       0.00       0.00       0.09       0.77       0.00
     31575      46.43     -39.75       2.71       0.00       0.00       0.00       0.72       0.00
     31755      46.56     -39.78       2.74       0.00       0.00       0.00       0.73       0.00
     33885      46.90     -39.83       2.84       0.00       0.00       0.00       0.73       0.00
     33913      46.93     -39.55       2.94       0.00       0.00       0.00       0.73       0.00
     37406      47.39     -36.99       3.51       0.00       0.00       0.00       0.07       0.00
     37718      48.17     -38.40       3.49       0.00       0.00       0.00       0.35       0.00
     41754      48.38     -38.69       3.46       0.00       0.00       0.00       0.35       0.00
     45263      48.63     -38.86       3.49       0.00       0.00       0.00       0.35       0.00
     47063      48.63     -38.96       3.49       0.00       0.00       0.00       0.40       0.00
     47639      48.73     -39.12       3.50       0.00       0.00       0.00       0.45       0.00
--------------------------------------------------------------------------------
Best docking solution after GA:
     48000      48.73     -39.12       3.50       0.00       0.00       0.00       0.45       0.00

#ops:      48000 #mutates:  22972 #cross:    22682 #migrate:   2346 
#dups:     11561 #niche:    33016 #errors:     107 
--------------------------------------------------------------------------------

Doing AMOEBA simplex on best individual
Done simplexing #iterations 298, best score  49.18

Ligand is stored in gold_soln_4ldo_m1_6.mol2


--------------------------------------------------------------------------------
--- CHEMPLP breakdown of terms                                               ---
--------------------------------------------------------------------------------
CHEMPLP = - ( 1.0000*S(PLP) + -3.0000*S(hbond) + -6.0000*S(metal) + -3.0000*S(cho) )

Score = CHEMPLP - 1.0000*DE(clash) - 2.0000*DE(tors)

Internal energy term has been corrected with the best internal energy encountered.

--------------------------------------------------------------------------------


     Score     S(PLP)   S(hbond)     S(cho)   S(metal)  DE(clash)   DE(tors)     intcor
     49.18     -39.60       3.53       0.00       0.00       0.00       0.51       0.00

--------------------------------------------------------------------------------
--- PLP analysis of protein-ligand interactions                              ---
--------------------------------------------------------------------------------
hydrogen bonding        :      -4.00
metal                   :       0.00
buried (polar-nonpolar) :      -5.24
nonpolar                :     -31.49
repulsive               :       0.00
--------------------------------------------------------------------------------


--------------------------------------------------------------------------------
--- ChemScore analysis of protein-ligand interactions                        ---
--------------------------------------------------------------------------------

* Hydrogen bonds                                                                
Ligand donor    3 hydrogen   15 Protein acceptor 4098 bond energy  1.00 wt 1.00
Ligand donor    5 hydrogen   17 Protein acceptor 1334 bond energy  1.00 wt 1.00
Protein donor 4097 hydrogen 4104 Ligand acceptor    5 bond energy  1.00 wt 1.00
Protein donor 3760 hydrogen 3767 Ligand acceptor    7 bond energy  1.00 wt 0.53


* CH..O interactions                                                            
  CH group selection                       : activated ring CH (adjacent to hetatom)

--------------------------------------------------------------------------------


--------------------------------------------------------------------------------
--- Intra-ligand clashes                                                     ---
--------------------------------------------------------------------------------

Ligand
--------------------------------------------------------------------------------


--------------------------------------------------------------------------------
--- Chromosome decoded                                                       ---
--------------------------------------------------------------------------------
Ligand Torsions
[   7   11    1    4]  -55.02
[  13    2   12   11]  -55.34
[  15    3    6    4]  138.74
[  17    5    8    6]  -79.60
[  18    7   11    1]  149.68
[   2   12   11    1] -160.49
Pyramidal nitrogens flipped: 
Pyramidal nitrogens not flipped: 2 
Protein Torsions
[4175 4166 4165 4163]  100.83 
[1294 1290 1288 1285]   89.22 
[4033 4024 4023 4021] -148.13 
[1412 1408 1406 1403]  154.33 
[2830 2825 2824 2821]   94.07 
[2723 2714 2713 2711] -113.53 
[2773 2768 2767 2764] -126.13 
Mapping
Ligand acceptors to protein hydrogens (mapping then atom ids)
  3   4 [  5->4104]
Ligand hydrogens to protein acceptors (mapping then atom ids)
  2   3 [ 15->4098]
  3   5 [ 17->1334]
Ligand shape atoms to protein points (mapping then atom ids & coords)
  1  4271 [  4->(-30.250   9.750   7.250)]
  2  4294 [  9->(-30.250  11.000   7.250)]
  3  4469 [ 10->(-29.500  11.000   6.500)]
  5  4597 [ 12->(-28.500   9.500   7.000)]
  6  5817 [ 13->(-25.250   8.750   6.000)]
Chromosome values
Integers:
  -1   -1    3   -1   -1    2    4   -1 4270 4293 4468   -1 
4596 5816 
--------------------------------------------------------------------------------

Current Ranking  6  2  5  1  4  3

Top  3 (of  6) solutions are within 1.000 RMSD, finishing docking E:/Projekt modelowanie/beta2/ligandy/4ldo.mol2.


--------------------------------------------------------------------------------

* GA execution time :                                                           
  total  2.9999 user  2.9998 sys  0.0001

--------------------------------------------------------------------------------
Fitness function evaluations: 78853

--------------------------------------------------------------------------------
--- Ranking analysis                                                         ---
--------------------------------------------------------------------------------


* Final ranked order of GA solutions:                                           
   6  2  5  1  4  3 

  _______________________________
  RMSD Matrix of RANKED solutions

        2    3    4    5    6  

   1 :  0.2  0.1  2.0  5.0  5.0
   2 :       0.2  2.0  5.1  5.0
   3 :            2.0  5.0  5.0
   4 :                 5.6  5.5
   5 :                      2.7

  Clustering method                        : complete linkage
  Structure ids in cluster table           : rank nos.
  Ordering of clusters and their members   : by rank (order if from rms_analysis)

  Distance | Clusters
   0.11    |  1  3 |  2 |  4 |  5 |  6 |
   0.19    |  1  2  3 |  4 |  5 |  6 |
   2.02    |  1  2  3  4 |  5 |  6 |
   2.72    |  1  2  3  4 |  5  6 |
   5.56    |  1  2  3  4  5  6 |
  Finished Docking Ligand                  : E:/Projekt modelowanie/beta2/ligandy/4ldo.mol2
--------------------------------------------------------------------------------

  Relative_Ligand_Energy (best encountered) :   0.005
  Relative_Ligand_Energy: fitness values have been corrected using this amount
