# WARNING: atom    2 in C:/Users/student/Desktop/project/beta1/ligandy/2y02.mol2 is type  N.ar resetting to type  N.am (set_atom_type)
# WARNING: bond    5 in C:/Users/student/Desktop/project/beta1/ligandy/2y02.mol2 is type  ar resetting to type  am (set_bond_type)

--------------------------------------------------------------------------------
--- Ligand                                                                   ---
--------------------------------------------------------------------------------
  Ligand loaded from file                  : C:/Users/student/Desktop/project/beta1/ligandy/2y02.mol2
  Ligand name                              :  
  "C:\Users\porto\OneDrive\projekt\beta1\ligandy\L_2y02.pdb L_2y02.pdb 1    "

--------------------------------------------------------------------------------
  N.plc donors                             : 
  none found

  Acidic nitrogen acceptors                : 
  none found
  Sulfur acceptors                         :
  none found


  Donor atoms                              :      4
  2   5   6   10  
  Acceptor atoms                           :      5
  3   5   6   8   10  

  Hydrogens                                :  (n = 4)
  29   30   31   33   

  Lone pairs added to molecule             :      9
  Numbering                                : from 52 to 60

* Rotatable bonds in C:/Users/student/Des  :  none found

--------------------------------------------------------------------------------
--- Shape fitting atoms selection (hydrophobic atoms)                        ---
--------------------------------------------------------------------------------
  Molecule                                 : C:/Users/student/Desktop/project/beta1/ligandy/2y02.mol2
  Selection                                : carbons only
  Atom numbers                             :  (n = 14)
  1    9    11   14   16   17   18   19   20   22   
  23   25   26   27   


--------------------------------------------------------------------------------
--- ChemScore ligand setup summary                                           ---
--------------------------------------------------------------------------------
  ChemScore ligand acceptors               :      5
  3 5 6 8 10 
  ChemScore ligand donors                  :      4
  2 ( 29  ) 5 ( 30  ) 6 ( 31  ) 10 ( 33  ) 
  ChemScore ligand CH donors               :      0
  

  ChemScore ligand lipophilic atoms        :  (n = 20)
  1    4    7    9    11   12   13   14   16   17   
  18   19   20   21   22   23   24   25   26   27   
  

  ChemScore ligand rotatable bonds         :      0

--------------------------------------------------------------------------------
--- PLP ligand setup summary                                                 ---
--------------------------------------------------------------------------------
    1    C1  C.ar NONPOLAR
    2    N1  N.am DONOR
    3    O1   O.2 ACCEPTOR
    4    C2  C.ar NONPOLAR
    5    N2   N.3 DONACC
    6    O2   O.3 DONACC
    7    C3  C.ar NONPOLAR
    8    O3   O.3 ACCEPTOR
    9    C4  C.ar NONPOLAR
   10    O4   O.3 DONACC
   11    C5  C.ar NONPOLAR
   12    C6  C.ar NONPOLAR
   13    C7  C.ar NONPOLAR
   14    C8  C.ar NONPOLAR
   15    C9  C.ar NONPOLAR
   16   C10   C.3 NONPOLAR
   17   C11   C.3 NONPOLAR
   18   C12   C.3 NONPOLAR
   19   C13   C.3 NONPOLAR
   20   C14   C.3 NONPOLAR
   21   C15  C.ar NONPOLAR
   22   C16  C.ar NONPOLAR
   23   C17  C.ar NONPOLAR
   24   C18  C.ar NONPOLAR
   25   C19  C.ar NONPOLAR
   26   C20  C.ar NONPOLAR
   27   C21   C.3 NONPOLAR

--------------------------------------------------------------------------------
--- Automatic parameter setting                                              ---
--------------------------------------------------------------------------------
  Contribution base                        :   2500
  Contribution per rotatable bond          :   6000
  Contribution per df                      :   4000
  Contribution per water                   :  10000
  Ligand rotatable bonds                   :      0
  Protein flexible side chain bonds        :      0
  Total rotatable bonds                    :      0
  Hydrophobic vol ratio (P/L)              :   1.266
  Base multiplier (polar)                  :   1.800
  Base multiplier (apolar)                 :   3.546
  Base contribution                        : 12500.000
  Fitting points                           :      9
  Estimated maxops needed (optimal)        :  13000

--------------------------------------------------------------------------------

* Population settings                                                           
  maxops                                   :  13000
  popsiz                                   :    100
  select_pressure                          :   1.100
  n_islands                                :      1
  niche_siz                                :      2

* GA settings                                                                   
  pt_crosswt                               :     95
  allele_mutatewt                          :     95
  migratewt                                :     10

* Search settings                                                               
  start_vdw_linear_cutoff                  :   4.000
  initial_virtual_pt_match_max             :   3.000

--------------------------------------------------------------------------------

* Ligand initialisation time :                                                  
  total  0.0000 user  0.0000 sys  0.0000

--------------------------------------------------------------------------------

--------------------------------------------------------------------------------
** Docking run number  1 **
--------------------------------------------------------------------------------
  Rank fitness base is 5000.00 ; increment is 11.2233

* Initialising population(s) ...                                                
Number of constraints mappings 0
Number of constraints 0
  Population no.                           :      1
  Population size                          :    100
  Number of duplicates                     :      0
  Number of niche violations               :      0
  Number of errors                         :    141


Doing GA, no. of population(s) 1 size 100 selection pressure 1.100000

 Operation      Score     S(PLP)   S(hbond)     S(cho)   S(metal)  DE(clash)   DE(tors)     intcor
         0      42.75     -42.75       0.00       0.00       0.00       0.00       0.00       0.00
      1783      44.68     -44.68       0.00       0.00       0.00       0.00       0.00       0.00
      2025      45.52     -45.52       0.00       0.00       0.00       0.00       0.00       0.00
      2639      46.36     -46.36       0.00       0.00       0.00       0.00       0.00       0.00
      2998      46.41     -46.41       0.00       0.00       0.00       0.00       0.00       0.00
      3517      46.72     -46.72       0.00       0.00       0.00       0.00       0.00       0.00
      4037      47.93     -47.93       0.00       0.00       0.00       0.00       0.00       0.00
      8846      48.15     -48.15       0.00       0.00       0.00       0.00       0.00       0.00
--------------------------------------------------------------------------------
Best docking solution after GA:
     13000      48.15     -48.15       0.00       0.00       0.00       0.00       0.00       0.00

#ops:      13000 #mutates:   6019 #cross:     6348 #migrate:    633 
#dups:      7646 #niche:     7297 #errors:      95 
--------------------------------------------------------------------------------

Doing AMOEBA simplex on best individual
Done simplexing #iterations 178, best score  48.27

Ligand is stored in gold_soln_2y02_m1_1.mol2


--------------------------------------------------------------------------------
--- CHEMPLP breakdown of terms                                               ---
--------------------------------------------------------------------------------
CHEMPLP = - ( 1.0000*S(PLP) + -3.0000*S(hbond) + -6.0000*S(metal) + -3.0000*S(cho) )

Score = CHEMPLP - 1.0000*DE(clash) - 2.0000*DE(tors)

Internal energy term has been corrected with the best internal energy encountered.

--------------------------------------------------------------------------------


     Score     S(PLP)   S(hbond)     S(cho)   S(metal)  DE(clash)   DE(tors)     intcor
     48.27     -48.27       0.00       0.00       0.00       0.00       0.00       0.00

--------------------------------------------------------------------------------
--- PLP analysis of protein-ligand interactions                              ---
--------------------------------------------------------------------------------
hydrogen bonding        :      -2.00
metal                   :       0.00
buried (polar-nonpolar) :       4.63
nonpolar                :     -52.53
repulsive               :       0.25
--------------------------------------------------------------------------------


--------------------------------------------------------------------------------
--- ChemScore analysis of protein-ligand interactions                        ---
--------------------------------------------------------------------------------

* Hydrogen bonds                                                                


* CH..O interactions                                                            
  CH group selection                       : activated ring CH (adjacent to hetatom)

--------------------------------------------------------------------------------


--------------------------------------------------------------------------------
--- Intra-ligand clashes                                                     ---
--------------------------------------------------------------------------------

Ligand
--------------------------------------------------------------------------------


--------------------------------------------------------------------------------
--- Chromosome decoded                                                       ---
--------------------------------------------------------------------------------
Mapping
Ligand acceptors to protein hydrogens (mapping then atom ids)
Ligand hydrogens to protein acceptors (mapping then atom ids)
Ligand shape atoms to protein points (mapping then atom ids & coords)
  3  4823 [ 11->(-23.500  12.250  20.750)]
  6  6287 [ 17->(-23.000  10.750  18.500)]
  7  4619 [ 18->(-23.500   6.750  17.000)]
  9  6707 [ 20->(-22.750   6.250  15.000)]
 10  3587 [ 22->(-23.750   4.250  14.000)]
 11  2857 [ 23->(-24.000   4.750  14.500)]
 12  6065 [ 25->(-23.000   6.500  11.250)]
 14  2231 [ 27->(-24.250   5.500  10.500)]
Chromosome values
Integers:
  -1   -1   -1   -1   -1   -1   -1   -1   -1   -1   -1 4822 
  -1   -1 6286 4618   -1 6706 3586 2856 6064   -1 2230 
--------------------------------------------------------------------------------

Current Ranking  1

--------------------------------------------------------------------------------

* GA execution time :                                                           
  total  0.9998 user  0.9998 sys  0.0000

--------------------------------------------------------------------------------
Fitness function evaluations: 21681

--------------------------------------------------------------------------------
** Docking run number  2 **
--------------------------------------------------------------------------------
  Rank fitness base is 5000.00 ; increment is 11.2233

* Initialising population(s) ...                                                
Number of constraints mappings 0
Number of constraints 0
  Population no.                           :      1
  Population size                          :    100
  Number of duplicates                     :      0
  Number of niche violations               :      3
  Number of errors                         :    164


Doing GA, no. of population(s) 1 size 100 selection pressure 1.100000

 Operation      Score     S(PLP)   S(hbond)     S(cho)   S(metal)  DE(clash)   DE(tors)     intcor
         0      18.76     -18.76       0.00       0.00       0.00       0.00       0.00       0.00
       154      21.29     -21.29       0.00       0.00       0.00       0.00       0.00       0.00
       191      30.06     -30.06       0.00       0.00       0.00       0.00       0.00       0.00
       552      31.21     -31.21       0.00       0.00       0.00       0.00       0.00       0.00
       709      36.63     -36.63       0.00       0.00       0.00       0.00       0.00       0.00
       763      44.82     -44.82       0.00       0.00       0.00       0.00       0.00       0.00
      1734      44.90     -44.90       0.00       0.00       0.00       0.00       0.00       0.00
      2119      45.30     -45.30       0.00       0.00       0.00       0.00       0.00       0.00
      2148      46.12     -46.12       0.00       0.00       0.00       0.00       0.00       0.00
      2389      47.01     -47.01       0.00       0.00       0.00       0.00       0.00       0.00
      2433      47.33     -47.33       0.00       0.00       0.00       0.00       0.00       0.00
      2935      48.72     -48.72       0.00       0.00       0.00       0.00       0.00       0.00
      3633      50.06     -50.06       0.00       0.00       0.00       0.00       0.00       0.00
      4026      50.14     -50.14       0.00       0.00       0.00       0.00       0.00       0.00
      4383      50.99     -50.99       0.00       0.00       0.00       0.00       0.00       0.00
      4444      52.08     -52.08       0.00       0.00       0.00       0.00       0.00       0.00
      4790      52.53     -52.53       0.00       0.00       0.00       0.00       0.00       0.00
      5365      53.42     -53.42       0.00       0.00       0.00       0.00       0.00       0.00
      6464      53.46     -53.46       0.00       0.00       0.00       0.00       0.00       0.00
      8518      54.05     -54.05       0.00       0.00       0.00       0.00       0.00       0.00
      9174      54.30     -54.30       0.00       0.00       0.00       0.00       0.00       0.00
     10635      54.52     -54.52       0.00       0.00       0.00       0.00       0.00       0.00
     11746      54.89     -54.89       0.00       0.00       0.00       0.00       0.00       0.00
     11929      55.40     -55.40       0.00       0.00       0.00       0.00       0.00       0.00
     12417      55.42     -55.42       0.00       0.00       0.00       0.00       0.00       0.00
--------------------------------------------------------------------------------
Best docking solution after GA:
     13000      55.42     -55.42       0.00       0.00       0.00       0.00       0.00       0.00

#ops:      13000 #mutates:   6170 #cross:     6144 #migrate:    686 
#dups:      7228 #niche:     6800 #errors:      93 
--------------------------------------------------------------------------------

Doing AMOEBA simplex on best individual
Done simplexing #iterations 212, best score  56.63

Ligand is stored in gold_soln_2y02_m1_2.mol2


--------------------------------------------------------------------------------
--- CHEMPLP breakdown of terms                                               ---
--------------------------------------------------------------------------------
CHEMPLP = - ( 1.0000*S(PLP) + -3.0000*S(hbond) + -6.0000*S(metal) + -3.0000*S(cho) )

Score = CHEMPLP - 1.0000*DE(clash) - 2.0000*DE(tors)

Internal energy term has been corrected with the best internal energy encountered.

--------------------------------------------------------------------------------


     Score     S(PLP)   S(hbond)     S(cho)   S(metal)  DE(clash)   DE(tors)     intcor
     56.63     -56.63       0.00       0.00       0.00       0.00       0.00       0.00

--------------------------------------------------------------------------------
--- PLP analysis of protein-ligand interactions                              ---
--------------------------------------------------------------------------------
hydrogen bonding        :      -3.13
metal                   :       0.00
buried (polar-nonpolar) :      -0.80
nonpolar                :     -54.22
repulsive               :       0.72
--------------------------------------------------------------------------------


--------------------------------------------------------------------------------
--- ChemScore analysis of protein-ligand interactions                        ---
--------------------------------------------------------------------------------

* Hydrogen bonds                                                                


* CH..O interactions                                                            
  CH group selection                       : activated ring CH (adjacent to hetatom)

--------------------------------------------------------------------------------


--------------------------------------------------------------------------------
--- Intra-ligand clashes                                                     ---
--------------------------------------------------------------------------------

Ligand
--------------------------------------------------------------------------------


--------------------------------------------------------------------------------
--- Chromosome decoded                                                       ---
--------------------------------------------------------------------------------
Mapping
Ligand acceptors to protein hydrogens (mapping then atom ids)
Ligand hydrogens to protein acceptors (mapping then atom ids)
Ligand shape atoms to protein points (mapping then atom ids & coords)
  1   776 [  1->(-25.000   8.250  12.250)]
  2  5163 [  9->(-23.250   4.250  13.250)]
  3  5826 [ 11->(-23.000   3.000  12.750)]
  4   867 [ 14->(-25.000   9.750  12.000)]
  5  5913 [ 16->(-23.000   4.000  15.750)]
  6  7710 [ 17->(-22.000   7.750  15.500)]
  7  7987 [ 18->(-21.750  10.000  18.500)]
  8  8691 [ 19->(-20.250   8.250  17.500)]
 10  5525 [ 22->(-23.250  10.250  19.250)]
 11  6936 [ 23->(-22.750  11.500  19.750)]
Chromosome values
Integers:
  -1   -1   -1   -1   -1   -1   -1   -1   -1  775 5162 5825 
 866 5912 7709 7986 8690   -1 5524 6935   -1   -1   -1 
--------------------------------------------------------------------------------

Current Ranking  2  1

--------------------------------------------------------------------------------

* GA execution time :                                                           
  total  0.9997 user  0.9997 sys  0.0000

--------------------------------------------------------------------------------
Fitness function evaluations: 21339

--------------------------------------------------------------------------------
** Docking run number  3 **
--------------------------------------------------------------------------------
  Rank fitness base is 5000.00 ; increment is 11.2233

* Initialising population(s) ...                                                
Number of constraints mappings 0
Number of constraints 0
  Population no.                           :      1
  Population size                          :    100
  Number of duplicates                     :      0
  Number of niche violations               :      0
  Number of errors                         :    161


Doing GA, no. of population(s) 1 size 100 selection pressure 1.100000

 Operation      Score     S(PLP)   S(hbond)     S(cho)   S(metal)  DE(clash)   DE(tors)     intcor
         0      18.85     -18.85       0.00       0.00       0.00       0.00       0.00       0.00
       684      38.17     -38.17       0.00       0.00       0.00       0.00       0.00       0.00
       789      40.68     -40.68       0.00       0.00       0.00       0.00       0.00       0.00
      1422      42.13     -42.13       0.00       0.00       0.00       0.00       0.00       0.00
      1580      43.53     -43.53       0.00       0.00       0.00       0.00       0.00       0.00
      2020      44.85     -44.85       0.00       0.00       0.00       0.00       0.00       0.00
      2398      44.96     -44.96       0.00       0.00       0.00       0.00       0.00       0.00
--------------------------------------------------------------------------------
Best docking solution after GA:
     13000      44.96     -44.96       0.00       0.00       0.00       0.00       0.00       0.00

#ops:      13000 #mutates:   6231 #cross:     6157 #migrate:    612 
#dups:      8762 #niche:     6360 #errors:      99 
--------------------------------------------------------------------------------

Doing AMOEBA simplex on best individual
Done simplexing #iterations 255, best score  47.37

Ligand is stored in gold_soln_2y02_m1_3.mol2


--------------------------------------------------------------------------------
--- CHEMPLP breakdown of terms                                               ---
--------------------------------------------------------------------------------
CHEMPLP = - ( 1.0000*S(PLP) + -3.0000*S(hbond) + -6.0000*S(metal) + -3.0000*S(cho) )

Score = CHEMPLP - 1.0000*DE(clash) - 2.0000*DE(tors)

Internal energy term has been corrected with the best internal energy encountered.

--------------------------------------------------------------------------------


     Score     S(PLP)   S(hbond)     S(cho)   S(metal)  DE(clash)   DE(tors)     intcor
     47.37     -47.37       0.00       0.00       0.00       0.00       0.00       0.00

--------------------------------------------------------------------------------
--- PLP analysis of protein-ligand interactions                              ---
--------------------------------------------------------------------------------
hydrogen bonding        :      -2.00
metal                   :       0.00
buried (polar-nonpolar) :       5.74
nonpolar                :     -52.46
repulsive               :       0.26
--------------------------------------------------------------------------------


--------------------------------------------------------------------------------
--- ChemScore analysis of protein-ligand interactions                        ---
--------------------------------------------------------------------------------

* Hydrogen bonds                                                                


* CH..O interactions                                                            
  CH group selection                       : activated ring CH (adjacent to hetatom)

--------------------------------------------------------------------------------


--------------------------------------------------------------------------------
--- Intra-ligand clashes                                                     ---
--------------------------------------------------------------------------------

Ligand
--------------------------------------------------------------------------------


--------------------------------------------------------------------------------
--- Chromosome decoded                                                       ---
--------------------------------------------------------------------------------
Mapping
Ligand acceptors to protein hydrogens (mapping then atom ids)
Ligand hydrogens to protein acceptors (mapping then atom ids)
Ligand shape atoms to protein points (mapping then atom ids & coords)
  2  6352 [  9->(-23.000  12.750  20.750)]
  3  2566 [ 11->(-24.250  12.750  20.750)]
  7  4657 [ 18->(-23.500   7.750  16.000)]
 10  4442 [ 22->(-23.500   4.500  14.000)]
 14  4482 [ 27->(-23.500   5.000  10.750)]
Chromosome values
Integers:
  -1   -1   -1   -1   -1   -1   -1   -1   -1   -1 6351 2565 
  -1   -1   -1 4656   -1   -1 4441   -1   -1   -1 4481 
--------------------------------------------------------------------------------

Current Ranking  2  1  3

--------------------------------------------------------------------------------

* GA execution time :                                                           
  total  0.9998 user  0.9998 sys  0.0000

--------------------------------------------------------------------------------
Fitness function evaluations: 21491

--------------------------------------------------------------------------------
** Docking run number  4 **
--------------------------------------------------------------------------------
  Rank fitness base is 5000.00 ; increment is 11.2233

* Initialising population(s) ...                                                
Number of constraints mappings 0
Number of constraints 0
  Population no.                           :      1
  Population size                          :    100
  Number of duplicates                     :      0
  Number of niche violations               :      0
  Number of errors                         :    153


Doing GA, no. of population(s) 1 size 100 selection pressure 1.100000

 Operation      Score     S(PLP)   S(hbond)     S(cho)   S(metal)  DE(clash)   DE(tors)     intcor
         0      27.81     -27.81       0.00       0.00       0.00       0.00       0.00       0.00
       164      32.54     -32.54       0.00       0.00       0.00       0.00       0.00       0.00
       498      38.73     -38.73       0.00       0.00       0.00       0.00       0.00       0.00
       823      39.98     -39.98       0.00       0.00       0.00       0.00       0.00       0.00
       991      40.46     -40.46       0.00       0.00       0.00       0.00       0.00       0.00
      1022      46.84     -46.84       0.00       0.00       0.00       0.00       0.00       0.00
      2409      47.53     -47.53       0.00       0.00       0.00       0.00       0.00       0.00
      2635      47.81     -47.81       0.00       0.00       0.00       0.00       0.00       0.00
      2983      48.54     -48.54       0.00       0.00       0.00       0.00       0.00       0.00
      3615      48.87     -48.87       0.00       0.00       0.00       0.00       0.00       0.00
      5364      49.50     -49.50       0.00       0.00       0.00       0.00       0.00       0.00
      5483      51.04     -51.04       0.00       0.00       0.00       0.00       0.00       0.00
      5786      52.24     -52.24       0.00       0.00       0.00       0.00       0.00       0.00
      6565      52.56     -52.56       0.00       0.00       0.00       0.00       0.00       0.00
      7458      53.09     -53.09       0.00       0.00       0.00       0.00       0.00       0.00
      7486      53.71     -53.71       0.00       0.00       0.00       0.00       0.00       0.00
      9791      53.75     -53.75       0.00       0.00       0.00       0.00       0.00       0.00
--------------------------------------------------------------------------------
Best docking solution after GA:
     13000      53.75     -53.75       0.00       0.00       0.00       0.00       0.00       0.00

#ops:      13000 #mutates:   6144 #cross:     6185 #migrate:    671 
#dups:      7499 #niche:     7248 #errors:      97 
--------------------------------------------------------------------------------

Doing AMOEBA simplex on best individual
Done simplexing #iterations 272, best score  56.31

Ligand is stored in gold_soln_2y02_m1_4.mol2


--------------------------------------------------------------------------------
--- CHEMPLP breakdown of terms                                               ---
--------------------------------------------------------------------------------
CHEMPLP = - ( 1.0000*S(PLP) + -3.0000*S(hbond) + -6.0000*S(metal) + -3.0000*S(cho) )

Score = CHEMPLP - 1.0000*DE(clash) - 2.0000*DE(tors)

Internal energy term has been corrected with the best internal energy encountered.

--------------------------------------------------------------------------------


     Score     S(PLP)   S(hbond)     S(cho)   S(metal)  DE(clash)   DE(tors)     intcor
     56.31     -56.31       0.00       0.00       0.00       0.00       0.00       0.00

--------------------------------------------------------------------------------
--- PLP analysis of protein-ligand interactions                              ---
--------------------------------------------------------------------------------
hydrogen bonding        :      -3.30
metal                   :       0.00
buried (polar-nonpolar) :      -0.62
nonpolar                :     -54.34
repulsive               :       0.70
--------------------------------------------------------------------------------


--------------------------------------------------------------------------------
--- ChemScore analysis of protein-ligand interactions                        ---
--------------------------------------------------------------------------------

* Hydrogen bonds                                                                


* CH..O interactions                                                            
  CH group selection                       : activated ring CH (adjacent to hetatom)

--------------------------------------------------------------------------------


--------------------------------------------------------------------------------
--- Intra-ligand clashes                                                     ---
--------------------------------------------------------------------------------

Ligand
--------------------------------------------------------------------------------


--------------------------------------------------------------------------------
--- Chromosome decoded                                                       ---
--------------------------------------------------------------------------------
Mapping
Ligand acceptors to protein hydrogens (mapping then atom ids)
Ligand hydrogens to protein acceptors (mapping then atom ids)
Ligand shape atoms to protein points (mapping then atom ids & coords)
  4   770 [ 14->(-25.000   8.250  10.500)]
  5  2919 [ 16->(-24.000   5.250  15.750)]
  6  6746 [ 17->(-22.750   7.250  16.000)]
  7  6782 [ 18->(-22.750   8.250  17.750)]
  8  8705 [ 19->(-20.250   9.000  17.750)]
 11  2568 [ 23->(-24.250  12.750  21.250)]
 12  5585 [ 25->(-23.250  12.000  19.000)]
 13   891 [ 26->(-25.000  10.000  21.250)]
Chromosome values
Integers:
  -1   -1   -1   -1   -1   -1   -1   -1   -1   -1   -1   -1 
 769 2918 6745 6781 8704   -1   -1 2567 5584  890   -1 
--------------------------------------------------------------------------------

Current Ranking  2  4  1  3

--------------------------------------------------------------------------------

* GA execution time :                                                           
  total  0.0008 user  0.0007 sys  0.0000

--------------------------------------------------------------------------------
Fitness function evaluations: 21346

--------------------------------------------------------------------------------
** Docking run number  5 **
--------------------------------------------------------------------------------
  Rank fitness base is 5000.00 ; increment is 11.2233

* Initialising population(s) ...                                                
Number of constraints mappings 0
Number of constraints 0
  Population no.                           :      1
  Population size                          :    100
  Number of duplicates                     :      0
  Number of niche violations               :      0
  Number of errors                         :    157


Doing GA, no. of population(s) 1 size 100 selection pressure 1.100000

 Operation      Score     S(PLP)   S(hbond)     S(cho)   S(metal)  DE(clash)   DE(tors)     intcor
         0      -9.20       9.20       0.00       0.00       0.00       0.00       0.00       0.00
        28      12.30     -12.30       0.00       0.00       0.00       0.00       0.00       0.00
       291      18.45     -18.45       0.00       0.00       0.00       0.00       0.00       0.00
       461      21.61     -21.61       0.00       0.00       0.00       0.00       0.00       0.00
       593      25.47     -25.47       0.00       0.00       0.00       0.00       0.00       0.00
       767      33.83     -33.83       0.00       0.00       0.00       0.00       0.00       0.00
      1107      33.95     -33.95       0.00       0.00       0.00       0.00       0.00       0.00
      1258      37.56     -37.56       0.00       0.00       0.00       0.00       0.00       0.00
      1381      41.63     -41.63       0.00       0.00       0.00       0.00       0.00       0.00
      1459      42.36     -42.36       0.00       0.00       0.00       0.00       0.00       0.00
      1521      42.37     -42.37       0.00       0.00       0.00       0.00       0.00       0.00
      1563      47.41     -47.41       0.00       0.00       0.00       0.00       0.00       0.00
      2226      47.58     -47.58       0.00       0.00       0.00       0.00       0.00       0.00
      2321      48.04     -48.04       0.00       0.00       0.00       0.00       0.00       0.00
      8925      48.05     -48.05       0.00       0.00       0.00       0.00       0.00       0.00
--------------------------------------------------------------------------------
Best docking solution after GA:
     13000      48.05     -48.05       0.00       0.00       0.00       0.00       0.00       0.00

#ops:      13000 #mutates:   6192 #cross:     6169 #migrate:    639 
#dups:      6340 #niche:     7693 #errors:      61 
--------------------------------------------------------------------------------

Doing AMOEBA simplex on best individual
Done simplexing #iterations 243, best score  48.27

Ligand is stored in gold_soln_2y02_m1_5.mol2


--------------------------------------------------------------------------------
--- CHEMPLP breakdown of terms                                               ---
--------------------------------------------------------------------------------
CHEMPLP = - ( 1.0000*S(PLP) + -3.0000*S(hbond) + -6.0000*S(metal) + -3.0000*S(cho) )

Score = CHEMPLP - 1.0000*DE(clash) - 2.0000*DE(tors)

Internal energy term has been corrected with the best internal energy encountered.

--------------------------------------------------------------------------------


     Score     S(PLP)   S(hbond)     S(cho)   S(metal)  DE(clash)   DE(tors)     intcor
     48.27     -48.27       0.00       0.00       0.00       0.00       0.00       0.00

--------------------------------------------------------------------------------
--- PLP analysis of protein-ligand interactions                              ---
--------------------------------------------------------------------------------
hydrogen bonding        :      -2.12
metal                   :       0.00
buried (polar-nonpolar) :       5.40
nonpolar                :     -53.63
repulsive               :       0.27
--------------------------------------------------------------------------------


--------------------------------------------------------------------------------
--- ChemScore analysis of protein-ligand interactions                        ---
--------------------------------------------------------------------------------

* Hydrogen bonds                                                                


* CH..O interactions                                                            
  CH group selection                       : activated ring CH (adjacent to hetatom)

--------------------------------------------------------------------------------


--------------------------------------------------------------------------------
--- Intra-ligand clashes                                                     ---
--------------------------------------------------------------------------------

Ligand
--------------------------------------------------------------------------------


--------------------------------------------------------------------------------
--- Chromosome decoded                                                       ---
--------------------------------------------------------------------------------
Mapping
Ligand acceptors to protein hydrogens (mapping then atom ids)
Ligand hydrogens to protein acceptors (mapping then atom ids)
Ligand shape atoms to protein points (mapping then atom ids & coords)
  3  4110 [ 11->(-23.750  13.500  21.500)]
  5  7987 [ 16->(-21.750  10.000  18.500)]
  6  7569 [ 17->(-22.250  10.500  18.500)]
  8  1642 [ 19->(-24.500   5.250  17.250)]
  9  6698 [ 20->(-22.750   6.000  15.250)]
 11  2189 [ 23->(-24.250   5.000  13.500)]
 12  2326 [ 25->(-24.250   7.500  11.250)]
 14  5103 [ 27->(-23.250   3.750  10.750)]
Chromosome values
Integers:
  -1   -1   -1   -1   -1   -1   -1   -1   -1   -1   -1 4109 
  -1 7986 7568   -1 1641 6697   -1 2188 2325   -1 5102 
--------------------------------------------------------------------------------

Current Ranking  2  4  1  5  3

--------------------------------------------------------------------------------

* GA execution time :                                                           
  total  0.9998 user  0.9997 sys  0.0000

--------------------------------------------------------------------------------
Fitness function evaluations: 21615

--------------------------------------------------------------------------------
** Docking run number  6 **
--------------------------------------------------------------------------------
  Rank fitness base is 5000.00 ; increment is 11.2233

* Initialising population(s) ...                                                
Number of constraints mappings 0
Number of constraints 0
  Population no.                           :      1
  Population size                          :    100
  Number of duplicates                     :      0
  Number of niche violations               :      0
  Number of errors                         :    153


Doing GA, no. of population(s) 1 size 100 selection pressure 1.100000

 Operation      Score     S(PLP)   S(hbond)     S(cho)   S(metal)  DE(clash)   DE(tors)     intcor
         0      30.10     -30.10       0.00       0.00       0.00       0.00       0.00       0.00
       616      30.18     -30.18       0.00       0.00       0.00       0.00       0.00       0.00
       724      33.07     -33.07       0.00       0.00       0.00       0.00       0.00       0.00
       809      37.05     -37.05       0.00       0.00       0.00       0.00       0.00       0.00
      1051      37.73     -37.73       0.00       0.00       0.00       0.00       0.00       0.00
      1232      37.75     -37.75       0.00       0.00       0.00       0.00       0.00       0.00
      1251      40.00     -40.00       0.00       0.00       0.00       0.00       0.00       0.00
      1266      43.02     -43.02       0.00       0.00       0.00       0.00       0.00       0.00
      1272      46.50     -46.50       0.00       0.00       0.00       0.00       0.00       0.00
      1743      46.84     -46.84       0.00       0.00       0.00       0.00       0.00       0.00
      4620      46.93     -46.93       0.00       0.00       0.00       0.00       0.00       0.00
--------------------------------------------------------------------------------
Best docking solution after GA:
     13000      46.93     -46.93       0.00       0.00       0.00       0.00       0.00       0.00

#ops:      13000 #mutates:   6136 #cross:     6203 #migrate:    661 
#dups:      8267 #niche:     7284 #errors:      34 
--------------------------------------------------------------------------------

Doing AMOEBA simplex on best individual
Done simplexing #iterations 249, best score  48.35

Ligand is stored in gold_soln_2y02_m1_6.mol2


--------------------------------------------------------------------------------
--- CHEMPLP breakdown of terms                                               ---
--------------------------------------------------------------------------------
CHEMPLP = - ( 1.0000*S(PLP) + -3.0000*S(hbond) + -6.0000*S(metal) + -3.0000*S(cho) )

Score = CHEMPLP - 1.0000*DE(clash) - 2.0000*DE(tors)

Internal energy term has been corrected with the best internal energy encountered.

--------------------------------------------------------------------------------


     Score     S(PLP)   S(hbond)     S(cho)   S(metal)  DE(clash)   DE(tors)     intcor
     48.35     -48.35       0.00       0.00       0.00       0.00       0.00       0.00

--------------------------------------------------------------------------------
--- PLP analysis of protein-ligand interactions                              ---
--------------------------------------------------------------------------------
hydrogen bonding        :      -2.00
metal                   :       0.00
buried (polar-nonpolar) :       5.15
nonpolar                :     -53.05
repulsive               :       0.25
--------------------------------------------------------------------------------


--------------------------------------------------------------------------------
--- ChemScore analysis of protein-ligand interactions                        ---
--------------------------------------------------------------------------------

* Hydrogen bonds                                                                


* CH..O interactions                                                            
  CH group selection                       : activated ring CH (adjacent to hetatom)

--------------------------------------------------------------------------------


--------------------------------------------------------------------------------
--- Intra-ligand clashes                                                     ---
--------------------------------------------------------------------------------

Ligand
--------------------------------------------------------------------------------


--------------------------------------------------------------------------------
--- Chromosome decoded                                                       ---
--------------------------------------------------------------------------------
Mapping
Ligand acceptors to protein hydrogens (mapping then atom ids)
Ligand hydrogens to protein acceptors (mapping then atom ids)
Ligand shape atoms to protein points (mapping then atom ids & coords)
  3  3319 [ 11->(-24.000  13.750  21.500)]
  5  7815 [ 16->(-22.000  11.000  19.000)]
  6  6851 [ 17->(-22.750   9.500  17.250)]
  7  6094 [ 18->(-23.000   7.000  16.250)]
  8  2246 [ 19->(-24.250   5.500  17.250)]
 10  2832 [ 22->(-24.000   4.500  15.250)]
 14  2207 [ 27->(-24.250   5.250  10.250)]
Chromosome values
Integers:
  -1   -1   -1   -1   -1   -1   -1   -1   -1   -1   -1 3318 
  -1 7814 6850 6093 2245   -1 2831   -1   -1   -1 2206 
--------------------------------------------------------------------------------

Current Ranking  2  4  6  1  5  3

--------------------------------------------------------------------------------

* GA execution time :                                                           
  total  0.9998 user  0.9998 sys  0.0000

--------------------------------------------------------------------------------
Fitness function evaluations: 21356

--------------------------------------------------------------------------------
** Docking run number  7 **
--------------------------------------------------------------------------------
  Rank fitness base is 5000.00 ; increment is 11.2233

* Initialising population(s) ...                                                
Number of constraints mappings 0
Number of constraints 0
  Population no.                           :      1
  Population size                          :    100
  Number of duplicates                     :      0
  Number of niche violations               :      0
  Number of errors                         :    148


Doing GA, no. of population(s) 1 size 100 selection pressure 1.100000

 Operation      Score     S(PLP)   S(hbond)     S(cho)   S(metal)  DE(clash)   DE(tors)     intcor
         0      21.65     -21.65       0.00       0.00       0.00       0.00       0.00       0.00
       300      25.64     -25.64       0.00       0.00       0.00       0.00       0.00       0.00
       537      28.67     -28.67       0.00       0.00       0.00       0.00       0.00       0.00
       613      29.90     -29.90       0.00       0.00       0.00       0.00       0.00       0.00
       765      32.59     -32.59       0.00       0.00       0.00       0.00       0.00       0.00
       916      37.70     -37.70       0.00       0.00       0.00       0.00       0.00       0.00
       950      44.13     -44.13       0.00       0.00       0.00       0.00       0.00       0.00
      2316      44.70     -44.70       0.00       0.00       0.00       0.00       0.00       0.00
      3238      46.87     -46.87       0.00       0.00       0.00       0.00       0.00       0.00
      5217      52.83     -52.83       0.00       0.00       0.00       0.00       0.00       0.00
      5629      53.74     -53.74       0.00       0.00       0.00       0.00       0.00       0.00
      9233      54.04     -54.04       0.00       0.00       0.00       0.00       0.00       0.00
--------------------------------------------------------------------------------
Best docking solution after GA:
     13000      54.04     -54.04       0.00       0.00       0.00       0.00       0.00       0.00

#ops:      13000 #mutates:   6180 #cross:     6187 #migrate:    633 
#dups:      7549 #niche:     7264 #errors:      70 
--------------------------------------------------------------------------------

Doing AMOEBA simplex on best individual
Done simplexing #iterations 256, best score  56.53

Ligand is stored in gold_soln_2y02_m1_7.mol2


--------------------------------------------------------------------------------
--- CHEMPLP breakdown of terms                                               ---
--------------------------------------------------------------------------------
CHEMPLP = - ( 1.0000*S(PLP) + -3.0000*S(hbond) + -6.0000*S(metal) + -3.0000*S(cho) )

Score = CHEMPLP - 1.0000*DE(clash) - 2.0000*DE(tors)

Internal energy term has been corrected with the best internal energy encountered.

--------------------------------------------------------------------------------


     Score     S(PLP)   S(hbond)     S(cho)   S(metal)  DE(clash)   DE(tors)     intcor
     56.53     -56.53       0.00       0.00       0.00       0.00       0.00       0.00

--------------------------------------------------------------------------------
--- PLP analysis of protein-ligand interactions                              ---
--------------------------------------------------------------------------------
hydrogen bonding        :      -3.14
metal                   :       0.00
buried (polar-nonpolar) :       0.08
nonpolar                :     -54.59
repulsive               :       0.73
--------------------------------------------------------------------------------


--------------------------------------------------------------------------------
--- ChemScore analysis of protein-ligand interactions                        ---
--------------------------------------------------------------------------------

* Hydrogen bonds                                                                


* CH..O interactions                                                            
  CH group selection                       : activated ring CH (adjacent to hetatom)

--------------------------------------------------------------------------------


--------------------------------------------------------------------------------
--- Intra-ligand clashes                                                     ---
--------------------------------------------------------------------------------

Ligand
--------------------------------------------------------------------------------


--------------------------------------------------------------------------------
--- Chromosome decoded                                                       ---
--------------------------------------------------------------------------------
Mapping
Ligand acceptors to protein hydrogens (mapping then atom ids)
Ligand hydrogens to protein acceptors (mapping then atom ids)
Ligand shape atoms to protein points (mapping then atom ids & coords)
  1   721 [  1->(-25.000   7.000  11.250)]
  2  3640 [  9->(-23.750   4.750  14.000)]
  4  1706 [ 14->(-24.500   7.000  12.250)]
  5  5968 [ 16->(-23.000   4.750  14.750)]
  6  8075 [ 17->(-21.500   7.750  16.250)]
  8  8119 [ 19->(-21.500   9.000  18.250)]
  9  6266 [ 20->(-23.000  10.250  19.000)]
 11  6923 [ 23->(-22.750  11.000  19.000)]
 14  2598 [ 27->(-24.250  13.500  21.500)]
Chromosome values
Integers:
  -1   -1   -1   -1   -1   -1   -1   -1   -1  720 3639   -1 
1705 5967 8074   -1 8118 6265   -1 6922   -1   -1 2597 
--------------------------------------------------------------------------------

Current Ranking  2  7  4  6  1  5  3

Top  3 (of  7) solutions are within 1.000 RMSD, finishing docking C:/Users/student/Desktop/project/beta1/ligandy/2y02.mol2.


--------------------------------------------------------------------------------

* GA execution time :                                                           
  total  0.9998 user  0.9997 sys  0.0001

--------------------------------------------------------------------------------
Fitness function evaluations: 21650

--------------------------------------------------------------------------------
--- Ranking analysis                                                         ---
--------------------------------------------------------------------------------


* Final ranked order of GA solutions:                                           
   2  7  4  6  1  5  3 

  _______________________________
  RMSD Matrix of RANKED solutions

        2    3    4    5    6    7  

   1 :  0.1  0.2  9.2  9.2  9.2  9.2
   2 :       0.2  9.2  9.2  9.2  9.2
   3 :            9.2  9.2  9.1  9.1
   4 :                 0.0  0.1  0.4
   5 :                      0.1  0.4
   6 :                           0.4

  Clustering method                        : complete linkage
  Structure ids in cluster table           : rank nos.
  Ordering of clusters and their members   : by rank (order if from rms_analysis)

  Distance | Clusters
   0.03    |  1 |  2 |  3 |  4  5 |  6 |  7 |
   0.06    |  1  2 |  3 |  4  5 |  6 |  7 |
   0.08    |  1  2 |  3 |  4  5  6 |  7 |
   0.18    |  1  2  3 |  4  5  6 |  7 |
   0.41    |  1  2  3 |  4  5  6  7 |
   9.19    |  1  2  3  4  5  6  7 |
  Finished Docking Ligand                  : C:/Users/student/Desktop/project/beta1/ligandy/2y02.mol2
--------------------------------------------------------------------------------

  Relative_Ligand_Energy (best encountered) :   0.000
  Relative_Ligand_Energy: fitness values have been corrected using this amount
