
--------------------------------------------------------------------------------
--- Ligand                                                                   ---
--------------------------------------------------------------------------------
  Ligand loaded from file                  : C:/Users/student/Desktop/project/beta1/ligandy/6ibl.mol2
  Ligand name                              :  
  "C:\Users\porto\OneDrive\projekt\beta1\ligandy\L_6ibl.pdb L_6ibl.pdb 1    "

--------------------------------------------------------------------------------
  N.plc donors                             : 
  none found

  Acidic nitrogen acceptors                : 
  none found
  Sulfur acceptors                         :
  none found


  Donor atoms                              :      4
  2   5   6   10  
  Acceptor atoms                           :      5
  2   3   6   8   10  

  Hydrogens                                :  (n = 4)
  29   31   32   35   

  Lone pairs added to molecule             :      9
  Numbering                                : from 50 to 58

* Rotatable bonds in C:/Users/student/Des  :  none found

--------------------------------------------------------------------------------
--- Shape fitting atoms selection (hydrophobic atoms)                        ---
--------------------------------------------------------------------------------
  Molecule                                 : C:/Users/student/Desktop/project/beta1/ligandy/6ibl.mol2
  Selection                                : carbons only
  Atom numbers                             :  (n = 14)
  1    4    7    11   12   14   15   16   17   18   
  20   23   24   25   


--------------------------------------------------------------------------------
--- ChemScore ligand setup summary                                           ---
--------------------------------------------------------------------------------
  ChemScore ligand acceptors               :      5
  2 3 6 8 10 
  ChemScore ligand donors                  :      4
  2 ( 29  ) 5 ( 31  ) 6 ( 32  ) 10 ( 35  ) 
  ChemScore ligand CH donors               :      0
  

  ChemScore ligand lipophilic atoms        :  (n = 18)
  1    4    7    9    11   12   13   14   15   16   
  17   18   19   20   21   22   23   24   

  ChemScore ligand rotatable bonds         :      0

--------------------------------------------------------------------------------
--- PLP ligand setup summary                                                 ---
--------------------------------------------------------------------------------
    1    C1   C.3 NONPOLAR
    2    N1   N.3 DONACC
    3    O1   O.3 ACCEPTOR
    4    C2   C.3 NONPOLAR
    5    N2  N.am DONOR
    6    O2   O.3 DONACC
    7    C3   C.3 NONPOLAR
    8    O3   O.2 ACCEPTOR
    9    C4  C.ar NONPOLAR
   10    O4   O.3 DONACC
   11    C5  C.ar NONPOLAR
   12    C6  C.ar NONPOLAR
   13    C7  C.ar NONPOLAR
   14    C8  C.ar NONPOLAR
   15    C9  C.ar NONPOLAR
   16   C10   C.3 NONPOLAR
   17   C11   C.3 NONPOLAR
   18   C12   C.3 NONPOLAR
   19   C13  C.ar NONPOLAR
   20   C14  C.ar NONPOLAR
   21   C15  C.ar NONPOLAR
   22   C16  C.ar NONPOLAR
   23   C17  C.ar NONPOLAR
   24   C18  C.ar NONPOLAR
   25   C19   C.2 NONPOLAR

--------------------------------------------------------------------------------
--- Automatic parameter setting                                              ---
--------------------------------------------------------------------------------
  Contribution base                        :   2500
  Contribution per rotatable bond          :   6000
  Contribution per df                      :   4000
  Contribution per water                   :  10000
  Ligand rotatable bonds                   :      0
  Protein flexible side chain bonds        :      0
  Total rotatable bonds                    :      0
  Hydrophobic vol ratio (P/L)              :   1.266
  Base multiplier (polar)                  :   1.800
  Base multiplier (apolar)                 :   3.546
  Base contribution                        : 12500.000
  Fitting points                           :      9
  Estimated maxops needed (optimal)        :  13000

--------------------------------------------------------------------------------

* Population settings                                                           
  maxops                                   :  13000
  popsiz                                   :    100
  select_pressure                          :   1.100
  n_islands                                :      1
  niche_siz                                :      2

* GA settings                                                                   
  pt_crosswt                               :     95
  allele_mutatewt                          :     95
  migratewt                                :     10

* Search settings                                                               
  start_vdw_linear_cutoff                  :   4.000
  initial_virtual_pt_match_max             :   3.000

--------------------------------------------------------------------------------

* Ligand initialisation time :                                                  
  total  0.0000 user  0.0000 sys  0.0000

--------------------------------------------------------------------------------

--------------------------------------------------------------------------------
** Docking run number  1 **
--------------------------------------------------------------------------------
  Rank fitness base is 5000.00 ; increment is 11.2233

* Initialising population(s) ...                                                
Number of constraints mappings 0
Number of constraints 0
  Population no.                           :      1
  Population size                          :    100
  Number of duplicates                     :      0
  Number of niche violations               :      0
  Number of errors                         :    160


Doing GA, no. of population(s) 1 size 100 selection pressure 1.100000

 Operation      Score     S(PLP)   S(hbond)     S(cho)   S(metal)  DE(clash)   DE(tors)     intcor
         0      19.93     -19.93       0.00       0.00       0.00       0.00       0.00       0.00
       195      27.47     -27.25       0.08       0.00       0.00       0.00       0.00       0.00
       288      48.94     -48.59       0.12       0.00       0.00       0.00       0.00       0.00
       368      50.49     -49.75       0.25       0.00       0.00       0.00       0.00       0.00
       787      55.23     -55.23       0.00       0.00       0.00       0.00       0.00       0.00
      2034      55.82     -53.77       0.68       0.00       0.00       0.00       0.00       0.00
      2238      56.32     -56.32       0.00       0.00       0.00       0.00       0.00       0.00
      2346      57.17     -55.53       0.55       0.00       0.00       0.00       0.00       0.00
      2906      57.99     -55.22       0.93       0.00       0.00       0.00       0.00       0.00
      3010      58.39     -55.46       0.98       0.00       0.00       0.00       0.00       0.00
      3300      58.56     -55.78       0.93       0.00       0.00       0.00       0.00       0.00
      3560      59.21     -56.63       0.86       0.00       0.00       0.00       0.00       0.00
      4674      59.32     -56.32       1.00       0.00       0.00       0.00       0.00       0.00
      5101      59.50     -56.62       0.96       0.00       0.00       0.00       0.00       0.00
      5982      59.66     -56.88       0.93       0.00       0.00       0.00       0.00       0.00
      8066      60.00     -57.37       0.88       0.00       0.00       0.00       0.00       0.00
      8837      60.07     -57.73       0.78       0.00       0.00       0.00       0.00       0.00
      9100      60.14     -57.75       0.80       0.00       0.00       0.00       0.00       0.00
     10517      60.41     -58.22       0.73       0.00       0.00       0.00       0.00       0.00
     11420      60.62     -58.43       0.73       0.00       0.00       0.00       0.00       0.00
     12912      60.76     -58.03       0.91       0.00       0.00       0.00       0.00       0.00
--------------------------------------------------------------------------------
Best docking solution after GA:
     13000      60.76     -58.03       0.91       0.00       0.00       0.00       0.00       0.00

#ops:      13000 #mutates:   6217 #cross:     6126 #migrate:    657 
#dups:      7421 #niche:     8081 #errors:      45 
--------------------------------------------------------------------------------

Doing AMOEBA simplex on best individual
Done simplexing #iterations 204, best score  60.86

Ligand is stored in gold_soln_6ibl_m1_1.mol2


--------------------------------------------------------------------------------
--- CHEMPLP breakdown of terms                                               ---
--------------------------------------------------------------------------------
CHEMPLP = - ( 1.0000*S(PLP) + -3.0000*S(hbond) + -6.0000*S(metal) + -3.0000*S(cho) )

Score = CHEMPLP - 1.0000*DE(clash) - 2.0000*DE(tors)

Internal energy term has been corrected with the best internal energy encountered.

--------------------------------------------------------------------------------


     Score     S(PLP)   S(hbond)     S(cho)   S(metal)  DE(clash)   DE(tors)     intcor
     60.86     -58.18       0.89       0.00       0.00       0.00       0.00       0.00

--------------------------------------------------------------------------------
--- PLP analysis of protein-ligand interactions                              ---
--------------------------------------------------------------------------------
hydrogen bonding        :      -2.45
metal                   :       0.00
buried (polar-nonpolar) :      -2.73
nonpolar                :     -54.20
repulsive               :       0.66
--------------------------------------------------------------------------------


--------------------------------------------------------------------------------
--- ChemScore analysis of protein-ligand interactions                        ---
--------------------------------------------------------------------------------

* Hydrogen bonds                                                                
Ligand donor    2 hydrogen   29 Protein acceptor 2066 bond energy  1.00 wt 0.89


* CH..O interactions                                                            
  CH group selection                       : activated ring CH (adjacent to hetatom)

--------------------------------------------------------------------------------


--------------------------------------------------------------------------------
--- Intra-ligand clashes                                                     ---
--------------------------------------------------------------------------------

Ligand
--------------------------------------------------------------------------------


--------------------------------------------------------------------------------
--- Chromosome decoded                                                       ---
--------------------------------------------------------------------------------
Mapping
Ligand acceptors to protein hydrogens (mapping then atom ids)
Ligand hydrogens to protein acceptors (mapping then atom ids)
  1   3 [ 29->2066]
Ligand shape atoms to protein points (mapping then atom ids & coords)
  1  7920 [  1->(-21.750   8.000  16.750)]
  2  7505 [  4->(-22.250   8.500  17.750)]
  5   977 [ 12->(-25.000  12.000  20.000)]
  6  2554 [ 14->(-24.250  12.250  20.000)]
  7  6339 [ 15->(-23.000  12.250  20.250)]
 10  3773 [ 18->(-23.750   6.000  16.250)]
 11  4570 [ 20->(-23.500   6.000  14.750)]
 12  4264 [ 23->(-23.500   1.750  12.250)]
 13  6621 [ 24->(-22.750   4.250  15.250)]
 14  2296 [ 25->(-24.250   6.750  10.750)]
Chromosome values
Integers:
  -1   -1   -1   -1   -1    2   -1   -1   -1 7919 7504   -1 
  -1  976 2553 6338   -1   -1 3772 4569 4263 6620 2295 
--------------------------------------------------------------------------------

Current Ranking  1

--------------------------------------------------------------------------------

* GA execution time :                                                           
  total  0.0008 user  0.0008 sys  0.0000

--------------------------------------------------------------------------------
Fitness function evaluations: 21484

--------------------------------------------------------------------------------
** Docking run number  2 **
--------------------------------------------------------------------------------
  Rank fitness base is 5000.00 ; increment is 11.2233

* Initialising population(s) ...                                                
Number of constraints mappings 0
Number of constraints 0
  Population no.                           :      1
  Population size                          :    100
  Number of duplicates                     :      0
  Number of niche violations               :      1
  Number of errors                         :    171


Doing GA, no. of population(s) 1 size 100 selection pressure 1.100000

 Operation      Score     S(PLP)   S(hbond)     S(cho)   S(metal)  DE(clash)   DE(tors)     intcor
         0      15.24     -15.24       0.00       0.00       0.00       0.00       0.00       0.00
        94      31.99     -29.01       0.99       0.00       0.00       0.00       0.00       0.00
       286      42.68     -42.68       0.00       0.00       0.00       0.00       0.00       0.00
       595      46.67     -46.67       0.00       0.00       0.00       0.00       0.00       0.00
      1144      48.17     -45.29       0.96       0.00       0.00       0.00       0.00       0.00
      1646      53.02     -51.51       0.50       0.00       0.00       0.00       0.00       0.00
      1696      53.78     -53.78       0.00       0.00       0.00       0.00       0.00       0.00
      1816      54.72     -53.11       0.54       0.00       0.00       0.00       0.00       0.00
      1830      56.57     -55.16       0.47       0.00       0.00       0.00       0.00       0.00
      1869      58.62     -55.62       1.00       0.00       0.00       0.00       0.00       0.00
      2533      58.92     -56.92       0.67       0.00       0.00       0.00       0.00       0.00
      2882      59.75     -57.17       0.86       0.00       0.00       0.00       0.00       0.00
      3342      59.94     -57.21       0.91       0.00       0.00       0.00       0.00       0.00
      5109      59.94     -56.94       1.00       0.00       0.00       0.00       0.00       0.00
      6859      59.99     -57.31       0.89       0.00       0.00       0.00       0.00       0.00
      7039      60.01     -57.09       0.98       0.00       0.00       0.00       0.00       0.00
      7218      60.09     -57.40       0.89       0.00       0.00       0.00       0.00       0.00
      7559      60.31     -57.68       0.88       0.00       0.00       0.00       0.00       0.00
--------------------------------------------------------------------------------
Best docking solution after GA:
     13000      60.31     -57.68       0.88       0.00       0.00       0.00       0.00       0.00

#ops:      13000 #mutates:   6109 #cross:     6270 #migrate:    621 
#dups:      8684 #niche:     7112 #errors:      57 
--------------------------------------------------------------------------------

Doing AMOEBA simplex on best individual
Done simplexing #iterations 258, best score  60.94

Ligand is stored in gold_soln_6ibl_m1_2.mol2


--------------------------------------------------------------------------------
--- CHEMPLP breakdown of terms                                               ---
--------------------------------------------------------------------------------
CHEMPLP = - ( 1.0000*S(PLP) + -3.0000*S(hbond) + -6.0000*S(metal) + -3.0000*S(cho) )

Score = CHEMPLP - 1.0000*DE(clash) - 2.0000*DE(tors)

Internal energy term has been corrected with the best internal energy encountered.

--------------------------------------------------------------------------------


     Score     S(PLP)   S(hbond)     S(cho)   S(metal)  DE(clash)   DE(tors)     intcor
     60.94     -58.26       0.89       0.00       0.00       0.00       0.00       0.00

--------------------------------------------------------------------------------
--- PLP analysis of protein-ligand interactions                              ---
--------------------------------------------------------------------------------
hydrogen bonding        :      -2.38
metal                   :       0.00
buried (polar-nonpolar) :      -2.44
nonpolar                :     -54.77
repulsive               :       0.63
--------------------------------------------------------------------------------


--------------------------------------------------------------------------------
--- ChemScore analysis of protein-ligand interactions                        ---
--------------------------------------------------------------------------------

* Hydrogen bonds                                                                
Ligand donor    2 hydrogen   29 Protein acceptor 2066 bond energy  1.00 wt 0.89


* CH..O interactions                                                            
  CH group selection                       : activated ring CH (adjacent to hetatom)

--------------------------------------------------------------------------------


--------------------------------------------------------------------------------
--- Intra-ligand clashes                                                     ---
--------------------------------------------------------------------------------

Ligand
--------------------------------------------------------------------------------


--------------------------------------------------------------------------------
--- Chromosome decoded                                                       ---
--------------------------------------------------------------------------------
Mapping
Ligand acceptors to protein hydrogens (mapping then atom ids)
Ligand hydrogens to protein acceptors (mapping then atom ids)
  1   3 [ 29->2066]
Ligand shape atoms to protein points (mapping then atom ids & coords)
  1  7535 [  1->(-22.250   9.250  18.750)]
  2  5470 [  4->(-23.250   9.500  17.000)]
  3  6202 [  7->(-23.000   9.250  19.250)]
  4   953 [ 11->(-25.000  10.750  21.000)]
  6  6325 [ 14->(-23.000  12.000  18.750)]
  7  5524 [ 15->(-23.250  10.250  19.000)]
  8  1020 [ 16->(-25.000  13.500  19.250)]
  9  7469 [ 17->(-22.250   7.250  16.250)]
 10  2998 [ 18->(-24.000   6.000  17.000)]
 11  3768 [ 20->(-23.750   6.000  15.000)]
 12  6526 [ 23->(-22.750   2.750  13.250)]
 14  1165 [ 25->(-24.750   7.000  10.000)]
Chromosome values
Integers:
  -1   -1   -1   -1   -1    2   -1   -1   -1 7534 5469 6201 
 952   -1 6324 5523 1019 7468 2997 3767 6525   -1 1164 
--------------------------------------------------------------------------------

Current Ranking  2  1

--------------------------------------------------------------------------------

* GA execution time :                                                           
  total  0.9998 user  0.9998 sys  0.0000

--------------------------------------------------------------------------------
Fitness function evaluations: 21650

--------------------------------------------------------------------------------
** Docking run number  3 **
--------------------------------------------------------------------------------
  Rank fitness base is 5000.00 ; increment is 11.2233

* Initialising population(s) ...                                                
Number of constraints mappings 0
Number of constraints 0
  Population no.                           :      1
  Population size                          :    100
  Number of duplicates                     :      0
  Number of niche violations               :      0
  Number of errors                         :    149


Doing GA, no. of population(s) 1 size 100 selection pressure 1.100000

 Operation      Score     S(PLP)   S(hbond)     S(cho)   S(metal)  DE(clash)   DE(tors)     intcor
         0      21.30     -21.30       0.00       0.00       0.00       0.00       0.00       0.00
        38      22.49     -19.81       0.89       0.00       0.00       0.00       0.00       0.00
        69      57.58     -54.58       1.00       0.00       0.00       0.00       0.00       0.00
      1458      57.67     -54.67       1.00       0.00       0.00       0.00       0.00       0.00
      1841      58.17     -56.23       0.64       0.00       0.00       0.00       0.00       0.00
      1890      58.19     -55.19       1.00       0.00       0.00       0.00       0.00       0.00
      2020      59.06     -57.01       0.68       0.00       0.00       0.00       0.00       0.00
      2456      59.55     -57.60       0.65       0.00       0.00       0.00       0.00       0.00
      2703      59.55     -56.55       1.00       0.00       0.00       0.00       0.00       0.00
      2969      59.61     -56.73       0.96       0.00       0.00       0.00       0.00       0.00
      3106      59.84     -57.16       0.89       0.00       0.00       0.00       0.00       0.00
      3849      60.14     -57.27       0.96       0.00       0.00       0.00       0.00       0.00
      5358      60.36     -57.58       0.93       0.00       0.00       0.00       0.00       0.00
      9722      60.75     -58.07       0.89       0.00       0.00       0.00       0.00       0.00
--------------------------------------------------------------------------------
Best docking solution after GA:
     13000      60.75     -58.07       0.89       0.00       0.00       0.00       0.00       0.00

#ops:      13000 #mutates:   6155 #cross:     6192 #migrate:    653 
#dups:      8134 #niche:     7339 #errors:      65 
--------------------------------------------------------------------------------

Doing AMOEBA simplex on best individual
Done simplexing #iterations 180, best score  60.86

Ligand is stored in gold_soln_6ibl_m1_3.mol2


--------------------------------------------------------------------------------
--- CHEMPLP breakdown of terms                                               ---
--------------------------------------------------------------------------------
CHEMPLP = - ( 1.0000*S(PLP) + -3.0000*S(hbond) + -6.0000*S(metal) + -3.0000*S(cho) )

Score = CHEMPLP - 1.0000*DE(clash) - 2.0000*DE(tors)

Internal energy term has been corrected with the best internal energy encountered.

--------------------------------------------------------------------------------


     Score     S(PLP)   S(hbond)     S(cho)   S(metal)  DE(clash)   DE(tors)     intcor
     60.86     -58.13       0.91       0.00       0.00       0.00       0.00       0.00

--------------------------------------------------------------------------------
--- PLP analysis of protein-ligand interactions                              ---
--------------------------------------------------------------------------------
hydrogen bonding        :      -2.40
metal                   :       0.00
buried (polar-nonpolar) :      -2.20
nonpolar                :     -54.69
repulsive               :       0.64
--------------------------------------------------------------------------------


--------------------------------------------------------------------------------
--- ChemScore analysis of protein-ligand interactions                        ---
--------------------------------------------------------------------------------

* Hydrogen bonds                                                                
Ligand donor    2 hydrogen   29 Protein acceptor 2066 bond energy  1.00 wt 0.91


* CH..O interactions                                                            
  CH group selection                       : activated ring CH (adjacent to hetatom)

--------------------------------------------------------------------------------


--------------------------------------------------------------------------------
--- Intra-ligand clashes                                                     ---
--------------------------------------------------------------------------------

Ligand
--------------------------------------------------------------------------------


--------------------------------------------------------------------------------
--- Chromosome decoded                                                       ---
--------------------------------------------------------------------------------
Mapping
Ligand acceptors to protein hydrogens (mapping then atom ids)
Ligand hydrogens to protein acceptors (mapping then atom ids)
  1   3 [ 29->2066]
Ligand shape atoms to protein points (mapping then atom ids & coords)
  1  8602 [  1->(-20.500   8.000  17.000)]
  2  5426 [  4->(-23.250   8.750  17.250)]
  5   191 [ 12->(-25.750  13.000  20.750)]
  6  3315 [ 14->(-24.000  13.500  21.250)]
  8   219 [ 16->(-25.750  14.000  17.750)]
  9  6691 [ 17->(-22.750   5.750  16.000)]
 10  2943 [ 18->(-24.000   5.500  15.750)]
 11  5217 [ 20->(-23.250   4.750  15.000)]
 14   738 [ 25->(-25.000   7.500  10.750)]
Chromosome values
Integers:
  -1   -1   -1   -1   -1    2   -1   -1   -1 8601 5425   -1 
  -1  190 3314   -1  218 6690 2942 5216   -1   -1  737 
--------------------------------------------------------------------------------

Current Ranking  2  1  3

Top  3 (of  3) solutions are within 1.000 RMSD, finishing docking C:/Users/student/Desktop/project/beta1/ligandy/6ibl.mol2.


--------------------------------------------------------------------------------

* GA execution time :                                                           
  total  0.9998 user  0.9998 sys  0.0000

--------------------------------------------------------------------------------
Fitness function evaluations: 21490

--------------------------------------------------------------------------------
--- Ranking analysis                                                         ---
--------------------------------------------------------------------------------


* Final ranked order of GA solutions:                                           
   2  1  3 

  _______________________________
  RMSD Matrix of RANKED solutions

        2    3  

   1 :  0.0  0.0
   2 :       0.1

  Clustering method                        : complete linkage
  Structure ids in cluster table           : rank nos.
  Ordering of clusters and their members   : by rank (order if from rms_analysis)

  Distance | Clusters
   0.04    |  1  2 |  3 |
   0.06    |  1  2  3 |
  Finished Docking Ligand                  : C:/Users/student/Desktop/project/beta1/ligandy/6ibl.mol2
--------------------------------------------------------------------------------

  Relative_Ligand_Energy (best encountered) :   0.000
  Relative_Ligand_Energy: fitness values have been corrected using this amount
