Warning message: 
amide nitrogen 966 in molecule C:/Users/student/Desktop/Dokowanko/beta1/bialko_beta1 1.pdb is not planar

Warning message: 
set_pdb_atom_types: can't deduce type of atom    1 in C:/Users/student/Desktop/Dokowanko/beta1/bialko_beta1 1.pdb, replacing by Du

Warning message: 
set_pdb_atom_types: can't deduce type of atom    7 in C:/Users/student/Desktop/Dokowanko/beta1/bialko_beta1 1.pdb, replacing by Du

Warning message: 
set_pdb_atom_types: can't deduce type of atom    8 in C:/Users/student/Desktop/Dokowanko/beta1/bialko_beta1 1.pdb, replacing by Du

Warning message: 
set_pdb_atom_types: can't deduce type of atom   22 in C:/Users/student/Desktop/Dokowanko/beta1/bialko_beta1 1.pdb, replacing by Du

Warning message: 
set_pdb_atom_types: can't deduce type of atom   31 in C:/Users/student/Desktop/Dokowanko/beta1/bialko_beta1 1.pdb, replacing by Du

Warning message: 
set_pdb_atom_types: can't deduce type of atom   39 in C:/Users/student/Desktop/Dokowanko/beta1/bialko_beta1 1.pdb, replacing by Du

Warning message: 
set_pdb_atom_types: can't deduce type of atom   42 in C:/Users/student/Desktop/Dokowanko/beta1/bialko_beta1 1.pdb, replacing by Du

Warning message: 
set_pdb_atom_types: can't deduce type of atom   44 in C:/Users/student/Desktop/Dokowanko/beta1/bialko_beta1 1.pdb, replacing by Du

Warning message: 
set_pdb_atom_types: can't deduce type of atom   45 in C:/Users/student/Desktop/Dokowanko/beta1/bialko_beta1 1.pdb, replacing by Du

Warning message: 
set_pdb_atom_types: can't deduce type of atom   46 in C:/Users/student/Desktop/Dokowanko/beta1/bialko_beta1 1.pdb, replacing by Du

Warning message: 
set_pdb_atom_types: can't deduce type of atom   60 in C:/Users/student/Desktop/Dokowanko/beta1/bialko_beta1 1.pdb, replacing by Du

Warning message: 
set_pdb_atom_types: can't deduce type of atom   72 in C:/Users/student/Desktop/Dokowanko/beta1/bialko_beta1 1.pdb, replacing by Du

Warning message: 
set_pdb_atom_types: can't deduce type of atom   85 in C:/Users/student/Desktop/Dokowanko/beta1/bialko_beta1 1.pdb, replacing by Du

Warning message: 
set_pdb_atom_types: can't deduce type of atom   86 in C:/Users/student/Desktop/Dokowanko/beta1/bialko_beta1 1.pdb, replacing by Du

Warning message: 
set_pdb_atom_types: can't deduce type of atom   93 in C:/Users/student/Desktop/Dokowanko/beta1/bialko_beta1 1.pdb, replacing by Du

Warning message: 
set_pdb_atom_types: can't deduce type of atom   94 in C:/Users/student/Desktop/Dokowanko/beta1/bialko_beta1 1.pdb, replacing by Du

Warning message: 
set_pdb_atom_types: can't deduce type of atom  102 in C:/Users/student/Desktop/Dokowanko/beta1/bialko_beta1 1.pdb, replacing by Du

Warning message: 
set_pdb_atom_types: can't deduce type of atom  107 in C:/Users/student/Desktop/Dokowanko/beta1/bialko_beta1 1.pdb, replacing by Du

Warning message: 
set_pdb_atom_types: can't deduce type of atom  114 in C:/Users/student/Desktop/Dokowanko/beta1/bialko_beta1 1.pdb, replacing by Du

Warning message: 
set_pdb_atom_types: can't deduce type of atom  115 in C:/Users/student/Desktop/Dokowanko/beta1/bialko_beta1 1.pdb, replacing by Du

Warning message: 
set_pdb_atom_types: can't deduce type of atom  121 in C:/Users/student/Desktop/Dokowanko/beta1/bialko_beta1 1.pdb, replacing by Du

Warning message: 
set_pdb_atom_types: can't deduce type of atom  122 in C:/Users/student/Desktop/Dokowanko/beta1/bialko_beta1 1.pdb, replacing by Du

Warning message: 
set_pdb_atom_types: can't deduce type of atom  128 in C:/Users/student/Desktop/Dokowanko/beta1/bialko_beta1 1.pdb, replacing by Du

Warning message: 
set_pdb_atom_types: can't deduce type of atom  129 in C:/Users/student/Desktop/Dokowanko/beta1/bialko_beta1 1.pdb, replacing by Du

Warning message: 
set_pdb_atom_types: can't deduce type of atom  136 in C:/Users/student/Desktop/Dokowanko/beta1/bialko_beta1 1.pdb, replacing by Du

Warning message: 
set_pdb_atom_types: can't deduce type of atom  137 in C:/Users/student/Desktop/Dokowanko/beta1/bialko_beta1 1.pdb, replacing by Du

Warning message: 
set_pdb_atom_types: can't deduce type of atom  144 in C:/Users/student/Desktop/Dokowanko/beta1/bialko_beta1 1.pdb, replacing by Du

Warning message: 
set_pdb_atom_types: can't deduce type of atom  145 in C:/Users/student/Desktop/Dokowanko/beta1/bialko_beta1 1.pdb, replacing by Du

Warning message: 
set_pdb_atom_types: can't deduce type of atom  152 in C:/Users/student/Desktop/Dokowanko/beta1/bialko_beta1 1.pdb, replacing by Du

Warning message: 
set_pdb_atom_types: can't deduce type of atom  153 in C:/Users/student/Desktop/Dokowanko/beta1/bialko_beta1 1.pdb, replacing by Du

Warning message: 
set_pdb_atom_types: can't deduce type of atom  159 in C:/Users/student/Desktop/Dokowanko/beta1/bialko_beta1 1.pdb, replacing by Du

Warning message: 
set_pdb_atom_types: can't deduce type of atom  160 in C:/Users/student/Desktop/Dokowanko/beta1/bialko_beta1 1.pdb, replacing by Du

Warning message: 
set_pdb_atom_types: can't deduce type of atom  165 in C:/Users/student/Desktop/Dokowanko/beta1/bialko_beta1 1.pdb, replacing by Du

Warning message: 
set_pdb_atom_types: can't deduce type of atom  176 in C:/Users/student/Desktop/Dokowanko/beta1/bialko_beta1 1.pdb, replacing by Du

Warning message: 
set_pdb_atom_types: can't deduce type of atom  183 in C:/Users/student/Desktop/Dokowanko/beta1/bialko_beta1 1.pdb, replacing by Du

Warning message: 
set_pdb_atom_types: can't deduce type of atom  184 in C:/Users/student/Desktop/Dokowanko/beta1/bialko_beta1 1.pdb, replacing by Du

Warning message: 
set_pdb_atom_types: can't deduce type of atom  191 in C:/Users/student/Desktop/Dokowanko/beta1/bialko_beta1 1.pdb, replacing by Du

Warning message: 
set_pdb_atom_types: can't deduce type of atom  192 in C:/Users/student/Desktop/Dokowanko/beta1/bialko_beta1 1.pdb, replacing by Du

Warning message: 
set_pdb_atom_types: can't deduce type of atom  198 in C:/Users/student/Desktop/Dokowanko/beta1/bialko_beta1 1.pdb, replacing by Du

Warning message: 
set_pdb_atom_types: can't deduce type of atom  199 in C:/Users/student/Desktop/Dokowanko/beta1/bialko_beta1 1.pdb, replacing by Du

Warning message: 
set_pdb_atom_types: can't deduce type of atom  206 in C:/Users/student/Desktop/Dokowanko/beta1/bialko_beta1 1.pdb, replacing by Du

Warning message: 
set_pdb_atom_types: can't deduce type of atom  207 in C:/Users/student/Desktop/Dokowanko/beta1/bialko_beta1 1.pdb, replacing by Du

Warning message: 
set_pdb_atom_types: can't deduce type of atom  212 in C:/Users/student/Desktop/Dokowanko/beta1/bialko_beta1 1.pdb, replacing by Du

Warning message: 
set_pdb_atom_types: can't deduce type of atom  217 in C:/Users/student/Desktop/Dokowanko/beta1/bialko_beta1 1.pdb, replacing by Du

Warning message: 
set_pdb_atom_types: can't deduce type of atom  224 in C:/Users/student/Desktop/Dokowanko/beta1/bialko_beta1 1.pdb, replacing by Du

Warning message: 
set_pdb_atom_types: can't deduce type of atom  225 in C:/Users/student/Desktop/Dokowanko/beta1/bialko_beta1 1.pdb, replacing by Du

Warning message: 
set_pdb_atom_types: can't deduce type of atom  241 in C:/Users/student/Desktop/Dokowanko/beta1/bialko_beta1 1.pdb, replacing by Du

Warning message: 
set_pdb_atom_types: can't deduce type of atom  250 in C:/Users/student/Desktop/Dokowanko/beta1/bialko_beta1 1.pdb, replacing by Du

Warning message: 
set_pdb_atom_types: can't deduce type of atom  261 in C:/Users/student/Desktop/Dokowanko/beta1/bialko_beta1 1.pdb, replacing by Du

Warning message: 
set_pdb_atom_types: can't deduce type of atom  262 in C:/Users/student/Desktop/Dokowanko/beta1/bialko_beta1 1.pdb, replacing by Du

Warning message: 
set_pdb_atom_types: can't deduce type of atom  269 in C:/Users/student/Desktop/Dokowanko/beta1/bialko_beta1 1.pdb, replacing by Du

Warning message: 
set_pdb_atom_types: can't deduce type of atom  270 in C:/Users/student/Desktop/Dokowanko/beta1/bialko_beta1 1.pdb, replacing by Du

Warning message: 
set_pdb_atom_types: can't deduce type of atom  278 in C:/Users/student/Desktop/Dokowanko/beta1/bialko_beta1 1.pdb, replacing by Du

Warning message: 
set_pdb_atom_types: can't deduce type of atom  285 in C:/Users/student/Desktop/Dokowanko/beta1/bialko_beta1 1.pdb, replacing by Du

Warning message: 
set_pdb_atom_types: can't deduce type of atom  293 in C:/Users/student/Desktop/Dokowanko/beta1/bialko_beta1 1.pdb, replacing by Du

Warning message: 
set_pdb_atom_types: can't deduce type of atom  294 in C:/Users/student/Desktop/Dokowanko/beta1/bialko_beta1 1.pdb, replacing by Du

Warning message: 
set_pdb_atom_types: can't deduce type of atom  300 in C:/Users/student/Desktop/Dokowanko/beta1/bialko_beta1 1.pdb, replacing by Du

Warning message: 
set_pdb_atom_types: can't deduce type of atom  308 in C:/Users/student/Desktop/Dokowanko/beta1/bialko_beta1 1.pdb, replacing by Du

Warning message: 
set_pdb_atom_types: can't deduce type of atom  316 in C:/Users/student/Desktop/Dokowanko/beta1/bialko_beta1 1.pdb, replacing by Du

Warning message: 
set_pdb_atom_types: can't deduce type of atom  317 in C:/Users/student/Desktop/Dokowanko/beta1/bialko_beta1 1.pdb, replacing by Du

Warning message: 
set_pdb_atom_types: can't deduce type of atom  324 in C:/Users/student/Desktop/Dokowanko/beta1/bialko_beta1 1.pdb, replacing by Du

Warning message: 
set_pdb_atom_types: can't deduce type of atom  325 in C:/Users/student/Desktop/Dokowanko/beta1/bialko_beta1 1.pdb, replacing by Du

Warning message: 
set_pdb_atom_types: can't deduce type of atom  326 in C:/Users/student/Desktop/Dokowanko/beta1/bialko_beta1 1.pdb, replacing by Du

Warning message: 
set_pdb_atom_types: can't deduce type of atom  327 in C:/Users/student/Desktop/Dokowanko/beta1/bialko_beta1 1.pdb, replacing by Du

Warning message: 
set_pdb_atom_types: can't deduce type of atom  328 in C:/Users/student/Desktop/Dokowanko/beta1/bialko_beta1 1.pdb, replacing by Du

Warning message: 
set_pdb_atom_types: can't deduce type of atom  335 in C:/Users/student/Desktop/Dokowanko/beta1/bialko_beta1 1.pdb, replacing by Du

Warning message: 
set_pdb_atom_types: can't deduce type of atom  336 in C:/Users/student/Desktop/Dokowanko/beta1/bialko_beta1 1.pdb, replacing by Du

Warning message: 
set_pdb_atom_types: can't deduce type of atom  342 in C:/Users/student/Desktop/Dokowanko/beta1/bialko_beta1 1.pdb, replacing by Du

Warning message: 
set_pdb_atom_types: can't deduce type of atom  356 in C:/Users/student/Desktop/Dokowanko/beta1/bialko_beta1 1.pdb, replacing by Du

Warning message: 
set_pdb_atom_types: can't deduce type of atom  357 in C:/Users/student/Desktop/Dokowanko/beta1/bialko_beta1 1.pdb, replacing by Du

Warning message: 
set_pdb_atom_types: can't deduce type of atom  362 in C:/Users/student/Desktop/Dokowanko/beta1/bialko_beta1 1.pdb, replacing by Du

Warning message: 
set_pdb_atom_types: can't deduce type of atom  373 in C:/Users/student/Desktop/Dokowanko/beta1/bialko_beta1 1.pdb, replacing by Du

Warning message: 
set_pdb_atom_types: can't deduce type of atom  388 in C:/Users/student/Desktop/Dokowanko/beta1/bialko_beta1 1.pdb, replacing by Du

Warning message: 
set_pdb_atom_types: can't deduce type of atom  389 in C:/Users/student/Desktop/Dokowanko/beta1/bialko_beta1 1.pdb, replacing by Du

Warning message: 
set_pdb_atom_types: can't deduce type of atom  395 in C:/Users/student/Desktop/Dokowanko/beta1/bialko_beta1 1.pdb, replacing by Du

Warning message: 
set_pdb_atom_types: can't deduce type of atom  396 in C:/Users/student/Desktop/Dokowanko/beta1/bialko_beta1 1.pdb, replacing by Du

Warning message: 
set_pdb_atom_types: can't deduce type of atom  402 in C:/Users/student/Desktop/Dokowanko/beta1/bialko_beta1 1.pdb, replacing by Du

Warning message: 
set_pdb_atom_types: can't deduce type of atom  403 in C:/Users/student/Desktop/Dokowanko/beta1/bialko_beta1 1.pdb, replacing by Du

Warning message: 
set_pdb_atom_types: can't deduce type of atom  414 in C:/Users/student/Desktop/Dokowanko/beta1/bialko_beta1 1.pdb, replacing by Du

Warning message: 
set_pdb_atom_types: can't deduce type of atom  415 in C:/Users/student/Desktop/Dokowanko/beta1/bialko_beta1 1.pdb, replacing by Du

Warning message: 
set_pdb_atom_types: can't deduce type of atom  422 in C:/Users/student/Desktop/Dokowanko/beta1/bialko_beta1 1.pdb, replacing by Du

Warning message: 
set_pdb_atom_types: can't deduce type of atom  423 in C:/Users/student/Desktop/Dokowanko/beta1/bialko_beta1 1.pdb, replacing by Du

Warning message: 
set_pdb_atom_types: can't deduce type of atom  429 in C:/Users/student/Desktop/Dokowanko/beta1/bialko_beta1 1.pdb, replacing by Du

Warning message: 
set_pdb_atom_types: can't deduce type of atom  430 in C:/Users/student/Desktop/Dokowanko/beta1/bialko_beta1 1.pdb, replacing by Du

Warning message: 
set_pdb_atom_types: can't deduce type of atom  436 in C:/Users/student/Desktop/Dokowanko/beta1/bialko_beta1 1.pdb, replacing by Du

Warning message: 
set_pdb_atom_types: can't deduce type of atom  437 in C:/Users/student/Desktop/Dokowanko/beta1/bialko_beta1 1.pdb, replacing by Du

Warning message: 
set_pdb_atom_types: can't deduce type of atom  451 in C:/Users/student/Desktop/Dokowanko/beta1/bialko_beta1 1.pdb, replacing by Du

Warning message: 
set_pdb_atom_types: can't deduce type of atom  452 in C:/Users/student/Desktop/Dokowanko/beta1/bialko_beta1 1.pdb, replacing by Du

Warning message: 
set_pdb_atom_types: can't deduce type of atom  453 in C:/Users/student/Desktop/Dokowanko/beta1/bialko_beta1 1.pdb, replacing by Du

Warning message: 
set_pdb_atom_types: can't deduce type of atom  454 in C:/Users/student/Desktop/Dokowanko/beta1/bialko_beta1 1.pdb, replacing by Du

Warning message: 
set_pdb_atom_types: can't deduce type of atom  455 in C:/Users/student/Desktop/Dokowanko/beta1/bialko_beta1 1.pdb, replacing by Du

Warning message: 
set_pdb_atom_types: can't deduce type of atom  464 in C:/Users/student/Desktop/Dokowanko/beta1/bialko_beta1 1.pdb, replacing by Du

Warning message: 
set_pdb_atom_types: can't deduce type of atom  470 in C:/Users/student/Desktop/Dokowanko/beta1/bialko_beta1 1.pdb, replacing by Du

Warning message: 
set_pdb_atom_types: can't deduce type of atom  478 in C:/Users/student/Desktop/Dokowanko/beta1/bialko_beta1 1.pdb, replacing by Du

Warning message: 
set_pdb_atom_types: can't deduce type of atom  479 in C:/Users/student/Desktop/Dokowanko/beta1/bialko_beta1 1.pdb, replacing by Du

Warning message: 
set_pdb_atom_types: can't deduce type of atom  485 in C:/Users/student/Desktop/Dokowanko/beta1/bialko_beta1 1.pdb, replacing by Du

Warning message: 
set_pdb_atom_types: can't deduce type of atom  486 in C:/Users/student/Desktop/Dokowanko/beta1/bialko_beta1 1.pdb, replacing by Du

Warning message: 
set_pdb_atom_types: can't deduce type of atom  492 in C:/Users/student/Desktop/Dokowanko/beta1/bialko_beta1 1.pdb, replacing by Du

Warning message: 
set_pdb_atom_types: can't deduce type of atom  493 in C:/Users/student/Desktop/Dokowanko/beta1/bialko_beta1 1.pdb, replacing by Du

Warning message: 
set_pdb_atom_types: can't deduce type of atom  503 in C:/Users/student/Desktop/Dokowanko/beta1/bialko_beta1 1.pdb, replacing by Du

Warning message: 
set_pdb_atom_types: can't deduce type of atom  504 in C:/Users/student/Desktop/Dokowanko/beta1/bialko_beta1 1.pdb, replacing by Du

Warning message: 
set_pdb_atom_types: can't deduce type of atom  514 in C:/Users/student/Desktop/Dokowanko/beta1/bialko_beta1 1.pdb, replacing by Du

Warning message: 
set_pdb_atom_types: can't deduce type of atom  522 in C:/Users/student/Desktop/Dokowanko/beta1/bialko_beta1 1.pdb, replacing by Du

Warning message: 
set_pdb_atom_types: can't deduce type of atom  525 in C:/Users/student/Desktop/Dokowanko/beta1/bialko_beta1 1.pdb, replacing by Du

Warning message: 
set_pdb_atom_types: can't deduce type of atom  527 in C:/Users/student/Desktop/Dokowanko/beta1/bialko_beta1 1.pdb, replacing by Du

Warning message: 
set_pdb_atom_types: can't deduce type of atom  528 in C:/Users/student/Desktop/Dokowanko/beta1/bialko_beta1 1.pdb, replacing by Du

Warning message: 
set_pdb_atom_types: can't deduce type of atom  529 in C:/Users/student/Desktop/Dokowanko/beta1/bialko_beta1 1.pdb, replacing by Du

Warning message: 
set_pdb_atom_types: can't deduce type of atom  536 in C:/Users/student/Desktop/Dokowanko/beta1/bialko_beta1 1.pdb, replacing by Du

Warning message: 
set_pdb_atom_types: can't deduce type of atom  537 in C:/Users/student/Desktop/Dokowanko/beta1/bialko_beta1 1.pdb, replacing by Du

Warning message: 
set_pdb_atom_types: can't deduce type of atom  544 in C:/Users/student/Desktop/Dokowanko/beta1/bialko_beta1 1.pdb, replacing by Du

Warning message: 
set_pdb_atom_types: can't deduce type of atom  547 in C:/Users/student/Desktop/Dokowanko/beta1/bialko_beta1 1.pdb, replacing by Du

Warning message: 
set_pdb_atom_types: can't deduce type of atom  549 in C:/Users/student/Desktop/Dokowanko/beta1/bialko_beta1 1.pdb, replacing by Du

Warning message: 
set_pdb_atom_types: can't deduce type of atom  550 in C:/Users/student/Desktop/Dokowanko/beta1/bialko_beta1 1.pdb, replacing by Du

Warning message: 
set_pdb_atom_types: can't deduce type of atom  551 in C:/Users/student/Desktop/Dokowanko/beta1/bialko_beta1 1.pdb, replacing by Du

Warning message: 
set_pdb_atom_types: can't deduce type of atom  568 in C:/Users/student/Desktop/Dokowanko/beta1/bialko_beta1 1.pdb, replacing by Du

Warning message: 
set_pdb_atom_types: can't deduce type of atom  569 in C:/Users/student/Desktop/Dokowanko/beta1/bialko_beta1 1.pdb, replacing by Du

Warning message: 
set_pdb_atom_types: can't deduce type of atom  570 in C:/Users/student/Desktop/Dokowanko/beta1/bialko_beta1 1.pdb, replacing by Du

Warning message: 
set_pdb_atom_types: can't deduce type of atom  571 in C:/Users/student/Desktop/Dokowanko/beta1/bialko_beta1 1.pdb, replacing by Du

Warning message: 
set_pdb_atom_types: can't deduce type of atom  572 in C:/Users/student/Desktop/Dokowanko/beta1/bialko_beta1 1.pdb, replacing by Du

Warning message: 
set_pdb_atom_types: can't deduce type of atom  579 in C:/Users/student/Desktop/Dokowanko/beta1/bialko_beta1 1.pdb, replacing by Du

Warning message: 
set_pdb_atom_types: can't deduce type of atom  580 in C:/Users/student/Desktop/Dokowanko/beta1/bialko_beta1 1.pdb, replacing by Du

Warning message: 
set_pdb_atom_types: can't deduce type of atom  602 in C:/Users/student/Desktop/Dokowanko/beta1/bialko_beta1 1.pdb, replacing by Du

Warning message: 
set_pdb_atom_types: can't deduce type of atom  603 in C:/Users/student/Desktop/Dokowanko/beta1/bialko_beta1 1.pdb, replacing by Du

Warning message: 
set_pdb_atom_types: can't deduce type of atom  610 in C:/Users/student/Desktop/Dokowanko/beta1/bialko_beta1 1.pdb, replacing by Du

Warning message: 
set_pdb_atom_types: can't deduce type of atom  613 in C:/Users/student/Desktop/Dokowanko/beta1/bialko_beta1 1.pdb, replacing by Du

Warning message: 
set_pdb_atom_types: can't deduce type of atom  615 in C:/Users/student/Desktop/Dokowanko/beta1/bialko_beta1 1.pdb, replacing by Du

Warning message: 
set_pdb_atom_types: can't deduce type of atom  616 in C:/Users/student/Desktop/Dokowanko/beta1/bialko_beta1 1.pdb, replacing by Du

Warning message: 
set_pdb_atom_types: can't deduce type of atom  617 in C:/Users/student/Desktop/Dokowanko/beta1/bialko_beta1 1.pdb, replacing by Du

Warning message: 
set_pdb_atom_types: can't deduce type of atom  623 in C:/Users/student/Desktop/Dokowanko/beta1/bialko_beta1 1.pdb, replacing by Du

Warning message: 
set_pdb_atom_types: can't deduce type of atom  637 in C:/Users/student/Desktop/Dokowanko/beta1/bialko_beta1 1.pdb, replacing by Du

Warning message: 
set_pdb_atom_types: can't deduce type of atom  638 in C:/Users/student/Desktop/Dokowanko/beta1/bialko_beta1 1.pdb, replacing by Du

Warning message: 
set_pdb_atom_types: can't deduce type of atom  652 in C:/Users/student/Desktop/Dokowanko/beta1/bialko_beta1 1.pdb, replacing by Du

Warning message: 
set_pdb_atom_types: can't deduce type of atom  653 in C:/Users/student/Desktop/Dokowanko/beta1/bialko_beta1 1.pdb, replacing by Du

Warning message: 
set_pdb_atom_types: can't deduce type of atom  660 in C:/Users/student/Desktop/Dokowanko/beta1/bialko_beta1 1.pdb, replacing by Du

Warning message: 
set_pdb_atom_types: can't deduce type of atom  661 in C:/Users/student/Desktop/Dokowanko/beta1/bialko_beta1 1.pdb, replacing by Du

Warning message: 
set_pdb_atom_types: can't deduce type of atom  673 in C:/Users/student/Desktop/Dokowanko/beta1/bialko_beta1 1.pdb, replacing by Du

Warning message: 
set_pdb_atom_types: can't deduce type of atom  674 in C:/Users/student/Desktop/Dokowanko/beta1/bialko_beta1 1.pdb, replacing by Du

Warning message: 
set_pdb_atom_types: can't deduce type of atom  680 in C:/Users/student/Desktop/Dokowanko/beta1/bialko_beta1 1.pdb, replacing by Du

Warning message: 
set_pdb_atom_types: can't deduce type of atom  686 in C:/Users/student/Desktop/Dokowanko/beta1/bialko_beta1 1.pdb, replacing by Du

Warning message: 
set_pdb_atom_types: can't deduce type of atom  698 in C:/Users/student/Desktop/Dokowanko/beta1/bialko_beta1 1.pdb, replacing by Du

Warning message: 
set_pdb_atom_types: can't deduce type of atom  699 in C:/Users/student/Desktop/Dokowanko/beta1/bialko_beta1 1.pdb, replacing by Du

Warning message: 
set_pdb_atom_types: can't deduce type of atom  714 in C:/Users/student/Desktop/Dokowanko/beta1/bialko_beta1 1.pdb, replacing by Du

Warning message: 
set_pdb_atom_types: can't deduce type of atom  722 in C:/Users/student/Desktop/Dokowanko/beta1/bialko_beta1 1.pdb, replacing by Du

Warning message: 
set_pdb_atom_types: can't deduce type of atom  723 in C:/Users/student/Desktop/Dokowanko/beta1/bialko_beta1 1.pdb, replacing by Du

Warning message: 
set_pdb_atom_types: can't deduce type of atom  735 in C:/Users/student/Desktop/Dokowanko/beta1/bialko_beta1 1.pdb, replacing by Du

Warning message: 
set_pdb_atom_types: can't deduce type of atom  736 in C:/Users/student/Desktop/Dokowanko/beta1/bialko_beta1 1.pdb, replacing by Du

Warning message: 
set_pdb_atom_types: can't deduce type of atom  743 in C:/Users/student/Desktop/Dokowanko/beta1/bialko_beta1 1.pdb, replacing by Du

Warning message: 
set_pdb_atom_types: can't deduce type of atom  744 in C:/Users/student/Desktop/Dokowanko/beta1/bialko_beta1 1.pdb, replacing by Du

Warning message: 
set_pdb_atom_types: can't deduce type of atom  749 in C:/Users/student/Desktop/Dokowanko/beta1/bialko_beta1 1.pdb, replacing by Du

Warning message: 
set_pdb_atom_types: can't deduce type of atom  756 in C:/Users/student/Desktop/Dokowanko/beta1/bialko_beta1 1.pdb, replacing by Du

Warning message: 
set_pdb_atom_types: can't deduce type of atom  757 in C:/Users/student/Desktop/Dokowanko/beta1/bialko_beta1 1.pdb, replacing by Du

Warning message: 
set_pdb_atom_types: can't deduce type of atom  775 in C:/Users/student/Desktop/Dokowanko/beta1/bialko_beta1 1.pdb, replacing by Du

Warning message: 
set_pdb_atom_types: can't deduce type of atom  776 in C:/Users/student/Desktop/Dokowanko/beta1/bialko_beta1 1.pdb, replacing by Du

Warning message: 
set_pdb_atom_types: can't deduce type of atom  783 in C:/Users/student/Desktop/Dokowanko/beta1/bialko_beta1 1.pdb, replacing by Du

Warning message: 
set_pdb_atom_types: can't deduce type of atom  784 in C:/Users/student/Desktop/Dokowanko/beta1/bialko_beta1 1.pdb, replacing by Du

Warning message: 
set_pdb_atom_types: can't deduce type of atom  785 in C:/Users/student/Desktop/Dokowanko/beta1/bialko_beta1 1.pdb, replacing by Du

Warning message: 
set_pdb_atom_types: can't deduce type of atom  786 in C:/Users/student/Desktop/Dokowanko/beta1/bialko_beta1 1.pdb, replacing by Du

Warning message: 
set_pdb_atom_types: can't deduce type of atom  795 in C:/Users/student/Desktop/Dokowanko/beta1/bialko_beta1 1.pdb, replacing by Du

Warning message: 
set_pdb_atom_types: can't deduce type of atom  796 in C:/Users/student/Desktop/Dokowanko/beta1/bialko_beta1 1.pdb, replacing by Du

Warning message: 
set_pdb_atom_types: can't deduce type of atom  801 in C:/Users/student/Desktop/Dokowanko/beta1/bialko_beta1 1.pdb, replacing by Du

Warning message: 
set_pdb_atom_types: can't deduce type of atom  808 in C:/Users/student/Desktop/Dokowanko/beta1/bialko_beta1 1.pdb, replacing by Du

Warning message: 
set_pdb_atom_types: can't deduce type of atom  809 in C:/Users/student/Desktop/Dokowanko/beta1/bialko_beta1 1.pdb, replacing by Du

Warning message: 
set_pdb_atom_types: can't deduce type of atom  815 in C:/Users/student/Desktop/Dokowanko/beta1/bialko_beta1 1.pdb, replacing by Du

Warning message: 
set_pdb_atom_types: can't deduce type of atom  836 in C:/Users/student/Desktop/Dokowanko/beta1/bialko_beta1 1.pdb, replacing by Du

Warning message: 
set_pdb_atom_types: can't deduce type of atom  837 in C:/Users/student/Desktop/Dokowanko/beta1/bialko_beta1 1.pdb, replacing by Du

Warning message: 
set_pdb_atom_types: can't deduce type of atom  838 in C:/Users/student/Desktop/Dokowanko/beta1/bialko_beta1 1.pdb, replacing by Du

Warning message: 
set_pdb_atom_types: can't deduce type of atom  839 in C:/Users/student/Desktop/Dokowanko/beta1/bialko_beta1 1.pdb, replacing by Du

Warning message: 
set_pdb_atom_types: can't deduce type of atom  840 in C:/Users/student/Desktop/Dokowanko/beta1/bialko_beta1 1.pdb, replacing by Du

Warning message: 
set_pdb_atom_types: can't deduce type of atom  850 in C:/Users/student/Desktop/Dokowanko/beta1/bialko_beta1 1.pdb, replacing by Du

Warning message: 
set_pdb_atom_types: can't deduce type of atom  851 in C:/Users/student/Desktop/Dokowanko/beta1/bialko_beta1 1.pdb, replacing by Du

Warning message: 
set_pdb_atom_types: can't deduce type of atom  858 in C:/Users/student/Desktop/Dokowanko/beta1/bialko_beta1 1.pdb, replacing by Du

Warning message: 
set_pdb_atom_types: can't deduce type of atom  859 in C:/Users/student/Desktop/Dokowanko/beta1/bialko_beta1 1.pdb, replacing by Du

Warning message: 
set_pdb_atom_types: can't deduce type of atom  860 in C:/Users/student/Desktop/Dokowanko/beta1/bialko_beta1 1.pdb, replacing by Du

Warning message: 
set_pdb_atom_types: can't deduce type of atom  861 in C:/Users/student/Desktop/Dokowanko/beta1/bialko_beta1 1.pdb, replacing by Du

Warning message: 
set_pdb_atom_types: can't deduce type of atom  871 in C:/Users/student/Desktop/Dokowanko/beta1/bialko_beta1 1.pdb, replacing by Du

Warning message: 
set_pdb_atom_types: can't deduce type of atom  885 in C:/Users/student/Desktop/Dokowanko/beta1/bialko_beta1 1.pdb, replacing by Du

Warning message: 
set_pdb_atom_types: can't deduce type of atom  886 in C:/Users/student/Desktop/Dokowanko/beta1/bialko_beta1 1.pdb, replacing by Du

Warning message: 
set_pdb_atom_types: can't deduce type of atom  894 in C:/Users/student/Desktop/Dokowanko/beta1/bialko_beta1 1.pdb, replacing by Du

Warning message: 
set_pdb_atom_types: can't deduce type of atom  900 in C:/Users/student/Desktop/Dokowanko/beta1/bialko_beta1 1.pdb, replacing by Du

Warning message: 
set_pdb_atom_types: can't deduce type of atom  911 in C:/Users/student/Desktop/Dokowanko/beta1/bialko_beta1 1.pdb, replacing by Du

Warning message: 
set_pdb_atom_types: can't deduce type of atom  912 in C:/Users/student/Desktop/Dokowanko/beta1/bialko_beta1 1.pdb, replacing by Du

Warning message: 
set_pdb_atom_types: can't deduce type of atom  917 in C:/Users/student/Desktop/Dokowanko/beta1/bialko_beta1 1.pdb, replacing by Du

Warning message: 
set_pdb_atom_types: can't deduce type of atom  927 in C:/Users/student/Desktop/Dokowanko/beta1/bialko_beta1 1.pdb, replacing by Du

Warning message: 
set_pdb_atom_types: can't deduce type of atom  928 in C:/Users/student/Desktop/Dokowanko/beta1/bialko_beta1 1.pdb, replacing by Du

Warning message: 
set_pdb_atom_types: can't deduce type of atom  933 in C:/Users/student/Desktop/Dokowanko/beta1/bialko_beta1 1.pdb, replacing by Du

Warning message: 
set_pdb_atom_types: can't deduce type of atom  942 in C:/Users/student/Desktop/Dokowanko/beta1/bialko_beta1 1.pdb, replacing by Du

Warning message: 
set_pdb_atom_types: can't deduce type of atom  948 in C:/Users/student/Desktop/Dokowanko/beta1/bialko_beta1 1.pdb, replacing by Du

Warning message: 
set_pdb_atom_types: can't deduce type of atom  949 in C:/Users/student/Desktop/Dokowanko/beta1/bialko_beta1 1.pdb, replacing by Du

Warning message: 
set_pdb_atom_types: can't deduce type of atom  956 in C:/Users/student/Desktop/Dokowanko/beta1/bialko_beta1 1.pdb, replacing by Du

Warning message: 
set_pdb_atom_types: can't deduce type of atom  957 in C:/Users/student/Desktop/Dokowanko/beta1/bialko_beta1 1.pdb, replacing by Du

Warning message: 
set_pdb_atom_types: can't deduce type of atom  964 in C:/Users/student/Desktop/Dokowanko/beta1/bialko_beta1 1.pdb, replacing by Du

Warning message: 
set_pdb_atom_types: can't deduce type of atom  965 in C:/Users/student/Desktop/Dokowanko/beta1/bialko_beta1 1.pdb, replacing by Du

Warning message: 
set_pdb_atom_types: can't deduce type of atom  972 in C:/Users/student/Desktop/Dokowanko/beta1/bialko_beta1 1.pdb, replacing by Du

Warning message: 
set_pdb_atom_types: can't deduce type of atom  980 in C:/Users/student/Desktop/Dokowanko/beta1/bialko_beta1 1.pdb, replacing by Du

Warning message: 
set_pdb_atom_types: can't deduce type of atom  987 in C:/Users/student/Desktop/Dokowanko/beta1/bialko_beta1 1.pdb, replacing by Du

Warning message: 
set_pdb_atom_types: can't deduce type of atom  988 in C:/Users/student/Desktop/Dokowanko/beta1/bialko_beta1 1.pdb, replacing by Du

Warning message: 
set_pdb_atom_types: can't deduce type of atom  995 in C:/Users/student/Desktop/Dokowanko/beta1/bialko_beta1 1.pdb, replacing by Du

Warning message: 
set_pdb_atom_types: can't deduce type of atom  998 in C:/Users/student/Desktop/Dokowanko/beta1/bialko_beta1 1.pdb, replacing by Du

Warning message: 
set_pdb_atom_types: can't deduce type of atom 1000 in C:/Users/student/Desktop/Dokowanko/beta1/bialko_beta1 1.pdb, replacing by Du

Warning message: 
set_pdb_atom_types: can't deduce type of atom 1001 in C:/Users/student/Desktop/Dokowanko/beta1/bialko_beta1 1.pdb, replacing by Du

Warning message: 
set_pdb_atom_types: can't deduce type of atom 1002 in C:/Users/student/Desktop/Dokowanko/beta1/bialko_beta1 1.pdb, replacing by Du

Warning message: 
set_pdb_atom_types: can't deduce type of atom 1007 in C:/Users/student/Desktop/Dokowanko/beta1/bialko_beta1 1.pdb, replacing by Du

Warning message: 
set_pdb_atom_types: can't deduce type of atom 1014 in C:/Users/student/Desktop/Dokowanko/beta1/bialko_beta1 1.pdb, replacing by Du

Warning message: 
set_pdb_atom_types: can't deduce type of atom 1015 in C:/Users/student/Desktop/Dokowanko/beta1/bialko_beta1 1.pdb, replacing by Du

Warning message: 
set_pdb_atom_types: can't deduce type of atom 1026 in C:/Users/student/Desktop/Dokowanko/beta1/bialko_beta1 1.pdb, replacing by Du

Warning message: 
set_pdb_atom_types: can't deduce type of atom 1033 in C:/Users/student/Desktop/Dokowanko/beta1/bialko_beta1 1.pdb, replacing by Du

Warning message: 
set_pdb_atom_types: can't deduce type of atom 1034 in C:/Users/student/Desktop/Dokowanko/beta1/bialko_beta1 1.pdb, replacing by Du

Warning message: 
set_pdb_atom_types: can't deduce type of atom 1040 in C:/Users/student/Desktop/Dokowanko/beta1/bialko_beta1 1.pdb, replacing by Du

Warning message: 
set_pdb_atom_types: can't deduce type of atom 1041 in C:/Users/student/Desktop/Dokowanko/beta1/bialko_beta1 1.pdb, replacing by Du

Warning message: 
set_pdb_atom_types: can't deduce type of atom 1054 in C:/Users/student/Desktop/Dokowanko/beta1/bialko_beta1 1.pdb, replacing by Du

Warning message: 
set_pdb_atom_types: can't deduce type of atom 1055 in C:/Users/student/Desktop/Dokowanko/beta1/bialko_beta1 1.pdb, replacing by Du

Warning message: 
set_pdb_atom_types: can't deduce type of atom 1056 in C:/Users/student/Desktop/Dokowanko/beta1/bialko_beta1 1.pdb, replacing by Du

Warning message: 
set_pdb_atom_types: can't deduce type of atom 1057 in C:/Users/student/Desktop/Dokowanko/beta1/bialko_beta1 1.pdb, replacing by Du

Warning message: 
set_pdb_atom_types: can't deduce type of atom 1058 in C:/Users/student/Desktop/Dokowanko/beta1/bialko_beta1 1.pdb, replacing by Du

Warning message: 
set_pdb_atom_types: can't deduce type of atom 1065 in C:/Users/student/Desktop/Dokowanko/beta1/bialko_beta1 1.pdb, replacing by Du

Warning message: 
set_pdb_atom_types: can't deduce type of atom 1066 in C:/Users/student/Desktop/Dokowanko/beta1/bialko_beta1 1.pdb, replacing by Du

Warning message: 
set_pdb_atom_types: can't deduce type of atom 1080 in C:/Users/student/Desktop/Dokowanko/beta1/bialko_beta1 1.pdb, replacing by Du

Warning message: 
set_pdb_atom_types: can't deduce type of atom 1081 in C:/Users/student/Desktop/Dokowanko/beta1/bialko_beta1 1.pdb, replacing by Du

Warning message: 
set_pdb_atom_types: can't deduce type of atom 1089 in C:/Users/student/Desktop/Dokowanko/beta1/bialko_beta1 1.pdb, replacing by Du

Warning message: 
set_pdb_atom_types: can't deduce type of atom 1097 in C:/Users/student/Desktop/Dokowanko/beta1/bialko_beta1 1.pdb, replacing by Du

Warning message: 
set_pdb_atom_types: can't deduce type of atom 1104 in C:/Users/student/Desktop/Dokowanko/beta1/bialko_beta1 1.pdb, replacing by Du

Warning message: 
set_pdb_atom_types: can't deduce type of atom 1114 in C:/Users/student/Desktop/Dokowanko/beta1/bialko_beta1 1.pdb, replacing by Du

Warning message: 
set_pdb_atom_types: can't deduce type of atom 1117 in C:/Users/student/Desktop/Dokowanko/beta1/bialko_beta1 1.pdb, replacing by Du

Warning message: 
set_pdb_atom_types: can't deduce type of atom 1119 in C:/Users/student/Desktop/Dokowanko/beta1/bialko_beta1 1.pdb, replacing by Du

Warning message: 
set_pdb_atom_types: can't deduce type of atom 1120 in C:/Users/student/Desktop/Dokowanko/beta1/bialko_beta1 1.pdb, replacing by Du

Warning message: 
set_pdb_atom_types: can't deduce type of atom 1121 in C:/Users/student/Desktop/Dokowanko/beta1/bialko_beta1 1.pdb, replacing by Du

Warning message: 
set_pdb_atom_types: can't deduce type of atom 1128 in C:/Users/student/Desktop/Dokowanko/beta1/bialko_beta1 1.pdb, replacing by Du

Warning message: 
set_pdb_atom_types: can't deduce type of atom 1131 in C:/Users/student/Desktop/Dokowanko/beta1/bialko_beta1 1.pdb, replacing by Du

Warning message: 
set_pdb_atom_types: can't deduce type of atom 1133 in C:/Users/student/Desktop/Dokowanko/beta1/bialko_beta1 1.pdb, replacing by Du

Warning message: 
set_pdb_atom_types: can't deduce type of atom 1134 in C:/Users/student/Desktop/Dokowanko/beta1/bialko_beta1 1.pdb, replacing by Du

Warning message: 
set_pdb_atom_types: can't deduce type of atom 1135 in C:/Users/student/Desktop/Dokowanko/beta1/bialko_beta1 1.pdb, replacing by Du

Warning message: 
set_pdb_atom_types: can't deduce type of atom 1145 in C:/Users/student/Desktop/Dokowanko/beta1/bialko_beta1 1.pdb, replacing by Du

Warning message: 
set_pdb_atom_types: can't deduce type of atom 1146 in C:/Users/student/Desktop/Dokowanko/beta1/bialko_beta1 1.pdb, replacing by Du

Warning message: 
set_pdb_atom_types: can't deduce type of atom 1186 in C:/Users/student/Desktop/Dokowanko/beta1/bialko_beta1 1.pdb, replacing by Du

Warning message: 
set_pdb_atom_types: can't deduce type of atom 1192 in C:/Users/student/Desktop/Dokowanko/beta1/bialko_beta1 1.pdb, replacing by Du

Warning message: 
set_pdb_atom_types: can't deduce type of atom 1199 in C:/Users/student/Desktop/Dokowanko/beta1/bialko_beta1 1.pdb, replacing by Du

Warning message: 
set_pdb_atom_types: can't deduce type of atom 1200 in C:/Users/student/Desktop/Dokowanko/beta1/bialko_beta1 1.pdb, replacing by Du

Warning message: 
set_pdb_atom_types: can't deduce type of atom 1209 in C:/Users/student/Desktop/Dokowanko/beta1/bialko_beta1 1.pdb, replacing by Du

Warning message: 
set_pdb_atom_types: can't deduce type of atom 1222 in C:/Users/student/Desktop/Dokowanko/beta1/bialko_beta1 1.pdb, replacing by Du

Warning message: 
set_pdb_atom_types: can't deduce type of atom 1223 in C:/Users/student/Desktop/Dokowanko/beta1/bialko_beta1 1.pdb, replacing by Du

Warning message: 
set_pdb_atom_types: can't deduce type of atom 1224 in C:/Users/student/Desktop/Dokowanko/beta1/bialko_beta1 1.pdb, replacing by Du

Warning message: 
set_pdb_atom_types: can't deduce type of atom 1225 in C:/Users/student/Desktop/Dokowanko/beta1/bialko_beta1 1.pdb, replacing by Du

Warning message: 
set_pdb_atom_types: can't deduce type of atom 1235 in C:/Users/student/Desktop/Dokowanko/beta1/bialko_beta1 1.pdb, replacing by Du

Warning message: 
set_pdb_atom_types: can't deduce type of atom 1282 in C:/Users/student/Desktop/Dokowanko/beta1/bialko_beta1 1.pdb, replacing by Du

Warning message: 
set_pdb_atom_types: can't deduce type of atom 1283 in C:/Users/student/Desktop/Dokowanko/beta1/bialko_beta1 1.pdb, replacing by Du

Warning message: 
set_pdb_atom_types: can't deduce type of atom 1284 in C:/Users/student/Desktop/Dokowanko/beta1/bialko_beta1 1.pdb, replacing by Du

Warning message: 
set_pdb_atom_types: can't deduce type of atom 1285 in C:/Users/student/Desktop/Dokowanko/beta1/bialko_beta1 1.pdb, replacing by Du

Warning message: 
set_pdb_atom_types: can't deduce type of atom 1286 in C:/Users/student/Desktop/Dokowanko/beta1/bialko_beta1 1.pdb, replacing by Du

Warning message: 
set_pdb_atom_types: can't deduce type of atom 1292 in C:/Users/student/Desktop/Dokowanko/beta1/bialko_beta1 1.pdb, replacing by Du

Warning message: 
set_pdb_atom_types: can't deduce type of atom 1293 in C:/Users/student/Desktop/Dokowanko/beta1/bialko_beta1 1.pdb, replacing by Du

Warning message: 
set_pdb_atom_types: can't deduce type of atom 1299 in C:/Users/student/Desktop/Dokowanko/beta1/bialko_beta1 1.pdb, replacing by Du

Warning message: 
set_pdb_atom_types: can't deduce type of atom 1307 in C:/Users/student/Desktop/Dokowanko/beta1/bialko_beta1 1.pdb, replacing by Du

Warning message: 
set_pdb_atom_types: can't deduce type of atom 1318 in C:/Users/student/Desktop/Dokowanko/beta1/bialko_beta1 1.pdb, replacing by Du

Warning message: 
set_pdb_atom_types: can't deduce type of atom 1319 in C:/Users/student/Desktop/Dokowanko/beta1/bialko_beta1 1.pdb, replacing by Du

Warning message: 
set_pdb_atom_types: can't deduce type of atom 1324 in C:/Users/student/Desktop/Dokowanko/beta1/bialko_beta1 1.pdb, replacing by Du

Warning message: 
set_pdb_atom_types: can't deduce type of atom 1331 in C:/Users/student/Desktop/Dokowanko/beta1/bialko_beta1 1.pdb, replacing by Du

Warning message: 
set_pdb_atom_types: can't deduce type of atom 1332 in C:/Users/student/Desktop/Dokowanko/beta1/bialko_beta1 1.pdb, replacing by Du

Warning message: 
set_pdb_atom_types: can't deduce type of atom 1333 in C:/Users/student/Desktop/Dokowanko/beta1/bialko_beta1 1.pdb, replacing by Du

Warning message: 
set_pdb_atom_types: can't deduce type of atom 1334 in C:/Users/student/Desktop/Dokowanko/beta1/bialko_beta1 1.pdb, replacing by Du

Warning message: 
set_pdb_atom_types: can't deduce type of atom 1341 in C:/Users/student/Desktop/Dokowanko/beta1/bialko_beta1 1.pdb, replacing by Du

Warning message: 
set_pdb_atom_types: can't deduce type of atom 1348 in C:/Users/student/Desktop/Dokowanko/beta1/bialko_beta1 1.pdb, replacing by Du

Warning message: 
set_pdb_atom_types: can't deduce type of atom 1349 in C:/Users/student/Desktop/Dokowanko/beta1/bialko_beta1 1.pdb, replacing by Du

Warning message: 
set_pdb_atom_types: can't deduce type of atom 1354 in C:/Users/student/Desktop/Dokowanko/beta1/bialko_beta1 1.pdb, replacing by Du

Warning message: 
set_pdb_atom_types: can't deduce type of atom 1373 in C:/Users/student/Desktop/Dokowanko/beta1/bialko_beta1 1.pdb, replacing by Du

Warning message: 
set_pdb_atom_types: can't deduce type of atom 1374 in C:/Users/student/Desktop/Dokowanko/beta1/bialko_beta1 1.pdb, replacing by Du

Warning message: 
set_pdb_atom_types: can't deduce type of atom 1381 in C:/Users/student/Desktop/Dokowanko/beta1/bialko_beta1 1.pdb, replacing by Du

Warning message: 
set_pdb_atom_types: can't deduce type of atom 1382 in C:/Users/student/Desktop/Dokowanko/beta1/bialko_beta1 1.pdb, replacing by Du

Warning message: 
set_pdb_atom_types: can't deduce type of atom 1395 in C:/Users/student/Desktop/Dokowanko/beta1/bialko_beta1 1.pdb, replacing by Du

Warning message: 
set_pdb_atom_types: can't deduce type of atom 1396 in C:/Users/student/Desktop/Dokowanko/beta1/bialko_beta1 1.pdb, replacing by Du

Warning message: 
set_pdb_atom_types: can't deduce type of atom 1397 in C:/Users/student/Desktop/Dokowanko/beta1/bialko_beta1 1.pdb, replacing by Du

Warning message: 
set_pdb_atom_types: can't deduce type of atom 1398 in C:/Users/student/Desktop/Dokowanko/beta1/bialko_beta1 1.pdb, replacing by Du

Warning message: 
set_pdb_atom_types: can't deduce type of atom 1399 in C:/Users/student/Desktop/Dokowanko/beta1/bialko_beta1 1.pdb, replacing by Du

Warning message: 
set_pdb_atom_types: can't deduce type of atom 1406 in C:/Users/student/Desktop/Dokowanko/beta1/bialko_beta1 1.pdb, replacing by Du

Warning message: 
set_pdb_atom_types: can't deduce type of atom 1407 in C:/Users/student/Desktop/Dokowanko/beta1/bialko_beta1 1.pdb, replacing by Du

Warning message: 
set_pdb_atom_types: can't deduce type of atom 1408 in C:/Users/student/Desktop/Dokowanko/beta1/bialko_beta1 1.pdb, replacing by Du

Warning message: 
set_pdb_atom_types: can't deduce type of atom 1409 in C:/Users/student/Desktop/Dokowanko/beta1/bialko_beta1 1.pdb, replacing by Du

Warning message: 
set_pdb_atom_types: can't deduce type of atom 1418 in C:/Users/student/Desktop/Dokowanko/beta1/bialko_beta1 1.pdb, replacing by Du

Warning message: 
set_pdb_atom_types: can't deduce type of atom 1419 in C:/Users/student/Desktop/Dokowanko/beta1/bialko_beta1 1.pdb, replacing by Du

Warning message: 
set_pdb_atom_types: can't deduce type of atom 1433 in C:/Users/student/Desktop/Dokowanko/beta1/bialko_beta1 1.pdb, replacing by Du

Warning message: 
set_pdb_atom_types: can't deduce type of atom 1434 in C:/Users/student/Desktop/Dokowanko/beta1/bialko_beta1 1.pdb, replacing by Du

Warning message: 
set_pdb_atom_types: can't deduce type of atom 1441 in C:/Users/student/Desktop/Dokowanko/beta1/bialko_beta1 1.pdb, replacing by Du

Warning message: 
set_pdb_atom_types: can't deduce type of atom 1442 in C:/Users/student/Desktop/Dokowanko/beta1/bialko_beta1 1.pdb, replacing by Du

Warning message: 
set_pdb_atom_types: can't deduce type of atom 1449 in C:/Users/student/Desktop/Dokowanko/beta1/bialko_beta1 1.pdb, replacing by Du

Warning message: 
set_pdb_atom_types: can't deduce type of atom 1450 in C:/Users/student/Desktop/Dokowanko/beta1/bialko_beta1 1.pdb, replacing by Du

Warning message: 
set_pdb_atom_types: can't deduce type of atom 1458 in C:/Users/student/Desktop/Dokowanko/beta1/bialko_beta1 1.pdb, replacing by Du

Warning message: 
set_pdb_atom_types: can't deduce type of atom 1465 in C:/Users/student/Desktop/Dokowanko/beta1/bialko_beta1 1.pdb, replacing by Du

Warning message: 
set_pdb_atom_types: can't deduce type of atom 1466 in C:/Users/student/Desktop/Dokowanko/beta1/bialko_beta1 1.pdb, replacing by Du

Warning message: 
set_pdb_atom_types: can't deduce type of atom 1473 in C:/Users/student/Desktop/Dokowanko/beta1/bialko_beta1 1.pdb, replacing by Du

Warning message: 
set_pdb_atom_types: can't deduce type of atom 1474 in C:/Users/student/Desktop/Dokowanko/beta1/bialko_beta1 1.pdb, replacing by Du

Warning message: 
set_pdb_atom_types: can't deduce type of atom 1475 in C:/Users/student/Desktop/Dokowanko/beta1/bialko_beta1 1.pdb, replacing by Du

Warning message: 
set_pdb_atom_types: can't deduce type of atom 1476 in C:/Users/student/Desktop/Dokowanko/beta1/bialko_beta1 1.pdb, replacing by Du

Warning message: 
set_pdb_atom_types: can't deduce type of atom 1477 in C:/Users/student/Desktop/Dokowanko/beta1/bialko_beta1 1.pdb, replacing by Du

Warning message: 
set_pdb_atom_types: can't deduce type of atom 1483 in C:/Users/student/Desktop/Dokowanko/beta1/bialko_beta1 1.pdb, replacing by Du

Warning message: 
set_pdb_atom_types: can't deduce type of atom 1484 in C:/Users/student/Desktop/Dokowanko/beta1/bialko_beta1 1.pdb, replacing by Du

Warning message: 
set_pdb_atom_types: can't deduce type of atom 1489 in C:/Users/student/Desktop/Dokowanko/beta1/bialko_beta1 1.pdb, replacing by Du

Warning message: 
set_pdb_atom_types: can't deduce type of atom 1496 in C:/Users/student/Desktop/Dokowanko/beta1/bialko_beta1 1.pdb, replacing by Du

Warning message: 
set_pdb_atom_types: can't deduce type of atom 1497 in C:/Users/student/Desktop/Dokowanko/beta1/bialko_beta1 1.pdb, replacing by Du

Warning message: 
set_pdb_atom_types: can't deduce type of atom 1507 in C:/Users/student/Desktop/Dokowanko/beta1/bialko_beta1 1.pdb, replacing by Du

Warning message: 
set_pdb_atom_types: can't deduce type of atom 1508 in C:/Users/student/Desktop/Dokowanko/beta1/bialko_beta1 1.pdb, replacing by Du

Warning message: 
set_pdb_atom_types: can't deduce type of atom 1514 in C:/Users/student/Desktop/Dokowanko/beta1/bialko_beta1 1.pdb, replacing by Du

Warning message: 
set_pdb_atom_types: can't deduce type of atom 1515 in C:/Users/student/Desktop/Dokowanko/beta1/bialko_beta1 1.pdb, replacing by Du

Warning message: 
set_pdb_atom_types: can't deduce type of atom 1522 in C:/Users/student/Desktop/Dokowanko/beta1/bialko_beta1 1.pdb, replacing by Du

Warning message: 
set_pdb_atom_types: can't deduce type of atom 1523 in C:/Users/student/Desktop/Dokowanko/beta1/bialko_beta1 1.pdb, replacing by Du

Warning message: 
set_pdb_atom_types: can't deduce type of atom 1524 in C:/Users/student/Desktop/Dokowanko/beta1/bialko_beta1 1.pdb, replacing by Du

Warning message: 
set_pdb_atom_types: can't deduce type of atom 1525 in C:/Users/student/Desktop/Dokowanko/beta1/bialko_beta1 1.pdb, replacing by Du

Warning message: 
set_pdb_atom_types: can't deduce type of atom 1537 in C:/Users/student/Desktop/Dokowanko/beta1/bialko_beta1 1.pdb, replacing by Du

Warning message: 
set_pdb_atom_types: can't deduce type of atom 1538 in C:/Users/student/Desktop/Dokowanko/beta1/bialko_beta1 1.pdb, replacing by Du

Warning message: 
set_pdb_atom_types: can't deduce type of atom 1552 in C:/Users/student/Desktop/Dokowanko/beta1/bialko_beta1 1.pdb, replacing by Du

Warning message: 
set_pdb_atom_types: can't deduce type of atom 1561 in C:/Users/student/Desktop/Dokowanko/beta1/bialko_beta1 1.pdb, replacing by Du

Warning message: 
set_pdb_atom_types: can't deduce type of atom 1578 in C:/Users/student/Desktop/Dokowanko/beta1/bialko_beta1 1.pdb, replacing by Du

Warning message: 
set_pdb_atom_types: can't deduce type of atom 1586 in C:/Users/student/Desktop/Dokowanko/beta1/bialko_beta1 1.pdb, replacing by Du

Warning message: 
set_pdb_atom_types: can't deduce type of atom 1587 in C:/Users/student/Desktop/Dokowanko/beta1/bialko_beta1 1.pdb, replacing by Du

Warning message: 
set_pdb_atom_types: can't deduce type of atom 1597 in C:/Users/student/Desktop/Dokowanko/beta1/bialko_beta1 1.pdb, replacing by Du

Warning message: 
set_pdb_atom_types: can't deduce type of atom 1598 in C:/Users/student/Desktop/Dokowanko/beta1/bialko_beta1 1.pdb, replacing by Du

Warning message: 
set_pdb_atom_types: can't deduce type of atom 1607 in C:/Users/student/Desktop/Dokowanko/beta1/bialko_beta1 1.pdb, replacing by Du

Warning message: 
set_pdb_atom_types: can't deduce type of atom 1608 in C:/Users/student/Desktop/Dokowanko/beta1/bialko_beta1 1.pdb, replacing by Du

Warning message: 
set_pdb_atom_types: can't deduce type of atom 1617 in C:/Users/student/Desktop/Dokowanko/beta1/bialko_beta1 1.pdb, replacing by Du

Warning message: 
set_pdb_atom_types: can't deduce type of atom 1618 in C:/Users/student/Desktop/Dokowanko/beta1/bialko_beta1 1.pdb, replacing by Du

Warning message: 
set_pdb_atom_types: can't deduce type of atom 1627 in C:/Users/student/Desktop/Dokowanko/beta1/bialko_beta1 1.pdb, replacing by Du

Warning message: 
set_pdb_atom_types: can't deduce type of atom 1633 in C:/Users/student/Desktop/Dokowanko/beta1/bialko_beta1 1.pdb, replacing by Du

Warning message: 
set_pdb_atom_types: can't deduce type of atom 1650 in C:/Users/student/Desktop/Dokowanko/beta1/bialko_beta1 1.pdb, replacing by Du

Warning message: 
set_pdb_atom_types: can't deduce type of atom 1651 in C:/Users/student/Desktop/Dokowanko/beta1/bialko_beta1 1.pdb, replacing by Du

Warning message: 
set_pdb_atom_types: can't deduce type of atom 1657 in C:/Users/student/Desktop/Dokowanko/beta1/bialko_beta1 1.pdb, replacing by Du

Warning message: 
set_pdb_atom_types: can't deduce type of atom 1658 in C:/Users/student/Desktop/Dokowanko/beta1/bialko_beta1 1.pdb, replacing by Du

Warning message: 
set_pdb_atom_types: can't deduce type of atom 1666 in C:/Users/student/Desktop/Dokowanko/beta1/bialko_beta1 1.pdb, replacing by Du

Warning message: 
set_pdb_atom_types: can't deduce type of atom 1673 in C:/Users/student/Desktop/Dokowanko/beta1/bialko_beta1 1.pdb, replacing by Du

Warning message: 
set_pdb_atom_types: can't deduce type of atom 1674 in C:/Users/student/Desktop/Dokowanko/beta1/bialko_beta1 1.pdb, replacing by Du

Warning message: 
set_pdb_atom_types: can't deduce type of atom 1682 in C:/Users/student/Desktop/Dokowanko/beta1/bialko_beta1 1.pdb, replacing by Du

Warning message: 
set_pdb_atom_types: can't deduce type of atom 1692 in C:/Users/student/Desktop/Dokowanko/beta1/bialko_beta1 1.pdb, replacing by Du

Warning message: 
set_pdb_atom_types: can't deduce type of atom 1693 in C:/Users/student/Desktop/Dokowanko/beta1/bialko_beta1 1.pdb, replacing by Du

Warning message: 
set_pdb_atom_types: can't deduce type of atom 1709 in C:/Users/student/Desktop/Dokowanko/beta1/bialko_beta1 1.pdb, replacing by Du

Warning message: 
set_pdb_atom_types: can't deduce type of atom 1721 in C:/Users/student/Desktop/Dokowanko/beta1/bialko_beta1 1.pdb, replacing by Du

Warning message: 
set_pdb_atom_types: can't deduce type of atom 1726 in C:/Users/student/Desktop/Dokowanko/beta1/bialko_beta1 1.pdb, replacing by Du

Warning message: 
set_pdb_atom_types: can't deduce type of atom 1733 in C:/Users/student/Desktop/Dokowanko/beta1/bialko_beta1 1.pdb, replacing by Du

Warning message: 
set_pdb_atom_types: can't deduce type of atom 1734 in C:/Users/student/Desktop/Dokowanko/beta1/bialko_beta1 1.pdb, replacing by Du

Warning message: 
set_pdb_atom_types: can't deduce type of atom 1743 in C:/Users/student/Desktop/Dokowanko/beta1/bialko_beta1 1.pdb, replacing by Du

Warning message: 
set_pdb_atom_types: can't deduce type of atom 1749 in C:/Users/student/Desktop/Dokowanko/beta1/bialko_beta1 1.pdb, replacing by Du

Warning message: 
set_pdb_atom_types: can't deduce type of atom 1757 in C:/Users/student/Desktop/Dokowanko/beta1/bialko_beta1 1.pdb, replacing by Du

Warning message: 
set_pdb_atom_types: can't deduce type of atom 1758 in C:/Users/student/Desktop/Dokowanko/beta1/bialko_beta1 1.pdb, replacing by Du

Warning message: 
set_pdb_atom_types: can't deduce type of atom 1769 in C:/Users/student/Desktop/Dokowanko/beta1/bialko_beta1 1.pdb, replacing by Du

Warning message: 
set_pdb_atom_types: can't deduce type of atom 1770 in C:/Users/student/Desktop/Dokowanko/beta1/bialko_beta1 1.pdb, replacing by Du

Warning message: 
set_pdb_atom_types: can't deduce type of atom 1777 in C:/Users/student/Desktop/Dokowanko/beta1/bialko_beta1 1.pdb, replacing by Du

Warning message: 
set_pdb_atom_types: can't deduce type of atom 1778 in C:/Users/student/Desktop/Dokowanko/beta1/bialko_beta1 1.pdb, replacing by Du

Warning message: 
set_pdb_atom_types: can't deduce type of atom 1786 in C:/Users/student/Desktop/Dokowanko/beta1/bialko_beta1 1.pdb, replacing by Du

Warning message: 
set_pdb_atom_types: can't deduce type of atom 1796 in C:/Users/student/Desktop/Dokowanko/beta1/bialko_beta1 1.pdb, replacing by Du

Warning message: 
set_pdb_atom_types: can't deduce type of atom 1797 in C:/Users/student/Desktop/Dokowanko/beta1/bialko_beta1 1.pdb, replacing by Du

Warning message: 
set_pdb_atom_types: can't deduce type of atom 1804 in C:/Users/student/Desktop/Dokowanko/beta1/bialko_beta1 1.pdb, replacing by Du

Warning message: 
set_pdb_atom_types: can't deduce type of atom 1805 in C:/Users/student/Desktop/Dokowanko/beta1/bialko_beta1 1.pdb, replacing by Du

Warning message: 
set_pdb_atom_types: can't deduce type of atom 1806 in C:/Users/student/Desktop/Dokowanko/beta1/bialko_beta1 1.pdb, replacing by Du

Warning message: 
set_pdb_atom_types: can't deduce type of atom 1807 in C:/Users/student/Desktop/Dokowanko/beta1/bialko_beta1 1.pdb, replacing by Du

Warning message: 
set_pdb_atom_types: can't deduce type of atom 1808 in C:/Users/student/Desktop/Dokowanko/beta1/bialko_beta1 1.pdb, replacing by Du

Warning message: 
set_pdb_atom_types: can't deduce type of atom 1814 in C:/Users/student/Desktop/Dokowanko/beta1/bialko_beta1 1.pdb, replacing by Du

Warning message: 
set_pdb_atom_types: can't deduce type of atom 1822 in C:/Users/student/Desktop/Dokowanko/beta1/bialko_beta1 1.pdb, replacing by Du

Warning message: 
set_pdb_atom_types: can't deduce type of atom 1823 in C:/Users/student/Desktop/Dokowanko/beta1/bialko_beta1 1.pdb, replacing by Du

Warning message: 
set_pdb_atom_types: can't deduce type of atom 1836 in C:/Users/student/Desktop/Dokowanko/beta1/bialko_beta1 1.pdb, replacing by Du

Warning message: 
set_pdb_atom_types: can't deduce type of atom 1839 in C:/Users/student/Desktop/Dokowanko/beta1/bialko_beta1 1.pdb, replacing by Du

Warning message: 
set_pdb_atom_types: can't deduce type of atom 1841 in C:/Users/student/Desktop/Dokowanko/beta1/bialko_beta1 1.pdb, replacing by Du

Warning message: 
set_pdb_atom_types: can't deduce type of atom 1842 in C:/Users/student/Desktop/Dokowanko/beta1/bialko_beta1 1.pdb, replacing by Du

Warning message: 
set_pdb_atom_types: can't deduce type of atom 1843 in C:/Users/student/Desktop/Dokowanko/beta1/bialko_beta1 1.pdb, replacing by Du

Warning message: 
set_pdb_atom_types: can't deduce type of atom 1850 in C:/Users/student/Desktop/Dokowanko/beta1/bialko_beta1 1.pdb, replacing by Du

Warning message: 
set_pdb_atom_types: can't deduce type of atom 1851 in C:/Users/student/Desktop/Dokowanko/beta1/bialko_beta1 1.pdb, replacing by Du

Warning message: 
set_pdb_atom_types: can't deduce type of atom 1865 in C:/Users/student/Desktop/Dokowanko/beta1/bialko_beta1 1.pdb, replacing by Du

Warning message: 
set_pdb_atom_types: can't deduce type of atom 1866 in C:/Users/student/Desktop/Dokowanko/beta1/bialko_beta1 1.pdb, replacing by Du

Warning message: 
set_pdb_atom_types: can't deduce type of atom 1867 in C:/Users/student/Desktop/Dokowanko/beta1/bialko_beta1 1.pdb, replacing by Du

Warning message: 
set_pdb_atom_types: can't deduce type of atom 1868 in C:/Users/student/Desktop/Dokowanko/beta1/bialko_beta1 1.pdb, replacing by Du

Warning message: 
set_pdb_atom_types: can't deduce type of atom 1869 in C:/Users/student/Desktop/Dokowanko/beta1/bialko_beta1 1.pdb, replacing by Du

Warning message: 
set_pdb_atom_types: can't deduce type of atom 1876 in C:/Users/student/Desktop/Dokowanko/beta1/bialko_beta1 1.pdb, replacing by Du

Warning message: 
set_pdb_atom_types: can't deduce type of atom 1877 in C:/Users/student/Desktop/Dokowanko/beta1/bialko_beta1 1.pdb, replacing by Du

Warning message: 
set_pdb_atom_types: can't deduce type of atom 1878 in C:/Users/student/Desktop/Dokowanko/beta1/bialko_beta1 1.pdb, replacing by Du

Warning message: 
set_pdb_atom_types: can't deduce type of atom 1879 in C:/Users/student/Desktop/Dokowanko/beta1/bialko_beta1 1.pdb, replacing by Du

Warning message: 
set_pdb_atom_types: can't deduce type of atom 1880 in C:/Users/student/Desktop/Dokowanko/beta1/bialko_beta1 1.pdb, replacing by Du

Warning message: 
set_pdb_atom_types: can't deduce type of atom 1887 in C:/Users/student/Desktop/Dokowanko/beta1/bialko_beta1 1.pdb, replacing by Du

Warning message: 
set_pdb_atom_types: can't deduce type of atom 1888 in C:/Users/student/Desktop/Dokowanko/beta1/bialko_beta1 1.pdb, replacing by Du

Warning message: 
set_pdb_atom_types: can't deduce type of atom 1894 in C:/Users/student/Desktop/Dokowanko/beta1/bialko_beta1 1.pdb, replacing by Du

Warning message: 
set_pdb_atom_types: can't deduce type of atom 1895 in C:/Users/student/Desktop/Dokowanko/beta1/bialko_beta1 1.pdb, replacing by Du

Warning message: 
set_pdb_atom_types: can't deduce type of atom 1902 in C:/Users/student/Desktop/Dokowanko/beta1/bialko_beta1 1.pdb, replacing by Du

Warning message: 
set_pdb_atom_types: can't deduce type of atom 1910 in C:/Users/student/Desktop/Dokowanko/beta1/bialko_beta1 1.pdb, replacing by Du

Warning message: 
set_pdb_atom_types: can't deduce type of atom 1911 in C:/Users/student/Desktop/Dokowanko/beta1/bialko_beta1 1.pdb, replacing by Du

Warning message: 
set_pdb_atom_types: can't deduce type of atom 1917 in C:/Users/student/Desktop/Dokowanko/beta1/bialko_beta1 1.pdb, replacing by Du

Warning message: 
set_pdb_atom_types: can't deduce type of atom 1918 in C:/Users/student/Desktop/Dokowanko/beta1/bialko_beta1 1.pdb, replacing by Du

Warning message: 
set_pdb_atom_types: can't deduce type of atom 1925 in C:/Users/student/Desktop/Dokowanko/beta1/bialko_beta1 1.pdb, replacing by Du

Warning message: 
set_pdb_atom_types: can't deduce type of atom 1932 in C:/Users/student/Desktop/Dokowanko/beta1/bialko_beta1 1.pdb, replacing by Du

Warning message: 
set_pdb_atom_types: can't deduce type of atom 1933 in C:/Users/student/Desktop/Dokowanko/beta1/bialko_beta1 1.pdb, replacing by Du

Warning message: 
set_pdb_atom_types: can't deduce type of atom 1940 in C:/Users/student/Desktop/Dokowanko/beta1/bialko_beta1 1.pdb, replacing by Du

Warning message: 
set_pdb_atom_types: can't deduce type of atom 1941 in C:/Users/student/Desktop/Dokowanko/beta1/bialko_beta1 1.pdb, replacing by Du

Warning message: 
set_pdb_atom_types: can't deduce type of atom 1942 in C:/Users/student/Desktop/Dokowanko/beta1/bialko_beta1 1.pdb, replacing by Du

Warning message: 
set_pdb_atom_types: can't deduce type of atom 1943 in C:/Users/student/Desktop/Dokowanko/beta1/bialko_beta1 1.pdb, replacing by Du

Warning message: 
set_pdb_atom_types: can't deduce type of atom 1944 in C:/Users/student/Desktop/Dokowanko/beta1/bialko_beta1 1.pdb, replacing by Du

Warning message: 
set_pdb_atom_types: can't deduce type of atom 1951 in C:/Users/student/Desktop/Dokowanko/beta1/bialko_beta1 1.pdb, replacing by Du

Warning message: 
set_pdb_atom_types: can't deduce type of atom 1962 in C:/Users/student/Desktop/Dokowanko/beta1/bialko_beta1 1.pdb, replacing by Du

Warning message: 
set_pdb_atom_types: can't deduce type of atom 1963 in C:/Users/student/Desktop/Dokowanko/beta1/bialko_beta1 1.pdb, replacing by Du

Warning message: 
set_pdb_atom_types: can't deduce type of atom 1978 in C:/Users/student/Desktop/Dokowanko/beta1/bialko_beta1 1.pdb, replacing by Du

Warning message: 
set_pdb_atom_types: can't deduce type of atom 1979 in C:/Users/student/Desktop/Dokowanko/beta1/bialko_beta1 1.pdb, replacing by Du

Warning message: 
set_pdb_atom_types: can't deduce type of atom 1985 in C:/Users/student/Desktop/Dokowanko/beta1/bialko_beta1 1.pdb, replacing by Du

Warning message: 
set_pdb_atom_types: can't deduce type of atom 1986 in C:/Users/student/Desktop/Dokowanko/beta1/bialko_beta1 1.pdb, replacing by Du

Warning message: 
set_pdb_atom_types: can't deduce type of atom 2002 in C:/Users/student/Desktop/Dokowanko/beta1/bialko_beta1 1.pdb, replacing by Du

Warning message: 
set_pdb_atom_types: can't deduce type of atom 2009 in C:/Users/student/Desktop/Dokowanko/beta1/bialko_beta1 1.pdb, replacing by Du

Warning message: 
set_pdb_atom_types: can't deduce type of atom 2012 in C:/Users/student/Desktop/Dokowanko/beta1/bialko_beta1 1.pdb, replacing by Du

Warning message: 
set_pdb_atom_types: can't deduce type of atom 2014 in C:/Users/student/Desktop/Dokowanko/beta1/bialko_beta1 1.pdb, replacing by Du

Warning message: 
set_pdb_atom_types: can't deduce type of atom 2015 in C:/Users/student/Desktop/Dokowanko/beta1/bialko_beta1 1.pdb, replacing by Du

Warning message: 
set_pdb_atom_types: can't deduce type of atom 2016 in C:/Users/student/Desktop/Dokowanko/beta1/bialko_beta1 1.pdb, replacing by Du

Warning message: 
set_pdb_atom_types: can't deduce type of atom 2023 in C:/Users/student/Desktop/Dokowanko/beta1/bialko_beta1 1.pdb, replacing by Du

Warning message: 
set_pdb_atom_types: can't deduce type of atom 2024 in C:/Users/student/Desktop/Dokowanko/beta1/bialko_beta1 1.pdb, replacing by Du

Warning message: 
set_pdb_atom_types: can't deduce type of atom 2031 in C:/Users/student/Desktop/Dokowanko/beta1/bialko_beta1 1.pdb, replacing by Du

Warning message: 
set_pdb_atom_types: can't deduce type of atom 2032 in C:/Users/student/Desktop/Dokowanko/beta1/bialko_beta1 1.pdb, replacing by Du

Warning message: 
set_pdb_atom_types: can't deduce type of atom 2033 in C:/Users/student/Desktop/Dokowanko/beta1/bialko_beta1 1.pdb, replacing by Du

Warning message: 
set_pdb_atom_types: can't deduce type of atom 2034 in C:/Users/student/Desktop/Dokowanko/beta1/bialko_beta1 1.pdb, replacing by Du

Warning message: 
set_pdb_atom_types: can't deduce type of atom 2035 in C:/Users/student/Desktop/Dokowanko/beta1/bialko_beta1 1.pdb, replacing by Du

Warning message: 
set_pdb_atom_types: can't deduce type of atom 2041 in C:/Users/student/Desktop/Dokowanko/beta1/bialko_beta1 1.pdb, replacing by Du

Warning message: 
set_pdb_atom_types: can't deduce type of atom 2042 in C:/Users/student/Desktop/Dokowanko/beta1/bialko_beta1 1.pdb, replacing by Du

Warning message: 
set_pdb_atom_types: can't deduce type of atom 2047 in C:/Users/student/Desktop/Dokowanko/beta1/bialko_beta1 1.pdb, replacing by Du

Warning message: 
set_pdb_atom_types: can't deduce type of atom 2054 in C:/Users/student/Desktop/Dokowanko/beta1/bialko_beta1 1.pdb, replacing by Du

Warning message: 
set_pdb_atom_types: can't deduce type of atom 2055 in C:/Users/student/Desktop/Dokowanko/beta1/bialko_beta1 1.pdb, replacing by Du

Warning message: 
set_pdb_atom_types: can't deduce type of atom 2056 in C:/Users/student/Desktop/Dokowanko/beta1/bialko_beta1 1.pdb, replacing by Du

Warning message: 
set_pdb_atom_types: can't deduce type of atom 2057 in C:/Users/student/Desktop/Dokowanko/beta1/bialko_beta1 1.pdb, replacing by Du

Warning message: 
set_pdb_atom_types: can't deduce type of atom 2058 in C:/Users/student/Desktop/Dokowanko/beta1/bialko_beta1 1.pdb, replacing by Du

Warning message: 
set_pdb_atom_types: can't deduce type of atom 2065 in C:/Users/student/Desktop/Dokowanko/beta1/bialko_beta1 1.pdb, replacing by Du

Warning message: 
set_pdb_atom_types: can't deduce type of atom 2073 in C:/Users/student/Desktop/Dokowanko/beta1/bialko_beta1 1.pdb, replacing by Du

Warning message: 
set_pdb_atom_types: can't deduce type of atom 2076 in C:/Users/student/Desktop/Dokowanko/beta1/bialko_beta1 1.pdb, replacing by Du

Warning message: 
set_pdb_atom_types: can't deduce type of atom 2078 in C:/Users/student/Desktop/Dokowanko/beta1/bialko_beta1 1.pdb, replacing by Du

Warning message: 
set_pdb_atom_types: can't deduce type of atom 2079 in C:/Users/student/Desktop/Dokowanko/beta1/bialko_beta1 1.pdb, replacing by Du

Warning message: 
set_pdb_atom_types: can't deduce type of atom 2080 in C:/Users/student/Desktop/Dokowanko/beta1/bialko_beta1 1.pdb, replacing by Du

Warning message: 
set_pdb_atom_types: can't deduce type of atom 2087 in C:/Users/student/Desktop/Dokowanko/beta1/bialko_beta1 1.pdb, replacing by Du

Warning message: 
set_pdb_atom_types: can't deduce type of atom 2088 in C:/Users/student/Desktop/Dokowanko/beta1/bialko_beta1 1.pdb, replacing by Du

Warning message: 
set_pdb_atom_types: can't deduce type of atom 2099 in C:/Users/student/Desktop/Dokowanko/beta1/bialko_beta1 1.pdb, replacing by Du

Warning message: 
set_pdb_atom_types: can't deduce type of atom 2100 in C:/Users/student/Desktop/Dokowanko/beta1/bialko_beta1 1.pdb, replacing by Du

Warning message: 
set_pdb_atom_types: can't deduce type of atom 2101 in C:/Users/student/Desktop/Dokowanko/beta1/bialko_beta1 1.pdb, replacing by Du

Warning message: 
set_pdb_atom_types: can't deduce type of atom 2102 in C:/Users/student/Desktop/Dokowanko/beta1/bialko_beta1 1.pdb, replacing by Du

Warning message: 
set_pdb_atom_types: can't deduce type of atom 2109 in C:/Users/student/Desktop/Dokowanko/beta1/bialko_beta1 1.pdb, replacing by Du

Warning message: 
set_pdb_atom_types: can't deduce type of atom 2116 in C:/Users/student/Desktop/Dokowanko/beta1/bialko_beta1 1.pdb, replacing by Du

Warning message: 
set_pdb_atom_types: can't deduce type of atom 2128 in C:/Users/student/Desktop/Dokowanko/beta1/bialko_beta1 1.pdb, replacing by Du

Warning message: 
set_pdb_atom_types: can't deduce type of atom 2136 in C:/Users/student/Desktop/Dokowanko/beta1/bialko_beta1 1.pdb, replacing by Du

Warning message: 
set_pdb_atom_types: can't deduce type of atom 2143 in C:/Users/student/Desktop/Dokowanko/beta1/bialko_beta1 1.pdb, replacing by Du

Warning message: 
set_pdb_atom_types: can't deduce type of atom 2158 in C:/Users/student/Desktop/Dokowanko/beta1/bialko_beta1 1.pdb, replacing by Du

Warning message: 
set_pdb_atom_types: can't deduce type of atom 2159 in C:/Users/student/Desktop/Dokowanko/beta1/bialko_beta1 1.pdb, replacing by Du

Warning message: 
set_pdb_atom_types: can't deduce type of atom 2166 in C:/Users/student/Desktop/Dokowanko/beta1/bialko_beta1 1.pdb, replacing by Du

Warning message: 
set_pdb_atom_types: can't deduce type of atom 2167 in C:/Users/student/Desktop/Dokowanko/beta1/bialko_beta1 1.pdb, replacing by Du

Warning message: 
set_pdb_atom_types: can't deduce type of atom 2174 in C:/Users/student/Desktop/Dokowanko/beta1/bialko_beta1 1.pdb, replacing by Du

Warning message: 
set_pdb_atom_types: can't deduce type of atom 2175 in C:/Users/student/Desktop/Dokowanko/beta1/bialko_beta1 1.pdb, replacing by Du

Warning message: 
set_pdb_atom_types: can't deduce type of atom 2191 in C:/Users/student/Desktop/Dokowanko/beta1/bialko_beta1 1.pdb, replacing by Du

Warning message: 
set_pdb_atom_types: can't deduce type of atom 2192 in C:/Users/student/Desktop/Dokowanko/beta1/bialko_beta1 1.pdb, replacing by Du

Warning message: 
set_pdb_atom_types: can't deduce type of atom 2220 in C:/Users/student/Desktop/Dokowanko/beta1/bialko_beta1 1.pdb, replacing by Du

Warning message: 
set_pdb_atom_types: can't deduce type of atom 2221 in C:/Users/student/Desktop/Dokowanko/beta1/bialko_beta1 1.pdb, replacing by Du

Warning message: 
set_pdb_atom_types: can't deduce type of atom 2222 in C:/Users/student/Desktop/Dokowanko/beta1/bialko_beta1 1.pdb, replacing by Du

Warning message: 
set_pdb_atom_types: can't deduce type of atom 2223 in C:/Users/student/Desktop/Dokowanko/beta1/bialko_beta1 1.pdb, replacing by Du

Warning message: 
set_pdb_atom_types: can't deduce type of atom 2224 in C:/Users/student/Desktop/Dokowanko/beta1/bialko_beta1 1.pdb, replacing by Du

Warning message: 
set_pdb_atom_types: can't deduce type of atom 2234 in C:/Users/student/Desktop/Dokowanko/beta1/bialko_beta1 1.pdb, replacing by Du

Warning message: 
set_pdb_atom_types: can't deduce type of atom 2235 in C:/Users/student/Desktop/Dokowanko/beta1/bialko_beta1 1.pdb, replacing by Du

Warning message: 
set_pdb_atom_types: can't deduce type of atom 2244 in C:/Users/student/Desktop/Dokowanko/beta1/bialko_beta1 1.pdb, replacing by Du

Warning message: 
set_pdb_atom_types: can't deduce type of atom 2249 in C:/Users/student/Desktop/Dokowanko/beta1/bialko_beta1 1.pdb, replacing by Du

Warning message: 
set_pdb_atom_types: can't deduce type of atom 2256 in C:/Users/student/Desktop/Dokowanko/beta1/bialko_beta1 1.pdb, replacing by Du

Warning message: 
set_pdb_atom_types: can't deduce type of atom 2257 in C:/Users/student/Desktop/Dokowanko/beta1/bialko_beta1 1.pdb, replacing by Du

Warning message: 
set_pdb_atom_types: can't deduce type of atom 2258 in C:/Users/student/Desktop/Dokowanko/beta1/bialko_beta1 1.pdb, replacing by Du

Warning message: 
set_pdb_atom_types: can't deduce type of atom 2259 in C:/Users/student/Desktop/Dokowanko/beta1/bialko_beta1 1.pdb, replacing by Du

Warning message: 
set_pdb_atom_types: can't deduce type of atom 2260 in C:/Users/student/Desktop/Dokowanko/beta1/bialko_beta1 1.pdb, replacing by Du

Warning message: 
set_pdb_atom_types: can't deduce type of atom 2269 in C:/Users/student/Desktop/Dokowanko/beta1/bialko_beta1 1.pdb, replacing by Du

Warning message: 
set_pdb_atom_types: can't deduce type of atom 2279 in C:/Users/student/Desktop/Dokowanko/beta1/bialko_beta1 1.pdb, replacing by Du

Warning message: 
set_pdb_atom_types: can't deduce type of atom 2280 in C:/Users/student/Desktop/Dokowanko/beta1/bialko_beta1 1.pdb, replacing by Du

Warning message: 
set_pdb_atom_types: can't deduce type of atom 2287 in C:/Users/student/Desktop/Dokowanko/beta1/bialko_beta1 1.pdb, replacing by Du

Warning message: 
set_pdb_atom_types: can't deduce type of atom 2288 in C:/Users/student/Desktop/Dokowanko/beta1/bialko_beta1 1.pdb, replacing by Du

Warning message: 
set_pdb_atom_types: can't deduce type of atom 2295 in C:/Users/student/Desktop/Dokowanko/beta1/bialko_beta1 1.pdb, replacing by Du

Warning message: 
set_pdb_atom_types: can't deduce type of atom 2296 in C:/Users/student/Desktop/Dokowanko/beta1/bialko_beta1 1.pdb, replacing by Du

Warning message: 
set_pdb_atom_types: can't deduce type of atom 2301 in C:/Users/student/Desktop/Dokowanko/beta1/bialko_beta1 1.pdb, replacing by Du

Warning message: 
add_1lp_to_sp3: N.3 atom 1902 has 1 connections

Warning message: 
init_protein: only found 0 h-donors in the active site: check origin and radius

Warning message: 
init_protein: only found 3 h-acceptors in the active site: check origin and radius



********************************************************************************
Ligand in file C:/Users/student/Desktop/Dokowanko/beta1/ligandy/2y02.mol2, named C:\Users\porto\OneDrive\projekt\beta1\ligandy\L_2y02.pdb L_2y02.pdb 1,
starting at address 0 raised the following warnings and/or errors
Warning message: 
set_atom_type: atom    2 in C:/Users/student/Desktop/Dokowanko/beta1/ligandy/2y02.mol2 is type  N.ar ; resetting to type  N.am

Warning message: 
set_bond_type:
 bond    5 in C:/Users/student/Desktop/Dokowanko/beta1/ligandy/2y02.mol2 is type  ar resetting to type  am



********************************************************************************
Ligand in file C:/Users/student/Desktop/Dokowanko/beta1/ligandy/3zpq.mol2, named C:\Users\porto\OneDrive\projekt\beta1\ligandy\L_3zpq.pdb L_3zpq.pdb 1,
starting at address 0 raised the following warnings and/or errors
Warning message: 
set_atom_type: atom    7 in C:/Users/student/Desktop/Dokowanko/beta1/ligandy/3zpq.mol2 is type  N.ar ; resetting to type N.pl3



********************************************************************************
Ligand in file C:/Users/student/Desktop/Dokowanko/beta1/ligandy/4amj.mol2, named C:\Users\porto\OneDrive\projekt\beta1\ligandy\L_4amj.pdb L_4amj.pdb 1,
starting at address 0 raised the following warnings and/or errors
Warning message: 
set_atom_type: atom    2 in C:/Users/student/Desktop/Dokowanko/beta1/ligandy/4amj.mol2 is type  N.ar ; resetting to type N.pl3



********************************************************************************
Ligand in file C:/Users/student/Desktop/Dokowanko/beta1/ligandy/4bvn.mol2, named C:\Users\porto\OneDrive\projekt\beta1\ligandy\L_4bvn.pdb L_4bvn.pdb 1,
starting at address 0 raised the following warnings and/or errors
Warning message: 
set_atom_type: atom    2 in C:/Users/student/Desktop/Dokowanko/beta1/ligandy/4bvn.mol2 is type   N.2 ; resetting to type   N.1

Warning message: 
set_atom_type: atom    3 in C:/Users/student/Desktop/Dokowanko/beta1/ligandy/4bvn.mol2 is type   O.2 ; resetting to type   O.3

Warning message: 
set_atom_type: atom   13 in C:/Users/student/Desktop/Dokowanko/beta1/ligandy/4bvn.mol2 is type   C.1 ; resetting to type   C.2

Warning message: 
check_aromatic_bonds_and_atoms:
 atom    9 in C:/Users/student/Desktop/Dokowanko/beta1/ligandy/4bvn.mol2 is type   C.2 but should be  C.ar

Warning message: 
check_aromatic_bonds_and_atoms:
 bond   15 in C:/Users/student/Desktop/Dokowanko/beta1/ligandy/4bvn.mol2 is type   1 but should be  ar

Warning message: 
check_aromatic_bonds_and_atoms:
 atom    7 in C:/Users/student/Desktop/Dokowanko/beta1/ligandy/4bvn.mol2 is type   C.2 but should be  C.ar

Warning message: 
check_aromatic_bonds_and_atoms:
 bond   16 in C:/Users/student/Desktop/Dokowanko/beta1/ligandy/4bvn.mol2 is type   2 but should be  ar

Warning message: 
check_aromatic_bonds_and_atoms:
 atom   13 in C:/Users/student/Desktop/Dokowanko/beta1/ligandy/4bvn.mol2 is type   C.2 but should be  C.ar

Warning message: 
check_aromatic_bonds_and_atoms:
 bond   23 in C:/Users/student/Desktop/Dokowanko/beta1/ligandy/4bvn.mol2 is type   1 but should be  ar

Warning message: 
check_aromatic_bonds_and_atoms:
 atom   12 in C:/Users/student/Desktop/Dokowanko/beta1/ligandy/4bvn.mol2 is type   C.2 but should be  C.ar

Warning message: 
check_aromatic_bonds_and_atoms:
 bond   21 in C:/Users/student/Desktop/Dokowanko/beta1/ligandy/4bvn.mol2 is type   2 but should be  ar

Warning message: 
check_aromatic_bonds_and_atoms:
 atom   11 in C:/Users/student/Desktop/Dokowanko/beta1/ligandy/4bvn.mol2 is type   C.2 but should be  C.ar

Warning message: 
check_aromatic_bonds_and_atoms:
 bond   19 in C:/Users/student/Desktop/Dokowanko/beta1/ligandy/4bvn.mol2 is type   1 but should be  ar

Warning message: 
check_aromatic_bonds_and_atoms:
 atom   10 in C:/Users/student/Desktop/Dokowanko/beta1/ligandy/4bvn.mol2 is type   C.2 but should be  C.ar

Warning message: 
check_aromatic_bonds_and_atoms:
 bond   18 in C:/Users/student/Desktop/Dokowanko/beta1/ligandy/4bvn.mol2 is type   2 but should be  ar

Warning message: 
The valencies of these atoms are potentially suspicious:

Atom no 2 (N.1) has 2 bond(s), should be 1

This could be because of atom-typing problems for connected atoms,
because of a covalent link, or because your input ligand needs
to be protonated.



********************************************************************************
Ligand in file C:/Users/student/Desktop/Dokowanko/beta1/ligandy/5a8e.mol2, named C:\Users\porto\OneDrive\projekt\beta1\ligandy\L_5a8e.pdb L_5a8e.pdb 1,
starting at address 0 raised the following warnings and/or errors
Warning message: 
set_atom_type: atom    2 in C:/Users/student/Desktop/Dokowanko/beta1/ligandy/5a8e.mol2 is type  N.ar ; resetting to type N.pl3



********************************************************************************
Ligand in file C:/Users/student/Desktop/Dokowanko/beta1/ligandy/6ibl.mol2, named C:\Users\porto\OneDrive\projekt\beta1\ligandy\L_6ibl.pdb L_6ibl.pdb 1,
starting at address 0 raised the following warnings and/or errors
Warning message: 
(thio)amide/urea bond [49 25 5 21] in file:
  C:/Users/student/Desktop/Dokowanko/beta1/ligandy/6ibl.mol2
is out-of-plane ; resetting angle (currently  -27.2)

