# WARNING: atom    7 in E:/Projekt modelowanie/beta2/ligandy/3ny9.mol2 is type   O.2 resetting to type   O.3 (set_atom_type)

--------------------------------------------------------------------------------
--- Ligand                                                                   ---
--------------------------------------------------------------------------------
  Ligand loaded from file                  : E:/Projekt modelowanie/beta2/ligandy/3ny9.mol2
  Ligand name                              :  
  "C:\Users\porto\OneDrive\projekt\beta2\ligandy\L_3ny9.pdb L_3ny9.pdb 1    "

--------------------------------------------------------------------------------
  N.plc donors                             : 
  none found

  Acidic nitrogen acceptors                : 
  none found
  Sulfur acceptors                         :
  none found

  O.3 atom 5 is not an acceptor (skipped)

  Donor atoms                              :      2
  2   11  
  Acceptor atoms                           :      5
  2   3   7   9   11  

  Hydrogens                                :  (n = 2)
  25   31   

  Lone pairs added to molecule             :      9
  Numbering                                : from 50 to 58

--------------------------------------------------------------------------------
--- Postprocessing of typing                                                 ---
--------------------------------------------------------------------------------
  Fragment file                            : C:\Program Files (x86)\CCDC/GoldSuite_2017\GOLD\gold\rotatable_bond_override.mol2
  acylurea fragment                        : no matches
  thioacylthiourea fragment                : no matches
  acylthiourea fragment                    : no matches
  thioacylurea fragment                    : no matches
  diarylamine fragment >C.ar-NH-C.ar<      : no matches
  sec-amine (1) fragment                   : no matches
  sec-amine (2) fragment                   : no matches
  sec-amine (3) fragment                   : no matches
  carboxylic ester                         : no matches

* Rotatable bonds in E:/Projekt modelowan  :
  [   1    5] [   1    8] [   2   21] [   2   22] 
  [   4    5] [   9   18] [   9   19] [  11   20] 
  [  19   20] [  20   21] 
  No. of rotatable bonds                   :     10


* Fragments found in E:/Projekt modelowan  :
  atom  13: benzene
  atom  14: benzene
  atom  15: benzene
  atom  16: benzene
  atom  17: benzene
  atom  18: benzene


* Checking torsion distributions:                                               
  Rotatable bond [ 4  5  1  3] matches torsion: ester
   C | O.3 | C.2 | O.2 
  Rotatable bond [17 18  9 19] matches torsion: ortho-substituoed aromatic-aliphatic ether
   C.ar ( 1H ) | C.ar ( C.ar ( 0H ) ) | O.3 | C.3 ( 2H ) 
  No. of matched torsions                  :      2

--------------------------------------------------------------------------------
--- Shape fitting atoms selection (hydrophobic atoms)                        ---
--------------------------------------------------------------------------------
  Molecule                                 : E:/Projekt modelowanie/beta2/ligandy/3ny9.mol2
  Selection                                : carbons only
  Atom numbers                             :  (n = 12)
  4    6    12   15   16   17   19   20   21   22   
  23   24   


--------------------------------------------------------------------------------
--- ChemScore ligand setup summary                                           ---
--------------------------------------------------------------------------------
  ChemScore ligand acceptors               :      5
  2 3 7 9 11 
  ChemScore ligand donors                  :      2
  2 ( 25  ) 11 ( 31  ) 
  ChemScore ligand CH donors               :      0
  

  ChemScore ligand lipophilic atoms        :  (n = 17)
  4    6    8    10   12   13   14   15   16   17   
  18   19   20   21   22   23   24   

  ChemScore ligand rotatable bonds         :     10
  1   (C1 ) - 5   (O2 ): SP3_SP2_BOND
  1   (C1 ) - 8   (C4 ): SP2_SP2_BOND
  2   (N1 ) - 21  (C15): SP3_SP3_BOND
  2   (N1 ) - 22  (C16): SP3_SP3_BOND
  4   (C2 ) - 5   (O2 ): SP3_SP3_BOND
  9   (O4 ) - 18  (C12): SP3_SP2_BOND
  9   (O4 ) - 19  (C13): SP3_SP3_BOND
  11  (O5 ) - 20  (C14): SP3_SP3_BOND
  19  (C13) - 20  (C14): SP3_SP3_BOND
  20  (C14) - 21  (C15): SP3_SP3_BOND

--------------------------------------------------------------------------------
--- PLP ligand setup summary                                                 ---
--------------------------------------------------------------------------------
    1    C1   C.2 NONPOLAR
    2    N1   N.3 DONACC
    3    O1   O.2 ACCEPTOR
    4    C2   C.3 NONPOLAR
    5    O2   O.3 ACCEPTOR
    6    C3   C.3 NONPOLAR
    7    O3   O.3 ACCEPTOR
    8    C4  C.ar NONPOLAR
    9    O4   O.3 ACCEPTOR
   10    C5  C.ar NONPOLAR
   11    O5   O.3 DONACC
   12    C6   C.3 NONPOLAR
   13    C7  C.ar NONPOLAR
   14    C8  C.ar NONPOLAR
   15    C9  C.ar NONPOLAR
   16   C10  C.ar NONPOLAR
   17   C11  C.ar NONPOLAR
   18   C12  C.ar NONPOLAR
   19   C13   C.3 NONPOLAR
   20   C14   C.3 NONPOLAR
   21   C15   C.3 NONPOLAR
   22   C16   C.3 NONPOLAR
   23   C17   C.3 NONPOLAR
   24   C18   C.3 NONPOLAR

--------------------------------------------------------------------------------
--- Automatic parameter setting                                              ---
--------------------------------------------------------------------------------
  Contribution base                        :   2500
  Contribution per rotatable bond          :   6000
  Contribution per df                      :   4000
  Contribution per water                   :  10000
  Ligand rotatable bonds                   :     10
  Protein flexible side chain bonds        :      0
  Total rotatable bonds                    :     10
  Hydrophobic vol ratio (P/L)              :   0.934
  Base multiplier (polar)                  :   1.400
  Base multiplier (apolar)                 :   2.242
  Base contribution                        : 7500.000
  Fitting points                           :      7
  Estimated maxops needed (optimal)        :  68000

--------------------------------------------------------------------------------

* Population settings                                                           
  maxops                                   :  68000
  popsiz                                   :    100
  select_pressure                          :   1.100
  n_islands                                :      5
  niche_siz                                :      2

* GA settings                                                                   
  pt_crosswt                               :     95
  allele_mutatewt                          :     95
  migratewt                                :     10

* Search settings                                                               
  start_vdw_linear_cutoff                  :   4.000
  initial_virtual_pt_match_max             :   3.000

--------------------------------------------------------------------------------

* Ligand initialisation time :                                                  
  total  0.0001 user  0.0001 sys  0.0000

--------------------------------------------------------------------------------

--------------------------------------------------------------------------------
** Docking run number  1 **
--------------------------------------------------------------------------------
  Rank fitness base is 5000.00 ; increment is 11.2233

* Initialising population(s) ...                                                
Number of constraints mappings 0
Number of constraints 0
  Population no.                           :      1
  Population size                          :    100
  Number of duplicates                     :      0
  Number of niche violations               :      0
  Number of errors                         :      1

Number of constraints mappings 0
Number of constraints 0
  Population no.                           :      2
  Population size                          :    100
  Number of duplicates                     :      0
  Number of niche violations               :      0
  Number of errors                         :      8

Number of constraints mappings 0
Number of constraints 0
  Population no.                           :      3
  Population size                          :    100
  Number of duplicates                     :      0
  Number of niche violations               :      0
  Number of errors                         :      9

Number of constraints mappings 0
Number of constraints 0
  Population no.                           :      4
  Population size                          :    100
  Number of duplicates                     :      0
  Number of niche violations               :      0
  Number of errors                         :      3

Number of constraints mappings 0
Number of constraints 0
  Population no.                           :      5
  Population size                          :    100
  Number of duplicates                     :      0
  Number of niche violations               :      0
  Number of errors                         :      3


Doing GA, no. of population(s) 5 size 100 selection pressure 1.100000

 Operation      Score     S(PLP)   S(hbond)     S(cho)   S(metal)  DE(clash)   DE(tors)     intcor
         0      12.01     -19.33       0.00       0.00       0.00       0.00       4.51       1.30
       344      20.80     -25.37       0.00       0.00       0.00       0.00       2.94       1.30
      2274      27.34     -30.66       0.18       0.00       0.00       0.00       2.25       0.65
      2680      29.96     -33.64       0.00       0.00       0.00       0.00       2.16       0.65
      3865      31.29     -35.03       0.00       0.00       0.00       0.00       2.19       0.64
      3961      32.30     -35.20       0.00       0.00       0.00       0.00       1.77       0.64
      3985      32.34     -33.64       0.80       0.00       0.00       0.00       2.16       0.64
      4450      34.72     -33.64       1.60       0.00       0.00       0.00       2.16       0.63
      6941      35.02     -40.44       0.00       0.00       0.00       0.00       2.94       0.45
      7175      35.65     -42.49       0.00       0.00       0.00       1.69       2.80       0.45
      7500      36.02     -45.33       0.00       0.00       0.00       5.07       2.34       0.45
      7555      38.65     -45.07       0.00       0.00       0.00       1.69       2.59       0.45
      8751      40.45     -45.63       0.00       0.00       0.00       0.00       2.81       0.45
      8850      45.31     -54.12       0.16       0.00       0.00       5.07       2.34       0.45
     11598      46.21     -49.83       0.00       0.00       0.00       1.80       1.13       0.45
     11849      47.15     -50.52       0.00       0.00       0.00       0.00       1.91       0.45
     12616      49.66     -54.57       0.26       0.00       0.00       1.27       2.42       0.45
     12900      53.81     -59.37       0.00       0.00       0.00       0.00       3.01       0.45
     15735      54.31     -56.98       0.00       0.00       0.00       0.00       1.55       0.45
     16585      55.77     -58.43       0.00       0.00       0.00       0.00       1.55       0.45
     16595      56.58     -58.89       0.00       0.00       0.00       0.00       1.38       0.45
     20001      57.38     -58.81       0.00       0.00       0.00       0.00       0.93       0.45
     20340      58.26     -60.93       0.00       0.00       0.00       0.00       1.56       0.45
     20994      59.93     -62.60       0.00       0.00       0.00       0.00       1.56       0.45
     28659      60.29     -62.80       0.00       0.00       0.00       0.00       1.48       0.45
     30522      60.78     -63.51       0.00       0.00       0.00       0.00       1.59       0.45
     31356      62.19     -63.56       0.00       0.00       0.00       0.00       0.91       0.45
     31396      62.52     -63.98       0.00       0.00       0.00       0.00       0.95       0.45
     35733      62.53     -63.86       0.00       0.00       0.00       0.00       0.89       0.45
     36462      62.84     -63.77       0.00       0.00       0.00       0.00       0.69       0.45
     37807      63.40     -64.34       0.00       0.00       0.00       0.00       0.69       0.45
     41525      63.64     -64.40       0.00       0.00       0.00       0.00       0.60       0.45
     42024      63.66     -64.44       0.00       0.00       0.00       0.00       0.61       0.45
     42151      63.97     -64.82       0.00       0.00       0.00       0.00       0.64       0.45
     47296      63.98     -64.80       0.00       0.00       0.00       0.00       0.63       0.45
     47531      64.18     -65.15       0.00       0.00       0.00       0.00       0.71       0.45
     50316      64.19     -65.11       0.00       0.00       0.00       0.00       0.69       0.45
     53656      64.33     -65.21       0.00       0.00       0.00       0.00       0.66       0.45
     58901      64.36     -65.20       0.00       0.00       0.00       0.00       0.64       0.45
     62430      64.39     -65.18       0.00       0.00       0.00       0.00       0.62       0.45
     63297      64.43     -65.32       0.00       0.00       0.00       0.00       0.67       0.45
     63463      64.44     -65.23       0.00       0.00       0.00       0.00       0.62       0.45
     65647      64.51     -65.33       0.00       0.00       0.00       0.00       0.63       0.45
     66942      64.62     -65.45       0.00       0.00       0.00       0.00       0.63       0.45
--------------------------------------------------------------------------------
Best docking solution after GA:
     68000      64.62     -65.45       0.00       0.00       0.00       0.00       0.63       0.45

#ops:      68000 #mutates:  32240 #cross:    32308 #migrate:   3452 
#dups:     16381 #niche:    42696 #errors:     335 
--------------------------------------------------------------------------------

Doing AMOEBA simplex on best individual
Done simplexing #iterations 722, best score  65.95

Ligand is stored in gold_soln_3ny9_m1_1.mol2


--------------------------------------------------------------------------------
--- CHEMPLP breakdown of terms                                               ---
--------------------------------------------------------------------------------
CHEMPLP = - ( 1.0000*S(PLP) + -3.0000*S(hbond) + -6.0000*S(metal) + -3.0000*S(cho) )

Score = CHEMPLP - 1.0000*DE(clash) - 2.0000*DE(tors)

Internal energy term has been corrected with the best internal energy encountered.

--------------------------------------------------------------------------------


     Score     S(PLP)   S(hbond)     S(cho)   S(metal)  DE(clash)   DE(tors)     intcor
     65.95     -66.56       0.00       0.00       0.00       0.00       0.53       0.45

--------------------------------------------------------------------------------
--- PLP analysis of protein-ligand interactions                              ---
--------------------------------------------------------------------------------
hydrogen bonding        :       0.00
metal                   :       0.00
buried (polar-nonpolar) :      -8.36
nonpolar                :     -60.53
repulsive               :       0.18
--------------------------------------------------------------------------------


--------------------------------------------------------------------------------
--- ChemScore analysis of protein-ligand interactions                        ---
--------------------------------------------------------------------------------

* Hydrogen bonds                                                                


* CH..O interactions                                                            
  CH group selection                       : activated ring CH (adjacent to hetatom)

--------------------------------------------------------------------------------


--------------------------------------------------------------------------------
--- Intra-ligand clashes                                                     ---
--------------------------------------------------------------------------------

Ligand
--------------------------------------------------------------------------------


--------------------------------------------------------------------------------
--- Chromosome decoded                                                       ---
--------------------------------------------------------------------------------
Ligand Torsions
[   4    5    1    3]    1.50    matched torsion: ester
[   3    1    8    7]   -2.23
[  22    2   21   20] -144.59
[  23   22    2   21]  -45.75
[   6    4    5    1] -174.32
[  17   18    9   19]   -4.82    matched torsion: ortho-substituoed aromatic-aliphatic ether
[  20   19    9   18] -169.92
[  31   11   20   19]  -11.39
[  11   20   19    9]   46.71
[   2   21   20   11]   52.46
Protein Torsions
[4175 4166 4165 4163]  -81.94 
[1294 1290 1288 1285]  109.14 
[4033 4024 4023 4021]  152.85 
[1412 1408 1406 1403]  112.14 
[2830 2825 2824 2821] -138.14 
[2723 2714 2713 2711]    8.22 
[2773 2768 2767 2764] -148.99 
Mapping
Ligand acceptors to protein hydrogens (mapping then atom ids)
Ligand hydrogens to protein acceptors (mapping then atom ids)
Ligand shape atoms to protein points (mapping then atom ids & coords)
  6  3677 [ 17->(-31.500   7.750   5.750)]
  7  4457 [ 19->(-29.500   9.500   7.000)]
  8  4335 [ 20->(-30.000   9.000   6.750)]
  9  4617 [ 21->(-28.250   8.750   7.250)]
 10  5374 [ 22->(-26.500   9.500   5.750)]
Chromosome values
Integers:
  -1   -1   -1   -1   -1   -1   -1   -1   -1   -1   -1   -1 
3676 4456 4334 4616 5373   -1   -1 
--------------------------------------------------------------------------------

Current Ranking  1

--------------------------------------------------------------------------------

* GA execution time :                                                           
  total  4.0005 user  4.0004 sys  0.0000

--------------------------------------------------------------------------------
Fitness function evaluations: 110184

--------------------------------------------------------------------------------
** Docking run number  2 **
--------------------------------------------------------------------------------
  Rank fitness base is 5000.00 ; increment is 11.2233

* Initialising population(s) ...                                                
Number of constraints mappings 0
Number of constraints 0
  Population no.                           :      1
  Population size                          :    100
  Number of duplicates                     :      0
  Number of niche violations               :      0
  Number of errors                         :      6

Number of constraints mappings 0
Number of constraints 0
  Population no.                           :      2
  Population size                          :    100
  Number of duplicates                     :      0
  Number of niche violations               :      0
  Number of errors                         :      6

Number of constraints mappings 0
Number of constraints 0
  Population no.                           :      3
  Population size                          :    100
  Number of duplicates                     :      0
  Number of niche violations               :      0
  Number of errors                         :     10

Number of constraints mappings 0
Number of constraints 0
  Population no.                           :      4
  Population size                          :    100
  Number of duplicates                     :      0
  Number of niche violations               :      0
  Number of errors                         :      7

Number of constraints mappings 0
Number of constraints 0
  Population no.                           :      5
  Population size                          :    100
  Number of duplicates                     :      0
  Number of niche violations               :      0
  Number of errors                         :      6


Doing GA, no. of population(s) 5 size 100 selection pressure 1.100000

 Operation      Score     S(PLP)   S(hbond)     S(cho)   S(metal)  DE(clash)   DE(tors)     intcor
         0      24.46     -31.70       0.00       0.00       0.00       3.96       1.86       0.45
       761      27.27     -31.55       0.22       0.00       0.00       0.00       2.70       0.45
       804      30.66     -46.38       0.00       0.00       0.00       9.57       3.30       0.45
      1994      31.22     -38.83       0.00       0.00       0.00       4.13       1.97       0.45
      3798      33.71     -39.67       0.00       0.00       0.00       0.00       3.20       0.45
      5322      34.34     -38.76       0.00       0.00       0.00       2.00       1.43       0.45
      5365      35.47     -46.49       0.00       0.00       0.00       5.16       3.15       0.45
      5370      36.77     -44.95       0.00       0.00       0.00       3.35       2.64       0.45
      5430      37.17     -52.86       0.00       0.00       0.00      11.23       2.45       0.45
      5933      41.32     -47.38       0.00       0.00       0.00       0.00       3.25       0.45
      5953      47.86     -55.48       0.05       0.00       0.00       3.13       2.54       0.45
      6029      49.44     -53.75       0.00       0.00       0.00       0.00       2.38       0.45
      8313      52.48     -56.79       0.00       0.00       0.00       0.00       2.37       0.45
      8948      52.55     -56.86       0.00       0.00       0.00       0.00       2.38       0.45
     10784      52.68     -57.31       0.00       0.00       0.00       2.45       1.31       0.45
     11004      53.94     -58.25       0.00       0.00       0.00       0.00       2.38       0.45
     11756      54.82     -56.81       0.00       0.00       0.00       0.00       1.22       0.45
     13817      55.49     -61.48       0.08       0.00       0.00       1.80       2.43       0.45
     16089      55.76     -56.65       0.21       0.00       0.00       0.00       0.98       0.45
     16501      55.88     -57.84       0.00       0.00       0.00       0.00       1.20       0.45
     16631      57.33     -59.29       0.00       0.00       0.00       0.00       1.20       0.45
     17413      57.77     -59.74       0.00       0.00       0.00       0.00       1.20       0.45
     19735      58.34     -60.30       0.00       0.00       0.00       0.00       1.20       0.45
     21089      59.10     -61.54       0.00       0.00       0.00       0.00       1.44       0.45
     24227      59.23     -62.88       0.00       0.00       0.00       1.80       1.15       0.45
     24752      59.94     -61.91       0.00       0.00       0.00       0.00       1.21       0.45
     27413      60.20     -62.14       0.00       0.00       0.00       0.00       1.19       0.45
     30478      60.22     -62.56       0.00       0.00       0.00       0.00       1.39       0.45
     31279      60.24     -62.23       0.13       0.00       0.00       0.00       1.41       0.45
     31529      61.28     -63.61       0.00       0.00       0.00       0.00       1.39       0.45
     32999      61.55     -63.52       0.00       0.00       0.00       0.00       1.21       0.45
     34215      61.78     -63.58       0.00       0.00       0.00       0.00       1.12       0.45
     36275      61.85     -63.59       0.00       0.00       0.00       0.00       1.09       0.45
     37603      62.22     -62.65       0.68       0.00       0.00       0.00       1.46       0.45
     37725      62.57     -64.13       0.00       0.00       0.00       0.00       1.00       0.45
     38166      62.99     -64.81       0.00       0.00       0.00       0.00       1.13       0.45
     39180      63.14     -64.70       0.00       0.00       0.00       0.00       1.00       0.45
     39976      63.17     -64.43       0.12       0.00       0.00       0.00       1.04       0.45
     40320      63.27     -64.82       0.00       0.00       0.00       0.00       1.00       0.45
     40741      63.79     -64.46       0.32       0.00       0.00       0.00       1.04       0.45
     41686      65.20     -63.99       0.98       0.00       0.00       0.00       1.08       0.45
     42930      65.35     -64.40       0.89       0.00       0.00       0.00       1.09       0.45
     43465      65.46     -64.51       0.89       0.00       0.00       0.00       1.09       0.45
     45560      65.55     -64.46       0.94       0.00       0.00       0.00       1.09       0.45
     45651      65.68     -64.64       0.89       0.00       0.00       0.00       1.04       0.45
     46956      65.84     -64.61       0.99       0.00       0.00       0.00       1.09       0.45
     48286      66.14     -64.77       1.00       0.00       0.00       0.00       1.04       0.45
     48521      66.34     -64.82       1.00       0.00       0.00       0.00       0.96       0.45
     49616      66.54     -65.02       1.00       0.00       0.00       0.00       0.96       0.45
     49826      66.82     -65.15       1.00       0.00       0.00       0.00       0.89       0.45
     49921      66.98     -65.27       1.00       0.00       0.00       0.00       0.87       0.45
     51181      66.98     -65.30       1.00       0.00       0.00       0.00       0.88       0.45
     51381      67.01     -65.30       1.00       0.00       0.00       0.00       0.87       0.45
     52062      67.23     -65.59       1.00       0.00       0.00       0.00       0.90       0.45
     55116      67.26     -65.55       1.00       0.00       0.00       0.00       0.87       0.45
     56152      67.32     -65.62       1.00       0.00       0.00       0.00       0.87       0.45
     56362      67.34     -65.63       1.00       0.00       0.00       0.00       0.87       0.45
     56702      67.35     -65.65       1.00       0.00       0.00       0.00       0.87       0.45
     57208      67.48     -65.75       1.00       0.00       0.00       0.00       0.86       0.45
     58458      67.55     -65.96       1.00       0.00       0.00       0.00       0.93       0.45
     59703      67.57     -65.82       1.00       0.00       0.00       0.00       0.85       0.45
     59922      67.60     -65.90       1.00       0.00       0.00       0.00       0.87       0.45
     60302      67.61     -65.93       1.00       0.00       0.00       0.00       0.88       0.45
     62209      67.70     -65.94       1.00       0.00       0.00       0.00       0.85       0.45
     62474      67.77     -66.08       1.00       0.00       0.00       0.00       0.88       0.45
     63014      67.89     -66.19       1.00       0.00       0.00       0.00       0.87       0.45
     64058      67.99     -66.31       1.00       0.00       0.00       0.00       0.88       0.45
     64493      69.02     -67.88       0.81       0.00       0.00       0.00       0.87       0.45
     66122      69.45     -67.87       0.96       0.00       0.00       0.00       0.87       0.45
     67179      69.55     -67.87       0.99       0.00       0.00       0.00       0.87       0.45
--------------------------------------------------------------------------------
Best docking solution after GA:
     68000      69.55     -67.87       0.99       0.00       0.00       0.00       0.87       0.45

#ops:      68000 #mutates:  32181 #cross:    32420 #migrate:   3399 
#dups:     26083 #niche:    47653 #errors:     152 
--------------------------------------------------------------------------------

Doing AMOEBA simplex on best individual
Done simplexing #iterations 692, best score  71.15

Ligand is stored in gold_soln_3ny9_m1_2.mol2


--------------------------------------------------------------------------------
--- CHEMPLP breakdown of terms                                               ---
--------------------------------------------------------------------------------
CHEMPLP = - ( 1.0000*S(PLP) + -3.0000*S(hbond) + -6.0000*S(metal) + -3.0000*S(cho) )

Score = CHEMPLP - 1.0000*DE(clash) - 2.0000*DE(tors)

Internal energy term has been corrected with the best internal energy encountered.

--------------------------------------------------------------------------------


     Score     S(PLP)   S(hbond)     S(cho)   S(metal)  DE(clash)   DE(tors)     intcor
     71.15     -69.79       1.00       0.00       0.00       0.00       1.04       0.45

--------------------------------------------------------------------------------
--- PLP analysis of protein-ligand interactions                              ---
--------------------------------------------------------------------------------
hydrogen bonding        :      -1.00
metal                   :       0.00
buried (polar-nonpolar) :      -9.19
nonpolar                :     -61.87
repulsive               :       0.27
--------------------------------------------------------------------------------


--------------------------------------------------------------------------------
--- ChemScore analysis of protein-ligand interactions                        ---
--------------------------------------------------------------------------------

* Hydrogen bonds                                                                
Ligand donor   11 hydrogen   31 Protein acceptor 1334 bond energy  1.00 wt 1.00


* CH..O interactions                                                            
  CH group selection                       : activated ring CH (adjacent to hetatom)

--------------------------------------------------------------------------------


--------------------------------------------------------------------------------
--- Intra-ligand clashes                                                     ---
--------------------------------------------------------------------------------

Ligand
--------------------------------------------------------------------------------


--------------------------------------------------------------------------------
--- Chromosome decoded                                                       ---
--------------------------------------------------------------------------------
Ligand Torsions
[   4    5    1    3]   10.04    matched torsion: ester
[   3    1    8    7]   -4.77
[  22    2   21   20]  176.86
[  23   22    2   21] -170.75
[   6    4    5    1]   74.30
[  17   18    9   19]  -25.63    matched torsion: ortho-substituoed aromatic-aliphatic ether
[  20   19    9   18]   81.60
[  31   11   20   19] -127.86
[  11   20   19    9]   37.15
[   2   21   20   11]  163.26
Protein Torsions
[4175 4166 4165 4163]   86.13 
[1294 1290 1288 1285] -132.24 
[4033 4024 4023 4021] -174.22 
[1412 1408 1406 1403]  122.59 
[2830 2825 2824 2821]  -30.93 
[2723 2714 2713 2711]   20.59 
[2773 2768 2767 2764]   25.66 
Mapping
Ligand acceptors to protein hydrogens (mapping then atom ids)
Ligand hydrogens to protein acceptors (mapping then atom ids)
Ligand shape atoms to protein points (mapping then atom ids & coords)
  3  3144 [ 12->(-32.250   6.250   8.250)]
  4  2096 [ 15->(-34.000   6.000   6.000)]
  6  3685 [ 17->(-31.500   8.000   5.750)]
  7  4164 [ 19->(-30.500   8.250   6.750)]
  8  3452 [ 20->(-32.000  10.000   6.750)]
Chromosome values
Integers:
  -1   -1   -1   -1   -1   -1   -1   -1   -1 3143 2095   -1 
3684 4163 3451   -1   -1   -1   -1 
--------------------------------------------------------------------------------

Current Ranking  2  1

--------------------------------------------------------------------------------

* GA execution time :                                                           
  total  4.9998 user  4.9998 sys  0.0001

--------------------------------------------------------------------------------
Fitness function evaluations: 110187

--------------------------------------------------------------------------------
** Docking run number  3 **
--------------------------------------------------------------------------------
  Rank fitness base is 5000.00 ; increment is 11.2233

* Initialising population(s) ...                                                
Number of constraints mappings 0
Number of constraints 0
  Population no.                           :      1
  Population size                          :    100
  Number of duplicates                     :      0
  Number of niche violations               :      0
  Number of errors                         :      5

Number of constraints mappings 0
Number of constraints 0
  Population no.                           :      2
  Population size                          :    100
  Number of duplicates                     :      0
  Number of niche violations               :      0
  Number of errors                         :     10

Number of constraints mappings 0
Number of constraints 0
  Population no.                           :      3
  Population size                          :    100
  Number of duplicates                     :      0
  Number of niche violations               :      0
  Number of errors                         :     10

Number of constraints mappings 0
Number of constraints 0
  Population no.                           :      4
  Population size                          :    100
  Number of duplicates                     :      0
  Number of niche violations               :      0
  Number of errors                         :      8

Number of constraints mappings 0
Number of constraints 0
  Population no.                           :      5
  Population size                          :    100
  Number of duplicates                     :      0
  Number of niche violations               :      0
  Number of errors                         :      4


Doing GA, no. of population(s) 5 size 100 selection pressure 1.100000

 Operation      Score     S(PLP)   S(hbond)     S(cho)   S(metal)  DE(clash)   DE(tors)     intcor
         0      26.65     -42.21       0.00       0.00       0.00       8.10       3.95       0.45
      2291      27.62     -35.14       0.00       0.00       0.00       0.00       3.98       0.45
      3011      29.44     -40.74       0.00       0.00       0.00       4.52       3.61       0.45
      3330      30.62     -32.23       0.00       0.00       0.00       0.00       1.03       0.45
      3475      32.26     -34.30       0.00       0.00       0.00       0.00       1.24       0.45
      3865      33.58     -35.72       0.00       0.00       0.00       0.00       1.29       0.45
      4160      36.30     -47.57       0.00       0.00       0.00       4.09       3.81       0.45
      4341      42.08     -47.50       0.07       0.00       0.00       0.57       2.76       0.45
      4661      46.49     -52.01       0.04       0.00       0.00       0.57       2.76       0.45
      5830      47.33     -58.59       0.00       0.00       0.00       4.09       3.81       0.45
      6600      48.52     -59.79       0.00       0.00       0.00       4.09       3.81       0.45
      7900      48.74     -60.01       0.00       0.00       0.00       4.09       3.81       0.45
      8590      49.14     -54.62       0.05       0.00       0.00       0.57       2.76       0.45
      9170      49.52     -59.49       0.00       0.00       0.00       3.01       3.70       0.45
      9605      50.14     -55.20       0.00       0.00       0.00       0.57       2.47       0.45
     10351      50.66     -56.36       0.02       0.00       0.00       0.57       2.82       0.45
     10405      51.19     -58.90       0.00       0.00       0.00       1.16       3.49       0.45
     10689      51.81     -56.87       0.00       0.00       0.00       0.57       2.47       0.45
     10748      53.33     -60.93       0.00       0.00       0.00       2.34       2.85       0.45
     10998      53.59     -60.97       0.00       0.00       0.00       2.10       2.86       0.45
     12125      53.63     -58.69       0.00       0.00       0.00       0.57       2.47       0.45
     12998      55.23     -62.60       0.00       0.00       0.00       2.10       2.86       0.45
     13533      55.66     -63.04       0.00       0.00       0.00       2.10       2.86       0.45
     13638      58.13     -65.50       0.00       0.00       0.00       2.10       2.86       0.45
     14678      59.93     -67.30       0.00       0.00       0.00       2.10       2.86       0.45
     28674      60.17     -63.06       0.00       0.00       0.00       0.00       1.67       0.45
     30090      60.92     -64.23       0.00       0.00       0.00       0.00       1.88       0.45
     33476      62.03     -65.35       0.00       0.00       0.00       0.00       1.88       0.45
     37406      62.45     -65.35       0.00       0.00       0.00       0.00       1.67       0.45
     39222      62.55     -65.43       0.00       0.00       0.00       0.00       1.66       0.45
     39299      62.59     -65.30       0.00       0.00       0.00       0.00       1.58       0.45
     42042      62.66     -65.57       0.00       0.00       0.00       0.00       1.67       0.45
     42554      63.06     -64.14       0.00       0.00       0.00       0.00       0.76       0.45
     50379      63.24     -64.23       0.00       0.00       0.00       0.00       0.72       0.45
     55089      63.29     -64.27       0.00       0.00       0.00       0.00       0.71       0.45
     62626      63.38     -64.29       0.00       0.00       0.00       0.00       0.68       0.45
     63373      63.40     -64.32       0.00       0.00       0.00       0.00       0.69       0.45
     64246      63.41     -64.31       0.00       0.00       0.00       0.00       0.67       0.45
     64281      63.64     -64.68       0.00       0.00       0.00       0.00       0.75       0.45
     66112      63.69     -66.07       0.00       0.00       0.00       0.00       1.41       0.45
     66293      63.84     -64.70       0.00       0.00       0.00       0.00       0.65       0.45
     66673      63.88     -64.79       0.00       0.00       0.00       0.00       0.68       0.45
     66696      63.90     -64.94       0.00       0.00       0.00       0.00       0.75       0.45
     67019      63.93     -64.67       0.00       0.00       0.00       0.00       0.59       0.45
     67494      63.96     -64.79       0.00       0.00       0.00       0.00       0.64       0.45
     67508      63.99     -64.98       0.00       0.00       0.00       0.00       0.72       0.45
     67776      64.02     -64.99       0.00       0.00       0.00       0.00       0.71       0.45
     67939      64.03     -64.83       0.00       0.00       0.00       0.00       0.62       0.45
     67951      64.03     -64.92       0.00       0.00       0.00       0.00       0.67       0.45
--------------------------------------------------------------------------------
Best docking solution after GA:
     68000      64.03     -64.92       0.00       0.00       0.00       0.00       0.67       0.45

#ops:      68000 #mutates:  32302 #cross:    32334 #migrate:   3364 
#dups:     19934 #niche:    45584 #errors:     154 
--------------------------------------------------------------------------------

Doing AMOEBA simplex on best individual
Done simplexing #iterations 475, best score  65.34

Ligand is stored in gold_soln_3ny9_m1_3.mol2


--------------------------------------------------------------------------------
--- CHEMPLP breakdown of terms                                               ---
--------------------------------------------------------------------------------
CHEMPLP = - ( 1.0000*S(PLP) + -3.0000*S(hbond) + -6.0000*S(metal) + -3.0000*S(cho) )

Score = CHEMPLP - 1.0000*DE(clash) - 2.0000*DE(tors)

Internal energy term has been corrected with the best internal energy encountered.

--------------------------------------------------------------------------------


     Score     S(PLP)   S(hbond)     S(cho)   S(metal)  DE(clash)   DE(tors)     intcor
     65.34     -65.82       0.00       0.00       0.00       0.00       0.47       0.45

--------------------------------------------------------------------------------
--- PLP analysis of protein-ligand interactions                              ---
--------------------------------------------------------------------------------
hydrogen bonding        :       0.00
metal                   :       0.00
buried (polar-nonpolar) :      -8.11
nonpolar                :     -59.09
repulsive               :       0.14
--------------------------------------------------------------------------------


--------------------------------------------------------------------------------
--- ChemScore analysis of protein-ligand interactions                        ---
--------------------------------------------------------------------------------

* Hydrogen bonds                                                                


* CH..O interactions                                                            
  CH group selection                       : activated ring CH (adjacent to hetatom)

--------------------------------------------------------------------------------


--------------------------------------------------------------------------------
--- Intra-ligand clashes                                                     ---
--------------------------------------------------------------------------------

Ligand
--------------------------------------------------------------------------------


--------------------------------------------------------------------------------
--- Chromosome decoded                                                       ---
--------------------------------------------------------------------------------
Ligand Torsions
[   4    5    1    3]    1.19    matched torsion: ester
[   3    1    8    7]    5.46
[  22    2   21   20] -131.91
[  23   22    2   21]  -72.67
[   6    4    5    1]   62.61
[  17   18    9   19]   -1.33    matched torsion: ortho-substituoed aromatic-aliphatic ether
[  20   19    9   18] -176.91
[  31   11   20   19]  -11.14
[  11   20   19    9]   62.95
[   2   21   20   11]   68.76
Protein Torsions
[4175 4166 4165 4163]   41.44 
[1294 1290 1288 1285] -140.10 
[4033 4024 4023 4021]  -41.77 
[1412 1408 1406 1403]  169.05 
[2830 2825 2824 2821]   14.39 
[2723 2714 2713 2711]   28.14 
[2773 2768 2767 2764]  -60.25 
Mapping
Ligand acceptors to protein hydrogens (mapping then atom ids)
Ligand hydrogens to protein acceptors (mapping then atom ids)
Ligand shape atoms to protein points (mapping then atom ids & coords)
  3  3315 [ 12->(-32.000   6.000   8.250)]
  4  2293 [ 15->(-33.750   6.500   5.500)]
  5  2900 [ 16->(-32.750   7.500   5.250)]
  6  3182 [ 17->(-32.250   7.250   5.750)]
  7  4168 [ 19->(-30.500   8.500   6.750)]
  8  4673 [ 20->(-28.000   9.000   6.250)]
  9  4571 [ 21->(-28.750  10.500   6.750)]
 10  5644 [ 22->(-26.000  10.250   6.250)]
Chromosome values
Integers:
  -1   -1   -1   -1   -1   -1   -1   -1   -1 3314 2292 2899 
3181 4167 4672 4570 5643   -1   -1 
--------------------------------------------------------------------------------

Current Ranking  2  1  3

--------------------------------------------------------------------------------

* GA execution time :                                                           
  total  4.9997 user  4.9997 sys  0.0000

--------------------------------------------------------------------------------
Fitness function evaluations: 110554

--------------------------------------------------------------------------------
** Docking run number  4 **
--------------------------------------------------------------------------------
  Rank fitness base is 5000.00 ; increment is 11.2233

* Initialising population(s) ...                                                
Number of constraints mappings 0
Number of constraints 0
  Population no.                           :      1
  Population size                          :    100
  Number of duplicates                     :      0
  Number of niche violations               :      0
  Number of errors                         :      3

Number of constraints mappings 0
Number of constraints 0
  Population no.                           :      2
  Population size                          :    100
  Number of duplicates                     :      0
  Number of niche violations               :      0
  Number of errors                         :      6

Number of constraints mappings 0
Number of constraints 0
  Population no.                           :      3
  Population size                          :    100
  Number of duplicates                     :      0
  Number of niche violations               :      0
  Number of errors                         :      4

Number of constraints mappings 0
Number of constraints 0
  Population no.                           :      4
  Population size                          :    100
  Number of duplicates                     :      0
  Number of niche violations               :      0
  Number of errors                         :      8

Number of constraints mappings 0
Number of constraints 0
  Population no.                           :      5
  Population size                          :    100
  Number of duplicates                     :      0
  Number of niche violations               :      0
  Number of errors                         :      6


Doing GA, no. of population(s) 5 size 100 selection pressure 1.100000

 Operation      Score     S(PLP)   S(hbond)     S(cho)   S(metal)  DE(clash)   DE(tors)     intcor
         0      21.55     -41.88       0.00       0.00       0.00      16.52       2.13       0.45
      1422      26.12     -40.82       0.00       0.00       0.00      10.32       2.42       0.45
      2037      27.48     -32.33       0.00       0.00       0.00       0.01       2.64       0.45
      2515      29.83     -34.50       0.00       0.00       0.00       0.85       2.13       0.45
      2792      38.34     -51.61       0.00       0.00       0.00       6.29       3.71       0.45
      4171      41.94     -45.73       0.00       0.00       0.00       0.00       2.12       0.45
      4496      43.39     -47.18       0.00       0.00       0.00       0.00       2.12       0.45
      5669      54.34     -60.91       0.00       0.00       0.00       3.60       1.71       0.45
     14069      54.99     -56.77       0.00       0.00       0.00       0.00       1.11       0.45
     16034      55.02     -56.79       0.00       0.00       0.00       0.00       1.11       0.45
     16049      55.22     -56.99       0.00       0.00       0.00       0.00       1.11       0.45
     16738      55.26     -57.08       0.00       0.00       0.00       0.00       1.13       0.45
     17051      55.78     -58.38       0.00       0.00       0.00       0.18       1.44       0.45
     17499      57.29     -58.95       0.00       0.00       0.00       0.00       1.05       0.45
     18233      60.01     -66.79       0.00       0.00       0.00       3.60       1.82       0.45
     19428      60.20     -63.61       0.00       0.00       0.00       0.83       1.51       0.45
     19578      60.38     -63.83       0.00       0.00       0.00       0.83       1.53       0.45
     24288      60.59     -62.64       0.00       0.00       0.00       0.18       1.16       0.45
     25271      60.77     -62.31       0.00       0.00       0.00       0.00       0.99       0.45
     27513      60.98     -63.06       0.00       0.00       0.00       0.18       1.17       0.45
     27712      61.91     -64.86       0.00       0.00       0.00       0.00       1.70       0.45
     29078      62.39     -65.56       0.00       0.00       0.00       0.00       1.81       0.45
     29137      64.54     -67.39       0.00       0.00       0.00       0.00       1.64       0.45
     31162      65.47     -67.73       0.00       0.00       0.00       0.18       1.27       0.45
     32079      66.41     -68.49       0.00       0.00       0.00       0.18       1.17       0.45
     39069      66.97     -68.86       0.00       0.00       0.00       0.00       1.17       0.45
     43958      67.10     -68.98       0.00       0.00       0.00       0.00       1.16       0.45
     47888      67.13     -68.97       0.00       0.00       0.00       0.00       1.14       0.45
     47963      67.17     -69.11       0.00       0.00       0.00       0.00       1.19       0.45
     50758      67.26     -69.23       0.00       0.00       0.00       0.00       1.21       0.45
     58979      67.29     -69.21       0.00       0.00       0.00       0.00       1.18       0.45
     62763      67.30     -69.25       0.00       0.00       0.00       0.00       1.20       0.45
     63068      67.30     -69.29       0.00       0.00       0.00       0.00       1.22       0.45
     65523      68.20     -68.94       0.00       0.00       0.00       0.00       0.59       0.45
     66142      68.32     -68.96       0.00       0.00       0.00       0.00       0.55       0.45
--------------------------------------------------------------------------------
Best docking solution after GA:
     68000      68.32     -68.96       0.00       0.00       0.00       0.00       0.55       0.45

#ops:      68000 #mutates:  32532 #cross:    32072 #migrate:   3396 
#dups:     19457 #niche:    45153 #errors:     277 
--------------------------------------------------------------------------------

Doing AMOEBA simplex on best individual
Done simplexing #iterations 432, best score  69.32

Ligand is stored in gold_soln_3ny9_m1_4.mol2


--------------------------------------------------------------------------------
--- CHEMPLP breakdown of terms                                               ---
--------------------------------------------------------------------------------
CHEMPLP = - ( 1.0000*S(PLP) + -3.0000*S(hbond) + -6.0000*S(metal) + -3.0000*S(cho) )

Score = CHEMPLP - 1.0000*DE(clash) - 2.0000*DE(tors)

Internal energy term has been corrected with the best internal energy encountered.

--------------------------------------------------------------------------------


     Score     S(PLP)   S(hbond)     S(cho)   S(metal)  DE(clash)   DE(tors)     intcor
     69.32     -69.94       0.00       0.00       0.00       0.00       0.53       0.45

--------------------------------------------------------------------------------
--- PLP analysis of protein-ligand interactions                              ---
--------------------------------------------------------------------------------
hydrogen bonding        :       0.00
metal                   :       0.00
buried (polar-nonpolar) :      -8.57
nonpolar                :     -63.00
repulsive               :       0.18
--------------------------------------------------------------------------------


--------------------------------------------------------------------------------
--- ChemScore analysis of protein-ligand interactions                        ---
--------------------------------------------------------------------------------

* Hydrogen bonds                                                                


* CH..O interactions                                                            
  CH group selection                       : activated ring CH (adjacent to hetatom)

--------------------------------------------------------------------------------


--------------------------------------------------------------------------------
--- Intra-ligand clashes                                                     ---
--------------------------------------------------------------------------------

Ligand
--------------------------------------------------------------------------------


--------------------------------------------------------------------------------
--- Chromosome decoded                                                       ---
--------------------------------------------------------------------------------
Ligand Torsions
[   4    5    1    3]    4.79    matched torsion: ester
[   3    1    8    7]   -4.23
[  22    2   21   20] -154.09
[  23   22    2   21]  166.41
[   6    4    5    1] -170.93
[  17   18    9   19]   -6.50    matched torsion: ortho-substituoed aromatic-aliphatic ether
[  20   19    9   18]   68.36
[  31   11   20   19]  -98.96
[  11   20   19    9]   51.58
[   2   21   20   11]  161.53
Protein Torsions
[4175 4166 4165 4163] -103.56 
[1294 1290 1288 1285] -112.00 
[4033 4024 4023 4021]   24.73 
[1412 1408 1406 1403]  -35.65 
[2830 2825 2824 2821]  124.69 
[2723 2714 2713 2711]  -63.00 
[2773 2768 2767 2764]   90.28 
Mapping
Ligand acceptors to protein hydrogens (mapping then atom ids)
Ligand hydrogens to protein acceptors (mapping then atom ids)
Ligand shape atoms to protein points (mapping then atom ids & coords)
  3  2671 [ 12->(-33.000   5.000   9.000)]
  4  2737 [ 15->(-33.000   6.750   6.250)]
  7  4496 [ 19->(-29.250   9.750   6.750)]
  8  3866 [ 20->(-31.250   9.750   6.500)]
  9  3918 [ 21->(-31.250  11.250   7.000)]
 10  5036 [ 22->(-27.250  12.750   5.250)]
Chromosome values
Integers:
  -1   -1   -1   -1   -1   -1   -1   -1   -1 2670 2736   -1 
  -1 4495 3865 3917 5035   -1   -1 
--------------------------------------------------------------------------------

Current Ranking  2  4  1  3

--------------------------------------------------------------------------------

* GA execution time :                                                           
  total  4.0006 user  4.0005 sys  0.0000

--------------------------------------------------------------------------------
Fitness function evaluations: 109295

--------------------------------------------------------------------------------
** Docking run number  5 **
--------------------------------------------------------------------------------
  Rank fitness base is 5000.00 ; increment is 11.2233

* Initialising population(s) ...                                                
Number of constraints mappings 0
Number of constraints 0
  Population no.                           :      1
  Population size                          :    100
  Number of duplicates                     :      0
  Number of niche violations               :      0
  Number of errors                         :      1

Number of constraints mappings 0
Number of constraints 0
  Population no.                           :      2
  Population size                          :    100
  Number of duplicates                     :      0
  Number of niche violations               :      0
  Number of errors                         :      3

Number of constraints mappings 0
Number of constraints 0
  Population no.                           :      3
  Population size                          :    100
  Number of duplicates                     :      0
  Number of niche violations               :      0
  Number of errors                         :      5

Number of constraints mappings 0
Number of constraints 0
  Population no.                           :      4
  Population size                          :    100
  Number of duplicates                     :      0
  Number of niche violations               :      0
  Number of errors                         :      4

Number of constraints mappings 0
Number of constraints 0
  Population no.                           :      5
  Population size                          :    100
  Number of duplicates                     :      0
  Number of niche violations               :      0
  Number of errors                         :      3


Doing GA, no. of population(s) 5 size 100 selection pressure 1.100000

 Operation      Score     S(PLP)   S(hbond)     S(cho)   S(metal)  DE(clash)   DE(tors)     intcor
         0       5.08     -20.31       0.00       0.00       0.00      10.14       2.77       0.45
        59       5.63     -17.70       0.05       0.00       0.00       7.83       2.42       0.45
       289       5.78     -17.85       0.05       0.00       0.00       7.83       2.42       0.45
       878      17.37     -22.24       0.00       0.00       0.00       0.00       2.66       0.45
      1913      19.65     -32.04       0.41       0.00       0.00       8.29       2.88       0.45
      1928      20.32     -32.56       0.41       0.00       0.00       8.29       2.81       0.45
      2042      25.93     -29.21       0.00       0.00       0.00       0.52       1.60       0.45
      3957      35.77     -45.77       0.36       0.00       0.00       5.59       2.96       0.45
      5720      41.64     -45.29       0.00       0.00       0.00       0.00       2.05       0.45
      8096      44.14     -48.61       0.70       0.00       0.00       3.38       1.82       0.45
      8556      49.33     -50.71       0.70       0.00       0.00       0.18       1.88       0.45
     13335      49.99     -50.85       0.70       0.00       0.00       0.00       1.70       0.45
     14535      50.07     -55.26       0.00       0.00       0.00       2.22       1.71       0.45
     16501      50.59     -56.30       0.00       0.00       0.00       2.59       1.79       0.45
     16572      52.12     -58.21       0.00       0.00       0.00       3.64       1.45       0.45
     17046      52.38     -58.09       0.00       0.00       0.00       2.59       1.79       0.45
     17745      52.40     -52.15       0.71       0.00       0.00       0.00       1.16       0.45
     17884      53.66     -57.30       0.00       0.00       0.00       0.00       2.04       0.45
     18774      54.96     -58.14       0.00       0.00       0.00       0.18       1.72       0.45
     20586      57.23     -58.88       0.00       0.00       0.00       0.00       1.05       0.45
     21692      58.70     -60.34       0.00       0.00       0.00       0.00       1.04       0.45
     21917      59.45     -61.08       0.00       0.00       0.00       0.00       1.04       0.45
     23938      59.77     -62.79       0.00       0.00       0.00       0.18       1.64       0.45
     25013      60.29     -61.93       0.00       0.00       0.00       0.00       1.04       0.45
     25920      62.13     -63.23       0.00       0.00       0.00       0.00       0.77       0.45
     29810      62.46     -63.35       0.00       0.00       0.00       0.00       0.67       0.45
     30330      62.57     -63.53       0.00       0.00       0.00       0.00       0.70       0.45
     33100      63.34     -64.01       0.00       0.00       0.00       0.00       0.56       0.45
     33640      63.34     -63.98       0.00       0.00       0.00       0.00       0.54       0.45
     36059      63.35     -64.02       0.00       0.00       0.00       0.00       0.56       0.45
     36089      63.38     -64.24       0.00       0.00       0.00       0.00       0.65       0.45
     37115      63.39     -64.17       0.00       0.00       0.00       0.00       0.61       0.45
     37536      63.71     -64.33       0.00       0.00       0.00       0.00       0.53       0.45
     39742      63.83     -64.44       0.00       0.00       0.00       0.00       0.53       0.45
     39916      63.92     -64.43       0.00       0.00       0.00       0.00       0.48       0.45
     41436      64.03     -64.54       0.00       0.00       0.00       0.00       0.48       0.45
     43327      64.05     -64.56       0.00       0.00       0.00       0.00       0.48       0.45
     49621      64.05     -64.56       0.00       0.00       0.00       0.00       0.48       0.45
     50284      64.06     -64.58       0.00       0.00       0.00       0.00       0.48       0.45
     55540      64.06     -64.60       0.00       0.00       0.00       0.00       0.49       0.45
     57530      64.06     -64.60       0.00       0.00       0.00       0.00       0.49       0.45
     60516      64.23     -64.77       0.00       0.00       0.00       0.00       0.49       0.45
     65596      64.24     -64.88       0.00       0.00       0.00       0.00       0.55       0.45
     65787      64.24     -64.77       0.00       0.00       0.00       0.00       0.49       0.45
     66356      64.25     -64.78       0.00       0.00       0.00       0.00       0.49       0.45
     66895      64.26     -64.78       0.00       0.00       0.00       0.00       0.48       0.45
     67701      64.34     -64.92       0.00       0.00       0.00       0.00       0.52       0.45
--------------------------------------------------------------------------------
Best docking solution after GA:
     68000      64.34     -64.92       0.00       0.00       0.00       0.00       0.52       0.45

#ops:      68000 #mutates:  32194 #cross:    32409 #migrate:   3397 
#dups:     17337 #niche:    37685 #errors:     393 
--------------------------------------------------------------------------------

Doing AMOEBA simplex on best individual
Done simplexing #iterations 578, best score  65.64

Ligand is stored in gold_soln_3ny9_m1_5.mol2


--------------------------------------------------------------------------------
--- CHEMPLP breakdown of terms                                               ---
--------------------------------------------------------------------------------
CHEMPLP = - ( 1.0000*S(PLP) + -3.0000*S(hbond) + -6.0000*S(metal) + -3.0000*S(cho) )

Score = CHEMPLP - 1.0000*DE(clash) - 2.0000*DE(tors)

Internal energy term has been corrected with the best internal energy encountered.

--------------------------------------------------------------------------------


     Score     S(PLP)   S(hbond)     S(cho)   S(metal)  DE(clash)   DE(tors)     intcor
     65.64     -65.91       0.00       0.00       0.00       0.00       0.36       0.45

--------------------------------------------------------------------------------
--- PLP analysis of protein-ligand interactions                              ---
--------------------------------------------------------------------------------
hydrogen bonding        :      -0.04
metal                   :       0.00
buried (polar-nonpolar) :      -7.78
nonpolar                :     -59.19
repulsive               :       0.13
--------------------------------------------------------------------------------


--------------------------------------------------------------------------------
--- ChemScore analysis of protein-ligand interactions                        ---
--------------------------------------------------------------------------------

* Hydrogen bonds                                                                


* CH..O interactions                                                            
  CH group selection                       : activated ring CH (adjacent to hetatom)

--------------------------------------------------------------------------------


--------------------------------------------------------------------------------
--- Intra-ligand clashes                                                     ---
--------------------------------------------------------------------------------

Ligand
--------------------------------------------------------------------------------


--------------------------------------------------------------------------------
--- Chromosome decoded                                                       ---
--------------------------------------------------------------------------------
Ligand Torsions
[   4    5    1    3]    3.85    matched torsion: ester
[   3    1    8    7]    3.79
[  22    2   21   20] -142.09
[  23   22    2   21]  -59.09
[   6    4    5    1]   61.92
[  17   18    9   19]   -5.38    matched torsion: ortho-substituoed aromatic-aliphatic ether
[  20   19    9   18] -178.56
[  31   11   20   19] -145.09
[  11   20   19    9]   56.16
[   2   21   20   11]   69.69
Protein Torsions
[4175 4166 4165 4163]   41.21 
[1294 1290 1288 1285]   90.80 
[4033 4024 4023 4021] -151.05 
[1412 1408 1406 1403]  108.80 
[2830 2825 2824 2821]  134.15 
[2723 2714 2713 2711]   26.61 
[2773 2768 2767 2764]  -16.99 
Mapping
Ligand acceptors to protein hydrogens (mapping then atom ids)
Ligand hydrogens to protein acceptors (mapping then atom ids)
Ligand shape atoms to protein points (mapping then atom ids & coords)
  3  3145 [ 12->(-32.250   6.250   8.500)]
  4  2267 [ 15->(-33.750   6.000   5.750)]
  6  3536 [ 17->(-31.750   8.000   5.750)]
  7  4336 [ 19->(-30.000   9.000   7.000)]
  8  4392 [ 20->(-29.750   8.250   7.000)]
  9  4699 [ 21->(-28.000  10.250   6.500)]
 10  5660 [ 22->(-26.000  11.250   5.500)]
Chromosome values
Integers:
  -1   -1   -1   -1   -1   -1   -1   -1   -1 3144 2266   -1 
3535 4335 4391 4698 5659   -1   -1 
--------------------------------------------------------------------------------

Current Ranking  2  4  1  5  3

--------------------------------------------------------------------------------

* GA execution time :                                                           
  total  4.0004 user  4.0003 sys  0.0001

--------------------------------------------------------------------------------
Fitness function evaluations: 109745

--------------------------------------------------------------------------------
** Docking run number  6 **
--------------------------------------------------------------------------------
  Rank fitness base is 5000.00 ; increment is 11.2233

* Initialising population(s) ...                                                
Number of constraints mappings 0
Number of constraints 0
  Population no.                           :      1
  Population size                          :    100
  Number of duplicates                     :      0
  Number of niche violations               :      0
  Number of errors                         :      3

Number of constraints mappings 0
Number of constraints 0
  Population no.                           :      2
  Population size                          :    100
  Number of duplicates                     :      0
  Number of niche violations               :      0
  Number of errors                         :     10

Number of constraints mappings 0
Number of constraints 0
  Population no.                           :      3
  Population size                          :    100
  Number of duplicates                     :      0
  Number of niche violations               :      0
  Number of errors                         :      9

Number of constraints mappings 0
Number of constraints 0
  Population no.                           :      4
  Population size                          :    100
  Number of duplicates                     :      0
  Number of niche violations               :      0
  Number of errors                         :      3

Number of constraints mappings 0
Number of constraints 0
  Population no.                           :      5
  Population size                          :    100
  Number of duplicates                     :      0
  Number of niche violations               :      0
  Number of errors                         :      5


Doing GA, no. of population(s) 5 size 100 selection pressure 1.100000

 Operation      Score     S(PLP)   S(hbond)     S(cho)   S(metal)  DE(clash)   DE(tors)     intcor
         0      10.14     -15.42       0.00       0.00       0.00       0.00       2.87       0.45
       532      26.15     -30.59       0.00       0.00       0.00       0.00       2.44       0.45
      3506      26.94     -34.89       0.00       0.00       0.00       2.87       2.76       0.45
      3776      29.37     -36.64       0.00       0.00       0.00       0.00       3.85       0.45
      3816      29.83     -37.25       0.00       0.00       0.00       0.00       3.94       0.45
      4551      32.10     -39.83       0.00       0.00       0.00       0.00       4.09       0.45
      4920      34.42     -38.73       0.16       0.00       0.00       0.00       2.62       0.45
      5741      37.55     -41.98       0.00       0.00       0.00       0.00       2.44       0.45
      5861      37.85     -42.28       0.00       0.00       0.00       0.00       2.44       0.45
      5891      37.87     -43.66       0.00       0.00       0.00       0.00       3.11       0.45
      6710      43.09     -46.51       0.00       0.00       0.00       0.00       1.93       0.45
      6889      43.85     -50.26       0.00       0.00       0.00       0.00       3.42       0.45
      7924      47.12     -53.52       0.00       0.00       0.00       0.00       3.42       0.45
      9349      49.40     -55.67       0.00       0.00       0.00       0.00       3.36       0.45
     10734      50.18     -53.19       0.00       0.00       0.00       0.00       1.72       0.45
     11653      50.94     -54.62       0.00       0.00       0.00       0.00       2.07       0.45
     13346      56.10     -59.35       0.00       0.00       0.00       0.00       1.85       0.45
     14836      56.70     -59.67       0.00       0.00       0.00       0.00       1.71       0.45
     15661      57.21     -60.16       0.00       0.00       0.00       0.00       1.70       0.45
     19021      57.40     -60.32       0.00       0.00       0.00       0.00       1.69       0.45
     19026      57.59     -60.54       0.00       0.00       0.00       0.00       1.70       0.45
     20625      57.78     -60.74       0.00       0.00       0.00       0.00       1.70       0.45
     21275      58.07     -61.02       0.00       0.00       0.00       0.00       1.70       0.45
     21786      58.14     -61.06       0.00       0.00       0.00       0.00       1.69       0.45
     21851      58.15     -61.08       0.00       0.00       0.00       0.00       1.69       0.45
     22851      58.24     -61.21       0.00       0.00       0.00       0.00       1.71       0.45
     23301      58.45     -61.40       0.00       0.00       0.00       0.00       1.70       0.45
     23390      58.90     -61.85       0.00       0.00       0.00       0.00       1.70       0.45
     24346      58.93     -61.90       0.00       0.00       0.00       0.00       1.71       0.45
     24936      59.09     -62.02       0.00       0.00       0.00       0.00       1.69       0.45
     25061      59.64     -62.62       0.00       0.00       0.00       0.00       1.71       0.45
     26681      62.11     -64.36       0.00       0.00       0.00       0.00       1.35       0.45
     26971      62.30     -64.60       0.00       0.00       0.00       0.00       1.38       0.45
     30649      63.74     -66.52       0.00       0.00       0.00       0.00       1.61       0.45
     31129      64.59     -67.37       0.00       0.00       0.00       0.00       1.61       0.45
     32930      65.19     -67.97       0.00       0.00       0.00       0.00       1.61       0.45
     36775      65.23     -67.99       0.00       0.00       0.00       0.00       1.61       0.45
     36945      65.57     -68.25       0.00       0.00       0.00       0.00       1.56       0.45
     38195      65.59     -68.23       0.00       0.00       0.00       0.00       1.54       0.45
     40286      65.65     -68.23       0.00       0.00       0.00       0.00       1.52       0.45
     42110      65.76     -68.16       0.00       0.00       0.00       0.00       1.43       0.45
     44540      65.81     -68.20       0.00       0.00       0.00       0.00       1.42       0.45
     46550      65.86     -68.41       0.00       0.00       0.00       0.00       1.50       0.45
     46897      65.90     -68.34       0.00       0.00       0.00       0.00       1.45       0.45
     46987      66.13     -68.52       0.00       0.00       0.00       0.00       1.42       0.45
     49332      66.19     -68.54       0.00       0.00       0.00       0.00       1.40       0.45
     49637      66.31     -68.62       0.00       0.00       0.00       0.00       1.38       0.45
     50591      66.41     -68.90       0.00       0.00       0.00       0.00       1.47       0.45
     51116      66.63     -68.80       0.00       0.00       0.00       0.00       1.31       0.45
     52381      67.00     -69.09       0.00       0.00       0.00       0.00       1.27       0.45
     57394      67.35     -68.71       0.26       0.00       0.00       0.00       1.30       0.45
     58311      67.46     -69.52       0.00       0.00       0.00       0.00       1.26       0.45
     58831      67.75     -68.68       0.34       0.00       0.00       0.00       1.20       0.45
     59214      67.94     -67.21       1.00       0.00       0.00       0.00       1.36       0.45
     59996      68.12     -68.79       0.42       0.00       0.00       0.00       1.20       0.45
     60351      68.14     -68.73       0.42       0.00       0.00       0.00       1.15       0.45
     61871      68.34     -68.85       0.47       0.00       0.00       0.00       1.19       0.45
     61984      68.60     -68.10       0.83       0.00       0.00       0.00       1.21       0.45
     63604      68.67     -68.33       0.83       0.00       0.00       0.00       1.30       0.45
     64138      68.85     -68.64       0.76       0.00       0.00       0.00       1.26       0.45
     65172      68.88     -68.05       0.93       0.00       0.00       0.00       1.20       0.45
     65435      69.30     -68.91       0.75       0.00       0.00       0.00       1.15       0.45
     65958      69.60     -68.53       0.99       0.00       0.00       0.00       1.17       0.45
     66523      69.69     -68.60       1.00       0.00       0.00       0.00       1.17       0.45
     67618      69.77     -68.83       1.00       0.00       0.00       0.00       1.25       0.45
--------------------------------------------------------------------------------
Best docking solution after GA:
     68000      69.77     -68.83       1.00       0.00       0.00       0.00       1.25       0.45

#ops:      68000 #mutates:  32319 #cross:    32228 #migrate:   3453 
#dups:     15406 #niche:    43534 #errors:     190 
--------------------------------------------------------------------------------

Doing AMOEBA simplex on best individual
Done simplexing #iterations 672, best score  71.42

Ligand is stored in gold_soln_3ny9_m1_6.mol2


--------------------------------------------------------------------------------
--- CHEMPLP breakdown of terms                                               ---
--------------------------------------------------------------------------------
CHEMPLP = - ( 1.0000*S(PLP) + -3.0000*S(hbond) + -6.0000*S(metal) + -3.0000*S(cho) )

Score = CHEMPLP - 1.0000*DE(clash) - 2.0000*DE(tors)

Internal energy term has been corrected with the best internal energy encountered.

--------------------------------------------------------------------------------


     Score     S(PLP)   S(hbond)     S(cho)   S(metal)  DE(clash)   DE(tors)     intcor
     71.42     -70.49       0.99       0.00       0.00       0.00       1.24       0.45

--------------------------------------------------------------------------------
--- PLP analysis of protein-ligand interactions                              ---
--------------------------------------------------------------------------------
hydrogen bonding        :      -1.00
metal                   :       0.00
buried (polar-nonpolar) :      -9.92
nonpolar                :     -62.35
repulsive               :       0.23
--------------------------------------------------------------------------------


--------------------------------------------------------------------------------
--- ChemScore analysis of protein-ligand interactions                        ---
--------------------------------------------------------------------------------

* Hydrogen bonds                                                                
Ligand donor   11 hydrogen   31 Protein acceptor 1334 bond energy  1.00 wt 0.99


* CH..O interactions                                                            
  CH group selection                       : activated ring CH (adjacent to hetatom)

--------------------------------------------------------------------------------


--------------------------------------------------------------------------------
--- Intra-ligand clashes                                                     ---
--------------------------------------------------------------------------------

Ligand
--------------------------------------------------------------------------------


--------------------------------------------------------------------------------
--- Chromosome decoded                                                       ---
--------------------------------------------------------------------------------
Ligand Torsions
[   4    5    1    3]   15.75    matched torsion: ester
[   3    1    8    7]   -7.75
[  22    2   21   20]  172.04
[  23   22    2   21] -172.05
[   6    4    5    1]   83.01
[  17   18    9   19]  -21.43    matched torsion: ortho-substituoed aromatic-aliphatic ether
[  20   19    9   18]   78.34
[  31   11   20   19] -128.92
[  11   20   19    9]   33.58
[   2   21   20   11]  161.98
Protein Torsions
[4175 4166 4165 4163] -158.13 
[1294 1290 1288 1285]  -75.87 
[4033 4024 4023 4021]  100.32 
[1412 1408 1406 1403]   99.76 
[2830 2825 2824 2821] -175.98 
[2723 2714 2713 2711]  -70.95 
[2773 2768 2767 2764]   26.89 
Mapping
Ligand acceptors to protein hydrogens (mapping then atom ids)
Ligand hydrogens to protein acceptors (mapping then atom ids)
Ligand shape atoms to protein points (mapping then atom ids & coords)
  3  2999 [ 12->(-32.500   6.500   8.000)]
  4  1726 [ 15->(-34.500   6.000   5.500)]
  5  3041 [ 16->(-32.500   7.500   5.500)]
  6  3192 [ 17->(-32.250   7.500   5.000)]
  7  4247 [ 19->(-30.250   8.000   7.000)]
  8  3573 [ 20->(-31.750   9.000   6.750)]
 10  4798 [ 22->(-27.750  11.750   5.500)]
 11  5306 [ 23->(-26.750  12.500   5.500)]
 12  4738 [ 24->(-28.000  14.000   5.000)]
Chromosome values
Integers:
  -1   -1   -1   -1   -1   -1   -1   -1   -1 2998 1725 3040 
3191 4246 3572   -1 4797 5305 4737 
--------------------------------------------------------------------------------

Current Ranking  6  2  4  1  5  3

Top  3 (of  6) solutions are within 1.000 RMSD, finishing docking E:/Projekt modelowanie/beta2/ligandy/3ny9.mol2.


--------------------------------------------------------------------------------

* GA execution time :                                                           
  total  4.9997 user  4.9996 sys  0.0001

--------------------------------------------------------------------------------
Fitness function evaluations: 110666

--------------------------------------------------------------------------------
--- Ranking analysis                                                         ---
--------------------------------------------------------------------------------


* Final ranked order of GA solutions:                                           
   6  2  4  1  5  3 

  _______________________________
  RMSD Matrix of RANKED solutions

        2    3    4    5    6  

   1 :  0.1  0.6  2.0  1.7  1.7
   2 :       0.6  2.0  1.7  1.7
   3 :            2.0  1.7  1.7
   4 :                 0.7  0.7
   5 :                      0.2

  Clustering method                        : complete linkage
  Structure ids in cluster table           : rank nos.
  Ordering of clusters and their members   : by rank (order if from rms_analysis)

  Distance | Clusters
   0.14    |  1  2 |  3 |  4 |  5 |  6 |
   0.15    |  1  2 |  3 |  4 |  5  6 |
   0.63    |  1  2  3 |  4 |  5  6 |
   0.71    |  1  2  3 |  4  5  6 |
   2.05    |  1  2  3  4  5  6 |
  Finished Docking Ligand                  : E:/Projekt modelowanie/beta2/ligandy/3ny9.mol2
--------------------------------------------------------------------------------

  Relative_Ligand_Energy (best encountered) :   0.446
  Relative_Ligand_Energy: fitness values have been corrected using this amount
