# WARNING: atom    2 in C:/Users/student/Desktop/project/beta1/ligandy/4bvn.mol2 is type   N.2 resetting to type   N.1 (set_atom_type)
# WARNING: atom    3 in C:/Users/student/Desktop/project/beta1/ligandy/4bvn.mol2 is type   O.2 resetting to type   O.3 (set_atom_type)
# WARNING: atom   13 in C:/Users/student/Desktop/project/beta1/ligandy/4bvn.mol2 is type   C.1 resetting to type   C.2 (set_atom_type)
# WARNING: atom    9 in C:/Users/student/Desktop/project/beta1/ligandy/4bvn.mol2 is type   C.2 but should be  C.ar (check_aromatic_bonds_and_atoms)
# WARNING: bond   15 in C:/Users/student/Desktop/project/beta1/ligandy/4bvn.mol2 is type   1 but should be  ar (check_aromatic_bonds_and_atoms)
# WARNING: atom    7 in C:/Users/student/Desktop/project/beta1/ligandy/4bvn.mol2 is type   C.2 but should be  C.ar (check_aromatic_bonds_and_atoms)
# WARNING: bond   16 in C:/Users/student/Desktop/project/beta1/ligandy/4bvn.mol2 is type   2 but should be  ar (check_aromatic_bonds_and_atoms)
# WARNING: atom   13 in C:/Users/student/Desktop/project/beta1/ligandy/4bvn.mol2 is type   C.2 but should be  C.ar (check_aromatic_bonds_and_atoms)
# WARNING: bond   23 in C:/Users/student/Desktop/project/beta1/ligandy/4bvn.mol2 is type   1 but should be  ar (check_aromatic_bonds_and_atoms)
# WARNING: atom   12 in C:/Users/student/Desktop/project/beta1/ligandy/4bvn.mol2 is type   C.2 but should be  C.ar (check_aromatic_bonds_and_atoms)
# WARNING: bond   21 in C:/Users/student/Desktop/project/beta1/ligandy/4bvn.mol2 is type   2 but should be  ar (check_aromatic_bonds_and_atoms)
# WARNING: atom   11 in C:/Users/student/Desktop/project/beta1/ligandy/4bvn.mol2 is type   C.2 but should be  C.ar (check_aromatic_bonds_and_atoms)
# WARNING: bond   19 in C:/Users/student/Desktop/project/beta1/ligandy/4bvn.mol2 is type   1 but should be  ar (check_aromatic_bonds_and_atoms)
# WARNING: atom   10 in C:/Users/student/Desktop/project/beta1/ligandy/4bvn.mol2 is type   C.2 but should be  C.ar (check_aromatic_bonds_and_atoms)
# WARNING: bond   18 in C:/Users/student/Desktop/project/beta1/ligandy/4bvn.mol2 is type   2 but should be  ar (check_aromatic_bonds_and_atoms)

--------------------------------------------------------------------------------
--- Ligand                                                                   ---
--------------------------------------------------------------------------------
  Ligand loaded from file                  : C:/Users/student/Desktop/project/beta1/ligandy/4bvn.mol2
  Ligand name                              :  
  "C:\Users\porto\OneDrive\projekt\beta1\ligandy\L_4bvn.pdb L_4bvn.pdb 1    "

--------------------------------------------------------------------------------
  N.plc donors                             : 
  none found

  Acidic nitrogen acceptors                : 
  none found
  Sulfur acceptors                         :
  none found

  N.1 atom 8 is not an acceptor (skipped)

  Donor atoms                              :      2
  5   6   
  Acceptor atoms                           :      4
  3   5   6   8   

  Hydrogens                                :  (n = 2)
  24   25   

  Lone pairs added to molecule             :      6
  Numbering                                : from 43 to 48

--------------------------------------------------------------------------------
--- Postprocessing of typing                                                 ---
--------------------------------------------------------------------------------
  Fragment file                            : C:\Program Files (x86)\CCDC/GoldSuite_2017\GOLD\gold\rotatable_bond_override.mol2
  acylurea fragment                        : no matches
  thioacylthiourea fragment                : no matches
  acylthiourea fragment                    : no matches
  thioacylurea fragment                    : no matches
  diarylamine fragment >C.ar-NH-C.ar<      : no matches
  sec-amine (1) fragment                   : no matches
  sec-amine (2) fragment                   : no matches
  sec-amine (3) fragment                   : no matches
  carboxylic ester                         : no matches

* Rotatable bonds in C:/Users/student/Des  :
  [   1   21] [   3    9] [   3   14] [   5   17] 
  [   5   16] [   6   15] [  14   15] [  15   16] 
  No. of rotatable bonds                   :      8


* Fragments found in C:/Users/student/Des  :
  atom   7: benzene
  atom   9: benzene
  atom  10: benzene
  atom  11: benzene
  atom  12: benzene
  atom  13: benzene


* Checking torsion distributions:                                               
  Rotatable bond [10  9  3 14] matches torsion: ortho-substituoed aromatic-aliphatic ether
   C.ar ( 1H ) | C.ar ( C.ar ( 0H ) ) | O.3 | C.3 ( 2H ) 
  No. of matched torsions                  :      1

--------------------------------------------------------------------------------
--- Shape fitting atoms selection (hydrophobic atoms)                        ---
--------------------------------------------------------------------------------
  Molecule                                 : C:/Users/student/Desktop/project/beta1/ligandy/4bvn.mol2
  Selection                                : carbons only
  Atom numbers                             :  (n = 10)
  4    10   11   12   14   15   16   18   19   20   
  


--------------------------------------------------------------------------------
--- ChemScore ligand setup summary                                           ---
--------------------------------------------------------------------------------
  ChemScore ligand acceptors               :      4
  3 5 6 8 
  ChemScore ligand donors                  :      2
  5 ( 24  ) 6 ( 25  ) 
  ChemScore ligand CH donors               :      0
  

  ChemScore ligand lipophilic atoms        :  (n = 15)
  1    4    7    9    10   11   12   13   14   15   
  16   17   18   19   20   

  ChemScore ligand rotatable bonds         :      8
  1   (C1 ) - 21  (C16): UNKNOWN_BOND
  3   (O1 ) - 9   (C4 ): SP3_SP2_BOND
  3   (O1 ) - 14  (C9 ): SP3_SP3_BOND
  5   (N2 ) - 17  (C12): SP3_SP3_BOND
  5   (N2 ) - 16  (C11): SP3_SP3_BOND
  6   (O2 ) - 15  (C10): SP3_SP3_BOND
  14  (C9 ) - 15  (C10): SP3_SP3_BOND
  15  (C10) - 16  (C11): SP3_SP3_BOND

--------------------------------------------------------------------------------
--- PLP ligand setup summary                                                 ---
--------------------------------------------------------------------------------
    1    C1   C.2 NONPOLAR
    2    N1   N.1 ACCEPTOR
    3    O1   O.3 ACCEPTOR
    4    C2   C.3 NONPOLAR
    5    N2   N.3 DONACC
    6    O2   O.3 DONACC
    7    C3  C.ar NONPOLAR
    8    N3   N.1 ACCEPTOR
    9    C4  C.ar NONPOLAR
   10    C5  C.ar NONPOLAR
   11    C6  C.ar NONPOLAR
   12    C7  C.ar NONPOLAR
   13    C8  C.ar NONPOLAR
   14    C9   C.3 NONPOLAR
   15   C10   C.3 NONPOLAR
   16   C11   C.3 NONPOLAR
   17   C12   C.3 NONPOLAR
   18   C13   C.3 NONPOLAR
   19   C14   C.3 NONPOLAR
   20   C15   C.3 NONPOLAR
   21   C16   C.1 NONPOLAR

--------------------------------------------------------------------------------
--- Automatic parameter setting                                              ---
--------------------------------------------------------------------------------
  Contribution base                        :   2500
  Contribution per rotatable bond          :   6000
  Contribution per df                      :   4000
  Contribution per water                   :  10000
  Ligand rotatable bonds                   :      8
  Protein flexible side chain bonds        :      0
  Total rotatable bonds                    :      8
  Hydrophobic vol ratio (P/L)              :   1.773
  Base multiplier (polar)                  :   1.200
  Base multiplier (apolar)                 :   3.546
  Base contribution                        : 10000.000
  Fitting points                           :      6
  Estimated maxops needed (optimal)        :  58500
  Autoscale factor (in percent)            :    200
  Scaled maxops                            : 117250

--------------------------------------------------------------------------------

* Population settings                                                           
  maxops                                   : 117250
  popsiz                                   :    100
  select_pressure                          :   1.100
  n_islands                                :      5
  niche_siz                                :      2

* GA settings                                                                   
  pt_crosswt                               :     95
  allele_mutatewt                          :     95
  migratewt                                :     10

* Search settings                                                               
  start_vdw_linear_cutoff                  :   4.000
  initial_virtual_pt_match_max             :   3.000

--------------------------------------------------------------------------------

* Ligand initialisation time :                                                  
  total  0.0001 user  0.0001 sys  0.0000

--------------------------------------------------------------------------------

--------------------------------------------------------------------------------
** Docking run number  1 **
--------------------------------------------------------------------------------
  Rank fitness base is 5000.00 ; increment is 11.2233

* Initialising population(s) ...                                                
Number of constraints mappings 0
Number of constraints 0
  Population no.                           :      1
  Population size                          :    100
  Number of duplicates                     :      0
  Number of niche violations               :      0
  Number of errors                         :    246

Number of constraints mappings 0
Number of constraints 0
  Population no.                           :      2
  Population size                          :    100
  Number of duplicates                     :      0
  Number of niche violations               :      0
  Number of errors                         :    214

Number of constraints mappings 0
Number of constraints 0
  Population no.                           :      3
  Population size                          :    100
  Number of duplicates                     :      0
  Number of niche violations               :      0
  Number of errors                         :    213

Number of constraints mappings 0
Number of constraints 0
  Population no.                           :      4
  Population size                          :    100
  Number of duplicates                     :      0
  Number of niche violations               :      0
  Number of errors                         :    256

Number of constraints mappings 0
Number of constraints 0
  Population no.                           :      5
  Population size                          :    100
  Number of duplicates                     :      0
  Number of niche violations               :      0
  Number of errors                         :    237


Doing GA, no. of population(s) 5 size 100 selection pressure 1.100000

 Operation      Score     S(PLP)   S(hbond)     S(cho)   S(metal)  DE(clash)   DE(tors)     intcor
         0      17.18     -18.52       0.00       0.00       0.00       0.23       0.84       0.56
       725      18.07     -21.40       0.00       0.00       0.00       0.00       1.94       0.56
       937      24.52     -26.94       0.00       0.00       0.00       0.00       1.49       0.56
      1712      28.74     -31.52       0.00       0.00       0.00       0.00       1.67       0.56
      2464      30.61     -38.16       0.60       0.00       0.00       7.81       1.05       0.56
      3072      34.04     -39.77       0.14       0.00       0.00       3.44       1.64       0.56
      4091      35.73     -42.17       0.00       0.00       0.00       3.33       1.83       0.56
      4970      39.72     -41.04       0.61       0.00       0.00       0.00       1.85       0.56
      5861      41.87     -43.22       0.55       0.00       0.00       0.00       1.78       0.56
      6091      43.57     -45.79       0.67       0.00       0.00       0.62       2.09       0.56
      8736      44.90     -46.46       0.00       0.00       0.00       0.00       1.06       0.56
      9191      44.90     -46.46       0.00       0.00       0.00       0.00       1.06       0.56
     11570      45.21     -43.26       1.19       0.00       0.00       0.00       1.08       0.56
     11846      46.22     -46.40       0.72       0.00       0.00       0.00       1.45       0.56
     13011      46.92     -46.99       0.74       0.00       0.00       0.00       1.42       0.56
     13961      48.17     -50.00       0.00       0.00       0.00       0.00       1.19       0.54
     14085      48.64     -45.27       1.66       0.00       0.00       0.00       1.08       0.54
     17057      49.74     -48.92       0.77       0.00       0.00       0.00       1.01       0.54
     17907      51.20     -50.49       1.00       0.00       0.00       0.00       1.42       0.54
     19801      52.86     -50.84       1.24       0.00       0.00       0.00       1.09       0.46
     21386      53.16     -50.76       1.37       0.00       0.00       0.00       1.09       0.46
     24706      54.15     -51.34       1.49       0.00       0.00       0.00       1.06       0.46
     30938      54.47     -54.95       0.74       0.00       0.00       0.00       1.43       0.15
     31516      54.64     -52.07       1.51       0.00       0.00       0.00       1.06       0.15
     32073      55.61     -52.88       1.81       0.00       0.00       0.00       1.42       0.15
     32502      55.69     -52.94       1.57       0.00       0.00       0.00       1.06       0.15
     34872      56.16     -53.74       1.70       0.00       0.00       0.00       1.42       0.15
     35657      56.90     -53.00       2.00       0.00       0.00       0.00       1.12       0.15
     38492      57.50     -53.60       2.00       0.00       0.00       0.00       1.12       0.15
     45244      57.65     -54.15       1.96       0.00       0.00       0.00       1.26       0.15
     45528      57.72     -53.97       1.94       0.00       0.00       0.00       1.11       0.15
     47931      58.21     -54.33       1.99       0.00       0.00       0.00       1.12       0.15
     50366      58.26     -54.38       1.99       0.00       0.00       0.00       1.12       0.15
     52101      58.37     -54.50       1.99       0.00       0.00       0.00       1.12       0.15
     55676      58.37     -54.50       1.99       0.00       0.00       0.00       1.12       0.15
     58156      58.38     -54.50       1.99       0.00       0.00       0.00       1.12       0.15
     59201      58.51     -54.61       2.00       0.00       0.00       0.00       1.12       0.15
     71071      58.53     -54.63       2.00       0.00       0.00       0.00       1.12       0.15
     81104      58.56     -54.65       2.00       0.00       0.00       0.00       1.12       0.15
     83369      58.56     -54.66       2.00       0.00       0.00       0.00       1.12       0.15
     88913      58.60     -54.69       2.00       0.00       0.00       0.00       1.12       0.15
     97723      58.60     -54.69       2.00       0.00       0.00       0.00       1.12       0.15
    105902      58.66     -54.77       2.00       0.00       0.00       0.00       1.13       0.15
    107746      58.71     -54.82       2.00       0.00       0.00       0.00       1.13       0.15
    108253      58.72     -54.83       2.00       0.00       0.00       0.00       1.13       0.15
    114692      58.73     -54.84       2.00       0.00       0.00       0.00       1.13       0.15
--------------------------------------------------------------------------------
Best docking solution after GA:
    117250      58.73     -54.84       2.00       0.00       0.00       0.00       1.13       0.15

#ops:     117250 #mutates:  55913 #cross:    55366 #migrate:   5971 
#dups:     27781 #niche:    45918 #errors:     360 
--------------------------------------------------------------------------------

Doing AMOEBA simplex on best individual
Done simplexing #iterations 382, best score  58.92

Ligand is stored in gold_soln_4bvn_m1_1.mol2


--------------------------------------------------------------------------------
--- CHEMPLP breakdown of terms                                               ---
--------------------------------------------------------------------------------
CHEMPLP = - ( 1.0000*S(PLP) + -3.0000*S(hbond) + -6.0000*S(metal) + -3.0000*S(cho) )

Score = CHEMPLP - 1.0000*DE(clash) - 2.0000*DE(tors)

Internal energy term has been corrected with the best internal energy encountered.

--------------------------------------------------------------------------------


     Score     S(PLP)   S(hbond)     S(cho)   S(metal)  DE(clash)   DE(tors)     intcor
     58.92     -55.11       2.00       0.00       0.00       0.00       1.17       0.15

--------------------------------------------------------------------------------
--- PLP analysis of protein-ligand interactions                              ---
--------------------------------------------------------------------------------
hydrogen bonding        :      -2.00
metal                   :       0.00
buried (polar-nonpolar) :      -3.71
nonpolar                :     -48.95
repulsive               :       0.39
--------------------------------------------------------------------------------


--------------------------------------------------------------------------------
--- ChemScore analysis of protein-ligand interactions                        ---
--------------------------------------------------------------------------------

* Hydrogen bonds                                                                
Ligand donor    5 hydrogen   24 Protein acceptor 2066 bond energy  1.00 wt 1.00
Ligand donor    6 hydrogen   25 Protein acceptor 2066 bond energy  1.00 wt 1.00


* CH..O interactions                                                            
  CH group selection                       : activated ring CH (adjacent to hetatom)

--------------------------------------------------------------------------------


--------------------------------------------------------------------------------
--- Intra-ligand clashes                                                     ---
--------------------------------------------------------------------------------

Ligand
--------------------------------------------------------------------------------


--------------------------------------------------------------------------------
--- Chromosome decoded                                                       ---
--------------------------------------------------------------------------------
Ligand Torsions
[   8   21    1    4]   52.88
[  10    9    3   14]   -0.37    matched torsion: ortho-substituoed aromatic-aliphatic ether
[   9    3   14   15] -105.57
[  18   17    5   16]   47.96
[  17    5   16   15]  175.13
[  25    6   15   14]   86.20
[   3   14   15    6]   59.49
[   5   16   15    6]    2.64
Mapping
Ligand acceptors to protein hydrogens (mapping then atom ids)
Ligand hydrogens to protein acceptors (mapping then atom ids)
  2   3 [ 25->2066]
Ligand shape atoms to protein points (mapping then atom ids & coords)
  1  5290 [  4->(-23.250   5.750  14.750)]
  3  2813 [ 11->(-24.000   4.250  16.000)]
  4   664 [ 12->(-25.000   3.500  15.250)]
  5  7936 [ 14->(-21.750   8.500  17.750)]
  6  3178 [ 15->(-24.000  10.000  17.000)]
  7  5474 [ 16->(-23.250   9.500  18.000)]
  8  2602 [ 18->(-24.250  13.750  21.000)]
 10   580 [ 20->(-25.250  10.750  21.000)]
Chromosome values
Integers:
  -1   -1   -1   -1   -1    2 5289   -1 2812  663 7935 3177 
5473 2601   -1  579 
--------------------------------------------------------------------------------

Current Ranking  1

--------------------------------------------------------------------------------

* GA execution time :                                                           
  total  5.9999 user  5.9999 sys  0.0000

--------------------------------------------------------------------------------
Fitness function evaluations: 180845

--------------------------------------------------------------------------------
** Docking run number  2 **
--------------------------------------------------------------------------------
  Rank fitness base is 5000.00 ; increment is 11.2233

* Initialising population(s) ...                                                
Number of constraints mappings 0
Number of constraints 0
  Population no.                           :      1
  Population size                          :    100
  Number of duplicates                     :      0
  Number of niche violations               :      0
  Number of errors                         :    212

Number of constraints mappings 0
Number of constraints 0
  Population no.                           :      2
  Population size                          :    100
  Number of duplicates                     :      0
  Number of niche violations               :      0
  Number of errors                         :    227

Number of constraints mappings 0
Number of constraints 0
  Population no.                           :      3
  Population size                          :    100
  Number of duplicates                     :      0
  Number of niche violations               :      0
  Number of errors                         :    221

Number of constraints mappings 0
Number of constraints 0
  Population no.                           :      4
  Population size                          :    100
  Number of duplicates                     :      0
  Number of niche violations               :      0
  Number of errors                         :    241

Number of constraints mappings 0
Number of constraints 0
  Population no.                           :      5
  Population size                          :    100
  Number of duplicates                     :      0
  Number of niche violations               :      0
  Number of errors                         :    202


Doing GA, no. of population(s) 5 size 100 selection pressure 1.100000

 Operation      Score     S(PLP)   S(hbond)     S(cho)   S(metal)  DE(clash)   DE(tors)     intcor
         0      25.20     -31.90       0.00       0.00       0.00       5.14       0.85       0.15
      1956      27.74     -33.73       0.00       0.00       0.00       4.07       1.03       0.15
      2450      41.86     -40.45       1.00       0.00       0.00       0.00       0.87       0.15
      5185      42.35     -41.91       1.00       0.00       0.00       0.00       1.35       0.15
      6095      44.11     -46.36       0.00       0.00       0.00       0.00       1.20       0.15
      7200      44.92     -47.11       0.00       0.00       0.00       0.00       1.17       0.15
      8439      46.70     -48.39       0.00       0.00       0.00       0.00       0.92       0.15
      9924      48.39     -47.51       1.00       0.00       0.00       0.00       1.13       0.15
     13165      49.49     -47.87       1.00       0.00       0.00       0.00       0.76       0.15
     16985      49.86     -49.01       0.91       0.00       0.00       0.00       1.01       0.15
     19438      50.62     -49.00       1.00       0.00       0.00       0.00       0.76       0.15
     19584      51.47     -52.56       0.00       0.00       0.00       0.00       0.62       0.15
     23544      53.39     -54.59       0.00       0.00       0.00       0.00       0.67       0.15
     28705      53.81     -54.98       0.00       0.00       0.00       0.00       0.66       0.15
     31527      54.77     -54.49       0.46       0.00       0.00       0.23       0.51       0.15
     34777      55.02     -54.69       0.48       0.00       0.00       0.23       0.51       0.15
     37631      56.13     -57.02       0.05       0.00       0.00       0.00       0.59       0.15
     46032      56.14     -57.02       0.05       0.00       0.00       0.00       0.59       0.15
     46909      56.63     -55.91       0.61       0.00       0.00       0.23       0.51       0.15
     54344      56.73     -55.83       0.61       0.00       0.00       0.23       0.42       0.15
     56908      56.96     -56.09       0.64       0.00       0.00       0.23       0.48       0.15
     65239      57.22     -55.68       1.00       0.00       0.00       0.23       0.69       0.15
     66092      57.22     -55.54       0.96       0.00       0.00       0.23       0.56       0.15
     67069      57.87     -56.10       1.00       0.00       0.00       0.00       0.69       0.15
     67534      57.87     -56.10       1.00       0.00       0.00       0.00       0.69       0.15
     68749      58.06     -56.30       0.99       0.00       0.00       0.00       0.68       0.15
     71959      58.06     -56.30       0.99       0.00       0.00       0.00       0.68       0.15
     72264      58.67     -57.19       0.90       0.00       0.00       0.00       0.67       0.15
     76659      58.73     -57.21       0.91       0.00       0.00       0.00       0.68       0.15
     77498      58.90     -57.27       0.94       0.00       0.00       0.00       0.67       0.15
     81231      58.95     -57.14       1.00       0.00       0.00       0.00       0.67       0.15
     87165      58.96     -57.17       1.00       0.00       0.00       0.00       0.68       0.15
     91081      59.17     -57.37       0.96       0.00       0.00       0.00       0.61       0.15
    105797      59.50     -57.85       1.00       0.00       0.00       0.23       0.58       0.04
    107640      59.63     -57.98       1.00       0.00       0.00       0.23       0.58       0.04
    108280      59.63     -57.98       1.00       0.00       0.00       0.23       0.58       0.04
    109019      59.64     -57.98       1.00       0.00       0.00       0.23       0.58       0.04
    109540      59.79     -58.08       1.00       0.00       0.00       0.23       0.56       0.04
    112320      59.79     -58.08       1.00       0.00       0.00       0.23       0.56       0.04
    112535      59.84     -58.11       1.00       0.00       0.00       0.23       0.54       0.04
    113441      59.84     -58.13       1.00       0.00       0.00       0.23       0.55       0.04
    113720      59.91     -58.04       1.00       0.00       0.00       0.00       0.59       0.04
    117208      59.93     -57.99       1.00       0.00       0.00       0.00       0.55       0.04
--------------------------------------------------------------------------------
Best docking solution after GA:
    117250      59.93     -57.99       1.00       0.00       0.00       0.00       0.55       0.04

#ops:     117250 #mutates:  55883 #cross:    55469 #migrate:   5898 
#dups:     31327 #niche:    43127 #errors:     673 
--------------------------------------------------------------------------------

Doing AMOEBA simplex on best individual
Done simplexing #iterations 456, best score  60.52

Ligand is stored in gold_soln_4bvn_m1_2.mol2


--------------------------------------------------------------------------------
--- CHEMPLP breakdown of terms                                               ---
--------------------------------------------------------------------------------
CHEMPLP = - ( 1.0000*S(PLP) + -3.0000*S(hbond) + -6.0000*S(metal) + -3.0000*S(cho) )

Score = CHEMPLP - 1.0000*DE(clash) - 2.0000*DE(tors)

Internal energy term has been corrected with the best internal energy encountered.

--------------------------------------------------------------------------------


     Score     S(PLP)   S(hbond)     S(cho)   S(metal)  DE(clash)   DE(tors)     intcor
     60.52     -58.59       1.00       0.00       0.00       0.00       0.56       0.04

--------------------------------------------------------------------------------
--- PLP analysis of protein-ligand interactions                              ---
--------------------------------------------------------------------------------
hydrogen bonding        :      -1.00
metal                   :       0.00
buried (polar-nonpolar) :      -7.14
nonpolar                :     -50.80
repulsive               :       0.35
--------------------------------------------------------------------------------


--------------------------------------------------------------------------------
--- ChemScore analysis of protein-ligand interactions                        ---
--------------------------------------------------------------------------------

* Hydrogen bonds                                                                
Ligand donor    5 hydrogen   24 Protein acceptor 2066 bond energy  1.00 wt 1.00


* CH..O interactions                                                            
  CH group selection                       : activated ring CH (adjacent to hetatom)

--------------------------------------------------------------------------------


--------------------------------------------------------------------------------
--- Intra-ligand clashes                                                     ---
--------------------------------------------------------------------------------

Ligand
--------------------------------------------------------------------------------


--------------------------------------------------------------------------------
--- Chromosome decoded                                                       ---
--------------------------------------------------------------------------------
Ligand Torsions
[   8   21    1    4] -117.57
[  10    9    3   14]  -13.63    matched torsion: ortho-substituoed aromatic-aliphatic ether
[   9    3   14   15]   80.72
[  18   17    5   16]   55.50
[  17    5   16   15]  155.53
[  25    6   15   14]  -16.23
[   3   14   15    6]   42.94
[   5   16   15    6]  175.30
Mapping
Ligand acceptors to protein hydrogens (mapping then atom ids)
Ligand hydrogens to protein acceptors (mapping then atom ids)
Ligand shape atoms to protein points (mapping then atom ids & coords)
  1  5186 [  4->(-23.250   4.500  12.750)]
  2  5357 [ 10->(-23.250   6.750  17.000)]
  3  1092 [ 11->(-24.750   4.500  16.500)]
  4  3621 [ 12->(-23.750   4.500  16.000)]
  5  6179 [ 14->(-23.000   9.000  17.500)]
  6  3085 [ 15->(-24.000   8.500  16.500)]
  7  7252 [ 16->(-22.500   9.250  18.750)]
 10   178 [ 20->(-25.750  10.750  21.250)]
Chromosome values
Integers:
  -1   -1   -1   -1   -1   -1 5185 5356 1091 3620 6178 3084 
7251   -1   -1  177 
--------------------------------------------------------------------------------

Current Ranking  2  1

--------------------------------------------------------------------------------

* GA execution time :                                                           
  total  5.9998 user  5.9998 sys  0.0000

--------------------------------------------------------------------------------
Fitness function evaluations: 180403

--------------------------------------------------------------------------------
** Docking run number  3 **
--------------------------------------------------------------------------------
  Rank fitness base is 5000.00 ; increment is 11.2233

* Initialising population(s) ...                                                
Number of constraints mappings 0
Number of constraints 0
  Population no.                           :      1
  Population size                          :    100
  Number of duplicates                     :      0
  Number of niche violations               :      0
  Number of errors                         :    222

Number of constraints mappings 0
Number of constraints 0
  Population no.                           :      2
  Population size                          :    100
  Number of duplicates                     :      0
  Number of niche violations               :      0
  Number of errors                         :    200

Number of constraints mappings 0
Number of constraints 0
  Population no.                           :      3
  Population size                          :    100
  Number of duplicates                     :      0
  Number of niche violations               :      0
  Number of errors                         :    249

Number of constraints mappings 0
Number of constraints 0
  Population no.                           :      4
  Population size                          :    100
  Number of duplicates                     :      0
  Number of niche violations               :      0
  Number of errors                         :    240

Number of constraints mappings 0
Number of constraints 0
  Population no.                           :      5
  Population size                          :    100
  Number of duplicates                     :      0
  Number of niche violations               :      0
  Number of errors                         :    267


Doing GA, no. of population(s) 5 size 100 selection pressure 1.100000

 Operation      Score     S(PLP)   S(hbond)     S(cho)   S(metal)  DE(clash)   DE(tors)     intcor
         0      27.08     -30.21       0.00       0.00       0.00       0.00       1.59       0.04
      1365      30.75     -30.33       0.94       0.00       0.00       0.00       1.22       0.04
      2337      34.59     -37.88       0.89       0.00       0.00       2.81       1.60       0.04
      3879      44.29     -45.26       0.22       0.00       0.00       0.00       0.83       0.04
      6704      45.24     -47.16       0.00       0.00       0.00       0.00       0.98       0.04
      7662      46.63     -44.64       1.00       0.00       0.00       0.00       0.53       0.04
      7819      47.43     -47.98       0.36       0.00       0.00       0.00       0.83       0.04
      8979      47.79     -48.95       0.16       0.00       0.00       0.00       0.83       0.04
     12252      50.00     -50.94       0.21       0.00       0.00       0.00       0.81       0.04
     14887      50.05     -48.07       1.00       0.00       0.00       0.00       0.53       0.04
     17122      50.36     -50.42       0.51       0.00       0.00       0.00       0.81       0.04
     17707      50.41     -50.45       0.51       0.00       0.00       0.00       0.81       0.04
     19230      53.18     -53.94       1.00       0.00       0.00       0.00       1.90       0.04
     22928      53.59     -54.43       1.00       0.00       0.00       0.00       1.94       0.04
     24170      53.94     -54.72       1.00       0.00       0.00       0.00       1.91       0.04
     27837      54.69     -52.43       1.54       0.00       0.00       0.00       1.21       0.04
     28252      54.87     -51.38       1.99       0.00       0.00       0.00       1.26       0.04
     29142      54.92     -52.22       1.69       0.00       0.00       0.00       1.21       0.04
     29207      57.32     -53.80       2.00       0.00       0.00       0.00       1.26       0.04
     31677      58.64     -55.20       2.00       0.00       0.00       0.00       1.30       0.04
     36866      58.65     -55.23       2.00       0.00       0.00       0.00       1.31       0.04
     38472      58.73     -55.29       2.00       0.00       0.00       0.00       1.30       0.04
     41664      58.81     -55.37       2.00       0.00       0.00       0.00       1.30       0.04
     46329      58.81     -55.37       2.00       0.00       0.00       0.00       1.30       0.04
     50060      58.85     -55.44       2.00       0.00       0.00       0.00       1.32       0.04
     51205      58.91     -55.47       2.00       0.00       0.00       0.00       1.30       0.04
     51215      58.94     -55.50       2.00       0.00       0.00       0.00       1.30       0.04
     51620      59.06     -55.62       2.00       0.00       0.00       0.00       1.30       0.04
     60764      59.10     -55.70       2.00       0.00       0.00       0.00       1.32       0.04
     64754      59.11     -55.67       2.00       0.00       0.00       0.00       1.30       0.04
     65875      59.17     -55.74       2.00       0.00       0.00       0.00       1.31       0.04
     66036      59.21     -55.80       2.00       0.00       0.00       0.00       1.32       0.04
     78031      59.24     -55.83       2.00       0.00       0.00       0.00       1.32       0.04
     80273      59.29     -55.87       2.00       0.00       0.00       0.00       1.31       0.04
     80858      59.31     -55.89       2.00       0.00       0.00       0.00       1.31       0.04
     93951      59.33     -55.92       2.00       0.00       0.00       0.00       1.32       0.04
     97006      59.34     -55.93       2.00       0.00       0.00       0.00       1.32       0.04
    102192      59.37     -55.94       2.00       0.00       0.00       0.00       1.31       0.04
    106693      59.37     -56.20       2.00       0.00       0.00       0.00       1.43       0.04
    109415      59.49     -56.07       2.00       0.00       0.00       0.00       1.31       0.04
    113320      59.51     -56.46       2.00       0.00       0.00       0.00       1.50       0.04
    115342      59.53     -56.16       2.00       0.00       0.00       0.00       1.34       0.04
    115880      59.63     -56.63       2.00       0.00       0.00       0.00       1.52       0.04
--------------------------------------------------------------------------------
Best docking solution after GA:
    117250      59.63     -56.63       2.00       0.00       0.00       0.00       1.52       0.04

#ops:     117250 #mutates:  55880 #cross:    55487 #migrate:   5883 
#dups:     25970 #niche:    43545 #errors:     604 
--------------------------------------------------------------------------------

Doing AMOEBA simplex on best individual
Done simplexing #iterations 253, best score  59.84

Ligand is stored in gold_soln_4bvn_m1_3.mol2


--------------------------------------------------------------------------------
--- CHEMPLP breakdown of terms                                               ---
--------------------------------------------------------------------------------
CHEMPLP = - ( 1.0000*S(PLP) + -3.0000*S(hbond) + -6.0000*S(metal) + -3.0000*S(cho) )

Score = CHEMPLP - 1.0000*DE(clash) - 2.0000*DE(tors)

Internal energy term has been corrected with the best internal energy encountered.

--------------------------------------------------------------------------------


     Score     S(PLP)   S(hbond)     S(cho)   S(metal)  DE(clash)   DE(tors)     intcor
     59.84     -56.63       2.00       0.00       0.00       0.00       1.41       0.04

--------------------------------------------------------------------------------
--- PLP analysis of protein-ligand interactions                              ---
--------------------------------------------------------------------------------
hydrogen bonding        :      -2.00
metal                   :       0.00
buried (polar-nonpolar) :      -4.98
nonpolar                :     -49.27
repulsive               :       0.40
--------------------------------------------------------------------------------


--------------------------------------------------------------------------------
--- ChemScore analysis of protein-ligand interactions                        ---
--------------------------------------------------------------------------------

* Hydrogen bonds                                                                
Ligand donor    5 hydrogen   24 Protein acceptor 2066 bond energy  1.00 wt 1.00
Ligand donor    6 hydrogen   25 Protein acceptor 2066 bond energy  1.00 wt 1.00


* CH..O interactions                                                            
  CH group selection                       : activated ring CH (adjacent to hetatom)

--------------------------------------------------------------------------------


--------------------------------------------------------------------------------
--- Intra-ligand clashes                                                     ---
--------------------------------------------------------------------------------

Ligand
--------------------------------------------------------------------------------


--------------------------------------------------------------------------------
--- Chromosome decoded                                                       ---
--------------------------------------------------------------------------------
Ligand Torsions
[   8   21    1    4]  105.52
[  10    9    3   14]   14.40    matched torsion: ortho-substituoed aromatic-aliphatic ether
[   9    3   14   15] -118.17
[  18   17    5   16]  -74.04
[  17    5   16   15]  177.61
[  25    6   15   14]   70.43
[   3   14   15    6]   56.83
[   5   16   15    6]    3.69
Mapping
Ligand acceptors to protein hydrogens (mapping then atom ids)
Ligand hydrogens to protein acceptors (mapping then atom ids)
  2   3 [ 25->2066]
Ligand shape atoms to protein points (mapping then atom ids & coords)
  2  4499 [ 10->(-23.500   5.000  16.000)]
  3  2113 [ 11->(-24.250   4.000  16.250)]
  4  1586 [ 12->(-24.500   4.250  16.750)]
  5  6801 [ 14->(-22.750   8.750  16.750)]
  6  6819 [ 15->(-22.750   9.000  17.500)]
  7  3200 [ 16->(-24.000  10.250  18.000)]
Chromosome values
Integers:
  -1   -1   -1   -1   -1    2   -1 4498 2112 1585 6800 6818 
3199   -1   -1   -1 
--------------------------------------------------------------------------------

Current Ranking  2  3  1

Top  3 (of  3) solutions are within 1.000 RMSD, finishing docking C:/Users/student/Desktop/project/beta1/ligandy/4bvn.mol2.


--------------------------------------------------------------------------------

* GA execution time :                                                           
  total  5.9999 user  5.9999 sys  0.0000

--------------------------------------------------------------------------------
Fitness function evaluations: 182573

--------------------------------------------------------------------------------
--- Ranking analysis                                                         ---
--------------------------------------------------------------------------------


* Final ranked order of GA solutions:                                           
   2  3  1 

  _______________________________
  RMSD Matrix of RANKED solutions

        2    3  

   1 :  1.0  1.0
   2 :       0.3

  Clustering method                        : complete linkage
  Structure ids in cluster table           : rank nos.
  Ordering of clusters and their members   : by rank (order if from rms_analysis)

  Distance | Clusters
   0.31    |  1 |  2  3 |
   0.97    |  1  2  3 |
  Finished Docking Ligand                  : C:/Users/student/Desktop/project/beta1/ligandy/4bvn.mol2
--------------------------------------------------------------------------------

  Relative_Ligand_Energy (best encountered) :   0.042
  Relative_Ligand_Energy: fitness values have been corrected using this amount
