# WARNING: atom    2 in C:/Users/student/Desktop/project/beta1/ligandy/4bvn.mol2 is type   N.2 resetting to type   N.1 (set_atom_type)
# WARNING: atom    3 in C:/Users/student/Desktop/project/beta1/ligandy/4bvn.mol2 is type   O.2 resetting to type   O.3 (set_atom_type)
# WARNING: atom   13 in C:/Users/student/Desktop/project/beta1/ligandy/4bvn.mol2 is type   C.1 resetting to type   C.2 (set_atom_type)
# WARNING: atom    9 in C:/Users/student/Desktop/project/beta1/ligandy/4bvn.mol2 is type   C.2 but should be  C.ar (check_aromatic_bonds_and_atoms)
# WARNING: bond   15 in C:/Users/student/Desktop/project/beta1/ligandy/4bvn.mol2 is type   1 but should be  ar (check_aromatic_bonds_and_atoms)
# WARNING: atom    7 in C:/Users/student/Desktop/project/beta1/ligandy/4bvn.mol2 is type   C.2 but should be  C.ar (check_aromatic_bonds_and_atoms)
# WARNING: bond   16 in C:/Users/student/Desktop/project/beta1/ligandy/4bvn.mol2 is type   2 but should be  ar (check_aromatic_bonds_and_atoms)
# WARNING: atom   13 in C:/Users/student/Desktop/project/beta1/ligandy/4bvn.mol2 is type   C.2 but should be  C.ar (check_aromatic_bonds_and_atoms)
# WARNING: bond   23 in C:/Users/student/Desktop/project/beta1/ligandy/4bvn.mol2 is type   1 but should be  ar (check_aromatic_bonds_and_atoms)
# WARNING: atom   12 in C:/Users/student/Desktop/project/beta1/ligandy/4bvn.mol2 is type   C.2 but should be  C.ar (check_aromatic_bonds_and_atoms)
# WARNING: bond   21 in C:/Users/student/Desktop/project/beta1/ligandy/4bvn.mol2 is type   2 but should be  ar (check_aromatic_bonds_and_atoms)
# WARNING: atom   11 in C:/Users/student/Desktop/project/beta1/ligandy/4bvn.mol2 is type   C.2 but should be  C.ar (check_aromatic_bonds_and_atoms)
# WARNING: bond   19 in C:/Users/student/Desktop/project/beta1/ligandy/4bvn.mol2 is type   1 but should be  ar (check_aromatic_bonds_and_atoms)
# WARNING: atom   10 in C:/Users/student/Desktop/project/beta1/ligandy/4bvn.mol2 is type   C.2 but should be  C.ar (check_aromatic_bonds_and_atoms)
# WARNING: bond   18 in C:/Users/student/Desktop/project/beta1/ligandy/4bvn.mol2 is type   2 but should be  ar (check_aromatic_bonds_and_atoms)

--------------------------------------------------------------------------------
--- Ligand                                                                   ---
--------------------------------------------------------------------------------
  Ligand loaded from file                  : C:/Users/student/Desktop/project/beta1/ligandy/4bvn.mol2
  Ligand name                              :  
  "C:\Users\porto\OneDrive\projekt\beta1\ligandy\L_4bvn.pdb L_4bvn.pdb 1    "

--------------------------------------------------------------------------------
  N.plc donors                             : 
  none found

  Acidic nitrogen acceptors                : 
  none found
  Sulfur acceptors                         :
  none found

  N.1 atom 8 is not an acceptor (skipped)

  Donor atoms                              :      2
  5   6   
  Acceptor atoms                           :      4
  3   5   6   8   

  Hydrogens                                :  (n = 2)
  24   25   

  Lone pairs added to molecule             :      6
  Numbering                                : from 43 to 48

--------------------------------------------------------------------------------
--- Postprocessing of typing                                                 ---
--------------------------------------------------------------------------------
  Fragment file                            : C:\Program Files (x86)\CCDC/GoldSuite_2017\GOLD\gold\rotatable_bond_override.mol2
  acylurea fragment                        : no matches
  thioacylthiourea fragment                : no matches
  acylthiourea fragment                    : no matches
  thioacylurea fragment                    : no matches
  diarylamine fragment >C.ar-NH-C.ar<      : no matches
  sec-amine (1) fragment                   : no matches
  sec-amine (2) fragment                   : no matches
  sec-amine (3) fragment                   : no matches
  carboxylic ester                         : no matches

* Rotatable bonds in C:/Users/student/Des  :
  [   1   21] [   3    9] [   3   14] [   5   17] 
  [   5   16] [   6   15] [  14   15] [  15   16] 
  No. of rotatable bonds                   :      8


* Fragments found in C:/Users/student/Des  :
  atom   7: benzene
  atom   9: benzene
  atom  10: benzene
  atom  11: benzene
  atom  12: benzene
  atom  13: benzene


* Checking torsion distributions:                                               
  Rotatable bond [10  9  3 14] matches torsion: ortho-substituoed aromatic-aliphatic ether
   C.ar ( 1H ) | C.ar ( C.ar ( 0H ) ) | O.3 | C.3 ( 2H ) 
  No. of matched torsions                  :      1

--------------------------------------------------------------------------------
--- Shape fitting atoms selection (hydrophobic atoms)                        ---
--------------------------------------------------------------------------------
  Molecule                                 : C:/Users/student/Desktop/project/beta1/ligandy/4bvn.mol2
  Selection                                : carbons only
  Atom numbers                             :  (n = 10)
  4    10   11   12   14   15   16   18   19   20   
  


--------------------------------------------------------------------------------
--- ChemScore ligand setup summary                                           ---
--------------------------------------------------------------------------------
  ChemScore ligand acceptors               :      4
  3 5 6 8 
  ChemScore ligand donors                  :      2
  5 ( 24  ) 6 ( 25  ) 
  ChemScore ligand CH donors               :      0
  

  ChemScore ligand lipophilic atoms        :  (n = 15)
  1    4    7    9    10   11   12   13   14   15   
  16   17   18   19   20   

  ChemScore ligand rotatable bonds         :      8
  1   (C1 ) - 21  (C16): UNKNOWN_BOND
  3   (O1 ) - 9   (C4 ): SP3_SP2_BOND
  3   (O1 ) - 14  (C9 ): SP3_SP3_BOND
  5   (N2 ) - 17  (C12): SP3_SP3_BOND
  5   (N2 ) - 16  (C11): SP3_SP3_BOND
  6   (O2 ) - 15  (C10): SP3_SP3_BOND
  14  (C9 ) - 15  (C10): SP3_SP3_BOND
  15  (C10) - 16  (C11): SP3_SP3_BOND

--------------------------------------------------------------------------------
--- PLP ligand setup summary                                                 ---
--------------------------------------------------------------------------------
    1    C1   C.2 NONPOLAR
    2    N1   N.1 ACCEPTOR
    3    O1   O.3 ACCEPTOR
    4    C2   C.3 NONPOLAR
    5    N2   N.3 DONACC
    6    O2   O.3 DONACC
    7    C3  C.ar NONPOLAR
    8    N3   N.1 ACCEPTOR
    9    C4  C.ar NONPOLAR
   10    C5  C.ar NONPOLAR
   11    C6  C.ar NONPOLAR
   12    C7  C.ar NONPOLAR
   13    C8  C.ar NONPOLAR
   14    C9   C.3 NONPOLAR
   15   C10   C.3 NONPOLAR
   16   C11   C.3 NONPOLAR
   17   C12   C.3 NONPOLAR
   18   C13   C.3 NONPOLAR
   19   C14   C.3 NONPOLAR
   20   C15   C.3 NONPOLAR
   21   C16   C.1 NONPOLAR

--------------------------------------------------------------------------------
--- Automatic parameter setting                                              ---
--------------------------------------------------------------------------------
  Contribution base                        :   2500
  Contribution per rotatable bond          :   6000
  Contribution per df                      :   4000
  Contribution per water                   :  10000
  Ligand rotatable bonds                   :      8
  Protein flexible side chain bonds        :      0
  Total rotatable bonds                    :      8
  Hydrophobic vol ratio (P/L)              :   1.773
  Base multiplier (polar)                  :   1.200
  Base multiplier (apolar)                 :   3.546
  Base contribution                        : 10000.000
  Fitting points                           :      6
  Estimated maxops needed (optimal)        :  58500

--------------------------------------------------------------------------------

* Population settings                                                           
  maxops                                   :  58500
  popsiz                                   :    100
  select_pressure                          :   1.100
  n_islands                                :      5
  niche_siz                                :      2

* GA settings                                                                   
  pt_crosswt                               :     95
  allele_mutatewt                          :     95
  migratewt                                :     10

* Search settings                                                               
  start_vdw_linear_cutoff                  :   4.000
  initial_virtual_pt_match_max             :   3.000

--------------------------------------------------------------------------------

* Ligand initialisation time :                                                  
  total  0.0000 user  0.0000 sys  0.0000

--------------------------------------------------------------------------------

--------------------------------------------------------------------------------
** Docking run number  1 **
--------------------------------------------------------------------------------
  Rank fitness base is 5000.00 ; increment is 11.2233

* Initialising population(s) ...                                                
Number of constraints mappings 0
Number of constraints 0
  Population no.                           :      1
  Population size                          :    100
  Number of duplicates                     :      0
  Number of niche violations               :      0
  Number of errors                         :    218

Number of constraints mappings 0
Number of constraints 0
  Population no.                           :      2
  Population size                          :    100
  Number of duplicates                     :      0
  Number of niche violations               :      0
  Number of errors                         :    212

Number of constraints mappings 0
Number of constraints 0
  Population no.                           :      3
  Population size                          :    100
  Number of duplicates                     :      0
  Number of niche violations               :      0
  Number of errors                         :    220

Number of constraints mappings 0
Number of constraints 0
  Population no.                           :      4
  Population size                          :    100
  Number of duplicates                     :      0
  Number of niche violations               :      0
  Number of errors                         :    199

Number of constraints mappings 0
Number of constraints 0
  Population no.                           :      5
  Population size                          :    100
  Number of duplicates                     :      0
  Number of niche violations               :      0
  Number of errors                         :    224


Doing GA, no. of population(s) 5 size 100 selection pressure 1.100000

 Operation      Score     S(PLP)   S(hbond)     S(cho)   S(metal)  DE(clash)   DE(tors)     intcor
         0      12.18     -15.40       0.00       0.00       0.00       0.53       1.64       0.60
       747      14.49     -27.18       0.00       0.00       0.00       8.73       2.28       0.60
      1259      18.09     -32.18       0.00       0.00       0.00      10.66       2.02       0.60
      1447      20.10     -30.92       0.00       0.00       0.00       7.19       2.12       0.60
      1835      21.60     -24.23       0.00       0.00       0.00       0.00       1.62       0.60
      2074      24.21     -29.76       0.00       0.00       0.00       0.00       3.07       0.60
      2208      27.22     -31.76       1.00       0.00       0.00       3.77       2.19       0.60
      2392      31.64     -42.37       0.00       0.00       0.00       7.19       2.07       0.60
      2998      34.75     -38.68       1.00       0.00       0.00       3.77       1.88       0.60
      3515      38.15     -40.78       0.00       0.00       0.00       0.00       1.62       0.60
      5952      40.15     -43.38       0.00       0.00       0.00       0.00       1.92       0.60
      6246      40.39     -42.62       0.00       0.00       0.00       0.00       1.42       0.60
      6415      42.84     -45.47       0.00       0.00       0.00       0.00       1.62       0.60
      7465      46.52     -48.47       0.00       0.00       0.00       0.00       1.28       0.60
      7537      46.77     -49.58       0.94       0.00       0.00       1.20       2.52       0.60
      9561      51.11     -54.07       0.00       0.00       0.00       0.00       1.78       0.60
     12331      51.54     -54.25       0.00       0.00       0.00       0.00       1.65       0.60
     14620      51.65     -54.56       0.00       0.00       0.00       0.00       1.76       0.60
     16413      52.38     -55.61       0.00       0.00       0.00       0.00       1.92       0.60
     17423      53.22     -56.46       0.00       0.00       0.00       0.00       1.92       0.60
     19203      53.37     -51.65       1.00       0.00       0.00       0.00       0.93       0.58
     22401      53.69     -52.27       0.89       0.00       0.00       0.00       0.92       0.58
     22861      54.61     -53.27       0.88       0.00       0.00       0.00       0.93       0.58
     26709      55.10     -52.82       1.00       0.00       0.00       0.00       0.65       0.58
     31088      56.25     -54.26       1.00       0.00       0.00       0.00       0.70       0.40
     35563      56.29     -54.29       1.00       0.00       0.00       0.00       0.70       0.40
     39074      56.57     -54.63       1.00       0.00       0.00       0.00       0.73       0.40
     39925      56.88     -56.84       1.00       0.00       0.00       0.64       1.36       0.40
     46821      56.99     -54.95       1.00       0.00       0.00       0.00       0.68       0.40
     47645      57.22     -57.19       1.00       0.00       0.00       0.64       1.37       0.40
     48085      57.37     -57.35       1.00       0.00       0.00       0.64       1.37       0.40
     52430      57.44     -57.41       1.00       0.00       0.00       0.64       1.37       0.40
     52755      57.70     -57.46       1.00       0.00       0.00       0.64       1.26       0.40
     53010      58.40     -57.65       1.00       0.00       0.00       0.64       1.01       0.40
     53295      58.40     -57.65       1.00       0.00       0.00       0.64       1.01       0.40
     55435      58.90     -58.53       1.00       0.00       0.00       0.64       1.19       0.40
     58125      59.24     -58.07       1.00       0.00       0.00       0.00       1.11       0.40
--------------------------------------------------------------------------------
Best docking solution after GA:
     58500      59.24     -58.07       1.00       0.00       0.00       0.00       1.11       0.40

#ops:      58500 #mutates:  27881 #cross:    27706 #migrate:   2913 
#dups:     15798 #niche:    23285 #errors:     370 
--------------------------------------------------------------------------------

Doing AMOEBA simplex on best individual
Done simplexing #iterations 501, best score  60.21

Ligand is stored in gold_soln_4bvn_m1_1.mol2


--------------------------------------------------------------------------------
--- CHEMPLP breakdown of terms                                               ---
--------------------------------------------------------------------------------
CHEMPLP = - ( 1.0000*S(PLP) + -3.0000*S(hbond) + -6.0000*S(metal) + -3.0000*S(cho) )

Score = CHEMPLP - 1.0000*DE(clash) - 2.0000*DE(tors)

Internal energy term has been corrected with the best internal energy encountered.

--------------------------------------------------------------------------------


     Score     S(PLP)   S(hbond)     S(cho)   S(metal)  DE(clash)   DE(tors)     intcor
     60.21     -59.10       1.00       0.00       0.00       0.07       1.11       0.40

--------------------------------------------------------------------------------
--- PLP analysis of protein-ligand interactions                              ---
--------------------------------------------------------------------------------
hydrogen bonding        :      -1.96
metal                   :       0.00
buried (polar-nonpolar) :      -7.25
nonpolar                :     -50.61
repulsive               :       0.37
--------------------------------------------------------------------------------


--------------------------------------------------------------------------------
--- ChemScore analysis of protein-ligand interactions                        ---
--------------------------------------------------------------------------------

* Hydrogen bonds                                                                
Ligand donor    5 hydrogen   24 Protein acceptor 2066 bond energy  1.00 wt 1.00


* CH..O interactions                                                            
  CH group selection                       : activated ring CH (adjacent to hetatom)

--------------------------------------------------------------------------------


--------------------------------------------------------------------------------
--- Intra-ligand clashes                                                     ---
--------------------------------------------------------------------------------

Ligand
  6 (O2   ) -   3 (O1   ):   0.07 (dist   2.50)
--------------------------------------------------------------------------------


--------------------------------------------------------------------------------
--- Chromosome decoded                                                       ---
--------------------------------------------------------------------------------
Ligand Torsions
[   8   21    1    4]  171.58
[  10    9    3   14]  -21.29    matched torsion: ortho-substituoed aromatic-aliphatic ether
[   9    3   14   15]   80.00
[  18   17    5   16] -178.43
[  17    5   16   15]  137.32
[  25    6   15   14]   35.21
[   3   14   15    6]   29.78
[   5   16   15    6] -174.18
Mapping
Ligand acceptors to protein hydrogens (mapping then atom ids)
Ligand hydrogens to protein acceptors (mapping then atom ids)
  1   3 [ 24->2066]
Ligand shape atoms to protein points (mapping then atom ids & coords)
  1  3584 [  4->(-23.750   4.250  13.250)]
  2  5174 [ 10->(-23.250   4.250  16.000)]
  3  2134 [ 11->(-24.250   4.250  16.750)]
  4  2127 [ 12->(-24.250   4.250  15.000)]
  5  2372 [ 14->(-24.250   8.750  16.250)]
  6  5491 [ 15->(-23.250   9.750  18.750)]
  7  7284 [ 16->(-22.500  10.000  19.250)]
  9  4076 [ 19->(-23.750  12.250  19.750)]
 10  3987 [ 20->(-23.750  10.000  22.000)]
Chromosome values
Integers:
  -1   -1   -1   -1    2   -1 3583 5173 2133 2126 2371 5490 
7283   -1 4075 3986 
--------------------------------------------------------------------------------

Current Ranking  1

--------------------------------------------------------------------------------

* GA execution time :                                                           
  total  2.9999 user  2.9999 sys  0.0000

--------------------------------------------------------------------------------
Fitness function evaluations: 98018

--------------------------------------------------------------------------------
** Docking run number  2 **
--------------------------------------------------------------------------------
  Rank fitness base is 5000.00 ; increment is 11.2233

* Initialising population(s) ...                                                
Number of constraints mappings 0
Number of constraints 0
  Population no.                           :      1
  Population size                          :    100
  Number of duplicates                     :      0
  Number of niche violations               :      0
  Number of errors                         :    220

Number of constraints mappings 0
Number of constraints 0
  Population no.                           :      2
  Population size                          :    100
  Number of duplicates                     :      0
  Number of niche violations               :      0
  Number of errors                         :    198

Number of constraints mappings 0
Number of constraints 0
  Population no.                           :      3
  Population size                          :    100
  Number of duplicates                     :      0
  Number of niche violations               :      0
  Number of errors                         :    197

Number of constraints mappings 0
Number of constraints 0
  Population no.                           :      4
  Population size                          :    100
  Number of duplicates                     :      0
  Number of niche violations               :      0
  Number of errors                         :    201

Number of constraints mappings 0
Number of constraints 0
  Population no.                           :      5
  Population size                          :    100
  Number of duplicates                     :      0
  Number of niche violations               :      0
  Number of errors                         :    235


Doing GA, no. of population(s) 5 size 100 selection pressure 1.100000

 Operation      Score     S(PLP)   S(hbond)     S(cho)   S(metal)  DE(clash)   DE(tors)     intcor
         0      10.23     -16.47       0.42       0.00       0.00       5.15       1.35       0.35
       783      12.79     -30.99       0.00       0.00       0.00      13.31       2.62       0.35
      1032      17.43     -18.46       0.00       0.00       0.00       0.00       0.69       0.35
      1172      21.44     -24.63       0.00       0.00       0.00       1.66       0.94       0.35
      1768      27.78     -29.47       0.80       0.00       0.00       0.00       2.22       0.35
      2678      31.79     -40.14       0.00       0.00       0.00       4.28       2.21       0.35
      3466      32.71     -38.65       0.60       0.00       0.00       3.39       2.35       0.35
      3532      36.58     -44.74       0.00       0.00       0.00       5.08       1.72       0.35
      5332      37.68     -38.34       0.00       0.00       0.00       0.00       0.51       0.35
      5883      39.16     -42.80       0.00       0.00       0.00       0.00       1.99       0.35
      6482      40.40     -39.79       1.00       0.00       0.00       0.00       1.37       0.35
      6780      44.56     -49.45       0.00       0.00       0.00       1.41       1.91       0.35
     10675      44.58     -49.11       0.00       0.00       0.00       0.95       1.96       0.35
     11515      45.80     -50.24       1.00       0.00       0.00       3.09       2.35       0.35
     12990      47.59     -52.03       1.00       0.00       0.00       3.09       2.35       0.35
     16163      48.31     -47.59       0.69       0.00       0.00       0.23       0.65       0.18
     16648      48.55     -47.14       0.91       0.00       0.00       0.23       0.65       0.18
     18536      49.69     -48.07       0.93       0.00       0.00       0.00       0.67       0.18
     22091      49.71     -48.10       0.93       0.00       0.00       0.00       0.67       0.18
     22611      50.24     -48.49       0.96       0.00       0.00       0.00       0.65       0.18
     24553      50.45     -52.04       0.00       0.00       0.00       0.23       0.77       0.18
     25805      51.66     -51.23       1.00       0.00       0.00       0.00       1.38       0.18
     26025      52.65     -52.98       1.00       0.00       0.00       0.95       1.29       0.18
     26950      52.98     -52.55       1.00       0.00       0.00       0.00       1.38       0.18
     30531      53.07     -50.39       1.85       0.00       0.00       0.00       1.52       0.18
     30736      53.62     -50.48       2.00       0.00       0.00       0.00       1.52       0.18
     30910      53.98     -53.44       1.00       0.00       0.00       0.00       1.32       0.18
     34050      54.14     -53.70       1.00       0.00       0.00       0.00       1.37       0.18
     34871      54.31     -51.49       2.00       0.00       0.00       0.00       1.68       0.18
     36182      55.06     -51.98       1.98       0.00       0.00       0.00       1.52       0.18
     36641      56.56     -53.82       1.98       0.00       0.00       0.00       1.68       0.18
     37751      57.21     -54.37       2.00       0.00       0.00       0.00       1.67       0.18
     39351      58.42     -55.60       2.00       0.00       0.00       0.00       1.68       0.18
     39586      58.54     -55.67       2.00       0.00       0.00       0.00       1.66       0.18
     40400      59.05     -56.23       2.00       0.00       0.00       0.00       1.68       0.18
     53289      59.06     -55.94       2.00       0.00       0.00       0.00       1.53       0.18
     54299      59.19     -56.45       2.00       0.00       0.00       0.00       1.72       0.18
     55026      59.35     -56.44       2.00       0.00       0.00       0.00       1.64       0.18
     55931      59.40     -56.50       2.00       0.00       0.00       0.00       1.64       0.18
     56942      59.52     -56.60       2.00       0.00       0.00       0.00       1.63       0.18
--------------------------------------------------------------------------------
Best docking solution after GA:
     58500      59.52     -56.60       2.00       0.00       0.00       0.00       1.63       0.18

#ops:      58500 #mutates:  27773 #cross:    27833 #migrate:   2894 
#dups:     14999 #niche:    19851 #errors:     333 
--------------------------------------------------------------------------------

Doing AMOEBA simplex on best individual
Done simplexing #iterations 377, best score  59.58

Ligand is stored in gold_soln_4bvn_m1_2.mol2


--------------------------------------------------------------------------------
--- CHEMPLP breakdown of terms                                               ---
--------------------------------------------------------------------------------
CHEMPLP = - ( 1.0000*S(PLP) + -3.0000*S(hbond) + -6.0000*S(metal) + -3.0000*S(cho) )

Score = CHEMPLP - 1.0000*DE(clash) - 2.0000*DE(tors)

Internal energy term has been corrected with the best internal energy encountered.

--------------------------------------------------------------------------------


     Score     S(PLP)   S(hbond)     S(cho)   S(metal)  DE(clash)   DE(tors)     intcor
     59.58     -56.63       2.00       0.00       0.00       0.00       1.62       0.18

--------------------------------------------------------------------------------
--- PLP analysis of protein-ligand interactions                              ---
--------------------------------------------------------------------------------
hydrogen bonding        :      -2.00
metal                   :       0.00
buried (polar-nonpolar) :      -5.14
nonpolar                :     -49.96
repulsive               :       0.38
--------------------------------------------------------------------------------


--------------------------------------------------------------------------------
--- ChemScore analysis of protein-ligand interactions                        ---
--------------------------------------------------------------------------------

* Hydrogen bonds                                                                
Ligand donor    5 hydrogen   24 Protein acceptor 2066 bond energy  1.00 wt 1.00
Ligand donor    6 hydrogen   25 Protein acceptor 2066 bond energy  1.00 wt 1.00


* CH..O interactions                                                            
  CH group selection                       : activated ring CH (adjacent to hetatom)

--------------------------------------------------------------------------------


--------------------------------------------------------------------------------
--- Intra-ligand clashes                                                     ---
--------------------------------------------------------------------------------

Ligand
--------------------------------------------------------------------------------


--------------------------------------------------------------------------------
--- Chromosome decoded                                                       ---
--------------------------------------------------------------------------------
Ligand Torsions
[   8   21    1    4]   28.97
[  10    9    3   14]   23.08    matched torsion: ortho-substituoed aromatic-aliphatic ether
[   9    3   14   15] -108.60
[  18   17    5   16]   44.36
[  17    5   16   15] -154.25
[  25    6   15   14]   91.92
[   3   14   15    6]   45.69
[   5   16   15    6]  -21.32
Mapping
Ligand acceptors to protein hydrogens (mapping then atom ids)
Ligand hydrogens to protein acceptors (mapping then atom ids)
  2   3 [ 25->2066]
Ligand shape atoms to protein points (mapping then atom ids & coords)
  1  5189 [  4->(-23.250   4.500  13.500)]
  2  3815 [ 10->(-23.750   6.500  16.750)]
  3  3596 [ 11->(-23.750   4.250  16.250)]
  4  2093 [ 12->(-24.250   3.750  15.000)]
  5  6160 [ 14->(-23.000   8.750  16.750)]
  6  5473 [ 15->(-23.250   9.500  17.750)]
  7  5428 [ 16->(-23.250   8.750  17.750)]
  8  4842 [ 18->(-23.500  13.000  20.000)]
Chromosome values
Integers:
  -1   -1   -1   -1   -1    2 5188 3814 3595 2092 6159 5472 
5427 4841   -1   -1 
--------------------------------------------------------------------------------

Current Ranking  1  2

--------------------------------------------------------------------------------

* GA execution time :                                                           
  total  2.9999 user  2.9999 sys  0.0000

--------------------------------------------------------------------------------
Fitness function evaluations: 97924

--------------------------------------------------------------------------------
** Docking run number  3 **
--------------------------------------------------------------------------------
  Rank fitness base is 5000.00 ; increment is 11.2233

* Initialising population(s) ...                                                
Number of constraints mappings 0
Number of constraints 0
  Population no.                           :      1
  Population size                          :    100
  Number of duplicates                     :      0
  Number of niche violations               :      0
  Number of errors                         :    205

Number of constraints mappings 0
Number of constraints 0
  Population no.                           :      2
  Population size                          :    100
  Number of duplicates                     :      0
  Number of niche violations               :      0
  Number of errors                         :    217

Number of constraints mappings 0
Number of constraints 0
  Population no.                           :      3
  Population size                          :    100
  Number of duplicates                     :      0
  Number of niche violations               :      0
  Number of errors                         :    222

Number of constraints mappings 0
Number of constraints 0
  Population no.                           :      4
  Population size                          :    100
  Number of duplicates                     :      0
  Number of niche violations               :      0
  Number of errors                         :    218

Number of constraints mappings 0
Number of constraints 0
  Population no.                           :      5
  Population size                          :    100
  Number of duplicates                     :      0
  Number of niche violations               :      0
  Number of errors                         :    231


Doing GA, no. of population(s) 5 size 100 selection pressure 1.100000

 Operation      Score     S(PLP)   S(hbond)     S(cho)   S(metal)  DE(clash)   DE(tors)     intcor
         0      24.35     -27.38       0.80       0.00       0.00       2.07       1.77       0.18
        12      27.29     -29.81       0.42       0.00       0.00       0.30       1.83       0.18
       272      28.40     -31.74       0.06       0.00       0.00       0.30       1.71       0.18
       384      33.92     -35.66       0.00       0.00       0.00       0.00       0.96       0.18
      2124      35.07     -36.81       0.00       0.00       0.00       0.00       0.96       0.18
      2168      36.50     -41.16       0.00       0.00       0.00       0.22       2.31       0.18
      2244      40.47     -44.35       0.00       0.00       0.00       0.95       1.56       0.18
      2664      41.59     -44.65       0.00       0.00       0.00       0.29       1.47       0.18
      2799      42.06     -43.74       0.53       0.00       0.00       0.00       1.73       0.18
      2980      46.52     -47.25       0.85       0.00       0.00       0.00       1.73       0.18
      5809      51.74     -53.32       0.56       0.00       0.00       0.00       1.72       0.18
      6149      52.29     -53.58       0.66       0.00       0.00       0.00       1.72       0.18
      6244      52.72     -53.96       0.67       0.00       0.00       0.00       1.72       0.18
      6519      53.03     -54.30       0.66       0.00       0.00       0.00       1.71       0.18
      7729      54.75     -55.69       0.77       0.00       0.00       0.00       1.71       0.18
     10199      54.80     -55.74       0.77       0.00       0.00       0.00       1.71       0.18
     10529      55.12     -55.87       0.83       0.00       0.00       0.00       1.71       0.18
     11764      55.92     -55.89       0.98       0.00       0.00       0.00       1.54       0.18
     16360      56.08     -52.69       1.86       0.00       0.00       0.00       1.19       0.18
     19269      56.16     -53.86       1.75       0.00       0.00       0.00       1.54       0.13
     19959      56.72     -54.33       1.78       0.00       0.00       0.00       1.54       0.13
     22188      57.22     -54.28       2.00       0.00       0.00       0.06       1.56       0.13
     26774      57.72     -54.15       1.85       0.00       0.00       0.00       1.05       0.13
     30734      57.72     -54.15       1.85       0.00       0.00       0.00       1.05       0.13
     33189      58.12     -54.40       2.00       0.00       0.00       0.00       1.20       0.13
     33339      58.25     -54.53       2.00       0.00       0.00       0.00       1.20       0.13
     34965      58.28     -54.56       2.00       0.00       0.00       0.00       1.20       0.13
     35415      58.32     -54.60       1.88       0.00       0.00       0.00       1.02       0.13
     35610      58.39     -54.57       1.91       0.00       0.00       0.00       1.02       0.13
     36378      58.77     -55.09       2.00       0.00       0.00       0.00       1.23       0.13
     40559      58.99     -55.33       2.00       0.00       0.00       0.00       1.23       0.12
     43984      59.19     -55.52       2.00       0.00       0.00       0.00       1.22       0.12
     45169      59.39     -55.71       2.00       0.00       0.00       0.00       1.22       0.12
     48946      59.46     -55.55       2.00       0.00       0.00       0.00       1.10       0.12
     51219      59.51     -55.84       2.00       0.00       0.00       0.00       1.22       0.12
     54302      59.59     -55.68       2.00       0.00       0.00       0.00       1.10       0.12
     54688      59.61     -55.70       2.00       0.00       0.00       0.00       1.10       0.12
     55173      59.74     -55.69       2.00       0.00       0.00       0.00       1.04       0.12
     56262      59.74     -55.85       2.00       0.00       0.00       0.00       1.11       0.12
     56670      59.74     -55.80       2.00       0.00       0.00       0.00       1.09       0.12
     57898      59.81     -55.89       2.00       0.00       0.00       0.00       1.10       0.12
--------------------------------------------------------------------------------
Best docking solution after GA:
     58500      59.81     -55.89       2.00       0.00       0.00       0.00       1.10       0.12

#ops:      58500 #mutates:  27903 #cross:    27649 #migrate:   2948 
#dups:     18262 #niche:    27572 #errors:     299 
--------------------------------------------------------------------------------

Doing AMOEBA simplex on best individual
Done simplexing #iterations 364, best score  60.21

Ligand is stored in gold_soln_4bvn_m1_3.mol2


--------------------------------------------------------------------------------
--- CHEMPLP breakdown of terms                                               ---
--------------------------------------------------------------------------------
CHEMPLP = - ( 1.0000*S(PLP) + -3.0000*S(hbond) + -6.0000*S(metal) + -3.0000*S(cho) )

Score = CHEMPLP - 1.0000*DE(clash) - 2.0000*DE(tors)

Internal energy term has been corrected with the best internal energy encountered.

--------------------------------------------------------------------------------


     Score     S(PLP)   S(hbond)     S(cho)   S(metal)  DE(clash)   DE(tors)     intcor
     60.21     -56.15       2.00       0.00       0.00       0.00       1.03       0.12

--------------------------------------------------------------------------------
--- PLP analysis of protein-ligand interactions                              ---
--------------------------------------------------------------------------------
hydrogen bonding        :      -2.00
metal                   :       0.00
buried (polar-nonpolar) :      -4.14
nonpolar                :     -50.05
repulsive               :       0.38
--------------------------------------------------------------------------------


--------------------------------------------------------------------------------
--- ChemScore analysis of protein-ligand interactions                        ---
--------------------------------------------------------------------------------

* Hydrogen bonds                                                                
Ligand donor    5 hydrogen   24 Protein acceptor 2066 bond energy  1.00 wt 1.00
Ligand donor    6 hydrogen   25 Protein acceptor 2066 bond energy  1.00 wt 1.00


* CH..O interactions                                                            
  CH group selection                       : activated ring CH (adjacent to hetatom)

--------------------------------------------------------------------------------


--------------------------------------------------------------------------------
--- Intra-ligand clashes                                                     ---
--------------------------------------------------------------------------------

Ligand
--------------------------------------------------------------------------------


--------------------------------------------------------------------------------
--- Chromosome decoded                                                       ---
--------------------------------------------------------------------------------
Ligand Torsions
[   8   21    1    4]   99.70
[  10    9    3   14]    7.49    matched torsion: ortho-substituoed aromatic-aliphatic ether
[   9    3   14   15] -101.62
[  18   17    5   16]  -66.53
[  17    5   16   15]  175.17
[  25    6   15   14]   92.72
[   3   14   15    6]   56.15
[   5   16   15    6]  -15.30
Mapping
Ligand acceptors to protein hydrogens (mapping then atom ids)
Ligand hydrogens to protein acceptors (mapping then atom ids)
  1   3 [ 24->2066]
  2   3 [ 25->2066]
Ligand shape atoms to protein points (mapping then atom ids & coords)
  1  4490 [  4->(-23.500   5.000  13.750)]
  2  3024 [ 10->(-24.000   6.500  16.250)]
  3  2228 [ 11->(-24.250   5.250  17.250)]
  4  4329 [ 12->(-23.500   3.250  15.000)]
  5  7488 [ 14->(-22.250   8.000  16.750)]
  6  3963 [ 15->(-23.750   9.750  17.250)]
  7  6264 [ 16->(-23.000  10.250  18.500)]
 10  5589 [ 20->(-23.250  12.000  20.000)]
Chromosome values
Integers:
  -1   -1   -1   -1    2    2 4489 3023 2227 4328 7487 3962 
6263   -1   -1 5588 
--------------------------------------------------------------------------------

Current Ranking  1  3  2

Top  3 (of  3) solutions are within 1.000 RMSD, finishing docking C:/Users/student/Desktop/project/beta1/ligandy/4bvn.mol2.


--------------------------------------------------------------------------------

* GA execution time :                                                           
  total  3.0001 user  3.0001 sys  0.0000

--------------------------------------------------------------------------------
Fitness function evaluations: 97199

--------------------------------------------------------------------------------
--- Ranking analysis                                                         ---
--------------------------------------------------------------------------------


* Final ranked order of GA solutions:                                           
   1  3  2 

  _______________________________
  RMSD Matrix of RANKED solutions

        2    3  

   1 :  0.9  0.9
   2 :       0.3

  Clustering method                        : complete linkage
  Structure ids in cluster table           : rank nos.
  Ordering of clusters and their members   : by rank (order if from rms_analysis)

  Distance | Clusters
   0.32    |  1 |  2  3 |
   0.88    |  1  2  3 |
  Finished Docking Ligand                  : C:/Users/student/Desktop/project/beta1/ligandy/4bvn.mol2
--------------------------------------------------------------------------------

  Relative_Ligand_Energy (best encountered) :   0.115
  Relative_Ligand_Energy: fitness values have been corrected using this amount
