# WARNING: atom    7 in E:/Projekt modelowanie/beta2/ligandy/2rh1.mol2 is type  N.ar resetting to type N.pl3 (set_atom_type)

--------------------------------------------------------------------------------
--- Ligand                                                                   ---
--------------------------------------------------------------------------------
  Ligand loaded from file                  : E:/Projekt modelowanie/beta2/ligandy/2rh1.mol2
  Ligand name                              :  
  "C:\Users\porto\OneDrive\projekt\beta2\ligandy\L_2rh1.pdb L_2rh1.pdb 1    "

--------------------------------------------------------------------------------
  N.plc donors                             : 
  pro:    7 
  

  Acidic nitrogen acceptors                : 
  none found
  Sulfur acceptors                         :
  none found


  Donor atoms                              :      3
  7   17  19  
  Acceptor atoms                           :      3
  14  17  19  

  Hydrogens                                :  (n = 3)
  27   34   37   

  Lone pairs added to molecule             :      5
  Numbering                                : from 45 to 49

* Rotatable bonds in E:/Projekt modelowan  :  none found

--------------------------------------------------------------------------------
--- Shape fitting atoms selection (hydrophobic atoms)                        ---
--------------------------------------------------------------------------------
  Molecule                                 : E:/Projekt modelowanie/beta2/ligandy/2rh1.mol2
  Selection                                : carbons only
  Atom numbers                             :  (n = 13)
  1    2    5    6    10   11   12   15   16   18   
  20   21   22   


--------------------------------------------------------------------------------
--- ChemScore ligand setup summary                                           ---
--------------------------------------------------------------------------------
  ChemScore ligand acceptors               :      3
  14 17 19 
  ChemScore ligand donors                  :      3
  7 ( 27 [+]  ) 17 ( 34  ) 19 ( 37  ) 
  ChemScore ligand CH donors               :      0
  

  ChemScore ligand lipophilic atoms        :  (n = 18)
  1    2    3    4    5    6    8    9    10   11   
  12   13   15   16   18   20   21   22   

  ChemScore ligand rotatable bonds         :      0

--------------------------------------------------------------------------------
--- PLP ligand setup summary                                                 ---
--------------------------------------------------------------------------------
    1    C1  C.ar NONPOLAR
    2    C2  C.ar NONPOLAR
    3    C3  C.ar NONPOLAR
    4    C4  C.ar NONPOLAR
    5    C5  C.ar NONPOLAR
    6    C6  C.ar NONPOLAR
    7    N7 N.pl3 DONOR
    8    C8  C.ar NONPOLAR
    9    C9  C.ar NONPOLAR
   10   C10  C.ar NONPOLAR
   11   C11  C.ar NONPOLAR
   12   C12  C.ar NONPOLAR
   13   C13  C.ar NONPOLAR
   14   O14   O.3 ACCEPTOR
   15   C15   C.3 NONPOLAR
   16   C16   C.3 NONPOLAR
   17   O17   O.3 DONACC
   18   C18   C.3 NONPOLAR
   19   N19   N.3 DONACC
   20   C20   C.3 NONPOLAR
   21   C21   C.3 NONPOLAR
   22   C22   C.3 NONPOLAR

--------------------------------------------------------------------------------
--- Automatic parameter setting                                              ---
--------------------------------------------------------------------------------
  Contribution base                        :   2500
  Contribution per rotatable bond          :   6000
  Contribution per df                      :   4000
  Contribution per water                   :  10000
  Ligand rotatable bonds                   :      0
  Protein flexible side chain bonds        :      0
  Total rotatable bonds                    :      0
  Hydrophobic vol ratio (P/L)              :   0.862
  Base multiplier (polar)                  :   1.200
  Base multiplier (apolar)                 :   2.242
  Base contribution                        : 7500.000
  Fitting points                           :      6
  Estimated maxops needed (optimal)        :   8000

--------------------------------------------------------------------------------

* Population settings                                                           
  maxops                                   :   8000
  popsiz                                   :    100
  select_pressure                          :   1.100
  n_islands                                :      1
  niche_siz                                :      2

* GA settings                                                                   
  pt_crosswt                               :    100
  allele_mutatewt                          :    100
  migratewt                                :      0

* Search settings                                                               
  start_vdw_linear_cutoff                  :   4.000
  initial_virtual_pt_match_max             :   3.000

--------------------------------------------------------------------------------

* Ligand initialisation time :                                                  
  total  0.0000 user  0.0000 sys  0.0000

--------------------------------------------------------------------------------

--------------------------------------------------------------------------------
** Docking run number  1 **
--------------------------------------------------------------------------------
  Rank fitness base is 5000.00 ; increment is 11.2233

* Initialising population(s) ...                                                
Number of constraints mappings 0
Number of constraints 0
  Population no.                           :      1
  Population size                          :    100
  Number of duplicates                     :      0
  Number of niche violations               :      3
  Number of errors                         :      2


Doing GA, no. of population(s) 1 size 100 selection pressure 1.100000

 Operation      Score     S(PLP)   S(hbond)     S(cho)   S(metal)  DE(clash)   DE(tors)     intcor
         0      67.91     -64.91       1.00       0.00       0.00       0.00       0.00       0.00
       568      70.13     -67.13       1.00       0.00       0.00       0.00       0.00       0.00
       640      74.64     -71.04       1.20       0.00       0.00       0.00       0.00       0.00
       764      76.16     -72.54       1.21       0.00       0.00       0.00       0.00       0.00
       869      78.71     -76.13       0.86       0.00       0.00       0.00       0.00       0.00
       929      78.97     -75.41       1.19       0.00       0.00       0.00       0.00       0.00
      1739      79.97     -77.28       0.90       0.00       0.00       0.00       0.00       0.00
      2887      80.15     -76.78       1.12       0.00       0.00       0.00       0.00       0.00
      3465      80.24     -77.10       1.05       0.00       0.00       0.00       0.00       0.00
      3626      80.28     -76.78       1.17       0.00       0.00       0.00       0.00       0.00
      3724      80.57     -77.50       1.02       0.00       0.00       0.00       0.00       0.00
      4014      81.80     -78.80       1.00       0.00       0.00       0.00       0.00       0.00
      5008      81.91     -78.91       1.00       0.00       0.00       0.00       0.00       0.00
--------------------------------------------------------------------------------
Best docking solution after GA:
      8000      81.91     -78.91       1.00       0.00       0.00       0.00       0.00       0.00

#ops:       8000 #mutates:   3996 #cross:     4004 #dups:      4650 
#niche:     5245 #errors:      23 
--------------------------------------------------------------------------------

Doing AMOEBA simplex on best individual
Done simplexing #iterations 146, best score  82.11

Ligand is stored in gold_soln_2rh1_m1_1.mol2


--------------------------------------------------------------------------------
--- CHEMPLP breakdown of terms                                               ---
--------------------------------------------------------------------------------
CHEMPLP = - ( 1.0000*S(PLP) + -3.0000*S(hbond) + -6.0000*S(metal) + -3.0000*S(cho) )

Score = CHEMPLP - 1.0000*DE(clash) - 2.0000*DE(tors)

Internal energy term has been corrected with the best internal energy encountered.

--------------------------------------------------------------------------------


     Score     S(PLP)   S(hbond)     S(cho)   S(metal)  DE(clash)   DE(tors)     intcor
     82.11     -79.11       1.00       0.00       0.00       0.00       0.00       0.00

--------------------------------------------------------------------------------
--- PLP analysis of protein-ligand interactions                              ---
--------------------------------------------------------------------------------
hydrogen bonding        :      -4.44
metal                   :       0.00
buried (polar-nonpolar) :     -10.47
nonpolar                :     -65.51
repulsive               :       0.09
--------------------------------------------------------------------------------


--------------------------------------------------------------------------------
--- ChemScore analysis of protein-ligand interactions                        ---
--------------------------------------------------------------------------------

* Hydrogen bonds                                                                
Ligand donor   19 hydrogen   37 Protein acceptor 4098 bond energy  1.00 wt 1.00


* CH..O interactions                                                            
  CH group selection                       : activated ring CH (adjacent to hetatom)

--------------------------------------------------------------------------------


--------------------------------------------------------------------------------
--- Intra-ligand clashes                                                     ---
--------------------------------------------------------------------------------

Ligand
--------------------------------------------------------------------------------


--------------------------------------------------------------------------------
--- Chromosome decoded                                                       ---
--------------------------------------------------------------------------------
Protein Torsions
[4175 4166 4165 4163] -133.30 
[1294 1290 1288 1285]  122.78 
[4033 4024 4023 4021]  -23.50 
[1412 1408 1406 1403] -100.82 
[2830 2825 2824 2821] -159.87 
[2723 2714 2713 2711]  -17.84 
[2773 2768 2767 2764]  -34.73 
Mapping
Ligand acceptors to protein hydrogens (mapping then atom ids)
Ligand hydrogens to protein acceptors (mapping then atom ids)
  3   3 [ 37->4098]
Ligand shape atoms to protein points (mapping then atom ids & coords)
  4  4935 [  6->(-27.250   8.000   7.250)]
  8  4196 [ 15->(-30.500  10.250   7.250)]
 11  2753 [ 20->(-33.000   7.000   7.250)]
 12  2736 [ 21->(-33.000   6.750   6.000)]
Chromosome values
Integers:
  -1   -1   -1   -1   -1    2   -1   -1   -1 4934   -1   -1 
  -1 4195   -1   -1 2752 2735   -1 
--------------------------------------------------------------------------------

Current Ranking  1

--------------------------------------------------------------------------------

* GA execution time :                                                           
  total  0.0006 user  0.0006 sys  0.0000

--------------------------------------------------------------------------------
Fitness function evaluations: 14221

--------------------------------------------------------------------------------
** Docking run number  2 **
--------------------------------------------------------------------------------
  Rank fitness base is 5000.00 ; increment is 11.2233

* Initialising population(s) ...                                                
Number of constraints mappings 0
Number of constraints 0
  Population no.                           :      1
  Population size                          :    100
  Number of duplicates                     :      0
  Number of niche violations               :      4
  Number of errors                         :      3


Doing GA, no. of population(s) 1 size 100 selection pressure 1.100000

 Operation      Score     S(PLP)   S(hbond)     S(cho)   S(metal)  DE(clash)   DE(tors)     intcor
         0      55.38     -53.29       0.70       0.00       0.00       0.00       0.00       0.00
       263      59.55     -56.79       0.92       0.00       0.00       0.00       0.00       0.00
       445      60.76     -57.76       1.00       0.00       0.00       0.00       0.00       0.00
       477      64.64     -60.95       1.23       0.00       0.00       0.00       0.00       0.00
       518      64.76     -62.61       0.71       0.00       0.00       0.00       0.00       0.00
       532      68.73     -66.73       0.67       0.00       0.00       0.00       0.00       0.00
       558      71.73     -68.73       1.00       0.00       0.00       0.00       0.00       0.00
       630      71.83     -68.83       1.00       0.00       0.00       0.00       0.00       0.00
       783      77.30     -74.28       1.01       0.00       0.00       0.00       0.00       0.00
       805      78.79     -75.74       1.02       0.00       0.00       0.00       0.00       0.00
       978      80.50     -78.30       0.73       0.00       0.00       0.00       0.00       0.00
       983      81.67     -78.69       0.99       0.00       0.00       0.00       0.00       0.00
      1198      81.78     -78.78       1.00       0.00       0.00       0.00       0.00       0.00
      5510      81.86     -78.86       1.00       0.00       0.00       0.00       0.00       0.00
--------------------------------------------------------------------------------
Best docking solution after GA:
      8000      81.86     -78.86       1.00       0.00       0.00       0.00       0.00       0.00

#ops:       8000 #mutates:   4008 #cross:     3992 #dups:      4686 
#niche:     5267 #errors:      16 
--------------------------------------------------------------------------------

Doing AMOEBA simplex on best individual
Done simplexing #iterations 131, best score  82.08

Ligand is stored in gold_soln_2rh1_m1_2.mol2


--------------------------------------------------------------------------------
--- CHEMPLP breakdown of terms                                               ---
--------------------------------------------------------------------------------
CHEMPLP = - ( 1.0000*S(PLP) + -3.0000*S(hbond) + -6.0000*S(metal) + -3.0000*S(cho) )

Score = CHEMPLP - 1.0000*DE(clash) - 2.0000*DE(tors)

Internal energy term has been corrected with the best internal energy encountered.

--------------------------------------------------------------------------------


     Score     S(PLP)   S(hbond)     S(cho)   S(metal)  DE(clash)   DE(tors)     intcor
     82.08     -79.08       1.00       0.00       0.00       0.00       0.00       0.00

--------------------------------------------------------------------------------
--- PLP analysis of protein-ligand interactions                              ---
--------------------------------------------------------------------------------
hydrogen bonding        :      -4.40
metal                   :       0.00
buried (polar-nonpolar) :     -10.45
nonpolar                :     -65.45
repulsive               :       0.09
--------------------------------------------------------------------------------


--------------------------------------------------------------------------------
--- ChemScore analysis of protein-ligand interactions                        ---
--------------------------------------------------------------------------------

* Hydrogen bonds                                                                
Ligand donor   19 hydrogen   37 Protein acceptor 4098 bond energy  1.00 wt 1.00


* CH..O interactions                                                            
  CH group selection                       : activated ring CH (adjacent to hetatom)

--------------------------------------------------------------------------------


--------------------------------------------------------------------------------
--- Intra-ligand clashes                                                     ---
--------------------------------------------------------------------------------

Ligand
--------------------------------------------------------------------------------


--------------------------------------------------------------------------------
--- Chromosome decoded                                                       ---
--------------------------------------------------------------------------------
Protein Torsions
[4175 4166 4165 4163]  -68.97 
[1294 1290 1288 1285]  -70.76 
[4033 4024 4023 4021] -130.30 
[1412 1408 1406 1403]  -29.42 
[2830 2825 2824 2821]  -59.28 
[2723 2714 2713 2711]   40.28 
[2773 2768 2767 2764] -114.69 
Mapping
Ligand acceptors to protein hydrogens (mapping then atom ids)
  2   4 [ 17->4104]
Ligand hydrogens to protein acceptors (mapping then atom ids)
  3   3 [ 37->4098]
Ligand shape atoms to protein points (mapping then atom ids & coords)
  2  5816 [  2->(-25.250   8.750   5.750)]
  3  4934 [  5->(-27.250   7.250   7.750)]
  6  4812 [ 11->(-27.750  13.250   5.250)]
 10  3615 [ 18->(-31.750  10.250   7.250)]
 12  2989 [ 21->(-32.500   6.500   5.500)]
 13  1721 [ 22->(-34.500   5.750   8.250)]
Chromosome values
Integers:
  -1    3   -1   -1   -1    2   -1 5815 4933   -1   -1 4811 
  -1   -1   -1 3614   -1 2988 1720 
--------------------------------------------------------------------------------

Current Ranking  1  2

--------------------------------------------------------------------------------

* GA execution time :                                                           
  total  0.9995 user  0.9995 sys  0.0000

--------------------------------------------------------------------------------
Fitness function evaluations: 14173

--------------------------------------------------------------------------------
** Docking run number  3 **
--------------------------------------------------------------------------------
  Rank fitness base is 5000.00 ; increment is 11.2233

* Initialising population(s) ...                                                
Number of constraints mappings 0
Number of constraints 0
  Population no.                           :      1
  Population size                          :    100
  Number of duplicates                     :      0
  Number of niche violations               :      1
  Number of errors                         :      3


Doing GA, no. of population(s) 1 size 100 selection pressure 1.100000

 Operation      Score     S(PLP)   S(hbond)     S(cho)   S(metal)  DE(clash)   DE(tors)     intcor
         0      51.10     -48.10       1.00       0.00       0.00       0.00       0.00       0.00
       113      58.79     -55.79       1.00       0.00       0.00       0.00       0.00       0.00
       155      66.47     -63.69       0.93       0.00       0.00       0.00       0.00       0.00
       247      78.33     -74.54       1.26       0.00       0.00       0.00       0.00       0.00
      3487      79.13     -75.39       1.24       0.00       0.00       0.00       0.00       0.00
      4067      79.53     -75.93       1.20       0.00       0.00       0.00       0.00       0.00
      6593      80.27     -76.75       1.17       0.00       0.00       0.00       0.00       0.00
      6930      80.48     -77.13       1.12       0.00       0.00       0.00       0.00       0.00
--------------------------------------------------------------------------------
Best docking solution after GA:
      8000      80.48     -77.13       1.12       0.00       0.00       0.00       0.00       0.00

#ops:       8000 #mutates:   4003 #cross:     3997 #dups:      5288 
#niche:     4492 #errors:      20 
--------------------------------------------------------------------------------

Doing AMOEBA simplex on best individual
Done simplexing #iterations 188, best score  81.78

Ligand is stored in gold_soln_2rh1_m1_3.mol2


--------------------------------------------------------------------------------
--- CHEMPLP breakdown of terms                                               ---
--------------------------------------------------------------------------------
CHEMPLP = - ( 1.0000*S(PLP) + -3.0000*S(hbond) + -6.0000*S(metal) + -3.0000*S(cho) )

Score = CHEMPLP - 1.0000*DE(clash) - 2.0000*DE(tors)

Internal energy term has been corrected with the best internal energy encountered.

--------------------------------------------------------------------------------


     Score     S(PLP)   S(hbond)     S(cho)   S(metal)  DE(clash)   DE(tors)     intcor
     81.78     -78.78       1.00       0.00       0.00       0.00       0.00       0.00

--------------------------------------------------------------------------------
--- PLP analysis of protein-ligand interactions                              ---
--------------------------------------------------------------------------------
hydrogen bonding        :      -4.56
metal                   :       0.00
buried (polar-nonpolar) :     -10.45
nonpolar                :     -65.67
repulsive               :       0.09
--------------------------------------------------------------------------------


--------------------------------------------------------------------------------
--- ChemScore analysis of protein-ligand interactions                        ---
--------------------------------------------------------------------------------

* Hydrogen bonds                                                                
Ligand donor   19 hydrogen   37 Protein acceptor 4098 bond energy  1.00 wt 1.00


* CH..O interactions                                                            
  CH group selection                       : activated ring CH (adjacent to hetatom)

--------------------------------------------------------------------------------


--------------------------------------------------------------------------------
--- Intra-ligand clashes                                                     ---
--------------------------------------------------------------------------------

Ligand
--------------------------------------------------------------------------------


--------------------------------------------------------------------------------
--- Chromosome decoded                                                       ---
--------------------------------------------------------------------------------
Protein Torsions
[4175 4166 4165 4163]  -13.63 
[1294 1290 1288 1285] -117.22 
[4033 4024 4023 4021]  -39.69 
[1412 1408 1406 1403] -151.06 
[2830 2825 2824 2821] -118.38 
[2723 2714 2713 2711] -101.55 
[2773 2768 2767 2764]  134.92 
Mapping
Ligand acceptors to protein hydrogens (mapping then atom ids)
  2   4 [ 17->4104]
Ligand hydrogens to protein acceptors (mapping then atom ids)
  2   3 [ 34->4098]
Ligand shape atoms to protein points (mapping then atom ids & coords)
  1  5559 [  1->(-26.000   7.250   7.250)]
  4  5056 [  6->(-27.000   7.250   7.500)]
  8  4051 [ 15->(-31.000  11.750   7.750)]
 10  3410 [ 18->(-32.000   8.750   6.500)]
 11  2573 [ 20->(-33.250   6.000   7.000)]
Chromosome values
Integers:
  -1    3   -1   -1    2   -1 5558   -1   -1 5055   -1   -1 
  -1 4050   -1 3409 2572   -1   -1 
--------------------------------------------------------------------------------

Current Ranking  1  2  3

Top  3 (of  3) solutions are within 1.000 RMSD, finishing docking E:/Projekt modelowanie/beta2/ligandy/2rh1.mol2.


--------------------------------------------------------------------------------

* GA execution time :                                                           
  total  0.0005 user  0.0005 sys  0.0000

--------------------------------------------------------------------------------
Fitness function evaluations: 14353

--------------------------------------------------------------------------------
--- Ranking analysis                                                         ---
--------------------------------------------------------------------------------


* Final ranked order of GA solutions:                                           
   1  2  3 

  _______________________________
  RMSD Matrix of RANKED solutions

        2    3  

   1 :  0.0  0.1
   2 :       0.1

  Clustering method                        : complete linkage
  Structure ids in cluster table           : rank nos.
  Ordering of clusters and their members   : by rank (order if from rms_analysis)

  Distance | Clusters
   0.02    |  1  2 |  3 |
   0.09    |  1  2  3 |
  Finished Docking Ligand                  : E:/Projekt modelowanie/beta2/ligandy/2rh1.mol2
--------------------------------------------------------------------------------

  Relative_Ligand_Energy (best encountered) :   0.000
  Relative_Ligand_Energy: fitness values have been corrected using this amount
