
--------------------------------------------------------------------------------
--- Ligand                                                                   ---
--------------------------------------------------------------------------------
  Ligand loaded from file                  : C:/Users/student/Desktop/project/beta1/ligandy/6h7j.mol2
  Ligand name                              :  
  "C:\Users\porto\OneDrive\projekt\beta1\ligandy\L_6h7j.pdb L_6h7j.pdb 1    "

--------------------------------------------------------------------------------
  N.plc donors                             : 
  none found

  Acidic nitrogen acceptors                : 
  none found
  Sulfur acceptors                         :
  none found


  Donor atoms                              :      4
  12  13  14  15  
  Acceptor atoms                           :      4
  12  13  14  15  

  Hydrogens                                :  (n = 4)
  29   30   31   32   

  Lone pairs added to molecule             :      7
  Numbering                                : from 33 to 39

--------------------------------------------------------------------------------
--- Postprocessing of typing                                                 ---
--------------------------------------------------------------------------------
  Fragment file                            : C:\Program Files (x86)\CCDC/GoldSuite_2017\GOLD\gold\rotatable_bond_override.mol2
  acylurea fragment                        : no matches
  thioacylthiourea fragment                : no matches
  acylthiourea fragment                    : no matches
  thioacylurea fragment                    : no matches
  diarylamine fragment >C.ar-NH-C.ar<      : no matches
  sec-amine (1) fragment                   : no matches
  sec-amine (2) fragment                   : no matches
  sec-amine (3) fragment                   : no matches
  carboxylic ester                         : no matches

* Rotatable bonds in C:/Users/student/Des  :
  [   1    4] [   1   13] [   1    2] [   2   12] 
  [   3   12] [   9   14] [  11   15] 
  No. of rotatable bonds                   :      7


* Fragments found in C:/Users/student/Des  :
  atom   4: benzene
  atom   7: benzene
  atom   8: benzene
  atom   9: benzene
  atom  10: benzene
  atom  11: benzene


* Checking torsion distributions:                                               
  No. of matched torsions                  :      0

--------------------------------------------------------------------------------
--- Shape fitting atoms selection (hydrophobic atoms)                        ---
--------------------------------------------------------------------------------
  Molecule                                 : C:/Users/student/Desktop/project/beta1/ligandy/6h7j.mol2
  Selection                                : carbons only
  Atom numbers                             :  (n = 8)
  1    2    3    5    6    7    8    10   


--------------------------------------------------------------------------------
--- ChemScore ligand setup summary                                           ---
--------------------------------------------------------------------------------
  ChemScore ligand acceptors               :      4
  12 13 14 15 
  ChemScore ligand donors                  :      4
  12 ( 29  ) 13 ( 30  ) 14 ( 31  ) 15 ( 32  ) 
  ChemScore ligand lipophilic atoms        :  (n = 11)
  1    2    3    4    5    6    7    8    9    10   
  11   

  ChemScore ligand rotatable bonds         :      7
  1   (CAE) - 4   (CAH): SP3_SP2_BOND
  1   (CAE) - 13  (OAA): SP3_SP3_BOND
  1   (CAE) - 2   (CAF): SP3_SP3_BOND
  2   (CAF) - 12  (NAD): SP3_SP3_BOND
  3   (CAG) - 12  (NAD): SP3_SP3_BOND
  9   (CAM) - 14  (OAB): SP3_SP2_BOND
  11  (CAO) - 15  (OAC): SP3_SP2_BOND

--------------------------------------------------------------------------------
--- Automatic parameter setting                                              ---
--------------------------------------------------------------------------------
  Contribution base                        :   2500
  Contribution per rotatable bond          :   6000
  Contribution per df                      :   4000
  Contribution per water                   :  10000
  Ligand rotatable bonds                   :      7
  Protein flexible side chain bonds        :      0
  Total rotatable bonds                    :      7
  Hydrophobic vol ratio (P/L)              :   2.216
  Base multiplier (polar)                  :   1.600
  Base multiplier (apolar)                 :   3.546
  Base contribution                        : 12500.000
  Fitting points                           :      8
  Estimated maxops needed (optimal)        :  55000

--------------------------------------------------------------------------------

* Population settings                                                           
  maxops                                   :  55000
  popsiz                                   :    100
  select_pressure                          :   1.100
  n_islands                                :      5
  niche_siz                                :      2

* GA settings                                                                   
  pt_crosswt                               :     95
  allele_mutatewt                          :     95
  migratewt                                :     10

* Search settings                                                               
  start_vdw_linear_cutoff                  :   4.000
  initial_virtual_pt_match_max             :   3.000

--------------------------------------------------------------------------------

* Ligand initialisation time :                                                  
  total  0.0000 user  0.0000 sys  0.0000

--------------------------------------------------------------------------------

--------------------------------------------------------------------------------
** Docking run number  1 **
--------------------------------------------------------------------------------
  Rank fitness base is 5000.00 ; increment is 11.2233

* Initialising population(s) ...                                                
Number of constraints mappings 0
Number of constraints 0
  Population no.                           :      1
  Population size                          :    100
  Number of duplicates                     :      0
  Number of niche violations               :      0
  Number of errors                         :    285

Number of constraints mappings 0
Number of constraints 0
  Population no.                           :      2
  Population size                          :    100
  Number of duplicates                     :      0
  Number of niche violations               :      0
  Number of errors                         :    297

Number of constraints mappings 0
Number of constraints 0
  Population no.                           :      3
  Population size                          :    100
  Number of duplicates                     :      0
  Number of niche violations               :      0
  Number of errors                         :    316

Number of constraints mappings 0
Number of constraints 0
  Population no.                           :      4
  Population size                          :    100
  Number of duplicates                     :      0
  Number of niche violations               :      0
  Number of errors                         :    320

Number of constraints mappings 0
Number of constraints 0
  Population no.                           :      5
  Population size                          :    100
  Number of duplicates                     :      0
  Number of niche violations               :      0
  Number of errors                         :    289


Doing GA, no. of population(s) 5 size 100 selection pressure 1.100000

 Operation      Score         DG    S(hbond)    S(metal)    S(lipo)     H(rot)  DE(clash)    DE(int)     intcor
         0      12.67     -18.06       0.90        0.00     154.72       3.33       4.85       0.53       0.11
      1235      13.40     -19.82       1.36        0.00     156.63       3.33       4.40       2.02       0.11
      2169      14.11     -18.70       1.73        0.00     136.54       3.33       2.68       1.91       0.11
      2446      15.02     -19.10       1.48        0.00     147.07       3.33       3.43       0.65       0.11
      2469      15.11     -19.62       1.34        0.00     155.56       3.33       2.49       2.02       0.11
      2504      15.14     -17.11       0.65        0.00     153.72       3.33       0.92       1.05       0.11
      2944      15.79     -18.25       0.96        0.00     154.69       3.33       1.93       0.53       0.11
      3826      16.69     -17.63       0.73        0.00     155.86       3.33       0.31       0.64       0.11
      5276      16.78     -17.59       0.70        0.00     156.36       3.33       0.20       0.61       0.11
      5524      17.03     -18.18       0.95        0.00     154.16       3.33       0.10       1.05       0.11
      7114      17.88     -21.15       1.87        0.00     153.38       3.33       1.60       1.68       0.11
      8344      18.37     -21.19       1.95        0.00     151.29       3.33       1.49       1.33       0.11
     11749      18.92     -20.56       1.87        0.00     148.46       3.33       0.31       1.33       0.11
     17234      19.09     -21.21       1.95        0.00     151.52       3.33       0.73       1.39       0.05
     18674      19.17     -20.67       1.87        0.00     149.32       3.33       0.18       1.32       0.04
     22644      19.47     -21.37       1.94        0.00     153.38       3.33       0.01       1.89       0.04
     23004      20.02     -21.31       1.95        0.00     152.59       3.33       0.01       1.29       0.04
     38604      20.06     -21.36       1.95        0.00     153.01       3.33       0.01       1.29       0.04
     51775      19.94     -21.45       1.89        0.00     155.31       3.33       0.01       1.51       0.04
     52416      20.00     -21.63       1.87        0.00     157.42       3.33       0.24       1.39       0.04
--------------------------------------------------------------------------------
Best docking solution after GA:
     55000      20.00     -21.63       1.87        0.00     157.42       3.33       0.24       1.39       0.04

#ops:      55000 #mutates:  26055 #cross:    26265 #migrate:   2680 
#dups:     11396 #niche:    22691 #errors:     459 
--------------------------------------------------------------------------------

Doing AMOEBA simplex on best individual
Done simplexing #iterations 550, best score  20.57

Ligand is stored in gold_soln_6h7j_m1_1.mol2


--------------------------------------------------------------------------------
--- ChemScore breakdown of terms                                             ---
--------------------------------------------------------------------------------
DG = -5.4800 + -3.3400*S(hbond)
     + -6.0300*S(metal) + -0.1170*S(lipo) + 2.5600*H(rot)


H(rot) = 3.3292

Score = -(DG + DE(clash) + DE(int))

Internal energy term has been corrected with the best internal energy encountered.

--------------------------------------------------------------------------------


     Score         DG    S(hbond)    S(metal)    S(lipo)     H(rot)  DE(clash)    DE(int)     intcor
     20.57     -22.03       1.99        0.00     157.45       3.33       0.13       1.33       0.04

--------------------------------------------------------------------------------
--- ChemScore analysis of protein-ligand interactions                        ---
--------------------------------------------------------------------------------

* Hydrogen bonds                                                                
Ligand donor   12 hydrogen   29 Protein acceptor 2066 bond energy  1.00 wt 0.99
Ligand donor   13 hydrogen   30 Protein acceptor 2066 bond energy  1.00 wt 1.00

CHEMSCORE EXTRA INTERACTIONS:

* Clashes                                                                       
Clash for ligand atom   2 (CAF  ):   0.01
Clash for ligand atom  15 (OAC  ):   0.12
--------------------------------------------------------------------------------


--------------------------------------------------------------------------------
--- Chromosome decoded                                                       ---
--------------------------------------------------------------------------------
Ligand Torsions
[   7    4    1   13]  122.95
[  30   13    1    4]   63.45
[  12    2    1    4] -105.69
[   3   12    2    1] -107.92
[   6    3   12    2]  151.44
[  31   14    9    7]   86.37
[  32   15   11    9]  -31.20
Mapping
Ligand acceptors to protein hydrogens (mapping then atom ids)
Ligand hydrogens to protein acceptors (mapping then atom ids)
  2   3 [ 30->2066]
Ligand shape atoms to protein points (mapping then atom ids & coords)
  2  7745 [  2->(-22.000   8.750  18.000)]
  6  2991 [  7->(-24.000   6.000  15.250)]
  8  2834 [ 10->(-24.000   4.500  15.750)]
Chromosome values
Integers:
  -1   -1   -1   -1   -1    2   -1   -1   -1 7744   -1   -1 
  -1 2990   -1 2833 
--------------------------------------------------------------------------------

Current Ranking  1

--------------------------------------------------------------------------------

* GA execution time :                                                           
  total  3.0001 user  3.0001 sys  0.0000

--------------------------------------------------------------------------------
Fitness function evaluations: 94692

--------------------------------------------------------------------------------
** Docking run number  2 **
--------------------------------------------------------------------------------
  Rank fitness base is 5000.00 ; increment is 11.2233

* Initialising population(s) ...                                                
Number of constraints mappings 0
Number of constraints 0
  Population no.                           :      1
  Population size                          :    100
  Number of duplicates                     :      0
  Number of niche violations               :      0
  Number of errors                         :    320

Number of constraints mappings 0
Number of constraints 0
  Population no.                           :      2
  Population size                          :    100
  Number of duplicates                     :      0
  Number of niche violations               :      0
  Number of errors                         :    297

Number of constraints mappings 0
Number of constraints 0
  Population no.                           :      3
  Population size                          :    100
  Number of duplicates                     :      0
  Number of niche violations               :      0
  Number of errors                         :    314

Number of constraints mappings 0
Number of constraints 0
  Population no.                           :      4
  Population size                          :    100
  Number of duplicates                     :      0
  Number of niche violations               :      0
  Number of errors                         :    322

Number of constraints mappings 0
Number of constraints 0
  Population no.                           :      5
  Population size                          :    100
  Number of duplicates                     :      0
  Number of niche violations               :      0
  Number of errors                         :    305


Doing GA, no. of population(s) 5 size 100 selection pressure 1.100000

 Operation      Score         DG    S(hbond)    S(metal)    S(lipo)     H(rot)  DE(clash)    DE(int)     intcor
         0      12.26     -16.32       0.12        0.00     162.15       3.33       2.70       1.36       0.04
       976      14.32     -18.17       0.93        0.00     154.81       3.33       2.16       1.69       0.04
      1903      15.22     -18.64       1.00        0.00     156.81       3.33       2.85       0.57       0.04
      4666      15.35     -17.92       0.97        0.00     151.38       3.33       0.88       1.69       0.04
      4695      15.64     -18.38       0.92        0.00     156.75       3.33       0.81       1.93       0.04
      5351      15.92     -18.30       1.00        0.00     153.88       3.33       1.19       1.19       0.04
      5425      16.22     -18.06       1.00        0.00     151.91       3.33       0.48       1.37       0.04
      5728      17.90     -18.49       1.00        0.00     155.54       3.33       0.01       0.57       0.04
     12703      17.91     -18.55       0.99        0.00     156.21       3.33       0.05       0.59       0.02
     13223      17.95     -18.56       0.99        0.00     156.27       3.33       0.05       0.57       0.02
     15235      18.00     -19.04       1.36        0.00     149.91       3.33       0.10       0.94       0.02
     20350      18.14     -19.10       1.39        0.00     149.70       3.33       0.01       0.95       0.02
     20975      18.21     -19.16       1.34        0.00     151.48       3.33       0.01       0.94       0.02
     21821      18.23     -19.20       1.38        0.00     150.85       3.33       0.01       0.97       0.02
     23666      18.24     -19.13       1.32        0.00     151.71       3.33       0.01       0.88       0.02
     23796      18.37     -19.26       1.39        0.00     151.07       3.33       0.01       0.88       0.02
     25401      18.38     -19.31       1.40        0.00     151.07       3.33       0.01       0.92       0.02
     25535      18.77     -20.14       1.49        0.00     155.65       3.33       0.38       0.98       0.02
     31529      18.95     -20.22       1.56        0.00     154.27       3.33       0.84       0.43       0.02
     31954      19.21     -19.67       1.49        0.00     151.45       3.33       0.02       0.43       0.02
     32024      19.47     -20.30       1.58        0.00     154.49       3.33       0.38       0.45       0.02
     37774      19.49     -20.24       1.55        0.00     154.83       3.33       0.35       0.40       0.01
Reordering...
     41250      19.10     -20.78       1.95        0.00     148.11       3.33       0.93       0.74       0.01
     42065      19.14     -20.82       1.94        0.00     148.51       3.33       0.93       0.74       0.01
     49890      19.16     -21.13       1.96        0.00     150.54       3.33       1.52       0.44       0.01
     51336      19.51     -20.55       1.91        0.00     147.03       3.33       0.32       0.72       0.01
--------------------------------------------------------------------------------
Best docking solution after GA:
     55000      19.51     -20.55       1.91        0.00     147.03       3.33       0.32       0.72       0.01

#ops:      55000 #mutates:  26128 #cross:    26107 #migrate:   2765 
#dups:     12315 #niche:    20890 #errors:     601 
--------------------------------------------------------------------------------

Doing AMOEBA simplex on best individual
Done simplexing #iterations 430, best score  19.82

Ligand is stored in gold_soln_6h7j_m1_2.mol2


--------------------------------------------------------------------------------
--- ChemScore breakdown of terms                                             ---
--------------------------------------------------------------------------------
DG = -5.4800 + -3.3400*S(hbond)
     + -6.0300*S(metal) + -0.1170*S(lipo) + 2.5600*H(rot)


H(rot) = 3.3292

Score = -(DG + DE(clash) + DE(int))

Internal energy term has been corrected with the best internal energy encountered.

--------------------------------------------------------------------------------


     Score         DG    S(hbond)    S(metal)    S(lipo)     H(rot)  DE(clash)    DE(int)     intcor
     19.82     -20.79       1.97        0.00     147.46       3.33       0.32       0.65       0.01

--------------------------------------------------------------------------------
--- ChemScore analysis of protein-ligand interactions                        ---
--------------------------------------------------------------------------------

* Hydrogen bonds                                                                
Ligand donor   12 hydrogen   29 Protein acceptor 2066 bond energy  1.00 wt 0.98
Ligand donor   13 hydrogen   30 Protein acceptor 2066 bond energy  1.00 wt 0.99

CHEMSCORE EXTRA INTERACTIONS:

* Clashes                                                                       
Clash for ligand atom   7 (CAK  ):   0.10
Clash for ligand atom   8 (CAL  ):   0.06
Clash for ligand atom  13 (OAA  ):   0.16
--------------------------------------------------------------------------------


--------------------------------------------------------------------------------
--- Chromosome decoded                                                       ---
--------------------------------------------------------------------------------
Ligand Torsions
[   7    4    1   13]  -73.87
[  30   13    1    4]   97.46
[  12    2    1    4] -155.28
[   3   12    2    1]  -69.89
[   6    3   12    2]  -51.82
[  31   14    9    7]  146.50
[  32   15   11    9]   99.63
Mapping
Ligand acceptors to protein hydrogens (mapping then atom ids)
Ligand hydrogens to protein acceptors (mapping then atom ids)
  1   3 [ 29->2066]
  2   3 [ 30->2066]
Ligand shape atoms to protein points (mapping then atom ids & coords)
  3  7559 [  3->(-22.250  10.000  19.000)]
  5  8013 [  6->(-21.750  11.500  18.250)]
  8  1724 [ 10->(-24.500   7.500  12.750)]
Chromosome values
Integers:
  -1   -1   -1   -1    2    2   -1   -1   -1   -1 7558   -1 
8012   -1   -1 1723 
--------------------------------------------------------------------------------

Current Ranking  1  2

--------------------------------------------------------------------------------

* GA execution time :                                                           
  total  3.0001 user  3.0001 sys  0.0000

--------------------------------------------------------------------------------
Fitness function evaluations: 93927

--------------------------------------------------------------------------------
** Docking run number  3 **
--------------------------------------------------------------------------------
  Rank fitness base is 5000.00 ; increment is 11.2233

* Initialising population(s) ...                                                
Number of constraints mappings 0
Number of constraints 0
  Population no.                           :      1
  Population size                          :    100
  Number of duplicates                     :      0
  Number of niche violations               :      0
  Number of errors                         :    317

Number of constraints mappings 0
Number of constraints 0
  Population no.                           :      2
  Population size                          :    100
  Number of duplicates                     :      0
  Number of niche violations               :      0
  Number of errors                         :    306

Number of constraints mappings 0
Number of constraints 0
  Population no.                           :      3
  Population size                          :    100
  Number of duplicates                     :      0
  Number of niche violations               :      0
  Number of errors                         :    294

Number of constraints mappings 0
Number of constraints 0
  Population no.                           :      4
  Population size                          :    100
  Number of duplicates                     :      0
  Number of niche violations               :      0
  Number of errors                         :    284

Number of constraints mappings 0
Number of constraints 0
  Population no.                           :      5
  Population size                          :    100
  Number of duplicates                     :      0
  Number of niche violations               :      0
  Number of errors                         :    296


Doing GA, no. of population(s) 5 size 100 selection pressure 1.100000

 Operation      Score         DG    S(hbond)    S(metal)    S(lipo)     H(rot)  DE(clash)    DE(int)     intcor
         0      14.33     -17.79       0.93        0.00     151.49       3.33       2.83       0.63       0.01
      2760      15.22     -16.62       0.72        0.00     147.62       3.33       0.66       0.74       0.01
      3519      16.10     -19.64       1.39        0.00     154.09       3.33       1.96       1.58       0.01
      4059      16.33     -19.18       1.28        0.00     153.50       3.33       1.27       1.58       0.01
      6871      16.93     -19.21       1.33        0.00     152.27       3.33       1.24       1.03       0.01
      7222      18.96     -20.90       1.96        0.00     148.80       3.33       0.22       1.72       0.01
      8836      18.97     -20.85       1.97        0.00     147.85       3.33       0.22       1.66       0.01
      9692      19.18     -20.88       1.95        0.00     148.85       3.33       0.02       1.68       0.01
     10987      19.73     -21.39       1.97        0.00     152.60       3.33       0.02       1.65       0.01
     14017      20.21     -21.90       2.00        0.00     156.17       3.33       0.03       1.66       0.01
     20582      20.22     -21.91       1.99        0.00     156.37       3.33       0.03       1.66       0.01
     20825      20.24     -21.86       2.00        0.00     155.86       3.33       0.06       1.55       0.01
     26360      20.25     -21.87       1.98        0.00     156.26       3.33       0.06       1.55       0.01
     28390      20.36     -21.91       1.98        0.00     156.81       3.33       0.06       1.50       0.01
     37049      20.40     -22.00       1.98        0.00     157.57       3.33       0.16       1.45       0.01
     38944      20.41     -21.95       1.98        0.00     156.93       3.33       0.01       1.53       0.01
     40999      20.41     -21.91       1.97        0.00     156.97       3.33       0.11       1.39       0.01
Reordering...
     41250      20.33     -21.87       1.96        0.00     156.93       3.33       0.01       1.53       0.01
     42409      20.35     -21.88       1.96        0.00     157.06       3.33       0.06       1.47       0.01
     46414      20.38     -21.87       1.96        0.00     157.01       3.33       0.01       1.48       0.01
     51490      20.38     -21.88       1.96        0.00     157.05       3.33       0.01       1.48       0.01
     54593      20.39     -21.91       1.96        0.00     157.34       3.33       0.06       1.46       0.01
--------------------------------------------------------------------------------
Best docking solution after GA:
     55000      20.39     -21.91       1.96        0.00     157.34       3.33       0.06       1.46       0.01

#ops:      55000 #mutates:  26212 #cross:    26096 #migrate:   2692 
#dups:     11562 #niche:    21322 #errors:     375 
--------------------------------------------------------------------------------

Doing AMOEBA simplex on best individual
Done simplexing #iterations 468, best score  20.46

Ligand is stored in gold_soln_6h7j_m1_3.mol2


--------------------------------------------------------------------------------
--- ChemScore breakdown of terms                                             ---
--------------------------------------------------------------------------------
DG = -5.4800 + -3.3400*S(hbond)
     + -6.0300*S(metal) + -0.1170*S(lipo) + 2.5600*H(rot)


H(rot) = 3.3292

Score = -(DG + DE(clash) + DE(int))

Internal energy term has been corrected with the best internal energy encountered.

--------------------------------------------------------------------------------


     Score         DG    S(hbond)    S(metal)    S(lipo)     H(rot)  DE(clash)    DE(int)     intcor
     20.46     -21.98       1.97        0.00     157.75       3.33       0.06       1.46       0.01

--------------------------------------------------------------------------------
--- ChemScore analysis of protein-ligand interactions                        ---
--------------------------------------------------------------------------------

* Hydrogen bonds                                                                
Ligand donor   12 hydrogen   29 Protein acceptor 2066 bond energy  1.00 wt 0.97
Ligand donor   13 hydrogen   30 Protein acceptor 2066 bond energy  1.00 wt 1.00

CHEMSCORE EXTRA INTERACTIONS:

* Clashes                                                                       
Clash for ligand atom   8 (CAL  ):   0.01
Clash for ligand atom  15 (OAC  ):   0.05
--------------------------------------------------------------------------------


--------------------------------------------------------------------------------
--- Chromosome decoded                                                       ---
--------------------------------------------------------------------------------
Ligand Torsions
[   7    4    1   13]  118.34
[  30   13    1    4]   54.06
[  12    2    1    4]  -93.25
[   3   12    2    1] -105.14
[   6    3   12    2]  128.65
[  31   14    9    7]   60.82
[  32   15   11    9]   39.39
Mapping
Ligand acceptors to protein hydrogens (mapping then atom ids)
Ligand hydrogens to protein acceptors (mapping then atom ids)
  1   3 [ 29->2066]
  2   3 [ 30->2066]
Ligand shape atoms to protein points (mapping then atom ids & coords)
  1  6746 [  1->(-22.750   7.250  16.000)]
  2  3146 [  2->(-24.000   9.500  17.250)]
  4  7814 [  5->(-22.000  11.000  18.750)]
  6  3845 [  7->(-23.750   7.000  14.500)]
Chromosome values
Integers:
  -1   -1   -1   -1    2    2   -1   -1 6745 3145   -1 7813 
  -1 3844   -1   -1 
--------------------------------------------------------------------------------

Current Ranking  1  3  2

--------------------------------------------------------------------------------

* GA execution time :                                                           
  total  3.0001 user  3.0001 sys  0.0000

--------------------------------------------------------------------------------
Fitness function evaluations: 93890

--------------------------------------------------------------------------------
** Docking run number  4 **
--------------------------------------------------------------------------------
  Rank fitness base is 5000.00 ; increment is 11.2233

* Initialising population(s) ...                                                
Number of constraints mappings 0
Number of constraints 0
  Population no.                           :      1
  Population size                          :    100
  Number of duplicates                     :      0
  Number of niche violations               :      0
  Number of errors                         :    324

Number of constraints mappings 0
Number of constraints 0
  Population no.                           :      2
  Population size                          :    100
  Number of duplicates                     :      0
  Number of niche violations               :      0
  Number of errors                         :    269

Number of constraints mappings 0
Number of constraints 0
  Population no.                           :      3
  Population size                          :    100
  Number of duplicates                     :      0
  Number of niche violations               :      0
  Number of errors                         :    273

Number of constraints mappings 0
Number of constraints 0
  Population no.                           :      4
  Population size                          :    100
  Number of duplicates                     :      0
  Number of niche violations               :      0
  Number of errors                         :    285

Number of constraints mappings 0
Number of constraints 0
  Population no.                           :      5
  Population size                          :    100
  Number of duplicates                     :      0
  Number of niche violations               :      0
  Number of errors                         :    321


Doing GA, no. of population(s) 5 size 100 selection pressure 1.100000

 Operation      Score         DG    S(hbond)    S(metal)    S(lipo)     H(rot)  DE(clash)    DE(int)     intcor
         0      10.35     -18.38       1.00        0.00     154.58       3.33       7.17       0.87       0.01
       290      11.65     -17.65       1.00        0.00     148.36       3.33       3.77       2.24       0.01
       733      15.63     -17.49       0.92        0.00     149.13       3.33       1.19       0.67       0.01
      2039      16.15     -18.47       1.00        0.00     155.32       3.33       1.10       1.23       0.01
      2864      16.22     -17.85       0.96        0.00     151.29       3.33       0.41       1.23       0.01
      6275      16.77     -18.23       1.00        0.00     153.25       3.33       0.50       0.95       0.01
      7360      16.85     -18.19       1.00        0.00     152.96       3.33       0.39       0.95       0.01
      7617      17.43     -20.95       1.83        0.00     152.94       3.33       2.63       0.89       0.01
      7840      17.66     -18.31       0.99        0.00     154.15       3.33       0.15       0.49       0.01
     10117      17.86     -21.00       1.85        0.00     152.69       3.33       2.63       0.51       0.01
     12229      18.00     -18.25       0.98        0.00     154.12       3.33       0.01       0.23       0.01
     16762      18.10     -19.80       1.58        0.00     150.09       3.33       1.33       0.37       0.01
     17543      18.39     -20.49       1.62        0.00     154.97       3.33       1.69       0.41       0.01
     18477      18.49     -20.22       1.74        0.00     149.32       3.33       1.36       0.37       0.01
     21057      18.95     -20.57       1.79        0.00     150.67       3.33       1.25       0.37       0.01
     24892      19.41     -20.37       1.67        0.00     152.37       3.33       0.17       0.78       0.01
     28119      19.59     -20.69       1.82        0.00     150.88       3.33       0.66       0.44       0.01
     28179      19.99     -20.70       1.87        0.00     149.51       3.33       0.26       0.44       0.01
     38718      20.09     -21.13       1.95        0.00     150.86       3.33       0.28       0.75       0.01
     41051      20.20     -21.19       1.96        0.00     151.22       3.33       0.31       0.69       0.01
     43736      20.11     -21.06       1.93        0.00     150.99       3.33       0.17       0.78       0.01
     46491      20.13     -21.06       1.93        0.00     150.99       3.33       0.17       0.75       0.01
     48571      20.16     -21.09       1.94        0.00     150.99       3.33       0.17       0.75       0.01
     48715      20.17     -21.17       1.92        0.00     152.11       3.33       0.25       0.75       0.01
     50964      20.20     -21.22       1.92        0.00     152.55       3.33       0.27       0.76       0.01
     52913      20.23     -21.12       1.95        0.00     151.04       3.33       0.17       0.72       0.01
--------------------------------------------------------------------------------
Best docking solution after GA:
     55000      20.23     -21.12       1.95        0.00     151.04       3.33       0.17       0.72       0.01

#ops:      55000 #mutates:  26035 #cross:    26271 #migrate:   2694 
#dups:     13632 #niche:    23571 #errors:     352 
--------------------------------------------------------------------------------

Doing AMOEBA simplex on best individual
Done simplexing #iterations 438, best score  20.47

Ligand is stored in gold_soln_6h7j_m1_4.mol2


--------------------------------------------------------------------------------
--- ChemScore breakdown of terms                                             ---
--------------------------------------------------------------------------------
DG = -5.4800 + -3.3400*S(hbond)
     + -6.0300*S(metal) + -0.1170*S(lipo) + 2.5600*H(rot)


H(rot) = 3.3292

Score = -(DG + DE(clash) + DE(int))

Internal energy term has been corrected with the best internal energy encountered.

--------------------------------------------------------------------------------


     Score         DG    S(hbond)    S(metal)    S(lipo)     H(rot)  DE(clash)    DE(int)     intcor
     20.47     -21.33       1.97        0.00     152.07       3.33       0.17       0.68       0.01

--------------------------------------------------------------------------------
--- ChemScore analysis of protein-ligand interactions                        ---
--------------------------------------------------------------------------------

* Hydrogen bonds                                                                
Ligand donor   12 hydrogen   29 Protein acceptor 2066 bond energy  1.00 wt 1.00
Ligand donor   13 hydrogen   30 Protein acceptor 2066 bond energy  1.00 wt 0.98

CHEMSCORE EXTRA INTERACTIONS:

* Clashes                                                                       
Clash for ligand atom  13 (OAA  ):   0.17
--------------------------------------------------------------------------------


--------------------------------------------------------------------------------
--- Chromosome decoded                                                       ---
--------------------------------------------------------------------------------
Ligand Torsions
[   7    4    1   13]  119.36
[  30   13    1    4]   97.22
[  12    2    1    4] -138.95
[   3   12    2    1]  -79.64
[   6    3   12    2]  -60.22
[  31   14    9    7]   10.06
[  32   15   11    9]  -97.68
Mapping
Ligand acceptors to protein hydrogens (mapping then atom ids)
Ligand hydrogens to protein acceptors (mapping then atom ids)
  1   3 [ 29->2066]
  2   3 [ 30->2066]
Ligand shape atoms to protein points (mapping then atom ids & coords)
  1  4667 [  1->(-23.500   8.750  16.750)]
  2  6772 [  2->(-22.750   8.000  17.250)]
  3  7574 [  3->(-22.250  10.750  18.500)]
  6  3767 [  7->(-23.750   6.000  14.750)]
  8  4535 [ 10->(-23.500   5.500  14.750)]
Chromosome values
Integers:
  -1   -1   -1   -1    2    2   -1   -1 4666 6771 7573   -1 
  -1 3766   -1 4534 
--------------------------------------------------------------------------------

Current Ranking  1  4  3  2

--------------------------------------------------------------------------------

* GA execution time :                                                           
  total  3.9991 user  3.0001 sys  0.9990

--------------------------------------------------------------------------------
Fitness function evaluations: 92694

--------------------------------------------------------------------------------
** Docking run number  5 **
--------------------------------------------------------------------------------
  Rank fitness base is 5000.00 ; increment is 11.2233

* Initialising population(s) ...                                                
Number of constraints mappings 0
Number of constraints 0
  Population no.                           :      1
  Population size                          :    100
  Number of duplicates                     :      0
  Number of niche violations               :      0
  Number of errors                         :    317

Number of constraints mappings 0
Number of constraints 0
  Population no.                           :      2
  Population size                          :    100
  Number of duplicates                     :      0
  Number of niche violations               :      0
  Number of errors                         :    291

Number of constraints mappings 0
Number of constraints 0
  Population no.                           :      3
  Population size                          :    100
  Number of duplicates                     :      0
  Number of niche violations               :      0
  Number of errors                         :    314

Number of constraints mappings 0
Number of constraints 0
  Population no.                           :      4
  Population size                          :    100
  Number of duplicates                     :      0
  Number of niche violations               :      0
  Number of errors                         :    319

Number of constraints mappings 0
Number of constraints 0
  Population no.                           :      5
  Population size                          :    100
  Number of duplicates                     :      0
  Number of niche violations               :      0
  Number of errors                         :    294


Doing GA, no. of population(s) 5 size 100 selection pressure 1.100000

 Operation      Score         DG    S(hbond)    S(metal)    S(lipo)     H(rot)  DE(clash)    DE(int)     intcor
         0      14.93     -18.14       0.96        0.00     153.56       3.33       1.47       1.73       0.01
       279      15.10     -16.55       0.57        0.00     151.06       3.33       0.46       0.99       0.01
      1179      15.26     -19.55       1.66        0.00     145.57       3.33       1.18       3.11       0.01
      2748      15.71     -20.12       1.81        0.00     146.44       3.33       1.31       3.11       0.01
      3672      15.77     -18.35       1.00        0.00     154.28       3.33       2.35       0.23       0.01
      4168      15.93     -20.47       1.69        0.00     152.64       3.33       2.18       2.37       0.01
      4477      16.02     -18.90       0.99        0.00     159.21       3.33       2.66       0.23       0.01
      4958      17.26     -20.28       1.89        0.00     145.43       3.33       0.54       2.48       0.01
      6108      17.31     -20.28       1.87        0.00     146.02       3.33       0.54       2.42       0.01
      7687      17.58     -19.95       1.80        0.00     145.23       3.33       0.16       2.20       0.01
      7837      17.58     -20.00       1.82        0.00     145.06       3.33       0.16       2.26       0.01
      8494      17.68     -20.35       1.94        0.00     144.48       3.33       0.19       2.48       0.01
      9428      17.73     -20.07       1.83        0.00     145.26       3.33       0.16       2.18       0.01
     10561      18.15     -20.71       1.95        0.00     147.22       3.33       0.29       2.26       0.01
     14288      18.25     -19.36       1.00        0.00     162.91       3.33       0.23       0.87       0.01
     16712      18.74     -19.34       1.00        0.00     162.78       3.33       0.21       0.39       0.01
     18302      18.78     -19.34       1.00        0.00     162.77       3.33       0.21       0.35       0.01
     18422      18.83     -19.37       1.00        0.00     163.01       3.33       0.19       0.34       0.01
     19487      18.92     -19.39       1.00        0.00     163.22       3.33       0.13       0.34       0.01
     26127      18.95     -19.43       1.00        0.00     163.54       3.33       0.13       0.35       0.01
     31553      18.95     -19.43       1.00        0.00     163.56       3.33       0.12       0.36       0.01
     33223      19.08     -20.75       1.80        0.00     151.98       3.33       0.43       1.24       0.01
     34308      19.27     -20.59       1.82        0.00     150.07       3.33       0.09       1.24       0.01
     34421      19.37     -21.32       1.99        0.00     151.33       3.33       0.70       1.25       0.01
     37833      19.83     -21.29       1.99        0.00     151.06       3.33       0.40       1.05       0.01
     54212      19.87     -21.33       1.98        0.00     151.71       3.33       0.40       1.07       0.01
--------------------------------------------------------------------------------
Best docking solution after GA:
     55000      19.87     -21.33       1.98        0.00     151.71       3.33       0.40       1.07       0.01

#ops:      55000 #mutates:  26238 #cross:    26129 #migrate:   2633 
#dups:      9803 #niche:    20103 #errors:     455 
--------------------------------------------------------------------------------

Doing AMOEBA simplex on best individual
Done simplexing #iterations 496, best score  20.43

Ligand is stored in gold_soln_6h7j_m1_5.mol2


--------------------------------------------------------------------------------
--- ChemScore breakdown of terms                                             ---
--------------------------------------------------------------------------------
DG = -5.4800 + -3.3400*S(hbond)
     + -6.0300*S(metal) + -0.1170*S(lipo) + 2.5600*H(rot)


H(rot) = 3.3292

Score = -(DG + DE(clash) + DE(int))

Internal energy term has been corrected with the best internal energy encountered.

--------------------------------------------------------------------------------


     Score         DG    S(hbond)    S(metal)    S(lipo)     H(rot)  DE(clash)    DE(int)     intcor
     20.43     -21.48       1.99        0.00     152.81       3.33       0.09       0.95       0.01

--------------------------------------------------------------------------------
--- ChemScore analysis of protein-ligand interactions                        ---
--------------------------------------------------------------------------------

* Hydrogen bonds                                                                
Ligand donor   12 hydrogen   29 Protein acceptor 2066 bond energy  1.00 wt 1.00
Ligand donor   13 hydrogen   30 Protein acceptor 2066 bond energy  1.00 wt 0.99

CHEMSCORE EXTRA INTERACTIONS:

* Clashes                                                                       
Clash for ligand atom  13 (OAA  ):   0.09
--------------------------------------------------------------------------------


--------------------------------------------------------------------------------
--- Chromosome decoded                                                       ---
--------------------------------------------------------------------------------
Ligand Torsions
[   7    4    1   13]  118.68
[  30   13    1    4]   78.53
[  12    2    1    4] -111.73
[   3   12    2    1]  -96.52
[   6    3   12    2]  -58.89
[  31   14    9    7]   58.78
[  32   15   11    9]  -55.60
Mapping
Ligand acceptors to protein hydrogens (mapping then atom ids)
Ligand hydrogens to protein acceptors (mapping then atom ids)
  1   3 [ 29->2066]
  2   3 [ 30->2066]
Ligand shape atoms to protein points (mapping then atom ids & coords)
  1  5440 [  1->(-23.250   9.000  17.250)]
  5  7808 [  6->(-22.000  10.750  18.500)]
  8  4421 [ 10->(-23.500   4.250  15.250)]
Chromosome values
Integers:
  -1   -1   -1   -1    2    2   -1   -1 5439   -1   -1   -1 
7807   -1   -1 4420 
--------------------------------------------------------------------------------

Current Ranking  1  4  3  5  2

--------------------------------------------------------------------------------

* GA execution time :                                                           
  total  3.0001 user  3.0001 sys  0.0001

--------------------------------------------------------------------------------
Fitness function evaluations: 95420

--------------------------------------------------------------------------------
** Docking run number  6 **
--------------------------------------------------------------------------------
  Rank fitness base is 5000.00 ; increment is 11.2233

* Initialising population(s) ...                                                
Number of constraints mappings 0
Number of constraints 0
  Population no.                           :      1
  Population size                          :    100
  Number of duplicates                     :      0
  Number of niche violations               :      0
  Number of errors                         :    305

Number of constraints mappings 0
Number of constraints 0
  Population no.                           :      2
  Population size                          :    100
  Number of duplicates                     :      0
  Number of niche violations               :      0
  Number of errors                         :    296

Number of constraints mappings 0
Number of constraints 0
  Population no.                           :      3
  Population size                          :    100
  Number of duplicates                     :      0
  Number of niche violations               :      0
  Number of errors                         :    296

Number of constraints mappings 0
Number of constraints 0
  Population no.                           :      4
  Population size                          :    100
  Number of duplicates                     :      0
  Number of niche violations               :      0
  Number of errors                         :    278

Number of constraints mappings 0
Number of constraints 0
  Population no.                           :      5
  Population size                          :    100
  Number of duplicates                     :      0
  Number of niche violations               :      0
  Number of errors                         :    310


Doing GA, no. of population(s) 5 size 100 selection pressure 1.100000

 Operation      Score         DG    S(hbond)    S(metal)    S(lipo)     H(rot)  DE(clash)    DE(int)     intcor
         0      13.06     -17.03       0.86        0.00     147.08       3.33       2.56       1.40       0.01
       784      13.42     -18.47       1.00        0.00     155.41       3.33       3.47       1.58       0.01
      1860      13.57     -18.13       0.99        0.00     152.54       3.33       2.47       2.08       0.01
      2304      13.71     -18.31       1.00        0.00     153.98       3.33       3.02       1.58       0.01
      3014      15.97     -18.54       0.99        0.00     156.06       3.33       1.52       1.04       0.01
      3184      16.38     -17.99       0.94        0.00     152.84       3.33       0.17       1.44       0.01
      3924      17.97     -20.46       1.87        0.00     147.45       3.33       1.23       1.27       0.01
     11837      18.05     -18.41       0.98        0.00     155.30       3.33       0.25       0.12       0.01
     12842      18.24     -18.29       1.00        0.00     153.78       3.33       0.01       0.04       0.01
     15887      18.37     -18.91       1.00        0.00     159.10       3.33       0.50       0.04       0.01
     17916      18.72     -18.96       1.00        0.00     159.50       3.33       0.20       0.04       0.01
     21272      18.74     -19.00       1.00        0.00     159.87       3.33       0.20       0.05       0.00
     22847      18.76     -19.02       1.00        0.00     160.04       3.33       0.22       0.04       0.00
     24615      18.78     -19.02       1.00        0.00     160.06       3.33       0.20       0.04       0.00
     25874      19.00     -19.07       0.99        0.00     160.61       3.33       0.03       0.04       0.00
     32127      19.00     -19.14       1.00        0.00     161.06       3.33       0.10       0.04       0.00
     35661      19.01     -19.14       1.00        0.00     161.09       3.33       0.10       0.04       0.00
     53927      19.01     -19.15       1.00        0.00     161.12       3.33       0.10       0.04       0.00
     54661      19.08     -19.13       0.99        0.00     161.38       3.33       0.00       0.05       0.00
--------------------------------------------------------------------------------
Best docking solution after GA:
     55000      19.08     -19.13       0.99        0.00     161.38       3.33       0.00       0.05       0.00

#ops:      55000 #mutates:  26074 #cross:    26205 #migrate:   2721 
#dups:     19431 #niche:    27978 #errors:     296 
--------------------------------------------------------------------------------

Doing AMOEBA simplex on best individual
Done simplexing #iterations 579, best score  19.39

Ligand is stored in gold_soln_6h7j_m1_6.mol2


--------------------------------------------------------------------------------
--- ChemScore breakdown of terms                                             ---
--------------------------------------------------------------------------------
DG = -5.4800 + -3.3400*S(hbond)
     + -6.0300*S(metal) + -0.1170*S(lipo) + 2.5600*H(rot)


H(rot) = 3.3292

Score = -(DG + DE(clash) + DE(int))

Internal energy term has been corrected with the best internal energy encountered.

--------------------------------------------------------------------------------


     Score         DG    S(hbond)    S(metal)    S(lipo)     H(rot)  DE(clash)    DE(int)     intcor
     19.39     -19.43       1.00        0.00     163.50       3.33       0.03       0.01       0.00

--------------------------------------------------------------------------------
--- ChemScore analysis of protein-ligand interactions                        ---
--------------------------------------------------------------------------------

* Hydrogen bonds                                                                
Ligand donor   14 hydrogen   31 Protein acceptor 2066 bond energy  1.00 wt 1.00

CHEMSCORE EXTRA INTERACTIONS:

* Clashes                                                                       
Clash for ligand atom   5 (CAI  ):   0.01
Clash for ligand atom  13 (OAA  ):   0.02
--------------------------------------------------------------------------------


--------------------------------------------------------------------------------
--- Chromosome decoded                                                       ---
--------------------------------------------------------------------------------
Ligand Torsions
[   7    4    1   13] -119.79
[  30   13    1    4]   21.83
[  12    2    1    4] -179.57
[   3   12    2    1]  179.50
[   6    3   12    2]  -61.67
[  31   14    9    7]   30.40
[  32   15   11    9]  157.50
Mapping
Ligand acceptors to protein hydrogens (mapping then atom ids)
Ligand hydrogens to protein acceptors (mapping then atom ids)
  3   3 [ 31->2066]
Ligand shape atoms to protein points (mapping then atom ids & coords)
  1  7717 [  1->(-22.000   8.000  15.750)]
  4  2883 [  5->(-24.000   5.000  13.750)]
Chromosome values
Integers:
  -1   -1   -1   -1   -1   -1    2   -1 7716   -1   -1 2882 
  -1   -1   -1   -1 
--------------------------------------------------------------------------------

Current Ranking  1  4  3  5  2  6

--------------------------------------------------------------------------------

* GA execution time :                                                           
  total  3.0003 user  3.0002 sys  0.0001

--------------------------------------------------------------------------------
Fitness function evaluations: 93225

--------------------------------------------------------------------------------
** Docking run number  7 **
--------------------------------------------------------------------------------
  Rank fitness base is 5000.00 ; increment is 11.2233

* Initialising population(s) ...                                                
Number of constraints mappings 0
Number of constraints 0
  Population no.                           :      1
  Population size                          :    100
  Number of duplicates                     :      0
  Number of niche violations               :      0
  Number of errors                         :    282

Number of constraints mappings 0
Number of constraints 0
  Population no.                           :      2
  Population size                          :    100
  Number of duplicates                     :      0
  Number of niche violations               :      0
  Number of errors                         :    304

Number of constraints mappings 0
Number of constraints 0
  Population no.                           :      3
  Population size                          :    100
  Number of duplicates                     :      0
  Number of niche violations               :      0
  Number of errors                         :    316

Number of constraints mappings 0
Number of constraints 0
  Population no.                           :      4
  Population size                          :    100
  Number of duplicates                     :      0
  Number of niche violations               :      0
  Number of errors                         :    266

Number of constraints mappings 0
Number of constraints 0
  Population no.                           :      5
  Population size                          :    100
  Number of duplicates                     :      0
  Number of niche violations               :      0
  Number of errors                         :    292


Doing GA, no. of population(s) 5 size 100 selection pressure 1.100000

 Operation      Score         DG    S(hbond)    S(metal)    S(lipo)     H(rot)  DE(clash)    DE(int)     intcor
         0      14.55     -18.30       1.00        0.00     153.92       3.33       2.73       1.02       0.00
      1173      15.11     -16.12       0.48        0.00     150.13       3.33       0.43       0.58       0.00
      2046      15.81     -18.08       1.00        0.00     152.01       3.33       1.24       1.02       0.00
      4001      17.05     -18.39       1.00        0.00     154.67       3.33       0.50       0.84       0.00
      5536      17.39     -17.96       0.98        0.00     151.44       3.33       0.00       0.57       0.00
      7617      17.63     -18.17       1.00        0.00     152.86       3.33       0.08       0.47       0.00
      8195      17.67     -18.78       1.00        0.00     157.93       3.33       0.48       0.63       0.00
      9579      17.79     -18.18       1.00        0.00     152.90       3.33       0.00       0.38       0.00
     10239      17.84     -18.23       1.00        0.00     153.30       3.33       0.01       0.38       0.00
     10938      18.12     -19.08       1.00        0.00     160.55       3.33       0.47       0.49       0.00
     13343      18.26     -19.22       1.00        0.00     161.72       3.33       0.47       0.49       0.00
     13370      18.39     -18.66       0.99        0.00     157.19       3.33       0.12       0.14       0.00
     18863      18.42     -19.44       1.38        0.00     152.83       3.33       0.04       0.98       0.00
     20610      18.44     -18.70       0.99        0.00     157.57       3.33       0.12       0.14       0.00
     22437      18.78     -19.77       1.56        0.00     150.47       3.33       0.07       0.93       0.00
     23665      19.08     -20.96       1.95        0.00     149.47       3.33       1.47       0.41       0.00
     26950      19.19     -21.07       1.92        0.00     151.34       3.33       1.47       0.41       0.00
     29420      19.37     -21.06       1.98        0.00     149.49       3.33       1.47       0.22       0.00
     29445      19.39     -21.08       1.98        0.00     149.49       3.33       1.47       0.21       0.00
     41243      19.58     -20.65       1.71        0.00     153.60       3.33       0.09       0.97       0.00
Reordering...
     41250      19.36     -21.04       1.97        0.00     149.49       3.33       1.47       0.21       0.00
     52272      19.44     -21.01       1.93        0.00     150.60       3.33       1.36       0.21       0.00
--------------------------------------------------------------------------------
Best docking solution after GA:
     55000      19.44     -21.01       1.93        0.00     150.60       3.33       1.36       0.21       0.00

#ops:      55000 #mutates:  26273 #cross:    25978 #migrate:   2749 
#dups:     12155 #niche:    25504 #errors:     426 
--------------------------------------------------------------------------------

Doing AMOEBA simplex on best individual
Done simplexing #iterations 297, best score  19.68

Ligand is stored in gold_soln_6h7j_m1_7.mol2


--------------------------------------------------------------------------------
--- ChemScore breakdown of terms                                             ---
--------------------------------------------------------------------------------
DG = -5.4800 + -3.3400*S(hbond)
     + -6.0300*S(metal) + -0.1170*S(lipo) + 2.5600*H(rot)


H(rot) = 3.3292

Score = -(DG + DE(clash) + DE(int))

Internal energy term has been corrected with the best internal energy encountered.

--------------------------------------------------------------------------------


     Score         DG    S(hbond)    S(metal)    S(lipo)     H(rot)  DE(clash)    DE(int)     intcor
     19.68     -21.24       1.99        0.00     150.82       3.33       1.36       0.21       0.00

--------------------------------------------------------------------------------
--- ChemScore analysis of protein-ligand interactions                        ---
--------------------------------------------------------------------------------

* Hydrogen bonds                                                                
Ligand donor   12 hydrogen   29 Protein acceptor 2066 bond energy  1.00 wt 0.99
Ligand donor   13 hydrogen   30 Protein acceptor 2066 bond energy  1.00 wt 1.00

CHEMSCORE EXTRA INTERACTIONS:

* Clashes                                                                       
Clash for ligand atom   2 (CAF  ):   0.01
Clash for ligand atom  13 (OAA  ):   1.34
--------------------------------------------------------------------------------


--------------------------------------------------------------------------------
--- Chromosome decoded                                                       ---
--------------------------------------------------------------------------------
Ligand Torsions
[   7    4    1   13]  -60.49
[  30   13    1    4]  105.41
[  12    2    1    4] -159.87
[   3   12    2    1]  -61.47
[   6    3   12    2]  -60.16
[  31   14    9    7]   52.22
[  32   15   11    9]  -95.29
Mapping
Ligand acceptors to protein hydrogens (mapping then atom ids)
Ligand hydrogens to protein acceptors (mapping then atom ids)
  1   3 [ 29->2066]
  2   3 [ 30->2066]
Ligand shape atoms to protein points (mapping then atom ids & coords)
  1  6163 [  1->(-23.000   8.750  17.500)]
  2  3097 [  2->(-24.000   8.750  16.250)]
  3  7260 [  3->(-22.500   9.500  17.750)]
  4  7328 [  5->(-22.500  11.750  19.750)]
  5  7814 [  6->(-22.000  11.000  18.750)]
  6  3718 [  7->(-23.750   5.500  14.000)]
  8  5256 [ 10->(-23.250   5.250  14.250)]
Chromosome values
Integers:
  -1   -1   -1   -1    2    2   -1   -1 6162 3096 7259 7327 
7813 3717   -1 5255 
--------------------------------------------------------------------------------

Current Ranking  1  4  3  5  2  7  6

--------------------------------------------------------------------------------

* GA execution time :                                                           
  total  3.0001 user  3.0001 sys  0.0001

--------------------------------------------------------------------------------
Fitness function evaluations: 93899

--------------------------------------------------------------------------------
** Docking run number  8 **
--------------------------------------------------------------------------------
  Rank fitness base is 5000.00 ; increment is 11.2233

* Initialising population(s) ...                                                
Number of constraints mappings 0
Number of constraints 0
  Population no.                           :      1
  Population size                          :    100
  Number of duplicates                     :      0
  Number of niche violations               :      0
  Number of errors                         :    293

Number of constraints mappings 0
Number of constraints 0
  Population no.                           :      2
  Population size                          :    100
  Number of duplicates                     :      0
  Number of niche violations               :      0
  Number of errors                         :    281

Number of constraints mappings 0
Number of constraints 0
  Population no.                           :      3
  Population size                          :    100
  Number of duplicates                     :      0
  Number of niche violations               :      0
  Number of errors                         :    315

Number of constraints mappings 0
Number of constraints 0
  Population no.                           :      4
  Population size                          :    100
  Number of duplicates                     :      0
  Number of niche violations               :      0
  Number of errors                         :    296

Number of constraints mappings 0
Number of constraints 0
  Population no.                           :      5
  Population size                          :    100
  Number of duplicates                     :      0
  Number of niche violations               :      0
  Number of errors                         :    297


Doing GA, no. of population(s) 5 size 100 selection pressure 1.100000

 Operation      Score         DG    S(hbond)    S(metal)    S(lipo)     H(rot)  DE(clash)    DE(int)     intcor
         0      14.04     -17.04       0.64        0.00     153.38       3.33       1.69       1.32       0.00
       573      14.25     -17.35       0.71        0.00     153.93       3.33       1.89       1.21       0.00
      2567      15.75     -17.27       1.00        0.00     145.09       3.33       0.61       0.91       0.00
      3861      15.90     -17.68       1.00        0.00     148.64       3.33       0.83       0.95       0.00
      4036      16.30     -17.27       1.00        0.00     145.08       3.33       0.06       0.91       0.00
      6957      16.59     -17.49       1.00        0.00     146.99       3.33       0.02       0.88       0.00
      8092      17.05     -19.47       1.44        0.00     151.31       3.33       1.05       1.37       0.00
      9007      17.20     -19.63       1.20        0.00     159.60       3.33       1.05       1.37       0.00
      9792      17.63     -19.36       1.21        0.00     156.80       3.33       0.36       1.37       0.00
     10997      18.39     -21.05       1.92        0.00     151.12       3.33       0.02       2.64       0.00
     12697      18.58     -21.32       1.95        0.00     152.58       3.33       0.11       2.64       0.00
     14532      18.78     -21.37       1.95        0.00     153.01       3.33       0.01       2.59       0.00
     20171      18.86     -21.56       1.98        0.00     153.80       3.33       0.11       2.59       0.00
     20881      19.12     -21.02       1.96        0.00     149.62       3.33       0.55       1.35       0.00
     22326      19.18     -21.09       1.98        0.00     149.78       3.33       0.55       1.35       0.00
     22938      19.51     -21.25       1.97        0.00     151.30       3.33       0.59       1.16       0.00
     27987      19.88     -21.35       1.96        0.00     152.43       3.33       0.49       0.98       0.00
     32472      20.25     -21.42       1.97        0.00     152.77       3.33       0.20       0.98       0.00
Reordering...
     41250      20.16     -21.33       1.95        0.00     152.77       3.33       0.20       0.98       0.00
     48165      20.20     -21.38       1.96        0.00     152.77       3.33       0.20       0.98       0.00
     51604      20.21     -21.36       1.95        0.00     152.95       3.33       0.30       0.85       0.00
     52615      20.31     -21.34       1.95        0.00     152.82       3.33       0.09       0.94       0.00
     54185      20.35     -21.40       1.96        0.00     152.95       3.33       0.11       0.94       0.00
--------------------------------------------------------------------------------
Best docking solution after GA:
     55000      20.35     -21.40       1.96        0.00     152.95       3.33       0.11       0.94       0.00

#ops:      55000 #mutates:  26305 #cross:    25937 #migrate:   2758 
#dups:     11436 #niche:    23776 #errors:     465 
--------------------------------------------------------------------------------

Doing AMOEBA simplex on best individual
Done simplexing #iterations 506, best score  20.69

Ligand is stored in gold_soln_6h7j_m1_8.mol2


--------------------------------------------------------------------------------
--- ChemScore breakdown of terms                                             ---
--------------------------------------------------------------------------------
DG = -5.4800 + -3.3400*S(hbond)
     + -6.0300*S(metal) + -0.1170*S(lipo) + 2.5600*H(rot)


H(rot) = 3.3292

Score = -(DG + DE(clash) + DE(int))

Internal energy term has been corrected with the best internal energy encountered.

--------------------------------------------------------------------------------


     Score         DG    S(hbond)    S(metal)    S(lipo)     H(rot)  DE(clash)    DE(int)     intcor
     20.69     -21.56       1.97        0.00     154.11       3.33       0.03       0.84       0.00

--------------------------------------------------------------------------------
--- ChemScore analysis of protein-ligand interactions                        ---
--------------------------------------------------------------------------------

* Hydrogen bonds                                                                
Ligand donor   12 hydrogen   29 Protein acceptor 2066 bond energy  1.00 wt 0.97
Ligand donor   13 hydrogen   30 Protein acceptor 2066 bond energy  1.00 wt 0.99

CHEMSCORE EXTRA INTERACTIONS:

* Clashes                                                                       
Clash for ligand atom  13 (OAA  ):   0.03
--------------------------------------------------------------------------------


--------------------------------------------------------------------------------
--- Chromosome decoded                                                       ---
--------------------------------------------------------------------------------
Ligand Torsions
[   7    4    1   13]  125.70
[  30   13    1    4]   69.77
[  12    2    1    4]  -95.70
[   3   12    2    1] -102.67
[   6    3   12    2]  -58.04
[  31   14    9    7] -155.99
[  32   15   11    9]  162.17
Mapping
Ligand acceptors to protein hydrogens (mapping then atom ids)
Ligand hydrogens to protein acceptors (mapping then atom ids)
  1   3 [ 29->2066]
  2   3 [ 30->2066]
Ligand shape atoms to protein points (mapping then atom ids & coords)
  1  5387 [  1->(-23.250   7.500  16.750)]
  2  4706 [  2->(-23.500   9.500  17.500)]
  3  6896 [  3->(-22.750  10.250  18.500)]
  6  4588 [  7->(-23.500   6.250  15.000)]
  8  3746 [ 10->(-23.750   5.750  15.250)]
Chromosome values
Integers:
  -1   -1   -1   -1    2    2   -1   -1 5386 4705 6895   -1 
  -1 4587   -1 3745 
--------------------------------------------------------------------------------

Current Ranking  8  1  4  3  5  2  7  6

Top  3 (of  8) solutions are within 1.000 RMSD, finishing docking C:/Users/student/Desktop/project/beta1/ligandy/6h7j.mol2.


--------------------------------------------------------------------------------

* GA execution time :                                                           
  total  3.0002 user  3.0001 sys  0.0001

--------------------------------------------------------------------------------
Fitness function evaluations: 94360

--------------------------------------------------------------------------------
--- Ranking analysis                                                         ---
--------------------------------------------------------------------------------


* Final ranked order of GA solutions:                                           
   8  1  4  3  5  2  7  6 

  _______________________________
  RMSD Matrix of RANKED solutions

        2    3    4    5    6    7    8  

   1 :  0.5  0.8  0.6  0.3  2.1  1.9  6.4
   2 :       1.0  0.4  0.6  2.2  1.9  6.4
   3 :            1.1  0.6  1.9  1.7  6.5
   4 :                 0.7  2.2  1.9  6.3
   5 :                      2.0  1.8  6.4
   6 :                           1.2  6.3
   7 :                                6.4

  Clustering method                        : complete linkage
  Structure ids in cluster table           : rank nos.
  Ordering of clusters and their members   : by rank (order if from rms_analysis)

  Distance | Clusters
   0.31    |  1  5 |  2 |  3 |  4 |  6 |  7 |  8 |
   0.36    |  1  5 |  2  4 |  3 |  6 |  7 |  8 |
   0.67    |  1  2  4  5 |  3 |  6 |  7 |  8 |
   1.12    |  1  2  3  4  5 |  6 |  7 |  8 |
   1.18    |  1  2  3  4  5 |  6  7 |  8 |
   2.17    |  1  2  3  4  5  6  7 |  8 |
   6.52    |  1  2  3  4  5  6  7  8 |
  Finished Docking Ligand                  : C:/Users/student/Desktop/project/beta1/ligandy/6h7j.mol2
--------------------------------------------------------------------------------

  Relative_Ligand_Energy (best encountered) :   0.004
  Relative_Ligand_Energy: fitness values have been corrected using this amount
