
--------------------------------------------------------------------------------
--- Ligand                                                                   ---
--------------------------------------------------------------------------------
  Ligand loaded from file                  : E:/CHEMBL93240.mol2
  Ligand name                              :  
  "*****                                                                    "

--------------------------------------------------------------------------------
  N.plc donors                             : 
  none found

  Acidic nitrogen acceptors                : 
  none found
  Sulfur acceptors                         :
   2 : (thiol or thioether)    (S)     7 : (thiol or thioether)    (S)  
                  

  Donor atoms                              :      0
  
  Acceptor atoms                           :      2
  16  19  

  Hydrogens                                :  (n = 0)
    none found


  Lone pairs added to molecule             :      2
  Numbering                                : from 49 to 50

--------------------------------------------------------------------------------
--- Postprocessing of typing                                                 ---
--------------------------------------------------------------------------------
  Fragment file                            : C:\Program Files (x86)\CCDC/GoldSuite_2017\GOLD\gold\rotatable_bond_override.mol2
  acylurea fragment                        : no matches
  thioacylthiourea fragment                : no matches
  acylthiourea fragment                    : no matches
  thioacylurea fragment                    : no matches
  diarylamine fragment >C.ar-NH-C.ar<      : no matches
  sec-amine (1) fragment                   : no matches
  sec-amine (2) fragment                   : no matches
  sec-amine (3) fragment                   : no matches
  carboxylic ester                         : no matches

* Rotatable bonds in  E:/CHEMBL93240.mol2  :
  [   2    3] [  15   16] 
  No. of rotatable bonds                   :      2


* Fragments found in  E:/CHEMBL93240.mol2  :
  atom   3: benzene
  atom   4: benzene
  atom   5: benzene
  atom   6: benzene
  atom   8: benzene
  atom   9: benzene
  atom  10: benzene
  atom  11: benzene
  atom  12: benzene
  atom  13: benzene
  atom  23: benzene
  atom  24: benzene


* Checking torsion distributions:                                               
  No. of matched torsions                  :      0

--------------------------------------------------------------------------------
--- Shape fitting atoms selection (hydrophobic atoms)                        ---
--------------------------------------------------------------------------------
  Molecule                                 : E:/CHEMBL93240.mol2
  Selection                                : carbons only
  Atom numbers                             :  (n = 15)
  1    4    5    9    10   11   12   14   15   17   
  18   20   21   22   24   


--------------------------------------------------------------------------------
--- ChemScore ligand setup summary                                           ---
--------------------------------------------------------------------------------
  ChemScore ligand acceptors               :      2
  16 19 
  ChemScore ligand donors                  :      0
  
  ChemScore ligand CH donors               :      0
  

  ChemScore ligand lipophilic atoms        :  (n = 22)
  1    2    3    4    5    6    7    8    9    10   
  11   12   13   14   15   17   18   20   21   22   
  23   24   

  ChemScore ligand rotatable bonds         :      2
  2   (S  ) - 3   (C  ): SP3_SP2_BOND
  15  (C  ) - 16  (N  ): SP3_SP3_BOND

--------------------------------------------------------------------------------
--- PLP ligand setup summary                                                 ---
--------------------------------------------------------------------------------
    1     C   C.3 NONPOLAR
    2     S   S.3 NONPOLAR
    3     C  C.ar NONPOLAR
    4     C  C.ar NONPOLAR
    5     C  C.ar NONPOLAR
    6     C  C.ar NONPOLAR
    7     S   S.3 NONPOLAR
    8     C  C.ar NONPOLAR
    9     C  C.ar NONPOLAR
   10     C  C.ar NONPOLAR
   11     C  C.ar NONPOLAR
   12     C  C.ar NONPOLAR
   13     C  C.ar NONPOLAR
   14     C   C.3 NONPOLAR
   15     C   C.3 NONPOLAR
   16     N   N.3 ACCEPTOR
   17     C   C.3 NONPOLAR
   18     C   C.3 NONPOLAR
   19     N   N.3 ACCEPTOR
   20     C   C.3 NONPOLAR
   21     C   C.3 NONPOLAR
   22     C   C.3 NONPOLAR
   23     C  C.ar NONPOLAR
   24     C  C.ar NONPOLAR

--------------------------------------------------------------------------------
--- Automatic parameter setting                                              ---
--------------------------------------------------------------------------------
  Contribution base                        :   2500
  Contribution per rotatable bond          :   6000
  Contribution per df                      :   4000
  Contribution per water                   :  10000
  Ligand rotatable bonds                   :      2
  Protein flexible side chain bonds        :      0
  Total rotatable bonds                    :      2
  Hydrophobic vol ratio (P/L)              :   1.289
  Base multiplier (polar)                  :   0.400
  Base multiplier (apolar)                 :   3.866
  Base contribution                        : 10000.000
  Fitting points                           :      2
  Estimated maxops needed (optimal)        :  22500
  Autoscale factor (in percent)            :    200
  Scaled maxops                            :  45250

--------------------------------------------------------------------------------

* Population settings                                                           
  maxops                                   :  45250
  popsiz                                   :    100
  select_pressure                          :   1.100
  n_islands                                :      4
  niche_siz                                :      2

* GA settings                                                                   
  pt_crosswt                               :     95
  allele_mutatewt                          :     95
  migratewt                                :     10

* Search settings                                                               
  start_vdw_linear_cutoff                  :   4.000
  initial_virtual_pt_match_max             :   3.000

--------------------------------------------------------------------------------

* Ligand initialisation time :                                                  
  total  0.0001 user  0.0000 sys  0.0000

--------------------------------------------------------------------------------

--------------------------------------------------------------------------------
** Docking run number  1 **
--------------------------------------------------------------------------------
  Rank fitness base is 5000.00 ; increment is 11.2233

* Initialising population(s) ...                                                
Number of constraints mappings 0
Number of constraints 0
  Population no.                           :      1
  Population size                          :    100
  Number of duplicates                     :      0
  Number of niche violations               :      0
  Number of errors                         :    418

Number of constraints mappings 0
Number of constraints 0
  Population no.                           :      2
  Population size                          :    100
  Number of duplicates                     :      0
  Number of niche violations               :      0
  Number of errors                         :    412

Number of constraints mappings 0
Number of constraints 0
  Population no.                           :      3
  Population size                          :    100
  Number of duplicates                     :      0
  Number of niche violations               :      0
  Number of errors                         :    438

Number of constraints mappings 0
Number of constraints 0
  Population no.                           :      4
  Population size                          :    100
  Number of duplicates                     :      0
  Number of niche violations               :      0
  Number of errors                         :    437


Doing GA, no. of population(s) 4 size 100 selection pressure 1.100000

 Operation      Score     S(PLP)   S(hbond)     S(cho)   S(metal)  DE(clash)   DE(tors)     intcor
         0      24.80     -41.46       0.00       0.00       0.00      13.83       1.43       0.04
       839      25.52     -26.60       0.00       0.00       0.00       0.00       0.56       0.04
       995      33.54     -34.39       0.00       0.00       0.00       0.00       0.45       0.04
      1735      42.26     -42.75       0.00       0.00       0.00       0.00       0.26       0.04
      3724      43.77     -43.95       0.00       0.00       0.00       0.00       0.11       0.04
      5375      44.99     -45.06       0.00       0.00       0.00       0.00       0.06       0.04
      5520      52.22     -53.00       0.00       0.00       0.00       0.00       0.40       0.04
      7920      55.95     -57.28       0.00       0.00       0.00       0.00       0.69       0.04
     21262      56.06     -57.37       0.00       0.00       0.00       0.00       0.67       0.04
     33478      56.17     -57.44       0.00       0.00       0.00       0.00       0.65       0.04
     33589      56.22     -57.45       0.00       0.00       0.00       0.00       0.63       0.04
     35896      56.31     -57.92       0.00       0.00       0.00       0.28       0.68       0.04
     41791      56.33     -57.70       0.00       0.00       0.00       0.00       0.70       0.04
     42264      56.36     -57.59       0.00       0.00       0.00       0.00       0.64       0.04
     42307      56.46     -57.78       0.00       0.00       0.00       0.00       0.68       0.04
     43820      56.48     -57.76       0.00       0.00       0.00       0.00       0.66       0.04
--------------------------------------------------------------------------------
Best docking solution after GA:
     45250      56.48     -57.76       0.00       0.00       0.00       0.00       0.66       0.04

#ops:      45250 #mutates:  21648 #cross:    21347 #migrate:   2255 
#dups:     12229 #niche:    12970 #errors:    1827 
--------------------------------------------------------------------------------

Doing AMOEBA simplex on best individual
Done simplexing #iterations 331, best score  58.59

Ligand is stored in gold_soln_CHEMBL93240_m1_1.mol2


--------------------------------------------------------------------------------
--- CHEMPLP breakdown of terms                                               ---
--------------------------------------------------------------------------------
CHEMPLP = - ( 1.0000*S(PLP) + -3.0000*S(hbond) + -6.0000*S(metal) + -3.0000*S(cho) )

Score = CHEMPLP - 1.0000*DE(clash) - 2.0000*DE(tors)

Internal energy term has been corrected with the best internal energy encountered.

--------------------------------------------------------------------------------


     Score     S(PLP)   S(hbond)     S(cho)   S(metal)  DE(clash)   DE(tors)     intcor
     58.59     -59.79       0.00       0.00       0.00       0.00       0.62       0.04

--------------------------------------------------------------------------------
--- PLP analysis of protein-ligand interactions                              ---
--------------------------------------------------------------------------------
hydrogen bonding        :       0.00
metal                   :       0.00
buried (polar-nonpolar) :       0.44
nonpolar                :     -61.95
repulsive               :       0.06
--------------------------------------------------------------------------------


--------------------------------------------------------------------------------
--- ChemScore analysis of protein-ligand interactions                        ---
--------------------------------------------------------------------------------

* Hydrogen bonds                                                                


* CH..O interactions                                                            
  CH group selection                       : activated ring CH (adjacent to hetatom)

--------------------------------------------------------------------------------


--------------------------------------------------------------------------------
--- Intra-ligand clashes                                                     ---
--------------------------------------------------------------------------------

Ligand
--------------------------------------------------------------------------------


--------------------------------------------------------------------------------
--- Chromosome decoded                                                       ---
--------------------------------------------------------------------------------
Ligand Torsions
[   1    2    3    4] -133.04
[  17   16   15   14]   80.61
Mapping
Ligand acceptors to protein hydrogens (mapping then atom ids)
Ligand shape atoms to protein points (mapping then atom ids & coords)
  1  1683 [  1->(-39.250   4.750   3.250)]
  3  3271 [  5->(-37.750   7.250   2.500)]
 12  1209 [ 20->(-41.500  10.750   9.250)]
Chromosome values
Integers:
  -1   -1 1682   -1 3270   -1   -1   -1   -1   -1   -1   -1 
  -1 1208   -1   -1   -1 
--------------------------------------------------------------------------------

Current Ranking  1

--------------------------------------------------------------------------------

* GA execution time :                                                           
  total  1.0008 user  1.0008 sys  0.0000

--------------------------------------------------------------------------------
Fitness function evaluations: 76380

--------------------------------------------------------------------------------
** Docking run number  2 **
--------------------------------------------------------------------------------
  Rank fitness base is 5000.00 ; increment is 11.2233

* Initialising population(s) ...                                                
Number of constraints mappings 0
Number of constraints 0
  Population no.                           :      1
  Population size                          :    100
  Number of duplicates                     :      0
  Number of niche violations               :      0
  Number of errors                         :    388

Number of constraints mappings 0
Number of constraints 0
  Population no.                           :      2
  Population size                          :    100
  Number of duplicates                     :      0
  Number of niche violations               :      0
  Number of errors                         :    410

Number of constraints mappings 0
Number of constraints 0
  Population no.                           :      3
  Population size                          :    100
  Number of duplicates                     :      0
  Number of niche violations               :      0
  Number of errors                         :    426

Number of constraints mappings 0
Number of constraints 0
  Population no.                           :      4
  Population size                          :    100
  Number of duplicates                     :      0
  Number of niche violations               :      0
  Number of errors                         :    421


Doing GA, no. of population(s) 4 size 100 selection pressure 1.100000

 Operation      Score     S(PLP)   S(hbond)     S(cho)   S(metal)  DE(clash)   DE(tors)     intcor
         0      23.87     -28.60       0.00       0.00       0.00       2.37       1.20       0.04
        50      28.95     -29.18       0.00       0.00       0.00       0.00       0.14       0.04
       410      33.39     -40.77       0.00       0.00       0.00       5.09       1.17       0.04
       808      45.00     -45.75       0.00       0.00       0.00       0.00       0.40       0.04
      3343      46.73     -50.76       0.00       0.00       0.00       1.84       1.11       0.04
      4449      47.22     -49.65       0.00       0.00       0.00       0.59       0.94       0.04
      4625      47.67     -50.00       0.00       0.00       0.00       0.59       0.89       0.04
      5365      49.67     -52.00       0.00       0.00       0.00       0.59       0.89       0.04
      6635      51.75     -54.22       0.00       0.00       0.00       0.59       0.96       0.04
     12317      52.19     -53.31       0.00       0.00       0.00       0.00       0.58       0.04
     13563      52.66     -53.35       0.00       0.00       0.00       0.00       0.37       0.04
     14207      53.03     -54.68       0.00       0.00       0.00       0.00       0.84       0.04
     14379      54.37     -55.06       0.00       0.00       0.00       0.00       0.37       0.04
     15247      54.49     -55.76       0.00       0.00       0.00       0.00       0.65       0.04
--------------------------------------------------------------------------------
Best docking solution after GA:
     45250      54.49     -55.76       0.00       0.00       0.00       0.00       0.65       0.04

#ops:      45250 #mutates:  21347 #cross:    21611 #migrate:   2292 
#dups:     12334 #niche:    15007 #errors:    1852 
--------------------------------------------------------------------------------

Doing AMOEBA simplex on best individual
Done simplexing #iterations 379, best score  55.94

Ligand is stored in gold_soln_CHEMBL93240_m1_2.mol2


--------------------------------------------------------------------------------
--- CHEMPLP breakdown of terms                                               ---
--------------------------------------------------------------------------------
CHEMPLP = - ( 1.0000*S(PLP) + -3.0000*S(hbond) + -6.0000*S(metal) + -3.0000*S(cho) )

Score = CHEMPLP - 1.0000*DE(clash) - 2.0000*DE(tors)

Internal energy term has been corrected with the best internal energy encountered.

--------------------------------------------------------------------------------


     Score     S(PLP)   S(hbond)     S(cho)   S(metal)  DE(clash)   DE(tors)     intcor
     55.94     -56.51       0.00       0.00       0.00       0.00       0.30       0.04

--------------------------------------------------------------------------------
--- PLP analysis of protein-ligand interactions                              ---
--------------------------------------------------------------------------------
hydrogen bonding        :       0.00
metal                   :       0.00
buried (polar-nonpolar) :      -6.19
nonpolar                :     -50.77
repulsive               :       0.25
--------------------------------------------------------------------------------


--------------------------------------------------------------------------------
--- ChemScore analysis of protein-ligand interactions                        ---
--------------------------------------------------------------------------------

* Hydrogen bonds                                                                


* CH..O interactions                                                            
  CH group selection                       : activated ring CH (adjacent to hetatom)

--------------------------------------------------------------------------------


--------------------------------------------------------------------------------
--- Intra-ligand clashes                                                     ---
--------------------------------------------------------------------------------

Ligand
--------------------------------------------------------------------------------


--------------------------------------------------------------------------------
--- Chromosome decoded                                                       ---
--------------------------------------------------------------------------------
Ligand Torsions
[   1    2    3    4]  -57.54
[  17   16   15   14]   42.79
Mapping
Ligand acceptors to protein hydrogens (mapping then atom ids)
Ligand shape atoms to protein points (mapping then atom ids & coords)
  1  8853 [  1->(-34.500  21.250   5.750)]
  2  5528 [  4->(-36.500  19.250   6.500)]
  3  3358 [  5->(-37.750  17.250   4.500)]
  4  1937 [  9->(-39.000  12.750   5.500)]
  6  1757 [ 11->(-39.250  13.250   4.750)]
  8  5781 [ 14->(-36.250  15.500   7.500)]
  9  8993 [ 15->(-34.250  15.250   5.000)]
 14  9215 [ 22->(-34.000  15.250   5.250)]
Chromosome values
Integers:
  -1   -1 8852 5527 3357 1936   -1 1756   -1 5780 8992   -1 
  -1   -1   -1 9214   -1 
--------------------------------------------------------------------------------

Current Ranking  1  2

--------------------------------------------------------------------------------

* GA execution time :                                                           
  total  1.9998 user  1.9998 sys  0.0000

--------------------------------------------------------------------------------
Fitness function evaluations: 76542

--------------------------------------------------------------------------------
** Docking run number  3 **
--------------------------------------------------------------------------------
  Rank fitness base is 5000.00 ; increment is 11.2233

* Initialising population(s) ...                                                
Number of constraints mappings 0
Number of constraints 0
  Population no.                           :      1
  Population size                          :    100
  Number of duplicates                     :      0
  Number of niche violations               :      0
  Number of errors                         :    418

Number of constraints mappings 0
Number of constraints 0
  Population no.                           :      2
  Population size                          :    100
  Number of duplicates                     :      0
  Number of niche violations               :      0
  Number of errors                         :    406

Number of constraints mappings 0
Number of constraints 0
  Population no.                           :      3
  Population size                          :    100
  Number of duplicates                     :      0
  Number of niche violations               :      0
  Number of errors                         :    442

Number of constraints mappings 0
Number of constraints 0
  Population no.                           :      4
  Population size                          :    100
  Number of duplicates                     :      0
  Number of niche violations               :      0
  Number of errors                         :    420


Doing GA, no. of population(s) 4 size 100 selection pressure 1.100000

 Operation      Score     S(PLP)   S(hbond)     S(cho)   S(metal)  DE(clash)   DE(tors)     intcor
         0      33.42     -47.79       0.00       0.00       0.00      14.34       0.03       0.04
      1182      33.70     -48.15       0.00       0.00       0.00      14.34       0.08       0.04
      1261      38.19     -38.34       0.00       0.00       0.00       0.00       0.10       0.04
      4683      43.03     -44.30       0.00       0.00       0.00       0.00       0.66       0.04
      6247      44.25     -45.48       0.00       0.00       0.00       0.00       0.63       0.04
     10892      44.78     -46.00       0.00       0.00       0.00       0.00       0.63       0.04
     12410      45.16     -45.64       0.00       0.00       0.00       0.00       0.26       0.04
     13402      45.18     -45.61       0.00       0.00       0.00       0.00       0.24       0.04
     14178      45.74     -46.26       0.00       0.00       0.00       0.00       0.28       0.04
     19137      46.03     -46.88       0.00       0.00       0.00       0.00       0.44       0.04
     19383      46.53     -46.54       0.00       0.00       0.00       0.00       0.03       0.04
     23958      47.07     -48.58       0.00       0.00       0.00       0.25       0.65       0.04
     27137      47.20     -48.36       0.00       0.00       0.00       0.00       0.60       0.04
     34175      47.87     -48.15       0.00       0.00       0.00       0.00       0.16       0.04
     39000      49.40     -49.67       0.00       0.00       0.00       0.00       0.15       0.04
     41480      49.57     -49.66       0.00       0.00       0.00       0.00       0.07       0.04
--------------------------------------------------------------------------------
Best docking solution after GA:
     45250      49.57     -49.66       0.00       0.00       0.00       0.00       0.07       0.04

#ops:      45250 #mutates:  21599 #cross:    21395 #migrate:   2256 
#dups:     11964 #niche:    14399 #errors:    1850 
--------------------------------------------------------------------------------

Doing AMOEBA simplex on best individual
Done simplexing #iterations 349, best score  50.21

Ligand is stored in gold_soln_CHEMBL93240_m1_3.mol2


--------------------------------------------------------------------------------
--- CHEMPLP breakdown of terms                                               ---
--------------------------------------------------------------------------------
CHEMPLP = - ( 1.0000*S(PLP) + -3.0000*S(hbond) + -6.0000*S(metal) + -3.0000*S(cho) )

Score = CHEMPLP - 1.0000*DE(clash) - 2.0000*DE(tors)

Internal energy term has been corrected with the best internal energy encountered.

--------------------------------------------------------------------------------


     Score     S(PLP)   S(hbond)     S(cho)   S(metal)  DE(clash)   DE(tors)     intcor
     50.21     -50.22       0.00       0.00       0.00       0.00       0.02       0.04

--------------------------------------------------------------------------------
--- PLP analysis of protein-ligand interactions                              ---
--------------------------------------------------------------------------------
hydrogen bonding        :       0.00
metal                   :       0.00
buried (polar-nonpolar) :      -4.33
nonpolar                :     -46.49
repulsive               :       0.95
--------------------------------------------------------------------------------


--------------------------------------------------------------------------------
--- ChemScore analysis of protein-ligand interactions                        ---
--------------------------------------------------------------------------------

* Hydrogen bonds                                                                


* CH..O interactions                                                            
  CH group selection                       : activated ring CH (adjacent to hetatom)

--------------------------------------------------------------------------------


--------------------------------------------------------------------------------
--- Intra-ligand clashes                                                     ---
--------------------------------------------------------------------------------

Ligand
--------------------------------------------------------------------------------


--------------------------------------------------------------------------------
--- Chromosome decoded                                                       ---
--------------------------------------------------------------------------------
Ligand Torsions
[   1    2    3    4]    3.61
[  17   16   15   14]   57.68
Mapping
Ligand acceptors to protein hydrogens (mapping then atom ids)
Ligand shape atoms to protein points (mapping then atom ids & coords)
  4  4884 [  9->(-36.750   6.750   7.500)]
 10  2995 [ 17->(-38.000  13.750   5.000)]
 11  4092 [ 18->(-37.250  15.000   6.000)]
 13  8417 [ 21->(-34.750  15.750   8.250)]
 14  9577 [ 22->(-33.500  15.000   4.750)]
Chromosome values
Integers:
  -1   -1   -1   -1   -1 4883   -1   -1   -1   -1   -1 2994 
4091   -1 8416 9576   -1 
--------------------------------------------------------------------------------

Current Ranking  1  2  3

--------------------------------------------------------------------------------

* GA execution time :                                                           
  total  2.0000 user  1.9999 sys  0.0000

--------------------------------------------------------------------------------
Fitness function evaluations: 77461

--------------------------------------------------------------------------------
** Docking run number  4 **
--------------------------------------------------------------------------------
  Rank fitness base is 5000.00 ; increment is 11.2233

* Initialising population(s) ...                                                
Number of constraints mappings 0
Number of constraints 0
  Population no.                           :      1
  Population size                          :    100
  Number of duplicates                     :      0
  Number of niche violations               :      0
  Number of errors                         :    433

Number of constraints mappings 0
Number of constraints 0
  Population no.                           :      2
  Population size                          :    100
  Number of duplicates                     :      0
  Number of niche violations               :      0
  Number of errors                         :    423

Number of constraints mappings 0
Number of constraints 0
  Population no.                           :      3
  Population size                          :    100
  Number of duplicates                     :      0
  Number of niche violations               :      0
  Number of errors                         :    437

Number of constraints mappings 0
Number of constraints 0
  Population no.                           :      4
  Population size                          :    100
  Number of duplicates                     :      0
  Number of niche violations               :      0
  Number of errors                         :    439


Doing GA, no. of population(s) 4 size 100 selection pressure 1.100000

 Operation      Score     S(PLP)   S(hbond)     S(cho)   S(metal)  DE(clash)   DE(tors)     intcor
         0      24.70     -26.15       0.00       0.00       0.00       0.00       0.74       0.04
        18      24.76     -25.47       0.00       0.00       0.00       0.00       0.37       0.04
       213      33.13     -33.76       0.00       0.00       0.00       0.00       0.33       0.04
      3263      36.93     -37.96       0.00       0.00       0.00       0.00       0.53       0.04
      5403      37.03     -37.39       0.00       0.00       0.00       0.00       0.20       0.04
      5453      37.30     -37.90       0.00       0.00       0.00       0.00       0.32       0.04
      5664      39.10     -39.60       0.00       0.00       0.00       0.00       0.27       0.04
      6696      39.97     -40.72       0.00       0.00       0.00       0.00       0.39       0.04
      7883      40.48     -41.22       0.00       0.00       0.00       0.00       0.39       0.04
      9426      42.40     -42.45       0.00       0.00       0.00       0.00       0.04       0.04
     11238      46.42     -46.48       0.00       0.00       0.00       0.00       0.04       0.04
     14678      48.53     -48.56       0.00       0.00       0.00       0.00       0.03       0.04
     17742      48.95     -49.03       0.00       0.00       0.00       0.00       0.06       0.04
     18912      49.13     -49.16       0.00       0.00       0.00       0.00       0.04       0.04
     20440      49.17     -49.62       0.00       0.00       0.00       0.00       0.24       0.04
     21710      49.50     -49.59       0.00       0.00       0.00       0.00       0.06       0.04
     22208      50.36     -50.55       0.00       0.00       0.00       0.00       0.11       0.04
     26288      50.37     -50.61       0.00       0.00       0.00       0.00       0.14       0.04
     32803      50.38     -50.49       0.00       0.00       0.00       0.00       0.07       0.04
     42857      50.49     -50.90       0.00       0.00       0.00       0.00       0.22       0.04
     44495      50.56     -50.77       0.00       0.00       0.00       0.00       0.12       0.04
     44687      51.81     -52.33       0.00       0.00       0.00       0.00       0.28       0.04
--------------------------------------------------------------------------------
Best docking solution after GA:
     45250      51.81     -52.33       0.00       0.00       0.00       0.00       0.28       0.04

#ops:      45250 #mutates:  21326 #cross:    21616 #migrate:   2308 
#dups:     12719 #niche:    11901 #errors:    2311 
--------------------------------------------------------------------------------

Doing AMOEBA simplex on best individual
Done simplexing #iterations 341, best score  58.70

Ligand is stored in gold_soln_CHEMBL93240_m1_4.mol2


--------------------------------------------------------------------------------
--- CHEMPLP breakdown of terms                                               ---
--------------------------------------------------------------------------------
CHEMPLP = - ( 1.0000*S(PLP) + -3.0000*S(hbond) + -6.0000*S(metal) + -3.0000*S(cho) )

Score = CHEMPLP - 1.0000*DE(clash) - 2.0000*DE(tors)

Internal energy term has been corrected with the best internal energy encountered.

--------------------------------------------------------------------------------


     Score     S(PLP)   S(hbond)     S(cho)   S(metal)  DE(clash)   DE(tors)     intcor
     58.70     -59.87       0.00       0.00       0.00       0.01       0.60       0.04

--------------------------------------------------------------------------------
--- PLP analysis of protein-ligand interactions                              ---
--------------------------------------------------------------------------------
hydrogen bonding        :       0.00
metal                   :       0.00
buried (polar-nonpolar) :      -0.24
nonpolar                :     -61.10
repulsive               :       0.06
--------------------------------------------------------------------------------


--------------------------------------------------------------------------------
--- ChemScore analysis of protein-ligand interactions                        ---
--------------------------------------------------------------------------------

* Hydrogen bonds                                                                


* CH..O interactions                                                            
  CH group selection                       : activated ring CH (adjacent to hetatom)

--------------------------------------------------------------------------------


--------------------------------------------------------------------------------
--- Intra-ligand clashes                                                     ---
--------------------------------------------------------------------------------

Ligand
 24 (C    ) -  22 (C    ):   0.01 (dist   3.00)
--------------------------------------------------------------------------------


--------------------------------------------------------------------------------
--- Chromosome decoded                                                       ---
--------------------------------------------------------------------------------
Ligand Torsions
[   1    2    3    4] -130.24
[  17   16   15   14]   81.45
Mapping
Ligand acceptors to protein hydrogens (mapping then atom ids)
Ligand shape atoms to protein points (mapping then atom ids & coords)
  1  1629 [  1->(-39.500   4.750   3.500)]
  2  2889 [  4->(-38.000   6.750   3.000)]
 12  1542 [ 20->(-40.750  11.750   8.750)]
 15  3240 [ 24->(-37.750   6.500   4.500)]
Chromosome values
Integers:
  -1   -1 1628 2888   -1   -1   -1   -1   -1   -1   -1   -1 
  -1 1541   -1   -1 3239 
--------------------------------------------------------------------------------

Current Ranking  4  1  2  3

--------------------------------------------------------------------------------

* GA execution time :                                                           
  total  1.9998 user  1.9998 sys  0.0001

--------------------------------------------------------------------------------
Fitness function evaluations: 77307

--------------------------------------------------------------------------------
** Docking run number  5 **
--------------------------------------------------------------------------------
  Rank fitness base is 5000.00 ; increment is 11.2233

* Initialising population(s) ...                                                
Number of constraints mappings 0
Number of constraints 0
  Population no.                           :      1
  Population size                          :    100
  Number of duplicates                     :      0
  Number of niche violations               :      0
  Number of errors                         :    486

Number of constraints mappings 0
Number of constraints 0
  Population no.                           :      2
  Population size                          :    100
  Number of duplicates                     :      0
  Number of niche violations               :      0
  Number of errors                         :    428

Number of constraints mappings 0
Number of constraints 0
  Population no.                           :      3
  Population size                          :    100
  Number of duplicates                     :      0
  Number of niche violations               :      0
  Number of errors                         :    414

Number of constraints mappings 0
Number of constraints 0
  Population no.                           :      4
  Population size                          :    100
  Number of duplicates                     :      0
  Number of niche violations               :      0
  Number of errors                         :    410


Doing GA, no. of population(s) 4 size 100 selection pressure 1.100000

 Operation      Score     S(PLP)   S(hbond)     S(cho)   S(metal)  DE(clash)   DE(tors)     intcor
         0      27.03     -29.59       0.00       0.00       0.00       0.92       0.84       0.04
       428      34.82     -39.48       0.00       0.00       0.00       2.11       1.29       0.04
       892      36.35     -40.23       0.00       0.00       0.00       1.55       1.19       0.04
      2784      36.74     -37.42       0.00       0.00       0.00       0.00       0.36       0.04
      4972      37.08     -37.44       0.00       0.00       0.00       0.00       0.20       0.04
      6164      38.48     -40.23       0.00       0.00       0.00       0.00       0.89       0.04
      7023      38.48     -39.13       0.00       0.00       0.00       0.00       0.34       0.04
      7657      41.84     -45.09       0.00       0.00       0.00       1.55       0.87       0.04
      8385      42.22     -45.06       0.00       0.00       0.00       1.24       0.82       0.04
     10095      42.51     -42.57       0.00       0.00       0.00       0.00       0.05       0.04
     10321      42.79     -44.32       0.00       0.00       0.00       0.00       0.78       0.04
     12630      44.61     -45.83       0.00       0.00       0.00       0.00       0.63       0.04
     13766      45.57     -47.31       0.00       0.00       0.00       0.00       0.89       0.04
     13902      45.97     -47.72       0.00       0.00       0.00       0.00       0.89       0.04
     16707      46.75     -47.55       0.00       0.00       0.00       0.00       0.42       0.04
     21055      47.34     -48.60       0.00       0.00       0.00       0.00       0.65       0.04
     24436      47.40     -48.66       0.00       0.00       0.00       0.00       0.65       0.04
     28742      48.15     -48.21       0.00       0.00       0.00       0.00       0.05       0.04
     30622      48.32     -48.80       0.00       0.00       0.00       0.00       0.26       0.04
     30898      48.60     -48.72       0.00       0.00       0.00       0.00       0.08       0.04
     31425      50.06     -50.18       0.00       0.00       0.00       0.00       0.08       0.04
     32753      50.77     -50.87       0.00       0.00       0.00       0.00       0.07       0.04
     36386      50.81     -50.92       0.00       0.00       0.00       0.00       0.07       0.04
     42828      50.82     -50.97       0.00       0.00       0.00       0.00       0.09       0.04
     43156      50.82     -51.01       0.00       0.00       0.00       0.00       0.11       0.04
--------------------------------------------------------------------------------
Best docking solution after GA:
     45250      50.82     -51.01       0.00       0.00       0.00       0.00       0.11       0.04

#ops:      45250 #mutates:  21372 #cross:    21617 #migrate:   2261 
#dups:     13066 #niche:    14480 #errors:    1522 
--------------------------------------------------------------------------------

Doing AMOEBA simplex on best individual
Done simplexing #iterations 276, best score  51.60

Ligand is stored in gold_soln_CHEMBL93240_m1_5.mol2


--------------------------------------------------------------------------------
--- CHEMPLP breakdown of terms                                               ---
--------------------------------------------------------------------------------
CHEMPLP = - ( 1.0000*S(PLP) + -3.0000*S(hbond) + -6.0000*S(metal) + -3.0000*S(cho) )

Score = CHEMPLP - 1.0000*DE(clash) - 2.0000*DE(tors)

Internal energy term has been corrected with the best internal energy encountered.

--------------------------------------------------------------------------------


     Score     S(PLP)   S(hbond)     S(cho)   S(metal)  DE(clash)   DE(tors)     intcor
     51.60     -51.79       0.00       0.00       0.00       0.00       0.12       0.04

--------------------------------------------------------------------------------
--- PLP analysis of protein-ligand interactions                              ---
--------------------------------------------------------------------------------
hydrogen bonding        :       0.00
metal                   :       0.00
buried (polar-nonpolar) :      -4.04
nonpolar                :     -47.97
repulsive               :       0.24
--------------------------------------------------------------------------------


--------------------------------------------------------------------------------
--- ChemScore analysis of protein-ligand interactions                        ---
--------------------------------------------------------------------------------

* Hydrogen bonds                                                                


* CH..O interactions                                                            
  CH group selection                       : activated ring CH (adjacent to hetatom)

--------------------------------------------------------------------------------


--------------------------------------------------------------------------------
--- Intra-ligand clashes                                                     ---
--------------------------------------------------------------------------------

Ligand
--------------------------------------------------------------------------------


--------------------------------------------------------------------------------
--- Chromosome decoded                                                       ---
--------------------------------------------------------------------------------
Ligand Torsions
[   1    2    3    4]  -66.63
[  17   16   15   14]   62.49
Mapping
Ligand acceptors to protein hydrogens (mapping then atom ids)
Ligand shape atoms to protein points (mapping then atom ids & coords)
  1  2837 [  1->(-38.000   5.750   2.500)]
  2  2554 [  4->(-38.250   6.250   3.750)]
  3  1858 [  5->(-39.000   6.250   4.500)]
  5  1359 [ 10->(-41.250  11.250   9.000)]
 15  3699 [ 24->(-37.500   9.000   3.250)]
Chromosome values
Integers:
  -1   -1 2836 2553 1857   -1 1358   -1   -1   -1   -1   -1 
  -1   -1   -1   -1 3698 
--------------------------------------------------------------------------------

Current Ranking  4  1  2  5  3

--------------------------------------------------------------------------------

* GA execution time :                                                           
  total  1.9998 user  1.9998 sys  0.0000

--------------------------------------------------------------------------------
Fitness function evaluations: 76450

--------------------------------------------------------------------------------
** Docking run number  6 **
--------------------------------------------------------------------------------
  Rank fitness base is 5000.00 ; increment is 11.2233

* Initialising population(s) ...                                                
Number of constraints mappings 0
Number of constraints 0
  Population no.                           :      1
  Population size                          :    100
  Number of duplicates                     :      0
  Number of niche violations               :      0
  Number of errors                         :    456

Number of constraints mappings 0
Number of constraints 0
  Population no.                           :      2
  Population size                          :    100
  Number of duplicates                     :      0
  Number of niche violations               :      0
  Number of errors                         :    454

Number of constraints mappings 0
Number of constraints 0
  Population no.                           :      3
  Population size                          :    100
  Number of duplicates                     :      0
  Number of niche violations               :      0
  Number of errors                         :    451

Number of constraints mappings 0
Number of constraints 0
  Population no.                           :      4
  Population size                          :    100
  Number of duplicates                     :      0
  Number of niche violations               :      0
  Number of errors                         :    465


Doing GA, no. of population(s) 4 size 100 selection pressure 1.100000

 Operation      Score     S(PLP)   S(hbond)     S(cho)   S(metal)  DE(clash)   DE(tors)     intcor
         0      20.36     -21.05       0.00       0.00       0.00       0.00       0.37       0.04
       664      22.14     -23.22       0.00       0.00       0.00       0.00       0.56       0.04
       808      27.23     -27.31       0.00       0.00       0.00       0.00       0.06       0.04
      1096      35.06     -35.64       0.00       0.00       0.00       0.00       0.31       0.04
      3452      35.73     -36.58       0.00       0.00       0.00       0.00       0.45       0.04
      3732      36.16     -37.02       0.00       0.00       0.00       0.00       0.45       0.04
      3928      36.49     -37.19       0.00       0.00       0.00       0.00       0.37       0.04
      4884      36.83     -37.53       0.00       0.00       0.00       0.00       0.37       0.04
      4928      37.49     -37.81       0.00       0.00       0.00       0.00       0.18       0.04
      5396      40.01     -40.32       0.00       0.00       0.00       0.00       0.18       0.04
      6436      40.06     -40.47       0.00       0.00       0.00       0.00       0.22       0.04
      7155      41.34     -47.67       0.00       0.00       0.00       3.45       1.46       0.04
      8378      42.00     -48.33       0.00       0.00       0.00       3.45       1.46       0.04
      8661      42.08     -46.49       0.00       0.00       0.00       2.11       1.17       0.04
      8701      44.44     -48.86       0.00       0.00       0.00       2.11       1.17       0.04
     11589      45.08     -46.12       0.00       0.00       0.00       0.00       0.54       0.04
     12199      45.97     -47.21       0.00       0.00       0.00       0.00       0.64       0.04
     12417      46.18     -47.62       0.00       0.00       0.00       0.00       0.74       0.04
     13618      46.44     -47.64       0.00       0.00       0.00       0.00       0.62       0.04
     14862      46.58     -47.98       0.00       0.00       0.00       0.00       0.72       0.04
     15354      46.60     -47.50       0.00       0.00       0.00       0.00       0.47       0.04
     17487      46.62     -47.92       0.00       0.00       0.00       0.00       0.67       0.04
     17869      47.00     -49.60       0.00       0.00       0.00       0.92       0.86       0.04
     18027      47.11     -47.92       0.00       0.00       0.00       0.00       0.42       0.04
     18811      47.27     -48.71       0.00       0.00       0.00       0.00       0.74       0.04
     19305      47.54     -49.19       0.00       0.00       0.00       0.00       0.84       0.04
     19479      48.62     -50.09       0.00       0.00       0.00       0.00       0.75       0.04
     25002      50.12     -51.07       0.00       0.00       0.00       0.00       0.50       0.04
     41142      50.14     -51.09       0.00       0.00       0.00       0.00       0.49       0.04
     42395      50.23     -51.09       0.00       0.00       0.00       0.00       0.45       0.04
     43379      50.27     -51.12       0.00       0.00       0.00       0.00       0.45       0.04
     43576      50.61     -51.56       0.00       0.00       0.00       0.00       0.50       0.04
--------------------------------------------------------------------------------
Best docking solution after GA:
     45250      50.61     -51.56       0.00       0.00       0.00       0.00       0.50       0.04

#ops:      45250 #mutates:  21482 #cross:    21552 #migrate:   2216 
#dups:     16876 #niche:    14973 #errors:    1785 
--------------------------------------------------------------------------------

Doing AMOEBA simplex on best individual
Done simplexing #iterations 362, best score  55.66

Ligand is stored in gold_soln_CHEMBL93240_m1_6.mol2


--------------------------------------------------------------------------------
--- CHEMPLP breakdown of terms                                               ---
--------------------------------------------------------------------------------
CHEMPLP = - ( 1.0000*S(PLP) + -3.0000*S(hbond) + -6.0000*S(metal) + -3.0000*S(cho) )

Score = CHEMPLP - 1.0000*DE(clash) - 2.0000*DE(tors)

Internal energy term has been corrected with the best internal energy encountered.

--------------------------------------------------------------------------------


     Score     S(PLP)   S(hbond)     S(cho)   S(metal)  DE(clash)   DE(tors)     intcor
     55.66     -56.55       0.00       0.00       0.00       0.00       0.46       0.04

--------------------------------------------------------------------------------
--- PLP analysis of protein-ligand interactions                              ---
--------------------------------------------------------------------------------
hydrogen bonding        :       0.00
metal                   :       0.00
buried (polar-nonpolar) :      -5.81
nonpolar                :     -52.07
repulsive               :       0.26
--------------------------------------------------------------------------------


--------------------------------------------------------------------------------
--- ChemScore analysis of protein-ligand interactions                        ---
--------------------------------------------------------------------------------

* Hydrogen bonds                                                                


* CH..O interactions                                                            
  CH group selection                       : activated ring CH (adjacent to hetatom)

--------------------------------------------------------------------------------


--------------------------------------------------------------------------------
--- Intra-ligand clashes                                                     ---
--------------------------------------------------------------------------------

Ligand
--------------------------------------------------------------------------------


--------------------------------------------------------------------------------
--- Chromosome decoded                                                       ---
--------------------------------------------------------------------------------
Ligand Torsions
[   1    2    3    4]  -58.76
[  17   16   15   14]   37.91
Mapping
Ligand acceptors to protein hydrogens (mapping then atom ids)
Ligand shape atoms to protein points (mapping then atom ids & coords)
  2  3796 [  4->(-37.500  19.250   5.250)]
  3  6842 [  5->(-35.750  17.750   6.250)]
  4  1944 [  9->(-39.000  13.000   5.500)]
  5  1954 [ 10->(-39.000  13.500   5.000)]
  7  2169 [ 12->(-38.750  12.750   5.500)]
 11  9566 [ 18->(-33.500  14.250   4.750)]
 14  9812 [ 22->(-33.000  14.000   5.000)]
Chromosome values
Integers:
  -1   -1   -1 3795 6841 1943 1953   -1 2168   -1   -1   -1 
9565   -1   -1 9811   -1 
--------------------------------------------------------------------------------

Current Ranking  4  1  2  6  5  3

--------------------------------------------------------------------------------

* GA execution time :                                                           
  total  1.9999 user  1.9999 sys  0.0000

--------------------------------------------------------------------------------
Fitness function evaluations: 76516

--------------------------------------------------------------------------------
** Docking run number  7 **
--------------------------------------------------------------------------------
  Rank fitness base is 5000.00 ; increment is 11.2233

* Initialising population(s) ...                                                
Number of constraints mappings 0
Number of constraints 0
  Population no.                           :      1
  Population size                          :    100
  Number of duplicates                     :      0
  Number of niche violations               :      0
  Number of errors                         :    452

Number of constraints mappings 0
Number of constraints 0
  Population no.                           :      2
  Population size                          :    100
  Number of duplicates                     :      0
  Number of niche violations               :      0
  Number of errors                         :    442

Number of constraints mappings 0
Number of constraints 0
  Population no.                           :      3
  Population size                          :    100
  Number of duplicates                     :      0
  Number of niche violations               :      0
  Number of errors                         :    416

Number of constraints mappings 0
Number of constraints 0
  Population no.                           :      4
  Population size                          :    100
  Number of duplicates                     :      0
  Number of niche violations               :      0
  Number of errors                         :    440


Doing GA, no. of population(s) 4 size 100 selection pressure 1.100000

 Operation      Score     S(PLP)   S(hbond)     S(cho)   S(metal)  DE(clash)   DE(tors)     intcor
         0      25.51     -27.75       0.00       0.00       0.00       1.02       0.63       0.04
       659      30.21     -30.91       0.00       0.00       0.00       0.00       0.37       0.04
      1809      30.43     -35.50       0.00       0.00       0.00       2.85       1.13       0.04
      2119      35.90     -37.06       0.00       0.00       0.00       0.00       0.60       0.04
      4682      36.45     -36.59       0.00       0.00       0.00       0.00       0.09       0.04
      4722      37.95     -38.17       0.00       0.00       0.00       0.00       0.13       0.04
      5298      39.92     -54.15       0.00       0.00       0.00      12.87       0.70       0.04
      6221      40.40     -40.62       0.00       0.00       0.00       0.00       0.13       0.04
      6298      40.71     -53.30       0.00       0.00       0.00      11.84       0.39       0.04
      6998      41.22     -56.03       0.00       0.00       0.00      12.87       0.99       0.04
      8473      41.87     -54.71       0.00       0.00       0.00      11.99       0.44       0.04
      8901      42.61     -55.20       0.00       0.00       0.00      11.45       0.59       0.04
      9366      42.73     -55.63       0.00       0.00       0.00      11.99       0.47       0.04
     10418      45.72     -46.89       0.00       0.00       0.00       0.28       0.46       0.04
     12985      45.94     -48.48       0.00       0.00       0.00       0.92       0.83       0.04
     14121      47.78     -48.96       0.00       0.00       0.00       0.00       0.61       0.04
     17009      48.74     -48.92       0.00       0.00       0.00       0.00       0.11       0.04
     19938      48.90     -48.92       0.00       0.00       0.00       0.00       0.03       0.04
     24793      48.96     -49.55       0.00       0.00       0.00       0.00       0.31       0.04
     27500      50.38     -50.77       0.00       0.00       0.00       0.00       0.22       0.04
     30919      50.62     -50.89       0.00       0.00       0.00       0.00       0.16       0.04
     33611      51.00     -51.21       0.00       0.00       0.00       0.00       0.12       0.04
--------------------------------------------------------------------------------
Best docking solution after GA:
     45250      51.00     -51.21       0.00       0.00       0.00       0.00       0.12       0.04

#ops:      45250 #mutates:  21347 #cross:    21653 #migrate:   2250 
#dups:     10825 #niche:    12497 #errors:    2287 
--------------------------------------------------------------------------------

Doing AMOEBA simplex on best individual
Done simplexing #iterations 449, best score  54.30

Ligand is stored in gold_soln_CHEMBL93240_m1_7.mol2


--------------------------------------------------------------------------------
--- CHEMPLP breakdown of terms                                               ---
--------------------------------------------------------------------------------
CHEMPLP = - ( 1.0000*S(PLP) + -3.0000*S(hbond) + -6.0000*S(metal) + -3.0000*S(cho) )

Score = CHEMPLP - 1.0000*DE(clash) - 2.0000*DE(tors)

Internal energy term has been corrected with the best internal energy encountered.

--------------------------------------------------------------------------------


     Score     S(PLP)   S(hbond)     S(cho)   S(metal)  DE(clash)   DE(tors)     intcor
     54.30     -54.82       0.00       0.00       0.00       0.00       0.28       0.04

--------------------------------------------------------------------------------
--- PLP analysis of protein-ligand interactions                              ---
--------------------------------------------------------------------------------
hydrogen bonding        :       0.00
metal                   :       0.00
buried (polar-nonpolar) :      -5.96
nonpolar                :     -48.14
repulsive               :       0.24
--------------------------------------------------------------------------------


--------------------------------------------------------------------------------
--- ChemScore analysis of protein-ligand interactions                        ---
--------------------------------------------------------------------------------

* Hydrogen bonds                                                                


* CH..O interactions                                                            
  CH group selection                       : activated ring CH (adjacent to hetatom)

--------------------------------------------------------------------------------


--------------------------------------------------------------------------------
--- Intra-ligand clashes                                                     ---
--------------------------------------------------------------------------------

Ligand
--------------------------------------------------------------------------------


--------------------------------------------------------------------------------
--- Chromosome decoded                                                       ---
--------------------------------------------------------------------------------
Ligand Torsions
[   1    2    3    4]   -6.35
[  17   16   15   14]   46.68
Mapping
Ligand acceptors to protein hydrogens (mapping then atom ids)
Ligand shape atoms to protein points (mapping then atom ids & coords)
  1  3890 [  1->(-37.500  21.000   6.250)]
  4  1951 [  9->(-39.000  13.250   5.500)]
  6  1946 [ 11->(-39.000  13.000   6.000)]
  8  6242 [ 14->(-36.000  15.250   6.250)]
 13  9562 [ 21->(-33.500  14.000   4.500)]
 14  9869 [ 22->(-32.750  14.250   4.500)]
Chromosome values
Integers:
  -1   -1 3889   -1   -1 1950   -1 1945   -1 6241   -1   -1 
  -1   -1 9561 9868   -1 
--------------------------------------------------------------------------------

Current Ranking  4  1  2  6  7  5  3

--------------------------------------------------------------------------------

* GA execution time :                                                           
  total  1.0009 user  1.0008 sys  0.0001

--------------------------------------------------------------------------------
Fitness function evaluations: 78041

--------------------------------------------------------------------------------
** Docking run number  8 **
--------------------------------------------------------------------------------
  Rank fitness base is 5000.00 ; increment is 11.2233

* Initialising population(s) ...                                                
Number of constraints mappings 0
Number of constraints 0
  Population no.                           :      1
  Population size                          :    100
  Number of duplicates                     :      0
  Number of niche violations               :      0
  Number of errors                         :    446

Number of constraints mappings 0
Number of constraints 0
  Population no.                           :      2
  Population size                          :    100
  Number of duplicates                     :      0
  Number of niche violations               :      0
  Number of errors                         :    444

Number of constraints mappings 0
Number of constraints 0
  Population no.                           :      3
  Population size                          :    100
  Number of duplicates                     :      0
  Number of niche violations               :      0
  Number of errors                         :    401

Number of constraints mappings 0
Number of constraints 0
  Population no.                           :      4
  Population size                          :    100
  Number of duplicates                     :      0
  Number of niche violations               :      0
  Number of errors                         :    397


Doing GA, no. of population(s) 4 size 100 selection pressure 1.100000

 Operation      Score     S(PLP)   S(hbond)     S(cho)   S(metal)  DE(clash)   DE(tors)     intcor
         0      31.87     -33.20       0.00       0.00       0.00       0.00       0.68       0.04
       809      36.32     -37.20       0.00       0.00       0.00       0.00       0.46       0.04
      1499      40.79     -41.46       0.00       0.00       0.00       0.00       0.36       0.04
      4270      41.01     -41.90       0.00       0.00       0.00       0.00       0.46       0.04
      6550      41.69     -41.75       0.00       0.00       0.00       0.00       0.05       0.04
      7223      44.05     -45.08       0.00       0.00       0.00       0.00       0.53       0.04
      9183      47.70     -48.73       0.00       0.00       0.00       0.00       0.53       0.04
     10229      47.73     -48.94       0.00       0.00       0.00       0.00       0.62       0.04
     11239      48.39     -49.42       0.00       0.00       0.00       0.00       0.53       0.04
     12434      49.08     -49.92       0.00       0.00       0.00       0.00       0.44       0.04
     13311      49.26     -50.29       0.00       0.00       0.00       0.00       0.53       0.04
     14878      49.79     -50.63       0.00       0.00       0.00       0.00       0.44       0.04
     16282      49.96     -50.99       0.00       0.00       0.00       0.00       0.53       0.04
     16382      52.20     -53.23       0.00       0.00       0.00       0.00       0.53       0.04
     16690      53.35     -54.19       0.00       0.00       0.00       0.00       0.44       0.04
     19669      53.53     -54.15       0.00       0.00       0.00       0.00       0.33       0.04
     23719      53.88     -54.72       0.00       0.00       0.00       0.00       0.44       0.04
     26969      53.89     -54.61       0.00       0.00       0.00       0.00       0.38       0.04
     30559      53.90     -54.57       0.00       0.00       0.00       0.00       0.35       0.04
     34339      53.91     -54.52       0.00       0.00       0.00       0.00       0.33       0.04
     43286      53.97     -54.79       0.00       0.00       0.00       0.00       0.43       0.04
     44694      54.18     -55.06       0.00       0.00       0.00       0.00       0.46       0.04
--------------------------------------------------------------------------------
Best docking solution after GA:
     45250      54.18     -55.06       0.00       0.00       0.00       0.00       0.46       0.04

#ops:      45250 #mutates:  21547 #cross:    21568 #migrate:   2135 
#dups:     11360 #niche:    14203 #errors:    1647 
--------------------------------------------------------------------------------

Doing AMOEBA simplex on best individual
Done simplexing #iterations 285, best score  55.36

Ligand is stored in gold_soln_CHEMBL93240_m1_8.mol2


--------------------------------------------------------------------------------
--- CHEMPLP breakdown of terms                                               ---
--------------------------------------------------------------------------------
CHEMPLP = - ( 1.0000*S(PLP) + -3.0000*S(hbond) + -6.0000*S(metal) + -3.0000*S(cho) )

Score = CHEMPLP - 1.0000*DE(clash) - 2.0000*DE(tors)

Internal energy term has been corrected with the best internal energy encountered.

--------------------------------------------------------------------------------


     Score     S(PLP)   S(hbond)     S(cho)   S(metal)  DE(clash)   DE(tors)     intcor
     55.36     -55.82       0.00       0.00       0.00       0.00       0.25       0.04

--------------------------------------------------------------------------------
--- PLP analysis of protein-ligand interactions                              ---
--------------------------------------------------------------------------------
hydrogen bonding        :       0.00
metal                   :       0.00
buried (polar-nonpolar) :      -6.71
nonpolar                :     -49.45
repulsive               :       0.25
--------------------------------------------------------------------------------


--------------------------------------------------------------------------------
--- ChemScore analysis of protein-ligand interactions                        ---
--------------------------------------------------------------------------------

* Hydrogen bonds                                                                


* CH..O interactions                                                            
  CH group selection                       : activated ring CH (adjacent to hetatom)

--------------------------------------------------------------------------------


--------------------------------------------------------------------------------
--- Intra-ligand clashes                                                     ---
--------------------------------------------------------------------------------

Ligand
--------------------------------------------------------------------------------


--------------------------------------------------------------------------------
--- Chromosome decoded                                                       ---
--------------------------------------------------------------------------------
Ligand Torsions
[   1    2    3    4]  -49.20
[  17   16   15   14]   46.31
Mapping
Ligand acceptors to protein hydrogens (mapping then atom ids)
Ligand shape atoms to protein points (mapping then atom ids & coords)
  1  9453 [  1->(-33.750  21.500   6.250)]
  2  3774 [  4->(-37.500  18.750   5.250)]
  4  2181 [  9->(-38.750  13.250   5.000)]
  5  2166 [ 10->(-38.750  12.750   4.750)]
  8  4928 [ 14->(-36.750  15.250   6.250)]
  9  9017 [ 15->(-34.250  16.000   6.000)]
 13  8988 [ 21->(-34.250  15.000   5.000)]
 14  8986 [ 22->(-34.250  15.000   4.500)]
 15  7656 [ 24->(-35.250  16.750   6.500)]
Chromosome values
Integers:
  -1   -1 9452 3773   -1 2180 2165   -1   -1 4927 9016   -1 
  -1   -1 8987 8985 7655 
--------------------------------------------------------------------------------

Current Ranking  4  1  2  6  8  7  5  3

--------------------------------------------------------------------------------

* GA execution time :                                                           
  total  1.9999 user  1.9999 sys  0.0000

--------------------------------------------------------------------------------
Fitness function evaluations: 77585

--------------------------------------------------------------------------------
** Docking run number  9 **
--------------------------------------------------------------------------------
  Rank fitness base is 5000.00 ; increment is 11.2233

* Initialising population(s) ...                                                
Number of constraints mappings 0
Number of constraints 0
  Population no.                           :      1
  Population size                          :    100
  Number of duplicates                     :      0
  Number of niche violations               :      0
  Number of errors                         :    417

Number of constraints mappings 0
Number of constraints 0
  Population no.                           :      2
  Population size                          :    100
  Number of duplicates                     :      0
  Number of niche violations               :      0
  Number of errors                         :    451

Number of constraints mappings 0
Number of constraints 0
  Population no.                           :      3
  Population size                          :    100
  Number of duplicates                     :      0
  Number of niche violations               :      0
  Number of errors                         :    408

Number of constraints mappings 0
Number of constraints 0
  Population no.                           :      4
  Population size                          :    100
  Number of duplicates                     :      0
  Number of niche violations               :      0
  Number of errors                         :    432


Doing GA, no. of population(s) 4 size 100 selection pressure 1.100000

 Operation      Score     S(PLP)   S(hbond)     S(cho)   S(metal)  DE(clash)   DE(tors)     intcor
         0      21.00     -21.46       0.00       0.00       0.00       0.00       0.25       0.04
       542      22.96     -23.26       0.00       0.00       0.00       0.00       0.17       0.04
       768      30.11     -31.08       0.00       0.00       0.00       0.00       0.50       0.04
      1085      36.08     -42.11       0.00       0.00       0.00       3.06       1.50       0.04
      1731      41.53     -41.84       0.00       0.00       0.00       0.00       0.17       0.04
      4309      41.93     -42.60       0.00       0.00       0.00       0.00       0.35       0.04
      4485      43.53     -44.60       0.00       0.00       0.00       0.00       0.55       0.04
      4849      44.10     -45.50       0.00       0.00       0.00       0.00       0.72       0.04
      6009      46.45     -47.51       0.00       0.00       0.00       0.00       0.55       0.04
      6429      46.78     -50.32       0.00       0.00       0.00       1.24       1.16       0.04
      6493      47.66     -49.47       0.00       0.00       0.00       0.00       0.92       0.04
      7093      48.23     -49.65       0.00       0.00       0.00       0.00       0.73       0.04
      7461      48.81     -49.85       0.00       0.00       0.00       0.00       0.54       0.04
      8446      49.86     -50.15       0.00       0.00       0.00       0.00       0.16       0.04
      8757      50.09     -53.62       0.00       0.00       0.00       1.24       1.16       0.04
     11607      50.37     -51.98       0.00       0.00       0.00       0.00       0.82       0.04
     11761      51.14     -52.81       0.00       0.00       0.00       0.00       0.85       0.04
     12613      52.38     -53.25       0.00       0.00       0.00       0.00       0.45       0.04
     14049      52.59     -53.51       0.00       0.00       0.00       0.00       0.48       0.04
     14285      53.75     -54.41       0.00       0.00       0.00       0.00       0.35       0.04
     15529      53.87     -54.74       0.00       0.00       0.00       0.00       0.45       0.04
     16017      53.92     -54.58       0.00       0.00       0.00       0.00       0.35       0.04
     16074      54.08     -55.00       0.00       0.00       0.00       0.00       0.48       0.04
     17773      54.13     -55.00       0.00       0.00       0.00       0.00       0.45       0.04
     18570      54.31     -55.15       0.00       0.00       0.00       0.00       0.44       0.04
     23877      54.31     -55.04       0.00       0.00       0.00       0.00       0.38       0.04
     25593      54.41     -55.58       0.00       0.00       0.00       0.00       0.61       0.04
     29065      54.44     -55.14       0.00       0.00       0.00       0.00       0.36       0.04
     31950      54.78     -55.68       0.00       0.00       0.00       0.00       0.47       0.04
     40697      55.17     -55.63       0.00       0.00       0.00       0.00       0.25       0.04
     42601      55.34     -55.88       0.00       0.00       0.00       0.00       0.29       0.04
     42933      55.34     -56.06       0.00       0.00       0.00       0.00       0.38       0.04
     44185      55.35     -56.02       0.00       0.00       0.00       0.00       0.35       0.04
     44321      55.39     -56.08       0.00       0.00       0.00       0.00       0.36       0.04
     44625      55.46     -56.09       0.00       0.00       0.00       0.00       0.33       0.04
--------------------------------------------------------------------------------
Best docking solution after GA:
     45250      55.46     -56.09       0.00       0.00       0.00       0.00       0.33       0.04

#ops:      45250 #mutates:  21454 #cross:    21560 #migrate:   2236 
#dups:     13102 #niche:    15844 #errors:    1480 
--------------------------------------------------------------------------------

Doing AMOEBA simplex on best individual
Done simplexing #iterations 289, best score  55.99

Ligand is stored in gold_soln_CHEMBL93240_m1_9.mol2


--------------------------------------------------------------------------------
--- CHEMPLP breakdown of terms                                               ---
--------------------------------------------------------------------------------
CHEMPLP = - ( 1.0000*S(PLP) + -3.0000*S(hbond) + -6.0000*S(metal) + -3.0000*S(cho) )

Score = CHEMPLP - 1.0000*DE(clash) - 2.0000*DE(tors)

Internal energy term has been corrected with the best internal energy encountered.

--------------------------------------------------------------------------------


     Score     S(PLP)   S(hbond)     S(cho)   S(metal)  DE(clash)   DE(tors)     intcor
     55.99     -56.54       0.00       0.00       0.00       0.00       0.30       0.04

--------------------------------------------------------------------------------
--- PLP analysis of protein-ligand interactions                              ---
--------------------------------------------------------------------------------
hydrogen bonding        :       0.00
metal                   :       0.00
buried (polar-nonpolar) :      -6.19
nonpolar                :     -50.60
repulsive               :       0.25
--------------------------------------------------------------------------------


--------------------------------------------------------------------------------
--- ChemScore analysis of protein-ligand interactions                        ---
--------------------------------------------------------------------------------

* Hydrogen bonds                                                                


* CH..O interactions                                                            
  CH group selection                       : activated ring CH (adjacent to hetatom)

--------------------------------------------------------------------------------


--------------------------------------------------------------------------------
--- Intra-ligand clashes                                                     ---
--------------------------------------------------------------------------------

Ligand
--------------------------------------------------------------------------------


--------------------------------------------------------------------------------
--- Chromosome decoded                                                       ---
--------------------------------------------------------------------------------
Ligand Torsions
[   1    2    3    4]  -52.48
[  17   16   15   14]   43.35
Mapping
Ligand acceptors to protein hydrogens (mapping then atom ids)
Ligand shape atoms to protein points (mapping then atom ids & coords)
  2  5963 [  4->(-36.250  19.250   6.500)]
  3  5492 [  5->(-36.500  18.250   5.000)]
  4  2181 [  9->(-38.750  13.250   5.000)]
  5  1949 [ 10->(-39.000  13.250   5.000)]
  9  6239 [ 15->(-36.000  15.250   5.500)]
 13  9706 [ 21->(-33.250  14.500   4.500)]
 14  9572 [ 22->(-33.500  14.750   4.500)]
 15  5907 [ 24->(-36.250  17.750   6.000)]
Chromosome values
Integers:
  -1   -1   -1 5962 5491 2180 1948   -1   -1   -1 6238   -1 
  -1   -1 9705 9571 5906 
--------------------------------------------------------------------------------

Current Ranking  4  1  9  2  6  8  7  5  3

--------------------------------------------------------------------------------

* GA execution time :                                                           
  total  1.9999 user  1.9998 sys  0.0001

--------------------------------------------------------------------------------
Fitness function evaluations: 75810

--------------------------------------------------------------------------------
** Docking run number 10 **
--------------------------------------------------------------------------------
  Rank fitness base is 5000.00 ; increment is 11.2233

* Initialising population(s) ...                                                
Number of constraints mappings 0
Number of constraints 0
  Population no.                           :      1
  Population size                          :    100
  Number of duplicates                     :      0
  Number of niche violations               :      0
  Number of errors                         :    449

Number of constraints mappings 0
Number of constraints 0
  Population no.                           :      2
  Population size                          :    100
  Number of duplicates                     :      0
  Number of niche violations               :      0
  Number of errors                         :    410

Number of constraints mappings 0
Number of constraints 0
  Population no.                           :      3
  Population size                          :    100
  Number of duplicates                     :      0
  Number of niche violations               :      0
  Number of errors                         :    434

Number of constraints mappings 0
Number of constraints 0
  Population no.                           :      4
  Population size                          :    100
  Number of duplicates                     :      0
  Number of niche violations               :      0
  Number of errors                         :    442


Doing GA, no. of population(s) 4 size 100 selection pressure 1.100000

 Operation      Score     S(PLP)   S(hbond)     S(cho)   S(metal)  DE(clash)   DE(tors)     intcor
         0      46.90     -50.70       0.00       0.00       0.00       1.55       1.15       0.04
      1269      47.84     -51.30       0.00       0.00       0.00       1.55       0.97       0.04
      3613      48.07     -51.38       0.00       0.00       0.00       1.55       0.90       0.04
      4372      49.34     -51.40       0.00       0.00       0.00       0.25       0.93       0.04
      5456      49.67     -51.39       0.00       0.00       0.00       0.00       0.87       0.04
      9664      49.92     -51.63       0.00       0.00       0.00       0.00       0.87       0.04
     10933      50.95     -52.50       0.00       0.00       0.00       0.25       0.67       0.04
     24780      51.25     -52.78       0.00       0.00       0.00       0.25       0.66       0.04
     25450      51.72     -53.26       0.00       0.00       0.00       0.25       0.67       0.04
     40561      52.08     -53.64       0.00       0.00       0.00       0.25       0.67       0.04
     44220      52.13     -53.67       0.00       0.00       0.00       0.25       0.66       0.04
     44455      52.43     -53.60       0.00       0.00       0.00       0.00       0.61       0.04
     44655      52.45     -53.62       0.00       0.00       0.00       0.00       0.60       0.04
--------------------------------------------------------------------------------
Best docking solution after GA:
     45250      52.45     -53.62       0.00       0.00       0.00       0.00       0.60       0.04

#ops:      45250 #mutates:  21350 #cross:    21643 #migrate:   2257 
#dups:     12583 #niche:    12958 #errors:    1593 
--------------------------------------------------------------------------------

Doing AMOEBA simplex on best individual
Done simplexing #iterations 371, best score  55.81

Ligand is stored in gold_soln_CHEMBL93240_m1_10.mol2


--------------------------------------------------------------------------------
--- CHEMPLP breakdown of terms                                               ---
--------------------------------------------------------------------------------
CHEMPLP = - ( 1.0000*S(PLP) + -3.0000*S(hbond) + -6.0000*S(metal) + -3.0000*S(cho) )

Score = CHEMPLP - 1.0000*DE(clash) - 2.0000*DE(tors)

Internal energy term has been corrected with the best internal energy encountered.

--------------------------------------------------------------------------------


     Score     S(PLP)   S(hbond)     S(cho)   S(metal)  DE(clash)   DE(tors)     intcor
     55.81     -56.55       0.00       0.00       0.00       0.00       0.39       0.04

--------------------------------------------------------------------------------
--- PLP analysis of protein-ligand interactions                              ---
--------------------------------------------------------------------------------
hydrogen bonding        :       0.00
metal                   :       0.00
buried (polar-nonpolar) :      -5.67
nonpolar                :     -51.26
repulsive               :       0.25
--------------------------------------------------------------------------------


--------------------------------------------------------------------------------
--- ChemScore analysis of protein-ligand interactions                        ---
--------------------------------------------------------------------------------

* Hydrogen bonds                                                                


* CH..O interactions                                                            
  CH group selection                       : activated ring CH (adjacent to hetatom)

--------------------------------------------------------------------------------


--------------------------------------------------------------------------------
--- Intra-ligand clashes                                                     ---
--------------------------------------------------------------------------------

Ligand
--------------------------------------------------------------------------------


--------------------------------------------------------------------------------
--- Chromosome decoded                                                       ---
--------------------------------------------------------------------------------
Ligand Torsions
[   1    2    3    4]  -58.46
[  17   16   15   14]   40.00
Mapping
Ligand acceptors to protein hydrogens (mapping then atom ids)
Ligand shape atoms to protein points (mapping then atom ids & coords)
  1  8820 [  1->(-34.500  20.250   6.500)]
  2  6896 [  4->(-35.750  19.250   5.750)]
  5  2174 [ 10->(-38.750  13.000   5.000)]
  9  7558 [ 15->(-35.250  15.250   5.750)]
 14  8727 [ 22->(-34.500  15.000   5.000)]
Chromosome values
Integers:
  -1   -1 8819 6895   -1   -1 2173   -1   -1   -1 7557   -1 
  -1   -1   -1 8726   -1 
--------------------------------------------------------------------------------

Current Ranking  4  1  9  2 10  6  8  7  5  3

--------------------------------------------------------------------------------

* GA execution time :                                                           
  total  2.0000 user  1.9999 sys  0.0001

--------------------------------------------------------------------------------
Fitness function evaluations: 77706

--------------------------------------------------------------------------------
--- Ranking analysis                                                         ---
--------------------------------------------------------------------------------


* Final ranked order of GA solutions:                                           
   4  1  9  2 10  6  8  7  5  3 

  _______________________________
  RMSD Matrix of RANKED solutions

        2    3    4    5    6    7    8    9   10  

   1 :  0.1  9.5  9.5  9.5  9.5  9.5  9.4  5.3  6.7
   2 :       9.5  9.5  9.5  9.5  9.5  9.4  5.3  6.7
   3 :            0.0  0.1  0.2  0.1  0.4  8.0  6.3
   4 :                 0.1  0.2  0.1  0.4  8.0  6.3
   5 :                      0.1  0.2  0.4  8.0  6.3
   6 :                           0.3  0.5  8.0  6.3
   7 :                                0.4  8.0  6.3
   8 :                                     7.9  6.3
   9 :                                          5.8

  Clustering method                        : complete linkage
  Structure ids in cluster table           : rank nos.
  Ordering of clusters and their members   : by rank (order if from rms_analysis)

  Distance | Clusters
   0.04    |  1 |  2 |  3  4 |  5 |  6 |  7 |  8 |  9 | 10 |
   0.07    |  1 |  2 |  3  4  5 |  6 |  7 |  8 |  9 | 10 |
   0.08    |  1  2 |  3  4  5 |  6 |  7 |  8 |  9 | 10 |
   0.17    |  1  2 |  3  4  5  7 |  6 |  8 |  9 | 10 |
   0.26    |  1  2 |  3  4  5  6  7 |  8 |  9 | 10 |
   0.52    |  1  2 |  3  4  5  6  7  8 |  9 | 10 |
   5.34    |  1  2  9 |  3  4  5  6  7  8 | 10 |
   6.34    |  1  2  9 |  3  4  5  6  7  8 10 |
   9.52    |  1  2  3  4  5  6  7  8  9 10 |
  Finished Docking Ligand                  : E:/CHEMBL93240.mol2
--------------------------------------------------------------------------------

  Relative_Ligand_Energy (best encountered) :   0.037
  Relative_Ligand_Energy: fitness values have been corrected using this amount
