# WARNING: atom    2 in /home/mateusz/Kasia/zajecia/dokowanie-karolina/ligandy/2y02.mol2 is type  N.ar resetting to type  N.am (set_atom_type)
# WARNING: bond    5 in /home/mateusz/Kasia/zajecia/dokowanie-karolina/ligandy/2y02.mol2 is type  ar resetting to type  am (set_bond_type)

--------------------------------------------------------------------------------
--- Ligand                                                                   ---
--------------------------------------------------------------------------------
  Ligand loaded from file                  : /home/mateusz/Kasia/zajecia/dokowanie-karolina/ligandy/2y02.mol2
  Ligand name                              :  
  "C:\Users\porto\OneDrive\projekt\beta1\ligandy\L_2y02.pdb L_2y02.pdb 1    "

--------------------------------------------------------------------------------
  N.plc donors                             : 
  none found

  Acidic nitrogen acceptors                : 
  none found
  Sulfur acceptors                         :
  none found


  Donor atoms                              :      4
  2   5   6   10  
  Acceptor atoms                           :      5
  3   5   6   8   10  

  Hydrogens                                :  (n = 4)
  29   30   31   33   

  Lone pairs added to molecule             :      9
  Numbering                                : from 52 to 60

--------------------------------------------------------------------------------
--- Postprocessing of typing                                                 ---
--------------------------------------------------------------------------------
  Fragment file                            : /opt/CCDC/GoldSuite_2017/GOLD/gold/rotatable_bond_override.mol2
  acylurea fragment                        : no matches
  thioacylthiourea fragment                : no matches
  acylthiourea fragment                    : no matches
  thioacylurea fragment                    : no matches
  diarylamine fragment >C.ar-NH-C.ar<      : no matches
  sec-amine (1) fragment                   : no matches
  sec-amine (2) fragment                   : no matches
  sec-amine (3) fragment                   : no matches
  carboxylic ester                         : no matches

* Rotatable bonds in /home/mateusz/Kasia/  :
  [   5   18] [   5   17] [   6   12] [   7   16] 
  [   8   24] [  10   16] [  16   17] [  18   20] 
  [  20   21] 
  No. of rotatable bonds                   :      9


* Reading torsional distributions from file:
  /opt/CCDC/GoldSuite_2017/GOLD/gold/gold.tordist
  No. of bins in torsional distributions   :     36
  Minimum size of largest peak             :      0
  Removing high energy torsions            : on
  Delta E set to                           :   2.500

* Fragments found in /home/mateusz/Kasia/  :
  atom   4: benzene
  atom   7: benzene
  atom   9: benzene
  atom  11: benzene
  atom  12: benzene
  atom  13: benzene
  atom  21: benzene
  atom  22: benzene
  atom  23: benzene
  atom  24: benzene
  atom  25: benzene
  atom  26: benzene


* Checking torsion distributions:                                               
  Rotatable bond [25 24  8 27] matches torsion: aromatic methoxy
   C.ar ( 1H ) | C.ar ( C.ar ( 1H ) ) | O.3 | C.3 ( 3H ) 
  Rotatable bond [18 20 21 26] matches torsion: benzyl
   C | C.3 ( 2H ) | C.ar ( ~C.ar ( 1H ) ) | ~C.ar ( 1H ) | expand  0.00 180.00
  No. of matched torsions                  :      2

--------------------------------------------------------------------------------
--- Shape fitting atoms selection (hydrophobic atoms)                        ---
--------------------------------------------------------------------------------
  Molecule                                 : /home/mateusz/Kasia/zajecia/dokowanie-karolina/ligandy/2y02.mol2
  Selection                                : carbons only
  Atom numbers                             :  (n = 14)
  1    9    11   14   16   17   18   19   20   22   
  23   25   26   27   


--------------------------------------------------------------------------------
--- ChemScore ligand setup summary                                           ---
--------------------------------------------------------------------------------
  ChemScore ligand acceptors               :      5
  3 5 6 8 10 
  ChemScore ligand donors                  :      4
  2 ( 29  ) 5 ( 30  ) 6 ( 31  ) 10 ( 33  ) 
  ChemScore ligand CH donors               :      0
  

  ChemScore ligand lipophilic atoms        :  (n = 20)
  1    4    7    9    11   12   13   14   16   17   
  18   19   20   21   22   23   24   25   26   27   
  

  ChemScore ligand rotatable bonds         :      9
  5   (N2 ) - 18  (C12): SP3_SP3_BOND
  5   (N2 ) - 17  (C11): SP3_SP3_BOND
  6   (O2 ) - 12  (C6 ): SP3_SP2_BOND
  7   (C3 ) - 16  (C10): SP3_SP2_BOND
  8   (O3 ) - 24  (C18): SP3_SP2_BOND
  10  (O4 ) - 16  (C10): SP3_SP3_BOND
  16  (C10) - 17  (C11): SP3_SP3_BOND
  18  (C12) - 20  (C14): SP3_SP3_BOND
  20  (C14) - 21  (C15): SP3_SP2_BOND

--------------------------------------------------------------------------------
--- PLP ligand setup summary                                                 ---
--------------------------------------------------------------------------------
    1    C1  C.ar NONPOLAR
    2    N1  N.am DONOR
    3    O1   O.2 ACCEPTOR
    4    C2  C.ar NONPOLAR
    5    N2   N.3 DONACC
    6    O2   O.3 DONACC
    7    C3  C.ar NONPOLAR
    8    O3   O.3 ACCEPTOR
    9    C4  C.ar NONPOLAR
   10    O4   O.3 DONACC
   11    C5  C.ar NONPOLAR
   12    C6  C.ar NONPOLAR
   13    C7  C.ar NONPOLAR
   14    C8  C.ar NONPOLAR
   15    C9  C.ar NONPOLAR
   16   C10   C.3 NONPOLAR
   17   C11   C.3 NONPOLAR
   18   C12   C.3 NONPOLAR
   19   C13   C.3 NONPOLAR
   20   C14   C.3 NONPOLAR
   21   C15  C.ar NONPOLAR
   22   C16  C.ar NONPOLAR
   23   C17  C.ar NONPOLAR
   24   C18  C.ar NONPOLAR
   25   C19  C.ar NONPOLAR
   26   C20  C.ar NONPOLAR
   27   C21   C.3 NONPOLAR

--------------------------------------------------------------------------------
--- Automatic parameter setting                                              ---
--------------------------------------------------------------------------------
  Contribution base                        :   2500
  Contribution per rotatable bond          :   6000
  Contribution per df                      :   4000
  Contribution per water                   :  10000
  Ligand rotatable bonds                   :      9
  Protein flexible side chain bonds        :      0
  Total rotatable bonds                    :      9
  Hydrophobic vol ratio (P/L)              :   1.266
  Base multiplier (polar)                  :   1.800
  Base multiplier (apolar)                 :   3.546
  Base contribution                        : 12500.000
  Fitting points                           :      9
  Estimated maxops needed (optimal)        :  67000

--------------------------------------------------------------------------------

* Population settings                                                           
  maxops                                   :  67000
  popsiz                                   :    100
  select_pressure                          :   1.100
  n_islands                                :      5
  niche_siz                                :      2

* GA settings                                                                   
  pt_crosswt                               :     95
  allele_mutatewt                          :     95
  migratewt                                :     10

* Search settings                                                               
  start_vdw_linear_cutoff                  :   4.000
  initial_virtual_pt_match_max             :   3.000

--------------------------------------------------------------------------------

* Ligand initialisation time :                                                  
  total  0.0303 user  0.0303 sys  0.0000

--------------------------------------------------------------------------------

--------------------------------------------------------------------------------
** Docking run number  1 **
--------------------------------------------------------------------------------
  Rank fitness base is 5000.00 ; increment is 11.2233

* Initialising population(s) ...                                                
Number of constraints mappings 0
Number of constraints 0
  Population no.                           :      1
  Population size                          :    100
  Number of duplicates                     :      0
  Number of niche violations               :      0
  Number of errors                         :     87

Number of constraints mappings 0
Number of constraints 0
  Population no.                           :      2
  Population size                          :    100
  Number of duplicates                     :      0
  Number of niche violations               :      0
  Number of errors                         :     89

Number of constraints mappings 0
Number of constraints 0
  Population no.                           :      3
  Population size                          :    100
  Number of duplicates                     :      0
  Number of niche violations               :      0
  Number of errors                         :    105

Number of constraints mappings 0
Number of constraints 0
  Population no.                           :      4
  Population size                          :    100
  Number of duplicates                     :      0
  Number of niche violations               :      0
  Number of errors                         :     91

Number of constraints mappings 0
Number of constraints 0
  Population no.                           :      5
  Population size                          :    100
  Number of duplicates                     :      0
  Number of niche violations               :      0
  Number of errors                         :     66


Doing GA, no. of population(s) 5 size 100 selection pressure 1.100000

 Operation      Score     S(PLP)   S(hbond)     S(cho)   S(metal)  DE(clash)   DE(tors)     intcor
         0       1.52      -6.59       0.00       0.00       0.00       0.37       2.87       1.04
       236       1.52      -6.59       0.00       0.00       0.00       0.37       2.87       1.04
       308      12.27     -30.84       0.00       0.00       0.00      14.38       2.62       1.04
       523      25.17     -34.60       0.00       0.00       0.00       6.62       1.92       1.04
      1173      43.90     -53.33       0.00       0.00       0.00       6.62       1.92       1.04
      1218      43.92     -53.34       0.00       0.00       0.00       6.62       1.92       1.04
      1358      45.50     -54.93       0.00       0.00       0.00       6.62       1.92       1.04
      2538      45.64     -55.07       0.00       0.00       0.00       6.62       1.92       1.04
      2593      52.11     -55.96       0.00       0.00       0.00       0.74       2.08       1.04
      3583      54.91     -57.70       0.00       0.00       0.00       0.00       1.92       1.04
      4543      57.72     -60.51       0.00       0.00       0.00       0.00       1.92       1.04
      5009      61.97     -65.21       0.00       0.00       0.00       0.26       2.01       1.04
      5724      62.24     -64.96       0.00       0.00       0.00       0.26       1.75       1.04
      7423      62.51     -65.75       0.00       0.00       0.00       0.26       2.01       1.04
      7493      63.44     -66.69       0.00       0.00       0.00       0.26       2.01       1.04
      7927      63.44     -65.63       0.98       0.00       0.00       3.11       1.54       1.04
      8308      69.11     -71.26       0.00       0.00       0.00       0.00       1.60       1.04
      9998      71.02     -71.54       0.54       0.00       0.00       0.00       1.60       1.04
     14868      71.19     -73.33       0.00       0.00       0.00       0.00       1.60       1.04
     15078      71.90     -72.66       0.46       0.00       0.00       0.00       1.60       1.04
     17029      72.57     -72.95       0.59       0.00       0.00       0.00       1.60       1.04
     18153      73.11     -74.35       0.30       0.00       0.00       0.00       1.60       1.04
     18207      73.76     -74.61       0.43       0.00       0.00       0.00       1.60       1.04
     22062      73.81     -74.61       0.45       0.00       0.00       0.00       1.60       1.04
     22094      74.09     -75.10       0.46       0.00       0.00       0.00       1.73       1.04
     22497      75.26     -75.71       0.51       0.00       0.00       0.00       1.52       1.04
     23057      75.94     -76.30       0.54       0.00       0.00       0.00       1.52       1.04
     24532      75.95     -76.45       0.50       0.00       0.00       0.00       1.52       1.04
     24847      76.26     -76.62       0.54       0.00       0.00       0.00       1.52       1.04
     25921      76.46     -76.72       0.56       0.00       0.00       0.00       1.49       1.04
     26662      76.60     -76.91       0.56       0.00       0.00       0.00       1.52       1.04
     27208      76.71     -77.27       0.48       0.00       0.00       0.00       1.52       1.04
     27568      76.87     -77.47       0.46       0.00       0.00       0.00       1.52       1.04
     28206      76.88     -77.02       0.58       0.00       0.00       0.00       1.46       1.04
     29113      76.95     -77.36       0.53       0.00       0.00       0.00       1.52       1.04
     29762      77.07     -77.47       0.53       0.00       0.00       0.00       1.52       1.04
     32017      77.42     -77.13       0.69       0.00       0.00       0.00       1.41       1.04
     32487      77.59     -77.31       0.69       0.00       0.00       0.00       1.41       1.04
     36161      77.60     -77.52       0.64       0.00       0.00       0.00       1.44       1.04
     36383      77.63     -77.21       0.74       0.00       0.00       0.00       1.41       1.04
     36453      77.71     -77.44       0.69       0.00       0.00       0.00       1.41       1.04
     38083      77.87     -77.35       0.77       0.00       0.00       0.00       1.41       1.04
     38248      78.06     -77.69       0.72       0.00       0.00       0.00       1.41       1.04
     42379      78.14     -77.71       0.70       0.00       0.00       0.00       1.36       1.04
     58948      78.15     -77.90       0.67       0.00       0.00       0.00       1.41       1.04
     62183      78.15     -77.92       0.67       0.00       0.00       0.00       1.41       1.04
     63598      78.23     -77.91       0.69       0.00       0.00       0.00       1.39       1.04
--------------------------------------------------------------------------------
Best docking solution after GA:
     67000      78.23     -77.91       0.69       0.00       0.00       0.00       1.39       1.04

#ops:      67000 #mutates:  31895 #cross:    31749 #migrate:   3356 
#dups:     20331 #niche:    46147 #errors:     108 
--------------------------------------------------------------------------------

Doing AMOEBA simplex on best individual
Done simplexing #iterations 338, best score  78.83

Ligand is stored in gold_soln_2y02_m1_1.mol2


--------------------------------------------------------------------------------
--- CHEMPLP breakdown of terms                                               ---
--------------------------------------------------------------------------------
CHEMPLP = - ( 1.0000*S(PLP) + -3.0000*S(hbond) + -6.0000*S(metal) + -3.0000*S(cho) )

Score = CHEMPLP - 1.0000*DE(clash) - 2.0000*DE(tors)

Internal energy term has been corrected with the best internal energy encountered.

--------------------------------------------------------------------------------


     Score     S(PLP)   S(hbond)     S(cho)   S(metal)  DE(clash)   DE(tors)     intcor
     78.83     -78.38       0.64       0.00       0.00       0.00       1.26       1.04

--------------------------------------------------------------------------------
--- PLP analysis of protein-ligand interactions                              ---
--------------------------------------------------------------------------------
hydrogen bonding        :      -3.67
metal                   :       0.00
buried (polar-nonpolar) :      -8.12
nonpolar                :     -67.06
repulsive               :       0.28
--------------------------------------------------------------------------------


--------------------------------------------------------------------------------
--- ChemScore analysis of protein-ligand interactions                        ---
--------------------------------------------------------------------------------

* Hydrogen bonds                                                                
Ligand donor   10 hydrogen   33 Protein acceptor 2066 bond energy  1.00 wt 0.64


* CH..O interactions                                                            
  CH group selection                       : activated ring CH (adjacent to hetatom)

--------------------------------------------------------------------------------


--------------------------------------------------------------------------------
--- Intra-ligand clashes                                                     ---
--------------------------------------------------------------------------------

Ligand
--------------------------------------------------------------------------------


--------------------------------------------------------------------------------
--- Chromosome decoded                                                       ---
--------------------------------------------------------------------------------
Ligand Torsions
[  19   18    5   17]  -62.54
[  18    5   17   16]  -99.27
[  31    6   12   11]  147.55
[   4    7   16   10]   80.91
[  25   24    8   27]    6.47    matched torsion: aromatic methoxy
[  33   10   16    7]    0.44
[   7   16   17    5]  -82.77
[  21   20   18    5] -179.59
[  18   20   21   26] -132.94    matched torsion: benzyl
Mapping
Ligand acceptors to protein hydrogens (mapping then atom ids)
Ligand hydrogens to protein acceptors (mapping then atom ids)
Ligand shape atoms to protein points (mapping then atom ids & coords)
  1  3164 [  1->(-24.000   9.750  21.500)]
  2  6329 [  9->(-23.000  12.000  19.750)]
  3  4099 [ 11->(-23.750  13.250  20.000)]
  4  4701 [ 14->(-23.500   9.250  23.750)]
  5  6232 [ 16->(-23.000   9.750  18.250)]
  6  8416 [ 17->(-21.000   9.250  18.000)]
  7  8069 [ 18->(-21.500   7.500  16.250)]
  8  7907 [ 19->(-21.750   7.500  16.500)]
 10  6606 [ 22->(-22.750   4.000  15.500)]
 11  5214 [ 23->(-23.250   4.750  14.250)]
 12  3693 [ 25->(-23.750   5.250  13.500)]
 13  6026 [ 26->(-23.000   5.750  14.500)]
 14  5791 [ 27->(-23.000   2.000  12.750)]
Chromosome values
Integers:
  -1   -1   -1   -1   -1   -1   -1   -1   -1 3163 6328 4098 
4700 6231 8415 8068 7906   -1 6605 5213 3692 6025 5790 
--------------------------------------------------------------------------------

Current Ranking  1

--------------------------------------------------------------------------------

* GA execution time :                                                           
  total  2.7345 user  2.7345 sys  0.0000

--------------------------------------------------------------------------------
Fitness function evaluations: 108391

--------------------------------------------------------------------------------
** Docking run number  2 **
--------------------------------------------------------------------------------
  Rank fitness base is 5000.00 ; increment is 11.2233

* Initialising population(s) ...                                                
Number of constraints mappings 0
Number of constraints 0
  Population no.                           :      1
  Population size                          :    100
  Number of duplicates                     :      0
  Number of niche violations               :      0
  Number of errors                         :     78

Number of constraints mappings 0
Number of constraints 0
  Population no.                           :      2
  Population size                          :    100
  Number of duplicates                     :      0
  Number of niche violations               :      0
  Number of errors                         :     89

Number of constraints mappings 0
Number of constraints 0
  Population no.                           :      3
  Population size                          :    100
  Number of duplicates                     :      0
  Number of niche violations               :      0
  Number of errors                         :     78

Number of constraints mappings 0
Number of constraints 0
  Population no.                           :      4
  Population size                          :    100
  Number of duplicates                     :      0
  Number of niche violations               :      0
  Number of errors                         :     96

Number of constraints mappings 0
Number of constraints 0
  Population no.                           :      5
  Population size                          :    100
  Number of duplicates                     :      0
  Number of niche violations               :      0
  Number of errors                         :     73


Doing GA, no. of population(s) 5 size 100 selection pressure 1.100000

 Operation      Score     S(PLP)   S(hbond)     S(cho)   S(metal)  DE(clash)   DE(tors)     intcor
         0       9.65     -10.11       0.21       0.00       0.00       0.00       1.07       1.04
       167      34.91     -44.12       0.82       0.00       0.00       9.42       1.64       1.04
       392      39.63     -48.29       0.93       0.00       0.00       9.42       1.54       1.04
      2539      42.62     -47.27       0.00       0.00       0.00       2.79       1.45       1.04
      4719      43.33     -47.90       0.00       0.00       0.00       2.79       1.41       1.04
      4754      43.37     -45.84       0.00       0.00       0.00       0.83       1.34       1.04
      5119      45.65     -47.57       0.00       0.00       0.00       0.07       1.45       1.04
      5334      52.68     -54.60       0.00       0.00       0.00       0.07       1.45       1.04
      6050      52.78     -55.61       0.00       0.00       0.00       0.83       1.52       1.04
      6140      53.31     -56.14       0.00       0.00       0.00       0.83       1.52       1.04
      7126      58.78     -61.61       0.00       0.00       0.00       0.83       1.52       1.04
      8614      59.66     -63.04       0.00       0.00       0.00       0.83       1.80       1.04
      8671      59.98     -62.80       0.00       0.00       0.00       0.83       1.52       1.04
      8675      61.30     -63.51       0.60       0.00       0.00       2.43       1.31       1.04
      9081      61.45     -64.49       0.00       0.00       0.00       0.83       1.63       1.04
     10355      62.39     -65.57       0.28       0.00       0.00       2.43       1.31       1.04
     11646      63.90     -64.81       0.50       0.00       0.00       0.54       1.46       1.04
     12071      65.33     -66.95       0.26       0.00       0.00       0.54       1.45       1.04
     12891      66.84     -68.16       0.36       0.00       0.00       0.54       1.45       1.04
     14871      66.87     -68.24       0.34       0.00       0.00       0.54       1.45       1.04
     15690      67.44     -68.94       0.28       0.00       0.00       0.54       1.42       1.04
     16456      67.93     -69.25       0.36       0.00       0.00       0.54       1.45       1.04
     17295      69.51     -69.92       0.50       0.00       0.00       0.54       1.21       1.04
     18880      70.16     -70.48       0.54       0.00       0.00       0.54       1.21       1.04
     20680      70.95     -70.04       0.94       0.00       0.00       0.54       1.21       1.04
     21085      71.17     -70.25       0.94       0.00       0.00       0.54       1.21       1.04
     21410      71.71     -70.64       1.00       0.00       0.00       0.54       1.21       1.04
     21655      71.80     -70.84       0.96       0.00       0.00       0.54       1.21       1.04
     23160      72.01     -70.99       0.98       0.00       0.00       0.54       1.21       1.04
     24185      72.02     -70.93       1.00       0.00       0.00       0.54       1.21       1.04
     26656      72.16     -71.34       0.91       0.00       0.00       0.54       1.21       1.04
     27120      72.16     -71.39       0.89       0.00       0.00       0.54       1.21       1.04
     28141      72.21     -71.39       0.91       0.00       0.00       0.54       1.21       1.04
     29521      72.53     -71.63       0.94       0.00       0.00       0.54       1.21       1.04
     31630      72.68     -71.78       0.94       0.00       0.00       0.54       1.21       1.04
     32101      72.82     -72.55       0.76       0.00       0.00       0.54       1.26       1.04
     33431      73.22     -72.92       0.78       0.00       0.00       0.54       1.27       1.04
     34196      73.27     -73.20       0.70       0.00       0.00       0.54       1.27       1.04
     42089      73.42     -73.15       0.81       0.00       0.00       0.54       1.28       0.93
     44449      73.59     -73.17       0.86       0.00       0.00       0.54       1.28       0.93
     51939      73.75     -73.20       0.93       0.00       0.00       0.54       1.28       0.87
     61500      73.76     -73.20       0.93       0.00       0.00       0.54       1.28       0.87
     63169      73.82     -73.16       0.98       0.00       0.00       0.54       1.29       0.87
     64438      73.84     -73.18       0.96       0.00       0.00       0.54       1.27       0.87
     65054      73.93     -73.25       0.98       0.00       0.00       0.54       1.29       0.87
     65160      73.96     -73.28       0.98       0.00       0.00       0.54       1.29       0.87
--------------------------------------------------------------------------------
Best docking solution after GA:
     67000      73.96     -73.28       0.98       0.00       0.00       0.54       1.29       0.87

#ops:      67000 #mutates:  31807 #cross:    31817 #migrate:   3376 
#dups:     17999 #niche:    40487 #errors:     187 
--------------------------------------------------------------------------------

Doing AMOEBA simplex on best individual
Done simplexing #iterations 399, best score  74.76

Ligand is stored in gold_soln_2y02_m1_2.mol2


--------------------------------------------------------------------------------
--- CHEMPLP breakdown of terms                                               ---
--------------------------------------------------------------------------------
CHEMPLP = - ( 1.0000*S(PLP) + -3.0000*S(hbond) + -6.0000*S(metal) + -3.0000*S(cho) )

Score = CHEMPLP - 1.0000*DE(clash) - 2.0000*DE(tors)

Internal energy term has been corrected with the best internal energy encountered.

--------------------------------------------------------------------------------


     Score     S(PLP)   S(hbond)     S(cho)   S(metal)  DE(clash)   DE(tors)     intcor
     74.76     -73.82       0.98       0.00       0.00       0.54       1.16       0.87

--------------------------------------------------------------------------------
--- PLP analysis of protein-ligand interactions                              ---
--------------------------------------------------------------------------------
hydrogen bonding        :      -3.60
metal                   :       0.00
buried (polar-nonpolar) :      -5.98
nonpolar                :     -65.57
repulsive               :       0.27
--------------------------------------------------------------------------------


--------------------------------------------------------------------------------
--- ChemScore analysis of protein-ligand interactions                        ---
--------------------------------------------------------------------------------

* Hydrogen bonds                                                                
Ligand donor    5 hydrogen   30 Protein acceptor 2066 bond energy  1.00 wt 0.98


* CH..O interactions                                                            
  CH group selection                       : activated ring CH (adjacent to hetatom)

--------------------------------------------------------------------------------


--------------------------------------------------------------------------------
--- Intra-ligand clashes                                                     ---
--------------------------------------------------------------------------------

Ligand
 10 (O4   ) -   9 (C4   ):   0.54 (dist   2.74)
--------------------------------------------------------------------------------


--------------------------------------------------------------------------------
--- Chromosome decoded                                                       ---
--------------------------------------------------------------------------------
Ligand Torsions
[  19   18    5   17]   48.17
[  18    5   17   16]   98.81
[  31    6   12   11]  100.32
[   4    7   16   10] -179.80
[  25   24    8   27]   -1.29    matched torsion: aromatic methoxy
[  33   10   16    7] -121.16
[   7   16   17    5]  136.24
[  21   20   18    5] -163.78
[  18   20   21   26]   51.11    matched torsion: benzyl
Mapping
Ligand acceptors to protein hydrogens (mapping then atom ids)
Ligand hydrogens to protein acceptors (mapping then atom ids)
  2   3 [ 30->2066]
Ligand shape atoms to protein points (mapping then atom ids & coords)
  2  4074 [  9->(-23.750  12.250  19.000)]
  3  1472 [ 11->(-24.750  13.250  20.500)]
  4  3934 [ 14->(-23.750   9.250  22.000)]
  5  4757 [ 16->(-23.500  10.250  18.250)]
  6  3181 [ 17->(-24.000  10.000  17.750)]
  7  7485 [ 18->(-22.250   8.000  16.000)]
  8  6732 [ 19->(-22.750   6.750  16.250)]
  9  5384 [ 20->(-23.250   7.500  16.000)]
 11  5211 [ 23->(-23.250   4.750  13.500)]
 13  3723 [ 26->(-23.750   5.500  15.250)]
 14  6525 [ 27->(-22.750   2.750  13.000)]
Chromosome values
Integers:
  -1   -1   -1   -1   -1   -1    2   -1   -1   -1 4073 1471 
3933 4756 3180 7484 6731 5383   -1 5210   -1 3722 6524 
--------------------------------------------------------------------------------

Current Ranking  1  2

--------------------------------------------------------------------------------

* GA execution time :                                                           
  total  2.6878 user  2.6878 sys  0.0000

--------------------------------------------------------------------------------
Fitness function evaluations: 108955

--------------------------------------------------------------------------------
** Docking run number  3 **
--------------------------------------------------------------------------------
  Rank fitness base is 5000.00 ; increment is 11.2233

* Initialising population(s) ...                                                
Number of constraints mappings 0
Number of constraints 0
  Population no.                           :      1
  Population size                          :    100
  Number of duplicates                     :      0
  Number of niche violations               :      0
  Number of errors                         :     93

Number of constraints mappings 0
Number of constraints 0
  Population no.                           :      2
  Population size                          :    100
  Number of duplicates                     :      0
  Number of niche violations               :      0
  Number of errors                         :     83

Number of constraints mappings 0
Number of constraints 0
  Population no.                           :      3
  Population size                          :    100
  Number of duplicates                     :      0
  Number of niche violations               :      0
  Number of errors                         :     84

Number of constraints mappings 0
Number of constraints 0
  Population no.                           :      4
  Population size                          :    100
  Number of duplicates                     :      0
  Number of niche violations               :      0
  Number of errors                         :     87

Number of constraints mappings 0
Number of constraints 0
  Population no.                           :      5
  Population size                          :    100
  Number of duplicates                     :      0
  Number of niche violations               :      0
  Number of errors                         :     76


Doing GA, no. of population(s) 5 size 100 selection pressure 1.100000

 Operation      Score     S(PLP)   S(hbond)     S(cho)   S(metal)  DE(clash)   DE(tors)     intcor
         0       5.25     -30.39       0.21       0.00       0.00      23.15       1.74       0.87
       225      15.70     -36.39       0.00       0.00       0.00      18.26       1.65       0.87
      1025      41.09     -61.78       0.00       0.00       0.00      18.26       1.65       0.87
      3842      45.16     -46.76       0.00       0.00       0.00       0.00       1.23       0.87
      5889      45.44     -48.56       0.00       0.00       0.00       0.47       1.76       0.87
      6020      45.54     -48.68       0.34       0.00       0.00       0.11       2.46       0.87
      6400      46.44     -49.69       0.30       0.00       0.00       0.11       2.46       0.87
      7009      48.38     -64.42       0.00       0.00       0.00      14.04       1.44       0.87
      7015      56.73     -60.55       0.00       0.00       0.00       0.76       1.96       0.87
     10393      56.90     -60.47       0.00       0.00       0.00       1.15       1.64       0.87
     11296      58.06     -58.35       0.71       0.00       0.00       0.54       1.39       0.87
     11348      58.37     -61.94       0.00       0.00       0.00       1.15       1.64       0.87
     12529      59.04     -66.82       0.00       0.00       0.00       5.58       1.54       0.87
     12878      60.41     -63.98       0.00       0.00       0.00       1.15       1.64       0.87
     13568      61.31     -64.68       0.36       0.00       0.00       1.29       2.01       0.87
     14955      62.31     -61.29       1.00       0.00       0.00       0.39       1.23       0.87
     15063      67.21     -69.41       0.57       0.00       0.00       0.54       2.12       0.87
     15653      67.95     -70.14       0.59       0.00       0.00       0.54       2.14       0.87
     18910      69.56     -68.40       0.96       0.00       0.00       0.39       1.10       0.87
     21113      70.22     -72.27       0.47       0.00       0.00       0.54       1.90       0.87
     22342      71.14     -71.97       0.50       0.00       0.00       0.54       1.34       0.87
     22365      72.35     -71.36       1.00       0.00       0.00       0.39       1.24       0.87
     29337      72.87     -73.34       0.62       0.00       0.00       0.54       1.32       0.86
     31636      72.97     -72.63       0.78       0.00       0.00       0.39       1.24       0.86
     35097      72.98     -73.29       0.73       0.00       0.00       0.54       1.31       0.65
     35387      72.99     -73.30       0.75       0.00       0.00       0.54       1.33       0.65
     37267      73.18     -73.17       0.76       0.00       0.00       0.54       1.20       0.65
     40290      73.31     -72.44       1.00       0.00       0.00       0.54       1.12       0.64
     43530      73.49     -72.62       1.00       0.00       0.00       0.54       1.12       0.64
     46647      73.69     -73.25       0.91       0.00       0.00       0.54       1.20       0.64
     52755      73.74     -72.95       1.00       0.00       0.00       0.53       1.12       0.57
     55091      73.79     -73.00       1.00       0.00       0.00       0.53       1.12       0.57
     56045      73.85     -73.40       0.89       0.00       0.00       0.54       1.12       0.54
     58653      73.92     -73.45       0.89       0.00       0.00       0.54       1.11       0.54
     59126      73.99     -73.23       1.00       0.00       0.00       0.53       1.12       0.54
     63711      74.09     -73.49       0.96       0.00       0.00       0.53       1.14       0.54
     64831      74.10     -73.36       1.00       0.00       0.00       0.53       1.13       0.54
     65391      74.18     -73.44       0.99       0.00       0.00       0.53       1.12       0.54
--------------------------------------------------------------------------------
Best docking solution after GA:
     67000      74.18     -73.44       0.99       0.00       0.00       0.53       1.12       0.54

#ops:      67000 #mutates:  31967 #cross:    31767 #migrate:   3266 
#dups:     17980 #niche:    41476 #errors:     130 
--------------------------------------------------------------------------------

Doing AMOEBA simplex on best individual
Done simplexing #iterations 564, best score  74.48

Ligand is stored in gold_soln_2y02_m1_3.mol2


--------------------------------------------------------------------------------
--- CHEMPLP breakdown of terms                                               ---
--------------------------------------------------------------------------------
CHEMPLP = - ( 1.0000*S(PLP) + -3.0000*S(hbond) + -6.0000*S(metal) + -3.0000*S(cho) )

Score = CHEMPLP - 1.0000*DE(clash) - 2.0000*DE(tors)

Internal energy term has been corrected with the best internal energy encountered.

--------------------------------------------------------------------------------


     Score     S(PLP)   S(hbond)     S(cho)   S(metal)  DE(clash)   DE(tors)     intcor
     74.48     -73.70       1.00       0.00       0.00       0.53       1.11       0.54

--------------------------------------------------------------------------------
--- PLP analysis of protein-ligand interactions                              ---
--------------------------------------------------------------------------------
hydrogen bonding        :      -3.76
metal                   :       0.00
buried (polar-nonpolar) :      -6.30
nonpolar                :     -65.28
repulsive               :       0.27
--------------------------------------------------------------------------------


--------------------------------------------------------------------------------
--- ChemScore analysis of protein-ligand interactions                        ---
--------------------------------------------------------------------------------

* Hydrogen bonds                                                                
Ligand donor    5 hydrogen   30 Protein acceptor 2066 bond energy  1.00 wt 1.00


* CH..O interactions                                                            
  CH group selection                       : activated ring CH (adjacent to hetatom)

--------------------------------------------------------------------------------


--------------------------------------------------------------------------------
--- Intra-ligand clashes                                                     ---
--------------------------------------------------------------------------------

Ligand
 10 (O4   ) -   9 (C4   ):   0.53 (dist   2.74)
--------------------------------------------------------------------------------


--------------------------------------------------------------------------------
--- Chromosome decoded                                                       ---
--------------------------------------------------------------------------------
Ligand Torsions
[  19   18    5   17]   43.43
[  18    5   17   16]   96.18
[  31    6   12   11]   88.32
[   4    7   16   10] -178.04
[  25   24    8   27]  179.94    matched torsion: aromatic methoxy
[  33   10   16    7]  132.56
[   7   16   17    5]  140.03
[  21   20   18    5] -162.44
[  18   20   21   26] -125.70    matched torsion: benzyl
Mapping
Ligand acceptors to protein hydrogens (mapping then atom ids)
Ligand hydrogens to protein acceptors (mapping then atom ids)
  2   3 [ 30->2066]
Ligand shape atoms to protein points (mapping then atom ids & coords)
  2  2552 [  9->(-24.250  12.250  19.000)]
  3   227 [ 11->(-25.750  14.000  19.750)]
  4  1795 [ 14->(-24.500   9.000  23.000)]
  5  5571 [ 16->(-23.250  11.500  19.000)]
  6  7972 [ 17->(-21.750   9.500  18.000)]
  7  7732 [ 18->(-22.000   8.500  16.500)]
  8  7457 [ 19->(-22.250   6.750  15.750)]
  9  5341 [ 20->(-23.250   6.500  16.250)]
 10  2969 [ 22->(-24.000   5.750  15.750)]
 11  5122 [ 23->(-23.250   3.750  15.500)]
 14  5781 [ 27->(-23.000   1.750  11.750)]
Chromosome values
Integers:
  -1   -1   -1   -1   -1   -1    2   -1   -1   -1 2551  226 
1794 5570 7971 7731 7456 5340 2968 5121   -1   -1 5780 
--------------------------------------------------------------------------------

Current Ranking  1  2  3

--------------------------------------------------------------------------------

* GA execution time :                                                           
  total  2.2353 user  2.2353 sys  0.0000

--------------------------------------------------------------------------------
Fitness function evaluations: 109327

--------------------------------------------------------------------------------
** Docking run number  4 **
--------------------------------------------------------------------------------
  Rank fitness base is 5000.00 ; increment is 11.2233

* Initialising population(s) ...                                                
Number of constraints mappings 0
Number of constraints 0
  Population no.                           :      1
  Population size                          :    100
  Number of duplicates                     :      0
  Number of niche violations               :      0
  Number of errors                         :     98

Number of constraints mappings 0
Number of constraints 0
  Population no.                           :      2
  Population size                          :    100
  Number of duplicates                     :      0
  Number of niche violations               :      0
  Number of errors                         :     95

Number of constraints mappings 0
Number of constraints 0
  Population no.                           :      3
  Population size                          :    100
  Number of duplicates                     :      0
  Number of niche violations               :      0
  Number of errors                         :     85

Number of constraints mappings 0
Number of constraints 0
  Population no.                           :      4
  Population size                          :    100
  Number of duplicates                     :      0
  Number of niche violations               :      0
  Number of errors                         :     96

Number of constraints mappings 0
Number of constraints 0
  Population no.                           :      5
  Population size                          :    100
  Number of duplicates                     :      0
  Number of niche violations               :      0
  Number of errors                         :     88


Doing GA, no. of population(s) 5 size 100 selection pressure 1.100000

 Operation      Score     S(PLP)   S(hbond)     S(cho)   S(metal)  DE(clash)   DE(tors)     intcor
         0      10.33     -26.12       0.00       0.00       0.00      12.27       2.03       0.54
       517      13.21     -29.00       0.00       0.00       0.00      12.27       2.03       0.54
       666      15.32     -27.67       0.76       0.00       0.00      11.65       1.76       0.54
      1094      19.75     -31.24       1.00       0.00       0.00      11.51       1.76       0.54
      1176      24.81     -28.44       0.70       0.00       0.00       2.10       2.09       0.54
      1206      31.45     -46.07       0.00       0.00       0.00      11.65       1.76       0.54
      1721      42.27     -56.90       0.00       0.00       0.00      11.65       1.76       0.54
      4041      42.44     -47.85       0.11       0.00       0.00       2.10       2.09       0.54
      4281      42.53     -47.47       0.27       0.00       0.00       2.10       2.09       0.54
      4456      42.74     -48.48       0.00       0.00       0.00       2.10       2.09       0.54
      4503      44.80     -49.07       0.80       0.00       0.00       1.20       3.01       0.54
      4576      47.50     -55.37       1.00       0.00       0.00       7.79       1.81       0.54
      4626      47.90     -55.78       1.00       0.00       0.00       7.79       1.81       0.54
      4806      51.95     -58.87       0.00       0.00       0.00       3.64       1.91       0.54
      5146      52.87     -59.74       0.00       0.00       0.00       3.64       1.88       0.54
      5959      55.69     -61.96       0.33       0.00       0.00       1.99       2.90       0.54
      7842      55.87     -62.74       0.00       0.00       0.00       3.64       1.88       0.54
      9134      58.56     -63.31       0.30       0.00       0.00       0.26       2.97       0.54
      9442      59.23     -65.54       0.00       0.00       0.00       2.10       2.37       0.54
      9532      59.56     -64.11       0.00       0.00       0.00       0.56       2.27       0.54
      9605      60.83     -63.05       0.99       0.00       0.00       1.54       2.09       0.54
     11050      63.84     -66.03       1.00       0.00       0.00       1.54       2.09       0.54
     11895      64.10     -66.29       1.00       0.00       0.00       1.54       2.09       0.54
     12360      66.54     -68.73       1.00       0.00       0.00       1.54       2.09       0.54
     13354      66.99     -70.50       0.76       0.00       0.00       1.54       2.40       0.54
     16044      67.05     -70.47       0.78       0.00       0.00       1.54       2.38       0.54
     16110      67.38     -68.94       1.00       0.00       0.00       1.54       1.78       0.54
     16275      67.58     -69.47       1.00       0.00       0.00       1.54       1.95       0.54
     17097      68.81     -69.38       1.00       0.00       0.00       0.54       1.79       0.54
     17595      69.75     -69.89       0.99       0.00       0.00       0.43       1.61       0.54
     18255      71.17     -71.26       0.93       0.00       0.00       0.43       1.49       0.54
     21045      71.31     -71.22       0.99       0.00       0.00       0.43       1.50       0.54
     21780      71.38     -71.22       0.99       0.00       0.00       0.43       1.46       0.54
     23626      72.27     -72.01       1.00       0.00       0.00       0.43       1.43       0.54
     29136      72.30     -72.13       1.00       0.00       0.00       0.43       1.47       0.54
     29188      73.13     -70.02       1.70       0.00       0.00       0.09       1.21       0.54
     30167      73.14     -69.93       1.73       0.00       0.00       0.09       1.21       0.54
     30677      75.40     -71.92       1.82       0.00       0.00       0.09       1.21       0.54
     35227      75.63     -72.02       1.85       0.00       0.00       0.09       1.19       0.54
     36864      75.75     -72.24       1.82       0.00       0.00       0.09       1.20       0.54
     39164      76.11     -72.47       1.87       0.00       0.00       0.09       1.21       0.54
     39529      76.12     -72.35       1.91       0.00       0.00       0.09       1.20       0.54
     40884      76.31     -72.26       2.00       0.00       0.00       0.09       1.20       0.54
     44829      76.35     -72.64       1.90       0.00       0.00       0.09       1.21       0.54
     46495      76.36     -72.15       2.00       0.00       0.00       0.00       1.16       0.54
     46619      76.43     -72.39       2.00       0.00       0.00       0.09       1.20       0.54
     47253      76.46     -72.48       1.98       0.00       0.00       0.09       1.20       0.54
     50519      76.48     -72.45       2.00       0.00       0.00       0.09       1.21       0.54
     51166      76.49     -72.55       1.90       0.00       0.00       0.00       1.14       0.54
     51645      76.56     -72.79       1.93       0.00       0.00       0.09       1.23       0.54
     51751      76.60     -72.74       1.93       0.00       0.00       0.09       1.18       0.54
     51771      76.65     -72.91       1.87       0.00       0.00       0.09       1.16       0.54
     52029      76.72     -72.52       2.00       0.00       0.00       0.00       1.17       0.54
     52800      76.76     -72.66       2.00       0.00       0.00       0.00       1.22       0.54
     55788      76.99     -72.74       2.00       0.00       0.00       0.09       1.10       0.54
     58663      77.12     -72.90       1.99       0.00       0.00       0.09       1.10       0.54
     62308      77.16     -72.75       1.99       0.00       0.00       0.09       1.01       0.54
     63533      77.16     -72.80       1.98       0.00       0.00       0.09       1.01       0.54
     63869      77.17     -72.93       2.00       0.00       0.00       0.09       1.10       0.54
     64028      77.24     -72.80       2.00       0.00       0.00       0.09       1.01       0.54
     64618      77.30     -72.86       2.00       0.00       0.00       0.09       1.01       0.54
     65172      77.48     -73.04       2.00       0.00       0.00       0.09       1.01       0.54
     66263      77.48     -73.04       2.00       0.00       0.00       0.09       1.01       0.54
     66283      77.49     -73.01       2.00       0.00       0.00       0.09       0.99       0.54
--------------------------------------------------------------------------------
Best docking solution after GA:
     67000      77.49     -73.01       2.00       0.00       0.00       0.09       0.99       0.54

#ops:      67000 #mutates:  31733 #cross:    31939 #migrate:   3328 
#dups:     17933 #niche:    46349 #errors:     133 
--------------------------------------------------------------------------------

Doing AMOEBA simplex on best individual
Done simplexing #iterations 654, best score  80.73

Ligand is stored in gold_soln_2y02_m1_4.mol2


--------------------------------------------------------------------------------
--- CHEMPLP breakdown of terms                                               ---
--------------------------------------------------------------------------------
CHEMPLP = - ( 1.0000*S(PLP) + -3.0000*S(hbond) + -6.0000*S(metal) + -3.0000*S(cho) )

Score = CHEMPLP - 1.0000*DE(clash) - 2.0000*DE(tors)

Internal energy term has been corrected with the best internal energy encountered.

--------------------------------------------------------------------------------


     Score     S(PLP)   S(hbond)     S(cho)   S(metal)  DE(clash)   DE(tors)     intcor
     80.73     -76.19       2.00       0.00       0.00       0.00       1.00       0.54

--------------------------------------------------------------------------------
--- PLP analysis of protein-ligand interactions                              ---
--------------------------------------------------------------------------------
hydrogen bonding        :      -6.00
metal                   :       0.00
buried (polar-nonpolar) :      -7.85
nonpolar                :     -64.04
repulsive               :       0.21
--------------------------------------------------------------------------------


--------------------------------------------------------------------------------
--- ChemScore analysis of protein-ligand interactions                        ---
--------------------------------------------------------------------------------

* Hydrogen bonds                                                                
Ligand donor    5 hydrogen   30 Protein acceptor 2066 bond energy  1.00 wt 1.00
Ligand donor   10 hydrogen   33 Protein acceptor 2066 bond energy  1.00 wt 1.00


* CH..O interactions                                                            
  CH group selection                       : activated ring CH (adjacent to hetatom)

--------------------------------------------------------------------------------


--------------------------------------------------------------------------------
--- Intra-ligand clashes                                                     ---
--------------------------------------------------------------------------------

Ligand
--------------------------------------------------------------------------------


--------------------------------------------------------------------------------
--- Chromosome decoded                                                       ---
--------------------------------------------------------------------------------
Ligand Torsions
[  19   18    5   17]   40.87
[  18    5   17   16] -163.93
[  31    6   12   11] -146.10
[   4    7   16   10]   53.14
[  25   24    8   27]  176.81    matched torsion: aromatic methoxy
[  33   10   16    7]   84.89
[   7   16   17    5] -151.14
[  21   20   18    5] -155.62
[  18   20   21   26] -116.24    matched torsion: benzyl
Mapping
Ligand acceptors to protein hydrogens (mapping then atom ids)
Ligand hydrogens to protein acceptors (mapping then atom ids)
  2   3 [ 30->2066]
Ligand shape atoms to protein points (mapping then atom ids & coords)
  1  6292 [  1->(-23.000  10.750  24.250)]
  2  3267 [  9->(-24.000  11.750  18.250)]
  3   653 [ 11->(-25.250  14.000  18.750)]
  4  4787 [ 14->(-23.500  10.750  24.750)]
  6  6809 [ 17->(-22.750   8.750  18.750)]
  7  6741 [ 18->(-22.750   7.000  16.500)]
  8  7715 [ 19->(-22.000   7.750  16.750)]
  9  3863 [ 20->(-23.750   7.250  15.250)]
 10  6698 [ 22->(-22.750   6.000  15.250)]
 11  2885 [ 23->(-24.000   5.000  14.250)]
 12  6040 [ 25->(-23.000   6.000  11.750)]
 13  2964 [ 26->(-24.000   5.750  14.500)]
 14  6511 [ 27->(-22.750   2.500  11.750)]
Chromosome values
Integers:
  -1   -1   -1   -1   -1   -1    2   -1   -1 6291 3266  652 
4786   -1 6808 6740 7714 3862 6697 2884 6039 2963 6510 
--------------------------------------------------------------------------------

Current Ranking  4  1  2  3

--------------------------------------------------------------------------------

* GA execution time :                                                           
  total  1.6829 user  1.6829 sys  0.0000

--------------------------------------------------------------------------------
Fitness function evaluations: 110039

--------------------------------------------------------------------------------
** Docking run number  5 **
--------------------------------------------------------------------------------
  Rank fitness base is 5000.00 ; increment is 11.2233

* Initialising population(s) ...                                                
Number of constraints mappings 0
Number of constraints 0
  Population no.                           :      1
  Population size                          :    100
  Number of duplicates                     :      0
  Number of niche violations               :      0
  Number of errors                         :     84

Number of constraints mappings 0
Number of constraints 0
  Population no.                           :      2
  Population size                          :    100
  Number of duplicates                     :      0
  Number of niche violations               :      0
  Number of errors                         :     79

Number of constraints mappings 0
Number of constraints 0
  Population no.                           :      3
  Population size                          :    100
  Number of duplicates                     :      0
  Number of niche violations               :      0
  Number of errors                         :     95

Number of constraints mappings 0
Number of constraints 0
  Population no.                           :      4
  Population size                          :    100
  Number of duplicates                     :      0
  Number of niche violations               :      0
  Number of errors                         :     82

Number of constraints mappings 0
Number of constraints 0
  Population no.                           :      5
  Population size                          :    100
  Number of duplicates                     :      0
  Number of niche violations               :      0
  Number of errors                         :     82


Doing GA, no. of population(s) 5 size 100 selection pressure 1.100000

 Operation      Score     S(PLP)   S(hbond)     S(cho)   S(metal)  DE(clash)   DE(tors)     intcor
         0      -4.97      -8.10       0.00       0.00       0.00       8.89       2.36       0.54
       281       1.53     -31.29       0.00       0.00       0.00      25.66       2.32       0.54
       616      12.05     -14.48       0.00       0.00       0.00       0.07       1.45       0.54
      1001      14.96     -29.24       0.00       0.00       0.00      11.14       1.84       0.54
      1531      31.87     -45.63       1.00       0.00       0.00      12.52       2.39       0.54
      3005      40.33     -57.11       0.00       0.00       0.00      12.52       2.40       0.54
      3688      42.23     -46.17       0.70       0.00       0.00       3.60       1.50       0.54
      3840      44.12     -58.70       0.73       0.00       0.00      12.52       2.40       0.54
      4248      45.63     -48.23       1.10       0.00       0.00       3.60       1.42       0.54
      4524      49.94     -53.51       0.00       0.00       0.00       0.00       2.06       0.54
      6257      50.29     -55.85       0.52       0.00       0.00       4.68       1.50       0.54
      6490      52.44     -68.56       0.08       0.00       0.00      12.52       2.19       0.54
      7497      54.02     -59.96       0.20       0.00       0.00       4.06       1.51       0.54
      7889      55.57     -60.21       0.00       0.00       0.00       0.00       2.59       0.54
      8565      58.06     -67.37       0.42       0.00       0.00       6.15       2.48       0.54
     11010      59.17     -68.31       0.48       0.00       0.00       6.15       2.48       0.54
     11708      60.96     -65.37       0.55       0.00       0.00       3.60       1.50       0.54
     11825      61.67     -70.15       0.70       0.00       0.00       6.15       2.48       0.54
     12014      63.12     -67.30       0.49       0.00       0.00       2.69       1.75       0.54
     13319      63.85     -66.77       0.91       0.00       0.00       2.69       1.75       0.54
     13359      64.44     -67.47       1.00       0.00       0.00       2.69       1.95       0.54
     14085      64.55     -70.87       0.95       0.00       0.00       4.92       2.39       0.54
     14688      64.97     -67.53       0.21       0.00       0.00       0.05       1.84       0.54
     14744      65.61     -69.20       0.81       0.00       0.00       2.69       1.95       0.54
     15757      66.74     -66.11       0.82       0.00       0.00       0.20       1.08       0.54
     16331      66.91     -70.35       0.69       0.00       0.00       2.53       1.76       0.54
     17111      67.03     -66.55       0.77       0.00       0.00       0.20       1.08       0.54
     17988      67.39     -70.08       0.19       0.00       0.00       0.05       1.88       0.54
     18517      69.73     -69.17       0.86       0.00       0.00       0.20       1.19       0.54
     20207      69.82     -68.85       1.00       0.00       0.00       0.20       1.19       0.54
     21282      70.96     -70.12       0.96       0.00       0.00       0.20       1.19       0.54
     21312      71.21     -70.66       0.86       0.00       0.00       0.20       1.19       0.54
     21547      72.07     -71.20       1.00       0.00       0.00       0.20       1.24       0.54
     22652      73.56     -73.15       0.86       0.00       0.00       0.20       1.26       0.54
     24652      73.61     -73.10       0.90       0.00       0.00       0.20       1.26       0.54
     25325      74.28     -75.81       0.67       0.00       0.00       0.20       1.94       0.54
     25952      74.64     -73.90       1.00       0.00       0.00       0.20       1.30       0.54
     27420      74.72     -76.11       0.72       0.00       0.00       0.20       1.94       0.54
     30396      74.84     -74.51       0.86       0.00       0.00       0.20       1.30       0.54
     30824      74.99     -76.32       0.66       0.00       0.00       0.20       1.82       0.54
     32725      75.15     -76.05       0.69       0.00       0.00       0.20       1.65       0.54
     32912      75.24     -74.73       1.98       0.00       0.00       2.25       1.85       0.54
     33180      75.55     -76.77       0.66       0.00       0.00       0.20       1.77       0.54
     35330      75.77     -76.61       0.82       0.00       0.00       0.19       1.82       0.54
     35694      75.79     -75.62       1.89       0.00       0.00       2.25       1.89       0.54
     36749      75.87     -75.43       1.94       0.00       0.00       2.25       1.83       0.54
     37439      75.95     -75.58       1.95       0.00       0.00       2.25       1.89       0.54
     38963      76.69     -73.74       1.93       0.00       0.00       0.07       1.65       0.54
     39693      76.82     -73.94       1.90       0.00       0.00       0.07       1.65       0.54
     41278      76.92     -73.86       1.98       0.00       0.00       0.07       1.67       0.54
     42378      77.24     -75.23       1.97       0.00       0.00       0.83       1.80       0.54
     42993      77.43     -74.43       1.94       0.00       0.00       0.00       1.68       0.54
     43313      77.68     -74.91       1.89       0.00       0.00       0.00       1.72       0.54
     44324      77.92     -74.97       1.92       0.00       0.00       0.00       1.68       0.54
     45673      78.12     -75.23       1.93       0.00       0.00       0.00       1.72       0.54
     45823      78.14     -75.23       1.93       0.00       0.00       0.00       1.71       0.54
     45999      78.34     -75.25       1.93       0.00       0.00       0.00       1.62       0.54
     52123      78.43     -75.28       1.98       0.00       0.00       0.00       1.66       0.54
     52228      78.45     -75.69       1.88       0.00       0.00       0.00       1.71       0.54
     52278      78.75     -75.83       1.91       0.00       0.00       0.00       1.68       0.54
     54093      78.90     -75.85       1.96       0.00       0.00       0.00       1.68       0.54
     54228      79.30     -75.93       2.00       0.00       0.00       0.00       1.59       0.54
     57878      79.35     -76.15       2.00       0.00       0.00       0.00       1.67       0.54
     58383      79.47     -76.28       2.00       0.00       0.00       0.00       1.67       0.54
     58799      79.65     -76.52       1.95       0.00       0.00       0.00       1.63       0.54
     60368      79.68     -76.44       2.00       0.00       0.00       0.00       1.65       0.54
     61139      79.69     -76.53       1.95       0.00       0.00       0.00       1.62       0.54
     62588      79.72     -76.45       2.00       0.00       0.00       0.00       1.64       0.54
     63368      80.02     -76.95       1.96       0.00       0.00       0.00       1.67       0.54
     64253      80.05     -76.96       1.96       0.00       0.00       0.00       1.66       0.54
     64817      80.32     -77.18       2.00       0.00       0.00       0.00       1.70       0.54
--------------------------------------------------------------------------------
Best docking solution after GA:
     67000      80.32     -77.18       2.00       0.00       0.00       0.00       1.70       0.54

#ops:      67000 #mutates:  31935 #cross:    31723 #migrate:   3342 
#dups:     20656 #niche:    42739 #errors:     166 
--------------------------------------------------------------------------------

Doing AMOEBA simplex on best individual
Done simplexing #iterations 476, best score  81.04

Ligand is stored in gold_soln_2y02_m1_5.mol2


--------------------------------------------------------------------------------
--- CHEMPLP breakdown of terms                                               ---
--------------------------------------------------------------------------------
CHEMPLP = - ( 1.0000*S(PLP) + -3.0000*S(hbond) + -6.0000*S(metal) + -3.0000*S(cho) )

Score = CHEMPLP - 1.0000*DE(clash) - 2.0000*DE(tors)

Internal energy term has been corrected with the best internal energy encountered.

--------------------------------------------------------------------------------


     Score     S(PLP)   S(hbond)     S(cho)   S(metal)  DE(clash)   DE(tors)     intcor
     81.04     -77.82       2.00       0.00       0.00       0.00       1.66       0.54

--------------------------------------------------------------------------------
--- PLP analysis of protein-ligand interactions                              ---
--------------------------------------------------------------------------------
hydrogen bonding        :      -6.00
metal                   :       0.00
buried (polar-nonpolar) :      -7.14
nonpolar                :     -66.18
repulsive               :       0.29
--------------------------------------------------------------------------------


--------------------------------------------------------------------------------
--- ChemScore analysis of protein-ligand interactions                        ---
--------------------------------------------------------------------------------

* Hydrogen bonds                                                                
Ligand donor    5 hydrogen   30 Protein acceptor 2066 bond energy  1.00 wt 1.00
Ligand donor   10 hydrogen   33 Protein acceptor 2066 bond energy  1.00 wt 1.00


* CH..O interactions                                                            
  CH group selection                       : activated ring CH (adjacent to hetatom)

--------------------------------------------------------------------------------


--------------------------------------------------------------------------------
--- Intra-ligand clashes                                                     ---
--------------------------------------------------------------------------------

Ligand
--------------------------------------------------------------------------------


--------------------------------------------------------------------------------
--- Chromosome decoded                                                       ---
--------------------------------------------------------------------------------
Ligand Torsions
[  19   18    5   17]   28.91
[  18    5   17   16] -154.55
[  31    6   12   11]   89.58
[   4    7   16   10]   55.02
[  25   24    8   27]    5.25    matched torsion: aromatic methoxy
[  33   10   16    7]   80.39
[   7   16   17    5] -147.74
[  21   20   18    5] -138.57
[  18   20   21   26] -123.26    matched torsion: benzyl
Mapping
Ligand acceptors to protein hydrogens (mapping then atom ids)
Ligand hydrogens to protein acceptors (mapping then atom ids)
  2   3 [ 30->2066]
Ligand shape atoms to protein points (mapping then atom ids & coords)
  1  2500 [  1->(-24.250  10.500  24.250)]
  2  2554 [  9->(-24.250  12.250  20.000)]
  3  1005 [ 11->(-25.000  13.250  18.500)]
  4  3170 [ 14->(-24.000   9.750  23.000)]
  5  7570 [ 16->(-22.250  10.500  18.750)]
  6  7292 [ 17->(-22.500  10.250  18.750)]
  7  7729 [ 18->(-22.000   8.250  17.250)]
  8  7729 [ 19->(-22.000   8.250  17.250)]
  9  5393 [ 20->(-23.250   7.750  16.500)]
 10  4443 [ 22->(-23.500   4.500  14.250)]
 11  2857 [ 23->(-24.000   4.750  14.500)]
 12  4492 [ 25->(-23.500   5.000  14.250)]
 13  4514 [ 26->(-23.500   5.250  14.250)]
 14  5788 [ 27->(-23.000   2.000  12.000)]
Chromosome values
Integers:
  -1   -1   -1   -1   -1   -1    2   -1   -1 2499 2553 1004 
3169 7569 7291 7728 7728 5392 4442 2856 4491 4513 5787 
--------------------------------------------------------------------------------

Current Ranking  5  4  1  2  3

Top  3 (of  5) solutions are within 1.000 RMSD, finishing docking /home/mateusz/Kasia/zajecia/dokowanie-karolina/ligandy/2y02.mol2.


--------------------------------------------------------------------------------

* GA execution time :                                                           
  total  1.7102 user  1.7102 sys  0.0000

--------------------------------------------------------------------------------
Fitness function evaluations: 108808

--------------------------------------------------------------------------------
--- Ranking analysis                                                         ---
--------------------------------------------------------------------------------


* Final ranked order of GA solutions:                                           
   5  4  1  2  3 

  _______________________________
  RMSD Matrix of RANKED solutions

        2    3    4    5  

   1 :  0.5  0.9  1.5  1.5
   2 :       0.9  1.4  1.4
   3 :            1.4  1.4
   4 :                 0.1

  Clustering method                        : complete linkage
  Structure ids in cluster table           : rank nos.
  Ordering of clusters and their members   : by rank (order if from rms_analysis)

  Distance | Clusters
   0.08    |  1 |  2 |  3 |  4  5 |
   0.53    |  1  2 |  3 |  4  5 |
   0.93    |  1  2  3 |  4  5 |
   1.52    |  1  2  3  4  5 |
  Finished Docking Ligand                  : /home/mateusz/Kasia/zajecia/dokowanie-karolina/ligandy/2y02.mol2
--------------------------------------------------------------------------------

  Relative_Ligand_Energy (best encountered) :   0.543
  Relative_Ligand_Energy: fitness values have been corrected using this amount
