# WARNING: atom   13 in E:/CHEMBL6310.mol2 is type  N.ar resetting to type N.pl3 (set_atom_type)

--------------------------------------------------------------------------------
--- Ligand                                                                   ---
--------------------------------------------------------------------------------
  Ligand loaded from file                  : E:/CHEMBL6310.mol2
  Ligand name                              :  
  "*****                                                                    "

--------------------------------------------------------------------------------
  N.plc donors                             : 
  pro:   13 
  

  Acidic nitrogen acceptors                : 
  none found
  Sulfur acceptors                         :
  none found


  Donor atoms                              :      2
  10  13  
  Acceptor atoms                           :      2
  2   10  

  Hydrogens                                :  (n = 2)
  26   14   

  Lone pairs added to molecule             :      3
  Numbering                                : from 30 to 32

--------------------------------------------------------------------------------
--- Postprocessing of typing                                                 ---
--------------------------------------------------------------------------------
  Fragment file                            : C:\Program Files (x86)\CCDC/GoldSuite_2017\GOLD\gold\rotatable_bond_override.mol2
  acylurea fragment                        : no matches
  thioacylthiourea fragment                : no matches
  acylthiourea fragment                    : no matches
  thioacylurea fragment                    : no matches
  diarylamine fragment >C.ar-NH-C.ar<      : no matches
  sec-amine (1) fragment                   : no matches
  sec-amine (2) fragment                   : no matches
  sec-amine (3) fragment                   : no matches
  carboxylic ester                         : no matches

* Rotatable bonds in   E:/CHEMBL6310.mol2  :
  [   2    3] 
  No. of rotatable bonds                   :      1


* Reading torsional distributions from file:
  C:\Program Files (x86)\CCDC/GoldSuite_2017\GOLD\gold\gold.tordist
  No. of bins in torsional distributions   :     36
  Minimum size of largest peak             :      0
  Removing high energy torsions            : on
  Delta E set to                           :   2.500

* Fragments found in   E:/CHEMBL6310.mol2  :
  atom   3: benzene
  atom   4: benzene
  atom   5: benzene
  atom   6: benzene
  atom  15: benzene
  atom  16: benzene


* Checking torsion distributions:                                               
  Rotatable bond [16  3  2  1] matches torsion: aromatic methoxy
   C.ar ( 1H ) | C.ar ( C.ar ( 1H ) ) | O.3 | C.3 ( 3H ) 
  No. of matched torsions                  :      1

--------------------------------------------------------------------------------
--- Shape fitting atoms selection (hydrophobic atoms)                        ---
--------------------------------------------------------------------------------
  Molecule                                 : E:/CHEMBL6310.mol2
  Selection                                : carbons only
  Atom numbers                             :  (n = 7)
  1    4    5    8    9    11   16   


--------------------------------------------------------------------------------
--- ChemScore ligand setup summary                                           ---
--------------------------------------------------------------------------------
  ChemScore ligand acceptors               :      2
  2 10 
  ChemScore ligand donors                  :      2
  10 ( 26  ) 13 ( 14 [+]  ) 
  ChemScore ligand CH donors               :      0
  

  ChemScore ligand lipophilic atoms        :  (n = 12)
  1    3    4    5    6    7    8    9    11   12   
  15   16   

  ChemScore ligand rotatable bonds         :      1
  2   (O  ) - 3   (C  ): SP3_SP2_BOND

--------------------------------------------------------------------------------
--- PLP ligand setup summary                                                 ---
--------------------------------------------------------------------------------
    1     C   C.3 NONPOLAR
    2     O   O.3 ACCEPTOR
    3     C  C.ar NONPOLAR
    4     C  C.ar NONPOLAR
    5     C  C.ar NONPOLAR
    6     C  C.ar NONPOLAR
    7     C  C.ar NONPOLAR
    8     C   C.3 NONPOLAR
    9     C   C.3 NONPOLAR
   10     N   N.3 DONACC
   11     C   C.3 NONPOLAR
   12     C  C.ar NONPOLAR
   13     N N.pl3 DONOR
   15     C  C.ar NONPOLAR
   16     C  C.ar NONPOLAR

--------------------------------------------------------------------------------
--- Automatic parameter setting                                              ---
--------------------------------------------------------------------------------
  Contribution base                        :   2500
  Contribution per rotatable bond          :   6000
  Contribution per df                      :   4000
  Contribution per water                   :  10000
  Ligand rotatable bonds                   :      1
  Protein flexible side chain bonds        :      0
  Total rotatable bonds                    :      1
  Hydrophobic vol ratio (P/L)              :   2.762
  Base multiplier (polar)                  :   0.800
  Base multiplier (apolar)                 :   3.866
  Base contribution                        : 10000.000
  Fitting points                           :      4
  Estimated maxops needed (optimal)        :  16500
  Autoscale factor (in percent)            :    200
  Scaled maxops                            :  33250

--------------------------------------------------------------------------------

* Population settings                                                           
  maxops                                   :  33250
  popsiz                                   :    100
  select_pressure                          :   1.100
  n_islands                                :      3
  niche_siz                                :      2

* GA settings                                                                   
  pt_crosswt                               :     95
  allele_mutatewt                          :     95
  migratewt                                :     10

* Search settings                                                               
  start_vdw_linear_cutoff                  :   4.000
  initial_virtual_pt_match_max             :   3.000

--------------------------------------------------------------------------------

* Ligand initialisation time :                                                  
  total  0.0000 user  0.0000 sys  0.0000

--------------------------------------------------------------------------------

--------------------------------------------------------------------------------
** Docking run number  1 **
--------------------------------------------------------------------------------
  Rank fitness base is 5000.00 ; increment is 11.2233

* Initialising population(s) ...                                                
Number of constraints mappings 0
Number of constraints 0
  Population no.                           :      1
  Population size                          :    100
  Number of duplicates                     :      0
  Number of niche violations               :      1
  Number of errors                         :   1747

Number of constraints mappings 0
Number of constraints 0
  Population no.                           :      2
  Population size                          :    100
  Number of duplicates                     :      0
  Number of niche violations               :      3
  Number of errors                         :   1881

Number of constraints mappings 0
Number of constraints 0
  Population no.                           :      3
  Population size                          :    100
  Number of duplicates                     :      0
  Number of niche violations               :      5
  Number of errors                         :   1836


Doing GA, no. of population(s) 3 size 100 selection pressure 1.100000

 Operation      Score     S(PLP)   S(hbond)     S(cho)   S(metal)  DE(clash)   DE(tors)     intcor
         0      37.79     -38.13       0.00       0.00       0.00       0.00       0.28       0.21
        18      39.95     -40.11       0.00       0.00       0.00       0.23       0.07       0.21
       120      41.50     -41.59       0.00       0.00       0.00       0.05       0.13       0.21
      1516      42.12     -42.35       0.00       0.00       0.00       0.00       0.22       0.21
      1682      42.25     -42.72       0.00       0.00       0.00       0.00       0.34       0.21
      1741      42.88     -43.36       0.00       0.00       0.00       0.00       0.34       0.21
      2017      43.22     -43.46       0.00       0.00       0.00       0.00       0.22       0.21
      3205      43.28     -43.39       0.00       0.00       0.00       0.00       0.16       0.21
      3768      43.78     -43.96       0.00       0.00       0.00       0.27       0.06       0.21
      4416      43.84     -43.97       0.00       0.00       0.00       0.14       0.10       0.21
      6920      43.97     -44.12       0.00       0.00       0.00       0.19       0.08       0.21
      6950      43.99     -44.12       0.00       0.00       0.00       0.14       0.10       0.21
      7823      44.05     -44.13       0.00       0.00       0.00       0.02       0.13       0.21
     11888      44.06     -44.14       0.00       0.00       0.00       0.00       0.14       0.21
     16498      44.10     -44.30       0.00       0.00       0.00       0.35       0.03       0.21
     18079      44.10     -44.30       0.00       0.00       0.00       0.38       0.01       0.21
     18904      44.17     -44.25       0.00       0.00       0.00       0.02       0.13       0.21
     21166      44.17     -44.25       0.00       0.00       0.00       0.00       0.14       0.21
     23458      44.22     -44.34       0.00       0.00       0.00       0.28       0.03       0.21
     25235      44.25     -44.44       0.00       0.00       0.00       0.39       0.01       0.21
     26977      44.36     -44.46       0.00       0.00       0.00       0.00       0.15       0.21
     28885      44.38     -44.46       0.00       0.00       0.00       0.00       0.14       0.21
     30304      44.52     -44.61       0.00       0.00       0.00       0.00       0.15       0.21
--------------------------------------------------------------------------------
Best docking solution after GA:
     33250      44.52     -44.61       0.00       0.00       0.00       0.00       0.15       0.21

#ops:      33250 #mutates:  15788 #cross:    15799 #migrate:   1663 
#dups:     17089 #niche:    16741 #errors:    1110 
--------------------------------------------------------------------------------

Doing AMOEBA simplex on best individual
Done simplexing #iterations 274, best score  45.02

Ligand is stored in gold_soln_CHEMBL6310_m1_1.mol2


--------------------------------------------------------------------------------
--- CHEMPLP breakdown of terms                                               ---
--------------------------------------------------------------------------------
CHEMPLP = - ( 1.0000*S(PLP) + -3.0000*S(hbond) + -6.0000*S(metal) + -3.0000*S(cho) )

Score = CHEMPLP - 1.0000*DE(clash) - 2.0000*DE(tors)

Internal energy term has been corrected with the best internal energy encountered.

--------------------------------------------------------------------------------


     Score     S(PLP)   S(hbond)     S(cho)   S(metal)  DE(clash)   DE(tors)     intcor
     45.02     -45.13       0.00       0.00       0.00       0.09       0.11       0.21

--------------------------------------------------------------------------------
--- PLP analysis of protein-ligand interactions                              ---
--------------------------------------------------------------------------------
hydrogen bonding        :      -2.00
metal                   :       0.00
buried (polar-nonpolar) :      -6.52
nonpolar                :     -36.87
repulsive               :       0.08
--------------------------------------------------------------------------------


--------------------------------------------------------------------------------
--- ChemScore analysis of protein-ligand interactions                        ---
--------------------------------------------------------------------------------

* Hydrogen bonds                                                                


* CH..O interactions                                                            
  CH group selection                       : activated ring CH (adjacent to hetatom)

--------------------------------------------------------------------------------


--------------------------------------------------------------------------------
--- Intra-ligand clashes                                                     ---
--------------------------------------------------------------------------------

Ligand
  4 (C    ) -   1 (C    ):   0.09 (dist   2.75)
--------------------------------------------------------------------------------


--------------------------------------------------------------------------------
--- Chromosome decoded                                                       ---
--------------------------------------------------------------------------------
Ligand Torsions
[  16    3    2    1] -167.99    matched torsion: aromatic methoxy
Mapping
Ligand acceptors to protein hydrogens (mapping then atom ids)
Ligand hydrogens to protein acceptors (mapping then atom ids)
Ligand shape atoms to protein points (mapping then atom ids & coords)
  1  2188 [  1->(-38.750  13.500   5.250)]
  2  5791 [  4->(-36.250  15.750   6.250)]
  3  3416 [  5->(-37.750  19.250   5.000)]
  5  7857 [  9->(-35.250  22.500   4.500)]
  6  9114 [ 11->(-34.250  22.250   6.750)]
  7  8783 [ 16->(-34.500  16.500   7.750)]
Chromosome values
Integers:
  -1   -1   -1   -1 2187 5790 3415   -1 7856 9113 8782 
--------------------------------------------------------------------------------

Current Ranking  1

--------------------------------------------------------------------------------

* GA execution time :                                                           
  total  1.0002 user  1.0002 sys  0.0000

--------------------------------------------------------------------------------
Fitness function evaluations: 59864

--------------------------------------------------------------------------------
** Docking run number  2 **
--------------------------------------------------------------------------------
  Rank fitness base is 5000.00 ; increment is 11.2233

* Initialising population(s) ...                                                
Number of constraints mappings 0
Number of constraints 0
  Population no.                           :      1
  Population size                          :    100
  Number of duplicates                     :      0
  Number of niche violations               :      1
  Number of errors                         :   1881

Number of constraints mappings 0
Number of constraints 0
  Population no.                           :      2
  Population size                          :    100
  Number of duplicates                     :      0
  Number of niche violations               :      1
  Number of errors                         :   1780

Number of constraints mappings 0
Number of constraints 0
  Population no.                           :      3
  Population size                          :    100
  Number of duplicates                     :      0
  Number of niche violations               :      1
  Number of errors                         :   1805


Doing GA, no. of population(s) 3 size 100 selection pressure 1.100000

 Operation      Score     S(PLP)   S(hbond)     S(cho)   S(metal)  DE(clash)   DE(tors)     intcor
         0      41.94     -42.33       0.00       0.00       0.00       0.00       0.30       0.21
      1083      42.06     -42.25       0.00       0.00       0.00       0.32       0.04       0.21
      1832      42.47     -42.61       0.00       0.00       0.00       0.32       0.02       0.21
      2026      44.15     -44.34       0.00       0.00       0.00       0.35       0.03       0.21
      5039      44.19     -44.40       0.00       0.00       0.00       0.00       0.21       0.21
      5313      44.43     -44.53       0.00       0.00       0.00       0.00       0.16       0.21
      5606      44.45     -44.79       0.00       0.00       0.00       0.00       0.28       0.21
      5885      44.55     -44.76       0.00       0.00       0.00       0.00       0.21       0.21
      6227      44.59     -44.70       0.00       0.00       0.00       0.00       0.16       0.21
      6711      44.59     -44.68       0.00       0.00       0.00       0.00       0.15       0.21
      7443      44.60     -44.67       0.00       0.00       0.00       0.00       0.14       0.21
      9656      44.73     -44.97       0.00       0.00       0.00       0.00       0.22       0.21
     11943      44.74     -44.87       0.00       0.00       0.00       0.00       0.17       0.21
     13094      44.75     -44.86       0.00       0.00       0.00       0.00       0.16       0.21
     14585      44.79     -44.90       0.00       0.00       0.00       0.00       0.16       0.21
     19294      44.81     -44.89       0.00       0.00       0.00       0.02       0.13       0.21
     22192      44.82     -44.89       0.00       0.00       0.00       0.00       0.14       0.21
--------------------------------------------------------------------------------
Best docking solution after GA:
     33250      44.82     -44.89       0.00       0.00       0.00       0.00       0.14       0.21

#ops:      33250 #mutates:  15832 #cross:    15884 #migrate:   1534 
#dups:     16745 #niche:    16416 #errors:    1359 
--------------------------------------------------------------------------------

Doing AMOEBA simplex on best individual
Done simplexing #iterations 198, best score  45.06

Ligand is stored in gold_soln_CHEMBL6310_m1_2.mol2


--------------------------------------------------------------------------------
--- CHEMPLP breakdown of terms                                               ---
--------------------------------------------------------------------------------
CHEMPLP = - ( 1.0000*S(PLP) + -3.0000*S(hbond) + -6.0000*S(metal) + -3.0000*S(cho) )

Score = CHEMPLP - 1.0000*DE(clash) - 2.0000*DE(tors)

Internal energy term has been corrected with the best internal energy encountered.

--------------------------------------------------------------------------------


     Score     S(PLP)   S(hbond)     S(cho)   S(metal)  DE(clash)   DE(tors)     intcor
     45.06     -45.13       0.00       0.00       0.00       0.00       0.14       0.21

--------------------------------------------------------------------------------
--- PLP analysis of protein-ligand interactions                              ---
--------------------------------------------------------------------------------
hydrogen bonding        :      -1.91
metal                   :       0.00
buried (polar-nonpolar) :      -6.61
nonpolar                :     -36.83
repulsive               :       0.09
--------------------------------------------------------------------------------


--------------------------------------------------------------------------------
--- ChemScore analysis of protein-ligand interactions                        ---
--------------------------------------------------------------------------------

* Hydrogen bonds                                                                


* CH..O interactions                                                            
  CH group selection                       : activated ring CH (adjacent to hetatom)

--------------------------------------------------------------------------------


--------------------------------------------------------------------------------
--- Intra-ligand clashes                                                     ---
--------------------------------------------------------------------------------

Ligand
--------------------------------------------------------------------------------


--------------------------------------------------------------------------------
--- Chromosome decoded                                                       ---
--------------------------------------------------------------------------------
Ligand Torsions
[  16    3    2    1] -166.50    matched torsion: aromatic methoxy
Mapping
Ligand acceptors to protein hydrogens (mapping then atom ids)
Ligand hydrogens to protein acceptors (mapping then atom ids)
Ligand shape atoms to protein points (mapping then atom ids & coords)
  1  4519 [  1->(-37.000  15.500   6.500)]
  2  4583 [  4->(-37.000  16.750   6.000)]
  3  5508 [  5->(-36.500  18.750   5.000)]
  4  6457 [  8->(-36.000  20.000   5.000)]
  5  6568 [  9->(-36.000  23.000   5.500)]
  6  9269 [ 11->(-34.000  21.250   6.500)]
  7  4996 [ 16->(-36.750  16.500   6.500)]
Chromosome values
Integers:
  -1   -1   -1   -1 4518 4582 5507 6456 6567 9268 4995 
--------------------------------------------------------------------------------

Current Ranking  2  1

--------------------------------------------------------------------------------

* GA execution time :                                                           
  total  1.0002 user  1.0002 sys  0.0000

--------------------------------------------------------------------------------
Fitness function evaluations: 59849

--------------------------------------------------------------------------------
** Docking run number  3 **
--------------------------------------------------------------------------------
  Rank fitness base is 5000.00 ; increment is 11.2233

* Initialising population(s) ...                                                
Number of constraints mappings 0
Number of constraints 0
  Population no.                           :      1
  Population size                          :    100
  Number of duplicates                     :      0
  Number of niche violations               :      3
  Number of errors                         :   1782

Number of constraints mappings 0
Number of constraints 0
  Population no.                           :      2
  Population size                          :    100
  Number of duplicates                     :      0
  Number of niche violations               :      0
  Number of errors                         :   1846

Number of constraints mappings 0
Number of constraints 0
  Population no.                           :      3
  Population size                          :    100
  Number of duplicates                     :      0
  Number of niche violations               :      0
  Number of errors                         :   1778


Doing GA, no. of population(s) 3 size 100 selection pressure 1.100000

 Operation      Score     S(PLP)   S(hbond)     S(cho)   S(metal)  DE(clash)   DE(tors)     intcor
         0      39.26     -39.70       0.00       0.00       0.00       0.00       0.33       0.21
       608      39.31     -39.45       0.00       0.00       0.00       0.32       0.02       0.21
       667      39.67     -39.86       0.00       0.00       0.00       0.39       0.01       0.21
       875      40.36     -40.46       0.00       0.00       0.00       0.08       0.12       0.21
      1380      41.43     -41.72       0.00       0.00       0.00       0.00       0.25       0.21
      1669      42.40     -42.60       0.00       0.00       0.00       0.39       0.01       0.21
      2158      42.64     -42.84       0.00       0.00       0.00       0.39       0.01       0.21
      2614      42.79     -42.92       0.00       0.00       0.00       0.28       0.03       0.21
      3361      42.81     -42.92       0.00       0.00       0.00       0.25       0.04       0.21
      3607      42.97     -43.08       0.00       0.00       0.00       0.25       0.04       0.21
      3746      43.19     -43.21       0.00       0.00       0.00       0.00       0.12       0.21
      3788      43.59     -43.73       0.00       0.00       0.00       0.30       0.02       0.21
      4145      43.87     -44.06       0.00       0.00       0.00       0.40       0.00       0.21
      4152      43.90     -44.09       0.00       0.00       0.00       0.40       0.00       0.21
      4283      44.15     -44.46       0.00       0.00       0.00       0.00       0.26       0.21
      5992      44.32     -44.42       0.00       0.00       0.00       0.00       0.15       0.21
      6685      44.34     -44.41       0.00       0.00       0.00       0.00       0.14       0.21
     14434      44.53     -44.64       0.00       0.00       0.00       0.00       0.16       0.21
     16783      44.54     -44.61       0.00       0.00       0.00       0.00       0.14       0.21
     25729      44.57     -44.85       0.00       0.00       0.00       0.00       0.24       0.21
     28924      44.72     -44.80       0.00       0.00       0.00       0.02       0.13       0.21
     30866      44.72     -44.81       0.00       0.00       0.00       0.00       0.15       0.21
     32572      44.73     -44.81       0.00       0.00       0.00       0.00       0.14       0.21
--------------------------------------------------------------------------------
Best docking solution after GA:
     33250      44.73     -44.81       0.00       0.00       0.00       0.00       0.14       0.21

#ops:      33250 #mutates:  15871 #cross:    15668 #migrate:   1711 
#dups:     16823 #niche:    14656 #errors:    1549 
--------------------------------------------------------------------------------

Doing AMOEBA simplex on best individual
Done simplexing #iterations 128, best score  44.73

Ligand is stored in gold_soln_CHEMBL6310_m1_3.mol2


--------------------------------------------------------------------------------
--- CHEMPLP breakdown of terms                                               ---
--------------------------------------------------------------------------------
CHEMPLP = - ( 1.0000*S(PLP) + -3.0000*S(hbond) + -6.0000*S(metal) + -3.0000*S(cho) )

Score = CHEMPLP - 1.0000*DE(clash) - 2.0000*DE(tors)

Internal energy term has been corrected with the best internal energy encountered.

--------------------------------------------------------------------------------


     Score     S(PLP)   S(hbond)     S(cho)   S(metal)  DE(clash)   DE(tors)     intcor
     44.73     -44.81       0.00       0.00       0.00       0.00       0.14       0.21

--------------------------------------------------------------------------------
--- PLP analysis of protein-ligand interactions                              ---
--------------------------------------------------------------------------------
hydrogen bonding        :      -2.00
metal                   :       0.00
buried (polar-nonpolar) :      -6.66
nonpolar                :     -36.49
repulsive               :       0.09
--------------------------------------------------------------------------------


--------------------------------------------------------------------------------
--- ChemScore analysis of protein-ligand interactions                        ---
--------------------------------------------------------------------------------

* Hydrogen bonds                                                                


* CH..O interactions                                                            
  CH group selection                       : activated ring CH (adjacent to hetatom)

--------------------------------------------------------------------------------


--------------------------------------------------------------------------------
--- Intra-ligand clashes                                                     ---
--------------------------------------------------------------------------------

Ligand
--------------------------------------------------------------------------------


--------------------------------------------------------------------------------
--- Chromosome decoded                                                       ---
--------------------------------------------------------------------------------
Ligand Torsions
[  16    3    2    1] -166.41    matched torsion: aromatic methoxy
Mapping
Ligand acceptors to protein hydrogens (mapping then atom ids)
Ligand hydrogens to protein acceptors (mapping then atom ids)
Ligand shape atoms to protein points (mapping then atom ids & coords)
  1  4099 [  1->(-37.250  15.500   6.750)]
  2  3717 [  4->(-37.500  16.750   4.500)]
  3  5917 [  5->(-36.250  18.000   5.750)]
  4  7824 [  8->(-35.250  21.500   6.500)]
  5  6940 [  9->(-35.750  20.750   5.500)]
  6  8225 [ 11->(-35.000  21.250   5.750)]
  7  6844 [ 16->(-35.750  17.750   6.750)]
Chromosome values
Integers:
  -1   -1   -1   -1 4098 3716 5916 7823 6939 8224 6843 
--------------------------------------------------------------------------------

Current Ranking  2  1  3

Top  3 (of  3) solutions are within 1.000 RMSD, finishing docking E:/CHEMBL6310.mol2.


--------------------------------------------------------------------------------

* GA execution time :                                                           
  total  1.9992 user  1.9991 sys  0.0000

--------------------------------------------------------------------------------
Fitness function evaluations: 59156

--------------------------------------------------------------------------------
--- Ranking analysis                                                         ---
--------------------------------------------------------------------------------


* Final ranked order of GA solutions:                                           
   2  1  3 

  _______________________________
  RMSD Matrix of RANKED solutions

        2    3  

   1 :  0.2  0.2
   2 :       0.2

  Clustering method                        : complete linkage
  Structure ids in cluster table           : rank nos.
  Ordering of clusters and their members   : by rank (order if from rms_analysis)

  Distance | Clusters
   0.16    |  1  3 |  2 |
   0.21    |  1  2  3 |
  Finished Docking Ligand                  : E:/CHEMBL6310.mol2
--------------------------------------------------------------------------------

  Relative_Ligand_Energy (best encountered) :   0.211
  Relative_Ligand_Energy: fitness values have been corrected using this amount
