# WARNING: atom    2 in C:/Users/student/Desktop/project/beta1/ligandy/2y02.mol2 is type  N.ar resetting to type  N.am (set_atom_type)
# WARNING: bond    5 in C:/Users/student/Desktop/project/beta1/ligandy/2y02.mol2 is type  ar resetting to type  am (set_bond_type)

--------------------------------------------------------------------------------
--- Ligand                                                                   ---
--------------------------------------------------------------------------------
  Ligand loaded from file                  : C:/Users/student/Desktop/project/beta1/ligandy/2y02.mol2
  Ligand name                              :  
  "C:\Users\porto\OneDrive\projekt\beta1\ligandy\L_2y02.pdb L_2y02.pdb 1    "

--------------------------------------------------------------------------------
  N.plc donors                             : 
  none found

  Acidic nitrogen acceptors                : 
  none found
  Sulfur acceptors                         :
  none found


  Donor atoms                              :      4
  2   5   6   10  
  Acceptor atoms                           :      5
  3   5   6   8   10  

  Hydrogens                                :  (n = 4)
  29   30   31   33   

  Lone pairs added to molecule             :      9
  Numbering                                : from 52 to 60

  Free ring corners                        : 
  

--------------------------------------------------------------------------------
--- Match Ring Templates                                                     ---
--------------------------------------------------------------------------------

  Ring torsional energy                    : on

  Number of matched rings                  :      0

--------------------------------------------------------------------------------

  Flippable nitrogens in C:/Users/student/Desktop/project/beta1/ligandy/2y02.mol2: 5Nitrogen number 5
Rotation X atom: 17 Y atom 18
Number of rotatable atoms = 2
Atoms to rotate: 30, 54, 
Virtual hydrogens to rotate: 2, 
Virtual lps to rotate: 3, 


--------------------------------------------------------------------------------
--- Postprocessing of typing                                                 ---
--------------------------------------------------------------------------------
  Fragment file                            : C:\Program Files (x86)\CCDC/GoldSuite_2017\GOLD\gold\rotatable_bond_override.mol2
  acylurea fragment                        : no matches
  thioacylthiourea fragment                : no matches
  acylthiourea fragment                    : no matches
  thioacylurea fragment                    : no matches
  diarylamine fragment >C.ar-NH-C.ar<      : no matches
  sec-amine (1) fragment                   : no matches
  sec-amine (2) fragment                   : no matches
  sec-amine (3) fragment                   : no matches
  carboxylic ester                         : no matches

* Rotatable bonds in C:/Users/student/Des  :
  [   5   18] [   5   17] [   6   12] [   7   16] 
  [   8   24] [  10   16] [  16   17] [  18   20] 
  [  20   21] 
  No. of rotatable bonds                   :      9


* Fragments found in C:/Users/student/Des  :
  atom   4: benzene
  atom   7: benzene
  atom   9: benzene
  atom  11: benzene
  atom  12: benzene
  atom  13: benzene
  atom  21: benzene
  atom  22: benzene
  atom  23: benzene
  atom  24: benzene
  atom  25: benzene
  atom  26: benzene


* Checking torsion distributions:                                               
  Rotatable bond [25 24  8 27] matches torsion: aromatic methoxy
   C.ar ( 1H ) | C.ar ( C.ar ( 1H ) ) | O.3 | C.3 ( 3H ) 
  Rotatable bond [18 20 21 26] matches torsion: benzyl
   C | C.3 ( 2H ) | C.ar ( ~C.ar ( 1H ) ) | ~C.ar ( 1H ) | expand  0.00 180.00
  No. of matched torsions                  :      2

--------------------------------------------------------------------------------
--- Shape fitting atoms selection (hydrophobic atoms)                        ---
--------------------------------------------------------------------------------
  Molecule                                 : C:/Users/student/Desktop/project/beta1/ligandy/2y02.mol2
  Selection                                : carbons only
  Atom numbers                             :  (n = 14)
  1    9    11   14   16   17   18   19   20   22   
  23   25   26   27   


--------------------------------------------------------------------------------
--- ChemScore ligand setup summary                                           ---
--------------------------------------------------------------------------------
  ChemScore ligand acceptors               :      5
  3 5 6 8 10 
  ChemScore ligand donors                  :      4
  2 ( 29  ) 5 ( 30  ) 6 ( 31  ) 10 ( 33  ) 
  ChemScore ligand CH donors               :      0
  

  ChemScore ligand lipophilic atoms        :  (n = 20)
  1    4    7    9    11   12   13   14   16   17   
  18   19   20   21   22   23   24   25   26   27   
  

  ChemScore ligand rotatable bonds         :      9
  5   (N2 ) - 18  (C12): SP3_SP3_BOND
  5   (N2 ) - 17  (C11): SP3_SP3_BOND
  6   (O2 ) - 12  (C6 ): SP3_SP2_BOND
  7   (C3 ) - 16  (C10): SP3_SP2_BOND
  8   (O3 ) - 24  (C18): SP3_SP2_BOND
  10  (O4 ) - 16  (C10): SP3_SP3_BOND
  16  (C10) - 17  (C11): SP3_SP3_BOND
  18  (C12) - 20  (C14): SP3_SP3_BOND
  20  (C14) - 21  (C15): SP3_SP2_BOND

--------------------------------------------------------------------------------
--- PLP ligand setup summary                                                 ---
--------------------------------------------------------------------------------
    1    C1  C.ar NONPOLAR
    2    N1  N.am DONOR
    3    O1   O.2 ACCEPTOR
    4    C2  C.ar NONPOLAR
    5    N2   N.3 DONACC
    6    O2   O.3 DONACC
    7    C3  C.ar NONPOLAR
    8    O3   O.3 ACCEPTOR
    9    C4  C.ar NONPOLAR
   10    O4   O.3 DONACC
   11    C5  C.ar NONPOLAR
   12    C6  C.ar NONPOLAR
   13    C7  C.ar NONPOLAR
   14    C8  C.ar NONPOLAR
   15    C9  C.ar NONPOLAR
   16   C10   C.3 NONPOLAR
   17   C11   C.3 NONPOLAR
   18   C12   C.3 NONPOLAR
   19   C13   C.3 NONPOLAR
   20   C14   C.3 NONPOLAR
   21   C15  C.ar NONPOLAR
   22   C16  C.ar NONPOLAR
   23   C17  C.ar NONPOLAR
   24   C18  C.ar NONPOLAR
   25   C19  C.ar NONPOLAR
   26   C20  C.ar NONPOLAR
   27   C21   C.3 NONPOLAR

--------------------------------------------------------------------------------
--- Automatic parameter setting                                              ---
--------------------------------------------------------------------------------
  Contribution base                        :   2500
  Contribution per rotatable bond          :   6000
  Contribution per df                      :   4000
  Contribution per water                   :  10000
  Ligand rotatable bonds                   :      9
  Protein flexible side chain bonds        :      0
  Total rotatable bonds                    :      9
  Hydrophobic vol ratio (P/L)              :   1.266
  Base multiplier (polar)                  :   1.800
  Base multiplier (apolar)                 :   3.546
  Base contribution                        : 12500.000
  Fitting points                           :      9
  Other degrees of freedom                 :      1
     Flipping nitrogens                    :      1
  Estimated maxops needed (optimal)        :  71000

--------------------------------------------------------------------------------

* Population settings                                                           
  maxops                                   :  71000
  popsiz                                   :    100
  select_pressure                          :   1.100
  n_islands                                :      5
  niche_siz                                :      2

* GA settings                                                                   
  pt_crosswt                               :     95
  allele_mutatewt                          :     95
  migratewt                                :     10

* Search settings                                                               
  start_vdw_linear_cutoff                  :   4.000
  initial_virtual_pt_match_max             :   3.000

--------------------------------------------------------------------------------

* Ligand initialisation time :                                                  
  total  0.0000 user  0.0000 sys  0.0000

--------------------------------------------------------------------------------

--------------------------------------------------------------------------------
** Docking run number  1 **
--------------------------------------------------------------------------------
  Rank fitness base is 5000.00 ; increment is 11.2233

* Initialising population(s) ...                                                
Number of constraints mappings 0
Number of constraints 0
  Population no.                           :      1
  Population size                          :    100
  Number of duplicates                     :      0
  Number of niche violations               :      0
  Number of errors                         :    103

Number of constraints mappings 0
Number of constraints 0
  Population no.                           :      2
  Population size                          :    100
  Number of duplicates                     :      0
  Number of niche violations               :      0
  Number of errors                         :     78

Number of constraints mappings 0
Number of constraints 0
  Population no.                           :      3
  Population size                          :    100
  Number of duplicates                     :      0
  Number of niche violations               :      0
  Number of errors                         :     83

Number of constraints mappings 0
Number of constraints 0
  Population no.                           :      4
  Population size                          :    100
  Number of duplicates                     :      0
  Number of niche violations               :      0
  Number of errors                         :     78

Number of constraints mappings 0
Number of constraints 0
  Population no.                           :      5
  Population size                          :    100
  Number of duplicates                     :      0
  Number of niche violations               :      0
  Number of errors                         :     69


Doing GA, no. of population(s) 5 size 100 selection pressure 1.100000

 Operation      Score     S(PLP)   S(hbond)     S(cho)   S(metal)  DE(clash)   DE(tors)     intcor
         0      -5.20     -16.84       0.00       0.00       0.00      14.06       4.52       1.07
       616      13.84     -21.79       0.00       0.00       0.00       2.74       3.14       1.07
       741      13.91     -21.79       0.00       0.00       0.00       2.74       3.10       1.07
       944      19.67     -32.95       0.00       0.00       0.00       7.80       3.27       1.07
      1796      24.18     -38.36       0.52       0.00       0.00      10.04       3.39       1.07
      2141      28.60     -42.00       0.78       0.00       0.00      10.04       3.39       1.07
      3566      28.76     -44.72       0.00       0.00       0.00      10.04       3.50       1.07
      3636      30.66     -44.72       0.65       0.00       0.00      10.04       3.52       1.07
      4132      31.44     -35.99       0.00       0.00       0.00       0.12       2.75       1.07
      4582      31.74     -36.27       0.00       0.00       0.00       0.12       2.74       1.07
      4671      37.37     -59.30       0.00       0.00       0.00      14.65       4.17       1.07
      5553      38.50     -49.73       1.14       0.00       0.00       8.39       3.65       1.07
      5861      40.23     -56.06       0.00       0.00       0.00      10.04       3.43       1.07
      5876      57.71     -64.62       0.00       0.00       0.00       2.88       2.55       1.07
      6846      58.59     -65.50       0.00       0.00       0.00       2.88       2.55       1.07
      6986      59.12     -66.03       0.00       0.00       0.00       2.88       2.55       1.07
      7721      60.29     -67.20       0.00       0.00       0.00       2.88       2.55       1.07
      8896      60.37     -67.28       0.00       0.00       0.00       2.88       2.55       1.07
      9286      60.56     -67.47       0.00       0.00       0.00       2.88       2.55       1.07
      9616      61.60     -67.47       0.34       0.00       0.00       2.88       2.53       1.07
     10456      63.37     -69.04       0.40       0.00       0.00       2.88       2.53       1.07
     13302      63.38     -69.04       0.40       0.00       0.00       2.88       2.52       1.07
     14438      64.04     -70.10       0.00       0.00       0.00       1.63       2.75       1.07
     18277      64.83     -70.84       0.27       0.00       0.00       2.87       2.51       1.07
     18837      64.96     -71.02       0.26       0.00       0.00       2.87       2.51       1.07
     19472      65.12     -71.14       0.27       0.00       0.00       2.87       2.51       1.07
     19656      65.43     -68.96       0.77       0.00       0.00       0.37       3.26       1.07
     19751      65.63     -69.06       0.80       0.00       0.00       0.37       3.26       1.07
     19997      65.65     -69.23       0.75       0.00       0.00       0.37       3.26       1.07
     20576      66.83     -69.92       0.91       0.00       0.00       0.37       3.26       1.07
     24735      67.10     -70.71       0.76       0.00       0.00       0.37       3.26       1.01
     25326      67.28     -72.69       0.53       0.00       0.00       2.75       2.63       1.01
     26385      67.28     -70.97       0.70       0.00       0.00       0.37       3.22       1.01
     26981      68.08     -72.40       0.90       0.00       0.00       2.87       2.58       1.01
     28966      68.56     -72.69       0.94       0.00       0.00       2.75       2.61       1.01
     30806      68.70     -72.65       1.00       0.00       0.00       2.75       2.61       1.01
     34202      68.79     -72.64       1.00       0.00       0.00       2.75       2.56       1.01
     34877      68.83     -72.64       1.00       0.00       0.00       2.75       2.53       1.01
     35805      68.90     -72.64       1.00       0.00       0.00       2.66       2.54       1.01
     42311      69.07     -72.93       1.00       0.00       0.00       2.75       2.56       1.01
     42622      69.50     -73.24       0.99       0.00       0.00       2.54       2.59       1.01
     46967      69.53     -73.31       0.99       0.00       0.00       2.54       2.61       1.01
     47182      69.64     -73.42       1.00       0.00       0.00       2.54       2.62       1.01
     47999      69.89     -73.76       0.69       0.00       0.00       1.49       2.72       1.01
     50513      69.99     -73.75       0.74       0.00       0.00       1.49       2.74       1.01
     54568      70.03     -73.75       0.74       0.00       0.00       1.49       2.72       1.01
     55679      70.07     -71.21       1.26       0.00       0.00       0.11       2.91       1.01
     56964      70.22     -71.32       1.27       0.00       0.00       0.11       2.91       1.01
     58249      70.44     -71.72       1.21       0.00       0.00       0.11       2.91       1.01
     63169      70.46     -74.27       0.72       0.00       0.00       1.49       2.74       1.01
     63719      70.91     -71.78       1.24       0.00       0.00       0.11       2.75       1.01
     64967      71.08     -72.37       1.04       0.00       0.00       0.15       2.64       1.01
     65232      71.08     -73.61       1.00       0.00       0.00       1.49       2.52       1.01
     65917      71.13     -72.82       0.98       0.00       0.00       0.15       2.74       1.01
     66504      71.14     -71.74       1.25       0.00       0.00       0.11       2.63       1.01
     66697      71.43     -73.22       0.94       0.00       0.00       0.15       2.74       1.01
     66947      71.55     -73.00       1.00       0.00       0.00       0.15       2.65       1.01
     67816      71.60     -73.11       1.00       0.00       0.00       0.15       2.68       1.01
     68057      71.81     -73.22       1.00       0.00       0.00       0.15       2.63       1.01
     69272      72.34     -73.86       0.98       0.00       0.00       0.15       2.65       1.01
     69772      72.38     -73.87       0.98       0.00       0.00       0.15       2.64       1.01
     69833      72.53     -73.64       1.11       0.00       0.00       0.15       2.65       1.01
--------------------------------------------------------------------------------
Best docking solution after GA:
     71000      72.53     -73.64       1.11       0.00       0.00       0.15       2.65       1.01

#ops:      71000 #mutates:  33455 #cross:    34028 #migrate:   3517 
#dups:     22393 #niche:    40441 #errors:     130 
--------------------------------------------------------------------------------

Doing AMOEBA simplex on best individual
Done simplexing #iterations 470, best score  73.33

Ligand is stored in gold_soln_2y02_m1_1.mol2


--------------------------------------------------------------------------------
--- CHEMPLP breakdown of terms                                               ---
--------------------------------------------------------------------------------
CHEMPLP = - ( 1.0000*S(PLP) + -3.0000*S(hbond) + -6.0000*S(metal) + -3.0000*S(cho) )

Score = CHEMPLP - 1.0000*DE(clash) - 2.0000*DE(tors)

Internal energy term has been corrected with the best internal energy encountered.

--------------------------------------------------------------------------------


     Score     S(PLP)   S(hbond)     S(cho)   S(metal)  DE(clash)   DE(tors)     intcor
     73.33     -74.27       1.12       0.00       0.00       0.16       2.58       1.01

--------------------------------------------------------------------------------
--- PLP analysis of protein-ligand interactions                              ---
--------------------------------------------------------------------------------
hydrogen bonding        :      -3.87
metal                   :       0.00
buried (polar-nonpolar) :      -7.70
nonpolar                :     -63.02
repulsive               :       0.22
--------------------------------------------------------------------------------


--------------------------------------------------------------------------------
--- ChemScore analysis of protein-ligand interactions                        ---
--------------------------------------------------------------------------------

* Hydrogen bonds                                                                
Ligand donor    5 hydrogen   30 Protein acceptor 2066 bond energy  1.00 wt 0.12
Ligand donor   10 hydrogen   33 Protein acceptor 2066 bond energy  1.00 wt 1.00


* CH..O interactions                                                            
  CH group selection                       : activated ring CH (adjacent to hetatom)

--------------------------------------------------------------------------------


--------------------------------------------------------------------------------
--- Intra-ligand clashes                                                     ---
--------------------------------------------------------------------------------

Ligand
 17 (C11  ) -   9 (C4   ):   0.16 (dist   2.75)
--------------------------------------------------------------------------------


--------------------------------------------------------------------------------
--- Chromosome decoded                                                       ---
--------------------------------------------------------------------------------
Ligand Torsions
[  19   18    5   17]  -20.80
[  18    5   17   16] -158.42
[  31    6   12   11] -130.30
[   4    7   16   10]   66.42
[  25   24    8   27] -172.06    matched torsion: aromatic methoxy
[  33   10   16    7]   59.38
[   7   16   17    5]  -96.31
[  21   20   18    5] -161.41
[  18   20   21   26] -121.19    matched torsion: benzyl
Pyramidal nitrogens flipped: 5 
Pyramidal nitrogens not flipped: 
Mapping
Ligand acceptors to protein hydrogens (mapping then atom ids)
Ligand hydrogens to protein acceptors (mapping then atom ids)
Ligand shape atoms to protein points (mapping then atom ids & coords)
  1  4742 [  1->(-23.500  10.000  22.250)]
  2  4825 [  9->(-23.500  12.500  19.250)]
  3  2583 [ 11->(-24.250  13.250  20.000)]
  4  4013 [ 14->(-23.750  10.250  24.000)]
  5  6218 [ 16->(-23.000   9.500  18.750)]
  7  6138 [ 18->(-23.000   8.250  17.000)]
  8  7698 [ 19->(-22.000   7.000  16.250)]
  9  6748 [ 20->(-22.750   7.250  16.500)]
 10  6000 [ 22->(-23.000   5.250  14.500)]
 11  4415 [ 23->(-23.500   4.250  13.750)]
 12  2885 [ 25->(-24.000   5.000  14.250)]
 13  6717 [ 26->(-22.750   6.500  15.000)]
 14  5043 [ 27->(-23.250   2.750  12.250)]
Chromosome values
Integers:
  -1   -1   -1   -1   -1   -1   -1   -1   -1 4741 4824 2582 
4012 6217   -1 6137 7697 6747 5999 4414 2884 6716 5042 
--------------------------------------------------------------------------------

Current Ranking  1

--------------------------------------------------------------------------------

* GA execution time :                                                           
  total  4.9998 user  4.9998 sys  0.0000

--------------------------------------------------------------------------------
Fitness function evaluations: 115527

--------------------------------------------------------------------------------
** Docking run number  2 **
--------------------------------------------------------------------------------
  Rank fitness base is 5000.00 ; increment is 11.2233

* Initialising population(s) ...                                                
Number of constraints mappings 0
Number of constraints 0
  Population no.                           :      1
  Population size                          :    100
  Number of duplicates                     :      0
  Number of niche violations               :      0
  Number of errors                         :     85

Number of constraints mappings 0
Number of constraints 0
  Population no.                           :      2
  Population size                          :    100
  Number of duplicates                     :      0
  Number of niche violations               :      0
  Number of errors                         :     75

Number of constraints mappings 0
Number of constraints 0
  Population no.                           :      3
  Population size                          :    100
  Number of duplicates                     :      0
  Number of niche violations               :      0
  Number of errors                         :     85

Number of constraints mappings 0
Number of constraints 0
  Population no.                           :      4
  Population size                          :    100
  Number of duplicates                     :      0
  Number of niche violations               :      0
  Number of errors                         :     67

Number of constraints mappings 0
Number of constraints 0
  Population no.                           :      5
  Population size                          :    100
  Number of duplicates                     :      0
  Number of niche violations               :      0
  Number of errors                         :     81


Doing GA, no. of population(s) 5 size 100 selection pressure 1.100000

 Operation      Score     S(PLP)   S(hbond)     S(cho)   S(metal)  DE(clash)   DE(tors)     intcor
         0      -4.12      -4.20       0.00       0.00       0.00       4.92       2.21       1.01
       443       7.60     -29.77       0.41       0.00       0.00      18.82       2.79       1.01
      1027      19.87     -27.58       0.00       0.00       0.00       5.67       1.53       1.01
      1195      23.66     -32.73       0.32       0.00       0.00       5.36       2.83       1.01
      1253      35.99     -44.79       0.00       0.00       0.00       5.03       2.39       1.01
      3373      37.66     -41.27       0.56       0.00       0.00       2.67       1.81       1.01
      3703      41.72     -47.06       0.00       0.00       0.00       2.83       1.76       1.01
      4388      43.44     -48.79       0.00       0.00       0.00       2.83       1.76       1.01
      4768      43.82     -49.11       0.00       0.00       0.00       2.67       1.81       1.01
      4865      53.60     -60.49       1.00       0.00       0.00       5.36       2.77       1.01
      9902      54.09     -60.74       0.00       0.00       0.00       1.47       3.10       1.01
      9958      54.72     -57.20       0.05       0.00       0.00       0.00       1.81       1.01
     10707      54.84     -61.50       0.00       0.00       0.00       1.47       3.10       1.01
     10713      57.24     -62.97       1.00       0.00       0.00       6.10       1.82       1.01
     10723      57.55     -60.08       0.03       0.00       0.00       0.00       1.81       1.01
     11273      58.26     -60.75       0.04       0.00       0.00       0.00       1.81       1.01
     11413      59.68     -62.30       0.00       0.00       0.00       0.00       1.81       1.01
     12628      59.74     -63.42       1.00       0.00       0.00       3.62       2.04       1.01
     12878      60.75     -63.94       0.86       0.00       0.00       3.62       1.59       1.01
     13444      61.20     -66.68       0.00       0.00       0.00       0.39       3.05       1.01
     14358      62.07     -64.84       1.00       0.00       0.00       3.62       1.59       1.01
     14548      62.16     -64.93       1.00       0.00       0.00       3.62       1.59       1.01
     15423      62.17     -64.85       1.00       0.00       0.00       3.62       1.53       1.01
     15433      62.24     -64.93       1.00       0.00       0.00       3.62       1.54       1.01
     15773      62.76     -66.07       1.00       0.00       0.00       3.62       1.85       1.01
     15952      63.95     -69.10       1.16       0.00       0.00       6.10       1.77       1.01
     15983      64.75     -68.38       1.00       0.00       0.00       3.62       2.01       1.01
     16073      65.14     -68.62       1.05       0.00       0.00       3.62       2.01       1.01
     16508      65.21     -67.90       1.00       0.00       0.00       3.62       1.54       1.01
     16943      66.77     -69.53       1.00       0.00       0.00       3.62       1.58       1.01
     17762      66.85     -69.53       1.00       0.00       0.00       3.62       1.53       1.01
     17999      66.93     -69.62       1.00       0.00       0.00       3.62       1.54       1.01
     18128      67.35     -68.52       1.00       0.00       0.00       2.25       1.47       1.01
     18632      67.86     -70.59       1.00       0.00       0.00       3.62       1.56       1.01
     19148      68.10     -69.20       1.00       0.00       0.00       2.25       1.43       1.01
     19408      68.26     -69.36       1.00       0.00       0.00       2.25       1.43       1.01
     19833      68.42     -69.51       1.00       0.00       0.00       2.25       1.43       1.01
     19909      70.90     -67.81       1.51       0.00       0.00       0.07       1.19       1.01
     21734      71.16     -68.78       1.27       0.00       0.00       0.07       1.19       1.01
     22978      72.31     -69.64       1.37       0.00       0.00       0.07       1.19       1.01
     24053      72.32     -69.52       1.37       0.00       0.00       0.07       1.12       1.01
     24534      72.58     -70.09       1.31       0.00       0.00       0.07       1.19       1.01
     25373      72.63     -69.99       1.31       0.00       0.00       0.07       1.12       1.01
     26374      72.65     -69.93       1.39       0.00       0.00       0.07       1.19       1.01
     26455      73.29     -69.24       1.84       0.00       0.00       0.07       1.20       1.01
     27713      73.65     -70.70       1.23       0.00       0.00       0.07       0.84       1.01
     28599      74.16     -72.26       1.00       0.00       0.00       0.07       1.02       1.01
     29363      74.19     -70.44       1.59       0.00       0.00       0.07       0.98       1.00
     30585      74.28     -70.18       1.95       0.00       0.00       0.07       1.28       0.87
     33059      74.44     -72.26       1.13       0.00       0.00       0.07       0.99       0.84
     33185      74.68     -72.99       1.03       0.00       0.00       0.07       1.09       0.84
     33925      75.33     -73.74       1.00       0.00       0.00       0.07       1.09       0.84
     35660      75.58     -73.82       1.06       0.00       0.00       0.07       1.09       0.84
     36579      75.70     -73.45       1.22       0.00       0.00       0.07       1.09       0.84
     37435      76.64     -73.40       1.59       0.00       0.00       0.07       1.15       0.84
     40125      76.92     -72.61       1.93       0.00       0.00       0.07       1.12       0.84
     42585      77.19     -73.76       1.67       0.00       0.00       0.07       1.17       0.84
     42865      77.22     -73.80       1.65       0.00       0.00       0.07       1.15       0.84
     44370      77.71     -73.78       1.80       0.00       0.00       0.07       1.12       0.84
     45864      77.73     -75.05       1.59       0.00       0.00       0.07       1.42       0.84
     46196      77.81     -73.92       1.83       0.00       0.00       0.07       1.18       0.84
     50750      77.82     -73.91       1.83       0.00       0.00       0.07       1.17       0.84
     51429      77.89     -74.22       1.98       0.00       0.00       0.00       1.55       0.84
     54050      78.01     -73.92       1.81       0.00       0.00       0.07       1.06       0.84
     55645      78.14     -74.42       1.93       0.00       0.00       0.07       1.42       0.84
     56320      78.25     -74.21       2.00       0.00       0.00       0.07       1.37       0.84
     64180      78.32     -74.47       1.76       0.00       0.00       0.00       1.14       0.84
     65680      78.37     -74.11       1.94       0.00       0.00       0.07       1.17       0.84
     66275      78.62     -74.41       1.96       0.00       0.00       0.07       1.22       0.84
     67880      78.66     -74.21       1.98       0.00       0.00       0.00       1.15       0.84
     68105      78.74     -74.54       1.96       0.00       0.00       0.00       1.26       0.84
     69565      78.79     -74.79       1.89       0.00       0.00       0.00       1.26       0.84
     69850      79.03     -74.73       1.99       0.00       0.00       0.00       1.26       0.84
--------------------------------------------------------------------------------
Best docking solution after GA:
     71000      79.03     -74.73       1.99       0.00       0.00       0.00       1.26       0.84

#ops:      71000 #mutates:  33745 #cross:    33723 #migrate:   3532 
#dups:     23876 #niche:    54028 #errors:      88 
--------------------------------------------------------------------------------

Doing AMOEBA simplex on best individual
Done simplexing #iterations 698, best score  79.27

Ligand is stored in gold_soln_2y02_m1_2.mol2


--------------------------------------------------------------------------------
--- CHEMPLP breakdown of terms                                               ---
--------------------------------------------------------------------------------
CHEMPLP = - ( 1.0000*S(PLP) + -3.0000*S(hbond) + -6.0000*S(metal) + -3.0000*S(cho) )

Score = CHEMPLP - 1.0000*DE(clash) - 2.0000*DE(tors)

Internal energy term has been corrected with the best internal energy encountered.

--------------------------------------------------------------------------------


     Score     S(PLP)   S(hbond)     S(cho)   S(metal)  DE(clash)   DE(tors)     intcor
     79.27     -74.94       2.00       0.00       0.00       0.00       1.26       0.84

--------------------------------------------------------------------------------
--- PLP analysis of protein-ligand interactions                              ---
--------------------------------------------------------------------------------
hydrogen bonding        :      -6.07
metal                   :       0.00
buried (polar-nonpolar) :      -5.98
nonpolar                :     -64.23
repulsive               :       0.21
--------------------------------------------------------------------------------


--------------------------------------------------------------------------------
--- ChemScore analysis of protein-ligand interactions                        ---
--------------------------------------------------------------------------------

* Hydrogen bonds                                                                
Ligand donor    5 hydrogen   30 Protein acceptor 2066 bond energy  1.00 wt 1.00
Ligand donor   10 hydrogen   33 Protein acceptor 2066 bond energy  1.00 wt 1.00


* CH..O interactions                                                            
  CH group selection                       : activated ring CH (adjacent to hetatom)

--------------------------------------------------------------------------------


--------------------------------------------------------------------------------
--- Intra-ligand clashes                                                     ---
--------------------------------------------------------------------------------

Ligand
--------------------------------------------------------------------------------


--------------------------------------------------------------------------------
--- Chromosome decoded                                                       ---
--------------------------------------------------------------------------------
Ligand Torsions
[  19   18    5   17]   43.60
[  18    5   17   16] -170.91
[  31    6   12   11]  -35.33
[   4    7   16   10]   55.53
[  25   24    8   27]  179.89    matched torsion: aromatic methoxy
[  33   10   16    7]   89.52
[   7   16   17    5] -160.05
[  21   20   18    5] -155.65
[  18   20   21   26] -118.01    matched torsion: benzyl
Pyramidal nitrogens flipped: 
Pyramidal nitrogens not flipped: 5 
Mapping
Ligand acceptors to protein hydrogens (mapping then atom ids)
Ligand hydrogens to protein acceptors (mapping then atom ids)
  4   3 [ 33->2066]
Ligand shape atoms to protein points (mapping then atom ids & coords)
  1  4054 [  1->(-23.750  11.000  24.750)]
  2  4085 [  9->(-23.750  12.750  19.750)]
  3  3279 [ 11->(-24.000  12.250  19.250)]
  4  1916 [ 14->(-24.500  11.250  24.750)]
  7  7721 [ 18->(-22.000   8.000  16.750)]
  8  6752 [ 19->(-22.750   7.500  15.750)]
  9  6756 [ 20->(-22.750   7.500  16.750)]
 10  3648 [ 22->(-23.750   4.750  16.000)]
 11  5168 [ 23->(-23.250   4.250  14.500)]
 12  3691 [ 25->(-23.750   5.250  13.000)]
 14  5825 [ 27->(-23.000   3.000  12.500)]
Chromosome values
Integers:
  -1   -1   -1   -1   -1   -1   -1   -1    2 4053 4084 3278 
1915   -1   -1 7720 6751 6755 3647 5167 3690   -1 5824 
--------------------------------------------------------------------------------

Current Ranking  2  1

--------------------------------------------------------------------------------

* GA execution time :                                                           
  total  5.0005 user  5.0004 sys  0.0000

--------------------------------------------------------------------------------
Fitness function evaluations: 115033

--------------------------------------------------------------------------------
** Docking run number  3 **
--------------------------------------------------------------------------------
  Rank fitness base is 5000.00 ; increment is 11.2233

* Initialising population(s) ...                                                
Number of constraints mappings 0
Number of constraints 0
  Population no.                           :      1
  Population size                          :    100
  Number of duplicates                     :      0
  Number of niche violations               :      0
  Number of errors                         :     78

Number of constraints mappings 0
Number of constraints 0
  Population no.                           :      2
  Population size                          :    100
  Number of duplicates                     :      0
  Number of niche violations               :      0
  Number of errors                         :     97

Number of constraints mappings 0
Number of constraints 0
  Population no.                           :      3
  Population size                          :    100
  Number of duplicates                     :      0
  Number of niche violations               :      0
  Number of errors                         :     87

Number of constraints mappings 0
Number of constraints 0
  Population no.                           :      4
  Population size                          :    100
  Number of duplicates                     :      0
  Number of niche violations               :      0
  Number of errors                         :     92

Number of constraints mappings 0
Number of constraints 0
  Population no.                           :      5
  Population size                          :    100
  Number of duplicates                     :      0
  Number of niche violations               :      0
  Number of errors                         :     65


Doing GA, no. of population(s) 5 size 100 selection pressure 1.100000

 Operation      Score     S(PLP)   S(hbond)     S(cho)   S(metal)  DE(clash)   DE(tors)     intcor
         0      -7.23       1.71       1.00       0.00       0.00       0.00       4.68       0.84
       237      -5.49     -27.24       0.00       0.00       0.00      29.63       1.97       0.84
      1056      -5.01      -7.05       0.00       0.00       0.00       0.51       6.20       0.84
      1140      11.91     -16.58       0.00       0.00       0.00       0.85       2.33       0.84
      1505      23.40     -28.04       0.00       0.00       0.00       0.85       2.31       0.84
      2080      33.09     -40.85       0.00       0.00       0.00       0.60       4.00       0.84
      2825      36.26     -44.02       0.00       0.00       0.00       0.60       4.00       0.84
      4135      45.79     -63.49       0.00       0.00       0.00      13.82       2.37       0.84
      5730      45.83     -63.49       0.00       0.00       0.00      13.82       2.35       0.84
      7061      50.99     -56.94       0.00       0.00       0.00       0.60       3.10       0.84
      7491      51.17     -57.11       0.00       0.00       0.00       0.60       3.10       0.84
      8123      55.36     -62.41       0.00       0.00       0.00       0.85       3.52       0.84
      8866      57.16     -63.11       0.00       0.00       0.00       0.60       3.10       0.84
      9021      60.12     -66.07       0.00       0.00       0.00       0.60       3.10       0.84
     10296      60.66     -66.60       0.00       0.00       0.00       0.60       3.10       0.84
     10981      60.68     -66.41       0.00       0.00       0.00       0.60       2.99       0.84
     11142      61.30     -67.25       0.00       0.00       0.00       0.60       3.10       0.84
     11151      66.36     -71.01       0.00       0.00       0.00       0.60       2.45       0.84
     14291      66.58     -71.05       0.00       0.00       0.00       0.00       2.62       0.78
     15031      68.68     -73.17       0.00       0.00       0.00       0.00       2.63       0.78
     15101      68.69     -73.17       0.00       0.00       0.00       0.00       2.63       0.78
     15421      70.26     -74.75       0.00       0.00       0.00       0.00       2.63       0.78
     15660      71.03     -75.26       0.00       0.00       0.00       0.00       2.51       0.78
     15680      71.06     -75.29       0.00       0.00       0.00       0.00       2.51       0.78
     16175      71.34     -75.70       0.00       0.00       0.00       0.00       2.57       0.78
     16800      71.35     -75.70       0.00       0.00       0.00       0.00       2.56       0.78
     17965      71.47     -75.74       0.00       0.00       0.00       0.00       2.53       0.78
     18695      71.52     -75.80       0.00       0.00       0.00       0.00       2.53       0.78
     18735      72.11     -76.37       0.00       0.00       0.00       0.00       2.52       0.78
     18890      72.37     -76.60       0.00       0.00       0.00       0.00       2.51       0.78
     19380      72.41     -76.76       0.00       0.00       0.00       0.00       2.56       0.78
     19780      72.50     -76.74       0.00       0.00       0.00       0.00       2.51       0.78
     19990      72.51     -76.74       0.00       0.00       0.00       0.00       2.51       0.78
     20075      72.51     -76.74       0.00       0.00       0.00       0.00       2.50       0.78
     20400      72.63     -76.89       0.00       0.00       0.00       0.00       2.52       0.78
     20925      72.65     -76.99       0.00       0.00       0.00       0.00       2.56       0.78
     21446      72.83     -76.20       0.29       0.00       0.00       0.00       2.51       0.78
     24975      72.87     -77.00       0.00       0.00       0.00       0.00       2.46       0.78
     25055      72.89     -77.00       0.00       0.00       0.00       0.00       2.45       0.78
     25637      73.13     -76.53       0.28       0.00       0.00       0.00       2.51       0.78
     26652      73.15     -76.52       0.29       0.00       0.00       0.00       2.51       0.78
     26746      73.20     -76.54       0.30       0.00       0.00       0.00       2.51       0.78
     26829      74.28     -76.56       0.69       0.00       0.00       0.00       2.56       0.78
     27884      74.38     -76.30       0.77       0.00       0.00       0.00       2.50       0.78
     30224      74.73     -76.80       0.72       0.00       0.00       0.00       2.51       0.78
     31992      74.87     -76.74       0.74       0.00       0.00       0.00       2.43       0.78
     33520      75.00     -76.92       0.74       0.00       0.00       0.00       2.46       0.78
     35407      75.08     -76.97       0.74       0.00       0.00       0.00       2.43       0.78
     38575      75.09     -76.97       0.74       0.00       0.00       0.00       2.43       0.78
     40785      75.12     -76.89       0.74       0.00       0.00       0.00       2.38       0.78
     40936      75.14     -76.68       0.75       0.00       0.00       0.00       2.29       0.78
     41041      75.52     -76.86       0.78       0.00       0.00       0.00       2.24       0.78
     42021      75.70     -77.09       0.77       0.00       0.00       0.00       2.24       0.78
     46061      75.89     -77.36       0.75       0.00       0.00       0.00       2.25       0.78
     49665      75.91     -77.38       0.75       0.00       0.00       0.00       2.25       0.78
     56022      75.91     -77.43       0.74       0.00       0.00       0.00       2.25       0.78
     56335      75.93     -77.46       0.74       0.00       0.00       0.00       2.26       0.78
     57478      75.95     -76.82       0.85       0.00       0.00       0.00       2.10       0.78
     58060      75.97     -77.44       0.74       0.00       0.00       0.00       2.23       0.78
     58612      76.07     -77.45       0.75       0.00       0.00       0.00       2.21       0.78
     60655      76.12     -77.34       0.75       0.00       0.00       0.00       2.13       0.78
     65141      76.14     -77.49       0.74       0.00       0.00       0.00       2.17       0.78
     65572      76.19     -77.53       0.77       0.00       0.00       0.00       2.22       0.78
     65906      76.22     -77.50       0.74       0.00       0.00       0.00       2.13       0.78
     68772      76.28     -77.31       0.82       0.00       0.00       0.00       2.13       0.78
     70905      76.30     -77.66       0.74       0.00       0.00       0.00       2.17       0.78
--------------------------------------------------------------------------------
Best docking solution after GA:
     71000      76.30     -77.66       0.74       0.00       0.00       0.00       2.17       0.78

#ops:      71000 #mutates:  33855 #cross:    33574 #migrate:   3571 
#dups:     29182 #niche:    45646 #errors:     100 
--------------------------------------------------------------------------------

Doing AMOEBA simplex on best individual
Done simplexing #iterations 364, best score  77.06

Ligand is stored in gold_soln_2y02_m1_3.mol2


--------------------------------------------------------------------------------
--- CHEMPLP breakdown of terms                                               ---
--------------------------------------------------------------------------------
CHEMPLP = - ( 1.0000*S(PLP) + -3.0000*S(hbond) + -6.0000*S(metal) + -3.0000*S(cho) )

Score = CHEMPLP - 1.0000*DE(clash) - 2.0000*DE(tors)

Internal energy term has been corrected with the best internal energy encountered.

--------------------------------------------------------------------------------


     Score     S(PLP)   S(hbond)     S(cho)   S(metal)  DE(clash)   DE(tors)     intcor
     77.06     -77.64       0.80       0.00       0.00       0.00       1.88       0.78

--------------------------------------------------------------------------------
--- PLP analysis of protein-ligand interactions                              ---
--------------------------------------------------------------------------------
hydrogen bonding        :      -3.45
metal                   :       0.00
buried (polar-nonpolar) :      -8.33
nonpolar                :     -66.95
repulsive               :       0.27
--------------------------------------------------------------------------------


--------------------------------------------------------------------------------
--- ChemScore analysis of protein-ligand interactions                        ---
--------------------------------------------------------------------------------

* Hydrogen bonds                                                                
Ligand donor   10 hydrogen   33 Protein acceptor 2066 bond energy  1.00 wt 0.80


* CH..O interactions                                                            
  CH group selection                       : activated ring CH (adjacent to hetatom)

--------------------------------------------------------------------------------


--------------------------------------------------------------------------------
--- Intra-ligand clashes                                                     ---
--------------------------------------------------------------------------------

Ligand
--------------------------------------------------------------------------------


--------------------------------------------------------------------------------
--- Chromosome decoded                                                       ---
--------------------------------------------------------------------------------
Ligand Torsions
[  19   18    5   17]  -52.67
[  18    5   17   16] -114.33
[  31    6   12   11]    1.87
[   4    7   16   10]   72.01
[  25   24    8   27] -174.60    matched torsion: aromatic methoxy
[  33   10   16    7]   26.32
[   7   16   17    5]  -80.32
[  21   20   18    5] -171.61
[  18   20   21   26]   53.31    matched torsion: benzyl
Pyramidal nitrogens flipped: 5 
Pyramidal nitrogens not flipped: 
Mapping
Ligand acceptors to protein hydrogens (mapping then atom ids)
Ligand hydrogens to protein acceptors (mapping then atom ids)
Ligand shape atoms to protein points (mapping then atom ids & coords)
  1  3201 [  1->(-24.000  10.250  22.000)]
  2  5581 [  9->(-23.250  11.750  19.750)]
  3  3310 [ 11->(-24.000  13.500  20.000)]
  4  5510 [ 14->(-23.250  10.000  23.250)]
  5  6183 [ 16->(-23.000   9.000  18.500)]
  6  8292 [ 17->(-21.250   9.500  18.500)]
  7  7897 [ 18->(-21.750   7.000  16.250)]
  8  8067 [ 19->(-21.500   7.500  15.750)]
  9  5312 [ 20->(-23.250   6.000  15.750)]
 10  6066 [ 22->(-23.000   6.500  15.000)]
 11  5076 [ 23->(-23.250   3.250  13.750)]
 12  2768 [ 25->(-24.000   3.750  14.750)]
 13  6697 [ 26->(-22.750   6.000  15.000)]
 14  5085 [ 27->(-23.250   3.500  11.750)]
Chromosome values
Integers:
  -1   -1   -1   -1   -1   -1   -1   -1   -1 3200 5580 3309 
5509 6182 8291 7896 8066 5311 6065 5075 2767 6696 5084 
--------------------------------------------------------------------------------

Current Ranking  2  3  1

--------------------------------------------------------------------------------

* GA execution time :                                                           
  total  5.9993 user  5.9992 sys  0.0000

--------------------------------------------------------------------------------
Fitness function evaluations: 112987

--------------------------------------------------------------------------------
** Docking run number  4 **
--------------------------------------------------------------------------------
  Rank fitness base is 5000.00 ; increment is 11.2233

* Initialising population(s) ...                                                
Number of constraints mappings 0
Number of constraints 0
  Population no.                           :      1
  Population size                          :    100
  Number of duplicates                     :      0
  Number of niche violations               :      0
  Number of errors                         :     94

Number of constraints mappings 0
Number of constraints 0
  Population no.                           :      2
  Population size                          :    100
  Number of duplicates                     :      0
  Number of niche violations               :      0
  Number of errors                         :     76

Number of constraints mappings 0
Number of constraints 0
  Population no.                           :      3
  Population size                          :    100
  Number of duplicates                     :      0
  Number of niche violations               :      0
  Number of errors                         :     83

Number of constraints mappings 0
Number of constraints 0
  Population no.                           :      4
  Population size                          :    100
  Number of duplicates                     :      0
  Number of niche violations               :      0
  Number of errors                         :     93

Number of constraints mappings 0
Number of constraints 0
  Population no.                           :      5
  Population size                          :    100
  Number of duplicates                     :      0
  Number of niche violations               :      0
  Number of errors                         :     77


Doing GA, no. of population(s) 5 size 100 selection pressure 1.100000

 Operation      Score     S(PLP)   S(hbond)     S(cho)   S(metal)  DE(clash)   DE(tors)     intcor
         0      20.74     -26.67       0.75       0.00       0.00       0.03       4.46       0.78
      2106      23.18     -29.43       0.75       0.00       0.00       0.03       4.62       0.78
      4768      24.07     -35.91       0.32       0.00       0.00       8.65       2.46       0.78
      5120      32.45     -44.71       0.00       0.00       0.00       6.62       3.21       0.78
      6554      33.24     -45.79       0.00       0.00       0.00      11.24       1.04       0.78
      6745      40.46     -46.81       0.00       0.00       0.00       0.00       3.56       0.78
      7004      42.47     -53.25       0.50       0.00       0.00       6.62       3.21       0.78
      8250      45.53     -57.83       0.03       0.00       0.00       6.62       3.27       0.78
      9539      46.87     -54.95       0.00       0.00       0.00       4.31       2.28       0.78
      9674      48.01     -56.09       0.00       0.00       0.00       4.31       2.28       0.78
      9803      49.00     -56.44       0.19       0.00       0.00       4.31       2.25       0.78
      9909      49.15     -60.00       0.32       0.00       0.00       6.62       2.98       0.78
      9913      50.03     -58.11       0.00       0.00       0.00       4.31       2.28       0.78
      9964      50.71     -58.79       0.00       0.00       0.00       4.31       2.28       0.78
     10330      51.30     -62.43       0.37       0.00       0.00       6.62       3.20       0.78
     10494      53.00     -58.79       0.74       0.00       0.00       4.31       2.25       0.78
     11873      55.44     -60.73       0.91       0.00       0.00       4.31       2.25       0.78
     12014      55.53     -61.01       0.85       0.00       0.00       4.31       2.25       0.78
     13269      56.20     -61.44       0.93       0.00       0.00       4.31       2.25       0.78
     13919      56.23     -61.32       0.98       0.00       0.00       4.31       2.25       0.78
     14215      56.34     -61.47       1.00       0.00       0.00       4.31       2.31       0.78
     14269      57.05     -62.71       0.79       0.00       0.00       4.31       2.25       0.78
     14396      60.24     -65.01       0.31       0.00       0.00       1.55       2.46       0.78
     15646      61.88     -65.30       0.55       0.00       0.00       0.83       2.52       0.78
     15926      64.72     -68.13       0.75       0.00       0.00       1.55       2.45       0.78
     16501      65.29     -67.97       0.80       0.00       0.00       0.83       2.52       0.78
     17146      66.06     -67.20       0.88       0.00       0.00       0.00       2.28       0.78
     18146      67.06     -68.35       0.90       0.00       0.00       0.00       2.38       0.78
     21821      67.50     -68.55       0.98       0.00       0.00       0.00       2.38       0.78
     23961      67.58     -68.78       0.93       0.00       0.00       0.00       2.38       0.78
     24833      68.19     -72.08       0.49       0.00       0.00       0.54       2.80       0.78
     25864      68.31     -68.71       1.78       0.00       0.00       1.55       2.49       0.78
     26264      68.35     -68.96       1.72       0.00       0.00       1.55       2.49       0.78
     26499      70.77     -71.05       1.82       0.00       0.00       1.55       2.49       0.78
     30039      71.15     -71.33       1.87       0.00       0.00       1.55       2.51       0.78
     33355      71.60     -71.62       1.91       0.00       0.00       1.55       2.49       0.78
     33430      71.65     -69.82       1.69       0.00       0.00       0.00       2.01       0.78
     34000      71.78     -71.00       1.42       0.00       0.00       0.00       2.13       0.78
     34880      72.61     -71.50       1.45       0.00       0.00       0.00       2.01       0.78
     38925      72.69     -71.26       1.55       0.00       0.00       0.00       2.00       0.78
     39889      72.71     -71.21       1.59       0.00       0.00       0.00       2.03       0.78
     40124      72.93     -71.62       1.46       0.00       0.00       0.00       1.93       0.78
     40174      73.34     -72.10       1.50       0.00       0.00       0.00       2.03       0.78
     42507      73.56     -72.44       1.43       0.00       0.00       0.00       1.98       0.78
     42924      73.60     -73.27       1.19       0.00       0.00       0.00       2.00       0.78
     44088      73.77     -72.16       1.63       0.00       0.00       0.00       2.03       0.78
     44129      73.92     -72.78       1.47       0.00       0.00       0.00       2.03       0.78
     44819      74.10     -73.49       1.21       0.00       0.00       0.00       1.90       0.78
     45224      74.37     -73.98       1.22       0.00       0.00       0.00       2.03       0.78
     46362      74.49     -73.36       1.52       0.00       0.00       0.00       2.10       0.78
     46512      74.86     -74.17       1.36       0.00       0.00       0.00       2.07       0.78
     48276      74.88     -73.97       1.44       0.00       0.00       0.00       2.10       0.78
     49177      75.02     -74.01       1.46       0.00       0.00       0.00       2.07       0.78
     51211      75.71     -74.79       1.47       0.00       0.00       0.00       2.13       0.78
     56841      76.11     -74.99       1.48       0.00       0.00       0.00       2.05       0.78
     61885      76.11     -74.97       1.48       0.00       0.00       0.00       2.04       0.78
     62841      76.50     -75.49       1.54       0.00       0.00       0.00       2.19       0.78
     64721      76.51     -75.47       1.54       0.00       0.00       0.00       2.18       0.78
     65396      76.76     -75.54       1.55       0.00       0.00       0.00       2.11       0.78
     67459      76.93     -75.45       1.63       0.00       0.00       0.00       2.10       0.78
     68316      77.08     -75.44       1.67       0.00       0.00       0.00       2.07       0.78
     70259      77.09     -75.42       1.67       0.00       0.00       0.00       2.06       0.78
--------------------------------------------------------------------------------
Best docking solution after GA:
     71000      77.09     -75.42       1.67       0.00       0.00       0.00       2.06       0.78

#ops:      71000 #mutates:  33781 #cross:    33654 #migrate:   3565 
#dups:     19477 #niche:    47197 #errors:     129 
--------------------------------------------------------------------------------

Doing AMOEBA simplex on best individual
Done simplexing #iterations 556, best score  78.43

Ligand is stored in gold_soln_2y02_m1_4.mol2


--------------------------------------------------------------------------------
--- CHEMPLP breakdown of terms                                               ---
--------------------------------------------------------------------------------
CHEMPLP = - ( 1.0000*S(PLP) + -3.0000*S(hbond) + -6.0000*S(metal) + -3.0000*S(cho) )

Score = CHEMPLP - 1.0000*DE(clash) - 2.0000*DE(tors)

Internal energy term has been corrected with the best internal energy encountered.

--------------------------------------------------------------------------------


     Score     S(PLP)   S(hbond)     S(cho)   S(metal)  DE(clash)   DE(tors)     intcor
     78.43     -76.28       1.85       0.00       0.00       0.00       2.08       0.78

--------------------------------------------------------------------------------
--- PLP analysis of protein-ligand interactions                              ---
--------------------------------------------------------------------------------
hydrogen bonding        :      -6.00
metal                   :       0.00
buried (polar-nonpolar) :      -5.46
nonpolar                :     -66.53
repulsive               :       0.27
--------------------------------------------------------------------------------


--------------------------------------------------------------------------------
--- ChemScore analysis of protein-ligand interactions                        ---
--------------------------------------------------------------------------------

* Hydrogen bonds                                                                
Ligand donor    5 hydrogen   30 Protein acceptor 2066 bond energy  1.00 wt 0.84
Ligand donor   10 hydrogen   33 Protein acceptor 2066 bond energy  1.00 wt 1.00


* CH..O interactions                                                            
  CH group selection                       : activated ring CH (adjacent to hetatom)

--------------------------------------------------------------------------------


--------------------------------------------------------------------------------
--- Intra-ligand clashes                                                     ---
--------------------------------------------------------------------------------

Ligand
--------------------------------------------------------------------------------


--------------------------------------------------------------------------------
--- Chromosome decoded                                                       ---
--------------------------------------------------------------------------------
Ligand Torsions
[  19   18    5   17]   48.37
[  18    5   17   16] -160.38
[  31    6   12   11]  -65.23
[   4    7   16   10]   53.63
[  25   24    8   27]    7.67    matched torsion: aromatic methoxy
[  33   10   16    7]   85.34
[   7   16   17    5] -169.16
[  21   20   18    5] -133.69
[  18   20   21   26] -116.57    matched torsion: benzyl
Pyramidal nitrogens flipped: 
Pyramidal nitrogens not flipped: 5 
Mapping
Ligand acceptors to protein hydrogens (mapping then atom ids)
Ligand hydrogens to protein acceptors (mapping then atom ids)
  4   3 [ 33->2066]
Ligand shape atoms to protein points (mapping then atom ids & coords)
  1  5513 [  1->(-23.250  10.000  24.000)]
  2  3287 [  9->(-24.000  12.750  19.500)]
  4  1432 [ 14->(-24.750  12.000  24.750)]
  6  5426 [ 17->(-23.250   8.750  17.250)]
  7  8253 [ 18->(-21.250   8.500  17.500)]
  8  8238 [ 19->(-21.250   8.000  16.750)]
 10  5291 [ 22->(-23.250   5.750  15.000)]
 12  3694 [ 25->(-23.750   5.250  13.750)]
 13  3808 [ 26->(-23.750   6.500  15.000)]
Chromosome values
Integers:
  -1   -1   -1   -1   -1   -1   -1   -1    2 5512 3286   -1 
1431   -1 5425 8252 8237   -1 5290   -1 3693 3807   -1 
--------------------------------------------------------------------------------

Current Ranking  2  4  3  1

--------------------------------------------------------------------------------

* GA execution time :                                                           
  total  5.0001 user  5.0001 sys  0.0000

--------------------------------------------------------------------------------
Fitness function evaluations: 114048

--------------------------------------------------------------------------------
** Docking run number  5 **
--------------------------------------------------------------------------------
  Rank fitness base is 5000.00 ; increment is 11.2233

* Initialising population(s) ...                                                
Number of constraints mappings 0
Number of constraints 0
  Population no.                           :      1
  Population size                          :    100
  Number of duplicates                     :      0
  Number of niche violations               :      0
  Number of errors                         :     93

Number of constraints mappings 0
Number of constraints 0
  Population no.                           :      2
  Population size                          :    100
  Number of duplicates                     :      0
  Number of niche violations               :      0
  Number of errors                         :     84

Number of constraints mappings 0
Number of constraints 0
  Population no.                           :      3
  Population size                          :    100
  Number of duplicates                     :      0
  Number of niche violations               :      0
  Number of errors                         :     84

Number of constraints mappings 0
Number of constraints 0
  Population no.                           :      4
  Population size                          :    100
  Number of duplicates                     :      0
  Number of niche violations               :      0
  Number of errors                         :     94

Number of constraints mappings 0
Number of constraints 0
  Population no.                           :      5
  Population size                          :    100
  Number of duplicates                     :      0
  Number of niche violations               :      0
  Number of errors                         :     77


Doing GA, no. of population(s) 5 size 100 selection pressure 1.100000

 Operation      Score     S(PLP)   S(hbond)     S(cho)   S(metal)  DE(clash)   DE(tors)     intcor
         0      20.30     -35.65       0.90       0.00       0.00      11.62       3.60       0.78
      1562      44.99     -61.18       0.62       0.00       0.00      11.62       3.60       0.78
      2997      49.34     -66.18       0.62       0.00       0.00      11.62       3.93       0.78
      4147      49.54     -66.30       0.64       0.00       0.00      11.62       3.93       0.78
      5877      49.68     -66.61       0.59       0.00       0.00      11.62       3.93       0.78
      6087      50.60     -69.44       0.00       0.00       0.00      11.62       4.00       0.78
      6147      50.61     -66.61       0.78       0.00       0.00      11.22       3.96       0.78
      6342      51.88     -68.77       0.60       0.00       0.00      11.62       3.93       0.78
      8236      52.23     -61.30       0.00       0.00       0.00       0.47       4.69       0.78
      8867      52.38     -69.29       0.48       0.00       0.00      11.22       3.96       0.78
      8962      52.99     -70.19       0.50       0.00       0.00      11.62       3.93       0.78
      9377      55.20     -70.89       1.00       0.00       0.00      11.62       3.93       0.78
     11389      56.61     -68.63       0.69       0.00       0.00       8.11       3.38       0.78
     11619      56.71     -69.10       0.57       0.00       0.00       8.11       3.38       0.78
     11640      57.45     -69.66       0.94       0.00       0.00       7.87       3.98       0.78
     12100      57.77     -69.82       1.00       0.00       0.00       7.87       3.98       0.78
     12574      57.99     -69.79       0.76       0.00       0.00       8.11       3.38       0.78
     13000      59.53     -74.91       0.21       0.00       0.00       7.87       4.46       0.78
     13209      60.15     -72.43       0.60       0.00       0.00       8.11       3.38       0.78
     13450      60.63     -74.90       0.58       0.00       0.00       7.87       4.46       0.78
     13778      61.05     -72.31       0.94       0.00       0.00       8.11       3.38       0.78
     14740      62.13     -76.57       0.52       0.00       0.00       7.87       4.46       0.78
     15541      62.56     -75.82       0.60       0.00       0.00       7.87       3.98       0.78
     19151      62.76     -75.51       0.76       0.00       0.00       7.87       3.98       0.78
     20476      62.82     -75.78       0.72       0.00       0.00       7.87       4.01       0.78
     20726      63.02     -75.91       0.74       0.00       0.00       7.87       4.01       0.78
     20823      63.29     -75.44       0.85       0.00       0.00       7.87       3.80       0.78
     22715      63.40     -77.61       0.49       0.00       0.00       7.87       4.30       0.78
     23594      63.81     -76.97       0.64       0.00       0.00       7.31       4.27       0.78
     25718      64.58     -74.82       1.48       0.00       0.00       7.87       3.80       0.78
     27082      65.61     -75.12       1.72       0.00       0.00       7.87       3.79       0.78
     28621      66.31     -77.30       1.61       0.00       0.00       7.87       4.36       0.78
     29426      66.38     -77.73       1.49       0.00       0.00       7.87       4.36       0.78
     29961      66.41     -77.61       1.51       0.00       0.00       7.87       4.32       0.78
     33646      66.71     -77.18       1.58       0.00       0.00       7.31       4.33       0.78
     35923      66.98     -76.12       1.75       0.00       0.00       7.87       3.65       0.78
     38818      67.12     -76.35       1.72       0.00       0.00       7.87       3.65       0.78
     38884      67.23     -75.81       1.74       0.00       0.00       7.31       3.63       0.78
     41203      67.58     -76.21       1.72       0.00       0.00       7.31       3.63       0.78
     44120      67.62     -76.51       1.63       0.00       0.00       7.31       3.63       0.78
     45118      67.75     -76.33       1.74       0.00       0.00       7.31       3.63       0.78
     45950      67.79     -76.27       1.77       0.00       0.00       7.31       3.63       0.78
     46195      67.82     -76.35       1.77       0.00       0.00       7.31       3.65       0.78
     46485      67.88     -76.43       1.77       0.00       0.00       7.31       3.66       0.78
     48843      68.09     -76.67       1.75       0.00       0.00       7.31       3.65       0.78
     51960      68.12     -76.64       1.74       0.00       0.00       7.31       3.60       0.78
     52323      68.18     -76.62       1.75       0.00       0.00       7.31       3.59       0.78
     55213      68.33     -76.64       1.80       0.00       0.00       7.31       3.58       0.78
     55688      68.34     -76.66       1.80       0.00       0.00       7.31       3.59       0.78
     65493      68.36     -76.62       1.80       0.00       0.00       7.31       3.56       0.78
     65855      68.50     -77.27       1.72       0.00       0.00       7.31       3.70       0.78
     66780      68.50     -77.23       1.73       0.00       0.00       7.31       3.70       0.78
     66933      68.65     -77.47       1.70       0.00       0.00       7.31       3.69       0.78
     67443      68.66     -77.69       1.65       0.00       0.00       7.31       3.72       0.78
     68674      68.68     -77.40       1.73       0.00       0.00       7.31       3.68       0.78
     69173      68.90     -77.60       1.70       0.00       0.00       7.31       3.64       0.78
     69643      69.11     -77.70       1.76       0.00       0.00       7.31       3.66       0.78
--------------------------------------------------------------------------------
Best docking solution after GA:
     71000      69.11     -77.70       1.76       0.00       0.00       7.31       3.66       0.78

#ops:      71000 #mutates:  33801 #cross:    33680 #migrate:   3519 
#dups:     24332 #niche:    48271 #errors:     118 
--------------------------------------------------------------------------------

Doing AMOEBA simplex on best individual
Done simplexing #iterations 1056, best score  76.96

Ligand is stored in gold_soln_2y02_m1_5.mol2


--------------------------------------------------------------------------------
--- CHEMPLP breakdown of terms                                               ---
--------------------------------------------------------------------------------
CHEMPLP = - ( 1.0000*S(PLP) + -3.0000*S(hbond) + -6.0000*S(metal) + -3.0000*S(cho) )

Score = CHEMPLP - 1.0000*DE(clash) - 2.0000*DE(tors)

Internal energy term has been corrected with the best internal energy encountered.

--------------------------------------------------------------------------------


     Score     S(PLP)   S(hbond)     S(cho)   S(metal)  DE(clash)   DE(tors)     intcor
     76.96     -74.49       1.99       0.00       0.00       0.07       2.10       0.78

--------------------------------------------------------------------------------
--- PLP analysis of protein-ligand interactions                              ---
--------------------------------------------------------------------------------
hydrogen bonding        :      -4.77
metal                   :       0.00
buried (polar-nonpolar) :      -7.80
nonpolar                :     -62.98
repulsive               :       0.18
--------------------------------------------------------------------------------


--------------------------------------------------------------------------------
--- ChemScore analysis of protein-ligand interactions                        ---
--------------------------------------------------------------------------------

* Hydrogen bonds                                                                
Ligand donor    5 hydrogen   30 Protein acceptor 2066 bond energy  1.00 wt 0.99
Ligand donor   10 hydrogen   33 Protein acceptor 2066 bond energy  1.00 wt 1.00


* CH..O interactions                                                            
  CH group selection                       : activated ring CH (adjacent to hetatom)

--------------------------------------------------------------------------------


--------------------------------------------------------------------------------
--- Intra-ligand clashes                                                     ---
--------------------------------------------------------------------------------

Ligand
 10 (O4   ) -   1 (C1   ):   0.07 (dist   3.00)
--------------------------------------------------------------------------------


--------------------------------------------------------------------------------
--- Chromosome decoded                                                       ---
--------------------------------------------------------------------------------
Ligand Torsions
[  19   18    5   17]   40.22
[  18    5   17   16] -164.01
[  31    6   12   11]  124.36
[   4    7   16   10]   52.85
[  25   24    8   27]    2.86    matched torsion: aromatic methoxy
[  33   10   16    7]   57.27
[   7   16   17    5] -142.82
[  21   20   18    5] -160.92
[  18   20   21   26]   53.79    matched torsion: benzyl
Pyramidal nitrogens flipped: 
Pyramidal nitrogens not flipped: 5 
Mapping
Ligand acceptors to protein hydrogens (mapping then atom ids)
Ligand hydrogens to protein acceptors (mapping then atom ids)
  4   3 [ 33->2066]
Ligand shape atoms to protein points (mapping then atom ids & coords)
  1  1887 [  1->(-24.500  10.500  22.750)]
  2  5587 [  9->(-23.250  12.000  19.500)]
  3  2545 [ 11->(-24.250  12.000  19.250)]
  4  3168 [ 14->(-24.000   9.750  22.500)]
  5  7562 [ 16->(-22.250  10.250  18.250)]
  6  7737 [ 17->(-22.000   8.500  17.750)]
  7  6747 [ 18->(-22.750   7.250  16.250)]
  8  8501 [ 19->(-20.750   8.250  16.500)]
  9  5340 [ 20->(-23.250   6.500  16.000)]
 10  3720 [ 22->(-23.750   5.500  14.500)]
 11  3663 [ 23->(-23.750   5.000  12.750)]
 12  2827 [ 25->(-24.000   4.500  14.000)]
 13  4445 [ 26->(-23.500   4.500  14.750)]
 14  4282 [ 27->(-23.500   2.500  12.000)]
Chromosome values
Integers:
  -1   -1   -1   -1   -1   -1   -1   -1    2 1886 5586 2544 
3167 7561 7736 6746 8500 5339 3719 3662 2826 4444 4281 
--------------------------------------------------------------------------------

Current Ranking  2  4  3  5  1

--------------------------------------------------------------------------------

* GA execution time :                                                           
  total  5.0001 user  5.0001 sys  0.0000

--------------------------------------------------------------------------------
Fitness function evaluations: 114928

--------------------------------------------------------------------------------
** Docking run number  6 **
--------------------------------------------------------------------------------
  Rank fitness base is 5000.00 ; increment is 11.2233

* Initialising population(s) ...                                                
Number of constraints mappings 0
Number of constraints 0
  Population no.                           :      1
  Population size                          :    100
  Number of duplicates                     :      0
  Number of niche violations               :      0
  Number of errors                         :    101

Number of constraints mappings 0
Number of constraints 0
  Population no.                           :      2
  Population size                          :    100
  Number of duplicates                     :      0
  Number of niche violations               :      0
  Number of errors                         :     70

Number of constraints mappings 0
Number of constraints 0
  Population no.                           :      3
  Population size                          :    100
  Number of duplicates                     :      0
  Number of niche violations               :      0
  Number of errors                         :     71

Number of constraints mappings 0
Number of constraints 0
  Population no.                           :      4
  Population size                          :    100
  Number of duplicates                     :      0
  Number of niche violations               :      0
  Number of errors                         :     88

Number of constraints mappings 0
Number of constraints 0
  Population no.                           :      5
  Population size                          :    100
  Number of duplicates                     :      0
  Number of niche violations               :      0
  Number of errors                         :    106


Doing GA, no. of population(s) 5 size 100 selection pressure 1.100000

 Operation      Score     S(PLP)   S(hbond)     S(cho)   S(metal)  DE(clash)   DE(tors)     intcor
         0      11.81     -34.57       1.00       0.00       0.00      19.96       3.29       0.78
       884      21.10     -27.29       0.00       0.00       0.00       0.00       3.48       0.78
      1314      33.67     -46.71       0.00       0.00       0.00       7.43       3.20       0.78
      1469      33.72     -46.71       0.00       0.00       0.00       7.43       3.17       0.78
      2624      39.26     -45.45       0.00       0.00       0.00       0.00       3.48       0.78
      3319      39.98     -46.17       0.00       0.00       0.00       0.00       3.48       0.78
      3349      41.20     -47.38       0.00       0.00       0.00       0.00       3.48       0.78
      4599      44.84     -51.03       0.00       0.00       0.00       0.00       3.48       0.78
      5339      48.24     -52.00       0.00       0.00       0.00       0.00       2.27       0.78
      6415      48.43     -59.34       0.00       0.00       0.00       4.48       3.60       0.78
      6440      50.93     -62.61       0.00       0.00       0.00       4.48       3.99       0.78
      6543      58.45     -69.10       0.00       0.00       0.00       4.48       3.47       0.78
      7509      58.53     -69.18       0.00       0.00       0.00       4.48       3.47       0.78
      8264      59.10     -69.75       0.00       0.00       0.00       4.48       3.47       0.78
      8409      59.48     -70.13       0.00       0.00       0.00       4.48       3.47       0.78
      8774      62.43     -73.08       0.00       0.00       0.00       4.48       3.47       0.78
     11321      64.61     -65.28       0.45       0.00       0.00       0.83       0.99       0.78
     12531      68.42     -68.35       0.70       0.00       0.00       0.83       0.99       0.78
     12901      69.76     -69.69       0.70       0.00       0.00       0.83       0.99       0.78
     14145      70.00     -69.69       0.78       0.00       0.00       0.83       0.99       0.78
     17146      70.16     -69.78       0.78       0.00       0.00       0.83       0.95       0.78
     18434      71.23     -70.58       1.00       0.00       0.00       0.83       1.15       0.78
     20384      71.26     -70.58       1.00       0.00       0.00       0.83       1.14       0.78
     21861      71.39     -71.17       0.83       0.00       0.00       0.83       1.10       0.78
     22216      71.88     -70.96       0.96       0.00       0.00       0.83       0.95       0.78
     22681      71.90     -71.18       1.00       0.00       0.00       0.83       1.12       0.78
     23008      71.96     -71.39       1.00       0.00       0.00       0.83       1.19       0.78
     23066      72.48     -71.84       0.94       0.00       0.00       0.83       1.07       0.78
     23161      72.81     -71.76       1.00       0.00       0.00       0.83       0.96       0.78
     25551      72.88     -72.07       1.00       0.00       0.00       0.83       1.07       0.78
     25941      73.20     -72.15       1.00       0.00       0.00       0.83       0.95       0.78
     26177      73.30     -72.61       0.98       0.00       0.00       0.83       1.09       0.78
     26971      73.47     -72.16       1.00       0.00       0.00       0.83       0.82       0.78
     27027      73.68     -72.91       1.00       0.00       0.00       0.83       1.09       0.78
     27724      73.90     -73.29       1.00       0.00       0.00       0.83       1.15       0.74
     28624      74.20     -73.77       1.00       0.00       0.00       0.83       1.24       0.74
     30611      74.21     -73.52       1.00       0.00       0.00       0.83       1.09       0.71
     31031      74.61     -73.92       1.00       0.00       0.00       0.83       1.09       0.71
     31729      74.80     -74.40       1.00       0.00       0.00       0.83       1.24       0.71
     33125      75.00     -73.93       1.00       0.00       0.00       0.83       0.91       0.71
     33345      75.01     -73.93       1.00       0.00       0.00       0.83       0.90       0.71
     33760      75.03     -73.95       1.00       0.00       0.00       0.83       0.90       0.71
     39619      75.05     -74.60       1.00       0.00       0.00       0.83       1.22       0.71
     39773      75.08     -74.01       1.00       0.00       0.00       0.83       0.91       0.71
     39853      75.09     -74.01       1.00       0.00       0.00       0.83       0.90       0.71
     40064      75.12     -74.60       1.00       0.00       0.00       0.83       1.18       0.71
     40208      75.20     -73.93       1.00       0.00       0.00       0.83       0.80       0.71
     40243      75.53     -75.09       1.00       0.00       0.00       0.83       1.22       0.71
     50319      75.79     -75.52       1.00       0.00       0.00       0.83       1.30       0.71
     50717      75.99     -75.47       1.06       0.00       0.00       0.83       1.27       0.71
--------------------------------------------------------------------------------
Best docking solution after GA:
     71000      75.99     -75.47       1.06       0.00       0.00       0.83       1.27       0.36

#ops:      71000 #mutates:  33662 #cross:    33847 #migrate:   3491 
#dups:     22972 #niche:    42323 #errors:     118 
--------------------------------------------------------------------------------

Doing AMOEBA simplex on best individual
Done simplexing #iterations 575, best score  77.17

Ligand is stored in gold_soln_2y02_m1_6.mol2


--------------------------------------------------------------------------------
--- CHEMPLP breakdown of terms                                               ---
--------------------------------------------------------------------------------
CHEMPLP = - ( 1.0000*S(PLP) + -3.0000*S(hbond) + -6.0000*S(metal) + -3.0000*S(cho) )

Score = CHEMPLP - 1.0000*DE(clash) - 2.0000*DE(tors)

Internal energy term has been corrected with the best internal energy encountered.

--------------------------------------------------------------------------------


     Score     S(PLP)   S(hbond)     S(cho)   S(metal)  DE(clash)   DE(tors)     intcor
     77.17     -75.30       1.30       0.00       0.00       0.00       1.20       0.36

--------------------------------------------------------------------------------
--- PLP analysis of protein-ligand interactions                              ---
--------------------------------------------------------------------------------
hydrogen bonding        :      -5.37
metal                   :       0.00
buried (polar-nonpolar) :      -7.64
nonpolar                :     -64.20
repulsive               :       0.19
--------------------------------------------------------------------------------


--------------------------------------------------------------------------------
--- ChemScore analysis of protein-ligand interactions                        ---
--------------------------------------------------------------------------------

* Hydrogen bonds                                                                
Ligand donor    5 hydrogen   30 Protein acceptor 2066 bond energy  1.00 wt 0.30
Ligand donor   10 hydrogen   33 Protein acceptor 2066 bond energy  1.00 wt 1.00


* CH..O interactions                                                            
  CH group selection                       : activated ring CH (adjacent to hetatom)

--------------------------------------------------------------------------------


--------------------------------------------------------------------------------
--- Intra-ligand clashes                                                     ---
--------------------------------------------------------------------------------

Ligand
--------------------------------------------------------------------------------


--------------------------------------------------------------------------------
--- Chromosome decoded                                                       ---
--------------------------------------------------------------------------------
Ligand Torsions
[  19   18    5   17]   52.72
[  18    5   17   16] -168.97
[  31    6   12   11] -171.04
[   4    7   16   10]   53.12
[  25   24    8   27]    0.07    matched torsion: aromatic methoxy
[  33   10   16    7]   67.31
[   7   16   17    5] -162.37
[  21   20   18    5] -153.05
[  18   20   21   26]   56.96    matched torsion: benzyl
Pyramidal nitrogens flipped: 
Pyramidal nitrogens not flipped: 5 
Mapping
Ligand acceptors to protein hydrogens (mapping then atom ids)
Ligand hydrogens to protein acceptors (mapping then atom ids)
  4   3 [ 33->2066]
Ligand shape atoms to protein points (mapping then atom ids & coords)
  1   877 [  1->(-25.000   9.750  23.000)]
  2  4834 [  9->(-23.500  12.750  19.500)]
  3  5604 [ 11->(-23.250  12.500  19.000)]
  5  7229 [ 16->(-22.500   8.750  18.500)]
  6  3163 [ 17->(-24.000   9.750  17.750)]
  7  7502 [ 18->(-22.250   8.500  17.000)]
  8  7704 [ 19->(-22.000   7.500  15.500)]
  9  4603 [ 20->(-23.500   6.500  16.000)]
 10  3744 [ 22->(-23.750   5.750  14.750)]
 11  2910 [ 23->(-24.000   5.250  13.500)]
 12  6615 [ 25->(-22.750   4.250  13.750)]
 13  7159 [ 26->(-22.500   6.500  16.000)]
 14  4276 [ 27->(-23.500   2.250  12.250)]
Chromosome values
Integers:
  -1   -1   -1   -1   -1   -1   -1   -1    2  876 4833 5603 
  -1 7228 3162 7501 7703 4602 3743 2909 6614 7158 4275 
--------------------------------------------------------------------------------

Current Ranking  2  4  6  3  5  1

Top  3 (of  6) solutions are within 1.000 RMSD, finishing docking C:/Users/student/Desktop/project/beta1/ligandy/2y02.mol2.


--------------------------------------------------------------------------------

* GA execution time :                                                           
  total  4.0007 user  4.0007 sys  0.0000

--------------------------------------------------------------------------------
Fitness function evaluations: 113882

--------------------------------------------------------------------------------
--- Ranking analysis                                                         ---
--------------------------------------------------------------------------------


* Final ranked order of GA solutions:                                           
   2  4  6  3  5  1 

  _______________________________
  RMSD Matrix of RANKED solutions

        2    3    4    5    6  

   1 :  0.5  0.5  1.1  0.9  0.6
   2 :       0.7  1.0  1.0  0.8
   3 :            0.9  0.4  0.5
   4 :                 0.9  0.7
   5 :                      0.7

  Clustering method                        : complete linkage
  Structure ids in cluster table           : rank nos.
  Ordering of clusters and their members   : by rank (order if from rms_analysis)

  Distance | Clusters
   0.37    |  1 |  2 |  3  5 |  4 |  6 |
   0.47    |  1  2 |  3  5 |  4 |  6 |
   0.66    |  1  2 |  3  5  6 |  4 |
   0.89    |  1  2 |  3  4  5  6 |
   1.10    |  1  2  3  4  5  6 |
  Finished Docking Ligand                  : C:/Users/student/Desktop/project/beta1/ligandy/2y02.mol2
--------------------------------------------------------------------------------

  Relative_Ligand_Energy (best encountered) :   0.358
  Relative_Ligand_Energy: fitness values have been corrected using this amount
