
--------------------------------------------------------------------------------
--- Ligand                                                                   ---
--------------------------------------------------------------------------------
  Ligand loaded from file                  : C:/Users/student/Desktop/project/beta1/ligandy/6h7m.mol2
  Ligand name                              :  
  "C:\Users\porto\OneDrive\projekt\beta1\ligandy\L_6h7m.pdb L_6h7m.pdb 1    "

--------------------------------------------------------------------------------
  N.plc donors                             : 
  none found

  Acidic nitrogen acceptors                : 
  none found
  Sulfur acceptors                         :
  none found


  Donor atoms                              :      4
  2   3   5   7   
  Acceptor atoms                           :      4
  2   3   5   7   

  Hydrogens                                :  (n = 4)
  19   20   23   26   

  Lone pairs added to molecule             :      7
  Numbering                                : from 39 to 45

--------------------------------------------------------------------------------
--- Postprocessing of typing                                                 ---
--------------------------------------------------------------------------------
  Fragment file                            : C:\Program Files (x86)\CCDC/GoldSuite_2017\GOLD\gold\rotatable_bond_override.mol2
  acylurea fragment                        : no matches
  thioacylthiourea fragment                : no matches
  acylthiourea fragment                    : no matches
  thioacylurea fragment                    : no matches
  diarylamine fragment >C.ar-NH-C.ar<      : no matches
  sec-amine (1) fragment                   : no matches
  sec-amine (2) fragment                   : no matches
  sec-amine (3) fragment                   : no matches
  carboxylic ester                         : no matches

* Rotatable bonds in C:/Users/student/Des  :
  [   1    6] [   1    7] [   1   12] [   2    8] 
  [   2    6] [   3   15] [   4   16] [   4    5] 
  No. of rotatable bonds                   :      8


* Fragments found in C:/Users/student/Des  :
  atom  12: benzene
  atom  13: benzene
  atom  14: benzene
  atom  15: benzene
  atom  16: benzene
  atom  17: benzene


* Checking torsion distributions:                                               
  No. of matched torsions                  :      0

--------------------------------------------------------------------------------
--- Shape fitting atoms selection (hydrophobic atoms)                        ---
--------------------------------------------------------------------------------
  Molecule                                 : C:/Users/student/Desktop/project/beta1/ligandy/6h7m.mol2
  Selection                                : carbons only
  Atom numbers                             :  (n = 9)
  1    4    6    9    10   11   13   14   17   


--------------------------------------------------------------------------------
--- ChemScore ligand setup summary                                           ---
--------------------------------------------------------------------------------
  ChemScore ligand acceptors               :      4
  2 3 5 7 
  ChemScore ligand donors                  :      4
  2 ( 19  ) 3 ( 20  ) 5 ( 23  ) 7 ( 26  ) 
  ChemScore ligand CH donors               :      0
  

  ChemScore ligand lipophilic atoms        :  (n = 13)
  1    4    6    8    9    10   11   12   13   14   
  15   16   17   

  ChemScore ligand rotatable bonds         :      8
  1   (C1 ) - 6   (C3 ): SP3_SP3_BOND
  1   (C1 ) - 7   (O3 ): SP3_SP3_BOND
  1   (C1 ) - 12  (C8 ): SP3_SP2_BOND
  2   (N1 ) - 8   (C4 ): SP3_SP3_BOND
  2   (N1 ) - 6   (C3 ): SP3_SP3_BOND
  3   (O1 ) - 15  (C11): SP3_SP2_BOND
  4   (C2 ) - 16  (C12): SP3_SP2_BOND
  4   (C2 ) - 5   (O2 ): SP3_SP3_BOND

--------------------------------------------------------------------------------
--- PLP ligand setup summary                                                 ---
--------------------------------------------------------------------------------
    1    C1   C.3 NONPOLAR
    2    N1   N.3 DONACC
    3    O1   O.3 DONACC
    4    C2   C.3 NONPOLAR
    5    O2   O.3 DONACC
    6    C3   C.3 NONPOLAR
    7    O3   O.3 DONACC
    8    C4   C.3 NONPOLAR
    9    C5   C.3 NONPOLAR
   10    C6   C.3 NONPOLAR
   11    C7   C.3 NONPOLAR
   12    C8  C.ar NONPOLAR
   13    C9  C.ar NONPOLAR
   14   C10  C.ar NONPOLAR
   15   C11  C.ar NONPOLAR
   16   C12  C.ar NONPOLAR
   17   C13  C.ar NONPOLAR

--------------------------------------------------------------------------------
--- Automatic parameter setting                                              ---
--------------------------------------------------------------------------------
  Contribution base                        :   2500
  Contribution per rotatable bond          :   6000
  Contribution per df                      :   4000
  Contribution per water                   :  10000
  Ligand rotatable bonds                   :      8
  Protein flexible side chain bonds        :      0
  Total rotatable bonds                    :      8
  Hydrophobic vol ratio (P/L)              :   1.970
  Base multiplier (polar)                  :   1.600
  Base multiplier (apolar)                 :   3.546
  Base contribution                        : 12500.000
  Fitting points                           :      8
  Estimated maxops needed (optimal)        :  61000
  Autoscale factor (in percent)            :    200
  Scaled maxops                            : 122250

--------------------------------------------------------------------------------

* Population settings                                                           
  maxops                                   : 122250
  popsiz                                   :    100
  select_pressure                          :   1.100
  n_islands                                :      5
  niche_siz                                :      2

* GA settings                                                                   
  pt_crosswt                               :     95
  allele_mutatewt                          :     95
  migratewt                                :     10

* Search settings                                                               
  start_vdw_linear_cutoff                  :   4.000
  initial_virtual_pt_match_max             :   3.000

--------------------------------------------------------------------------------

* Ligand initialisation time :                                                  
  total  0.0000 user  0.0000 sys  0.0000

--------------------------------------------------------------------------------

--------------------------------------------------------------------------------
** Docking run number  1 **
--------------------------------------------------------------------------------
  Rank fitness base is 5000.00 ; increment is 11.2233

* Initialising population(s) ...                                                
Number of constraints mappings 0
Number of constraints 0
  Population no.                           :      1
  Population size                          :    100
  Number of duplicates                     :      0
  Number of niche violations               :      0
  Number of errors                         :    284

Number of constraints mappings 0
Number of constraints 0
  Population no.                           :      2
  Population size                          :    100
  Number of duplicates                     :      0
  Number of niche violations               :      0
  Number of errors                         :    243

Number of constraints mappings 0
Number of constraints 0
  Population no.                           :      3
  Population size                          :    100
  Number of duplicates                     :      0
  Number of niche violations               :      0
  Number of errors                         :    240

Number of constraints mappings 0
Number of constraints 0
  Population no.                           :      4
  Population size                          :    100
  Number of duplicates                     :      0
  Number of niche violations               :      0
  Number of errors                         :    255

Number of constraints mappings 0
Number of constraints 0
  Population no.                           :      5
  Population size                          :    100
  Number of duplicates                     :      0
  Number of niche violations               :      0
  Number of errors                         :    222


Doing GA, no. of population(s) 5 size 100 selection pressure 1.100000

 Operation      Score     S(PLP)   S(hbond)     S(cho)   S(metal)  DE(clash)   DE(tors)     intcor
         0      34.71     -37.88       0.00       0.00       0.00       0.00       1.89       0.43
       571      35.66     -38.77       0.02       0.00       0.00       0.00       1.80       0.43
      3538      35.78     -40.34       0.00       0.00       0.00       2.75       1.12       0.43
      3956      38.77     -39.29       0.93       0.00       0.00       0.00       1.87       0.43
      4808      41.12     -45.24       0.00       0.00       0.00       0.00       2.28       0.43
      5514      42.05     -43.34       0.39       0.00       0.00       0.00       1.44       0.43
      6574      46.00     -46.20       0.75       0.00       0.00       0.00       1.44       0.43
      9629      46.26     -45.97       0.75       0.00       0.00       0.00       1.20       0.43
      9939      46.38     -46.80       0.55       0.00       0.00       0.00       1.24       0.43
     11194      46.74     -46.67       0.55       0.00       0.00       0.00       1.00       0.43
     13499      46.97     -46.85       0.55       0.00       0.00       0.00       0.98       0.43
     13973      47.72     -46.93       1.00       0.00       0.00       0.00       1.32       0.43
     18324      48.03     -46.95       0.90       0.00       0.00       0.00       1.03       0.43
     21434      48.22     -47.44       1.00       0.00       0.00       0.00       1.32       0.43
     24934      49.01     -47.72       0.94       0.00       0.00       0.00       0.98       0.43
     25954      50.18     -48.91       0.96       0.00       0.00       0.00       1.00       0.41
     30983      50.40     -49.33       1.00       0.00       0.00       0.00       1.00       0.08
     41078      50.42     -49.08       1.00       0.00       0.00       0.00       0.87       0.08
     45980      50.50     -49.42       1.00       0.00       0.00       0.00       1.00       0.08
     51533      50.55     -49.38       1.00       0.00       0.00       0.00       0.96       0.08
     52487      50.79     -49.76       1.00       0.00       0.00       0.00       1.03       0.08
     54019      50.86     -49.83       1.00       0.00       0.00       0.00       1.03       0.08
     62465      51.50     -51.61       0.73       0.00       0.00       0.00       1.19       0.08
     67547      51.65     -52.91       1.00       0.00       0.00       0.71       1.81       0.08
     73935      51.81     -52.43       0.00       0.00       0.00       0.00       0.35       0.08
     80181      52.36     -53.31       0.79       0.00       0.00       0.00       1.71       0.08
     87202      52.39     -53.01       0.00       0.00       0.00       0.00       0.35       0.08
     87397      52.40     -53.08       0.00       0.00       0.00       0.00       0.38       0.08
     93131      52.45     -53.01       0.00       0.00       0.00       0.00       0.32       0.07
     94322      53.12     -53.76       0.00       0.00       0.00       0.00       0.35       0.07
    102967      53.43     -54.07       0.00       0.00       0.00       0.00       0.35       0.07
    109928      53.57     -54.27       0.00       0.00       0.00       0.00       0.38       0.07
    112238      53.66     -54.36       0.00       0.00       0.00       0.00       0.38       0.07
    112393      53.70     -54.44       0.00       0.00       0.00       0.00       0.41       0.07
    114673      53.70     -54.33       0.00       0.00       0.00       0.00       0.35       0.07
    114681      53.70     -54.33       0.00       0.00       0.00       0.00       0.35       0.07
    115393      53.76     -54.26       0.00       0.00       0.00       0.00       0.29       0.07
    117498      53.78     -54.42       0.00       0.00       0.00       0.00       0.36       0.07
    117661      53.80     -54.43       0.00       0.00       0.00       0.00       0.35       0.07
    118391      53.98     -54.80       0.00       0.00       0.00       0.00       0.45       0.07
    118821      54.12     -54.69       0.00       0.00       0.00       0.00       0.32       0.07
    119261      54.14     -54.70       0.00       0.00       0.00       0.00       0.31       0.07
--------------------------------------------------------------------------------
Best docking solution after GA:
    122250      54.14     -54.70       0.00       0.00       0.00       0.00       0.31       0.07

#ops:     122250 #mutates:  57995 #cross:    58099 #migrate:   6156 
#dups:     30464 #niche:    52977 #errors:     491 
--------------------------------------------------------------------------------

Doing AMOEBA simplex on best individual
Done simplexing #iterations 302, best score  54.99

Ligand is stored in gold_soln_6h7m_m1_1.mol2


--------------------------------------------------------------------------------
--- CHEMPLP breakdown of terms                                               ---
--------------------------------------------------------------------------------
CHEMPLP = - ( 1.0000*S(PLP) + -3.0000*S(hbond) + -6.0000*S(metal) + -3.0000*S(cho) )

Score = CHEMPLP - 1.0000*DE(clash) - 2.0000*DE(tors)

Internal energy term has been corrected with the best internal energy encountered.

--------------------------------------------------------------------------------


     Score     S(PLP)   S(hbond)     S(cho)   S(metal)  DE(clash)   DE(tors)     intcor
     54.99     -55.67       0.00       0.00       0.00       0.00       0.37       0.07

--------------------------------------------------------------------------------
--- PLP analysis of protein-ligand interactions                              ---
--------------------------------------------------------------------------------
hydrogen bonding        :      -3.81
metal                   :       0.00
buried (polar-nonpolar) :      -5.03
nonpolar                :     -46.29
repulsive               :       0.00
--------------------------------------------------------------------------------


--------------------------------------------------------------------------------
--- ChemScore analysis of protein-ligand interactions                        ---
--------------------------------------------------------------------------------

* Hydrogen bonds                                                                


* CH..O interactions                                                            
  CH group selection                       : activated ring CH (adjacent to hetatom)

--------------------------------------------------------------------------------


--------------------------------------------------------------------------------
--- Intra-ligand clashes                                                     ---
--------------------------------------------------------------------------------

Ligand
--------------------------------------------------------------------------------


--------------------------------------------------------------------------------
--- Chromosome decoded                                                       ---
--------------------------------------------------------------------------------
Ligand Torsions
[   2    6    1    7]  -50.46
[  26    7    1    6] -108.74
[  13   12    1    6]  125.80
[   9    8    2    6]   77.57
[   8    2    6    1] -161.24
[  20    3   15   14]   81.35
[   5    4   16   15]  -56.67
[  23    5    4   16]  144.95
Mapping
Ligand acceptors to protein hydrogens (mapping then atom ids)
Ligand hydrogens to protein acceptors (mapping then atom ids)
Ligand shape atoms to protein points (mapping then atom ids & coords)
  1  3751 [  1->(-23.750   5.750  16.500)]
  2  3686 [  4->(-23.750   5.250  11.250)]
  3  6082 [  6->(-23.000   6.750  16.250)]
  4  4739 [  9->(-23.500  10.000  18.000)]
  9  3763 [ 17->(-23.750   6.000  12.250)]
Chromosome values
Integers:
  -1   -1   -1   -1   -1   -1   -1   -1 3750 3685 6081 4738 
  -1   -1   -1   -1 3762 
--------------------------------------------------------------------------------

Current Ranking  1

--------------------------------------------------------------------------------

* GA execution time :                                                           
  total  5.9996 user  5.0006 sys  0.9990

--------------------------------------------------------------------------------
Fitness function evaluations: 187520

--------------------------------------------------------------------------------
** Docking run number  2 **
--------------------------------------------------------------------------------
  Rank fitness base is 5000.00 ; increment is 11.2233

* Initialising population(s) ...                                                
Number of constraints mappings 0
Number of constraints 0
  Population no.                           :      1
  Population size                          :    100
  Number of duplicates                     :      0
  Number of niche violations               :      0
  Number of errors                         :    251

Number of constraints mappings 0
Number of constraints 0
  Population no.                           :      2
  Population size                          :    100
  Number of duplicates                     :      0
  Number of niche violations               :      0
  Number of errors                         :    243

Number of constraints mappings 0
Number of constraints 0
  Population no.                           :      3
  Population size                          :    100
  Number of duplicates                     :      0
  Number of niche violations               :      0
  Number of errors                         :    252

Number of constraints mappings 0
Number of constraints 0
  Population no.                           :      4
  Population size                          :    100
  Number of duplicates                     :      0
  Number of niche violations               :      0
  Number of errors                         :    277

Number of constraints mappings 0
Number of constraints 0
  Population no.                           :      5
  Population size                          :    100
  Number of duplicates                     :      0
  Number of niche violations               :      0
  Number of errors                         :    222


Doing GA, no. of population(s) 5 size 100 selection pressure 1.100000

 Operation      Score     S(PLP)   S(hbond)     S(cho)   S(metal)  DE(clash)   DE(tors)     intcor
         0      31.43     -31.40       1.00       0.00       0.00       0.00       1.52       0.07
       379      33.79     -35.10       0.00       0.00       0.00       0.00       0.69       0.07
      2324      34.01     -35.24       0.00       0.00       0.00       0.00       0.65       0.07
      2827      38.43     -38.52       0.58       0.00       0.00       0.00       0.95       0.07
      3162      38.71     -40.21       0.00       0.00       0.00       0.05       0.76       0.07
      4462      40.73     -41.43       0.38       0.00       0.00       0.00       0.95       0.07
      5437      41.48     -42.97       0.00       0.00       0.00       0.05       0.76       0.07
      7636      44.02     -43.53       1.00       0.00       0.00       0.02       1.28       0.07
      8755      44.54     -44.98       0.57       0.00       0.00       0.00       1.11       0.07
      9873      45.32     -47.39       0.00       0.00       0.00       0.00       1.07       0.07
     10437      45.36     -44.03       1.00       0.00       0.00       0.00       0.87       0.07
     10588      45.53     -47.59       0.00       0.00       0.00       0.00       1.07       0.07
     10734      45.55     -45.61       0.54       0.00       0.00       0.00       0.88       0.07
     10985      45.86     -45.90       0.62       0.00       0.00       0.00       0.98       0.07
     12717      46.71     -45.60       0.98       0.00       0.00       0.00       0.95       0.07
     12945      48.59     -48.97       0.65       0.00       0.00       0.00       1.20       0.07
     13629      48.64     -47.48       0.95       0.00       0.00       0.00       0.88       0.07
     14050      50.13     -50.01       0.70       0.00       0.00       0.00       1.03       0.07
     14586      50.31     -51.83       0.28       0.00       0.00       0.00       1.22       0.07
     14961      50.33     -51.92       0.28       0.00       0.00       0.00       1.25       0.07
     15221      50.46     -51.67       0.28       0.00       0.00       0.00       1.06       0.07
     15311      50.77     -51.75       0.28       0.00       0.00       0.00       0.95       0.07
     15905      50.89     -49.70       1.00       0.00       0.00       0.00       0.94       0.07
     16745      51.47     -51.10       0.71       0.00       0.00       0.00       0.91       0.07
     17040      51.60     -52.25       0.39       0.00       0.00       0.00       0.95       0.07
     17445      51.73     -51.91       0.60       0.00       0.00       0.00       1.03       0.07
     17935      52.46     -52.44       0.61       0.00       0.00       0.00       0.95       0.07
     20850      52.60     -52.58       0.61       0.00       0.00       0.00       0.95       0.07
     22485      52.74     -52.45       0.70       0.00       0.00       0.00       0.94       0.07
     22529      52.98     -52.01       1.00       0.00       0.00       0.00       1.05       0.07
     23469      53.21     -52.17       1.00       0.00       0.00       0.00       1.02       0.07
     23694      53.24     -52.05       1.00       0.00       0.00       0.00       0.94       0.07
     24728      53.38     -52.14       1.00       0.00       0.00       0.00       0.92       0.07
     26254      53.41     -52.19       1.00       0.00       0.00       0.00       0.93       0.07
     27119      53.54     -52.26       1.00       0.00       0.00       0.00       0.90       0.07
     28644      53.68     -52.33       1.00       0.00       0.00       0.00       0.86       0.07
     30454      53.73     -52.45       1.00       0.00       0.00       0.00       0.90       0.07
     33315      53.79     -52.26       1.00       0.00       0.00       0.00       0.77       0.07
     33959      53.80     -52.82       1.00       0.00       0.00       0.00       1.05       0.07
     34215      53.81     -52.67       1.00       0.00       0.00       0.00       0.97       0.07
     37095      53.91     -52.73       1.00       0.00       0.00       0.00       0.94       0.07
     38260      54.24     -53.11       1.00       0.00       0.00       0.00       0.97       0.07
     42245      54.71     -53.50       1.00       0.00       0.00       0.00       0.93       0.07
     44966      54.71     -53.51       1.00       0.00       0.00       0.00       0.93       0.07
     49394      54.73     -53.49       1.00       0.00       0.00       0.00       0.92       0.07
     50341      54.77     -54.15       1.00       0.00       0.00       0.00       1.22       0.07
     53196      54.80     -54.15       1.00       0.00       0.00       0.00       1.21       0.07
     54167      54.94     -54.33       1.00       0.00       0.00       0.05       1.20       0.07
     58818      54.97     -54.33       1.00       0.00       0.00       0.00       1.21       0.07
     62613      55.00     -54.33       1.00       0.00       0.00       0.00       1.20       0.07
     67314      55.01     -54.33       1.00       0.00       0.00       0.00       1.20       0.07
     70450      55.06     -54.34       1.00       0.00       0.00       0.00       1.17       0.07
     76770      55.06     -54.34       1.00       0.00       0.00       0.00       1.17       0.07
    105311      55.10     -54.46       1.00       0.00       0.00       0.00       1.22       0.07
    107771      55.11     -54.46       1.00       0.00       0.00       0.00       1.21       0.07
    112386      55.19     -54.49       1.00       0.00       0.00       0.00       1.19       0.07
    113671      55.43     -54.70       1.00       0.00       0.00       0.00       1.17       0.07
    115236      55.45     -54.80       1.00       0.00       0.00       0.00       1.21       0.07
    116441      55.72     -55.04       1.00       0.00       0.00       0.00       1.19       0.07
    119965      55.79     -55.13       1.00       0.00       0.00       0.00       1.21       0.07
    120615      55.85     -55.24       1.00       0.00       0.00       0.00       1.23       0.07
    120976      55.87     -55.27       1.00       0.00       0.00       0.00       1.24       0.07
--------------------------------------------------------------------------------
Best docking solution after GA:
    122250      55.87     -55.27       1.00       0.00       0.00       0.00       1.24       0.07

#ops:     122250 #mutates:  57635 #cross:    58377 #migrate:   6238 
#dups:     36244 #niche:    61218 #errors:    1252 
--------------------------------------------------------------------------------

Doing AMOEBA simplex on best individual
Done simplexing #iterations 424, best score  56.43

Ligand is stored in gold_soln_6h7m_m1_2.mol2


--------------------------------------------------------------------------------
--- CHEMPLP breakdown of terms                                               ---
--------------------------------------------------------------------------------
CHEMPLP = - ( 1.0000*S(PLP) + -3.0000*S(hbond) + -6.0000*S(metal) + -3.0000*S(cho) )

Score = CHEMPLP - 1.0000*DE(clash) - 2.0000*DE(tors)

Internal energy term has been corrected with the best internal energy encountered.

--------------------------------------------------------------------------------


     Score     S(PLP)   S(hbond)     S(cho)   S(metal)  DE(clash)   DE(tors)     intcor
     56.43     -55.73       1.00       0.00       0.00       0.00       1.18       0.07

--------------------------------------------------------------------------------
--- PLP analysis of protein-ligand interactions                              ---
--------------------------------------------------------------------------------
hydrogen bonding        :      -3.55
metal                   :       0.00
buried (polar-nonpolar) :      -4.30
nonpolar                :     -47.26
repulsive               :       0.00
--------------------------------------------------------------------------------


--------------------------------------------------------------------------------
--- ChemScore analysis of protein-ligand interactions                        ---
--------------------------------------------------------------------------------

* Hydrogen bonds                                                                
Ligand donor    7 hydrogen   26 Protein acceptor 2066 bond energy  1.00 wt 1.00


* CH..O interactions                                                            
  CH group selection                       : activated ring CH (adjacent to hetatom)

--------------------------------------------------------------------------------


--------------------------------------------------------------------------------
--- Intra-ligand clashes                                                     ---
--------------------------------------------------------------------------------

Ligand
--------------------------------------------------------------------------------


--------------------------------------------------------------------------------
--- Chromosome decoded                                                       ---
--------------------------------------------------------------------------------
Ligand Torsions
[   2    6    1    7]  -78.07
[  26    7    1    6]   99.19
[  13   12    1    6]  120.69
[   9    8    2    6]  -89.37
[   8    2    6    1]  119.75
[  20    3   15   14]  164.58
[   5    4   16   15]  -65.79
[  23    5    4   16]  162.27
Mapping
Ligand acceptors to protein hydrogens (mapping then atom ids)
Ligand hydrogens to protein acceptors (mapping then atom ids)
  4   3 [ 26->2066]
Ligand shape atoms to protein points (mapping then atom ids & coords)
  1  5357 [  1->(-23.250   6.750  17.000)]
  2  4583 [  4->(-23.500   6.250  11.250)]
Chromosome values
Integers:
  -1   -1   -1   -1   -1   -1   -1    2 5356 4582   -1   -1 
  -1   -1   -1   -1   -1 
--------------------------------------------------------------------------------

Current Ranking  2  1

--------------------------------------------------------------------------------

* GA execution time :                                                           
  total  5.9998 user  5.9998 sys  0.0000

--------------------------------------------------------------------------------
Fitness function evaluations: 185826

--------------------------------------------------------------------------------
** Docking run number  3 **
--------------------------------------------------------------------------------
  Rank fitness base is 5000.00 ; increment is 11.2233

* Initialising population(s) ...                                                
Number of constraints mappings 0
Number of constraints 0
  Population no.                           :      1
  Population size                          :    100
  Number of duplicates                     :      0
  Number of niche violations               :      0
  Number of errors                         :    248

Number of constraints mappings 0
Number of constraints 0
  Population no.                           :      2
  Population size                          :    100
  Number of duplicates                     :      0
  Number of niche violations               :      0
  Number of errors                         :    281

Number of constraints mappings 0
Number of constraints 0
  Population no.                           :      3
  Population size                          :    100
  Number of duplicates                     :      0
  Number of niche violations               :      0
  Number of errors                         :    302

Number of constraints mappings 0
Number of constraints 0
  Population no.                           :      4
  Population size                          :    100
  Number of duplicates                     :      0
  Number of niche violations               :      0
  Number of errors                         :    271

Number of constraints mappings 0
Number of constraints 0
  Population no.                           :      5
  Population size                          :    100
  Number of duplicates                     :      0
  Number of niche violations               :      0
  Number of errors                         :    219


Doing GA, no. of population(s) 5 size 100 selection pressure 1.100000

 Operation      Score     S(PLP)   S(hbond)     S(cho)   S(metal)  DE(clash)   DE(tors)     intcor
         0      32.29     -35.66       0.00       0.00       0.00       0.85       1.30       0.07
       912      37.31     -40.72       0.81       0.00       0.00       1.88       2.02       0.07
      2072      38.29     -42.24       0.00       0.00       0.00       0.00       2.01       0.07
      2692      38.57     -41.37       0.94       0.00       0.00       1.88       1.91       0.07
      3142      39.56     -44.10       0.00       0.00       0.00       0.00       2.31       0.07
      3988      41.61     -42.81       0.67       0.00       0.00       0.00       1.64       0.07
      5027      43.68     -46.51       0.04       0.00       0.00       0.00       1.51       0.07
      6978      44.30     -46.79       0.04       0.00       0.00       0.09       1.30       0.07
      8167      44.54     -47.20       0.09       0.00       0.00       0.00       1.49       0.07
      8303      44.98     -48.01       0.00       0.00       0.00       0.09       1.50       0.07
      8593      49.61     -52.23       0.00       0.00       0.00       0.09       1.30       0.07
     10818      49.92     -52.63       0.00       0.00       0.00       0.09       1.34       0.07
     13418      49.92     -52.63       0.00       0.00       0.00       0.09       1.34       0.07
     13982      50.09     -50.93       0.00       0.00       0.00       0.00       0.46       0.07
     14168      51.28     -52.23       0.56       0.00       0.00       0.09       1.30       0.07
     17237      51.44     -52.22       0.00       0.00       0.00       0.00       0.43       0.07
     17357      52.65     -53.45       0.00       0.00       0.00       0.00       0.44       0.07
     17432      52.72     -53.56       0.00       0.00       0.00       0.00       0.46       0.07
     19966      53.09     -53.35       0.82       0.00       0.00       0.00       1.39       0.07
     20437      53.26     -53.68       0.00       0.00       0.00       0.03       0.23       0.07
     21442      53.35     -53.84       0.00       0.00       0.00       0.09       0.23       0.07
     22192      53.52     -53.42       0.86       0.00       0.00       0.00       1.28       0.07
     23347      53.65     -54.23       0.00       0.00       0.00       0.00       0.33       0.07
     23762      53.86     -53.68       0.90       0.00       0.00       0.03       1.27       0.07
     25297      53.98     -53.83       0.90       0.00       0.00       0.03       1.29       0.07
     28112      54.17     -53.98       0.90       0.00       0.00       0.03       1.27       0.07
     28247      54.23     -54.03       0.90       0.00       0.00       0.00       1.28       0.07
     28797      54.32     -54.31       0.83       0.00       0.00       0.03       1.27       0.07
     28817      54.40     -54.21       0.79       0.00       0.00       0.03       1.10       0.07
     29768      54.80     -54.33       0.96       0.00       0.00       0.00       1.24       0.07
     31579      54.87     -54.77       0.83       0.00       0.00       0.00       1.24       0.07
     32873      55.09     -54.80       0.88       0.00       0.00       0.00       1.21       0.07
     34243      55.26     -54.91       0.93       0.00       0.00       0.00       1.25       0.07
     35494      55.58     -54.96       0.85       0.00       0.00       0.00       1.00       0.07
     35553      55.80     -55.18       0.85       0.00       0.00       0.00       1.00       0.07
     41047      55.83     -55.19       0.85       0.00       0.00       0.00       0.98       0.07
     42738      55.84     -55.25       0.85       0.00       0.00       0.00       1.01       0.07
     45274      55.90     -55.16       0.91       0.00       0.00       0.00       1.03       0.07
     48423      56.00     -55.27       0.90       0.00       0.00       0.00       1.01       0.07
     50539      56.01     -55.19       0.91       0.00       0.00       0.00       0.99       0.07
     50668      56.04     -55.28       0.90       0.00       0.00       0.00       1.00       0.07
     51039      56.05     -55.21       0.91       0.00       0.00       0.00       0.98       0.07
     54794      56.06     -55.27       0.93       0.00       0.00       0.00       1.03       0.07
     55729      56.09     -55.28       0.93       0.00       0.00       0.00       1.02       0.07
     64852      56.10     -55.16       0.94       0.00       0.00       0.00       0.98       0.07
     66532      56.14     -55.28       0.94       0.00       0.00       0.00       1.02       0.07
     78724      56.33     -55.24       0.94       0.00       0.00       0.00       0.90       0.07
    113015      56.45     -55.37       0.98       0.00       0.00       0.11       0.90       0.07
    116555      56.46     -55.37       0.98       0.00       0.00       0.02       0.94       0.07
    116785      56.51     -55.37       0.98       0.00       0.00       0.05       0.91       0.07
    116940      56.52     -55.37       0.98       0.00       0.00       0.02       0.92       0.07
--------------------------------------------------------------------------------
Best docking solution after GA:
    122250      56.52     -55.37       0.98       0.00       0.00       0.02       0.92       0.07

#ops:     122250 #mutates:  57971 #cross:    58205 #migrate:   6074 
#dups:     46433 #niche:    70265 #errors:     348 
--------------------------------------------------------------------------------

Doing AMOEBA simplex on best individual
Done simplexing #iterations 397, best score  56.71

Ligand is stored in gold_soln_6h7m_m1_3.mol2


--------------------------------------------------------------------------------
--- CHEMPLP breakdown of terms                                               ---
--------------------------------------------------------------------------------
CHEMPLP = - ( 1.0000*S(PLP) + -3.0000*S(hbond) + -6.0000*S(metal) + -3.0000*S(cho) )

Score = CHEMPLP - 1.0000*DE(clash) - 2.0000*DE(tors)

Internal energy term has been corrected with the best internal energy encountered.

--------------------------------------------------------------------------------


     Score     S(PLP)   S(hbond)     S(cho)   S(metal)  DE(clash)   DE(tors)     intcor
     56.71     -55.46       1.00       0.00       0.00       0.01       0.91       0.07

--------------------------------------------------------------------------------
--- PLP analysis of protein-ligand interactions                              ---
--------------------------------------------------------------------------------
hydrogen bonding        :      -2.02
metal                   :       0.00
buried (polar-nonpolar) :      -4.42
nonpolar                :     -48.56
repulsive               :       0.00
--------------------------------------------------------------------------------


--------------------------------------------------------------------------------
--- ChemScore analysis of protein-ligand interactions                        ---
--------------------------------------------------------------------------------

* Hydrogen bonds                                                                
Ligand donor    7 hydrogen   26 Protein acceptor 2066 bond energy  1.00 wt 1.00


* CH..O interactions                                                            
  CH group selection                       : activated ring CH (adjacent to hetatom)

--------------------------------------------------------------------------------


--------------------------------------------------------------------------------
--- Intra-ligand clashes                                                     ---
--------------------------------------------------------------------------------

Ligand
  5 (O2   ) -   3 (O1   ):   0.01 (dist   2.50)
--------------------------------------------------------------------------------


--------------------------------------------------------------------------------
--- Chromosome decoded                                                       ---
--------------------------------------------------------------------------------
Ligand Torsions
[   2    6    1    7]  -69.19
[  26    7    1    6]  135.40
[  13   12    1    6]  122.97
[   9    8    2    6]  153.23
[   8    2    6    1]  104.67
[  20    3   15   14]  104.06
[   5    4   16   15]   -3.96
[  23    5    4   16] -112.03
Mapping
Ligand acceptors to protein hydrogens (mapping then atom ids)
Ligand hydrogens to protein acceptors (mapping then atom ids)
  4   3 [ 26->2066]
Ligand shape atoms to protein points (mapping then atom ids & coords)
  1  5386 [  1->(-23.250   7.500  16.500)]
  3  7737 [  6->(-22.000   8.500  17.750)]
  4  7790 [  9->(-22.000  10.000  18.250)]
  6  7262 [ 11->(-22.500   9.500  18.250)]
  7  3540 [ 13->(-23.750   3.750  15.500)]
  8  5860 [ 14->(-23.000   3.500  13.500)]
  9  5323 [ 17->(-23.250   6.250  14.500)]
Chromosome values
Integers:
  -1   -1   -1   -1   -1   -1   -1    2 5385   -1 7736 7789 
  -1 7261 3539 5859 5322 
--------------------------------------------------------------------------------

Current Ranking  3  2  1

--------------------------------------------------------------------------------

* GA execution time :                                                           
  total  6.0004 user  6.0004 sys  0.0000

--------------------------------------------------------------------------------
Fitness function evaluations: 185428

--------------------------------------------------------------------------------
** Docking run number  4 **
--------------------------------------------------------------------------------
  Rank fitness base is 5000.00 ; increment is 11.2233

* Initialising population(s) ...                                                
Number of constraints mappings 0
Number of constraints 0
  Population no.                           :      1
  Population size                          :    100
  Number of duplicates                     :      0
  Number of niche violations               :      0
  Number of errors                         :    245

Number of constraints mappings 0
Number of constraints 0
  Population no.                           :      2
  Population size                          :    100
  Number of duplicates                     :      0
  Number of niche violations               :      0
  Number of errors                         :    246

Number of constraints mappings 0
Number of constraints 0
  Population no.                           :      3
  Population size                          :    100
  Number of duplicates                     :      0
  Number of niche violations               :      0
  Number of errors                         :    234

Number of constraints mappings 0
Number of constraints 0
  Population no.                           :      4
  Population size                          :    100
  Number of duplicates                     :      0
  Number of niche violations               :      0
  Number of errors                         :    232

Number of constraints mappings 0
Number of constraints 0
  Population no.                           :      5
  Population size                          :    100
  Number of duplicates                     :      0
  Number of niche violations               :      0
  Number of errors                         :    232


Doing GA, no. of population(s) 5 size 100 selection pressure 1.100000

 Operation      Score     S(PLP)   S(hbond)     S(cho)   S(metal)  DE(clash)   DE(tors)     intcor
         0      17.26     -22.04       0.00       0.00       0.00       0.29       2.28       0.07
       186      19.22     -25.37       0.00       0.00       0.00       0.00       3.11       0.07
       213      27.39     -29.48       0.00       0.00       0.00       0.00       1.08       0.07
       798      34.62     -37.40       0.00       0.00       0.00       0.38       1.23       0.07
      2140      35.13     -38.86       0.00       0.00       0.00       1.58       1.11       0.07
      3288      35.88     -36.19       0.58       0.00       0.00       0.00       1.05       0.07
      5608      36.38     -38.58       0.00       0.00       0.00       0.38       0.95       0.07
      6279      37.58     -38.89       1.00       0.00       0.00       1.45       1.47       0.07
      7454      37.77     -38.43       1.00       0.00       0.00       1.45       1.14       0.07
      8393      38.17     -40.48       0.00       0.00       0.00       0.00       1.19       0.07
      9484      41.56     -41.94       1.00       0.00       0.00       1.51       0.97       0.07
     13550      42.10     -42.78       1.00       0.00       0.00       1.45       1.15       0.07
     14599      44.46     -46.18       0.65       0.00       0.00       1.45       1.14       0.07
     15939      44.71     -46.47       0.63       0.00       0.00       1.45       1.14       0.07
     16124      45.20     -47.10       0.63       0.00       0.00       1.45       1.21       0.07
     16554      45.52     -46.40       0.93       0.00       0.00       1.45       1.14       0.07
     16604      45.98     -46.72       0.98       0.00       0.00       1.45       1.14       0.07
     18925      46.21     -46.40       1.00       0.00       0.00       1.45       0.90       0.07
     21161      46.38     -47.06       1.00       0.00       0.00       1.45       1.14       0.07
     22395      46.90     -47.57       1.00       0.00       0.00       1.45       1.14       0.07
     23694      48.26     -49.03       0.98       0.00       0.00       1.45       1.16       0.07
     28164      48.48     -49.21       0.98       0.00       0.00       1.51       1.11       0.07
     31729      48.50     -49.25       0.98       0.00       0.00       1.51       1.12       0.07
     32194      48.64     -49.41       0.86       0.00       0.00       1.51       0.96       0.07
     33184      48.67     -49.41       0.88       0.00       0.00       1.45       1.00       0.07
     35821      48.79     -49.44       1.00       0.00       0.00       1.45       1.13       0.07
     39102      48.88     -49.50       1.00       0.00       0.00       1.45       1.12       0.07
     42276      48.89     -49.61       0.89       0.00       0.00       1.45       1.01       0.07
     43677      48.89     -49.49       1.00       0.00       0.00       1.45       1.11       0.07
     44413      48.97     -49.50       0.93       0.00       0.00       1.45       0.97       0.07
     44474      49.23     -49.57       1.00       0.00       0.00       1.51       0.95       0.07
     44529      49.27     -49.60       1.00       0.00       0.00       1.51       0.95       0.07
     44978      49.57     -50.20       1.00       0.00       0.00       1.45       1.13       0.07
     46397      49.57     -50.19       1.00       0.00       0.00       1.45       1.12       0.07
     47749      49.74     -50.06       1.00       0.00       0.00       1.51       0.94       0.07
     48039      49.81     -50.12       1.00       0.00       0.00       1.45       0.97       0.07
     48044      49.81     -50.10       1.00       0.00       0.00       1.51       0.93       0.07
     48768      49.87     -50.25       1.00       0.00       0.00       1.45       1.00       0.07
     50418      49.88     -50.26       1.00       0.00       0.00       1.51       0.97       0.07
     54369      49.90     -50.33       1.00       0.00       0.00       1.45       1.02       0.07
     54864      49.93     -50.31       1.00       0.00       0.00       1.45       0.99       0.07
     57579      49.94     -50.29       1.00       0.00       0.00       1.45       0.99       0.07
     66053      50.12     -50.48       0.00       0.00       0.00       0.00       0.22       0.07
     66941      51.28     -51.67       0.00       0.00       0.00       0.05       0.20       0.07
     73176      51.37     -51.76       0.00       0.00       0.00       0.05       0.20       0.07
     74166      51.99     -52.30       0.00       0.00       0.00       0.05       0.16       0.07
     74996      52.03     -52.30       0.00       0.00       0.00       0.00       0.17       0.07
     78860      52.03     -53.02       0.00       0.00       0.00       0.00       0.53       0.07
     80710      52.50     -53.24       0.00       0.00       0.00       0.05       0.38       0.07
     81365      52.65     -53.38       0.00       0.00       0.00       0.05       0.37       0.07
     82517      52.69     -53.07       0.00       0.00       0.00       0.03       0.21       0.07
     82853      52.97     -53.32       0.00       0.00       0.00       0.00       0.21       0.07
     83748      53.49     -53.85       0.00       0.00       0.00       0.00       0.21       0.07
     86727      54.00     -54.37       0.00       0.00       0.00       0.00       0.22       0.07
     98210      54.02     -54.49       0.00       0.00       0.00       0.00       0.27       0.07
    100850      54.05     -54.49       0.00       0.00       0.00       0.00       0.26       0.07
    101396      54.05     -54.43       0.00       0.00       0.00       0.00       0.22       0.07
    101415      54.05     -54.38       0.00       0.00       0.00       0.00       0.20       0.07
    101424      54.09     -54.38       0.00       0.00       0.00       0.00       0.18       0.07
    105106      54.10     -54.43       0.00       0.00       0.00       0.00       0.20       0.07
    105815      54.12     -54.45       0.00       0.00       0.00       0.00       0.20       0.07
    106736      54.14     -54.59       0.00       0.00       0.00       0.00       0.26       0.07
    108095      54.25     -54.58       0.00       0.00       0.00       0.00       0.20       0.07
    111560      54.30     -54.62       0.00       0.00       0.00       0.00       0.20       0.07
    113244      54.30     -54.67       0.00       0.00       0.00       0.00       0.22       0.07
    116892      54.32     -54.64       0.00       0.00       0.00       0.00       0.20       0.07
    122182      54.37     -54.74       0.00       0.00       0.00       0.00       0.22       0.07
--------------------------------------------------------------------------------
Best docking solution after GA:
    122250      54.37     -54.74       0.00       0.00       0.00       0.00       0.22       0.07

#ops:     122250 #mutates:  57757 #cross:    58262 #migrate:   6231 
#dups:     42897 #niche:    58052 #errors:     495 
--------------------------------------------------------------------------------

Doing AMOEBA simplex on best individual
Done simplexing #iterations 502, best score  55.38

Ligand is stored in gold_soln_6h7m_m1_4.mol2


--------------------------------------------------------------------------------
--- CHEMPLP breakdown of terms                                               ---
--------------------------------------------------------------------------------
CHEMPLP = - ( 1.0000*S(PLP) + -3.0000*S(hbond) + -6.0000*S(metal) + -3.0000*S(cho) )

Score = CHEMPLP - 1.0000*DE(clash) - 2.0000*DE(tors)

Internal energy term has been corrected with the best internal energy encountered.

--------------------------------------------------------------------------------


     Score     S(PLP)   S(hbond)     S(cho)   S(metal)  DE(clash)   DE(tors)     intcor
     55.38     -56.20       0.00       0.00       0.00       0.00       0.45       0.07

--------------------------------------------------------------------------------
--- PLP analysis of protein-ligand interactions                              ---
--------------------------------------------------------------------------------
hydrogen bonding        :      -3.66
metal                   :       0.00
buried (polar-nonpolar) :      -4.95
nonpolar                :     -46.44
repulsive               :       0.00
--------------------------------------------------------------------------------


--------------------------------------------------------------------------------
--- ChemScore analysis of protein-ligand interactions                        ---
--------------------------------------------------------------------------------

* Hydrogen bonds                                                                


* CH..O interactions                                                            
  CH group selection                       : activated ring CH (adjacent to hetatom)

--------------------------------------------------------------------------------


--------------------------------------------------------------------------------
--- Intra-ligand clashes                                                     ---
--------------------------------------------------------------------------------

Ligand
--------------------------------------------------------------------------------


--------------------------------------------------------------------------------
--- Chromosome decoded                                                       ---
--------------------------------------------------------------------------------
Ligand Torsions
[   2    6    1    7]  -55.19
[  26    7    1    6]  -10.66
[  13   12    1    6]  122.92
[   9    8    2    6]   78.10
[   8    2    6    1] -152.39
[  20    3   15   14]   48.99
[   5    4   16   15]  -53.53
[  23    5    4   16]  -54.69
Mapping
Ligand acceptors to protein hydrogens (mapping then atom ids)
Ligand hydrogens to protein acceptors (mapping then atom ids)
Ligand shape atoms to protein points (mapping then atom ids & coords)
  1  2889 [  1->(-24.000   5.000  15.250)]
  2  3054 [  4->(-24.000   7.500  10.250)]
  3  7164 [  6->(-22.500   6.750  16.250)]
  4  7530 [  9->(-22.250   9.250  17.500)]
  5  8271 [ 10->(-21.250   9.000  17.500)]
  6  6824 [ 11->(-22.750   9.000  18.750)]
  8  6554 [ 14->(-22.750   3.250  14.500)]
  9  4443 [ 17->(-23.500   4.500  14.250)]
Chromosome values
Integers:
  -1   -1   -1   -1   -1   -1   -1   -1 2888 3053 7163 7529 
8270 6823   -1 6553 4442 
--------------------------------------------------------------------------------

Current Ranking  3  2  4  1

--------------------------------------------------------------------------------

* GA execution time :                                                           
  total  6.0001 user  6.0001 sys  0.0000

--------------------------------------------------------------------------------
Fitness function evaluations: 186851

--------------------------------------------------------------------------------
** Docking run number  5 **
--------------------------------------------------------------------------------
  Rank fitness base is 5000.00 ; increment is 11.2233

* Initialising population(s) ...                                                
Number of constraints mappings 0
Number of constraints 0
  Population no.                           :      1
  Population size                          :    100
  Number of duplicates                     :      0
  Number of niche violations               :      0
  Number of errors                         :    283

Number of constraints mappings 0
Number of constraints 0
  Population no.                           :      2
  Population size                          :    100
  Number of duplicates                     :      0
  Number of niche violations               :      0
  Number of errors                         :    249

Number of constraints mappings 0
Number of constraints 0
  Population no.                           :      3
  Population size                          :    100
  Number of duplicates                     :      0
  Number of niche violations               :      0
  Number of errors                         :    260

Number of constraints mappings 0
Number of constraints 0
  Population no.                           :      4
  Population size                          :    100
  Number of duplicates                     :      0
  Number of niche violations               :      0
  Number of errors                         :    263

Number of constraints mappings 0
Number of constraints 0
  Population no.                           :      5
  Population size                          :    100
  Number of duplicates                     :      0
  Number of niche violations               :      0
  Number of errors                         :    283


Doing GA, no. of population(s) 5 size 100 selection pressure 1.100000

 Operation      Score     S(PLP)   S(hbond)     S(cho)   S(metal)  DE(clash)   DE(tors)     intcor
         0      33.19     -38.28       0.00       0.00       0.00       0.00       2.58       0.07
      1316      34.13     -38.07       0.00       0.00       0.00       0.00       2.00       0.07
      1362      36.94     -39.83       0.06       0.00       0.00       0.00       1.57       0.07
      4574      37.08     -39.03       0.88       0.00       0.00       0.00       2.32       0.07
      4578      37.08     -39.84       0.00       0.00       0.00       0.00       1.41       0.07
      4588      37.29     -40.04       0.00       0.00       0.00       0.00       1.41       0.07
      4718      40.58     -42.79       0.00       0.00       0.00       0.00       1.14       0.07
      6983      40.66     -42.93       1.00       0.00       0.00       2.15       1.60       0.07
      7721      43.10     -41.03       1.25       0.00       0.00       0.00       0.88       0.07
     10401      43.18     -40.19       1.62       0.00       0.00       0.00       0.97       0.07
     10916      43.34     -41.03       1.37       0.00       0.00       0.00       0.93       0.07
     11501      43.69     -39.90       1.89       0.00       0.00       0.00       0.97       0.07
     11731      43.75     -40.63       1.63       0.00       0.00       0.00       0.93       0.07
     12083      43.93     -44.90       0.00       0.00       0.00       0.00       0.52       0.07
     12211      44.41     -40.67       1.87       0.00       0.00       0.00       0.97       0.07
     14261      44.60     -40.89       1.86       0.00       0.00       0.00       0.97       0.07
     14482      45.12     -42.61       1.40       0.00       0.00       0.00       0.88       0.07
     15538      45.87     -46.84       0.00       0.00       0.00       0.00       0.52       0.07
     15545      46.54     -45.97       0.91       0.00       0.00       0.00       1.12       0.07
     15750      49.51     -48.70       0.99       0.00       0.00       0.00       1.12       0.07
     16935      50.81     -49.97       1.00       0.00       0.00       0.00       1.12       0.07
     17830      51.15     -50.81       1.00       0.00       0.00       0.00       1.36       0.07
     19145      51.44     -50.61       1.00       0.00       0.00       0.00       1.12       0.07
     19990      51.65     -50.82       1.00       0.00       0.00       0.00       1.12       0.07
     21630      51.73     -50.82       1.00       0.00       0.00       0.03       1.06       0.07
     21745      51.74     -50.91       1.00       0.00       0.00       0.00       1.12       0.07
     22751      51.81     -51.14       1.00       0.00       0.00       0.00       1.20       0.07
     24296      51.81     -51.14       1.00       0.00       0.00       0.00       1.20       0.07
     24375      52.12     -51.29       1.00       0.00       0.00       0.00       1.12       0.07
     25220      52.18     -51.35       1.00       0.00       0.00       0.00       1.12       0.07
     25400      52.95     -52.12       1.00       0.00       0.00       0.00       1.12       0.07
     25745      53.16     -52.10       1.00       0.00       0.00       0.00       1.00       0.07
     30545      53.28     -52.21       1.00       0.00       0.00       0.00       1.00       0.07
     30595      53.31     -52.24       1.00       0.00       0.00       0.00       1.00       0.07
     32155      53.34     -52.28       1.00       0.00       0.00       0.00       1.00       0.07
     32175      53.36     -52.30       1.00       0.00       0.00       0.00       1.00       0.07
     35452      53.55     -52.48       1.00       0.00       0.00       0.00       1.00       0.07
     36640      53.55     -52.45       1.00       0.00       0.00       0.00       0.98       0.07
     38320      53.61     -52.41       1.00       0.00       0.00       0.00       0.94       0.07
     38537      53.67     -52.47       1.00       0.00       0.00       0.00       0.94       0.07
     39500      53.67     -52.78       1.00       0.00       0.00       0.00       1.09       0.07
     40125      53.71     -52.75       1.00       0.00       0.00       0.00       1.06       0.07
     40497      53.87     -52.68       1.00       0.00       0.00       0.00       0.94       0.07
     41890      54.09     -53.13       1.00       0.00       0.00       0.00       1.06       0.07
     43936      54.15     -52.84       1.00       0.00       0.00       0.00       0.88       0.07
     47760      54.31     -53.32       1.00       0.00       0.00       0.00       1.04       0.07
     51179      54.33     -53.58       1.00       0.00       0.00       0.00       1.16       0.07
     51445      54.43     -53.76       1.00       0.00       0.00       0.00       1.20       0.07
     54934      54.45     -53.79       1.00       0.00       0.00       0.00       1.20       0.07
     55215      54.48     -53.48       1.00       0.00       0.00       0.00       1.04       0.07
     57284      54.60     -53.94       1.00       0.00       0.00       0.00       1.20       0.07
     61011      54.76     -54.09       1.00       0.00       0.00       0.00       1.20       0.07
     64223      54.82     -54.24       1.00       0.00       0.00       0.00       1.24       0.07
     68251      54.83     -54.19       0.99       0.00       0.00       0.00       1.20       0.07
     69723      54.83     -54.49       1.00       0.00       0.00       0.00       1.36       0.07
     71998      54.90     -54.41       1.00       0.00       0.00       0.00       1.29       0.07
     73483      55.02     -54.44       1.00       0.00       0.00       0.00       1.25       0.07
     73603      55.12     -54.56       0.99       0.00       0.00       0.00       1.24       0.07
     74798      55.16     -54.85       0.99       0.00       0.00       0.00       1.36       0.07
     76579      55.18     -54.62       0.99       0.00       0.00       0.00       1.24       0.07
     76694      55.33     -54.67       1.00       0.00       0.00       0.00       1.20       0.07
     79035      55.35     -54.71       1.00       0.00       0.00       0.00       1.21       0.07
     85859      55.42     -54.92       1.00       0.00       0.00       0.00       1.29       0.07
     88085      55.43     -54.56       1.00       0.00       0.00       0.00       1.10       0.07
     90202      55.45     -54.80       1.00       0.00       0.00       0.00       1.21       0.07
     94009      55.46     -54.57       1.00       0.00       0.00       0.00       1.09       0.07
     94573      55.56     -54.75       1.00       0.00       0.00       0.00       1.13       0.07
     98989      55.67     -54.93       1.00       0.00       0.00       0.00       1.17       0.07
    103933      55.67     -54.85       1.00       0.00       0.00       0.00       1.13       0.07
    104753      55.67     -55.18       1.00       0.00       0.00       0.00       1.29       0.07
    105898      55.69     -54.98       1.00       0.00       0.00       0.00       1.18       0.07
    108403      55.82     -55.09       1.00       0.00       0.00       0.00       1.17       0.07
    110599      55.87     -55.16       1.00       0.00       0.00       0.00       1.18       0.07
    116587      55.96     -55.25       1.00       0.00       0.00       0.00       1.18       0.07
    117332      55.98     -55.31       1.00       0.00       0.00       0.00       1.20       0.07
--------------------------------------------------------------------------------
Best docking solution after GA:
    122250      55.98     -55.31       1.00       0.00       0.00       0.00       1.20       0.07

#ops:     122250 #mutates:  58312 #cross:    57878 #migrate:   6060 
#dups:     38920 #niche:    59214 #errors:     307 
--------------------------------------------------------------------------------

Doing AMOEBA simplex on best individual
Done simplexing #iterations 317, best score  56.49

Ligand is stored in gold_soln_6h7m_m1_5.mol2


--------------------------------------------------------------------------------
--- CHEMPLP breakdown of terms                                               ---
--------------------------------------------------------------------------------
CHEMPLP = - ( 1.0000*S(PLP) + -3.0000*S(hbond) + -6.0000*S(metal) + -3.0000*S(cho) )

Score = CHEMPLP - 1.0000*DE(clash) - 2.0000*DE(tors)

Internal energy term has been corrected with the best internal energy encountered.

--------------------------------------------------------------------------------


     Score     S(PLP)   S(hbond)     S(cho)   S(metal)  DE(clash)   DE(tors)     intcor
     56.49     -55.74       1.00       0.00       0.00       0.00       1.16       0.07

--------------------------------------------------------------------------------
--- PLP analysis of protein-ligand interactions                              ---
--------------------------------------------------------------------------------
hydrogen bonding        :      -2.92
metal                   :       0.00
buried (polar-nonpolar) :      -3.62
nonpolar                :     -48.68
repulsive               :       0.00
--------------------------------------------------------------------------------


--------------------------------------------------------------------------------
--- ChemScore analysis of protein-ligand interactions                        ---
--------------------------------------------------------------------------------

* Hydrogen bonds                                                                
Ligand donor    7 hydrogen   26 Protein acceptor 2066 bond energy  1.00 wt 1.00


* CH..O interactions                                                            
  CH group selection                       : activated ring CH (adjacent to hetatom)

--------------------------------------------------------------------------------


--------------------------------------------------------------------------------
--- Intra-ligand clashes                                                     ---
--------------------------------------------------------------------------------

Ligand
--------------------------------------------------------------------------------


--------------------------------------------------------------------------------
--- Chromosome decoded                                                       ---
--------------------------------------------------------------------------------
Ligand Torsions
[   2    6    1    7]  -69.53
[  26    7    1    6]   91.09
[  13   12    1    6]  120.78
[   9    8    2    6]  -93.59
[   8    2    6    1]  112.84
[  20    3   15   14]    4.68
[   5    4   16   15] -115.48
[  23    5    4   16]  126.59
Mapping
Ligand acceptors to protein hydrogens (mapping then atom ids)
Ligand hydrogens to protein acceptors (mapping then atom ids)
  4   3 [ 26->2066]
Ligand shape atoms to protein points (mapping then atom ids & coords)
  1  7481 [  1->(-22.250   7.750  16.500)]
  2  5268 [  4->(-23.250   5.500  10.750)]
  3  7479 [  6->(-22.250   7.750  16.000)]
  6  8608 [ 11->(-20.500   8.250  17.750)]
  7  4501 [ 13->(-23.500   5.000  16.500)]
  8  5143 [ 14->(-23.250   4.000  14.500)]
  9  2962 [ 17->(-24.000   5.750  14.000)]
Chromosome values
Integers:
  -1   -1   -1   -1   -1   -1   -1    2 7480 5267 7478   -1 
  -1 8607 4500 5142 2961 
--------------------------------------------------------------------------------

Current Ranking  3  5  2  4  1

Top  3 (of  5) solutions are within 1.000 RMSD, finishing docking C:/Users/student/Desktop/project/beta1/ligandy/6h7m.mol2.


--------------------------------------------------------------------------------

* GA execution time :                                                           
  total  6.0001 user  6.0000 sys  0.0000

--------------------------------------------------------------------------------
Fitness function evaluations: 185244

--------------------------------------------------------------------------------
--- Ranking analysis                                                         ---
--------------------------------------------------------------------------------


* Final ranked order of GA solutions:                                           
   3  5  2  4  1 

  _______________________________
  RMSD Matrix of RANKED solutions

        2    3    4    5  

   1 :  0.5  0.5  1.6  1.5
   2 :       0.3  1.4  1.3
   3 :            1.3  1.3
   4 :                 0.1

  Clustering method                        : complete linkage
  Structure ids in cluster table           : rank nos.
  Ordering of clusters and their members   : by rank (order if from rms_analysis)

  Distance | Clusters
   0.10    |  1 |  2 |  3 |  4  5 |
   0.32    |  1 |  2  3 |  4  5 |
   0.54    |  1  2  3 |  4  5 |
   1.56    |  1  2  3  4  5 |
  Finished Docking Ligand                  : C:/Users/student/Desktop/project/beta1/ligandy/6h7m.mol2
--------------------------------------------------------------------------------

  Relative_Ligand_Energy (best encountered) :   0.072
  Relative_Ligand_Energy: fitness values have been corrected using this amount
