# WARNING: atom    7 in /home/mateusz/Kasia/zajecia/dokowanie-karolina/ligandy/3zpq.mol2 is type  N.ar resetting to type N.pl3 (set_atom_type)

--------------------------------------------------------------------------------
--- Ligand                                                                   ---
--------------------------------------------------------------------------------
  Ligand loaded from file                  : /home/mateusz/Kasia/zajecia/dokowanie-karolina/ligandy/3zpq.mol2
  Ligand name                              :  
  "C:\Users\porto\OneDrive\projekt\beta1\ligandy\L_3zpq.pdb L_3zpq.pdb 1    "

--------------------------------------------------------------------------------
  N.plc donors                             : 
  pro:    7 
  

  Acidic nitrogen acceptors                : 
  none found
  Sulfur acceptors                         :
  none found


  Donor atoms                              :      2
  7   13  
  Acceptor atoms                           :      1
  13  

  Hydrogens                                :  (n = 2)
  20   26   

  Lone pairs added to molecule             :      1
  Numbering                                : from 31 to 31

--------------------------------------------------------------------------------
--- Postprocessing of typing                                                 ---
--------------------------------------------------------------------------------
  Fragment file                            : /opt/CCDC/GoldSuite_2017/GOLD/gold/rotatable_bond_override.mol2
  acylurea fragment                        : no matches
  thioacylthiourea fragment                : no matches
  acylthiourea fragment                    : no matches
  thioacylurea fragment                    : no matches
  diarylamine fragment >C.ar-NH-C.ar<      : no matches
  sec-amine (1) fragment                   : no matches
  sec-amine (2) fragment                   : 1 matches
  Ligand bond 10-3  set to 1
  Ligand bond 10-11  set to 1
  Ligand bond 10-15  set to 1
  sec-amine (3) fragment                   : no matches
  carboxylic ester                         : no matches

* Rotatable bonds in /home/mateusz/Kasia/  :
  [   3   10] 
  No. of rotatable bonds                   :      1


* Reading torsional distributions from file:
  /opt/CCDC/GoldSuite_2017/GOLD/gold/gold.tordist
  No. of bins in torsional distributions   :     36
  Minimum size of largest peak             :      0
  Removing high energy torsions            : on
  Delta E set to                           :   2.500

* Fragments found in /home/mateusz/Kasia/  :
  atom   1: benzene
  atom   2: benzene
  atom   3: benzene
  atom   4: benzene
  atom   8: benzene
  atom   9: benzene


* Checking torsion distributions:                                               
  No. of matched torsions                  :      0

--------------------------------------------------------------------------------
--- Shape fitting atoms selection (hydrophobic atoms)                        ---
--------------------------------------------------------------------------------
  Molecule                                 : /home/mateusz/Kasia/zajecia/dokowanie-karolina/ligandy/3zpq.mol2
  Selection                                : carbons only
  Atom numbers                             :  (n = 9)
  1    2    5    6    9    11   12   14   15   


--------------------------------------------------------------------------------
--- ChemScore ligand setup summary                                           ---
--------------------------------------------------------------------------------
  ChemScore ligand acceptors               :      1
  13 
  ChemScore ligand donors                  :      2
  7 ( 20 [+]  ) 13 ( 26  ) 
  ChemScore ligand CH donors               :      0
  

  ChemScore ligand lipophilic atoms        :  (n = 12)
  1    2    3    4    5    6    8    9    11   12   
  14   15   

  ChemScore ligand rotatable bonds         :      1
  3   (C3 ) - 10  (N10): SP2_SP2_BOND

--------------------------------------------------------------------------------
--- PLP ligand setup summary                                                 ---
--------------------------------------------------------------------------------
    1    C1  C.ar NONPOLAR
    2    C2  C.ar NONPOLAR
    3    C3  C.ar NONPOLAR
    4    C4  C.ar NONPOLAR
    5    C5  C.ar NONPOLAR
    6    C6  C.ar NONPOLAR
    7    N7 N.pl3 DONOR
    8    C8  C.ar NONPOLAR
    9    C9  C.ar NONPOLAR
   10   N10 N.pl3 NONPOLAR
   11   C11   C.3 NONPOLAR
   12   C12   C.3 NONPOLAR
   13   N13   N.3 DONACC
   14   C14   C.3 NONPOLAR
   15   C15   C.3 NONPOLAR

--------------------------------------------------------------------------------
--- Automatic parameter setting                                              ---
--------------------------------------------------------------------------------
  Contribution base                        :   2500
  Contribution per rotatable bond          :   6000
  Contribution per df                      :   4000
  Contribution per water                   :  10000
  Ligand rotatable bonds                   :      1
  Protein flexible side chain bonds        :      0
  Total rotatable bonds                    :      1
  Hydrophobic vol ratio (P/L)              :   1.970
  Base multiplier (polar)                  :   0.600
  Base multiplier (apolar)                 :   3.546
  Base contribution                        : 10000.000
  Fitting points                           :      3
  Estimated maxops needed (optimal)        :  16500

--------------------------------------------------------------------------------

* Population settings                                                           
  maxops                                   :  16500
  popsiz                                   :    100
  select_pressure                          :   1.100
  n_islands                                :      1
  niche_siz                                :      2

* GA settings                                                                   
  pt_crosswt                               :     95
  allele_mutatewt                          :     95
  migratewt                                :     10

* Search settings                                                               
  start_vdw_linear_cutoff                  :   4.000
  initial_virtual_pt_match_max             :   3.000

--------------------------------------------------------------------------------

* Ligand initialisation time :                                                  
  total  0.0057 user  0.0057 sys  0.0000

--------------------------------------------------------------------------------

--------------------------------------------------------------------------------
** Docking run number  1 **
--------------------------------------------------------------------------------
  Rank fitness base is 5000.00 ; increment is 11.2233

* Initialising population(s) ...                                                
Number of constraints mappings 0
Number of constraints 0
  Population no.                           :      1
  Population size                          :    100
  Number of duplicates                     :      0
  Number of niche violations               :      0
  Number of errors                         :    435


Doing GA, no. of population(s) 1 size 100 selection pressure 1.100000

 Operation      Score     S(PLP)   S(hbond)     S(cho)   S(metal)  DE(clash)   DE(tors)     intcor
         0      33.27     -35.74       0.00       0.00       0.00       2.39       0.61       1.13
        56      34.66     -36.31       0.00       0.00       0.00       0.00       1.39       1.13
       290      36.36     -38.18       0.00       0.00       0.00       0.00       1.48       1.13
       320      39.60     -40.48       0.00       0.00       0.00       0.00       1.00       1.13
       366      40.05     -43.33       0.00       0.00       0.00       2.85       0.78       1.13
       441      42.77     -43.43       0.00       0.00       0.00       0.00       0.90       1.13
      1245      47.72     -48.34       0.01       0.00       0.00       0.00       0.90       1.13
      1444      47.76     -46.87       0.52       0.00       0.00       0.00       0.90       1.13
      3380      48.12     -48.67       0.01       0.00       0.00       0.00       0.86       1.13
      3478      48.96     -47.97       0.53       0.00       0.00       0.00       0.86       1.13
      5033      50.49     -49.59       0.50       0.00       0.00       0.00       0.86       1.13
      8005      50.71     -49.83       0.51       0.00       0.00       0.00       0.90       1.13
     15439      51.03     -51.84       0.00       0.00       0.00       0.00       0.97       1.13
--------------------------------------------------------------------------------
Best docking solution after GA:
     16500      51.03     -51.84       0.00       0.00       0.00       0.00       0.97       1.13

#ops:      16500 #mutates:   7986 #cross:     7728 #migrate:    786 
#dups:      7085 #niche:     6712 #errors:     162 
--------------------------------------------------------------------------------

Doing AMOEBA simplex on best individual
Done simplexing #iterations 345, best score  55.13

Ligand is stored in gold_soln_3zpq_m1_1.mol2


--------------------------------------------------------------------------------
--- CHEMPLP breakdown of terms                                               ---
--------------------------------------------------------------------------------
CHEMPLP = - ( 1.0000*S(PLP) + -3.0000*S(hbond) + -6.0000*S(metal) + -3.0000*S(cho) )

Score = CHEMPLP - 1.0000*DE(clash) - 2.0000*DE(tors)

Internal energy term has been corrected with the best internal energy encountered.

--------------------------------------------------------------------------------


     Score     S(PLP)   S(hbond)     S(cho)   S(metal)  DE(clash)   DE(tors)     intcor
     55.13     -53.73       0.61       0.00       0.00       0.00       0.78       1.13

--------------------------------------------------------------------------------
--- PLP analysis of protein-ligand interactions                              ---
--------------------------------------------------------------------------------
hydrogen bonding        :      -3.18
metal                   :       0.00
buried (polar-nonpolar) :      -0.98
nonpolar                :     -49.22
repulsive               :       0.00
--------------------------------------------------------------------------------


--------------------------------------------------------------------------------
--- ChemScore analysis of protein-ligand interactions                        ---
--------------------------------------------------------------------------------

* Hydrogen bonds                                                                
Ligand donor   13 hydrogen   26 Protein acceptor 2066 bond energy  1.00 wt 0.61


* CH..O interactions                                                            
  CH group selection                       : activated ring CH (adjacent to hetatom)

--------------------------------------------------------------------------------


--------------------------------------------------------------------------------
--- Intra-ligand clashes                                                     ---
--------------------------------------------------------------------------------

Ligand
--------------------------------------------------------------------------------


--------------------------------------------------------------------------------
--- Chromosome decoded                                                       ---
--------------------------------------------------------------------------------
Ligand Torsions
[   2    3   10   11]  -51.65
Mapping
Ligand acceptors to protein hydrogens (mapping then atom ids)
Ligand hydrogens to protein acceptors (mapping then atom ids)
Ligand shape atoms to protein points (mapping then atom ids & coords)
  1  4295 [  1->(-23.500   2.750  13.250)]
  4  1131 [  6->(-24.750   6.000  11.000)]
  5  7117 [  9->(-22.500   4.250  10.250)]
  6  3698 [ 11->(-23.750   5.250  14.750)]
  8  3751 [ 14->(-23.750   5.750  16.500)]
  9  4574 [ 15->(-23.500   6.000  15.750)]
Chromosome values
Integers:
  -1   -1   -1 4294   -1   -1 1130 7116 3697   -1 3750 4573 
--------------------------------------------------------------------------------

Current Ranking  1

--------------------------------------------------------------------------------

* GA execution time :                                                           
  total  0.3384 user  0.3384 sys  0.0000

--------------------------------------------------------------------------------
Fitness function evaluations: 26887

--------------------------------------------------------------------------------
** Docking run number  2 **
--------------------------------------------------------------------------------
  Rank fitness base is 5000.00 ; increment is 11.2233

* Initialising population(s) ...                                                
Number of constraints mappings 0
Number of constraints 0
  Population no.                           :      1
  Population size                          :    100
  Number of duplicates                     :      0
  Number of niche violations               :      0
  Number of errors                         :    407


Doing GA, no. of population(s) 1 size 100 selection pressure 1.100000

 Operation      Score     S(PLP)   S(hbond)     S(cho)   S(metal)  DE(clash)   DE(tors)     intcor
         0      38.02     -38.61       0.00       0.00       0.00       0.00       0.86       1.13
        73      41.29     -42.17       0.00       0.00       0.00       0.00       1.00       1.13
       371      45.68     -44.97       0.48       0.00       0.00       0.36       0.75       1.13
       581      47.11     -44.84       1.00       0.00       0.00       0.36       0.75       1.13
       601      47.76     -46.35       0.72       0.00       0.00       0.36       0.75       1.13
       780      47.98     -46.55       0.87       0.00       0.00       0.89       0.72       1.13
       888      53.66     -51.40       1.00       0.00       0.00       0.36       0.75       1.13
      5914      54.00     -53.49       0.42       0.00       0.00       0.00       0.93       1.13
      7277      54.02     -52.51       0.75       0.00       0.00       0.36       0.75       1.13
      8218      54.04     -52.06       0.81       0.00       0.00       0.00       0.79       1.13
     16147      54.18     -52.53       0.70       0.00       0.00       0.00       0.79       1.13
--------------------------------------------------------------------------------
Best docking solution after GA:
     16500      54.18     -52.53       0.70       0.00       0.00       0.00       0.79       1.13

#ops:      16500 #mutates:   7855 #cross:     7848 #migrate:    797 
#dups:      7865 #niche:     6241 #errors:     172 
--------------------------------------------------------------------------------

Doing AMOEBA simplex on best individual
Done simplexing #iterations 232, best score  55.06

Ligand is stored in gold_soln_3zpq_m1_2.mol2


--------------------------------------------------------------------------------
--- CHEMPLP breakdown of terms                                               ---
--------------------------------------------------------------------------------
CHEMPLP = - ( 1.0000*S(PLP) + -3.0000*S(hbond) + -6.0000*S(metal) + -3.0000*S(cho) )

Score = CHEMPLP - 1.0000*DE(clash) - 2.0000*DE(tors)

Internal energy term has been corrected with the best internal energy encountered.

--------------------------------------------------------------------------------


     Score     S(PLP)   S(hbond)     S(cho)   S(metal)  DE(clash)   DE(tors)     intcor
     55.06     -53.60       0.63       0.00       0.00       0.02       0.78       1.13

--------------------------------------------------------------------------------
--- PLP analysis of protein-ligand interactions                              ---
--------------------------------------------------------------------------------
hydrogen bonding        :      -3.14
metal                   :       0.00
buried (polar-nonpolar) :      -1.66
nonpolar                :     -49.42
repulsive               :       0.00
--------------------------------------------------------------------------------


--------------------------------------------------------------------------------
--- ChemScore analysis of protein-ligand interactions                        ---
--------------------------------------------------------------------------------

* Hydrogen bonds                                                                
Ligand donor   13 hydrogen   26 Protein acceptor 2066 bond energy  1.00 wt 0.63


* CH..O interactions                                                            
  CH group selection                       : activated ring CH (adjacent to hetatom)

--------------------------------------------------------------------------------


--------------------------------------------------------------------------------
--- Intra-ligand clashes                                                     ---
--------------------------------------------------------------------------------

Ligand
 15 (C15  ) -   5 (C5   ):   0.02 (dist   3.00)
--------------------------------------------------------------------------------


--------------------------------------------------------------------------------
--- Chromosome decoded                                                       ---
--------------------------------------------------------------------------------
Ligand Torsions
[   2    3   10   11]  -51.41
Mapping
Ligand acceptors to protein hydrogens (mapping then atom ids)
Ligand hydrogens to protein acceptors (mapping then atom ids)
  2   3 [ 26->2066]
Ligand shape atoms to protein points (mapping then atom ids & coords)
  1  5000 [  1->(-23.250   1.000  11.750)]
  2  6601 [  2->(-22.750   4.000  14.250)]
  3   706 [  5->(-25.000   6.500  12.250)]
  5  6548 [  9->(-22.750   3.250  13.000)]
  6  2108 [ 11->(-24.250   4.000  15.000)]
  8  7146 [ 14->(-22.500   5.750  15.500)]
  9  7702 [ 15->(-22.000   7.250  16.250)]
Chromosome values
Integers:
  -1   -1    2 4999 6600  705   -1 6547 2107   -1 7145 7701 
--------------------------------------------------------------------------------

Current Ranking  1  2

--------------------------------------------------------------------------------

* GA execution time :                                                           
  total  0.3437 user  0.3397 sys  0.0039

--------------------------------------------------------------------------------
Fitness function evaluations: 26687

--------------------------------------------------------------------------------
** Docking run number  3 **
--------------------------------------------------------------------------------
  Rank fitness base is 5000.00 ; increment is 11.2233

* Initialising population(s) ...                                                
Number of constraints mappings 0
Number of constraints 0
  Population no.                           :      1
  Population size                          :    100
  Number of duplicates                     :      0
  Number of niche violations               :      0
  Number of errors                         :    385


Doing GA, no. of population(s) 1 size 100 selection pressure 1.100000

 Operation      Score     S(PLP)   S(hbond)     S(cho)   S(metal)  DE(clash)   DE(tors)     intcor
         0      45.72     -46.96       0.01       0.00       0.00       0.00       1.19       1.13
      1054      46.10     -47.11       0.00       0.00       0.00       0.00       1.07       1.13
      1143      46.24     -47.38       0.00       0.00       0.00       0.00       1.13       1.13
      1341      46.29     -46.36       0.00       0.00       0.00       0.00       0.60       1.13
      1647      46.31     -47.19       0.00       0.00       0.00       0.00       1.00       1.13
      1909      47.02     -48.03       0.00       0.00       0.00       0.00       1.07       1.13
      2211      47.40     -48.41       0.00       0.00       0.00       0.00       1.07       1.13
      2321      47.96     -48.55       0.00       0.00       0.00       0.00       0.86       1.13
      2439      48.03     -48.63       0.00       0.00       0.00       0.00       0.86       1.13
      2589      48.12     -48.71       0.00       0.00       0.00       0.00       0.86       1.13
      2891      48.70     -49.29       0.00       0.00       0.00       0.00       0.86       1.13
      3485      48.79     -49.39       0.00       0.00       0.00       0.00       0.86       1.13
      4143      50.02     -50.61       0.00       0.00       0.00       0.00       0.86       1.13
      5162      50.07     -50.73       0.00       0.00       0.00       0.00       0.90       1.13
      5348      50.38     -50.97       0.00       0.00       0.00       0.00       0.86       1.13
      6530      50.57     -51.01       0.00       0.00       0.00       0.00       0.79       1.13
      6892      50.63     -51.43       0.00       0.00       0.00       0.00       0.97       1.13
      7370      51.65     -52.24       0.00       0.00       0.00       0.00       0.86       1.13
      7940      51.86     -52.45       0.00       0.00       0.00       0.00       0.86       1.13
      8105      52.10     -52.91       0.00       0.00       0.00       0.00       0.97       1.13
      8998      53.50     -52.27       0.81       0.00       0.00       0.89       0.72       1.13
      9211      53.53     -51.28       0.95       0.00       0.00       0.00       0.86       1.13
      9878      54.04     -52.16       0.87       0.00       0.00       0.36       0.75       1.13
     11455      54.33     -53.21       0.62       0.00       0.00       0.00       0.93       1.13
     11629      54.59     -53.43       0.54       0.00       0.00       0.00       0.79       1.13
     12855      54.59     -53.00       0.71       0.00       0.00       0.00       0.83       1.13
     13454      54.59     -52.90       0.71       0.00       0.00       0.00       0.79       1.13
--------------------------------------------------------------------------------
Best docking solution after GA:
     16500      54.59     -52.90       0.71       0.00       0.00       0.00       0.79       1.13

#ops:      16500 #mutates:   7841 #cross:     7810 #migrate:    849 
#dups:      7769 #niche:     7550 #errors:     154 
--------------------------------------------------------------------------------

Doing AMOEBA simplex on best individual
Done simplexing #iterations 202, best score  55.00

Ligand is stored in gold_soln_3zpq_m1_3.mol2


--------------------------------------------------------------------------------
--- CHEMPLP breakdown of terms                                               ---
--------------------------------------------------------------------------------
CHEMPLP = - ( 1.0000*S(PLP) + -3.0000*S(hbond) + -6.0000*S(metal) + -3.0000*S(cho) )

Score = CHEMPLP - 1.0000*DE(clash) - 2.0000*DE(tors)

Internal energy term has been corrected with the best internal energy encountered.

--------------------------------------------------------------------------------


     Score     S(PLP)   S(hbond)     S(cho)   S(metal)  DE(clash)   DE(tors)     intcor
     55.00     -53.32       0.70       0.00       0.00       0.00       0.78       1.13

--------------------------------------------------------------------------------
--- PLP analysis of protein-ligand interactions                              ---
--------------------------------------------------------------------------------
hydrogen bonding        :      -3.04
metal                   :       0.00
buried (polar-nonpolar) :      -1.71
nonpolar                :     -49.36
repulsive               :       0.00
--------------------------------------------------------------------------------


--------------------------------------------------------------------------------
--- ChemScore analysis of protein-ligand interactions                        ---
--------------------------------------------------------------------------------

* Hydrogen bonds                                                                
Ligand donor   13 hydrogen   26 Protein acceptor 2066 bond energy  1.00 wt 0.70


* CH..O interactions                                                            
  CH group selection                       : activated ring CH (adjacent to hetatom)

--------------------------------------------------------------------------------


--------------------------------------------------------------------------------
--- Intra-ligand clashes                                                     ---
--------------------------------------------------------------------------------

Ligand
--------------------------------------------------------------------------------


--------------------------------------------------------------------------------
--- Chromosome decoded                                                       ---
--------------------------------------------------------------------------------
Ligand Torsions
[   2    3   10   11]  -51.51
Mapping
Ligand acceptors to protein hydrogens (mapping then atom ids)
Ligand hydrogens to protein acceptors (mapping then atom ids)
Ligand shape atoms to protein points (mapping then atom ids & coords)
  1  5038 [  1->(-23.250   2.500  13.250)]
  2  5967 [  2->(-23.000   4.750  14.500)]
  3  4549 [  5->(-23.500   5.750  11.750)]
  4  3817 [  6->(-23.750   6.750  10.250)]
  5  5091 [  9->(-23.250   3.500  13.250)]
  6  1546 [ 11->(-24.500   3.250  15.250)]
  7  1586 [ 12->(-24.500   4.250  16.750)]
  8  5313 [ 14->(-23.250   6.000  16.000)]
  9  7158 [ 15->(-22.500   6.500  15.750)]
Chromosome values
Integers:
  -1   -1   -1 5037 5966 4548 3816 5090 1545 1585 5312 7157 
--------------------------------------------------------------------------------

Current Ranking  1  2  3

Top  3 (of  3) solutions are within 1.000 RMSD, finishing docking /home/mateusz/Kasia/zajecia/dokowanie-karolina/ligandy/3zpq.mol2.


--------------------------------------------------------------------------------

* GA execution time :                                                           
  total  0.3454 user  0.3454 sys  0.0000

--------------------------------------------------------------------------------
Fitness function evaluations: 26201

--------------------------------------------------------------------------------
--- Ranking analysis                                                         ---
--------------------------------------------------------------------------------


* Final ranked order of GA solutions:                                           
   1  2  3 

  _______________________________
  RMSD Matrix of RANKED solutions

        2    3  

   1 :  0.1  0.1
   2 :       0.0

  Clustering method                        : complete linkage
  Structure ids in cluster table           : rank nos.
  Ordering of clusters and their members   : by rank (order if from rms_analysis)

  Distance | Clusters
   0.05    |  1 |  2  3 |
   0.09    |  1  2  3 |
  Finished Docking Ligand                  : /home/mateusz/Kasia/zajecia/dokowanie-karolina/ligandy/3zpq.mol2
--------------------------------------------------------------------------------

  Relative_Ligand_Energy (best encountered) :   1.132
  Relative_Ligand_Energy: fitness values have been corrected using this amount
