# WARNING: atom    2 in C:/Users/student/Desktop/project/beta1/ligandy/4amj.mol2 is type  N.ar resetting to type N.pl3 (set_atom_type)

--------------------------------------------------------------------------------
--- Ligand                                                                   ---
--------------------------------------------------------------------------------
  Ligand loaded from file                  : C:/Users/student/Desktop/project/beta1/ligandy/4amj.mol2
  Ligand name                              :  
  "C:\Users\porto\OneDrive\projekt\beta1\ligandy\L_4amj.pdb L_4amj.pdb 1    "

--------------------------------------------------------------------------------
  N.plc donors                             : 
  pro:    2 
  

  Acidic nitrogen acceptors                : 
  none found
  Sulfur acceptors                         :
  none found


  Donor atoms                              :      3
  2   3   5   
  Acceptor atoms                           :      5
  3   5   6   8   10  

  Hydrogens                                :  (n = 3)
  32   33   36   

  Lone pairs added to molecule             :      9
  Numbering                                : from 57 to 65

* Rotatable bonds in C:/Users/student/Des  :  none found

--------------------------------------------------------------------------------
--- Shape fitting atoms selection (hydrophobic atoms)                        ---
--------------------------------------------------------------------------------
  Molecule                                 : C:/Users/student/Desktop/project/beta1/ligandy/4amj.mol2
  Selection                                : carbons only
  Atom numbers                             :  (n = 17)
  1    4    14   15   16   17   18   19   20   21   
  22   23   26   27   28   29   30   


--------------------------------------------------------------------------------
--- ChemScore ligand setup summary                                           ---
--------------------------------------------------------------------------------
  ChemScore ligand acceptors               :      5
  3 5 6 8 10 
  ChemScore ligand donors                  :      3
  2 ( 32 [+]  ) 3 ( 33  ) 5 ( 36  ) 
  ChemScore ligand CH donors               :      0
  

  ChemScore ligand lipophilic atoms        :  (n = 24)
  1    4    7    9    11   12   13   14   15   16   
  17   18   19   20   21   22   23   24   25   26   
  27   28   29   30   

  ChemScore ligand rotatable bonds         :      0

--------------------------------------------------------------------------------
--- PLP ligand setup summary                                                 ---
--------------------------------------------------------------------------------
    1    C1   C.3 NONPOLAR
    2    N1 N.pl3 DONOR
    3    O1   O.3 DONACC
    4    C2   C.3 NONPOLAR
    5    N2   N.3 DONACC
    6    O2   O.3 ACCEPTOR
    7    C3  C.ar NONPOLAR
    8    O3   O.3 ACCEPTOR
    9    C4  C.ar NONPOLAR
   10    O4   O.3 ACCEPTOR
   11    C5  C.ar NONPOLAR
   12    C6  C.ar NONPOLAR
   13    C7  C.ar NONPOLAR
   14    C8  C.ar NONPOLAR
   15    C9  C.ar NONPOLAR
   16   C10  C.ar NONPOLAR
   17   C11  C.ar NONPOLAR
   18   C12  C.ar NONPOLAR
   19   C13  C.ar NONPOLAR
   20   C14  C.ar NONPOLAR
   21   C15   C.3 NONPOLAR
   22   C16   C.3 NONPOLAR
   23   C17   C.3 NONPOLAR
   24   C18  C.ar NONPOLAR
   25   C19  C.ar NONPOLAR
   26   C20  C.ar NONPOLAR
   27   C21  C.ar NONPOLAR
   28   C22  C.ar NONPOLAR
   29   C23  C.ar NONPOLAR
   30   C24   C.3 NONPOLAR

--------------------------------------------------------------------------------
--- Automatic parameter setting                                              ---
--------------------------------------------------------------------------------
  Contribution base                        :   2500
  Contribution per rotatable bond          :   6000
  Contribution per df                      :   4000
  Contribution per water                   :  10000
  Ligand rotatable bonds                   :      0
  Protein flexible side chain bonds        :      0
  Total rotatable bonds                    :      0
  Hydrophobic vol ratio (P/L)              :   1.043
  Base multiplier (polar)                  :   1.600
  Base multiplier (apolar)                 :   3.546
  Base contribution                        : 12500.000
  Fitting points                           :      8
  Estimated maxops needed (optimal)        :  13000

--------------------------------------------------------------------------------

* Population settings                                                           
  maxops                                   :  13000
  popsiz                                   :    100
  select_pressure                          :   1.100
  n_islands                                :      1
  niche_siz                                :      2

* GA settings                                                                   
  pt_crosswt                               :     95
  allele_mutatewt                          :     95
  migratewt                                :     10

* Search settings                                                               
  start_vdw_linear_cutoff                  :   4.000
  initial_virtual_pt_match_max             :   3.000

--------------------------------------------------------------------------------

* Ligand initialisation time :                                                  
  total  0.0000 user  0.0000 sys  0.0000

--------------------------------------------------------------------------------

--------------------------------------------------------------------------------
** Docking run number  1 **
--------------------------------------------------------------------------------
  Rank fitness base is 5000.00 ; increment is 11.2233

* Initialising population(s) ...                                                
Number of constraints mappings 0
Number of constraints 0
  Population no.                           :      1
  Population size                          :    100
  Number of duplicates                     :      0
  Number of niche violations               :      4
  Number of errors                         :    206


Doing GA, no. of population(s) 1 size 100 selection pressure 1.100000

 Operation      Score     S(PLP)   S(hbond)     S(cho)   S(metal)  DE(clash)   DE(tors)     intcor
         0      48.64     -47.74       0.30       0.00       0.00       0.00       0.00       0.00
        80      55.28     -54.38       0.30       0.00       0.00       0.00       0.00       0.00
       157      67.14     -67.14       0.00       0.00       0.00       0.00       0.00       0.00
       164      71.70     -71.70       0.00       0.00       0.00       0.00       0.00       0.00
       388      76.43     -75.64       0.26       0.00       0.00       0.00       0.00       0.00
       508      82.94     -82.94       0.00       0.00       0.00       0.00       0.00       0.00
       831      83.67     -83.51       0.06       0.00       0.00       0.00       0.00       0.00
       847      84.40     -84.40       0.00       0.00       0.00       0.00       0.00       0.00
      1001      86.70     -86.70       0.00       0.00       0.00       0.00       0.00       0.00
      1515      88.51     -88.51       0.00       0.00       0.00       0.00       0.00       0.00
      2161      88.53     -88.53       0.00       0.00       0.00       0.00       0.00       0.00
      2194      88.70     -88.70       0.00       0.00       0.00       0.00       0.00       0.00
      2574      88.96     -88.96       0.00       0.00       0.00       0.00       0.00       0.00
      2674      89.10     -89.10       0.00       0.00       0.00       0.00       0.00       0.00
      2920      89.17     -89.17       0.00       0.00       0.00       0.00       0.00       0.00
      4719      89.26     -89.26       0.00       0.00       0.00       0.00       0.00       0.00
      7301      89.33     -89.33       0.00       0.00       0.00       0.00       0.00       0.00
      7390      89.35     -89.35       0.00       0.00       0.00       0.00       0.00       0.00
      8508      89.35     -89.35       0.00       0.00       0.00       0.00       0.00       0.00
     10472      89.36     -89.36       0.00       0.00       0.00       0.00       0.00       0.00
     12523      89.37     -89.37       0.00       0.00       0.00       0.00       0.00       0.00
--------------------------------------------------------------------------------
Best docking solution after GA:
     13000      89.37     -89.37       0.00       0.00       0.00       0.00       0.00       0.00

#ops:      13000 #mutates:   6162 #cross:     6257 #migrate:    581 
#dups:      9336 #niche:     7713 #errors:     146 
--------------------------------------------------------------------------------

Doing AMOEBA simplex on best individual
Done simplexing #iterations 162, best score  89.41

Ligand is stored in gold_soln_4amj_m1_1.mol2


--------------------------------------------------------------------------------
--- CHEMPLP breakdown of terms                                               ---
--------------------------------------------------------------------------------
CHEMPLP = - ( 1.0000*S(PLP) + -3.0000*S(hbond) + -6.0000*S(metal) + -3.0000*S(cho) )

Score = CHEMPLP - 1.0000*DE(clash) - 2.0000*DE(tors)

Internal energy term has been corrected with the best internal energy encountered.

--------------------------------------------------------------------------------


     Score     S(PLP)   S(hbond)     S(cho)   S(metal)  DE(clash)   DE(tors)     intcor
     89.41     -89.41       0.00       0.00       0.00       0.00       0.00       0.00

--------------------------------------------------------------------------------
--- PLP analysis of protein-ligand interactions                              ---
--------------------------------------------------------------------------------
hydrogen bonding        :      -5.78
metal                   :       0.00
buried (polar-nonpolar) :      -4.85
nonpolar                :     -79.42
repulsive               :       0.27
--------------------------------------------------------------------------------


--------------------------------------------------------------------------------
--- ChemScore analysis of protein-ligand interactions                        ---
--------------------------------------------------------------------------------

* Hydrogen bonds                                                                


* CH..O interactions                                                            
  CH group selection                       : activated ring CH (adjacent to hetatom)

--------------------------------------------------------------------------------


--------------------------------------------------------------------------------
--- Intra-ligand clashes                                                     ---
--------------------------------------------------------------------------------

Ligand
--------------------------------------------------------------------------------


--------------------------------------------------------------------------------
--- Chromosome decoded                                                       ---
--------------------------------------------------------------------------------
Mapping
Ligand acceptors to protein hydrogens (mapping then atom ids)
Ligand hydrogens to protein acceptors (mapping then atom ids)
  2   3 [ 33->2066]
Ligand shape atoms to protein points (mapping then atom ids & coords)
  1  1614 [  1->(-24.500   4.750  16.000)]
  2  5221 [  4->(-23.250   4.750  16.000)]
  3  2317 [ 14->(-24.250   7.250  11.750)]
  4   831 [ 15->(-25.000   9.250  11.250)]
  5  2386 [ 16->(-24.250   9.000  11.250)]
  6  1224 [ 17->(-24.750   8.250  11.750)]
  7  5202 [ 18->(-23.250   4.750  10.250)]
  8  5028 [ 19->(-23.250   2.250  12.750)]
  9  6000 [ 20->(-23.000   5.250  14.500)]
 10  6084 [ 21->(-23.000   6.750  16.750)]
 13  5510 [ 26->(-23.250  10.000  23.250)]
 14  5562 [ 27->(-23.250  11.000  25.000)]
 15  6211 [ 28->(-23.000   9.250  25.000)]
 16  2399 [ 29->(-24.250   9.000  23.250)]
 17  3302 [ 30->(-24.000  13.000  21.250)]
Chromosome values
Integers:
  -1   -1   -1   -1   -1   -1    2   -1 1613 5220 2316  830 
2385 1223 5201 5027 5999 6083   -1   -1 5509 5561 6210 2398 
3301 
--------------------------------------------------------------------------------

Current Ranking  1

--------------------------------------------------------------------------------

* GA execution time :                                                           
  total  0.9999 user  0.9999 sys  0.0000

--------------------------------------------------------------------------------
Fitness function evaluations: 21332

--------------------------------------------------------------------------------
** Docking run number  2 **
--------------------------------------------------------------------------------
  Rank fitness base is 5000.00 ; increment is 11.2233

* Initialising population(s) ...                                                
Number of constraints mappings 0
Number of constraints 0
  Population no.                           :      1
  Population size                          :    100
  Number of duplicates                     :      0
  Number of niche violations               :      2
  Number of errors                         :    218


Doing GA, no. of population(s) 1 size 100 selection pressure 1.100000

 Operation      Score     S(PLP)   S(hbond)     S(cho)   S(metal)  DE(clash)   DE(tors)     intcor
         0      33.09     -33.09       0.00       0.00       0.00       0.00       0.00       0.00
        16      56.55     -56.55       0.00       0.00       0.00       0.00       0.00       0.00
       287      58.48     -58.48       0.00       0.00       0.00       0.00       0.00       0.00
       382      60.73     -60.73       0.00       0.00       0.00       0.00       0.00       0.00
       510      69.54     -69.54       0.00       0.00       0.00       0.00       0.00       0.00
       518      72.27     -72.08       0.06       0.00       0.00       0.00       0.00       0.00
       609      73.76     -73.76       0.00       0.00       0.00       0.00       0.00       0.00
      1012      74.01     -74.01       0.00       0.00       0.00       0.00       0.00       0.00
      1247      74.72     -74.72       0.00       0.00       0.00       0.00       0.00       0.00
      1298      75.11     -75.11       0.00       0.00       0.00       0.00       0.00       0.00
      1420      78.12     -78.12       0.00       0.00       0.00       0.00       0.00       0.00
      1568      80.42     -80.42       0.00       0.00       0.00       0.00       0.00       0.00
      1984      81.52     -81.52       0.00       0.00       0.00       0.00       0.00       0.00
      2198      83.99     -83.99       0.00       0.00       0.00       0.00       0.00       0.00
      2413      84.26     -84.26       0.00       0.00       0.00       0.00       0.00       0.00
      2692      85.37     -85.37       0.00       0.00       0.00       0.00       0.00       0.00
      2777      85.61     -85.61       0.00       0.00       0.00       0.00       0.00       0.00
      4413      86.40     -86.40       0.00       0.00       0.00       0.00       0.00       0.00
      4554      86.96     -86.96       0.00       0.00       0.00       0.00       0.00       0.00
      4848      87.38     -87.38       0.00       0.00       0.00       0.00       0.00       0.00
      6045      87.90     -87.90       0.00       0.00       0.00       0.00       0.00       0.00
      6100      88.20     -88.20       0.00       0.00       0.00       0.00       0.00       0.00
      6114      88.23     -88.23       0.00       0.00       0.00       0.00       0.00       0.00
      6160      88.29     -88.29       0.00       0.00       0.00       0.00       0.00       0.00
      6581      88.53     -88.53       0.00       0.00       0.00       0.00       0.00       0.00
      7087      88.55     -88.55       0.00       0.00       0.00       0.00       0.00       0.00
      7511      88.78     -88.78       0.00       0.00       0.00       0.00       0.00       0.00
      7949      88.96     -88.96       0.00       0.00       0.00       0.00       0.00       0.00
      8818      88.99     -88.99       0.00       0.00       0.00       0.00       0.00       0.00
      9838      89.06     -89.06       0.00       0.00       0.00       0.00       0.00       0.00
     10101      89.15     -89.15       0.00       0.00       0.00       0.00       0.00       0.00
--------------------------------------------------------------------------------
Best docking solution after GA:
     13000      89.15     -89.15       0.00       0.00       0.00       0.00       0.00       0.00

#ops:      13000 #mutates:   6245 #cross:     6106 #migrate:    649 
#dups:      8635 #niche:     7729 #errors:     169 
--------------------------------------------------------------------------------

Doing AMOEBA simplex on best individual
Done simplexing #iterations 143, best score  89.28

Ligand is stored in gold_soln_4amj_m1_2.mol2


--------------------------------------------------------------------------------
--- CHEMPLP breakdown of terms                                               ---
--------------------------------------------------------------------------------
CHEMPLP = - ( 1.0000*S(PLP) + -3.0000*S(hbond) + -6.0000*S(metal) + -3.0000*S(cho) )

Score = CHEMPLP - 1.0000*DE(clash) - 2.0000*DE(tors)

Internal energy term has been corrected with the best internal energy encountered.

--------------------------------------------------------------------------------


     Score     S(PLP)   S(hbond)     S(cho)   S(metal)  DE(clash)   DE(tors)     intcor
     89.28     -89.28       0.00       0.00       0.00       0.00       0.00       0.00

--------------------------------------------------------------------------------
--- PLP analysis of protein-ligand interactions                              ---
--------------------------------------------------------------------------------
hydrogen bonding        :      -5.39
metal                   :       0.00
buried (polar-nonpolar) :      -2.73
nonpolar                :     -82.23
repulsive               :       0.66
--------------------------------------------------------------------------------


--------------------------------------------------------------------------------
--- ChemScore analysis of protein-ligand interactions                        ---
--------------------------------------------------------------------------------

* Hydrogen bonds                                                                


* CH..O interactions                                                            
  CH group selection                       : activated ring CH (adjacent to hetatom)

--------------------------------------------------------------------------------


--------------------------------------------------------------------------------
--- Intra-ligand clashes                                                     ---
--------------------------------------------------------------------------------

Ligand
--------------------------------------------------------------------------------


--------------------------------------------------------------------------------
--- Chromosome decoded                                                       ---
--------------------------------------------------------------------------------
Mapping
Ligand acceptors to protein hydrogens (mapping then atom ids)
Ligand hydrogens to protein acceptors (mapping then atom ids)
  2   3 [ 33->2066]
Ligand shape atoms to protein points (mapping then atom ids & coords)
  1  2275 [  1->(-24.250   6.000  17.000)]
  2  2156 [  4->(-24.250   4.500  17.250)]
  3  1723 [ 14->(-24.500   7.500  12.500)]
  4  1748 [ 15->(-24.500   8.250  11.250)]
  5  1209 [ 16->(-24.750   8.000  11.000)]
  6  1837 [ 17->(-24.500   9.750  10.750)]
  7  5898 [ 18->(-23.000   4.000  12.000)]
  8  6492 [ 19->(-22.750   1.500  12.250)]
  9  4467 [ 20->(-23.500   4.750  13.750)]
 10  3729 [ 21->(-23.750   5.500  16.750)]
 11  8407 [ 22->(-21.000   9.000  18.000)]
 12  8410 [ 23->(-21.000   9.000  18.750)]
 13  4760 [ 26->(-23.500  10.250  23.000)]
 14  4055 [ 27->(-23.750  11.000  25.000)]
 15  5409 [ 28->(-23.250   8.250  23.750)]
 16  4717 [ 29->(-23.500   9.500  24.250)]
 17   338 [ 30->(-25.500  13.000  20.750)]
Chromosome values
Integers:
  -1   -1   -1   -1   -1   -1    2   -1 2274 2155 1722 1747 
1208 1836 5897 6491 4466 3728 8406 8409 4759 4054 5408 4716 
 337 
--------------------------------------------------------------------------------

Current Ranking  1  2

--------------------------------------------------------------------------------

* GA execution time :                                                           
  total  0.0008 user  0.0008 sys  0.0000

--------------------------------------------------------------------------------
Fitness function evaluations: 21117

--------------------------------------------------------------------------------
** Docking run number  3 **
--------------------------------------------------------------------------------
  Rank fitness base is 5000.00 ; increment is 11.2233

* Initialising population(s) ...                                                
Number of constraints mappings 0
Number of constraints 0
  Population no.                           :      1
  Population size                          :    100
  Number of duplicates                     :      0
  Number of niche violations               :      3
  Number of errors                         :    220


Doing GA, no. of population(s) 1 size 100 selection pressure 1.100000

 Operation      Score     S(PLP)   S(hbond)     S(cho)   S(metal)  DE(clash)   DE(tors)     intcor
         0      75.93     -75.93       0.00       0.00       0.00       0.00       0.00       0.00
       286      79.41     -79.41       0.00       0.00       0.00       0.00       0.00       0.00
       472      81.66     -81.66       0.00       0.00       0.00       0.00       0.00       0.00
       655      82.16     -82.16       0.00       0.00       0.00       0.00       0.00       0.00
       711      83.03     -83.03       0.00       0.00       0.00       0.00       0.00       0.00
       729      84.71     -84.71       0.00       0.00       0.00       0.00       0.00       0.00
      1048      84.92     -84.92       0.00       0.00       0.00       0.00       0.00       0.00
      1155      85.20     -85.20       0.00       0.00       0.00       0.00       0.00       0.00
      1235      85.35     -85.35       0.00       0.00       0.00       0.00       0.00       0.00
      1276      85.84     -85.84       0.00       0.00       0.00       0.00       0.00       0.00
      1533      86.11     -86.11       0.00       0.00       0.00       0.00       0.00       0.00
      1612      86.25     -86.25       0.00       0.00       0.00       0.00       0.00       0.00
      1632      86.61     -86.61       0.00       0.00       0.00       0.00       0.00       0.00
      2139      87.88     -87.88       0.00       0.00       0.00       0.00       0.00       0.00
      2663      88.88     -88.88       0.00       0.00       0.00       0.00       0.00       0.00
      4565      88.92     -88.92       0.00       0.00       0.00       0.00       0.00       0.00
      5218      89.08     -89.08       0.00       0.00       0.00       0.00       0.00       0.00
      5533      89.09     -89.09       0.00       0.00       0.00       0.00       0.00       0.00
      5949      89.11     -89.11       0.00       0.00       0.00       0.00       0.00       0.00
      5978      89.28     -89.28       0.00       0.00       0.00       0.00       0.00       0.00
      9648      89.28     -89.28       0.00       0.00       0.00       0.00       0.00       0.00
     11497      89.33     -89.33       0.00       0.00       0.00       0.00       0.00       0.00
--------------------------------------------------------------------------------
Best docking solution after GA:
     13000      89.33     -89.33       0.00       0.00       0.00       0.00       0.00       0.00

#ops:      13000 #mutates:   6251 #cross:     6119 #migrate:    630 
#dups:      8674 #niche:     7962 #errors:     112 
--------------------------------------------------------------------------------

Doing AMOEBA simplex on best individual
Done simplexing #iterations 162, best score  89.42

Ligand is stored in gold_soln_4amj_m1_3.mol2


--------------------------------------------------------------------------------
--- CHEMPLP breakdown of terms                                               ---
--------------------------------------------------------------------------------
CHEMPLP = - ( 1.0000*S(PLP) + -3.0000*S(hbond) + -6.0000*S(metal) + -3.0000*S(cho) )

Score = CHEMPLP - 1.0000*DE(clash) - 2.0000*DE(tors)

Internal energy term has been corrected with the best internal energy encountered.

--------------------------------------------------------------------------------


     Score     S(PLP)   S(hbond)     S(cho)   S(metal)  DE(clash)   DE(tors)     intcor
     89.42     -89.42       0.00       0.00       0.00       0.00       0.00       0.00

--------------------------------------------------------------------------------
--- PLP analysis of protein-ligand interactions                              ---
--------------------------------------------------------------------------------
hydrogen bonding        :      -5.86
metal                   :       0.00
buried (polar-nonpolar) :      -5.42
nonpolar                :     -79.50
repulsive               :       0.26
--------------------------------------------------------------------------------


--------------------------------------------------------------------------------
--- ChemScore analysis of protein-ligand interactions                        ---
--------------------------------------------------------------------------------

* Hydrogen bonds                                                                


* CH..O interactions                                                            
  CH group selection                       : activated ring CH (adjacent to hetatom)

--------------------------------------------------------------------------------


--------------------------------------------------------------------------------
--- Intra-ligand clashes                                                     ---
--------------------------------------------------------------------------------

Ligand
--------------------------------------------------------------------------------


--------------------------------------------------------------------------------
--- Chromosome decoded                                                       ---
--------------------------------------------------------------------------------
Mapping
Ligand acceptors to protein hydrogens (mapping then atom ids)
Ligand hydrogens to protein acceptors (mapping then atom ids)
Ligand shape atoms to protein points (mapping then atom ids & coords)
  1  3026 [  1->(-24.000   6.500  16.750)]
  2  2147 [  4->(-24.250   4.500  15.000)]
  4  1732 [ 15->(-24.500   7.750  11.750)]
  5  3075 [ 16->(-24.000   8.250  11.000)]
  6   574 [ 17->(-25.250  10.750  12.250)]
  7  5851 [ 18->(-23.000   3.500  11.250)]
  8  5872 [ 19->(-23.000   3.750  11.500)]
  9  5022 [ 20->(-23.250   2.000  12.750)]
 10  6131 [ 21->(-23.000   8.000  17.000)]
 11  7506 [ 22->(-22.250   8.500  18.000)]
 12  6854 [ 23->(-22.750   9.500  18.000)]
 13  4799 [ 26->(-23.500  11.250  24.750)]
 14  2436 [ 27->(-24.250   9.500  23.250)]
 15  3176 [ 28->(-24.000   9.750  24.500)]
 16  6830 [ 29->(-22.750   9.000  24.250)]
Chromosome values
Integers:
  -1   -1   -1   -1   -1   -1   -1   -1 3025 2146   -1 1731 
3074  573 5850 5871 5021 6130 7505 6853 4798 2435 3175 6829 
  -1 
--------------------------------------------------------------------------------

Current Ranking  3  1  2

Top  3 (of  3) solutions are within 1.000 RMSD, finishing docking C:/Users/student/Desktop/project/beta1/ligandy/4amj.mol2.


--------------------------------------------------------------------------------

* GA execution time :                                                           
  total  0.9999 user  0.9999 sys  0.0000

--------------------------------------------------------------------------------
Fitness function evaluations: 21454

--------------------------------------------------------------------------------
--- Ranking analysis                                                         ---
--------------------------------------------------------------------------------


* Final ranked order of GA solutions:                                           
   3  1  2 

  _______________________________
  RMSD Matrix of RANKED solutions

        2    3  

   1 :  0.0  0.3
   2 :       0.3

  Clustering method                        : complete linkage
  Structure ids in cluster table           : rank nos.
  Ordering of clusters and their members   : by rank (order if from rms_analysis)

  Distance | Clusters
   0.04    |  1  2 |  3 |
   0.31    |  1  2  3 |
  Finished Docking Ligand                  : C:/Users/student/Desktop/project/beta1/ligandy/4amj.mol2
--------------------------------------------------------------------------------

  Relative_Ligand_Energy (best encountered) :   0.000
  Relative_Ligand_Energy: fitness values have been corrected using this amount
