# WARNING: atom    2 in C:/Users/student/Desktop/project/beta1/ligandy/5a8e.mol2 is type  N.ar resetting to type N.pl3 (set_atom_type)

--------------------------------------------------------------------------------
--- Ligand                                                                   ---
--------------------------------------------------------------------------------
  Ligand loaded from file                  : C:/Users/student/Desktop/project/beta1/ligandy/5a8e.mol2
  Ligand name                              :  
  "C:\Users\porto\OneDrive\projekt\beta1\ligandy\L_5a8e.pdb L_5a8e.pdb 1    "

--------------------------------------------------------------------------------
  N.plc donors                             : 
  pro:    2 
  

  Acidic nitrogen acceptors                : 
  none found
  Sulfur acceptors                         :
  none found

  N.1 atom 8 is not an acceptor (skipped)

  Donor atoms                              :      3
  2   5   6   
  Acceptor atoms                           :      4
  3   5   6   8   

  Hydrogens                                :  (n = 3)
  23   25   26   

  Lone pairs added to molecule             :      6
  Numbering                                : from 46 to 51

--------------------------------------------------------------------------------
--- Postprocessing of typing                                                 ---
--------------------------------------------------------------------------------
  Fragment file                            : C:\Program Files (x86)\CCDC/GoldSuite_2017\GOLD\gold\rotatable_bond_override.mol2
  acylurea fragment                        : no matches
  thioacylthiourea fragment                : no matches
  acylthiourea fragment                    : no matches
  thioacylurea fragment                    : no matches
  diarylamine fragment >C.ar-NH-C.ar<      : no matches
  sec-amine (1) fragment                   : no matches
  sec-amine (2) fragment                   : no matches
  sec-amine (3) fragment                   : no matches
  carboxylic ester                         : no matches

* Rotatable bonds in C:/Users/student/Des  :
  [   1   21] [   3   14] [   3    9] [   5   17] 
  [   5   16] [   6   15] [  14   15] [  15   16] 
  No. of rotatable bonds                   :      8


* Fragments found in C:/Users/student/Des  :
  atom   7: benzene
  atom   9: benzene
  atom  10: benzene
  atom  11: benzene
  atom  12: benzene
  atom  13: benzene


* Checking torsion distributions:                                               
  Rotatable bond [10  9  3 14] matches torsion: ortho-substituoed aromatic-aliphatic ether
   C.ar ( 1H ) | C.ar ( C.ar ( 0H ) ) | O.3 | C.3 ( 2H ) 
  No. of matched torsions                  :      1

--------------------------------------------------------------------------------
--- Shape fitting atoms selection (hydrophobic atoms)                        ---
--------------------------------------------------------------------------------
  Molecule                                 : C:/Users/student/Desktop/project/beta1/ligandy/5a8e.mol2
  Selection                                : carbons only
  Atom numbers                             :  (n = 10)
  4    10   11   14   15   16   18   19   20   22   
  


--------------------------------------------------------------------------------
--- ChemScore ligand setup summary                                           ---
--------------------------------------------------------------------------------
  ChemScore ligand acceptors               :      4
  3 5 6 8 
  ChemScore ligand donors                  :      3
  2 ( 23 [+]  ) 5 ( 25  ) 6 ( 26  ) 
  ChemScore ligand CH donors               :      0
  

  ChemScore ligand lipophilic atoms        :  (n = 16)
  1    4    7    9    10   11   12   13   14   15   
  16   17   18   19   20   22   

  ChemScore ligand rotatable bonds         :      8
  1   (C1 ) - 21  (C16): UNKNOWN_BOND
  3   (O1 ) - 14  (C9 ): SP3_SP3_BOND
  3   (O1 ) - 9   (C4 ): SP3_SP2_BOND
  5   (N2 ) - 17  (C12): SP3_SP3_BOND
  5   (N2 ) - 16  (C11): SP3_SP3_BOND
  6   (O2 ) - 15  (C10): SP3_SP3_BOND
  14  (C9 ) - 15  (C10): SP3_SP3_BOND
  15  (C10) - 16  (C11): SP3_SP3_BOND

--------------------------------------------------------------------------------
--- PLP ligand setup summary                                                 ---
--------------------------------------------------------------------------------
    1    C1  C.ar NONPOLAR
    2    N1 N.pl3 DONOR
    3    O1   O.3 ACCEPTOR
    4    C2  C.ar NONPOLAR
    5    N2   N.3 DONACC
    6    O2   O.3 DONACC
    7    C3  C.ar NONPOLAR
    8    N3   N.1 ACCEPTOR
    9    C4  C.ar NONPOLAR
   10    C5  C.ar NONPOLAR
   11    C6  C.ar NONPOLAR
   12    C7  C.ar NONPOLAR
   13    C8  C.ar NONPOLAR
   14    C9   C.3 NONPOLAR
   15   C10   C.3 NONPOLAR
   16   C11   C.3 NONPOLAR
   17   C12   C.3 NONPOLAR
   18   C13   C.3 NONPOLAR
   19   C14   C.3 NONPOLAR
   20   C15   C.3 NONPOLAR
   21   C16   C.1 NONPOLAR
   22   C17   C.3 NONPOLAR

--------------------------------------------------------------------------------
--- Automatic parameter setting                                              ---
--------------------------------------------------------------------------------
  Contribution base                        :   2500
  Contribution per rotatable bond          :   6000
  Contribution per df                      :   4000
  Contribution per water                   :  10000
  Ligand rotatable bonds                   :      8
  Protein flexible side chain bonds        :      0
  Total rotatable bonds                    :      8
  Hydrophobic vol ratio (P/L)              :   1.773
  Base multiplier (polar)                  :   1.400
  Base multiplier (apolar)                 :   3.546
  Base contribution                        : 10000.000
  Fitting points                           :      7
  Estimated maxops needed (optimal)        :  58500

--------------------------------------------------------------------------------

* Population settings                                                           
  maxops                                   :  58500
  popsiz                                   :    100
  select_pressure                          :   1.100
  n_islands                                :      5
  niche_siz                                :      2

* GA settings                                                                   
  pt_crosswt                               :     95
  allele_mutatewt                          :     95
  migratewt                                :     10

* Search settings                                                               
  start_vdw_linear_cutoff                  :   4.000
  initial_virtual_pt_match_max             :   3.000

--------------------------------------------------------------------------------

* Ligand initialisation time :                                                  
  total  0.0000 user  0.0000 sys  0.0000

--------------------------------------------------------------------------------

--------------------------------------------------------------------------------
** Docking run number  1 **
--------------------------------------------------------------------------------
  Rank fitness base is 5000.00 ; increment is 11.2233

* Initialising population(s) ...                                                
Number of constraints mappings 0
Number of constraints 0
  Population no.                           :      1
  Population size                          :    100
  Number of duplicates                     :      0
  Number of niche violations               :      0
  Number of errors                         :    307

Number of constraints mappings 0
Number of constraints 0
  Population no.                           :      2
  Population size                          :    100
  Number of duplicates                     :      0
  Number of niche violations               :      0
  Number of errors                         :    300

Number of constraints mappings 0
Number of constraints 0
  Population no.                           :      3
  Population size                          :    100
  Number of duplicates                     :      0
  Number of niche violations               :      0
  Number of errors                         :    270

Number of constraints mappings 0
Number of constraints 0
  Population no.                           :      4
  Population size                          :    100
  Number of duplicates                     :      0
  Number of niche violations               :      0
  Number of errors                         :    277

Number of constraints mappings 0
Number of constraints 0
  Population no.                           :      5
  Population size                          :    100
  Number of duplicates                     :      0
  Number of niche violations               :      0
  Number of errors                         :    287


Doing GA, no. of population(s) 5 size 100 selection pressure 1.100000

 Operation      Score     S(PLP)   S(hbond)     S(cho)   S(metal)  DE(clash)   DE(tors)     intcor
         0      32.12     -34.15       0.00       0.00       0.00       0.00       1.31       0.55
      2639      33.31     -36.76       0.00       0.00       0.00       0.00       1.89       0.33
      3980      34.21     -35.07       1.00       0.00       0.00       0.00       2.09       0.33
      4430      34.38     -35.42       0.94       0.00       0.00       0.00       2.09       0.32
      4599      34.84     -38.30       0.00       0.00       0.00       0.00       1.89       0.32
      4656      37.68     -38.81       0.71       0.00       0.00       0.00       1.80       0.32
      5075      45.62     -44.92       1.00       0.00       0.00       0.00       1.31       0.32
      6230      46.82     -46.13       1.00       0.00       0.00       0.00       1.31       0.32
     14368      46.96     -49.51       0.00       0.00       0.00       0.00       1.44       0.32
     15278      47.77     -50.21       0.00       0.00       0.00       0.00       1.38       0.32
     15503      48.67     -51.23       0.00       0.00       0.00       0.00       1.44       0.32
     18138      48.83     -51.34       0.00       0.00       0.00       0.00       1.42       0.32
     18683      49.73     -52.25       0.00       0.00       0.00       0.00       1.42       0.32
     22491      50.16     -49.06       1.00       0.00       0.00       0.00       1.11       0.32
     24316      50.93     -49.85       1.00       0.00       0.00       0.00       1.12       0.32
     25734      52.24     -51.49       0.90       0.00       0.00       0.00       1.13       0.32
     29719      52.34     -51.63       0.88       0.00       0.00       0.00       1.12       0.32
     30470      52.77     -51.91       1.00       0.00       0.00       0.00       1.23       0.32
     35245      54.21     -53.40       0.91       0.00       0.00       0.00       1.12       0.32
     37405      54.60     -53.83       0.94       0.00       0.00       0.00       1.19       0.32
     39605      54.75     -53.84       0.99       0.00       0.00       0.00       1.19       0.32
     41280      54.88     -54.07       0.96       0.00       0.00       0.00       1.19       0.32
     48364      54.88     -54.07       0.96       0.00       0.00       0.00       1.19       0.32
     51993      55.15     -54.16       1.00       0.00       0.00       0.00       1.17       0.32
     57418      55.17     -54.16       1.00       0.00       0.00       0.00       1.16       0.32
     57772      55.20     -54.16       1.00       0.00       0.00       0.00       1.14       0.32
--------------------------------------------------------------------------------
Best docking solution after GA:
     58500      55.20     -54.16       1.00       0.00       0.00       0.00       1.14       0.32

#ops:      58500 #mutates:  27864 #cross:    27698 #migrate:   2938 
#dups:     13397 #niche:    23373 #errors:     417 
--------------------------------------------------------------------------------

Doing AMOEBA simplex on best individual
Done simplexing #iterations 505, best score  56.68

Ligand is stored in gold_soln_5a8e_m1_1.mol2


--------------------------------------------------------------------------------
--- CHEMPLP breakdown of terms                                               ---
--------------------------------------------------------------------------------
CHEMPLP = - ( 1.0000*S(PLP) + -3.0000*S(hbond) + -6.0000*S(metal) + -3.0000*S(cho) )

Score = CHEMPLP - 1.0000*DE(clash) - 2.0000*DE(tors)

Internal energy term has been corrected with the best internal energy encountered.

--------------------------------------------------------------------------------


     Score     S(PLP)   S(hbond)     S(cho)   S(metal)  DE(clash)   DE(tors)     intcor
     56.68     -55.30       1.00       0.00       0.00       0.00       0.97       0.32

--------------------------------------------------------------------------------
--- PLP analysis of protein-ligand interactions                              ---
--------------------------------------------------------------------------------
hydrogen bonding        :      -1.00
metal                   :       0.00
buried (polar-nonpolar) :      -5.88
nonpolar                :     -51.43
repulsive               :       3.16
--------------------------------------------------------------------------------


--------------------------------------------------------------------------------
--- ChemScore analysis of protein-ligand interactions                        ---
--------------------------------------------------------------------------------

* Hydrogen bonds                                                                
Ligand donor    5 hydrogen   25 Protein acceptor 2066 bond energy  1.00 wt 1.00


* CH..O interactions                                                            
  CH group selection                       : activated ring CH (adjacent to hetatom)

--------------------------------------------------------------------------------


--------------------------------------------------------------------------------
--- Intra-ligand clashes                                                     ---
--------------------------------------------------------------------------------

Ligand
--------------------------------------------------------------------------------


--------------------------------------------------------------------------------
--- Chromosome decoded                                                       ---
--------------------------------------------------------------------------------
Ligand Torsions
[   8   21    1    2] -149.15
[   9    3   14   15]  173.00
[  10    9    3   14]  -18.87    matched torsion: ortho-substituoed aromatic-aliphatic ether
[  18   17    5   16]  177.15
[  17    5   16   15] -153.40
[  26    6   15   14]  118.53
[   6   15   14    3]   65.82
[   5   16   15    6]   22.70
Mapping
Ligand acceptors to protein hydrogens (mapping then atom ids)
Ligand hydrogens to protein acceptors (mapping then atom ids)
  2   3 [ 25->2066]
Ligand shape atoms to protein points (mapping then atom ids & coords)
  1  1724 [  4->(-24.500   7.500  12.750)]
  2  7157 [ 10->(-22.500   6.500  15.500)]
  3  5954 [ 11->(-23.000   4.500  15.750)]
  4  6772 [ 14->(-22.750   8.000  17.250)]
  5  7214 [ 15->(-22.500   8.500  17.250)]
  7  1325 [ 18->(-24.750   9.750  21.750)]
  9  3992 [ 20->(-23.750  10.000  23.250)]
 10  5791 [ 22->(-23.000   2.000  12.750)]
Chromosome values
Integers:
  -1   -1   -1   -1   -1    2   -1 1723 7156 5953 6771 7213 
  -1 1324   -1 3991 5790 
--------------------------------------------------------------------------------

Current Ranking  1

--------------------------------------------------------------------------------

* GA execution time :                                                           
  total  3.0002 user  3.0002 sys  0.0000

--------------------------------------------------------------------------------
Fitness function evaluations: 98718

--------------------------------------------------------------------------------
** Docking run number  2 **
--------------------------------------------------------------------------------
  Rank fitness base is 5000.00 ; increment is 11.2233

* Initialising population(s) ...                                                
Number of constraints mappings 0
Number of constraints 0
  Population no.                           :      1
  Population size                          :    100
  Number of duplicates                     :      0
  Number of niche violations               :      0
  Number of errors                         :    268

Number of constraints mappings 0
Number of constraints 0
  Population no.                           :      2
  Population size                          :    100
  Number of duplicates                     :      0
  Number of niche violations               :      0
  Number of errors                         :    276

Number of constraints mappings 0
Number of constraints 0
  Population no.                           :      3
  Population size                          :    100
  Number of duplicates                     :      0
  Number of niche violations               :      0
  Number of errors                         :    269

Number of constraints mappings 0
Number of constraints 0
  Population no.                           :      4
  Population size                          :    100
  Number of duplicates                     :      0
  Number of niche violations               :      0
  Number of errors                         :    270

Number of constraints mappings 0
Number of constraints 0
  Population no.                           :      5
  Population size                          :    100
  Number of duplicates                     :      0
  Number of niche violations               :      0
  Number of errors                         :    293


Doing GA, no. of population(s) 5 size 100 selection pressure 1.100000

 Operation      Score     S(PLP)   S(hbond)     S(cho)   S(metal)  DE(clash)   DE(tors)     intcor
         0      20.19     -21.87       0.00       0.00       0.00       0.00       1.00       0.32
       547      21.74     -25.26       0.00       0.00       0.00       0.00       1.92       0.32
      1038      22.95     -26.05       0.00       0.00       0.00       0.00       1.71       0.32
      1188      24.26     -28.42       0.00       0.00       0.00       0.00       2.24       0.32
      1906      41.92     -44.47       0.00       0.00       0.00       0.00       1.44       0.32
      5127      42.00     -43.47       0.00       0.00       0.00       0.00       0.88       0.30
      6666      42.55     -46.35       0.00       0.00       0.00       0.38       1.86       0.30
      6917      43.16     -47.44       0.00       0.00       0.00       0.00       2.29       0.30
     10321      43.50     -44.16       0.87       0.00       0.00       0.00       1.79       0.30
     12248      43.97     -47.29       0.00       0.00       0.00       1.37       1.13       0.30
     13227      45.57     -49.35       0.04       0.00       0.00       0.00       2.09       0.30
     13787      46.15     -47.85       0.00       0.00       0.00       0.00       1.00       0.30
     16830      46.16     -47.24       0.73       0.00       0.00       0.00       1.79       0.30
     17720      50.61     -50.95       0.98       0.00       0.00       0.00       1.79       0.30
     26688      51.18     -51.45       0.99       0.00       0.00       0.00       1.77       0.29
     31931      51.68     -53.29       0.58       0.00       0.00       0.00       1.81       0.29
     34461      51.91     -53.26       0.66       0.00       0.00       0.00       1.81       0.29
     34754      51.98     -53.03       0.74       0.00       0.00       0.00       1.79       0.29
     40844      52.26     -52.97       0.80       0.00       0.00       0.00       1.71       0.29
     41312      52.82     -54.00       0.57       0.00       0.00       0.00       1.59       0.29
     45947      53.86     -55.09       0.51       0.00       0.00       0.00       1.53       0.29
     52192      54.30     -55.67       0.47       0.00       0.00       0.00       1.53       0.29
     54702      54.33     -54.36       0.86       0.00       0.00       0.00       1.45       0.29
     55542      54.54     -55.95       0.46       0.00       0.00       0.00       1.55       0.29
     55912      54.73     -56.17       0.44       0.00       0.00       0.00       1.53       0.29
     56152      54.77     -55.32       0.50       0.00       0.00       0.00       1.16       0.29
     56227      54.82     -54.75       0.85       0.00       0.00       0.00       1.39       0.29
     56392      54.87     -55.01       0.56       0.00       0.00       0.00       1.06       0.29
     56977      54.90     -55.21       0.77       0.00       0.00       0.00       1.46       0.29
     57697      54.91     -55.20       0.75       0.00       0.00       0.00       1.42       0.29
     57892      54.95     -55.81       0.48       0.00       0.00       0.00       1.30       0.29
     58172      54.97     -56.41       0.40       0.00       0.00       0.00       1.47       0.29
     58176      55.08     -55.11       0.86       0.00       0.00       0.00       1.46       0.29
--------------------------------------------------------------------------------
Best docking solution after GA:
     58500      55.08     -55.11       0.86       0.00       0.00       0.00       1.46       0.29

#ops:      58500 #mutates:  27796 #cross:    27687 #migrate:   3017 
#dups:     13277 #niche:    17742 #errors:     647 
--------------------------------------------------------------------------------

Doing AMOEBA simplex on best individual
Done simplexing #iterations 953, best score  59.58

Ligand is stored in gold_soln_5a8e_m1_2.mol2


--------------------------------------------------------------------------------
--- CHEMPLP breakdown of terms                                               ---
--------------------------------------------------------------------------------
CHEMPLP = - ( 1.0000*S(PLP) + -3.0000*S(hbond) + -6.0000*S(metal) + -3.0000*S(cho) )

Score = CHEMPLP - 1.0000*DE(clash) - 2.0000*DE(tors)

Internal energy term has been corrected with the best internal energy encountered.

--------------------------------------------------------------------------------


     Score     S(PLP)   S(hbond)     S(cho)   S(metal)  DE(clash)   DE(tors)     intcor
     59.58     -58.67       1.00       0.00       0.00       0.00       1.19       0.29

--------------------------------------------------------------------------------
--- PLP analysis of protein-ligand interactions                              ---
--------------------------------------------------------------------------------
hydrogen bonding        :      -1.00
metal                   :       0.00
buried (polar-nonpolar) :      -6.64
nonpolar                :     -52.58
repulsive               :       1.47
--------------------------------------------------------------------------------


--------------------------------------------------------------------------------
--- ChemScore analysis of protein-ligand interactions                        ---
--------------------------------------------------------------------------------

* Hydrogen bonds                                                                
Ligand donor    5 hydrogen   25 Protein acceptor 2066 bond energy  1.00 wt 1.00


* CH..O interactions                                                            
  CH group selection                       : activated ring CH (adjacent to hetatom)

--------------------------------------------------------------------------------


--------------------------------------------------------------------------------
--- Intra-ligand clashes                                                     ---
--------------------------------------------------------------------------------

Ligand
--------------------------------------------------------------------------------


--------------------------------------------------------------------------------
--- Chromosome decoded                                                       ---
--------------------------------------------------------------------------------
Ligand Torsions
[   8   21    1    2] -140.84
[   9    3   14   15]  158.69
[  10    9    3   14]   28.99    matched torsion: ortho-substituoed aromatic-aliphatic ether
[  18   17    5   16]  176.64
[  17    5   16   15] -166.99
[  26    6   15   14] -177.95
[   6   15   14    3]   31.48
[   5   16   15    6]   31.43
Mapping
Ligand acceptors to protein hydrogens (mapping then atom ids)
Ligand hydrogens to protein acceptors (mapping then atom ids)
Ligand shape atoms to protein points (mapping then atom ids & coords)
  1  1172 [  4->(-24.750   7.000  11.750)]
  2  5280 [ 10->(-23.250   5.500  16.250)]
  3  4446 [ 11->(-23.500   4.500  15.000)]
  4  7203 [ 14->(-22.500   8.250  17.000)]
  5  7252 [ 15->(-22.500   9.250  18.750)]
  6  6250 [ 16->(-23.000  10.000  18.750)]
  7    21 [ 18->(-26.250  10.250  20.750)]
  9  3169 [ 20->(-24.000   9.750  22.750)]
 10  5058 [ 22->(-23.250   3.000  13.000)]
Chromosome values
Integers:
  -1   -1   -1   -1   -1   -1   -1 1171 5279 4445 7202 7251 
6249   20   -1 3168 5057 
--------------------------------------------------------------------------------

Current Ranking  2  1

--------------------------------------------------------------------------------

* GA execution time :                                                           
  total  3.0001 user  3.0001 sys  0.0000

--------------------------------------------------------------------------------
Fitness function evaluations: 99831

--------------------------------------------------------------------------------
** Docking run number  3 **
--------------------------------------------------------------------------------
  Rank fitness base is 5000.00 ; increment is 11.2233

* Initialising population(s) ...                                                
Number of constraints mappings 0
Number of constraints 0
  Population no.                           :      1
  Population size                          :    100
  Number of duplicates                     :      0
  Number of niche violations               :      0
  Number of errors                         :    268

Number of constraints mappings 0
Number of constraints 0
  Population no.                           :      2
  Population size                          :    100
  Number of duplicates                     :      0
  Number of niche violations               :      0
  Number of errors                         :    266

Number of constraints mappings 0
Number of constraints 0
  Population no.                           :      3
  Population size                          :    100
  Number of duplicates                     :      0
  Number of niche violations               :      0
  Number of errors                         :    298

Number of constraints mappings 0
Number of constraints 0
  Population no.                           :      4
  Population size                          :    100
  Number of duplicates                     :      0
  Number of niche violations               :      0
  Number of errors                         :    283

Number of constraints mappings 0
Number of constraints 0
  Population no.                           :      5
  Population size                          :    100
  Number of duplicates                     :      0
  Number of niche violations               :      0
  Number of errors                         :    276


Doing GA, no. of population(s) 5 size 100 selection pressure 1.100000

 Operation      Score     S(PLP)   S(hbond)     S(cho)   S(metal)  DE(clash)   DE(tors)     intcor
         0      18.73     -23.09       0.00       0.00       0.00       0.65       2.00       0.29
      1259      28.38     -30.86       0.14       0.00       0.00       0.00       1.60       0.29
      1403      34.04     -33.83       0.86       0.00       0.00       0.00       1.33       0.29
      2917      35.08     -39.40       0.00       0.00       0.00       0.65       1.98       0.29
      2957      36.09     -40.39       0.00       0.00       0.00       0.65       1.97       0.29
      4079      39.70     -42.61       0.00       0.00       0.00       0.00       1.60       0.29
      5084      40.53     -43.43       0.00       0.00       0.00       0.00       1.60       0.29
      6944      46.50     -48.15       0.00       0.00       0.00       0.00       0.97       0.29
     10124      46.56     -48.21       0.00       0.00       0.00       0.00       0.97       0.29
     11424      49.23     -48.08       0.93       0.00       0.00       0.00       0.96       0.29
     17292      49.94     -49.85       1.00       0.00       0.00       0.00       1.60       0.29
     18049      50.19     -49.30       0.84       0.00       0.00       0.00       0.96       0.29
     18894      50.97     -49.45       1.00       0.00       0.00       0.00       0.88       0.29
     21428      52.62     -51.10       1.00       0.00       0.00       0.00       0.88       0.29
     24699      53.43     -53.20       0.82       0.00       0.00       0.00       1.25       0.29
     24725      53.48     -53.34       0.85       0.00       0.00       0.41       1.15       0.29
     25165      53.48     -53.35       0.85       0.00       0.00       0.41       1.15       0.29
     26768      53.51     -53.70       0.67       0.00       0.00       0.00       1.24       0.29
     26945      53.54     -53.45       0.83       0.00       0.00       0.41       1.15       0.29
     28516      54.56     -53.51       1.00       0.00       0.00       0.00       1.12       0.29
     28646      54.89     -53.83       1.00       0.00       0.00       0.00       1.12       0.29
     32596      55.22     -54.06       1.00       0.00       0.00       0.00       1.07       0.29
     35516      55.43     -54.27       1.00       0.00       0.00       0.00       1.07       0.29
     54498      55.88     -55.35       0.89       0.00       0.00       0.00       1.23       0.29
     55258      56.66     -55.78       1.00       0.00       0.00       0.00       1.21       0.29
     55333      56.81     -56.59       0.78       0.00       0.00       0.00       1.21       0.29
     56333      58.10     -57.15       1.00       0.00       0.00       0.00       1.17       0.29
--------------------------------------------------------------------------------
Best docking solution after GA:
     58500      58.10     -57.15       1.00       0.00       0.00       0.00       1.17       0.29

#ops:      58500 #mutates:  27868 #cross:    27734 #migrate:   2898 
#dups:     12549 #niche:    19061 #errors:     458 
--------------------------------------------------------------------------------

Doing AMOEBA simplex on best individual
Done simplexing #iterations 525, best score  61.05

Ligand is stored in gold_soln_5a8e_m1_3.mol2


--------------------------------------------------------------------------------
--- CHEMPLP breakdown of terms                                               ---
--------------------------------------------------------------------------------
CHEMPLP = - ( 1.0000*S(PLP) + -3.0000*S(hbond) + -6.0000*S(metal) + -3.0000*S(cho) )

Score = CHEMPLP - 1.0000*DE(clash) - 2.0000*DE(tors)

Internal energy term has been corrected with the best internal energy encountered.

--------------------------------------------------------------------------------


     Score     S(PLP)   S(hbond)     S(cho)   S(metal)  DE(clash)   DE(tors)     intcor
     61.05     -59.49       1.00       0.00       0.00       0.00       0.86       0.29

--------------------------------------------------------------------------------
--- PLP analysis of protein-ligand interactions                              ---
--------------------------------------------------------------------------------
hydrogen bonding        :      -2.28
metal                   :       0.00
buried (polar-nonpolar) :      -6.41
nonpolar                :     -52.65
repulsive               :       0.72
--------------------------------------------------------------------------------


--------------------------------------------------------------------------------
--- ChemScore analysis of protein-ligand interactions                        ---
--------------------------------------------------------------------------------

* Hydrogen bonds                                                                
Ligand donor    6 hydrogen   26 Protein acceptor 2066 bond energy  1.00 wt 1.00


* CH..O interactions                                                            
  CH group selection                       : activated ring CH (adjacent to hetatom)

--------------------------------------------------------------------------------


--------------------------------------------------------------------------------
--- Intra-ligand clashes                                                     ---
--------------------------------------------------------------------------------

Ligand
--------------------------------------------------------------------------------


--------------------------------------------------------------------------------
--- Chromosome decoded                                                       ---
--------------------------------------------------------------------------------
Ligand Torsions
[   8   21    1    2]  -57.59
[   9    3   14   15] -166.15
[  10    9    3   14]   -4.09    matched torsion: ortho-substituoed aromatic-aliphatic ether
[  18   17    5   16]  156.45
[  17    5   16   15]  120.81
[  26    6   15   14]   -4.69
[   6   15   14    3]   47.28
[   5   16   15    6]  -65.52
Mapping
Ligand acceptors to protein hydrogens (mapping then atom ids)
Ligand hydrogens to protein acceptors (mapping then atom ids)
  3   3 [ 26->2066]
Ligand shape atoms to protein points (mapping then atom ids & coords)
  1  4006 [  4->(-23.750  10.250  22.250)]
  2  3178 [ 10->(-24.000  10.000  17.000)]
  3  2535 [ 11->(-24.250  11.750  18.250)]
  4  6778 [ 14->(-22.750   8.250  16.750)]
  5  7155 [ 15->(-22.500   6.250  15.750)]
  6  6125 [ 16->(-23.000   8.000  15.500)]
  7  5168 [ 18->(-23.250   4.250  14.500)]
  8  3642 [ 19->(-23.750   4.750  14.500)]
 10  2600 [ 22->(-24.250  13.750  20.250)]
Chromosome values
Integers:
  -1   -1   -1   -1   -1   -1    2 4005 3177 2534 6777 7154 
6124 5167 3641   -1 2599 
--------------------------------------------------------------------------------

Current Ranking  3  2  1

--------------------------------------------------------------------------------

* GA execution time :                                                           
  total  3.9992 user  3.9992 sys  0.0000

--------------------------------------------------------------------------------
Fitness function evaluations: 99588

--------------------------------------------------------------------------------
** Docking run number  4 **
--------------------------------------------------------------------------------
  Rank fitness base is 5000.00 ; increment is 11.2233

* Initialising population(s) ...                                                
Number of constraints mappings 0
Number of constraints 0
  Population no.                           :      1
  Population size                          :    100
  Number of duplicates                     :      0
  Number of niche violations               :      0
  Number of errors                         :    289

Number of constraints mappings 0
Number of constraints 0
  Population no.                           :      2
  Population size                          :    100
  Number of duplicates                     :      0
  Number of niche violations               :      0
  Number of errors                         :    312

Number of constraints mappings 0
Number of constraints 0
  Population no.                           :      3
  Population size                          :    100
  Number of duplicates                     :      0
  Number of niche violations               :      0
  Number of errors                         :    299

Number of constraints mappings 0
Number of constraints 0
  Population no.                           :      4
  Population size                          :    100
  Number of duplicates                     :      0
  Number of niche violations               :      0
  Number of errors                         :    279

Number of constraints mappings 0
Number of constraints 0
  Population no.                           :      5
  Population size                          :    100
  Number of duplicates                     :      0
  Number of niche violations               :      0
  Number of errors                         :    267


Doing GA, no. of population(s) 5 size 100 selection pressure 1.100000

 Operation      Score     S(PLP)   S(hbond)     S(cho)   S(metal)  DE(clash)   DE(tors)     intcor
         0      27.67     -35.10       0.00       0.00       0.00       3.07       2.32       0.29
      3241      28.03     -35.37       0.00       0.00       0.00       3.07       2.28       0.29
      3862      28.92     -38.77       0.00       0.00       0.00       4.88       2.63       0.29
      3877      29.94     -39.26       0.00       0.00       0.00       4.88       2.36       0.29
      4312      31.71     -36.16       0.00       0.00       0.00       0.00       2.38       0.29
      4697      34.49     -37.72       0.00       0.00       0.00       0.68       1.42       0.29
      5196      36.64     -38.16       0.00       0.00       0.00       0.51       0.65       0.29
      6282      36.68     -38.20       0.00       0.00       0.00       0.51       0.65       0.29
      6544      37.00     -40.64       0.00       0.00       0.00       0.35       1.79       0.29
      6550      40.36     -43.06       0.00       0.00       0.00       0.00       1.50       0.29
      8003      40.68     -45.44       0.00       0.00       0.00       0.70       2.17       0.29
      8907      41.63     -43.85       0.50       0.00       0.00       0.68       1.66       0.29
      9451      43.03     -45.49       0.00       0.00       0.00       0.00       1.38       0.29
      9848      47.56     -49.89       0.00       0.00       0.00       0.00       1.31       0.29
     12262      48.09     -49.69       1.00       0.00       0.00       0.68       2.11       0.29
     21289      48.20     -51.51       0.00       0.00       0.00       0.00       1.80       0.29
     24333      49.12     -50.39       0.13       0.00       0.00       0.00       0.97       0.29
     24573      49.24     -50.39       0.17       0.00       0.00       0.00       0.97       0.29
     25975      49.46     -49.19       0.88       0.00       0.00       0.00       1.33       0.29
     26070      51.83     -51.20       1.00       0.00       0.00       0.00       1.33       0.29
     26355      51.84     -51.24       1.00       0.00       0.00       0.00       1.35       0.29
     32124      51.96     -51.33       1.00       0.00       0.00       0.00       1.33       0.29
     36129      52.63     -51.86       1.00       0.00       0.00       0.00       1.26       0.29
     37869      52.64     -51.84       1.00       0.00       0.00       0.00       1.25       0.29
     39067      52.78     -53.45       0.24       0.00       0.00       0.00       0.84       0.29
     39394      53.56     -56.01       0.25       0.00       0.00       0.00       1.75       0.29
     40704      54.36     -52.70       0.99       0.00       0.00       0.00       0.81       0.29
     48728      54.40     -52.80       0.96       0.00       0.00       0.00       0.78       0.29
     49324      54.78     -53.09       0.99       0.00       0.00       0.00       0.79       0.29
     56334      56.23     -56.34       1.09       0.00       0.00       0.00       1.84       0.29
     57629      56.58     -56.50       1.14       0.00       0.00       0.00       1.82       0.29
--------------------------------------------------------------------------------
Best docking solution after GA:
     58500      56.58     -56.50       1.14       0.00       0.00       0.00       1.82       0.29

#ops:      58500 #mutates:  27927 #cross:    27574 #migrate:   2999 
#dups:     13764 #niche:    15315 #errors:     869 
--------------------------------------------------------------------------------

Doing AMOEBA simplex on best individual
Done simplexing #iterations 416, best score  60.16

Ligand is stored in gold_soln_5a8e_m1_4.mol2


--------------------------------------------------------------------------------
--- CHEMPLP breakdown of terms                                               ---
--------------------------------------------------------------------------------
CHEMPLP = - ( 1.0000*S(PLP) + -3.0000*S(hbond) + -6.0000*S(metal) + -3.0000*S(cho) )

Score = CHEMPLP - 1.0000*DE(clash) - 2.0000*DE(tors)

Internal energy term has been corrected with the best internal energy encountered.

--------------------------------------------------------------------------------


     Score     S(PLP)   S(hbond)     S(cho)   S(metal)  DE(clash)   DE(tors)     intcor
     60.16     -60.04       0.96       0.00       0.00       0.00       1.53       0.29

--------------------------------------------------------------------------------
--- PLP analysis of protein-ligand interactions                              ---
--------------------------------------------------------------------------------
hydrogen bonding        :      -3.75
metal                   :       0.00
buried (polar-nonpolar) :      -5.99
nonpolar                :     -50.88
repulsive               :       0.23
--------------------------------------------------------------------------------


--------------------------------------------------------------------------------
--- ChemScore analysis of protein-ligand interactions                        ---
--------------------------------------------------------------------------------

* Hydrogen bonds                                                                
Ligand donor    5 hydrogen   25 Protein acceptor 2066 bond energy  1.00 wt 0.22
Ligand donor    6 hydrogen   26 Protein acceptor 2066 bond energy  1.00 wt 0.74


* CH..O interactions                                                            
  CH group selection                       : activated ring CH (adjacent to hetatom)

--------------------------------------------------------------------------------


--------------------------------------------------------------------------------
--- Intra-ligand clashes                                                     ---
--------------------------------------------------------------------------------

Ligand
--------------------------------------------------------------------------------


--------------------------------------------------------------------------------
--- Chromosome decoded                                                       ---
--------------------------------------------------------------------------------
Ligand Torsions
[   8   21    1    2]  101.45
[   9    3   14   15] -114.76
[  10    9    3   14]   -5.24    matched torsion: ortho-substituoed aromatic-aliphatic ether
[  18   17    5   16]   42.64
[  17    5   16   15]  167.23
[  26    6   15   14]  128.23
[   6   15   14    3]   34.67
[   5   16   15    6]  -15.38
Mapping
Ligand acceptors to protein hydrogens (mapping then atom ids)
Ligand hydrogens to protein acceptors (mapping then atom ids)
  2   3 [ 25->2066]
  3   3 [ 26->2066]
Ligand shape atoms to protein points (mapping then atom ids & coords)
  1  1975 [  4->(-24.500  13.500  21.750)]
  3   630 [ 11->(-25.250  13.500  19.750)]
  4  7597 [ 14->(-22.250  11.750  19.500)]
  5  6180 [ 15->(-23.000   9.000  17.750)]
  6  7919 [ 16->(-21.750   8.000  16.500)]
  8  4619 [ 19->(-23.500   6.750  17.000)]
  9  4631 [ 20->(-23.500   7.000  17.000)]
 10   235 [ 22->(-25.750  14.250  18.750)]
Chromosome values
Integers:
  -1   -1   -1   -1   -1    2    2 1974   -1  629 7596 6179 
7918   -1 4618 4630  234 
--------------------------------------------------------------------------------

Current Ranking  3  4  2  1

--------------------------------------------------------------------------------

* GA execution time :                                                           
  total  3.0001 user  3.0001 sys  0.0000

--------------------------------------------------------------------------------
Fitness function evaluations: 99475

--------------------------------------------------------------------------------
** Docking run number  5 **
--------------------------------------------------------------------------------
  Rank fitness base is 5000.00 ; increment is 11.2233

* Initialising population(s) ...                                                
Number of constraints mappings 0
Number of constraints 0
  Population no.                           :      1
  Population size                          :    100
  Number of duplicates                     :      0
  Number of niche violations               :      0
  Number of errors                         :    274

Number of constraints mappings 0
Number of constraints 0
  Population no.                           :      2
  Population size                          :    100
  Number of duplicates                     :      0
  Number of niche violations               :      0
  Number of errors                         :    293

Number of constraints mappings 0
Number of constraints 0
  Population no.                           :      3
  Population size                          :    100
  Number of duplicates                     :      0
  Number of niche violations               :      0
  Number of errors                         :    277

Number of constraints mappings 0
Number of constraints 0
  Population no.                           :      4
  Population size                          :    100
  Number of duplicates                     :      0
  Number of niche violations               :      0
  Number of errors                         :    297

Number of constraints mappings 0
Number of constraints 0
  Population no.                           :      5
  Population size                          :    100
  Number of duplicates                     :      0
  Number of niche violations               :      0
  Number of errors                         :    272


Doing GA, no. of population(s) 5 size 100 selection pressure 1.100000

 Operation      Score     S(PLP)   S(hbond)     S(cho)   S(metal)  DE(clash)   DE(tors)     intcor
         0      26.50     -29.15       0.00       0.00       0.00       0.00       1.47       0.29
      1581      31.28     -38.71       0.34       0.00       0.00       2.65       3.04       0.29
      2094      33.12     -34.11       1.00       0.00       0.00       1.94       1.17       0.29
      2525      34.83     -36.02       0.00       0.00       0.00       0.00       0.74       0.29
      3135      35.01     -38.36       0.21       0.00       0.00       1.94       1.17       0.29
      4728      36.38     -37.80       1.00       0.00       0.00       2.41       1.16       0.29
      5350      40.72     -42.23       0.83       0.00       0.00       1.94       1.17       0.29
      5456      45.72     -46.62       0.51       0.00       0.00       0.00       1.36       0.29
      8381      45.74     -46.63       0.51       0.00       0.00       0.00       1.36       0.29
      8745      47.79     -45.72       1.00       0.00       0.00       0.00       0.61       0.29
     10180      49.23     -47.32       1.00       0.00       0.00       0.00       0.69       0.29
     10350      49.62     -47.71       1.00       0.00       0.00       0.00       0.69       0.29
     10940      51.12     -49.21       1.00       0.00       0.00       0.00       0.69       0.29
     12565      51.28     -49.54       1.00       0.00       0.00       0.00       0.75       0.24
     15055      51.99     -49.53       1.00       0.00       0.00       0.00       0.40       0.24
     15670      52.14     -49.69       1.00       0.00       0.00       0.00       0.40       0.24
     18010      52.43     -49.97       1.00       0.00       0.00       0.00       0.39       0.24
     18611      52.54     -50.08       1.00       0.00       0.00       0.00       0.40       0.24
     18624      53.38     -52.84       1.18       0.00       0.00       0.00       1.63       0.24
     21877      54.67     -50.66       2.00       0.00       0.00       0.00       1.11       0.24
     23828      55.26     -51.25       2.00       0.00       0.00       0.00       1.12       0.24
     25907      55.38     -51.14       2.00       0.00       0.00       0.00       0.98       0.20
     26823      55.43     -51.46       2.00       0.00       0.00       0.00       1.12       0.20
     29403      55.64     -51.47       2.00       0.00       0.00       0.00       1.01       0.20
     31078      55.70     -51.73       2.00       0.00       0.00       0.00       1.11       0.20
     31083      55.91     -51.99       2.00       0.00       0.00       0.00       1.14       0.20
     31648      57.31     -56.68       0.72       0.00       0.00       0.00       0.86       0.20
     33553      57.40     -56.77       0.72       0.00       0.00       0.00       0.86       0.20
     37057      57.54     -57.20       0.62       0.00       0.00       0.00       0.86       0.20
     37837      57.94     -57.76       0.62       0.00       0.00       0.00       0.94       0.20
     42303      58.47     -57.79       0.72       0.00       0.00       0.00       0.81       0.14
     43565      58.48     -57.03       1.00       0.00       0.00       0.00       0.84       0.14
     44760      58.83     -57.43       1.00       0.00       0.00       0.00       0.87       0.14
     47170      58.95     -57.62       0.98       0.00       0.00       0.00       0.87       0.14
     53686      59.04     -57.72       1.00       0.00       0.00       0.00       0.91       0.14
     54684      59.23     -57.66       1.00       0.00       0.00       0.00       0.78       0.14
     57305      59.29     -58.07       0.98       0.00       0.00       0.00       0.93       0.14
     57999      59.35     -57.88       0.98       0.00       0.00       0.00       0.80       0.14
--------------------------------------------------------------------------------
Best docking solution after GA:
     58500      59.35     -57.88       0.98       0.00       0.00       0.00       0.80       0.14

#ops:      58500 #mutates:  27795 #cross:    27831 #migrate:   2874 
#dups:     14562 #niche:    22528 #errors:     442 
--------------------------------------------------------------------------------

Doing AMOEBA simplex on best individual
Done simplexing #iterations 855, best score  61.79

Ligand is stored in gold_soln_5a8e_m1_5.mol2


--------------------------------------------------------------------------------
--- CHEMPLP breakdown of terms                                               ---
--------------------------------------------------------------------------------
CHEMPLP = - ( 1.0000*S(PLP) + -3.0000*S(hbond) + -6.0000*S(metal) + -3.0000*S(cho) )

Score = CHEMPLP - 1.0000*DE(clash) - 2.0000*DE(tors)

Internal energy term has been corrected with the best internal energy encountered.

--------------------------------------------------------------------------------


     Score     S(PLP)   S(hbond)     S(cho)   S(metal)  DE(clash)   DE(tors)     intcor
     61.79     -60.33       1.00       0.00       0.00       0.00       0.84       0.14

--------------------------------------------------------------------------------
--- PLP analysis of protein-ligand interactions                              ---
--------------------------------------------------------------------------------
hydrogen bonding        :      -2.00
metal                   :       0.00
buried (polar-nonpolar) :      -7.03
nonpolar                :     -51.92
repulsive               :       0.44
--------------------------------------------------------------------------------


--------------------------------------------------------------------------------
--- ChemScore analysis of protein-ligand interactions                        ---
--------------------------------------------------------------------------------

* Hydrogen bonds                                                                
Ligand donor    6 hydrogen   26 Protein acceptor 2066 bond energy  1.00 wt 1.00


* CH..O interactions                                                            
  CH group selection                       : activated ring CH (adjacent to hetatom)

--------------------------------------------------------------------------------


--------------------------------------------------------------------------------
--- Intra-ligand clashes                                                     ---
--------------------------------------------------------------------------------

Ligand
--------------------------------------------------------------------------------


--------------------------------------------------------------------------------
--- Chromosome decoded                                                       ---
--------------------------------------------------------------------------------
Ligand Torsions
[   8   21    1    2]  -93.39
[   9    3   14   15] -164.20
[  10    9    3   14]   -9.62    matched torsion: ortho-substituoed aromatic-aliphatic ether
[  18   17    5   16]  -78.17
[  17    5   16   15]  127.04
[  26    6   15   14]   22.27
[   6   15   14    3]   45.07
[   5   16   15    6]  -67.17
Mapping
Ligand acceptors to protein hydrogens (mapping then atom ids)
Ligand hydrogens to protein acceptors (mapping then atom ids)
Ligand shape atoms to protein points (mapping then atom ids & coords)
  1  4741 [  4->(-23.500  10.000  22.000)]
  2  3274 [ 10->(-24.000  12.000  18.750)]
  4  5397 [ 14->(-23.250   8.000  15.750)]
  5  6083 [ 15->(-23.000   6.750  16.500)]
  6  4649 [ 16->(-23.500   7.500  16.250)]
 10   619 [ 22->(-25.250  13.250  20.250)]
Chromosome values
Integers:
  -1   -1   -1   -1   -1   -1   -1 4740 3273   -1 5396 6082 
4648   -1   -1   -1  618 
--------------------------------------------------------------------------------

Current Ranking  5  3  4  2  1

--------------------------------------------------------------------------------

* GA execution time :                                                           
  total  3.0003 user  3.0003 sys  0.0000

--------------------------------------------------------------------------------
Fitness function evaluations: 99724

--------------------------------------------------------------------------------
** Docking run number  6 **
--------------------------------------------------------------------------------
  Rank fitness base is 5000.00 ; increment is 11.2233

* Initialising population(s) ...                                                
Number of constraints mappings 0
Number of constraints 0
  Population no.                           :      1
  Population size                          :    100
  Number of duplicates                     :      0
  Number of niche violations               :      0
  Number of errors                         :    279

Number of constraints mappings 0
Number of constraints 0
  Population no.                           :      2
  Population size                          :    100
  Number of duplicates                     :      0
  Number of niche violations               :      0
  Number of errors                         :    278

Number of constraints mappings 0
Number of constraints 0
  Population no.                           :      3
  Population size                          :    100
  Number of duplicates                     :      0
  Number of niche violations               :      0
  Number of errors                         :    300

Number of constraints mappings 0
Number of constraints 0
  Population no.                           :      4
  Population size                          :    100
  Number of duplicates                     :      0
  Number of niche violations               :      0
  Number of errors                         :    263

Number of constraints mappings 0
Number of constraints 0
  Population no.                           :      5
  Population size                          :    100
  Number of duplicates                     :      0
  Number of niche violations               :      0
  Number of errors                         :    283


Doing GA, no. of population(s) 5 size 100 selection pressure 1.100000

 Operation      Score     S(PLP)   S(hbond)     S(cho)   S(metal)  DE(clash)   DE(tors)     intcor
         0      12.35     -14.37       0.00       0.00       0.00       0.00       1.08       0.14
       755      25.22     -30.59       0.00       0.00       0.00       0.11       2.70       0.14
      2100      29.10     -34.47       0.00       0.00       0.00       0.11       2.70       0.14
      2795      32.41     -34.43       0.00       0.00       0.00       0.00       1.08       0.14
      2915      34.35     -39.29       0.00       0.00       0.00       0.11       2.49       0.14
      3249      35.85     -37.87       0.00       0.00       0.00       0.00       1.08       0.14
      3540      39.65     -41.67       0.00       0.00       0.00       0.00       1.08       0.14
      4005      42.22     -44.23       0.00       0.00       0.00       0.00       1.08       0.14
      4945      43.28     -45.30       0.00       0.00       0.00       0.00       1.08       0.14
      7060      43.58     -45.50       0.00       0.00       0.00       0.00       1.03       0.14
      7466      44.62     -47.85       0.00       0.00       0.00       0.00       1.69       0.14
      8801      44.77     -47.97       0.00       0.00       0.00       0.00       1.67       0.14
      8901      44.88     -48.11       0.00       0.00       0.00       0.00       1.69       0.14
      9076      45.12     -48.39       0.00       0.00       0.00       0.00       1.70       0.14
     10724      45.44     -48.70       0.00       0.00       0.00       0.00       1.70       0.14
     11556      46.51     -49.77       0.00       0.00       0.00       0.00       1.70       0.14
     13095      48.81     -52.00       0.00       0.00       0.00       0.00       1.67       0.14
     14915      49.74     -53.78       0.00       0.00       0.00       0.00       2.09       0.14
     18924      50.02     -53.22       0.00       0.00       0.00       0.00       1.67       0.14
     21397      50.10     -54.22       0.00       0.00       0.00       0.00       2.13       0.14
     22229      50.11     -53.53       0.00       0.00       0.00       0.00       1.78       0.14
     22388      50.31     -54.19       0.00       0.00       0.00       0.00       2.01       0.14
     24235      50.37     -53.79       0.00       0.00       0.00       0.00       1.78       0.14
     24780      50.98     -54.40       0.00       0.00       0.00       0.00       1.78       0.14
     27329      52.22     -55.59       0.00       0.00       0.00       0.00       1.76       0.14
     30079      52.51     -55.97       0.00       0.00       0.00       0.00       1.80       0.14
     35071      52.92     -56.33       0.00       0.00       0.00       0.00       1.78       0.14
     37505      52.95     -56.37       0.00       0.00       0.00       0.00       1.78       0.14
     44045      53.28     -56.70       0.00       0.00       0.00       0.00       1.78       0.14
     45230      54.17     -57.59       0.00       0.00       0.00       0.00       1.78       0.14
     45780      54.92     -54.64       0.90       0.00       0.00       0.00       1.28       0.14
     47525      55.20     -55.02       0.86       0.00       0.00       0.00       1.28       0.14
     48616      55.45     -55.31       0.86       0.00       0.00       0.00       1.30       0.14
     56846      55.50     -55.36       0.86       0.00       0.00       0.00       1.30       0.14
     57014      55.82     -55.53       0.90       0.00       0.00       0.00       1.27       0.14
     58302      56.54     -56.43       0.86       0.00       0.00       0.00       1.31       0.14
     58382      57.57     -57.71       0.52       0.00       0.00       0.00       0.92       0.14
--------------------------------------------------------------------------------
Best docking solution after GA:
     58500      57.57     -57.71       0.52       0.00       0.00       0.00       0.92       0.14

#ops:      58500 #mutates:  27838 #cross:    27745 #migrate:   2917 
#dups:     13638 #niche:    19034 #errors:     666 
--------------------------------------------------------------------------------

Doing AMOEBA simplex on best individual
Done simplexing #iterations 592, best score  60.83

Ligand is stored in gold_soln_5a8e_m1_6.mol2


--------------------------------------------------------------------------------
--- CHEMPLP breakdown of terms                                               ---
--------------------------------------------------------------------------------
CHEMPLP = - ( 1.0000*S(PLP) + -3.0000*S(hbond) + -6.0000*S(metal) + -3.0000*S(cho) )

Score = CHEMPLP - 1.0000*DE(clash) - 2.0000*DE(tors)

Internal energy term has been corrected with the best internal energy encountered.

--------------------------------------------------------------------------------


     Score     S(PLP)   S(hbond)     S(cho)   S(metal)  DE(clash)   DE(tors)     intcor
     60.83     -59.47       0.98       0.00       0.00       0.00       0.86       0.14

--------------------------------------------------------------------------------
--- PLP analysis of protein-ligand interactions                              ---
--------------------------------------------------------------------------------
hydrogen bonding        :      -2.00
metal                   :       0.00
buried (polar-nonpolar) :      -7.56
nonpolar                :     -51.12
repulsive               :       0.36
--------------------------------------------------------------------------------


--------------------------------------------------------------------------------
--- ChemScore analysis of protein-ligand interactions                        ---
--------------------------------------------------------------------------------

* Hydrogen bonds                                                                
Ligand donor    6 hydrogen   26 Protein acceptor 2066 bond energy  1.00 wt 0.98


* CH..O interactions                                                            
  CH group selection                       : activated ring CH (adjacent to hetatom)

--------------------------------------------------------------------------------


--------------------------------------------------------------------------------
--- Intra-ligand clashes                                                     ---
--------------------------------------------------------------------------------

Ligand
--------------------------------------------------------------------------------


--------------------------------------------------------------------------------
--- Chromosome decoded                                                       ---
--------------------------------------------------------------------------------
Ligand Torsions
[   8   21    1    2]  141.94
[   9    3   14   15] -160.06
[  10    9    3   14]  -15.52    matched torsion: ortho-substituoed aromatic-aliphatic ether
[  18   17    5   16]  174.02
[  17    5   16   15]  123.94
[  26    6   15   14]   24.59
[   6   15   14    3]   41.64
[   5   16   15    6]  -67.36
Mapping
Ligand acceptors to protein hydrogens (mapping then atom ids)
Ligand hydrogens to protein acceptors (mapping then atom ids)
Ligand shape atoms to protein points (mapping then atom ids & coords)
  1  6204 [  4->(-23.000   9.250  23.250)]
  5  5423 [ 15->(-23.250   8.750  16.500)]
 10   360 [ 22->(-25.500  13.750  19.250)]
Chromosome values
Integers:
  -1   -1   -1   -1   -1   -1   -1 6203   -1   -1   -1 5422 
  -1   -1   -1   -1  359 
--------------------------------------------------------------------------------

Current Ranking  5  3  6  4  2  1

Top  3 (of  6) solutions are within 1.000 RMSD, finishing docking C:/Users/student/Desktop/project/beta1/ligandy/5a8e.mol2.


--------------------------------------------------------------------------------

* GA execution time :                                                           
  total  3.0003 user  3.0003 sys  0.0000

--------------------------------------------------------------------------------
Fitness function evaluations: 99782

--------------------------------------------------------------------------------
--- Ranking analysis                                                         ---
--------------------------------------------------------------------------------


* Final ranked order of GA solutions:                                           
   5  3  6  4  2  1 

  _______________________________
  RMSD Matrix of RANKED solutions

        2    3    4    5    6  

   1 :  0.2  0.5  3.2  9.0  9.1
   2 :       0.6  3.3  9.0  9.1
   3 :            2.8  9.0  9.2
   4 :                 9.4  9.6
   5 :                      0.4

  Clustering method                        : complete linkage
  Structure ids in cluster table           : rank nos.
  Ordering of clusters and their members   : by rank (order if from rms_analysis)

  Distance | Clusters
   0.18    |  1  2 |  3 |  4 |  5 |  6 |
   0.41    |  1  2 |  3 |  4 |  5  6 |
   0.65    |  1  2  3 |  4 |  5  6 |
   3.31    |  1  2  3  4 |  5  6 |
   9.60    |  1  2  3  4  5  6 |
  Finished Docking Ligand                  : C:/Users/student/Desktop/project/beta1/ligandy/5a8e.mol2
--------------------------------------------------------------------------------

  Relative_Ligand_Energy (best encountered) :   0.145
  Relative_Ligand_Energy: fitness values have been corrected using this amount
