
--------------------------------------------------------------------------------
--- Ligand                                                                   ---
--------------------------------------------------------------------------------
  Ligand loaded from file                  : C:/Users/student/Desktop/project/beta1/ligandy/6ibl.mol2
  Ligand name                              :  
  "C:\Users\porto\OneDrive\projekt\beta1\ligandy\L_6ibl.pdb L_6ibl.pdb 1    "

--------------------------------------------------------------------------------
  N.plc donors                             : 
  none found

  Acidic nitrogen acceptors                : 
  none found
  Sulfur acceptors                         :
  none found


  Donor atoms                              :      4
  2   5   6   10  
  Acceptor atoms                           :      5
  2   3   6   8   10  

  Hydrogens                                :  (n = 4)
  29   31   32   35   

  Lone pairs added to molecule             :      9
  Numbering                                : from 50 to 58

--------------------------------------------------------------------------------
--- Postprocessing of typing                                                 ---
--------------------------------------------------------------------------------
  Fragment file                            : C:\Program Files (x86)\CCDC/GoldSuite_2017\GOLD\gold\rotatable_bond_override.mol2
  acylurea fragment                        : no matches
  thioacylthiourea fragment                : no matches
  acylthiourea fragment                    : no matches
  thioacylurea fragment                    : no matches
  diarylamine fragment >C.ar-NH-C.ar<      : no matches
  sec-amine (1) fragment                   : no matches
  sec-amine (2) fragment                   : no matches
  sec-amine (3) fragment                   : no matches
  carboxylic ester                         : no matches

* Rotatable bonds in C:/Users/student/Des  :
  [   2   17] [   2    4] [   3   13] [   4    7] 
# WARNING: (thio)amide/urea bond [49 25 5 21] in file:
  C:/Users/student/Desktop/project/beta1/ligandy/6ibl.mol2
  is out-of-plane.
# WARNING: Resetting to planar (input angle is  -27.2)
  
  [   5   21] [   6   22] [   7    9] [  10   18] 
  [  17   18] [  18   19] 
  No. of rotatable bonds                   :     10


* Fragments found in C:/Users/student/Des  :
  atom   9: benzene
  atom  11: benzene
  atom  12: benzene
  atom  13: benzene
  atom  14: benzene
  atom  15: benzene
  atom  19: benzene
  atom  20: benzene
  atom  21: benzene
  atom  22: benzene
  atom  23: benzene
  atom  24: benzene


* Checking torsion distributions:                                               
  Rotatable bond [14 13  3 16] matches torsion: aromatic methoxy
   C.ar ( 1H ) | C.ar ( C.ar ( 1H ) ) | O.3 | C.3 ( 3H ) 
  Rotatable bond [20 21  5 25] matches torsion: aromatic amide
   C.ar ( 1H ) | C.ar | N.am ( 1H ) | C.2 ( O.2 ) 
  Rotatable bond [ 4  7  9 15] matches torsion: benzyl
   C | C.3 ( 2H ) | C.ar ( ~C.ar ( 1H ) ) | ~C.ar ( 1H ) | expand  0.00 180.00
  No. of matched torsions                  :      3

--------------------------------------------------------------------------------
--- Shape fitting atoms selection (hydrophobic atoms)                        ---
--------------------------------------------------------------------------------
  Molecule                                 : C:/Users/student/Desktop/project/beta1/ligandy/6ibl.mol2
  Selection                                : carbons only
  Atom numbers                             :  (n = 14)
  1    4    7    11   12   14   15   16   17   18   
  20   23   24   25   


--------------------------------------------------------------------------------
--- ChemScore ligand setup summary                                           ---
--------------------------------------------------------------------------------
  ChemScore ligand acceptors               :      5
  2 3 6 8 10 
  ChemScore ligand donors                  :      4
  2 ( 29  ) 5 ( 31  ) 6 ( 32  ) 10 ( 35  ) 
  ChemScore ligand CH donors               :      0
  

  ChemScore ligand lipophilic atoms        :  (n = 18)
  1    4    7    9    11   12   13   14   15   16   
  17   18   19   20   21   22   23   24   

  ChemScore ligand rotatable bonds         :     10
  2   (N1 ) - 17  (C11): SP3_SP3_BOND
  2   (N1 ) - 4   (C2 ): SP3_SP3_BOND
  3   (O1 ) - 13  (C7 ): SP3_SP2_BOND
  4   (C2 ) - 7   (C3 ): SP3_SP3_BOND
  5   (N2 ) - 21  (C15): SP2_SP2_BOND
  6   (O2 ) - 22  (C16): SP3_SP2_BOND
  7   (C3 ) - 9   (C4 ): SP3_SP2_BOND
  10  (O4 ) - 18  (C12): SP3_SP3_BOND
  17  (C11) - 18  (C12): SP3_SP3_BOND
  18  (C12) - 19  (C13): SP3_SP2_BOND

--------------------------------------------------------------------------------
--- PLP ligand setup summary                                                 ---
--------------------------------------------------------------------------------
    1    C1   C.3 NONPOLAR
    2    N1   N.3 DONACC
    3    O1   O.3 ACCEPTOR
    4    C2   C.3 NONPOLAR
    5    N2  N.am DONOR
    6    O2   O.3 DONACC
    7    C3   C.3 NONPOLAR
    8    O3   O.2 ACCEPTOR
    9    C4  C.ar NONPOLAR
   10    O4   O.3 DONACC
   11    C5  C.ar NONPOLAR
   12    C6  C.ar NONPOLAR
   13    C7  C.ar NONPOLAR
   14    C8  C.ar NONPOLAR
   15    C9  C.ar NONPOLAR
   16   C10   C.3 NONPOLAR
   17   C11   C.3 NONPOLAR
   18   C12   C.3 NONPOLAR
   19   C13  C.ar NONPOLAR
   20   C14  C.ar NONPOLAR
   21   C15  C.ar NONPOLAR
   22   C16  C.ar NONPOLAR
   23   C17  C.ar NONPOLAR
   24   C18  C.ar NONPOLAR
   25   C19   C.2 NONPOLAR

--------------------------------------------------------------------------------
--- Automatic parameter setting                                              ---
--------------------------------------------------------------------------------
  Contribution base                        :   2500
  Contribution per rotatable bond          :   6000
  Contribution per df                      :   4000
  Contribution per water                   :  10000
  Ligand rotatable bonds                   :     10
  Protein flexible side chain bonds        :      0
  Total rotatable bonds                    :     10
  Hydrophobic vol ratio (P/L)              :   1.266
  Base multiplier (polar)                  :   1.800
  Base multiplier (apolar)                 :   3.546
  Base contribution                        : 12500.000
  Fitting points                           :      9
  Estimated maxops needed (optimal)        :  73000

--------------------------------------------------------------------------------

* Population settings                                                           
  maxops                                   :  73000
  popsiz                                   :    100
  select_pressure                          :   1.100
  n_islands                                :      5
  niche_siz                                :      2

* GA settings                                                                   
  pt_crosswt                               :     95
  allele_mutatewt                          :     95
  migratewt                                :     10

* Search settings                                                               
  start_vdw_linear_cutoff                  :   4.000
  initial_virtual_pt_match_max             :   3.000

--------------------------------------------------------------------------------

* Ligand initialisation time :                                                  
  total  0.0000 user  0.0000 sys  0.0000

--------------------------------------------------------------------------------

--------------------------------------------------------------------------------
** Docking run number  1 **
--------------------------------------------------------------------------------
  Rank fitness base is 5000.00 ; increment is 11.2233

* Initialising population(s) ...                                                
Number of constraints mappings 0
Number of constraints 0
  Population no.                           :      1
  Population size                          :    100
  Number of duplicates                     :      0
  Number of niche violations               :      0
  Number of errors                         :     77

Number of constraints mappings 0
Number of constraints 0
  Population no.                           :      2
  Population size                          :    100
  Number of duplicates                     :      0
  Number of niche violations               :      0
  Number of errors                         :     87

Number of constraints mappings 0
Number of constraints 0
  Population no.                           :      3
  Population size                          :    100
  Number of duplicates                     :      0
  Number of niche violations               :      0
  Number of errors                         :     92

Number of constraints mappings 0
Number of constraints 0
  Population no.                           :      4
  Population size                          :    100
  Number of duplicates                     :      0
  Number of niche violations               :      0
  Number of errors                         :     84

Number of constraints mappings 0
Number of constraints 0
  Population no.                           :      5
  Population size                          :    100
  Number of duplicates                     :      0
  Number of niche violations               :      0
  Number of errors                         :     85


Doing GA, no. of population(s) 5 size 100 selection pressure 1.100000

 Operation      Score     S(PLP)   S(hbond)     S(cho)   S(metal)  DE(clash)   DE(tors)     intcor
         0      11.43     -16.57       0.00       0.00       0.00       1.30       2.35       0.86
       811      22.97     -32.18       0.00       0.00       0.00       4.25       2.91       0.86
      1147      26.66     -35.57       0.00       0.00       0.00       5.19       2.29       0.86
      2131      32.85     -38.71       0.00       0.00       0.00       1.97       2.38       0.86
      2750      34.37     -37.90       0.94       0.00       0.00       1.97       2.63       0.86
      3100      36.94     -41.43       0.94       0.00       0.00       3.09       2.55       0.86
      3497      41.69     -46.99       0.00       0.00       0.00       1.32       2.42       0.86
      3572      41.88     -47.08       0.00       0.00       0.00       1.32       2.38       0.86
      3724      41.93     -54.35       0.00       0.00       0.00       8.42       2.43       0.86
      3949      46.64     -56.58       0.00       0.00       0.00       7.88       1.46       0.86
      4264      47.31     -59.73       0.00       0.00       0.00       8.42       2.43       0.86
      4497      50.91     -56.20       0.00       0.00       0.00       1.32       2.42       0.86
      4886      53.22     -57.52       0.69       0.00       0.00       1.97       2.63       0.86
      5287      54.01     -58.34       0.51       0.00       0.00       1.97       2.38       0.86
      5497      54.12     -58.45       0.50       0.00       0.00       1.97       2.36       0.86
      7596      54.16     -58.54       0.66       0.00       0.00       1.97       2.62       0.86
      7766      57.55     -60.37       0.75       0.00       0.00       0.69       2.62       0.86
      8091      57.94     -60.23       0.93       0.00       0.00       0.69       2.62       0.86
      8231      60.78     -62.81       1.00       0.00       0.00       0.69       2.60       0.86
      9511      64.74     -67.56       0.75       0.00       0.00       0.69       2.62       0.86
     11071      64.86     -67.34       0.86       0.00       0.00       0.69       2.62       0.86
     15701      65.43     -66.44       0.62       0.00       0.00       0.15       1.78       0.86
     17581      65.55     -68.26       0.76       0.00       0.00       0.69       2.58       0.86
     19266      66.64     -69.28       0.27       0.00       0.00       0.69       1.81       0.86
     19386      67.55     -69.71       0.43       0.00       0.00       0.69       1.81       0.86
     19801      67.67     -70.15       0.33       0.00       0.00       0.69       1.81       0.86
     20181      67.89     -69.55       0.22       0.00       0.00       0.00       1.60       0.86
     20906      68.12     -69.79       0.22       0.00       0.00       0.00       1.60       0.86
     21476      69.27     -71.08       0.18       0.00       0.00       0.00       1.60       0.86
     21596      69.70     -71.38       0.22       0.00       0.00       0.00       1.60       0.86
     22881      69.76     -71.55       0.18       0.00       0.00       0.00       1.60       0.86
     26771      69.97     -71.71       0.23       0.00       0.00       0.00       1.65       0.86
     26965      70.29     -71.41       0.40       0.00       0.00       0.00       1.59       0.86
     28741      70.46     -71.55       0.42       0.00       0.00       0.00       1.60       0.86
     30021      70.56     -71.78       0.37       0.00       0.00       0.00       1.59       0.86
     31341      70.58     -71.71       0.40       0.00       0.00       0.00       1.60       0.86
     31507      70.69     -71.66       0.43       0.00       0.00       0.00       1.57       0.86
     32486      70.72     -71.86       0.40       0.00       0.00       0.00       1.60       0.86
     36196      71.26     -72.08       0.42       0.00       0.00       0.00       1.47       0.86
     37948      71.43     -72.19       0.45       0.00       0.00       0.00       1.48       0.86
     42031      72.06     -71.95       0.82       0.00       0.00       0.00       1.60       0.86
     42876      72.23     -71.82       0.80       0.00       0.00       0.00       1.43       0.86
     47277      72.72     -71.49       1.00       0.00       0.00       0.00       1.32       0.86
     48716      73.19     -72.38       0.86       0.00       0.00       0.00       1.32       0.86
     50931      73.24     -72.34       0.90       0.00       0.00       0.00       1.32       0.86
     55941      73.34     -72.55       0.88       0.00       0.00       0.00       1.36       0.86
     57530      73.37     -72.53       0.88       0.00       0.00       0.00       1.33       0.86
     66247      73.40     -72.54       0.90       0.00       0.00       0.00       1.34       0.86
     67351      74.05     -72.76       0.96       0.00       0.00       0.00       1.22       0.86
     71486      74.18     -72.82       0.98       0.00       0.00       0.00       1.22       0.86
     71766      74.32     -72.94       0.98       0.00       0.00       0.00       1.20       0.86
--------------------------------------------------------------------------------
Best docking solution after GA:
     73000      74.32     -72.94       0.98       0.00       0.00       0.00       1.20       0.86

#ops:      73000 #mutates:  35051 #cross:    34285 #migrate:   3664 
#dups:     20599 #niche:    41311 #errors:      94 
--------------------------------------------------------------------------------

Doing AMOEBA simplex on best individual
Done simplexing #iterations 366, best score  75.02

Ligand is stored in gold_soln_6ibl_m1_1.mol2


--------------------------------------------------------------------------------
--- CHEMPLP breakdown of terms                                               ---
--------------------------------------------------------------------------------
CHEMPLP = - ( 1.0000*S(PLP) + -3.0000*S(hbond) + -6.0000*S(metal) + -3.0000*S(cho) )

Score = CHEMPLP - 1.0000*DE(clash) - 2.0000*DE(tors)

Internal energy term has been corrected with the best internal energy encountered.

--------------------------------------------------------------------------------


     Score     S(PLP)   S(hbond)     S(cho)   S(metal)  DE(clash)   DE(tors)     intcor
     75.02     -73.18       0.98       0.00       0.00       0.00       0.98       0.86

--------------------------------------------------------------------------------
--- PLP analysis of protein-ligand interactions                              ---
--------------------------------------------------------------------------------
hydrogen bonding        :      -3.79
metal                   :       0.00
buried (polar-nonpolar) :      -8.94
nonpolar                :     -60.03
repulsive               :       0.35
--------------------------------------------------------------------------------


--------------------------------------------------------------------------------
--- ChemScore analysis of protein-ligand interactions                        ---
--------------------------------------------------------------------------------

* Hydrogen bonds                                                                
Ligand donor   10 hydrogen   35 Protein acceptor 2066 bond energy  1.00 wt 0.98


* CH..O interactions                                                            
  CH group selection                       : activated ring CH (adjacent to hetatom)

--------------------------------------------------------------------------------


--------------------------------------------------------------------------------
--- Intra-ligand clashes                                                     ---
--------------------------------------------------------------------------------

Ligand
--------------------------------------------------------------------------------


--------------------------------------------------------------------------------
--- Chromosome decoded                                                       ---
--------------------------------------------------------------------------------
Ligand Torsions
[  18   17    2    4] -115.51
[   1    4    2   17]  -39.29
[  14   13    3   16]   -4.82    matched torsion: aromatic methoxy
[   9    7    4    1]   64.90
[  20   21    5   25]   -6.13    matched torsion: aromatic amide
[  32    6   22   21]  -27.00
[   4    7    9   15] -128.93    matched torsion: benzyl
[  35   10   18   17]  -75.28
[  10   18   17    2]   36.17
[  20   19   18   10]   58.32
Mapping
Ligand acceptors to protein hydrogens (mapping then atom ids)
Ligand hydrogens to protein acceptors (mapping then atom ids)
Ligand shape atoms to protein points (mapping then atom ids & coords)
  1  8258 [  1->(-21.250   8.750  16.750)]
  2  7707 [  4->(-22.000   7.500  16.250)]
  3  3865 [  7->(-23.750   7.250  16.000)]
  4  5289 [ 11->(-23.250   5.750  14.500)]
  5  5970 [ 12->(-23.000   4.750  15.250)]
  6  3585 [ 14->(-23.750   4.250  13.500)]
  7  2216 [ 15->(-24.250   5.250  14.250)]
  8  5793 [ 16->(-23.000   2.250  11.750)]
  9  8425 [ 17->(-21.000   9.500  18.250)]
 10  6838 [ 18->(-22.750   9.250  18.000)]
 11  1393 [ 20->(-24.750  10.750  21.000)]
 12  5565 [ 23->(-23.250  11.250  19.250)]
 13  6935 [ 24->(-22.750  11.500  19.500)]
 14  1911 [ 25->(-24.500  11.250  23.500)]
Chromosome values
Integers:
  -1   -1   -1   -1   -1   -1   -1   -1   -1 8257 7706 3864 
5288 5969 3584 2215 5792 8424 6837 1392 5564 6934 1910 
--------------------------------------------------------------------------------

Current Ranking  1

--------------------------------------------------------------------------------

* GA execution time :                                                           
  total  4.0003 user  4.0003 sys  0.0000

--------------------------------------------------------------------------------
Fitness function evaluations: 116842

--------------------------------------------------------------------------------
** Docking run number  2 **
--------------------------------------------------------------------------------
  Rank fitness base is 5000.00 ; increment is 11.2233

* Initialising population(s) ...                                                
Number of constraints mappings 0
Number of constraints 0
  Population no.                           :      1
  Population size                          :    100
  Number of duplicates                     :      0
  Number of niche violations               :      0
  Number of errors                         :     83

Number of constraints mappings 0
Number of constraints 0
  Population no.                           :      2
  Population size                          :    100
  Number of duplicates                     :      0
  Number of niche violations               :      0
  Number of errors                         :     91

Number of constraints mappings 0
Number of constraints 0
  Population no.                           :      3
  Population size                          :    100
  Number of duplicates                     :      0
  Number of niche violations               :      0
  Number of errors                         :     91

Number of constraints mappings 0
Number of constraints 0
  Population no.                           :      4
  Population size                          :    100
  Number of duplicates                     :      0
  Number of niche violations               :      0
  Number of errors                         :     94

Number of constraints mappings 0
Number of constraints 0
  Population no.                           :      5
  Population size                          :    100
  Number of duplicates                     :      0
  Number of niche violations               :      0
  Number of errors                         :    103


Doing GA, no. of population(s) 5 size 100 selection pressure 1.100000

 Operation      Score     S(PLP)   S(hbond)     S(cho)   S(metal)  DE(clash)   DE(tors)     intcor
         0       8.89     -13.23       0.00       0.00       0.00       0.31       2.45       0.86
       354      10.47     -14.82       0.00       0.00       0.00       0.31       2.45       0.86
       729      27.71     -32.06       0.00       0.00       0.00       0.31       2.45       0.86
      2485      34.64     -39.27       0.00       0.00       0.00       2.54       1.48       0.86
      2800      38.80     -43.42       0.00       0.00       0.00       2.54       1.48       0.86
      3925      40.63     -45.25       0.00       0.00       0.00       2.54       1.48       0.86
      4803      41.17     -46.69       0.00       0.00       0.00       2.86       1.76       0.86
      5136      48.99     -55.55       0.35       0.00       0.00       3.53       2.47       0.86
      6676      51.78     -52.96       1.00       0.00       0.00       0.00       2.52       0.86
      7516      52.41     -53.58       1.00       0.00       0.00       0.00       2.52       0.86
      8196      52.48     -53.74       1.00       0.00       0.00       0.00       2.56       0.86
      8826      52.61     -55.37       0.56       0.00       0.00       0.00       2.65       0.86
      8906      53.52     -60.98       0.11       0.00       0.00       3.53       2.56       0.86
      8947      56.92     -59.99       0.00       0.00       0.00       0.00       1.97       0.86
      9343      57.75     -60.82       0.00       0.00       0.00       0.00       1.97       0.86
      9458      59.94     -63.01       0.00       0.00       0.00       0.00       1.97       0.86
     10213      61.72     -64.79       0.00       0.00       0.00       0.00       1.97       0.86
     10753      61.74     -64.81       0.00       0.00       0.00       0.00       1.97       0.86
     14348      63.60     -66.09       0.00       0.00       0.00       0.00       1.67       0.86
     15854      63.78     -66.81       0.00       0.00       0.00       0.00       1.94       0.86
     20098      65.88     -68.37       0.00       0.00       0.00       0.00       1.67       0.86
     26193      66.45     -68.83       0.00       0.00       0.00       0.00       1.62       0.86
     26508      66.68     -69.06       0.00       0.00       0.00       0.00       1.62       0.86
     31313      67.23     -69.61       0.00       0.00       0.00       0.00       1.62       0.86
     32660      67.28     -70.24       0.00       0.00       0.00       0.00       1.91       0.86
     33053      67.66     -69.93       0.00       0.00       0.00       0.00       1.57       0.86
     34473      67.90     -70.17       0.00       0.00       0.00       0.00       1.57       0.86
     34523      68.01     -70.31       0.00       0.00       0.00       0.00       1.58       0.86
     35537      68.27     -70.54       0.00       0.00       0.00       0.00       1.57       0.86
     35602      68.64     -70.87       0.00       0.00       0.00       0.00       1.54       0.86
     40105      68.80     -71.58       0.00       0.00       0.00       0.00       1.82       0.86
     40576      69.04     -71.30       0.00       0.00       0.00       0.00       1.56       0.86
     40677      69.04     -71.33       0.00       0.00       0.00       0.00       1.57       0.86
     41988      69.10     -71.38       0.00       0.00       0.00       0.00       1.57       0.86
     42653      69.18     -71.40       0.00       0.00       0.00       0.00       1.54       0.86
     43148      69.36     -71.64       0.00       0.00       0.00       0.00       1.57       0.86
     43426      69.43     -71.64       0.00       0.00       0.00       0.00       1.54       0.86
     44988      69.56     -71.71       0.00       0.00       0.00       0.00       1.51       0.86
     45043      69.72     -71.87       0.00       0.00       0.00       0.00       1.51       0.86
     46234      69.74     -71.89       0.00       0.00       0.00       0.00       1.51       0.86
     46493      69.84     -72.03       0.00       0.00       0.00       0.00       1.53       0.86
     47463      70.36     -72.64       0.00       0.00       0.00       0.00       1.57       0.86
     47619      70.41     -72.56       0.00       0.00       0.00       0.00       1.50       0.86
     50375      70.62     -72.63       0.00       0.00       0.00       0.00       1.44       0.86
     52610      70.64     -72.66       0.00       0.00       0.00       0.00       1.44       0.86
     54310      71.16     -73.28       0.00       0.00       0.00       0.00       1.49       0.86
     56988      71.18     -73.23       0.00       0.00       0.00       0.00       1.46       0.86
     58527      71.40     -73.30       0.00       0.00       0.00       0.00       1.38       0.86
     60448      71.53     -73.56       0.00       0.00       0.00       0.00       1.45       0.86
     62021      71.60     -73.60       0.00       0.00       0.00       0.00       1.43       0.86
     63006      71.63     -73.63       0.00       0.00       0.00       0.00       1.43       0.86
     66332      71.69     -73.66       0.00       0.00       0.00       0.00       1.42       0.86
     66990      71.69     -73.66       0.00       0.00       0.00       0.00       1.42       0.86
     67319      71.70     -73.67       0.00       0.00       0.00       0.00       1.42       0.86
     69910      71.70     -73.67       0.00       0.00       0.00       0.00       1.42       0.86
     72280      71.70     -73.67       0.00       0.00       0.00       0.00       1.42       0.86
--------------------------------------------------------------------------------
Best docking solution after GA:
     73000      71.70     -73.67       0.00       0.00       0.00       0.00       1.42       0.86

#ops:      73000 #mutates:  34759 #cross:    34647 #migrate:   3594 
#dups:     24473 #niche:    43925 #errors:     144 
--------------------------------------------------------------------------------

Doing AMOEBA simplex on best individual
Done simplexing #iterations 429, best score  72.24

Ligand is stored in gold_soln_6ibl_m1_2.mol2


--------------------------------------------------------------------------------
--- CHEMPLP breakdown of terms                                               ---
--------------------------------------------------------------------------------
CHEMPLP = - ( 1.0000*S(PLP) + -3.0000*S(hbond) + -6.0000*S(metal) + -3.0000*S(cho) )

Score = CHEMPLP - 1.0000*DE(clash) - 2.0000*DE(tors)

Internal energy term has been corrected with the best internal energy encountered.

--------------------------------------------------------------------------------


     Score     S(PLP)   S(hbond)     S(cho)   S(metal)  DE(clash)   DE(tors)     intcor
     72.24     -74.21       0.00       0.00       0.00       0.00       1.42       0.86

--------------------------------------------------------------------------------
--- PLP analysis of protein-ligand interactions                              ---
--------------------------------------------------------------------------------
hydrogen bonding        :      -2.60
metal                   :       0.00
buried (polar-nonpolar) :      -5.96
nonpolar                :     -66.66
repulsive               :       0.21
--------------------------------------------------------------------------------


--------------------------------------------------------------------------------
--- ChemScore analysis of protein-ligand interactions                        ---
--------------------------------------------------------------------------------

* Hydrogen bonds                                                                


* CH..O interactions                                                            
  CH group selection                       : activated ring CH (adjacent to hetatom)

--------------------------------------------------------------------------------


--------------------------------------------------------------------------------
--- Intra-ligand clashes                                                     ---
--------------------------------------------------------------------------------

Ligand
--------------------------------------------------------------------------------


--------------------------------------------------------------------------------
--- Chromosome decoded                                                       ---
--------------------------------------------------------------------------------
Ligand Torsions
[  18   17    2    4] -103.82
[   1    4    2   17]   67.30
[  14   13    3   16]  180.00    matched torsion: aromatic methoxy
[   9    7    4    1]   96.72
[  20   21    5   25]    0.34    matched torsion: aromatic amide
[  32    6   22   21]  104.17
[   4    7    9   15]   53.74    matched torsion: benzyl
[  35   10   18   17]  149.29
[  10   18   17    2]  -25.98
[  20   19   18   10]   -8.63
Mapping
Ligand acceptors to protein hydrogens (mapping then atom ids)
Ligand hydrogens to protein acceptors (mapping then atom ids)
Ligand shape atoms to protein points (mapping then atom ids & coords)
  1  7931 [  1->(-21.750   8.500  16.500)]
  2  6148 [  4->(-23.000   8.500  17.000)]
  3  6125 [  7->(-23.000   8.000  15.500)]
  4  5323 [ 11->(-23.250   6.250  14.500)]
  5  5211 [ 12->(-23.250   4.750  13.500)]
  6  4370 [ 14->(-23.500   3.750  15.250)]
  7  3701 [ 15->(-23.750   5.250  15.500)]
  9  3182 [ 17->(-24.000  10.000  18.000)]
 11  1945 [ 20->(-24.500  12.750  19.250)]
 12   221 [ 23->(-25.750  14.000  18.250)]
Chromosome values
Integers:
  -1   -1   -1   -1   -1   -1   -1   -1   -1 7930 6147 6124 
5322 5210 4369 3700   -1 3181   -1 1944  220   -1   -1 
--------------------------------------------------------------------------------

Current Ranking  1  2

--------------------------------------------------------------------------------

* GA execution time :                                                           
  total  4.9994 user  4.9994 sys  0.0000

--------------------------------------------------------------------------------
Fitness function evaluations: 115842

--------------------------------------------------------------------------------
** Docking run number  3 **
--------------------------------------------------------------------------------
  Rank fitness base is 5000.00 ; increment is 11.2233

* Initialising population(s) ...                                                
Number of constraints mappings 0
Number of constraints 0
  Population no.                           :      1
  Population size                          :    100
  Number of duplicates                     :      0
  Number of niche violations               :      0
  Number of errors                         :     83

Number of constraints mappings 0
Number of constraints 0
  Population no.                           :      2
  Population size                          :    100
  Number of duplicates                     :      0
  Number of niche violations               :      0
  Number of errors                         :     73

Number of constraints mappings 0
Number of constraints 0
  Population no.                           :      3
  Population size                          :    100
  Number of duplicates                     :      0
  Number of niche violations               :      0
  Number of errors                         :     88

Number of constraints mappings 0
Number of constraints 0
  Population no.                           :      4
  Population size                          :    100
  Number of duplicates                     :      0
  Number of niche violations               :      0
  Number of errors                         :     91

Number of constraints mappings 0
Number of constraints 0
  Population no.                           :      5
  Population size                          :    100
  Number of duplicates                     :      0
  Number of niche violations               :      0
  Number of errors                         :     93


Doing GA, no. of population(s) 5 size 100 selection pressure 1.100000

 Operation      Score     S(PLP)   S(hbond)     S(cho)   S(metal)  DE(clash)   DE(tors)     intcor
         0       7.64      -5.94       1.00       0.00       0.00       0.00       1.08       0.86
       942       8.80     -10.06       0.00       0.00       0.00       0.00       1.06       0.86
      1004      10.42     -22.79       0.00       0.00       0.00       9.73       1.75       0.86
      1322      11.42     -12.68       0.00       0.00       0.00       0.00       1.06       0.86
      1505      32.40     -34.71       1.00       0.00       0.00       1.84       2.17       0.86
      1821      32.42     -34.74       1.00       0.00       0.00       1.84       2.17       0.86
      1871      34.62     -39.63       0.00       0.00       0.00       3.35       1.26       0.86
      2765      36.84     -39.16       1.00       0.00       0.00       1.84       2.17       0.86
      3116      42.04     -43.29       0.02       0.00       0.00       0.00       1.08       0.86
      4598      50.35     -53.44       0.00       0.00       0.00       0.00       1.98       0.86
      5336      52.62     -51.72       0.73       0.00       0.00       0.00       1.08       0.86
      7135      52.65     -52.30       0.59       0.00       0.00       0.00       1.13       0.86
      7685      54.65     -53.57       0.83       0.00       0.00       0.00       1.13       0.86
      9183      55.33     -54.01       1.00       0.00       0.00       0.00       1.27       0.86
     10273      56.39     -55.12       1.00       0.00       0.00       0.00       1.30       0.86
     10293      56.75     -55.44       1.00       0.00       0.00       0.00       1.28       0.86
     10510      57.77     -56.73       0.70       0.00       0.00       0.00       0.96       0.86
     11448      58.11     -56.81       1.00       0.00       0.00       0.00       1.28       0.86
     12458      59.48     -58.19       1.00       0.00       0.00       0.00       1.28       0.85
     12558      60.27     -58.99       1.00       0.00       0.00       0.00       1.28       0.85
     13073      63.77     -62.81       1.00       0.00       0.00       0.00       1.45       0.85
     13583      63.81     -63.61       0.75       0.00       0.00       0.00       1.45       0.85
     13813      64.20     -63.25       1.00       0.00       0.00       0.00       1.45       0.85
     13918      64.75     -64.16       0.88       0.00       0.00       0.00       1.45       0.85
     15337      65.17     -64.30       1.00       0.00       0.00       0.00       1.49       0.85
     16507      65.57     -64.87       1.00       0.00       0.00       0.00       1.58       0.85
     17247      66.90     -65.87       1.00       0.00       0.00       0.00       1.41       0.85
     19337      66.90     -65.87       1.00       0.00       0.00       0.00       1.41       0.85
     22392      67.24     -66.28       1.00       0.00       0.00       0.00       1.41       0.79
     24768      68.01     -67.04       1.00       0.00       0.00       0.00       1.41       0.79
     25192      68.31     -67.24       1.00       0.00       0.00       0.00       1.36       0.79
     27052      68.64     -67.09       1.43       0.00       0.00       1.17       1.18       0.79
     28627      68.78     -67.03       1.47       0.00       0.00       0.94       1.18       0.65
     30567      68.88     -67.45       1.47       0.00       0.00       1.17       1.18       0.54
     30841      69.02     -67.55       1.41       0.00       0.00       0.94       1.18       0.54
     31157      69.03     -68.28       1.27       0.00       0.00       1.17       1.21       0.54
     31667      69.34     -68.64       1.29       0.00       0.00       1.17       1.26       0.54
     31767      70.49     -70.62       1.01       0.00       0.00       1.17       1.26       0.54
     32447      70.52     -69.73       1.32       0.00       0.00       1.17       1.26       0.54
     34337      70.67     -70.85       0.99       0.00       0.00       1.17       1.26       0.54
     35462      70.86     -71.44       0.87       0.00       0.00       1.17       1.27       0.54
     36524      71.02     -70.42       1.25       0.00       0.00       1.17       1.26       0.54
     36687      71.04     -70.10       1.37       0.00       0.00       1.17       1.26       0.54
     38928      71.07     -71.01       1.08       0.00       0.00       1.17       1.26       0.54
     38942      71.11     -71.09       1.06       0.00       0.00       1.17       1.26       0.54
     40877      71.21     -70.85       1.17       0.00       0.00       1.17       1.26       0.54
     42082      71.64     -71.48       1.11       0.00       0.00       1.17       1.26       0.54
     43418      71.80     -71.13       1.27       0.00       0.00       1.17       1.25       0.54
     49388      71.93     -70.88       1.43       0.00       0.00       1.17       1.30       0.54
     53021      71.99     -68.79       1.59       0.00       0.00       0.00       1.06       0.54
     53081      72.30     -69.25       1.55       0.00       0.00       0.00       1.06       0.54
     55025      72.32     -70.82       1.16       0.00       0.00       0.15       1.18       0.54
     55840      72.34     -71.05       1.09       0.00       0.00       0.15       1.18       0.54
     58220      72.40     -70.89       1.16       0.00       0.00       0.15       1.18       0.54
     60310      72.78     -70.17       1.42       0.00       0.00       0.00       1.09       0.54
     64651      73.12     -71.27       1.28       0.00       0.00       0.15       1.18       0.54
     69946      73.17     -71.17       1.29       0.00       0.00       0.15       1.13       0.54
     70721      73.24     -71.24       1.29       0.00       0.00       0.15       1.13       0.54
     72982      73.31     -71.33       1.29       0.00       0.00       0.15       1.14       0.54
--------------------------------------------------------------------------------
Best docking solution after GA:
     73000      73.31     -71.33       1.29       0.00       0.00       0.15       1.14       0.54

#ops:      73000 #mutates:  34710 #cross:    34720 #migrate:   3570 
#dups:     19046 #niche:    40198 #errors:     183 
--------------------------------------------------------------------------------

Doing AMOEBA simplex on best individual
Done simplexing #iterations 591, best score  74.12

Ligand is stored in gold_soln_6ibl_m1_3.mol2


--------------------------------------------------------------------------------
--- CHEMPLP breakdown of terms                                               ---
--------------------------------------------------------------------------------
CHEMPLP = - ( 1.0000*S(PLP) + -3.0000*S(hbond) + -6.0000*S(metal) + -3.0000*S(cho) )

Score = CHEMPLP - 1.0000*DE(clash) - 2.0000*DE(tors)

Internal energy term has been corrected with the best internal energy encountered.

--------------------------------------------------------------------------------


     Score     S(PLP)   S(hbond)     S(cho)   S(metal)  DE(clash)   DE(tors)     intcor
     74.12     -71.87       1.31       0.00       0.00       0.00       1.10       0.54

--------------------------------------------------------------------------------
--- PLP analysis of protein-ligand interactions                              ---
--------------------------------------------------------------------------------
hydrogen bonding        :      -3.58
metal                   :       0.00
buried (polar-nonpolar) :      -9.96
nonpolar                :     -58.50
repulsive               :       0.27
--------------------------------------------------------------------------------


--------------------------------------------------------------------------------
--- ChemScore analysis of protein-ligand interactions                        ---
--------------------------------------------------------------------------------

* Hydrogen bonds                                                                
Ligand donor    2 hydrogen   29 Protein acceptor 2066 bond energy  1.00 wt 0.31
Ligand donor   10 hydrogen   35 Protein acceptor 2066 bond energy  1.00 wt 1.00


* CH..O interactions                                                            
  CH group selection                       : activated ring CH (adjacent to hetatom)

--------------------------------------------------------------------------------


--------------------------------------------------------------------------------
--- Intra-ligand clashes                                                     ---
--------------------------------------------------------------------------------

Ligand
--------------------------------------------------------------------------------


--------------------------------------------------------------------------------
--- Chromosome decoded                                                       ---
--------------------------------------------------------------------------------
Ligand Torsions
[  18   17    2    4] -130.10
[   1    4    2   17]  -28.30
[  14   13    3   16]    0.83    matched torsion: aromatic methoxy
[   9    7    4    1]   61.03
[  20   21    5   25]   -2.73    matched torsion: aromatic amide
[  32    6   22   21]   51.29
[   4    7    9   15]   53.28    matched torsion: benzyl
[  35   10   18   17]  -63.71
[  10   18   17    2]   36.72
[  20   19   18   10]   54.43
Mapping
Ligand acceptors to protein hydrogens (mapping then atom ids)
Ligand hydrogens to protein acceptors (mapping then atom ids)
  1   3 [ 29->2066]
  4   3 [ 35->2066]
Ligand shape atoms to protein points (mapping then atom ids & coords)
  2  7474 [  4->(-22.250   7.500  16.250)]
  3  3879 [  7->(-23.750   7.750  16.000)]
  5  2236 [ 12->(-24.250   5.500  11.750)]
  6  5881 [ 14->(-23.000   3.750  13.750)]
  8  5791 [ 16->(-23.000   2.000  12.750)]
  9  7552 [ 17->(-22.250   9.750  19.000)]
 10  7987 [ 18->(-21.750  10.000  18.500)]
 11   953 [ 20->(-25.000  10.750  21.000)]
 12  4817 [ 23->(-23.500  12.250  19.250)]
 13  7305 [ 24->(-22.500  10.750  18.500)]
 14  1919 [ 25->(-24.500  11.500  24.000)]
Chromosome values
Integers:
  -1   -1   -1   -1   -1    2   -1   -1    2   -1 7473 3878 
  -1 2235 5880   -1 5790 7551 7986  952 4816 7304 1918 
--------------------------------------------------------------------------------

Current Ranking  1  3  2

--------------------------------------------------------------------------------

* GA execution time :                                                           
  total  4.0003 user  4.0003 sys  0.0000

--------------------------------------------------------------------------------
Fitness function evaluations: 118114

--------------------------------------------------------------------------------
** Docking run number  4 **
--------------------------------------------------------------------------------
  Rank fitness base is 5000.00 ; increment is 11.2233

* Initialising population(s) ...                                                
Number of constraints mappings 0
Number of constraints 0
  Population no.                           :      1
  Population size                          :    100
  Number of duplicates                     :      0
  Number of niche violations               :      0
  Number of errors                         :     82

Number of constraints mappings 0
Number of constraints 0
  Population no.                           :      2
  Population size                          :    100
  Number of duplicates                     :      0
  Number of niche violations               :      0
  Number of errors                         :     93

Number of constraints mappings 0
Number of constraints 0
  Population no.                           :      3
  Population size                          :    100
  Number of duplicates                     :      0
  Number of niche violations               :      0
  Number of errors                         :     81

Number of constraints mappings 0
Number of constraints 0
  Population no.                           :      4
  Population size                          :    100
  Number of duplicates                     :      0
  Number of niche violations               :      0
  Number of errors                         :    105

Number of constraints mappings 0
Number of constraints 0
  Population no.                           :      5
  Population size                          :    100
  Number of duplicates                     :      0
  Number of niche violations               :      0
  Number of errors                         :     85


Doing GA, no. of population(s) 5 size 100 selection pressure 1.100000

 Operation      Score     S(PLP)   S(hbond)     S(cho)   S(metal)  DE(clash)   DE(tors)     intcor
         0      39.53     -42.30       0.35       0.00       0.00       1.39       1.47       0.54
       851      43.18     -43.43       1.00       0.00       0.00       0.94       1.42       0.54
      3677      43.78     -50.06       0.00       0.00       0.00       1.17       2.82       0.54
      4864      47.73     -52.27       0.00       0.00       0.00       0.00       2.54       0.54
      6334      47.74     -52.29       0.00       0.00       0.00       0.00       2.54       0.54
      6404      49.34     -53.89       0.00       0.00       0.00       0.00       2.54       0.54
      6588      49.80     -51.77       0.61       0.00       0.00       1.39       1.47       0.54
      7434      50.68     -54.96       0.00       0.00       0.00       0.00       2.40       0.54
      7449      51.77     -56.31       0.00       0.00       0.00       0.00       2.54       0.54
      8791      59.19     -61.94       0.62       0.00       0.00       1.39       1.88       0.54
     10581      59.30     -62.11       0.62       0.00       0.00       1.39       1.91       0.54
     10597      59.97     -60.07       0.99       0.00       0.00       0.94       1.34       0.54
     11351      61.19     -64.17       0.54       0.00       0.00       1.39       1.88       0.54
     11841      61.44     -64.18       0.62       0.00       0.00       1.39       1.88       0.54
     12630      61.51     -64.40       0.58       0.00       0.00       1.39       1.88       0.54
     12751      62.02     -64.77       0.62       0.00       0.00       1.39       1.88       0.54
     13255      63.14     -63.58       1.00       0.00       0.00       1.39       1.29       0.54
     14780      63.31     -63.75       1.00       0.00       0.00       1.39       1.29       0.54
     15301      63.34     -65.60       0.78       0.00       0.00       1.39       1.88       0.54
     16505      63.35     -65.90       0.69       0.00       0.00       1.39       1.88       0.54
     16922      63.42     -63.84       1.00       0.00       0.00       0.94       1.51       0.54
     17061      64.65     -67.20       0.69       0.00       0.00       1.39       1.88       0.54
     18006      65.14     -67.59       0.72       0.00       0.00       1.39       1.88       0.54
     18095      65.80     -68.00       0.56       0.00       0.00       1.39       1.51       0.54
     18875      65.83     -68.11       0.56       0.00       0.00       1.39       1.55       0.54
     19985      66.32     -68.45       0.61       0.00       0.00       1.39       1.55       0.54
     21130      66.46     -68.58       0.61       0.00       0.00       1.39       1.54       0.54
     21860      66.46     -68.35       0.69       0.00       0.00       1.39       1.55       0.54
     22310      66.63     -68.33       0.75       0.00       0.00       1.39       1.55       0.54
     22690      66.77     -68.57       0.72       0.00       0.00       1.39       1.55       0.54
     22979      66.84     -68.80       0.64       0.00       0.00       1.39       1.51       0.54
     23065      66.94     -68.97       0.64       0.00       0.00       1.39       1.54       0.54
     23486      67.20     -68.16       1.00       0.00       0.00       1.39       1.55       0.54
     24020      67.49     -68.99       0.67       0.00       0.00       1.39       1.33       0.54
     24144      67.68     -69.39       0.75       0.00       0.00       1.39       1.55       0.54
     24670      67.72     -69.52       0.72       0.00       0.00       1.39       1.55       0.54
     24707      67.87     -69.63       1.00       0.00       0.00       1.39       1.95       0.54
     24879      67.89     -69.59       0.74       0.00       0.00       1.39       1.52       0.54
     26306      68.16     -69.71       0.80       0.00       0.00       1.39       1.54       0.54
     29731      68.16     -69.69       0.80       0.00       0.00       1.39       1.53       0.54
     29879      68.30     -69.18       1.00       0.00       0.00       1.39       1.51       0.54
     30264      68.31     -69.19       1.00       0.00       0.00       1.39       1.51       0.54
     31800      68.33     -69.79       0.83       0.00       0.00       1.39       1.55       0.54
     32301      68.85     -69.72       1.00       0.00       0.00       1.39       1.51       0.54
     35996      68.88     -69.73       1.00       0.00       0.00       1.39       1.49       0.54
     38062      69.31     -69.02       0.99       0.00       0.00       0.43       1.40       0.54
     41307      69.32     -69.02       0.99       0.00       0.00       0.43       1.39       0.54
     42275      69.33     -70.87       0.91       0.00       0.00       1.39       1.71       0.54
     43037      69.55     -69.22       1.00       0.00       0.00       0.43       1.39       0.54
     45727      69.61     -69.11       0.88       0.00       0.00       0.00       1.34       0.54
     46017      69.86     -69.62       0.98       0.00       0.00       0.43       1.40       0.54
     47853      70.46     -69.60       0.69       0.00       0.00       0.00       0.87       0.54
     51718      70.49     -69.52       0.69       0.00       0.00       0.00       0.82       0.54
     54748      70.76     -69.84       0.67       0.00       0.00       0.00       0.82       0.54
     55318      70.78     -69.87       0.67       0.00       0.00       0.00       0.82       0.54
     58163      70.90     -69.96       0.66       0.00       0.00       0.00       0.78       0.54
     60437      71.07     -70.27       0.66       0.00       0.00       0.00       0.85       0.54
     61088      71.09     -70.06       0.64       0.00       0.00       0.00       0.72       0.54
     61588      71.10     -70.11       0.67       0.00       0.00       0.00       0.78       0.54
     64683      71.30     -70.22       0.62       0.00       0.00       0.00       0.67       0.54
     66287      71.30     -70.23       0.64       0.00       0.00       0.00       0.69       0.54
     68064      71.34     -70.27       0.62       0.00       0.00       0.00       0.67       0.54
     70089      71.38     -70.73       0.59       0.00       0.00       0.00       0.83       0.54
     70252      71.41     -70.31       0.64       0.00       0.00       0.00       0.68       0.54
     70624      71.46     -70.33       0.64       0.00       0.00       0.00       0.67       0.54
     71284      71.71     -70.12       0.90       0.00       0.00       0.00       0.82       0.54
--------------------------------------------------------------------------------
Best docking solution after GA:
     73000      71.71     -70.12       0.90       0.00       0.00       0.00       0.82       0.54

#ops:      73000 #mutates:  34617 #cross:    34639 #migrate:   3744 
#dups:     20169 #niche:    47409 #errors:     197 
--------------------------------------------------------------------------------

Doing AMOEBA simplex on best individual
Done simplexing #iterations 418, best score  73.56

Ligand is stored in gold_soln_6ibl_m1_4.mol2


--------------------------------------------------------------------------------
--- CHEMPLP breakdown of terms                                               ---
--------------------------------------------------------------------------------
CHEMPLP = - ( 1.0000*S(PLP) + -3.0000*S(hbond) + -6.0000*S(metal) + -3.0000*S(cho) )

Score = CHEMPLP - 1.0000*DE(clash) - 2.0000*DE(tors)

Internal energy term has been corrected with the best internal energy encountered.

--------------------------------------------------------------------------------


     Score     S(PLP)   S(hbond)     S(cho)   S(metal)  DE(clash)   DE(tors)     intcor
     73.56     -71.53       1.00       0.00       0.00       0.00       0.75       0.54

--------------------------------------------------------------------------------
--- PLP analysis of protein-ligand interactions                              ---
--------------------------------------------------------------------------------
hydrogen bonding        :      -2.95
metal                   :       0.00
buried (polar-nonpolar) :      -8.69
nonpolar                :     -59.54
repulsive               :       0.34
--------------------------------------------------------------------------------


--------------------------------------------------------------------------------
--- ChemScore analysis of protein-ligand interactions                        ---
--------------------------------------------------------------------------------

* Hydrogen bonds                                                                
Ligand donor   10 hydrogen   35 Protein acceptor 2066 bond energy  1.00 wt 1.00


* CH..O interactions                                                            
  CH group selection                       : activated ring CH (adjacent to hetatom)

--------------------------------------------------------------------------------


--------------------------------------------------------------------------------
--- Intra-ligand clashes                                                     ---
--------------------------------------------------------------------------------

Ligand
--------------------------------------------------------------------------------


--------------------------------------------------------------------------------
--- Chromosome decoded                                                       ---
--------------------------------------------------------------------------------
Ligand Torsions
[  18   17    2    4] -100.46
[   1    4    2   17]  -45.94
[  14   13    3   16]  179.02    matched torsion: aromatic methoxy
[   9    7    4    1]   51.22
[  20   21    5   25]   13.08    matched torsion: aromatic amide
[  32    6   22   21] -116.90
[   4    7    9   15] -129.18    matched torsion: benzyl
[  35   10   18   17]  -91.64
[  10   18   17    2]   40.09
[  20   19   18   10]   62.01
Mapping
Ligand acceptors to protein hydrogens (mapping then atom ids)
Ligand hydrogens to protein acceptors (mapping then atom ids)
Ligand shape atoms to protein points (mapping then atom ids & coords)
  1  8242 [  1->(-21.250   8.250  16.250)]
  2  7460 [  4->(-22.250   7.000  15.250)]
  3  4593 [  7->(-23.500   6.250  16.250)]
  4  3693 [ 11->(-23.750   5.250  13.500)]
  5  4363 [ 12->(-23.500   3.750  13.500)]
  6  4484 [ 14->(-23.500   5.000  11.250)]
  7  3764 [ 15->(-23.750   6.000  14.000)]
  9  8275 [ 17->(-21.250   9.000  18.500)]
 10  7239 [ 18->(-22.500   9.000  18.500)]
 12  3306 [ 23->(-24.000  13.250  20.500)]
 13  5600 [ 24->(-23.250  12.250  20.250)]
 14  3204 [ 25->(-24.000  10.250  22.750)]
Chromosome values
Integers:
  -1   -1   -1   -1   -1   -1   -1   -1   -1 8241 7459 4592 
3692 4362 4483 3763   -1 8274 7238   -1 3305 5599 3203 
--------------------------------------------------------------------------------

Current Ranking  1  3  4  2

Top  3 (of  4) solutions are within 1.000 RMSD, finishing docking C:/Users/student/Desktop/project/beta1/ligandy/6ibl.mol2.


--------------------------------------------------------------------------------

* GA execution time :                                                           
  total  4.9996 user  4.9996 sys  0.0000

--------------------------------------------------------------------------------
Fitness function evaluations: 118465

--------------------------------------------------------------------------------
--- Ranking analysis                                                         ---
--------------------------------------------------------------------------------


* Final ranked order of GA solutions:                                           
   1  3  4  2 

  _______________________________
  RMSD Matrix of RANKED solutions

        2    3    4  

   1 :  0.6  0.9  2.0
   2 :       0.6  2.1
   3 :            2.5

  Clustering method                        : complete linkage
  Structure ids in cluster table           : rank nos.
  Ordering of clusters and their members   : by rank (order if from rms_analysis)

  Distance | Clusters
   0.59    |  1  2 |  3 |  4 |
   0.87    |  1  2  3 |  4 |
   2.51    |  1  2  3  4 |
  Finished Docking Ligand                  : C:/Users/student/Desktop/project/beta1/ligandy/6ibl.mol2
--------------------------------------------------------------------------------

  Relative_Ligand_Energy (best encountered) :   0.536
  Relative_Ligand_Energy: fitness values have been corrected using this amount
