
--------------------------------------------------------------------------------
--- Ligand                                                                   ---
--------------------------------------------------------------------------------
  Ligand loaded from file                  : E:/Projekt modelowanie/beta2/ligandy/3d4s.mol2
  Ligand name                              :  
  "C:\Users\porto\OneDrive\projekt\beta2\ligandy\L_3d4s.pdb L_3d4s.pdb 1    "

--------------------------------------------------------------------------------
  N.plc donors                             : 
  none found

  Acidic nitrogen acceptors                : 
  none found
  Sulfur acceptors                         :
   9 : (thiol or thioether)    (S)  

  Donor atoms                              :      2
  15  17  
  Acceptor atoms                           :      6
  1   8   10  12  15  17  

  Hydrogens                                :  (n = 2)
  33   36   

  Lone pairs added to molecule             :      9
  Numbering                                : from 46 to 54

  Free ring corners                        : 
   1 2 3 4 5 6

--------------------------------------------------------------------------------
--- Match Ring Templates                                                     ---
--------------------------------------------------------------------------------

  Ring torsional energy                    : on

  Number of matched rings                  :      1

  Matched ring number                      :      1
  ring index                               :      0
  atom numbers                             :  (n = 6)
  1    2    3    4    5    6    
  
  template identifier                      : 0000155
  template library index                   :    154
  number of template conformations         :      5
  total number of possible conformations   :     12

--------------------------------------------------------------------------------

  Flippable nitrogens in E:/Projekt modelowanie/beta2/ligandy/3d4s.mol2: 17Nitrogen number 17
Rotation X atom: 16 Y atom 18
Number of rotatable atoms = 2
Atoms to rotate: 36, 54, 
Virtual hydrogens to rotate: 2, 
Virtual lps to rotate: 9, 


--------------------------------------------------------------------------------
--- Postprocessing of typing                                                 ---
--------------------------------------------------------------------------------
  Fragment file                            : C:\Program Files (x86)\CCDC/GoldSuite_2017\GOLD\gold\rotatable_bond_override.mol2
  acylurea fragment                        : no matches
  thioacylthiourea fragment                : no matches
  acylthiourea fragment                    : no matches
  thioacylurea fragment                    : no matches
  diarylamine fragment >C.ar-NH-C.ar<      : no matches
  sec-amine (1) fragment                   : no matches
  sec-amine (2) fragment                   : 1 matches
  Ligand bond 4-7  set to 1
  Ligand bond 4-3  set to 1
  Ligand bond 4-5  set to 1
  sec-amine (3) fragment                   : no matches
  carboxylic ester                         : no matches

* Rotatable bonds in E:/Projekt modelowan  :
  [   4    7] [  11   12] [  12   13] [  13   14] 
  [  14   15] [  14   16] [  16   17] [  17   18] 
  No. of rotatable bonds                   :      8


* Fragments found in E:/Projekt modelowan  :


* Checking torsion distributions:                                               
  Rotatable bond [10 11 12 13] matches torsion: ortho-substituted hetero aromatic-aliphatic ether
   N.ar ( 0H ) | C.ar ( C.ar ( 0H ) ) | O.3 | C.3 ( 2H ) 
  No. of matched torsions                  :      1

--------------------------------------------------------------------------------
--- Shape fitting atoms selection (hydrophobic atoms)                        ---
--------------------------------------------------------------------------------
  Molecule                                 : E:/Projekt modelowanie/beta2/ligandy/3d4s.mol2
  Selection                                : carbons only
  Atom numbers                             :  (n = 10)
  2    3    5    6    13   14   16   19   20   21   
  


--------------------------------------------------------------------------------
--- ChemScore ligand setup summary                                           ---
--------------------------------------------------------------------------------
  ChemScore ligand acceptors               :      6
  1 8 10 12 15 17 
  ChemScore ligand donors                  :      2
  15 ( 33  ) 17 ( 36  ) 
  ChemScore ligand CH donors               :      0
  

  ChemScore ligand lipophilic atoms        :  (n = 11)
  2    3    5    6    13   14   16   18   19   20   
  21   

  ChemScore ligand rotatable bonds         :      8
  4   (N4 ) - 7   (C7 ): SP2_SP2_BOND
  11  (C11) - 12  (O12): SP3_SP2_BOND
  12  (O12) - 13  (C13): SP3_SP3_BOND
  13  (C13) - 14  (C14): SP3_SP3_BOND
  14  (C14) - 15  (O15): SP3_SP3_BOND
  14  (C14) - 16  (C16): SP3_SP3_BOND
  16  (C16) - 17  (N17): SP3_SP3_BOND
  17  (N17) - 18  (C18): SP3_SP3_BOND

--------------------------------------------------------------------------------
--- PLP ligand setup summary                                                 ---
--------------------------------------------------------------------------------
    1    O1   O.3 ACCEPTOR
    2    C2   C.3 NONPOLAR
    3    C3   C.3 NONPOLAR
    4    N4 N.pl3 NONPOLAR
    5    C5   C.3 NONPOLAR
    6    C6   C.3 NONPOLAR
    7    C7  C.ar NONPOLAR
    8    N8  N.ar ACCEPTOR
    9    S9   S.2 NONPOLAR
   10   N10  N.ar ACCEPTOR
   11   C11  C.ar NONPOLAR
   12   O12   O.3 ACCEPTOR
   13   C13   C.3 NONPOLAR
   14   C14   C.3 NONPOLAR
   15   O15   O.3 DONACC
   16   C16   C.3 NONPOLAR
   17   N17   N.3 DONACC
   18   C18   C.3 NONPOLAR
   19   C19   C.3 NONPOLAR
   20   C20   C.3 NONPOLAR
   21   C21   C.3 NONPOLAR

--------------------------------------------------------------------------------
--- Automatic parameter setting                                              ---
--------------------------------------------------------------------------------
  Contribution base                        :   2500
  Contribution per rotatable bond          :   6000
  Contribution per df                      :   4000
  Contribution per water                   :  10000
  Ligand rotatable bonds                   :      8
  Protein flexible side chain bonds        :      0
  Total rotatable bonds                    :      8
  Hydrophobic vol ratio (P/L)              :   1.121
  Base multiplier (polar)                  :   1.600
  Base multiplier (apolar)                 :   2.242
  Base contribution                        : 7500.000
  Fitting points                           :      8
  Other degrees of freedom                 :     13
     Free corners                          :      6
     Flipping nitrogens                    :      1
     Matched rings                         :      6
  Estimated maxops needed (optimal)        : 108000

--------------------------------------------------------------------------------

* Population settings                                                           
  maxops                                   : 108000
  popsiz                                   :    100
  select_pressure                          :   1.100
  n_islands                                :      5
  niche_siz                                :      2

* GA settings                                                                   
  pt_crosswt                               :     95
  allele_mutatewt                          :     95
  migratewt                                :     10

* Search settings                                                               
  start_vdw_linear_cutoff                  :   4.000
  initial_virtual_pt_match_max             :   3.000

--------------------------------------------------------------------------------

* Ligand initialisation time :                                                  
  total  0.0001 user  0.0000 sys  0.0000

--------------------------------------------------------------------------------

--------------------------------------------------------------------------------
** Docking run number  1 **
--------------------------------------------------------------------------------
  Rank fitness base is 5000.00 ; increment is 11.2233

* Initialising population(s) ...                                                
Number of constraints mappings 0
Number of constraints 0
  Population no.                           :      1
  Population size                          :    100
  Number of duplicates                     :      0
  Number of niche violations               :      0
  Number of errors                         :     10

Number of constraints mappings 0
Number of constraints 0
  Population no.                           :      2
  Population size                          :    100
  Number of duplicates                     :      0
  Number of niche violations               :      0
  Number of errors                         :      9

Number of constraints mappings 0
Number of constraints 0
  Population no.                           :      3
  Population size                          :    100
  Number of duplicates                     :      0
  Number of niche violations               :      0
  Number of errors                         :      8

Number of constraints mappings 0
Number of constraints 0
  Population no.                           :      4
  Population size                          :    100
  Number of duplicates                     :      0
  Number of niche violations               :      0
  Number of errors                         :      3

Number of constraints mappings 0
Number of constraints 0
  Population no.                           :      5
  Population size                          :    100
  Number of duplicates                     :      0
  Number of niche violations               :      0
  Number of errors                         :      8


Doing GA, no. of population(s) 5 size 100 selection pressure 1.100000

 Operation      Score     S(PLP)   S(hbond)     S(cho)   S(metal)  DE(clash)   DE(tors)     intcor
         0       1.95     -19.52       0.00       0.00       0.00      14.80       4.71       6.65
        99      13.92     -20.10       0.41       0.00       0.00       0.86       6.61       6.65
       179      13.92     -20.10       0.41       0.00       0.00       0.86       6.61       6.65
      1609      19.09     -31.23       0.40       0.00       0.00       4.06       7.77       6.26
      2429      19.25     -25.26       1.00       0.00       0.00       3.81       5.36       5.53
      2929      20.83     -33.18       0.00       0.00       0.00       0.00       8.94       5.53
      3810      26.37     -44.94       0.30       0.00       0.00      15.56       4.72       5.53
      3950      26.86     -33.42       1.00       0.00       0.00       0.00       7.54       5.53
      4094      26.86     -33.42       1.00       0.00       0.00       0.00       7.54       5.53
      4384      29.16     -35.72       1.00       0.00       0.00       0.00       7.54       5.53
      4434      29.16     -35.72       1.00       0.00       0.00       0.00       7.54       5.53
      4754      29.16     -35.72       1.00       0.00       0.00       0.00       7.54       5.53
      4904      33.71     -40.27       1.00       0.00       0.00       0.00       7.54       5.53
      5169      33.71     -40.27       1.00       0.00       0.00       0.00       7.54       5.53
      6350      38.73     -45.41       0.09       0.00       0.00       0.00       6.24       5.53
      6985      39.87     -45.41       0.48       0.00       0.00       0.00       6.25       5.53
      8204      40.20     -43.79       1.00       0.00       0.00       0.00       6.06       5.53
      8824      40.20     -43.79       1.00       0.00       0.00       0.00       6.06       5.53
      9214      40.20     -43.79       1.00       0.00       0.00       0.00       6.06       5.53
     10013      40.20     -43.79       1.00       0.00       0.00       0.00       6.06       5.53
     10449      42.49     -46.30       1.00       0.00       0.00       0.00       6.06       5.30
     11306      43.79     -41.93       1.34       0.00       0.00       0.00       3.73       5.30
     11510      43.79     -41.93       1.34       0.00       0.00       0.00       3.73       5.30
     11541      43.79     -41.93       1.34       0.00       0.00       0.00       3.73       5.30
     12503      43.92     -49.51       1.19       0.00       0.00       0.62       6.79       5.04
     13102      44.22     -44.22       1.00       0.00       0.00       0.00       4.02       5.04
     13311      44.71     -41.86       0.98       0.00       0.00       0.00       2.55       5.04
     13626      44.71     -41.86       0.98       0.00       0.00       0.00       2.55       5.04
     13956      44.71     -41.86       0.98       0.00       0.00       0.00       2.55       5.04
     14741      44.84     -42.57       0.94       0.00       0.00       0.00       2.55       4.54
     15015      45.26     -43.55       1.55       0.00       0.00       0.00       3.73       4.53
     15066      45.51     -43.44       0.88       0.00       0.00       0.00       2.55       4.53
     15586      45.51     -43.44       0.88       0.00       0.00       0.00       2.55       4.53
     16216      45.59     -43.43       0.91       0.00       0.00       0.00       2.55       4.53
     16236      45.59     -43.43       0.91       0.00       0.00       0.00       2.55       4.53
     16631      45.90     -44.37       1.49       0.00       0.00       0.00       3.73       4.53
     16731      45.90     -44.37       1.49       0.00       0.00       0.00       3.73       4.53
     18851      46.83     -44.37       1.80       0.00       0.00       0.00       3.73       4.53
     18856      46.83     -44.37       1.80       0.00       0.00       0.00       3.73       4.53
     18931      48.13     -47.01       2.00       0.00       0.00       0.00       4.70       4.53
     19106      48.13     -47.01       2.00       0.00       0.00       0.00       4.70       4.53
     19650      49.48     -51.09       1.82       0.00       0.00       2.31       4.64       4.53
     20465      49.48     -51.09       1.82       0.00       0.00       2.31       4.64       4.53
     23041      49.59     -49.27       2.00       0.00       0.00       0.00       5.11       4.53
     24280      50.47     -52.82       1.58       0.00       0.00       2.31       4.64       4.51
     25930      50.87     -52.81       1.59       0.00       0.00       1.78       4.68       4.44
     26065      50.99     -52.81       1.63       0.00       0.00       1.78       4.68       4.44
     28825      51.29     -51.34       2.00       0.00       0.00       0.00       5.07       4.09
     32579      51.55     -51.24       1.93       0.00       0.00       0.00       4.79       4.09
     33045      51.83     -53.98       1.82       0.00       0.00       1.78       4.96       4.09
     34545      51.92     -53.98       1.85       0.00       0.00       1.78       4.96       4.09
     35660      52.77     -54.43       1.88       0.00       0.00       1.78       4.81       4.09
     35805      52.77     -54.43       1.88       0.00       0.00       1.78       4.81       4.09
     37110      52.87     -54.37       2.04       0.00       0.00       1.78       4.96       4.09
     37305      53.17     -54.13       2.04       0.00       0.00       1.26       4.95       4.09
     38570      53.22     -54.65       2.06       0.00       0.00       1.78       4.96       4.09
     43405      53.22     -54.65       2.06       0.00       0.00       1.78       4.96       4.09
     44965      53.52     -54.42       2.24       0.00       0.00       1.78       4.96       4.09
     45121      53.79     -54.91       2.12       0.00       0.00       1.78       4.89       4.09
     47335      53.87     -54.94       2.18       0.00       0.00       1.78       4.96       4.09
     49285      53.87     -54.94       2.18       0.00       0.00       1.78       4.96       4.09
     49475      53.87     -54.94       2.18       0.00       0.00       1.78       4.96       4.09
     51565      53.92     -54.65       2.28       0.00       0.00       1.78       4.89       4.00
     51885      53.92     -54.65       2.28       0.00       0.00       1.78       4.89       4.00
     54331      54.05     -54.53       2.36       0.00       0.00       1.78       4.89       4.00
     55775      54.05     -54.53       2.36       0.00       0.00       1.78       4.89       4.00
     56041      54.05     -54.53       2.36       0.00       0.00       1.78       4.89       4.00
     57076      54.05     -54.53       2.36       0.00       0.00       1.78       4.89       4.00
     62523      54.06     -53.00       2.10       0.00       0.00       0.00       4.50       3.77
     62666      54.28     -49.84       2.67       0.00       0.00       0.00       3.68       3.77
     63446      54.32     -54.49       2.36       0.00       0.00       1.26       4.87       3.77
     71660      54.67     -54.49       2.45       0.00       0.00       1.26       4.84       3.77
     73300      54.68     -54.43       2.48       0.00       0.00       1.26       4.84       3.77
     73550      54.70     -54.52       2.45       0.00       0.00       1.26       4.84       3.77
     75001      56.17     -53.48       2.75       0.00       0.00       0.00       4.66       3.77
     80662      56.53     -53.84       2.75       0.00       0.00       0.00       4.66       3.77
     81041      56.53     -53.84       2.75       0.00       0.00       0.00       4.66       3.77
     82651      56.59     -53.90       2.75       0.00       0.00       0.00       4.66       3.77
     86950      56.79     -51.45       2.91       0.00       0.00       0.00       3.58       3.77
     91435      57.06     -51.45       3.00       0.00       0.00       0.00       3.58       3.77
     92355      57.32     -54.17       3.00       0.00       0.00       0.20       4.71       3.77
     93415      57.57     -54.42       3.00       0.00       0.00       0.20       4.71       3.77
     95598      57.74     -51.53       3.00       0.00       0.00       0.32       3.12       3.77
     98122      57.76     -51.31       2.95       0.00       0.00       0.00       3.09       3.77
     98658      57.83     -51.62       3.00       0.00       0.00       0.32       3.12       3.77
     98822      57.83     -51.31       2.98       0.00       0.00       0.00       3.09       3.77
     99082      58.37     -51.76       2.93       0.00       0.00       0.00       2.97       3.77
     99197      58.59     -51.76       3.00       0.00       0.00       0.00       2.97       3.77
    100437      59.39     -52.56       3.00       0.00       0.00       0.00       2.97       3.77
    101337      59.47     -52.58       3.00       0.00       0.00       0.00       2.94       3.77
    101872      59.52     -52.67       2.99       0.00       0.00       0.00       2.95       3.77
    102507      59.62     -52.79       3.00       0.00       0.00       0.00       2.97       3.77
    105206      59.72     -52.94       3.00       0.00       0.00       0.00       2.99       3.77
    106356      59.75     -52.98       3.00       0.00       0.00       0.00       3.00       3.77
    107934      59.77     -53.01       3.00       0.00       0.00       0.00       3.00       3.77
--------------------------------------------------------------------------------
Best docking solution after GA:
    108000      59.77     -53.01       3.00       0.00       0.00       0.00       3.00       3.77

#ops:     108000 #mutates:  51435 #cross:    51301 #migrate:   5264 
#dups:     23050 #niche:    77876 #errors:     150 
--------------------------------------------------------------------------------

Doing AMOEBA simplex on best individual
Done simplexing #iterations 358, best score  60.49

Ligand is stored in gold_soln_3d4s_m1_1.mol2


--------------------------------------------------------------------------------
--- CHEMPLP breakdown of terms                                               ---
--------------------------------------------------------------------------------
CHEMPLP = - ( 1.0000*S(PLP) + -3.0000*S(hbond) + -6.0000*S(metal) + -3.0000*S(cho) )

Score = CHEMPLP - 1.0000*DE(clash) - 2.0000*DE(tors)

Internal energy term has been corrected with the best internal energy encountered.

--------------------------------------------------------------------------------


     Score     S(PLP)   S(hbond)     S(cho)   S(metal)  DE(clash)   DE(tors)     intcor
     60.49     -53.50       3.00       0.00       0.00       0.00       2.89       3.77

--------------------------------------------------------------------------------
--- PLP analysis of protein-ligand interactions                              ---
--------------------------------------------------------------------------------
hydrogen bonding        :      -3.00
metal                   :       0.00
buried (polar-nonpolar) :      -6.67
nonpolar                :     -45.51
repulsive               :       0.27
--------------------------------------------------------------------------------


--------------------------------------------------------------------------------
--- ChemScore analysis of protein-ligand interactions                        ---
--------------------------------------------------------------------------------

* Hydrogen bonds                                                                
Ligand donor   17 hydrogen   36 Protein acceptor 4098 bond energy  1.00 wt 1.00
Protein donor 4024 hydrogen 4033 Ligand acceptor   15 bond energy  1.00 wt 1.00
Protein donor 2768 hydrogen 2773 Ligand acceptor    1 bond energy  1.00 wt 1.00


* CH..O interactions                                                            
  CH group selection                       : activated ring CH (adjacent to hetatom)

--------------------------------------------------------------------------------


--------------------------------------------------------------------------------
--- Intra-ligand clashes                                                     ---
--------------------------------------------------------------------------------

Ligand
--------------------------------------------------------------------------------


--------------------------------------------------------------------------------
--- Chromosome decoded                                                       ---
--------------------------------------------------------------------------------
Ligand Torsions
[   3    4    7    8]   -1.50
[  10   11   12   13]    9.89    matched torsion: ortho-substituted hetero aromatic-aliphatic ether
[  11   12   13   14] -149.90
[  15   14   13   12]   35.36
[  33   15   14   13]  -68.54
[  17   16   14   13]  -78.54
[  18   17   16   14]  179.58
[  19   18   17   16]  -62.81
Matched Rings
match 1 = template conformation 1
Corners flipped: 1 4 
Corners not flipped: 2 3 5 6 
Pyramidal nitrogens flipped: 17 
Pyramidal nitrogens not flipped: 
Protein Torsions
[4175 4166 4165 4163] -102.47 
[1294 1290 1288 1285]   28.25 
[4033 4024 4023 4021]   34.62 
[1412 1408 1406 1403]  152.38 
[2830 2825 2824 2821]  171.64 
[2723 2714 2713 2711]  -41.83 
[2773 2768 2767 2764] -120.21 
Mapping
Ligand acceptors to protein hydrogens (mapping then atom ids)
  1  12 [  1->2773]
Ligand hydrogens to protein acceptors (mapping then atom ids)
  2   3 [ 36->4098]
Ligand shape atoms to protein points (mapping then atom ids & coords)
  2  5306 [  3->(-26.750  12.500   5.500)]
  3  4839 [  5->(-27.500   8.750   6.750)]
  5  3188 [ 13->(-32.250   7.250   7.250)]
  7  2964 [ 16->(-32.500   5.250   9.000)]
  8  1839 [ 19->(-34.250   5.000   9.250)]
Chromosome values
Integers:
  11   -1   -1   -1   -1   -1   -1    2   -1 5305 4838   -1 
3187   -1 2963 1838   -1   -1 
--------------------------------------------------------------------------------

Current Ranking  1

--------------------------------------------------------------------------------

* GA execution time :                                                           
  total 15.0000 user 15.0000 sys  0.0000

--------------------------------------------------------------------------------
Fitness function evaluations: 167818

--------------------------------------------------------------------------------
** Docking run number  2 **
--------------------------------------------------------------------------------
  Rank fitness base is 5000.00 ; increment is 11.2233

* Initialising population(s) ...                                                
Number of constraints mappings 0
Number of constraints 0
  Population no.                           :      1
  Population size                          :    100
  Number of duplicates                     :      0
  Number of niche violations               :      0
  Number of errors                         :      5

Number of constraints mappings 0
Number of constraints 0
  Population no.                           :      2
  Population size                          :    100
  Number of duplicates                     :      0
  Number of niche violations               :      0
  Number of errors                         :      5

Number of constraints mappings 0
Number of constraints 0
  Population no.                           :      3
  Population size                          :    100
  Number of duplicates                     :      0
  Number of niche violations               :      0
  Number of errors                         :      8

Number of constraints mappings 0
Number of constraints 0
  Population no.                           :      4
  Population size                          :    100
  Number of duplicates                     :      0
  Number of niche violations               :      0
  Number of errors                         :      9

Number of constraints mappings 0
Number of constraints 0
  Population no.                           :      5
  Population size                          :    100
  Number of duplicates                     :      0
  Number of niche violations               :      0
  Number of errors                         :      5


Doing GA, no. of population(s) 5 size 100 selection pressure 1.100000

 Operation      Score     S(PLP)   S(hbond)     S(cho)   S(metal)  DE(clash)   DE(tors)     intcor
         0       3.79     -18.11       0.19       0.00       0.00       8.80       4.93       3.77
       437       4.09     -18.45       0.18       0.00       0.00       8.80       4.93       3.77
       441       4.71     -28.87       0.42       0.00       0.00       6.61      11.29       3.77
       541       7.60     -31.02       0.77       0.00       0.00      15.87       6.81       3.77
       644      10.60     -12.97       0.00       0.00       0.00       0.07       3.03       3.77
      1152      13.52     -27.64       0.00       0.00       0.00       8.67       4.61       3.77
      1863      19.80     -27.95       0.00       0.00       0.00       0.86       5.53       3.77
      3292      30.83     -34.83       0.00       0.00       0.00       0.28       3.75       3.77
      5986      30.83     -34.83       0.00       0.00       0.00       0.28       3.75       3.77
      6537      30.89     -34.92       0.00       0.00       0.00       0.28       3.76       3.77
      8187      32.13     -42.68       0.00       0.00       0.00       4.89       4.72       3.77
      8686      40.95     -42.04       1.00       0.00       0.00       0.28       3.79       3.77
     10636      41.33     -42.34       1.00       0.00       0.00       0.28       3.75       3.77
     11342      42.64     -43.65       1.00       0.00       0.00       0.28       3.75       3.77
     11626      42.65     -43.32       0.55       0.00       0.00       0.00       3.05       3.77
     11656      43.28     -44.43       1.40       0.00       0.00       2.39       3.36       3.77
     12350      43.56     -43.53       1.24       0.00       0.00       0.62       3.42       3.77
     12506      45.16     -43.39       1.93       0.00       0.00       0.28       3.75       3.77
     13091      48.07     -46.48       1.88       0.00       0.00       0.28       3.75       3.73
     13336      48.43     -46.48       2.00       0.00       0.00       0.28       3.75       3.73
     13976      48.43     -46.48       2.00       0.00       0.00       0.28       3.75       3.73
     14746      49.57     -45.44       2.58       0.00       0.00       0.62       3.35       3.73
     14766      49.57     -45.44       2.58       0.00       0.00       0.62       3.35       3.73
     15456      49.57     -45.44       2.58       0.00       0.00       0.62       3.35       3.73
     15531      49.57     -45.44       2.58       0.00       0.00       0.62       3.35       3.73
     15611      51.13     -46.12       2.71       0.00       0.00       0.62       3.11       3.73
     24247      52.46     -49.47       1.85       0.00       0.00       0.28       2.92       3.56
     24422      52.46     -49.47       1.85       0.00       0.00       0.28       2.92       3.56
     24702      52.46     -49.47       1.85       0.00       0.00       0.28       2.92       3.56
     26447      52.61     -49.70       1.83       0.00       0.00       0.28       2.93       3.56
     26467      52.79     -50.03       1.80       0.00       0.00       0.28       2.96       3.56
     26831      52.82     -49.98       1.80       0.00       0.00       0.28       2.92       3.56
     26951      53.09     -49.98       1.89       0.00       0.00       0.28       2.92       3.56
     27596      53.34     -50.48       1.81       0.00       0.00       0.28       2.92       3.56
     28461      53.39     -50.55       1.81       0.00       0.00       0.28       2.93       3.56
     29546      53.81     -50.55       1.94       0.00       0.00       0.28       2.93       3.56
     32740      53.81     -50.55       1.94       0.00       0.00       0.28       2.93       3.56
     36208      53.85     -50.58       1.90       0.00       0.00       0.00       2.93       3.43
     38248      53.92     -50.35       1.92       0.00       0.00       0.00       2.81       3.43
     38660      54.05     -50.76       1.92       0.00       0.00       0.00       2.95       3.43
     39213      54.40     -49.40       2.51       0.00       0.00       0.00       2.99       3.43
     40431      54.40     -49.40       2.51       0.00       0.00       0.00       2.99       3.43
     44538      54.45     -49.35       2.53       0.00       0.00       0.00       2.96       3.43
     44698      54.45     -49.35       2.53       0.00       0.00       0.00       2.96       3.43
     45541      54.57     -51.60       1.75       0.00       0.00       0.00       2.84       3.42
     45588      54.70     -49.35       2.62       0.00       0.00       0.00       2.96       3.42
     46365      54.72     -51.17       2.00       0.00       0.00       0.28       2.80       3.42
     46589      54.72     -51.17       2.00       0.00       0.00       0.28       2.80       3.42
     48266      54.72     -51.17       2.00       0.00       0.00       0.28       2.80       3.42
     48360      54.72     -51.17       2.00       0.00       0.00       0.28       2.80       3.42
     49215      54.72     -51.17       2.00       0.00       0.00       0.28       2.80       3.42
     50365      55.70     -48.85       2.80       0.00       0.00       0.00       2.49       3.42
     52545      56.08     -48.85       2.93       0.00       0.00       0.00       2.49       3.42
     57520      56.08     -48.85       2.93       0.00       0.00       0.00       2.49       3.42
     58080      56.13     -48.85       2.94       0.00       0.00       0.00       2.49       3.42
     59230      56.55     -49.28       2.94       0.00       0.00       0.00       2.49       3.42
     59353      56.77     -53.69       2.00       0.00       0.00       0.28       3.03       3.42
     61615      57.23     -49.95       2.94       0.00       0.00       0.00       2.49       3.42
     61659      57.35     -50.08       2.94       0.00       0.00       0.00       2.49       3.42
     68259      57.38     -54.36       2.00       0.00       0.00       0.28       2.97       3.23
     69974      57.42     -54.41       2.00       0.00       0.00       0.28       2.97       3.23
     70064      57.50     -54.51       1.99       0.00       0.00       0.28       2.97       3.23
     74597      57.59     -50.56       2.93       0.00       0.00       0.00       2.49       3.23
     77465      57.69     -50.44       3.00       0.00       0.00       0.00       2.49       3.23
     77594      57.98     -55.14       1.94       0.00       0.00       0.28       2.97       3.23
     82314      57.98     -55.14       1.94       0.00       0.00       0.28       2.97       3.23
     85444      57.99     -55.10       1.96       0.00       0.00       0.28       2.97       3.23
     86409      58.05     -55.16       1.96       0.00       0.00       0.28       2.97       3.23
     88362      58.06     -54.86       2.00       0.00       0.00       0.00       3.02       3.23
     88762      58.28     -55.08       2.00       0.00       0.00       0.00       3.02       3.23
     89022      58.28     -55.08       2.00       0.00       0.00       0.00       3.02       3.23
     90022      58.28     -55.08       2.00       0.00       0.00       0.00       3.02       3.23
     91093      58.52     -55.51       2.00       0.00       0.00       0.28       2.97       3.23
     91540      58.52     -55.51       2.00       0.00       0.00       0.28       2.97       3.23
     92963      58.60     -55.59       2.00       0.00       0.00       0.28       2.97       3.23
     99038      58.60     -55.59       2.00       0.00       0.00       0.28       2.97       3.23
     99063      58.74     -55.47       2.00       0.00       0.00       0.00       2.98       3.23
     99178      58.74     -55.47       2.00       0.00       0.00       0.00       2.98       3.23
    101233      58.93     -55.67       2.00       0.00       0.00       0.00       2.98       3.23
    103253      58.97     -55.71       2.00       0.00       0.00       0.00       2.98       3.23
    104198      58.98     -55.72       2.00       0.00       0.00       0.00       2.98       3.23
    104833      59.00     -55.74       2.00       0.00       0.00       0.00       2.98       3.23
    105825      59.00     -55.57       2.00       0.00       0.00       0.00       2.90       3.23
    105920      59.19     -55.75       2.00       0.00       0.00       0.00       2.90       3.23
    105965      59.19     -55.75       2.00       0.00       0.00       0.00       2.90       3.23
    106175      59.22     -55.78       2.00       0.00       0.00       0.00       2.90       3.23
--------------------------------------------------------------------------------
Best docking solution after GA:
    108000      59.22     -55.78       2.00       0.00       0.00       0.00       2.90       3.23

#ops:     108000 #mutates:  51331 #cross:    51222 #migrate:   5447 
#dups:     26249 #niche:    70786 #errors:     327 
--------------------------------------------------------------------------------

Doing AMOEBA simplex on best individual
Done simplexing #iterations 577, best score  59.88

Ligand is stored in gold_soln_3d4s_m1_2.mol2


--------------------------------------------------------------------------------
--- CHEMPLP breakdown of terms                                               ---
--------------------------------------------------------------------------------
CHEMPLP = - ( 1.0000*S(PLP) + -3.0000*S(hbond) + -6.0000*S(metal) + -3.0000*S(cho) )

Score = CHEMPLP - 1.0000*DE(clash) - 2.0000*DE(tors)

Internal energy term has been corrected with the best internal energy encountered.

--------------------------------------------------------------------------------


     Score     S(PLP)   S(hbond)     S(cho)   S(metal)  DE(clash)   DE(tors)     intcor
     59.88     -56.40       2.00       0.00       0.00       0.00       2.88       3.23

--------------------------------------------------------------------------------
--- PLP analysis of protein-ligand interactions                              ---
--------------------------------------------------------------------------------
hydrogen bonding        :      -2.00
metal                   :       0.00
buried (polar-nonpolar) :      -9.48
nonpolar                :     -46.55
repulsive               :       0.25
--------------------------------------------------------------------------------


--------------------------------------------------------------------------------
--- ChemScore analysis of protein-ligand interactions                        ---
--------------------------------------------------------------------------------

* Hydrogen bonds                                                                
Ligand donor   17 hydrogen   36 Protein acceptor 4098 bond energy  1.00 wt 1.00
Protein donor 2768 hydrogen 2773 Ligand acceptor    1 bond energy  1.00 wt 1.00


* CH..O interactions                                                            
  CH group selection                       : activated ring CH (adjacent to hetatom)

--------------------------------------------------------------------------------


--------------------------------------------------------------------------------
--- Intra-ligand clashes                                                     ---
--------------------------------------------------------------------------------

Ligand
--------------------------------------------------------------------------------


--------------------------------------------------------------------------------
--- Chromosome decoded                                                       ---
--------------------------------------------------------------------------------
Ligand Torsions
[   3    4    7    8] -177.53
[  10   11   12   13]  -28.91    matched torsion: ortho-substituted hetero aromatic-aliphatic ether
[  11   12   13   14]   72.35
[  15   14   13   12]   38.95
[  33   15   14   13] -125.67
[  17   16   14   13]   67.88
[  18   17   16   14]  174.06
[  19   18   17   16]   65.58
Matched Rings
match 1 = template conformation 1
Corners flipped: 1 2 3 4 
Corners not flipped: 5 6 
Pyramidal nitrogens flipped: 17 
Pyramidal nitrogens not flipped: 
Protein Torsions
[4175 4166 4165 4163]   27.87 
[1294 1290 1288 1285]  -48.12 
[4033 4024 4023 4021] -123.73 
[1412 1408 1406 1403] -172.04 
[2830 2825 2824 2821]   71.24 
[2723 2714 2713 2711]   58.55 
[2773 2768 2767 2764] -106.03 
Mapping
Ligand acceptors to protein hydrogens (mapping then atom ids)
  1  12 [  1->2773]
Ligand hydrogens to protein acceptors (mapping then atom ids)
  1   2 [ 33->1335]
  2   3 [ 36->4098]
Ligand shape atoms to protein points (mapping then atom ids & coords)
  1  5801 [  2->(-25.500  10.000   6.000)]
  2  5143 [  3->(-27.000  10.750   5.250)]
  3  5287 [  5->(-26.750  11.000   6.000)]
  6  3675 [ 14->(-31.500   7.500   7.500)]
  8  2372 [ 19->(-33.500   4.750   9.250)]
  9  2075 [ 20->(-34.000   5.500  11.000)]
 10  1979 [ 21->(-34.000   3.750   9.750)]
Chromosome values
Integers:
  11   -1   -1   -1   -1   -1    1    2 5800 5142 5286   -1 
  -1 3674   -1 2371 2074 1978 
--------------------------------------------------------------------------------

Current Ranking  1  2

--------------------------------------------------------------------------------

* GA execution time :                                                           
  total 15.0002 user 15.0002 sys  0.0000

--------------------------------------------------------------------------------
Fitness function evaluations: 167538

--------------------------------------------------------------------------------
** Docking run number  3 **
--------------------------------------------------------------------------------
  Rank fitness base is 5000.00 ; increment is 11.2233

* Initialising population(s) ...                                                
Number of constraints mappings 0
Number of constraints 0
  Population no.                           :      1
  Population size                          :    100
  Number of duplicates                     :      0
  Number of niche violations               :      0
  Number of errors                         :     13

Number of constraints mappings 0
Number of constraints 0
  Population no.                           :      2
  Population size                          :    100
  Number of duplicates                     :      0
  Number of niche violations               :      0
  Number of errors                         :     10

Number of constraints mappings 0
Number of constraints 0
  Population no.                           :      3
  Population size                          :    100
  Number of duplicates                     :      0
  Number of niche violations               :      0
  Number of errors                         :     12

Number of constraints mappings 0
Number of constraints 0
  Population no.                           :      4
  Population size                          :    100
  Number of duplicates                     :      0
  Number of niche violations               :      0
  Number of errors                         :     11

Number of constraints mappings 0
Number of constraints 0
  Population no.                           :      5
  Population size                          :    100
  Number of duplicates                     :      0
  Number of niche violations               :      0
  Number of errors                         :     14


Doing GA, no. of population(s) 5 size 100 selection pressure 1.100000

 Operation      Score     S(PLP)   S(hbond)     S(cho)   S(metal)  DE(clash)   DE(tors)     intcor
         0       7.95     -22.63       0.00       0.00       0.00       9.47       4.22       3.23
      1978       9.82     -24.29       1.00       0.00       0.00      10.69       5.01       3.23
      2032      10.10     -13.96       0.83       0.00       0.00       0.00       4.79       3.23
      2124      17.44     -32.12       0.00       0.00       0.00       7.59       5.16       3.23
      2513      17.44     -32.12       0.00       0.00       0.00       7.59       5.16       3.23
      2897      33.92     -39.97       0.10       0.00       0.00       0.00       4.79       3.23
      3812      37.30     -43.02       0.21       0.00       0.00       0.00       4.79       3.23
      4427      37.33     -43.02       0.22       0.00       0.00       0.00       4.79       3.23
      5066      37.33     -43.02       0.22       0.00       0.00       0.00       4.79       3.23
      7058      37.33     -43.02       0.22       0.00       0.00       0.00       4.79       3.23
      7362      40.02     -38.97       1.65       0.00       0.00       0.20       3.46       3.23
      8397      42.95     -45.52       0.45       0.00       0.00       0.20       3.47       3.23
      8717      42.95     -45.52       0.45       0.00       0.00       0.20       3.47       3.23
      8742      45.96     -45.52       1.45       0.00       0.00       0.20       3.46       3.23
     10067      45.96     -45.52       1.45       0.00       0.00       0.20       3.46       3.23
     11812      45.98     -45.52       1.46       0.00       0.00       0.20       3.46       3.23
     11907      46.83     -44.73       2.00       0.00       0.00       0.20       3.46       3.23
     13622      47.85     -46.32       1.81       0.00       0.00       0.20       3.46       3.23
     15836      48.59     -46.96       1.76       0.00       0.00       0.00       3.44       3.23
     18095      48.86     -47.65       1.62       0.00       0.00       0.00       3.44       3.23
     18327      49.40     -48.52       2.00       0.00       0.00       0.02       4.17       3.23
     21037      49.77     -47.43       2.00       0.00       0.00       0.00       3.44       3.23
     21707      49.92     -47.58       2.00       0.00       0.00       0.00       3.44       3.23
     22609      50.13     -46.73       2.00       0.00       0.00       0.14       2.85       3.23
     23103      50.13     -46.73       2.00       0.00       0.00       0.14       2.85       3.23
     23563      50.13     -46.73       2.00       0.00       0.00       0.14       2.85       3.23
     23728      50.13     -46.73       2.00       0.00       0.00       0.14       2.85       3.23
     24922      50.33     -48.18       2.00       0.00       0.00       0.14       3.46       3.23
     24932      50.80     -49.94       1.57       0.00       0.00       0.14       3.46       3.23
     25073      50.80     -49.94       1.57       0.00       0.00       0.14       3.46       3.23
     25207      52.13     -49.23       2.22       0.00       0.00       0.14       3.42       3.23
     25362      52.13     -49.23       2.22       0.00       0.00       0.14       3.42       3.23
     26427      52.36     -49.41       2.24       0.00       0.00       0.14       3.42       3.23
     27203      52.82     -49.94       2.24       0.00       0.00       0.14       3.46       3.23
     27482      54.19     -50.11       2.61       0.00       0.00       0.14       3.42       3.23
     29938      54.49     -51.03       2.43       0.00       0.00       0.14       3.46       3.23
     30033      54.59     -50.94       2.49       0.00       0.00       0.14       3.45       3.23
     31742      54.86     -50.54       2.69       0.00       0.00       0.14       3.42       3.23
     31762      55.11     -50.74       2.71       0.00       0.00       0.14       3.42       3.23
     32023      55.37     -51.14       2.68       0.00       0.00       0.14       3.45       3.23
     32341      56.06     -50.71       2.81       0.00       0.00       0.00       3.16       3.23
     33001      56.06     -50.71       2.81       0.00       0.00       0.00       3.16       3.23
     34121      56.06     -50.71       2.81       0.00       0.00       0.00       3.16       3.23
     34913      57.31     -52.94       2.73       0.00       0.00       0.14       3.45       3.23
     36273      57.35     -52.29       2.83       0.00       0.00       0.00       3.33       3.23
     36689      57.66     -53.11       2.83       0.00       0.00       0.14       3.52       3.23
     37909      58.27     -53.31       2.93       0.00       0.00       0.14       3.45       3.23
     38449      58.27     -53.31       2.93       0.00       0.00       0.14       3.45       3.23
     39778      58.72     -53.56       2.95       0.00       0.00       0.00       3.46       3.23
     41473      59.39     -54.38       2.91       0.00       0.00       0.14       3.40       3.23
     42354      59.39     -54.38       2.91       0.00       0.00       0.14       3.40       3.23
     43144      59.42     -54.40       2.91       0.00       0.00       0.14       3.40       3.23
     45969      59.63     -54.59       2.92       0.00       0.00       0.14       3.40       3.23
     46243      60.25     -54.76       2.98       0.00       0.00       0.00       3.33       3.23
     56784      60.25     -54.76       2.98       0.00       0.00       0.00       3.33       3.23
     59984      60.25     -54.76       2.98       0.00       0.00       0.00       3.33       3.23
     82264      60.26     -53.89       2.94       0.00       0.00       0.14       2.77       3.23
     87661      60.58     -54.23       2.93       0.00       0.00       0.14       2.76       3.23
     89146      60.58     -54.23       2.93       0.00       0.00       0.14       2.76       3.23
     89396      60.58     -54.23       2.93       0.00       0.00       0.14       2.76       3.23
     91005      60.67     -54.27       2.95       0.00       0.00       0.14       2.77       3.23
     91600      60.67     -54.27       2.95       0.00       0.00       0.14       2.77       3.23
     91915      60.67     -54.27       2.95       0.00       0.00       0.14       2.77       3.23
     92125      60.67     -54.27       2.95       0.00       0.00       0.14       2.77       3.23
     92520      60.67     -54.27       2.95       0.00       0.00       0.14       2.77       3.23
     92620      60.67     -54.27       2.95       0.00       0.00       0.14       2.77       3.23
     92982      60.70     -54.43       2.90       0.00       0.00       0.14       2.76       3.23
     93032      60.70     -54.43       2.90       0.00       0.00       0.14       2.76       3.23
     93477      60.91     -54.70       2.90       0.00       0.00       0.14       2.78       3.23
     93887      60.91     -54.70       2.90       0.00       0.00       0.14       2.78       3.23
     94732      60.91     -54.70       2.90       0.00       0.00       0.14       2.78       3.23
     94998      60.94     -54.61       2.93       0.00       0.00       0.14       2.77       3.23
     98877      61.00     -54.61       2.96       0.00       0.00       0.14       2.78       3.23
     99993      61.01     -54.75       2.91       0.00       0.00       0.14       2.78       3.23
    100933      61.03     -54.64       2.94       0.00       0.00       0.14       2.76       3.23
    101668      61.03     -54.64       2.94       0.00       0.00       0.14       2.76       3.23
    102338      61.14     -54.63       2.96       0.00       0.00       0.14       2.73       3.23
    103657      61.14     -54.63       2.96       0.00       0.00       0.14       2.73       3.23
    103977      61.14     -54.63       2.96       0.00       0.00       0.14       2.73       3.23
    104887      61.14     -54.63       2.96       0.00       0.00       0.14       2.73       3.23
    105007      61.14     -54.63       2.96       0.00       0.00       0.14       2.73       3.23
    106082      61.14     -54.63       2.96       0.00       0.00       0.14       2.73       3.23
    107992      61.14     -54.63       2.96       0.00       0.00       0.14       2.73       3.23
--------------------------------------------------------------------------------
Best docking solution after GA:
    108000      61.14     -54.63       2.96       0.00       0.00       0.14       2.73       3.23

#ops:     108000 #mutates:  51611 #cross:    51053 #migrate:   5336 
#dups:     26792 #niche:    79853 #errors:      98 
--------------------------------------------------------------------------------

Doing AMOEBA simplex on best individual
Done simplexing #iterations 547, best score  61.74

Ligand is stored in gold_soln_3d4s_m1_3.mol2


--------------------------------------------------------------------------------
--- CHEMPLP breakdown of terms                                               ---
--------------------------------------------------------------------------------
CHEMPLP = - ( 1.0000*S(PLP) + -3.0000*S(hbond) + -6.0000*S(metal) + -3.0000*S(cho) )

Score = CHEMPLP - 1.0000*DE(clash) - 2.0000*DE(tors)

Internal energy term has been corrected with the best internal energy encountered.

--------------------------------------------------------------------------------


     Score     S(PLP)   S(hbond)     S(cho)   S(metal)  DE(clash)   DE(tors)     intcor
     61.74     -54.93       3.00       0.00       0.00       0.00       2.71       3.23

--------------------------------------------------------------------------------
--- PLP analysis of protein-ligand interactions                              ---
--------------------------------------------------------------------------------
hydrogen bonding        :      -3.79
metal                   :       0.00
buried (polar-nonpolar) :      -7.04
nonpolar                :     -45.84
repulsive               :       0.19
--------------------------------------------------------------------------------


--------------------------------------------------------------------------------
--- ChemScore analysis of protein-ligand interactions                        ---
--------------------------------------------------------------------------------

* Hydrogen bonds                                                                
Ligand donor   15 hydrogen   33 Protein acceptor 4098 bond energy  1.00 wt 1.00
Ligand donor   17 hydrogen   36 Protein acceptor 4098 bond energy  1.00 wt 1.00
Protein donor 2768 hydrogen 2773 Ligand acceptor    1 bond energy  1.00 wt 1.00


* CH..O interactions                                                            
  CH group selection                       : activated ring CH (adjacent to hetatom)

--------------------------------------------------------------------------------


--------------------------------------------------------------------------------
--- Intra-ligand clashes                                                     ---
--------------------------------------------------------------------------------

Ligand
--------------------------------------------------------------------------------


--------------------------------------------------------------------------------
--- Chromosome decoded                                                       ---
--------------------------------------------------------------------------------
Ligand Torsions
[   3    4    7    8]  -10.52
[  10   11   12   13]   24.68    matched torsion: ortho-substituted hetero aromatic-aliphatic ether
[  11   12   13   14]  -70.67
[  15   14   13   12]  109.23
[  33   15   14   13] -171.70
[  17   16   14   13]  175.45
[  18   17   16   14]  173.00
[  19   18   17   16]  -53.06
Matched Rings
match 1 = template conformation 4
Corners flipped: 2 5 
Corners not flipped: 1 3 4 6 
Pyramidal nitrogens flipped: 17 
Pyramidal nitrogens not flipped: 
Protein Torsions
[4175 4166 4165 4163] -157.96 
[1294 1290 1288 1285]  140.86 
[4033 4024 4023 4021]   55.62 
[1412 1408 1406 1403]   45.42 
[2830 2825 2824 2821] -132.78 
[2723 2714 2713 2711]  -74.67 
[2773 2768 2767 2764]  -92.16 
Mapping
Ligand acceptors to protein hydrogens (mapping then atom ids)
  1  12 [  1->2773]
Ligand hydrogens to protein acceptors (mapping then atom ids)
  1   3 [ 33->4098]
  2   3 [ 36->4098]
Ligand shape atoms to protein points (mapping then atom ids & coords)
  1  5399 [  2->(-26.500  10.250   5.500)]
  3  5379 [  5->(-26.500   9.500   7.000)]
  5  3960 [ 13->(-31.000   8.500   7.000)]
  6  3534 [ 14->(-31.750   7.750   7.500)]
  7  2984 [ 16->(-32.500   6.250   7.500)]
Chromosome values
Integers:
  11   -1   -1   -1   -1   -1    2    2 5398   -1 5378   -1 
3959 3533 2983   -1   -1   -1 
--------------------------------------------------------------------------------

Current Ranking  3  1  2

--------------------------------------------------------------------------------

* GA execution time :                                                           
  total 15.0003 user 15.0002 sys  0.0000

--------------------------------------------------------------------------------
Fitness function evaluations: 166153

--------------------------------------------------------------------------------
** Docking run number  4 **
--------------------------------------------------------------------------------
  Rank fitness base is 5000.00 ; increment is 11.2233

* Initialising population(s) ...                                                
Number of constraints mappings 0
Number of constraints 0
  Population no.                           :      1
  Population size                          :    100
  Number of duplicates                     :      0
  Number of niche violations               :      0
  Number of errors                         :      2

Number of constraints mappings 0
Number of constraints 0
  Population no.                           :      2
  Population size                          :    100
  Number of duplicates                     :      0
  Number of niche violations               :      0
  Number of errors                         :     12

Number of constraints mappings 0
Number of constraints 0
  Population no.                           :      3
  Population size                          :    100
  Number of duplicates                     :      0
  Number of niche violations               :      0
  Number of errors                         :     10

Number of constraints mappings 0
Number of constraints 0
  Population no.                           :      4
  Population size                          :    100
  Number of duplicates                     :      0
  Number of niche violations               :      0
  Number of errors                         :      5

Number of constraints mappings 0
Number of constraints 0
  Population no.                           :      5
  Population size                          :    100
  Number of duplicates                     :      0
  Number of niche violations               :      0
  Number of errors                         :     14


Doing GA, no. of population(s) 5 size 100 selection pressure 1.100000

 Operation      Score     S(PLP)   S(hbond)     S(cho)   S(metal)  DE(clash)   DE(tors)     intcor
         0      15.14     -37.39       0.00       0.00       0.00       6.31       9.59       3.23
       158      16.70     -39.44       0.00       0.00       0.00       6.31       9.83       3.23
      2104      20.00     -27.12       0.00       0.00       0.00       0.00       5.17       3.23
      2739      28.63     -32.44       0.95       0.00       0.00       0.14       4.87       3.23
      3426      30.61     -39.57       1.13       0.00       0.00       8.03       3.77       3.23
      4259      34.86     -39.19       1.02       0.00       0.00       0.00       5.32       3.23
      4536      35.43     -43.69       1.39       0.00       0.00       8.03       3.81       3.23
      5181      35.43     -43.69       1.39       0.00       0.00       8.03       3.81       3.23
      5686      35.43     -43.69       1.39       0.00       0.00       8.03       3.81       3.23
      7455      35.50     -39.08       0.96       0.00       0.00       0.14       4.77       3.23
      7734      38.00     -40.69       1.83       0.00       0.00       0.14       5.63       3.23
      9124      41.71     -43.11       1.81       0.00       0.00       0.00       5.02       3.23
     10204      41.75     -40.04       2.00       0.00       0.00       0.00       3.76       3.23
     13624      45.31     -46.95       1.00       0.00       0.00       0.00       3.94       3.23
     14777      45.51     -46.09       2.00       0.00       0.00       0.62       4.59       3.23
     15514      47.24     -46.95       1.65       0.00       0.00       0.00       3.95       3.23
     15890      47.24     -46.95       1.65       0.00       0.00       0.00       3.95       3.23
     16763      51.37     -52.75       0.75       0.00       0.00       0.00       3.43       3.23
     18002      52.46     -51.85       1.59       0.00       0.00       0.00       3.69       3.23
     18648      53.75     -52.75       1.54       0.00       0.00       0.00       3.42       3.23
     19068      53.75     -52.75       1.54       0.00       0.00       0.00       3.42       3.23
     19172      54.14     -54.37       1.30       0.00       0.00       0.00       3.68       3.23
     20538      54.82     -54.37       1.35       0.00       0.00       0.00       3.42       3.23
     21347      54.82     -54.37       1.35       0.00       0.00       0.00       3.42       3.23
     21987      54.82     -54.37       1.35       0.00       0.00       0.00       3.42       3.23
     21988      56.04     -55.33       1.44       0.00       0.00       0.00       3.42       3.23
     22103      56.04     -55.33       1.44       0.00       0.00       0.00       3.42       3.23
     22128      56.34     -55.33       1.54       0.00       0.00       0.00       3.42       3.23
     24093      56.53     -55.33       1.60       0.00       0.00       0.00       3.42       3.23
     26048      56.53     -55.33       1.60       0.00       0.00       0.00       3.42       3.23
     26209      56.70     -54.56       1.92       0.00       0.00       0.00       3.42       3.23
     26725      56.71     -52.57       2.53       0.00       0.00       0.00       3.33       3.23
     26799      57.01     -54.96       1.86       0.00       0.00       0.00       3.38       3.23
     26883      57.18     -55.32       1.80       0.00       0.00       0.00       3.38       3.23
     27519      57.24     -54.38       2.18       0.00       0.00       0.00       3.45       3.23
     28709      57.24     -54.38       2.18       0.00       0.00       0.00       3.45       3.23
     29415      57.39     -52.51       2.68       0.00       0.00       0.00       3.19       3.23
     30304      57.51     -54.76       2.12       0.00       0.00       0.00       3.42       3.23
     31140      57.51     -54.76       2.12       0.00       0.00       0.00       3.42       3.23
     31444      57.61     -54.76       2.16       0.00       0.00       0.00       3.42       3.23
     31609      57.61     -54.76       2.16       0.00       0.00       0.00       3.42       3.23
     31614      57.91     -55.03       2.14       0.00       0.00       0.00       3.38       3.23
     33019      58.03     -55.03       2.18       0.00       0.00       0.00       3.38       3.23
     33139      58.03     -55.03       2.18       0.00       0.00       0.00       3.38       3.23
     33359      58.03     -55.03       2.18       0.00       0.00       0.00       3.38       3.23
     33499      58.24     -55.03       2.25       0.00       0.00       0.00       3.38       3.23
     33924      58.41     -55.37       2.25       0.00       0.00       0.14       3.40       3.23
     34264      58.84     -55.79       2.20       0.00       0.00       0.00       3.38       3.23
     34946      59.92     -54.64       2.82       0.00       0.00       0.00       3.21       3.23
     36891      60.31     -54.74       2.94       0.00       0.00       0.00       3.24       3.23
     39672      60.87     -55.37       2.90       0.00       0.00       0.00       3.21       3.23
     40111      60.87     -55.37       2.90       0.00       0.00       0.00       3.21       3.23
     40522      60.87     -55.37       2.90       0.00       0.00       0.00       3.21       3.23
     42312      60.92     -55.63       2.84       0.00       0.00       0.00       3.23       3.23
     45134      60.93     -55.72       2.86       0.00       0.00       0.14       3.22       3.23
     45467      61.10     -55.72       2.87       0.00       0.00       0.00       3.23       3.23
     45792      61.19     -55.63       2.93       0.00       0.00       0.00       3.23       3.23
     45887      61.19     -55.63       2.93       0.00       0.00       0.00       3.23       3.23
     46494      61.24     -55.89       2.85       0.00       0.00       0.00       3.21       3.23
     47474      61.26     -55.88       2.85       0.00       0.00       0.00       3.20       3.23
     49119      61.26     -55.88       2.85       0.00       0.00       0.00       3.20       3.23
     51034      61.26     -55.88       2.85       0.00       0.00       0.00       3.20       3.23
     52168      61.26     -56.10       2.80       0.00       0.00       0.00       3.23       3.23
     52663      61.39     -56.10       2.84       0.00       0.00       0.00       3.23       3.23
     55800      61.41     -56.10       2.84       0.00       0.00       0.00       3.22       3.23
     58819      61.41     -56.10       2.85       0.00       0.00       0.00       3.23       3.23
     58999      61.41     -56.10       2.85       0.00       0.00       0.00       3.23       3.23
     60831      61.41     -56.10       2.85       0.00       0.00       0.00       3.23       3.23
     62544      61.42     -56.23       2.85       0.00       0.00       0.00       3.29       3.23
     66574      61.42     -56.23       2.85       0.00       0.00       0.00       3.29       3.23
    101787      61.48     -56.27       2.86       0.00       0.00       0.00       3.29       3.23
    102662      61.48     -56.27       2.86       0.00       0.00       0.00       3.29       3.23
    106931      61.48     -56.27       2.86       0.00       0.00       0.00       3.29       3.23
--------------------------------------------------------------------------------
Best docking solution after GA:
    108000      61.48     -56.27       2.86       0.00       0.00       0.00       3.29       3.23

#ops:     108000 #mutates:  51214 #cross:    51314 #migrate:   5472 
#dups:     39773 #niche:    71852 #errors:     137 
--------------------------------------------------------------------------------

Doing AMOEBA simplex on best individual
Done simplexing #iterations 418, best score  62.13

Ligand is stored in gold_soln_3d4s_m1_4.mol2


--------------------------------------------------------------------------------
--- CHEMPLP breakdown of terms                                               ---
--------------------------------------------------------------------------------
CHEMPLP = - ( 1.0000*S(PLP) + -3.0000*S(hbond) + -6.0000*S(metal) + -3.0000*S(cho) )

Score = CHEMPLP - 1.0000*DE(clash) - 2.0000*DE(tors)

Internal energy term has been corrected with the best internal energy encountered.

--------------------------------------------------------------------------------


     Score     S(PLP)   S(hbond)     S(cho)   S(metal)  DE(clash)   DE(tors)     intcor
     62.13     -56.63       3.00       0.00       0.00       0.00       3.36       3.23

--------------------------------------------------------------------------------
--- PLP analysis of protein-ligand interactions                              ---
--------------------------------------------------------------------------------
hydrogen bonding        :      -4.52
metal                   :       0.00
buried (polar-nonpolar) :      -6.23
nonpolar                :     -46.97
repulsive               :       0.21
--------------------------------------------------------------------------------


--------------------------------------------------------------------------------
--- ChemScore analysis of protein-ligand interactions                        ---
--------------------------------------------------------------------------------

* Hydrogen bonds                                                                
Ligand donor   15 hydrogen   33 Protein acceptor 4098 bond energy  1.00 wt 1.00
Ligand donor   17 hydrogen   36 Protein acceptor 4098 bond energy  1.00 wt 1.00
Protein donor 2768 hydrogen 2773 Ligand acceptor    1 bond energy  1.00 wt 1.00


* CH..O interactions                                                            
  CH group selection                       : activated ring CH (adjacent to hetatom)

--------------------------------------------------------------------------------


--------------------------------------------------------------------------------
--- Intra-ligand clashes                                                     ---
--------------------------------------------------------------------------------

Ligand
--------------------------------------------------------------------------------


--------------------------------------------------------------------------------
--- Chromosome decoded                                                       ---
--------------------------------------------------------------------------------
Ligand Torsions
[   3    4    7    8]  175.52
[  10   11   12   13]   23.32    matched torsion: ortho-substituted hetero aromatic-aliphatic ether
[  11   12   13   14]  -71.12
[  15   14   13   12]  127.11
[  33   15   14   13]  171.83
[  17   16   14   13]  176.11
[  18   17   16   14]  157.65
[  19   18   17   16]  -54.34
Matched Rings
match 1 = template conformation 4
Corners flipped: 3 4 5 6 
Corners not flipped: 1 2 
Pyramidal nitrogens flipped: 17 
Pyramidal nitrogens not flipped: 
Protein Torsions
[4175 4166 4165 4163]  168.52 
[1294 1290 1288 1285]  145.43 
[4033 4024 4023 4021]   61.92 
[1412 1408 1406 1403]  -94.73 
[2830 2825 2824 2821] -147.74 
[2723 2714 2713 2711] -142.03 
[2773 2768 2767 2764] -104.00 
Mapping
Ligand acceptors to protein hydrogens (mapping then atom ids)
Ligand hydrogens to protein acceptors (mapping then atom ids)
  1   3 [ 33->4098]
  2   3 [ 36->4098]
Ligand shape atoms to protein points (mapping then atom ids & coords)
  1  5782 [  2->(-25.500   9.000   6.750)]
  2  5261 [  3->(-26.750  10.000   6.500)]
  4  5265 [  6->(-26.750  10.250   5.250)]
  5  3362 [ 13->(-32.000   7.500   6.500)]
  6  3339 [ 14->(-32.000   7.000   6.500)]
  7  3023 [ 16->(-32.500   7.000   7.500)]
  8  2666 [ 19->(-33.000   4.500   9.250)]
 10  1626 [ 21->(-34.500   4.000  10.000)]
Chromosome values
Integers:
  -1   -1   -1   -1   -1   -1    2    2 5781 5260   -1 5264 
3361 3338 3022 2665   -1 1625 
--------------------------------------------------------------------------------

Current Ranking  4  3  1  2

--------------------------------------------------------------------------------

* GA execution time :                                                           
  total 15.9996 user 15.9995 sys  0.0001

--------------------------------------------------------------------------------
Fitness function evaluations: 164899

--------------------------------------------------------------------------------
** Docking run number  5 **
--------------------------------------------------------------------------------
  Rank fitness base is 5000.00 ; increment is 11.2233

* Initialising population(s) ...                                                
Number of constraints mappings 0
Number of constraints 0
  Population no.                           :      1
  Population size                          :    100
  Number of duplicates                     :      0
  Number of niche violations               :      0
  Number of errors                         :      6

Number of constraints mappings 0
Number of constraints 0
  Population no.                           :      2
  Population size                          :    100
  Number of duplicates                     :      0
  Number of niche violations               :      0
  Number of errors                         :      8

Number of constraints mappings 0
Number of constraints 0
  Population no.                           :      3
  Population size                          :    100
  Number of duplicates                     :      0
  Number of niche violations               :      0
  Number of errors                         :      8

Number of constraints mappings 0
Number of constraints 0
  Population no.                           :      4
  Population size                          :    100
  Number of duplicates                     :      0
  Number of niche violations               :      0
  Number of errors                         :     16

Number of constraints mappings 0
Number of constraints 0
  Population no.                           :      5
  Population size                          :    100
  Number of duplicates                     :      0
  Number of niche violations               :      0
  Number of errors                         :      7


Doing GA, no. of population(s) 5 size 100 selection pressure 1.100000

 Operation      Score     S(PLP)   S(hbond)     S(cho)   S(metal)  DE(clash)   DE(tors)     intcor
         0       1.25     -24.35       0.59       0.00       0.00       6.83      10.63       3.23
       583       1.25     -24.35       0.59       0.00       0.00       6.83      10.63       3.23
       648      11.47     -29.65       1.00       0.00       0.00      12.23       6.09       3.23
      2113      12.28     -28.02       0.00       0.00       0.00       0.00       9.49       3.23
      2916      20.39     -29.43       1.05       0.00       0.00       7.48       3.97       3.23
      3356      32.88     -36.77       0.49       0.00       0.00       1.81       3.39       3.23
      4347      35.79     -38.14       1.00       0.00       0.00       1.81       3.39       3.23
      4757      35.79     -38.14       1.00       0.00       0.00       1.81       3.39       3.23
      5392      36.13     -38.48       1.00       0.00       0.00       1.81       3.39       3.23
      6327      39.19     -41.55       1.00       0.00       0.00       1.81       3.39       3.23
      6502      39.59     -41.94       1.00       0.00       0.00       1.81       3.39       3.23
      6817      39.59     -41.94       1.00       0.00       0.00       1.81       3.39       3.23
      6866      39.72     -42.09       1.00       0.00       0.00       1.81       3.39       3.23
      6997      40.16     -42.51       1.00       0.00       0.00       1.81       3.39       3.23
      8897      40.93     -43.29       1.00       0.00       0.00       1.81       3.39       3.23
      9127      41.95     -42.37       1.00       0.00       0.00       0.00       3.33       3.23
      9802      42.60     -43.03       1.00       0.00       0.00       0.00       3.33       3.23
     10587      43.01     -45.24       2.00       0.00       0.00       3.26       4.10       3.23
     10732      43.01     -45.24       2.00       0.00       0.00       3.26       4.10       3.23
     11151      46.56     -46.30       2.00       0.00       0.00       0.60       4.18       3.23
     14931      46.56     -46.30       2.00       0.00       0.00       0.60       4.18       3.23
     15777      46.66     -46.70       2.00       0.00       0.00       0.60       4.34       3.23
     15896      47.33     -46.01       2.00       0.00       0.00       0.00       3.95       3.23
     16491      47.33     -46.01       2.00       0.00       0.00       0.00       3.95       3.23
     17036      47.33     -46.01       2.00       0.00       0.00       0.00       3.95       3.23
     17153      48.54     -47.41       1.69       0.00       0.00       0.00       3.58       3.23
     17478      49.45     -49.24       1.38       0.00       0.00       0.00       3.58       3.23
     19094      49.45     -49.24       1.38       0.00       0.00       0.00       3.58       3.23
     20473      50.70     -50.62       1.34       0.00       0.00       0.00       3.58       3.23
     21733      50.70     -50.62       1.34       0.00       0.00       0.00       3.58       3.23
     22814      52.54     -51.15       1.78       0.00       0.00       0.00       3.58       3.23
     29324      52.54     -51.15       1.78       0.00       0.00       0.00       3.58       3.23
     29832      52.62     -52.04       1.55       0.00       0.00       0.00       3.65       3.23
     31247      53.15     -51.22       2.00       0.00       0.00       0.00       3.65       3.23
     31482      53.15     -51.22       2.00       0.00       0.00       0.00       3.65       3.23
     31672      53.19     -51.22       2.02       0.00       0.00       0.00       3.65       3.23
     33215      53.22     -51.15       2.00       0.00       0.00       0.00       3.58       3.23
     33652      54.00     -52.08       2.00       0.00       0.00       0.00       3.65       3.23
     34757      54.00     -52.08       2.00       0.00       0.00       0.00       3.65       3.23
     35022      54.00     -52.08       2.00       0.00       0.00       0.00       3.65       3.23
     35942      54.00     -52.08       2.00       0.00       0.00       0.00       3.65       3.23
     36247      54.90     -52.97       2.00       0.00       0.00       0.00       3.65       3.23
     37147      55.58     -53.65       2.00       0.00       0.00       0.00       3.65       3.23
     37663      55.94     -54.01       2.00       0.00       0.00       0.00       3.65       3.23
     38468      57.59     -54.01       2.55       0.00       0.00       0.00       3.65       3.23
     38579      57.59     -54.01       2.55       0.00       0.00       0.00       3.65       3.23
     40252      57.64     -54.01       2.57       0.00       0.00       0.00       3.65       3.23
     40843      57.64     -54.01       2.57       0.00       0.00       0.00       3.65       3.23
     42289      58.06     -54.44       2.58       0.00       0.00       0.00       3.67       3.23
     43429      58.10     -55.20       2.32       0.00       0.00       0.00       3.65       3.23
     44753      58.45     -54.87       2.68       0.00       0.00       0.00       3.84       3.23
     50283      58.52     -54.22       2.80       0.00       0.00       0.00       3.67       3.23
     50742      58.52     -54.22       2.80       0.00       0.00       0.00       3.67       3.23
     53642      58.52     -54.58       2.79       0.00       0.00       0.00       3.82       3.23
     54196      58.67     -54.84       2.76       0.00       0.00       0.00       3.84       3.23
     60936      58.80     -54.88       2.80       0.00       0.00       0.00       3.86       3.23
     67627      58.80     -54.88       2.80       0.00       0.00       0.00       3.86       3.23
     69594      58.95     -56.20       2.44       0.00       0.00       0.00       3.90       3.23
     70729      58.95     -56.20       2.44       0.00       0.00       0.00       3.90       3.23
     71645      59.20     -56.24       2.51       0.00       0.00       0.00       3.89       3.23
     72405      59.20     -56.24       2.51       0.00       0.00       0.00       3.89       3.23
     72820      59.20     -56.24       2.51       0.00       0.00       0.00       3.89       3.23
     73555      59.20     -56.24       2.51       0.00       0.00       0.00       3.89       3.23
     74135      59.20     -56.24       2.51       0.00       0.00       0.00       3.89       3.23
     74220      59.20     -56.24       2.51       0.00       0.00       0.00       3.89       3.23
     74327      59.34     -55.03       2.89       0.00       0.00       0.00       3.80       3.23
     76311      59.61     -55.09       3.00       0.00       0.00       0.00       3.85       3.23
     78046      59.73     -55.29       3.00       0.00       0.00       0.00       3.89       3.23
     78516      59.73     -55.29       3.00       0.00       0.00       0.00       3.89       3.23
     78900      60.03     -55.85       2.91       0.00       0.00       0.00       3.89       3.23
     82436      60.03     -55.61       3.00       0.00       0.00       0.00       3.90       3.23
     82858      60.41     -56.01       3.00       0.00       0.00       0.06       3.89       3.23
     84198      60.44     -56.06       3.00       0.00       0.00       0.00       3.92       3.23
     84303      60.50     -56.24       3.00       0.00       0.00       0.07       3.95       3.23
     85425      60.54     -56.22       3.00       0.00       0.00       0.06       3.92       3.23
     85560      60.68     -56.50       2.94       0.00       0.00       0.06       3.91       3.23
     86520      60.72     -56.50       2.96       0.00       0.00       0.06       3.91       3.23
     86905      60.77     -56.50       2.98       0.00       0.00       0.06       3.91       3.23
     88424      60.78     -56.47       2.98       0.00       0.00       0.00       3.92       3.23
     89395      60.87     -56.55       2.99       0.00       0.00       0.06       3.91       3.23
     89920      60.87     -56.55       2.99       0.00       0.00       0.06       3.91       3.23
     90075      60.87     -56.55       2.99       0.00       0.00       0.06       3.91       3.23
     90261      60.92     -56.61       2.98       0.00       0.00       0.00       3.92       3.23
     91896      60.92     -56.61       2.98       0.00       0.00       0.00       3.92       3.23
     93831      60.97     -56.76       2.98       0.00       0.00       0.07       3.93       3.23
     95986      60.97     -56.76       2.98       0.00       0.00       0.07       3.93       3.23
     96392      61.00     -56.83       2.98       0.00       0.00       0.07       3.96       3.23
     99642      61.00     -56.83       2.98       0.00       0.00       0.07       3.96       3.23
     99782      61.00     -56.83       2.98       0.00       0.00       0.07       3.96       3.23
     99859      61.00     -56.77       2.99       0.00       0.00       0.07       3.95       3.23
    100202      61.03     -56.72       2.98       0.00       0.00       0.00       3.92       3.23
    101777      61.03     -56.72       2.98       0.00       0.00       0.00       3.92       3.23
    102217      61.06     -56.79       2.98       0.00       0.00       0.00       3.95       3.23
    103224      61.08     -56.86       2.99       0.00       0.00       0.07       3.96       3.23
    104874      61.09     -56.87       2.99       0.00       0.00       0.07       3.95       3.23
    105164      61.13     -56.82       2.99       0.00       0.00       0.00       3.95       3.23
    106354      61.13     -56.82       2.99       0.00       0.00       0.00       3.95       3.23
    106684      61.13     -56.82       2.99       0.00       0.00       0.00       3.95       3.23
    106979      61.13     -56.82       2.99       0.00       0.00       0.00       3.95       3.23
    107174      61.13     -56.82       2.99       0.00       0.00       0.00       3.95       3.23
    107189      61.13     -56.82       2.99       0.00       0.00       0.00       3.95       3.23
    107799      61.13     -56.82       2.99       0.00       0.00       0.00       3.95       3.23
--------------------------------------------------------------------------------
Best docking solution after GA:
    108000      61.13     -56.82       2.99       0.00       0.00       0.00       3.95       3.23

#ops:     108000 #mutates:  51135 #cross:    51456 #migrate:   5409 
#dups:     31797 #niche:    84898 #errors:     172 
--------------------------------------------------------------------------------

Doing AMOEBA simplex on best individual
Done simplexing #iterations 338, best score  61.56

Ligand is stored in gold_soln_3d4s_m1_5.mol2


--------------------------------------------------------------------------------
--- CHEMPLP breakdown of terms                                               ---
--------------------------------------------------------------------------------
CHEMPLP = - ( 1.0000*S(PLP) + -3.0000*S(hbond) + -6.0000*S(metal) + -3.0000*S(cho) )

Score = CHEMPLP - 1.0000*DE(clash) - 2.0000*DE(tors)

Internal energy term has been corrected with the best internal energy encountered.

--------------------------------------------------------------------------------


     Score     S(PLP)   S(hbond)     S(cho)   S(metal)  DE(clash)   DE(tors)     intcor
     61.56     -57.24       3.00       0.00       0.00       0.00       3.95       3.23

--------------------------------------------------------------------------------
--- PLP analysis of protein-ligand interactions                              ---
--------------------------------------------------------------------------------
hydrogen bonding        :      -3.79
metal                   :       0.00
buried (polar-nonpolar) :      -7.47
nonpolar                :     -47.79
repulsive               :       0.22
--------------------------------------------------------------------------------


--------------------------------------------------------------------------------
--- ChemScore analysis of protein-ligand interactions                        ---
--------------------------------------------------------------------------------

* Hydrogen bonds                                                                
Ligand donor   15 hydrogen   33 Protein acceptor 4098 bond energy  1.00 wt 1.00
Ligand donor   17 hydrogen   36 Protein acceptor 4098 bond energy  1.00 wt 1.00
Protein donor 2768 hydrogen 2773 Ligand acceptor    1 bond energy  1.00 wt 1.00


* CH..O interactions                                                            
  CH group selection                       : activated ring CH (adjacent to hetatom)

--------------------------------------------------------------------------------


--------------------------------------------------------------------------------
--- Intra-ligand clashes                                                     ---
--------------------------------------------------------------------------------

Ligand
--------------------------------------------------------------------------------


--------------------------------------------------------------------------------
--- Chromosome decoded                                                       ---
--------------------------------------------------------------------------------
Ligand Torsions
[   3    4    7    8]  174.11
[  10   11   12   13]   15.44    matched torsion: ortho-substituted hetero aromatic-aliphatic ether
[  11   12   13   14]  -67.78
[  15   14   13   12]  139.33
[  33   15   14   13] -166.30
[  17   16   14   13] -178.07
[  18   17   16   14]  130.19
[  19   18   17   16]   64.17
Matched Rings
match 1 = template conformation 1
Corners flipped: 1 4 
Corners not flipped: 2 3 5 6 
Pyramidal nitrogens flipped: 17 
Pyramidal nitrogens not flipped: 
Protein Torsions
[4175 4166 4165 4163]   -0.63 
[1294 1290 1288 1285]  103.17 
[4033 4024 4023 4021] -158.79 
[1412 1408 1406 1403]   70.78 
[2830 2825 2824 2821]  -76.88 
[2723 2714 2713 2711]  176.40 
[2773 2768 2767 2764] -112.07 
Mapping
Ligand acceptors to protein hydrogens (mapping then atom ids)
Ligand hydrogens to protein acceptors (mapping then atom ids)
  1   3 [ 33->4098]
Ligand shape atoms to protein points (mapping then atom ids & coords)
  1  5781 [  2->(-25.500   9.000   6.500)]
  2  4971 [  3->(-27.250   9.500   5.750)]
  3  5534 [  5->(-26.250  10.750   5.250)]
  5  3058 [ 13->(-32.500   7.750   6.750)]
  6  3540 [ 14->(-31.750   8.000   6.750)]
  7  2827 [ 16->(-32.750   5.750   9.000)]
Chromosome values
Integers:
  -1   -1   -1   -1   -1   -1    2   -1 5780 4970 5533   -1 
3057 3539 2826   -1   -1   -1 
--------------------------------------------------------------------------------

Current Ranking  4  3  5  1  2

Top  3 (of  5) solutions are within 1.000 RMSD, finishing docking E:/Projekt modelowanie/beta2/ligandy/3d4s.mol2.


--------------------------------------------------------------------------------

* GA execution time :                                                           
  total 15.0006 user 15.0006 sys  0.0001

--------------------------------------------------------------------------------
Fitness function evaluations: 165874

--------------------------------------------------------------------------------
--- Ranking analysis                                                         ---
--------------------------------------------------------------------------------


* Final ranked order of GA solutions:                                           
   4  3  5  1  2 

  _______________________________
  RMSD Matrix of RANKED solutions

        2    3    4    5  

   1 :  0.3  0.3  1.5  1.0
   2 :       0.5  1.5  0.9
   3 :            1.4  1.0
   4 :                 1.2

  Clustering method                        : complete linkage
  Structure ids in cluster table           : rank nos.
  Ordering of clusters and their members   : by rank (order if from rms_analysis)

  Distance | Clusters
   0.26    |  1  2 |  3 |  4 |  5 |
   0.47    |  1  2  3 |  4 |  5 |
   1.00    |  1  2  3  5 |  4 |
   1.49    |  1  2  3  4  5 |
  Finished Docking Ligand                  : E:/Projekt modelowanie/beta2/ligandy/3d4s.mol2
--------------------------------------------------------------------------------

  Relative_Ligand_Energy (best encountered) :   3.228
  Relative_Ligand_Energy: fitness values have been corrected using this amount
