
--------------------------------------------------------------------------------
--- Ligand                                                                   ---
--------------------------------------------------------------------------------
  Ligand loaded from file                  : /home/mateusz/Kasia/zajecia/dokowanie-karolina/ligandy/6ibl.mol2
  Ligand name                              :  
  "C:\Users\porto\OneDrive\projekt\beta1\ligandy\L_6ibl.pdb L_6ibl.pdb 1    "

--------------------------------------------------------------------------------
  N.plc donors                             : 
  none found

  Acidic nitrogen acceptors                : 
  none found
  Sulfur acceptors                         :
  none found


  Donor atoms                              :      4
  2   5   6   10  
  Acceptor atoms                           :      5
  2   3   6   8   10  

  Hydrogens                                :  (n = 4)
  29   31   32   35   

  Lone pairs added to molecule             :      9
  Numbering                                : from 50 to 58

--------------------------------------------------------------------------------
--- Postprocessing of typing                                                 ---
--------------------------------------------------------------------------------
  Fragment file                            : /opt/CCDC/GoldSuite_2017/GOLD/gold/rotatable_bond_override.mol2
  acylurea fragment                        : no matches
  thioacylthiourea fragment                : no matches
  acylthiourea fragment                    : no matches
  thioacylurea fragment                    : no matches
  diarylamine fragment >C.ar-NH-C.ar<      : no matches
  sec-amine (1) fragment                   : no matches
  sec-amine (2) fragment                   : no matches
  sec-amine (3) fragment                   : no matches
  carboxylic ester                         : no matches

* Rotatable bonds in /home/mateusz/Kasia/  :
  [   2   17] [   2    4] [   3   13] [   4    7] 
# WARNING: (thio)amide/urea bond [49 25 5 21] in file:
  /home/mateusz/Kasia/zajecia/dokowanie-karolina/ligandy/6ibl.mol2
  is out-of-plane.
# WARNING: Resetting to planar (input angle is  -27.2)
  
  [   5   21] [   6   22] [   7    9] [  10   18] 
  [  17   18] [  18   19] 
  No. of rotatable bonds                   :     10


* Fragments found in /home/mateusz/Kasia/  :
  atom   9: benzene
  atom  11: benzene
  atom  12: benzene
  atom  13: benzene
  atom  14: benzene
  atom  15: benzene
  atom  19: benzene
  atom  20: benzene
  atom  21: benzene
  atom  22: benzene
  atom  23: benzene
  atom  24: benzene


* Checking torsion distributions:                                               
  Rotatable bond [14 13  3 16] matches torsion: aromatic methoxy
   C.ar ( 1H ) | C.ar ( C.ar ( 1H ) ) | O.3 | C.3 ( 3H ) 
  Rotatable bond [20 21  5 25] matches torsion: aromatic amide
   C.ar ( 1H ) | C.ar | N.am ( 1H ) | C.2 ( O.2 ) 
  Rotatable bond [ 4  7  9 15] matches torsion: benzyl
   C | C.3 ( 2H ) | C.ar ( ~C.ar ( 1H ) ) | ~C.ar ( 1H ) | expand  0.00 180.00
  No. of matched torsions                  :      3

--------------------------------------------------------------------------------
--- Shape fitting atoms selection (hydrophobic atoms)                        ---
--------------------------------------------------------------------------------
  Molecule                                 : /home/mateusz/Kasia/zajecia/dokowanie-karolina/ligandy/6ibl.mol2
  Selection                                : carbons only
  Atom numbers                             :  (n = 14)
  1    4    7    11   12   14   15   16   17   18   
  20   23   24   25   


--------------------------------------------------------------------------------
--- ChemScore ligand setup summary                                           ---
--------------------------------------------------------------------------------
  ChemScore ligand acceptors               :      5
  2 3 6 8 10 
  ChemScore ligand donors                  :      4
  2 ( 29  ) 5 ( 31  ) 6 ( 32  ) 10 ( 35  ) 
  ChemScore ligand CH donors               :      0
  

  ChemScore ligand lipophilic atoms        :  (n = 18)
  1    4    7    9    11   12   13   14   15   16   
  17   18   19   20   21   22   23   24   

  ChemScore ligand rotatable bonds         :     10
  2   (N1 ) - 17  (C11): SP3_SP3_BOND
  2   (N1 ) - 4   (C2 ): SP3_SP3_BOND
  3   (O1 ) - 13  (C7 ): SP3_SP2_BOND
  4   (C2 ) - 7   (C3 ): SP3_SP3_BOND
  5   (N2 ) - 21  (C15): SP2_SP2_BOND
  6   (O2 ) - 22  (C16): SP3_SP2_BOND
  7   (C3 ) - 9   (C4 ): SP3_SP2_BOND
  10  (O4 ) - 18  (C12): SP3_SP3_BOND
  17  (C11) - 18  (C12): SP3_SP3_BOND
  18  (C12) - 19  (C13): SP3_SP2_BOND

--------------------------------------------------------------------------------
--- PLP ligand setup summary                                                 ---
--------------------------------------------------------------------------------
    1    C1   C.3 NONPOLAR
    2    N1   N.3 DONACC
    3    O1   O.3 ACCEPTOR
    4    C2   C.3 NONPOLAR
    5    N2  N.am DONOR
    6    O2   O.3 DONACC
    7    C3   C.3 NONPOLAR
    8    O3   O.2 ACCEPTOR
    9    C4  C.ar NONPOLAR
   10    O4   O.3 DONACC
   11    C5  C.ar NONPOLAR
   12    C6  C.ar NONPOLAR
   13    C7  C.ar NONPOLAR
   14    C8  C.ar NONPOLAR
   15    C9  C.ar NONPOLAR
   16   C10   C.3 NONPOLAR
   17   C11   C.3 NONPOLAR
   18   C12   C.3 NONPOLAR
   19   C13  C.ar NONPOLAR
   20   C14  C.ar NONPOLAR
   21   C15  C.ar NONPOLAR
   22   C16  C.ar NONPOLAR
   23   C17  C.ar NONPOLAR
   24   C18  C.ar NONPOLAR
   25   C19   C.2 NONPOLAR

--------------------------------------------------------------------------------
--- Automatic parameter setting                                              ---
--------------------------------------------------------------------------------
  Contribution base                        :   2500
  Contribution per rotatable bond          :   6000
  Contribution per df                      :   4000
  Contribution per water                   :  10000
  Ligand rotatable bonds                   :     10
  Protein flexible side chain bonds        :      0
  Total rotatable bonds                    :     10
  Hydrophobic vol ratio (P/L)              :   1.266
  Base multiplier (polar)                  :   1.800
  Base multiplier (apolar)                 :   3.546
  Base contribution                        : 12500.000
  Fitting points                           :      9
  Estimated maxops needed (optimal)        :  73000

--------------------------------------------------------------------------------

* Population settings                                                           
  maxops                                   :  73000
  popsiz                                   :    100
  select_pressure                          :   1.100
  n_islands                                :      5
  niche_siz                                :      2

* GA settings                                                                   
  pt_crosswt                               :     95
  allele_mutatewt                          :     95
  migratewt                                :     10

* Search settings                                                               
  start_vdw_linear_cutoff                  :   4.000
  initial_virtual_pt_match_max             :   3.000

--------------------------------------------------------------------------------

* Ligand initialisation time :                                                  
  total  0.0828 user  0.0828 sys  0.0000

--------------------------------------------------------------------------------

--------------------------------------------------------------------------------
** Docking run number  1 **
--------------------------------------------------------------------------------
  Rank fitness base is 5000.00 ; increment is 11.2233

* Initialising population(s) ...                                                
Number of constraints mappings 0
Number of constraints 0
  Population no.                           :      1
  Population size                          :    100
  Number of duplicates                     :      0
  Number of niche violations               :      0
  Number of errors                         :     80

Number of constraints mappings 0
Number of constraints 0
  Population no.                           :      2
  Population size                          :    100
  Number of duplicates                     :      0
  Number of niche violations               :      0
  Number of errors                         :     93

Number of constraints mappings 0
Number of constraints 0
  Population no.                           :      3
  Population size                          :    100
  Number of duplicates                     :      0
  Number of niche violations               :      0
  Number of errors                         :     92

Number of constraints mappings 0
Number of constraints 0
  Population no.                           :      4
  Population size                          :    100
  Number of duplicates                     :      0
  Number of niche violations               :      0
  Number of errors                         :     84

Number of constraints mappings 0
Number of constraints 0
  Population no.                           :      5
  Population size                          :    100
  Number of duplicates                     :      0
  Number of niche violations               :      0
  Number of errors                         :     83


Doing GA, no. of population(s) 5 size 100 selection pressure 1.100000

 Operation      Score     S(PLP)   S(hbond)     S(cho)   S(metal)  DE(clash)   DE(tors)     intcor
         0      15.97     -29.94       0.00       0.00       0.00      11.38       1.97       1.35
      1124      16.01     -36.08       0.00       0.00       0.00      16.49       2.46       1.35
      1508      19.16     -27.74       0.00       0.00       0.00       6.30       1.81       1.35
      1930      23.89     -35.91       0.00       0.00       0.00       9.87       1.74       1.35
      2166      25.34     -29.41       0.00       0.00       0.00       0.85       2.29       1.35
      2374      26.70     -26.21       1.00       0.00       0.00       0.00       1.93       1.35
      2403      28.25     -36.83       0.00       0.00       0.00       6.30       1.81       1.35
      2518      40.41     -48.99       0.00       0.00       0.00       6.30       1.81       1.35
      4418      43.79     -50.41       0.35       0.00       0.00       4.38       2.32       1.35
      4939      46.06     -49.20       0.00       0.00       0.00       0.00       2.24       1.35
      5432      46.47     -49.94       0.00       0.00       0.00       0.92       1.95       1.35
      5671      50.70     -56.22       0.00       0.00       0.00       2.28       2.30       1.35
      6847      52.57     -55.59       0.16       0.00       0.00       0.92       1.95       1.32
      6987      52.63     -53.59       0.62       0.00       0.00       0.92       1.60       1.32
      7282      52.67     -52.95       0.84       0.00       0.00       0.92       1.60       1.32
      8253      54.19     -55.10       0.63       0.00       0.00       0.92       1.60       1.32
      8388      56.43     -56.75       0.83       0.00       0.00       0.92       1.60       1.32
      9822      56.79     -59.12       0.39       0.00       0.00       0.92       1.95       1.32
      9877      56.89     -56.82       0.96       0.00       0.00       0.92       1.60       1.32
     10707      58.15     -59.66       0.67       0.00       0.00       0.92       1.95       1.32
     11252      58.47     -59.78       0.73       0.00       0.00       0.92       1.95       1.32
     12087      59.07     -60.92       0.55       0.00       0.00       0.92       1.95       1.32
     12392      60.72     -62.52       0.57       0.00       0.00       0.92       1.95       1.32
     14262      60.75     -62.48       0.63       0.00       0.00       0.92       1.95       1.19
     14862      61.97     -64.43       0.39       0.00       0.00       0.92       1.95       1.19
     14872      62.28     -64.40       0.50       0.00       0.00       0.92       1.95       1.19
     18742      62.31     -64.42       0.63       0.00       0.00       0.92       1.95       0.81
     18782      62.92     -67.24       0.00       0.00       0.00       0.00       2.57       0.81
     24187      63.54     -64.73       0.63       0.00       0.00       0.00       1.94       0.79
     26217      63.58     -64.77       0.63       0.00       0.00       0.00       1.94       0.79
     26927      63.70     -65.08       0.57       0.00       0.00       0.00       1.94       0.79
     30832      63.74     -64.88       0.65       0.00       0.00       0.00       1.94       0.79
     31097      63.79     -65.01       0.62       0.00       0.00       0.00       1.93       0.79
     31236      63.92     -65.16       0.62       0.00       0.00       0.00       1.94       0.79
     31487      63.95     -65.12       0.63       0.00       0.00       0.00       1.93       0.79
     33097      63.96     -64.98       0.68       0.00       0.00       0.00       1.93       0.79
     34396      63.96     -64.59       0.81       0.00       0.00       0.00       1.93       0.79
     36843      64.43     -64.55       1.00       0.00       0.00       0.00       1.95       0.79
     36968      64.50     -67.71       0.00       0.00       0.00       0.00       2.00       0.79
     44013      64.59     -67.81       0.00       0.00       0.00       0.00       2.00       0.79
     44242      64.69     -66.66       1.00       0.00       0.00       0.00       2.88       0.79
     45973      65.05     -64.51       0.76       0.00       0.00       0.00       1.27       0.79
     46170      65.45     -65.63       0.92       0.00       0.00       0.00       1.87       0.79
     46476      66.25     -66.34       0.95       0.00       0.00       0.00       1.87       0.79
     50230      67.60     -70.86       0.00       0.00       0.00       0.00       2.03       0.79
     57203      69.09     -72.20       0.00       0.00       0.00       0.00       1.95       0.79
     68397      69.67     -72.70       0.00       0.00       0.00       0.00       1.91       0.79
     71994      69.70     -72.45       0.00       0.00       0.00       0.00       1.77       0.79
--------------------------------------------------------------------------------
Best docking solution after GA:
     73000      69.70     -72.45       0.00       0.00       0.00       0.00       1.77       0.79

#ops:      73000 #mutates:  34757 #cross:    34615 #migrate:   3628 
#dups:     17442 #niche:    38490 #errors:     205 
--------------------------------------------------------------------------------

Doing AMOEBA simplex on best individual
Done simplexing #iterations 579, best score  71.78

Ligand is stored in gold_soln_6ibl_m1_1.mol2


--------------------------------------------------------------------------------
--- CHEMPLP breakdown of terms                                               ---
--------------------------------------------------------------------------------
CHEMPLP = - ( 1.0000*S(PLP) + -3.0000*S(hbond) + -6.0000*S(metal) + -3.0000*S(cho) )

Score = CHEMPLP - 1.0000*DE(clash) - 2.0000*DE(tors)

Internal energy term has been corrected with the best internal energy encountered.

--------------------------------------------------------------------------------


     Score     S(PLP)   S(hbond)     S(cho)   S(metal)  DE(clash)   DE(tors)     intcor
     71.78     -74.06       0.00       0.00       0.00       0.00       1.53       0.79

--------------------------------------------------------------------------------
--- PLP analysis of protein-ligand interactions                              ---
--------------------------------------------------------------------------------
hydrogen bonding        :      -4.90
metal                   :       0.00
buried (polar-nonpolar) :      -8.90
nonpolar                :     -59.62
repulsive               :       0.17
--------------------------------------------------------------------------------


--------------------------------------------------------------------------------
--- ChemScore analysis of protein-ligand interactions                        ---
--------------------------------------------------------------------------------

* Hydrogen bonds                                                                


* CH..O interactions                                                            
  CH group selection                       : activated ring CH (adjacent to hetatom)

--------------------------------------------------------------------------------


--------------------------------------------------------------------------------
--- Intra-ligand clashes                                                     ---
--------------------------------------------------------------------------------

Ligand
--------------------------------------------------------------------------------


--------------------------------------------------------------------------------
--- Chromosome decoded                                                       ---
--------------------------------------------------------------------------------
Ligand Torsions
[  18   17    2    4]  177.06
[   1    4    2   17]  -40.47
[  14   13    3   16]   11.58    matched torsion: aromatic methoxy
[   9    7    4    1]   75.64
[  20   21    5   25]  -26.56    matched torsion: aromatic amide
[  32    6   22   21]  141.79
[   4    7    9   15]  134.20    matched torsion: benzyl
[  35   10   18   17]   12.62
[  10   18   17    2]   -4.13
[  20   19   18   10]   53.24
Mapping
Ligand acceptors to protein hydrogens (mapping then atom ids)
Ligand hydrogens to protein acceptors (mapping then atom ids)
Ligand shape atoms to protein points (mapping then atom ids & coords)
  1  5392 [  1->(-23.250   7.750  16.250)]
  2  5424 [  4->(-23.250   8.750  16.750)]
  3  3752 [  7->(-23.750   5.750  16.750)]
  4  4490 [ 11->(-23.500   5.000  13.750)]
  5  5073 [ 12->(-23.250   3.250  13.000)]
  6  3562 [ 14->(-23.750   4.000  14.750)]
  7  2826 [ 15->(-24.000   4.500  13.750)]
  8  5777 [ 16->(-23.000   1.500  12.000)]
  9  7250 [ 17->(-22.500   9.250  18.250)]
 10  5508 [ 18->(-23.250  10.000  19.000)]
 11  5593 [ 20->(-23.250  12.000  21.000)]
 12   602 [ 23->(-25.250  12.750  19.750)]
 13  6318 [ 24->(-23.000  11.750  19.000)]
Chromosome values
Integers:
  -1   -1   -1   -1   -1   -1   -1   -1   -1 5391 5423 3751 
4489 5072 3561 2825 5776 7249 5507 5592  601 6317   -1 
--------------------------------------------------------------------------------

Current Ranking  1

--------------------------------------------------------------------------------

* GA execution time :                                                           
  total  1.6834 user  1.6794 sys  0.0040

--------------------------------------------------------------------------------
Fitness function evaluations: 118751

--------------------------------------------------------------------------------
** Docking run number  2 **
--------------------------------------------------------------------------------
  Rank fitness base is 5000.00 ; increment is 11.2233

* Initialising population(s) ...                                                
Number of constraints mappings 0
Number of constraints 0
  Population no.                           :      1
  Population size                          :    100
  Number of duplicates                     :      0
  Number of niche violations               :      0
  Number of errors                         :     88

Number of constraints mappings 0
Number of constraints 0
  Population no.                           :      2
  Population size                          :    100
  Number of duplicates                     :      0
  Number of niche violations               :      0
  Number of errors                         :     65

Number of constraints mappings 0
Number of constraints 0
  Population no.                           :      3
  Population size                          :    100
  Number of duplicates                     :      0
  Number of niche violations               :      0
  Number of errors                         :     96

Number of constraints mappings 0
Number of constraints 0
  Population no.                           :      4
  Population size                          :    100
  Number of duplicates                     :      0
  Number of niche violations               :      0
  Number of errors                         :    107

Number of constraints mappings 0
Number of constraints 0
  Population no.                           :      5
  Population size                          :    100
  Number of duplicates                     :      0
  Number of niche violations               :      0
  Number of errors                         :     85


Doing GA, no. of population(s) 5 size 100 selection pressure 1.100000

 Operation      Score     S(PLP)   S(hbond)     S(cho)   S(metal)  DE(clash)   DE(tors)     intcor
         0       6.98      -9.29       0.00       0.00       0.00       0.25       1.43       0.79
      1028       8.79     -24.79       0.00       0.00       0.00      11.24       2.77       0.79
      1484      12.96     -24.33       0.00       0.00       0.00       5.21       3.48       0.79
      1539      24.91     -25.87       0.00       0.00       0.00       0.00       0.87       0.79
      1875      36.70     -38.98       0.93       0.00       0.00       1.61       2.12       0.79
      3563      38.89     -44.30       0.11       0.00       0.00       2.41       2.06       0.79
      4515      38.98     -41.88       0.00       0.00       0.00       0.00       1.85       0.79
      4915      42.81     -46.70       0.00       0.00       0.00       0.00       2.34       0.79
      5410      44.16     -48.05       0.00       0.00       0.00       0.00       2.34       0.79
      5755      44.98     -48.87       0.00       0.00       0.00       0.00       2.34       0.79
      5995      45.60     -49.49       0.00       0.00       0.00       0.00       2.34       0.79
      6017      48.29     -55.31       0.00       0.00       0.00       4.33       1.74       0.79
      6151      49.68     -50.57       0.29       0.00       0.00       0.00       1.28       0.79
      6601      50.62     -51.02       0.46       0.00       0.00       0.00       1.28       0.79
      6858      51.03     -55.26       0.50       0.00       0.00       2.41       2.06       0.79
      6938      55.31     -59.40       0.55       0.00       0.00       2.41       2.06       0.79
      9963      58.13     -62.13       0.55       0.00       0.00       2.41       2.02       0.79
     11521      61.84     -66.49       0.16       0.00       0.00       1.79       2.06       0.79
     11966      63.38     -67.89       0.28       0.00       0.00       1.79       2.16       0.79
     12451      65.10     -66.81       1.00       0.00       0.00       2.13       1.69       0.79
     17166      65.27     -68.03       0.99       0.00       0.00       2.90       1.81       0.79
     18091      65.34     -67.06       1.00       0.00       0.00       2.13       1.69       0.79
     19006      65.42     -68.23       0.98       0.00       0.00       2.90       1.81       0.79
     19431      65.43     -68.16       1.00       0.00       0.00       2.90       1.81       0.79
     19781      65.49     -68.22       0.99       0.00       0.00       2.90       1.80       0.79
     19916      66.23     -67.95       1.00       0.00       0.00       2.13       1.69       0.79
     22978      68.28     -70.73       0.86       0.00       0.00       1.79       2.02       0.79
     29279      68.29     -71.95       1.00       0.00       0.00       2.83       2.31       0.79
     29391      68.51     -72.16       1.00       0.00       0.00       2.83       2.31       0.79
     30236      68.67     -72.32       1.00       0.00       0.00       2.83       2.31       0.79
     30964      68.97     -72.62       1.00       0.00       0.00       2.83       2.31       0.79
     32561      69.06     -72.74       1.00       0.00       0.00       2.83       2.32       0.79
     33929      69.19     -71.79       1.00       0.00       0.00       2.85       1.77       0.79
     33936      69.25     -72.68       1.00       0.00       0.00       2.83       2.19       0.79
     34353      69.36     -72.62       1.00       0.00       0.00       2.83       2.11       0.79
     36033      69.38     -72.93       1.00       0.00       0.00       2.83       2.25       0.79
     36623      69.93     -73.48       1.00       0.00       0.00       2.83       2.25       0.79
     38298      69.99     -73.25       1.00       0.00       0.00       2.83       2.11       0.79
     40020      70.06     -73.33       1.00       0.00       0.00       2.83       2.11       0.79
     41232      70.15     -73.33       1.00       0.00       0.00       2.83       2.07       0.79
     41664      70.18     -73.40       1.00       0.00       0.00       2.83       2.09       0.79
     41775      70.20     -73.40       1.00       0.00       0.00       2.83       2.08       0.79
     41820      70.25     -73.48       1.00       0.00       0.00       2.83       2.09       0.79
     42920      70.25     -73.51       1.00       0.00       0.00       2.83       2.11       0.79
     43840      70.27     -73.54       1.00       0.00       0.00       2.83       2.11       0.79
     44636      70.65     -73.96       1.00       0.00       0.00       2.83       2.13       0.79
     46695      70.66     -73.72       1.00       0.00       0.00       2.83       2.01       0.79
     46936      70.76     -74.06       1.00       0.00       0.00       2.83       2.13       0.79
     49671      70.93     -74.23       1.00       0.00       0.00       2.83       2.13       0.79
     53376      70.94     -74.24       1.00       0.00       0.00       2.83       2.13       0.79
     56412      70.97     -74.24       1.00       0.00       0.00       2.83       2.12       0.79
     59869      71.10     -74.30       1.00       0.00       0.00       2.83       2.08       0.79
     60229      71.11     -74.31       1.00       0.00       0.00       2.83       2.08       0.79
     61148      71.11     -74.33       1.00       0.00       0.00       2.83       2.09       0.79
     61506      71.28     -74.46       1.00       0.00       0.00       2.83       2.07       0.79
     63841      71.29     -74.48       1.00       0.00       0.00       2.83       2.07       0.79
     66823      71.30     -74.49       1.00       0.00       0.00       2.83       2.07       0.79
     70713      71.37     -74.56       0.99       0.00       0.00       2.83       2.06       0.79
     72169      71.38     -74.57       0.99       0.00       0.00       2.83       2.06       0.79
--------------------------------------------------------------------------------
Best docking solution after GA:
     73000      71.38     -74.57       0.99       0.00       0.00       2.83       2.06       0.79

#ops:      73000 #mutates:  34685 #cross:    34589 #migrate:   3726 
#dups:     19333 #niche:    38956 #errors:     185 
--------------------------------------------------------------------------------

Doing AMOEBA simplex on best individual
Done simplexing #iterations 467, best score  71.76

Ligand is stored in gold_soln_6ibl_m1_2.mol2


--------------------------------------------------------------------------------
--- CHEMPLP breakdown of terms                                               ---
--------------------------------------------------------------------------------
CHEMPLP = - ( 1.0000*S(PLP) + -3.0000*S(hbond) + -6.0000*S(metal) + -3.0000*S(cho) )

Score = CHEMPLP - 1.0000*DE(clash) - 2.0000*DE(tors)

Internal energy term has been corrected with the best internal energy encountered.

--------------------------------------------------------------------------------


     Score     S(PLP)   S(hbond)     S(cho)   S(metal)  DE(clash)   DE(tors)     intcor
     71.76     -74.97       1.00       0.00       0.00       2.87       2.06       0.79

--------------------------------------------------------------------------------
--- PLP analysis of protein-ligand interactions                              ---
--------------------------------------------------------------------------------
hydrogen bonding        :      -4.56
metal                   :       0.00
buried (polar-nonpolar) :     -10.06
nonpolar                :     -61.13
repulsive               :       0.27
--------------------------------------------------------------------------------


--------------------------------------------------------------------------------
--- ChemScore analysis of protein-ligand interactions                        ---
--------------------------------------------------------------------------------

* Hydrogen bonds                                                                
Ligand donor   10 hydrogen   35 Protein acceptor 2066 bond energy  1.00 wt 1.00


* CH..O interactions                                                            
  CH group selection                       : activated ring CH (adjacent to hetatom)

--------------------------------------------------------------------------------


--------------------------------------------------------------------------------
--- Intra-ligand clashes                                                     ---
--------------------------------------------------------------------------------

Ligand
 17 (C11  ) -   1 (C1   ):   2.87 (dist   2.67)
--------------------------------------------------------------------------------


--------------------------------------------------------------------------------
--- Chromosome decoded                                                       ---
--------------------------------------------------------------------------------
Ligand Torsions
[  18   17    2    4]  138.95
[   1    4    2   17]    4.22
[  14   13    3   16]  174.26    matched torsion: aromatic methoxy
[   9    7    4    1]   90.66
[  20   21    5   25]    2.39    matched torsion: aromatic amide
[  32    6   22   21] -103.13
[   4    7    9   15]  -23.99    matched torsion: benzyl
[  35   10   18   17]  -51.70
[  10   18   17    2]  -51.62
[  20   19   18   10]   48.45
Mapping
Ligand acceptors to protein hydrogens (mapping then atom ids)
Ligand hydrogens to protein acceptors (mapping then atom ids)
  4   3 [ 35->2066]
Ligand shape atoms to protein points (mapping then atom ids & coords)
  1  7178 [  1->(-22.500   7.500  15.500)]
  2  5394 [  4->(-23.250   7.750  16.750)]
  3  3852 [  7->(-23.750   7.000  16.500)]
  4  5241 [ 11->(-23.250   5.000  15.500)]
  5  4419 [ 12->(-23.500   4.250  14.750)]
  6  5212 [ 14->(-23.250   4.750  13.750)]
  7  2987 [ 15->(-24.000   6.000  14.250)]
  8  5777 [ 16->(-23.000   1.500  12.000)]
  9  7781 [ 17->(-22.000   9.750  18.000)]
 11  5568 [ 20->(-23.250  11.250  20.000)]
 13  4826 [ 24->(-23.500  12.500  19.500)]
 14  1373 [ 25->(-24.750  10.250  24.250)]
Chromosome values
Integers:
  -1   -1   -1   -1   -1   -1   -1   -1    2 7177 5393 3851 
5240 4418 5211 2986 5776 7780   -1 5567   -1 4825 1372 
--------------------------------------------------------------------------------

Current Ranking  1  2

--------------------------------------------------------------------------------

* GA execution time :                                                           
  total  1.6690 user  1.6690 sys  0.0000

--------------------------------------------------------------------------------
Fitness function evaluations: 116801

--------------------------------------------------------------------------------
** Docking run number  3 **
--------------------------------------------------------------------------------
  Rank fitness base is 5000.00 ; increment is 11.2233

* Initialising population(s) ...                                                
Number of constraints mappings 0
Number of constraints 0
  Population no.                           :      1
  Population size                          :    100
  Number of duplicates                     :      0
  Number of niche violations               :      0
  Number of errors                         :     77

Number of constraints mappings 0
Number of constraints 0
  Population no.                           :      2
  Population size                          :    100
  Number of duplicates                     :      0
  Number of niche violations               :      0
  Number of errors                         :     90

Number of constraints mappings 0
Number of constraints 0
  Population no.                           :      3
  Population size                          :    100
  Number of duplicates                     :      0
  Number of niche violations               :      0
  Number of errors                         :     86

Number of constraints mappings 0
Number of constraints 0
  Population no.                           :      4
  Population size                          :    100
  Number of duplicates                     :      0
  Number of niche violations               :      0
  Number of errors                         :     78

Number of constraints mappings 0
Number of constraints 0
  Population no.                           :      5
  Population size                          :    100
  Number of duplicates                     :      0
  Number of niche violations               :      0
  Number of errors                         :     91


Doing GA, no. of population(s) 5 size 100 selection pressure 1.100000

 Operation      Score     S(PLP)   S(hbond)     S(cho)   S(metal)  DE(clash)   DE(tors)     intcor
         0      17.44     -18.79       1.00       0.00       0.00       1.51       1.82       0.79
      1358      24.74     -28.22       0.00       0.00       0.00       0.00       2.14       0.79
      1435      25.25     -30.64       0.00       0.00       0.00       5.12       0.53       0.79
      2103      26.80     -34.86       0.00       0.00       0.00       5.21       1.82       0.79
      2429      31.26     -36.68       0.00       0.00       0.00       1.28       2.46       0.79
      2660      35.96     -38.58       0.00       0.00       0.00       0.00       1.70       0.79
      3130      39.54     -44.95       0.00       0.00       0.00       1.28       2.46       0.79
      4289      41.50     -43.46       0.00       0.00       0.00       0.00       1.37       0.79
      4433      45.42     -48.45       0.00       0.00       0.00       0.00       1.91       0.79
      4648      50.69     -53.72       0.00       0.00       0.00       0.00       1.91       0.79
      5820      52.64     -55.07       0.00       0.00       0.00       0.00       1.61       0.79
      6556      52.74     -56.56       0.00       0.00       0.00       0.01       2.30       0.79
      6794      53.08     -58.28       0.00       0.00       0.00       1.17       2.41       0.79
      7403      53.54     -55.60       0.89       0.00       0.00       0.38       2.57       0.79
      7421      55.46     -59.24       0.00       0.00       0.00       0.01       2.28       0.79
      7695      59.76     -63.58       0.00       0.00       0.00       0.01       2.30       0.79
      8965      61.66     -65.48       0.00       0.00       0.00       0.01       2.30       0.79
      9711      62.26     -66.04       0.00       0.00       0.00       0.01       2.28       0.79
     16502      62.40     -65.66       0.00       0.00       0.00       0.01       1.96       0.69
     16585      63.15     -66.81       0.00       0.00       0.00       0.01       2.17       0.69
     17446      63.51     -66.89       0.00       0.00       0.00       0.01       2.03       0.69
     19787      63.58     -66.74       0.10       0.00       0.00       0.46       1.81       0.62
     20120      64.05     -64.71       0.94       0.00       0.00       0.46       1.82       0.62
     20504      64.17     -65.08       0.00       0.00       0.00       0.00       0.77       0.62
     20734      64.32     -65.23       0.00       0.00       0.00       0.00       0.77       0.62
     20860      64.79     -67.60       0.22       0.00       0.00       0.46       1.81       0.62
     21159      64.88     -65.79       0.00       0.00       0.00       0.00       0.77       0.62
     22444      67.35     -68.26       0.00       0.00       0.00       0.00       0.77       0.62
     23809      68.21     -69.12       0.00       0.00       0.00       0.00       0.77       0.62
     24264      68.44     -69.35       0.00       0.00       0.00       0.00       0.77       0.62
     25429      69.79     -69.35       0.45       0.00       0.00       0.00       0.77       0.62
     26080      70.35     -69.46       0.62       0.00       0.00       0.00       0.77       0.57
     27609      70.51     -69.77       0.51       0.00       0.00       0.00       0.68       0.57
     27805      71.11     -69.88       0.73       0.00       0.00       0.00       0.77       0.57
     27940      71.58     -70.18       0.80       0.00       0.00       0.00       0.78       0.57
     29285      71.75     -71.26       0.48       0.00       0.00       0.00       0.77       0.57
     30040      72.08     -70.33       0.84       0.00       0.00       0.00       0.68       0.57
     30955      72.22     -71.45       0.59       0.00       0.00       0.00       0.78       0.57
     31125      72.22     -70.77       0.81       0.00       0.00       0.00       0.78       0.57
     32980      72.27     -70.38       0.96       0.00       0.00       0.00       0.78       0.57
     33210      72.27     -71.53       0.61       0.00       0.00       0.00       0.82       0.57
     33275      72.58     -71.27       0.70       0.00       0.00       0.00       0.68       0.57
     35414      72.67     -71.21       0.75       0.00       0.00       0.00       0.68       0.57
     35549      72.68     -71.77       0.77       0.00       0.00       0.00       0.98       0.57
     35716      72.79     -70.83       1.00       0.00       0.00       0.00       0.80       0.57
     36255      72.81     -71.36       0.76       0.00       0.00       0.00       0.70       0.57
     36307      73.01     -71.40       0.86       0.00       0.00       0.00       0.77       0.57
     36930      73.12     -70.93       1.00       0.00       0.00       0.00       0.69       0.57
     37710      73.16     -70.97       1.00       0.00       0.00       0.00       0.69       0.57
     37750      73.32     -71.62       0.84       0.00       0.00       0.00       0.70       0.57
     40071      73.42     -71.36       1.00       0.00       0.00       0.00       0.74       0.54
     40911      73.64     -71.39       1.00       0.00       0.00       0.00       0.65       0.54
     42599      73.69     -71.31       1.00       0.00       0.00       0.00       0.58       0.54
     42869      73.90     -71.53       1.00       0.00       0.00       0.00       0.58       0.54
     43819      73.96     -71.60       1.00       0.00       0.00       0.00       0.59       0.54
     45869      74.22     -71.83       1.00       0.00       0.00       0.00       0.57       0.54
     46074      74.35     -71.98       0.99       0.00       0.00       0.00       0.57       0.54
     48695      74.40     -71.95       1.00       0.00       0.00       0.00       0.55       0.54
     49145      74.52     -72.17       0.99       0.00       0.00       0.00       0.58       0.54
     49700      74.57     -72.29       0.97       0.00       0.00       0.00       0.58       0.54
     50251      74.66     -72.34       0.98       0.00       0.00       0.00       0.57       0.54
     55917      74.70     -72.49       1.00       0.00       0.00       0.00       0.64       0.48
     57257      74.70     -72.46       1.00       0.00       0.00       0.00       0.62       0.48
     57382      74.70     -72.52       1.00       0.00       0.00       0.00       0.65       0.48
     57441      74.74     -72.50       0.98       0.00       0.00       0.00       0.58       0.48
     58539      74.80     -72.70       0.93       0.00       0.00       0.00       0.59       0.48
     61095      74.81     -72.58       0.98       0.00       0.00       0.00       0.59       0.48
     62365      74.85     -72.57       0.99       0.00       0.00       0.00       0.59       0.48
     63359      74.93     -72.80       0.95       0.00       0.00       0.00       0.60       0.48
     65535      74.93     -72.60       1.00       0.00       0.00       0.00       0.57       0.48
     66439      75.07     -73.23       0.90       0.00       0.00       0.00       0.67       0.48
     66599      75.09     -73.21       0.90       0.00       0.00       0.00       0.64       0.48
     67054      75.09     -73.28       0.88       0.00       0.00       0.00       0.66       0.48
     69164      75.13     -73.34       0.86       0.00       0.00       0.00       0.64       0.48
     70129      75.14     -73.37       0.86       0.00       0.00       0.00       0.66       0.48
     71379      75.15     -73.36       0.86       0.00       0.00       0.00       0.65       0.48
     71646      75.19     -73.38       0.88       0.00       0.00       0.00       0.66       0.48
--------------------------------------------------------------------------------
Best docking solution after GA:
     73000      75.19     -73.38       0.88       0.00       0.00       0.00       0.66       0.48

#ops:      73000 #mutates:  34316 #cross:    34954 #migrate:   3730 
#dups:     23261 #niche:    43300 #errors:     189 
--------------------------------------------------------------------------------

Doing AMOEBA simplex on best individual
Done simplexing #iterations 315, best score  75.24

Ligand is stored in gold_soln_6ibl_m1_3.mol2


--------------------------------------------------------------------------------
--- CHEMPLP breakdown of terms                                               ---
--------------------------------------------------------------------------------
CHEMPLP = - ( 1.0000*S(PLP) + -3.0000*S(hbond) + -6.0000*S(metal) + -3.0000*S(cho) )

Score = CHEMPLP - 1.0000*DE(clash) - 2.0000*DE(tors)

Internal energy term has been corrected with the best internal energy encountered.

--------------------------------------------------------------------------------


     Score     S(PLP)   S(hbond)     S(cho)   S(metal)  DE(clash)   DE(tors)     intcor
     75.24     -73.35       0.90       0.00       0.00       0.00       0.64       0.48

--------------------------------------------------------------------------------
--- PLP analysis of protein-ligand interactions                              ---
--------------------------------------------------------------------------------
hydrogen bonding        :      -3.00
metal                   :       0.00
buried (polar-nonpolar) :      -9.12
nonpolar                :     -60.77
repulsive               :       0.37
--------------------------------------------------------------------------------


--------------------------------------------------------------------------------
--- ChemScore analysis of protein-ligand interactions                        ---
--------------------------------------------------------------------------------

* Hydrogen bonds                                                                
Ligand donor   10 hydrogen   35 Protein acceptor 2066 bond energy  1.00 wt 0.90


* CH..O interactions                                                            
  CH group selection                       : activated ring CH (adjacent to hetatom)

--------------------------------------------------------------------------------


--------------------------------------------------------------------------------
--- Intra-ligand clashes                                                     ---
--------------------------------------------------------------------------------

Ligand
--------------------------------------------------------------------------------


--------------------------------------------------------------------------------
--- Chromosome decoded                                                       ---
--------------------------------------------------------------------------------
Ligand Torsions
[  18   17    2    4]  -94.11
[   1    4    2   17]  -55.23
[  14   13    3   16]  178.14    matched torsion: aromatic methoxy
[   9    7    4    1]   49.20
[  20   21    5   25]    8.69    matched torsion: aromatic amide
[  32    6   22   21]   85.25
[   4    7    9   15]   56.28    matched torsion: benzyl
[  35   10   18   17]  -93.36
[  10   18   17    2]   35.13
[  20   19   18   10]   58.45
Mapping
Ligand acceptors to protein hydrogens (mapping then atom ids)
Ligand hydrogens to protein acceptors (mapping then atom ids)
Ligand shape atoms to protein points (mapping then atom ids & coords)
  1  8080 [  1->(-21.500   8.000  16.000)]
  2  8076 [  4->(-21.500   7.750  16.500)]
  3  6082 [  7->(-23.000   6.750  16.250)]
  4  5307 [ 11->(-23.250   6.000  14.500)]
  5  3691 [ 12->(-23.750   5.250  13.000)]
  6  5220 [ 14->(-23.250   4.750  15.750)]
  7  3643 [ 15->(-23.750   4.750  14.750)]
  8  5783 [ 16->(-23.000   1.750  12.250)]
  9  8270 [ 17->(-21.250   9.000  17.250)]
 10  6854 [ 18->(-22.750   9.500  18.000)]
 11  1874 [ 20->(-24.500  10.250  21.750)]
 12  5598 [ 23->(-23.250  12.250  19.750)]
 13  5609 [ 24->(-23.250  12.500  20.250)]
 14  3218 [ 25->(-24.000  10.500  23.500)]
Chromosome values
Integers:
  -1   -1   -1   -1   -1   -1   -1   -1   -1 8079 8075 6081 
5306 3690 5219 3642 5782 8269 6853 1873 5597 5608 3217 
--------------------------------------------------------------------------------

Current Ranking  3  1  2

--------------------------------------------------------------------------------

* GA execution time :                                                           
  total  1.7307 user  1.7307 sys  0.0000

--------------------------------------------------------------------------------
Fitness function evaluations: 117316

--------------------------------------------------------------------------------
** Docking run number  4 **
--------------------------------------------------------------------------------
  Rank fitness base is 5000.00 ; increment is 11.2233

* Initialising population(s) ...                                                
Number of constraints mappings 0
Number of constraints 0
  Population no.                           :      1
  Population size                          :    100
  Number of duplicates                     :      0
  Number of niche violations               :      0
  Number of errors                         :     88

Number of constraints mappings 0
Number of constraints 0
  Population no.                           :      2
  Population size                          :    100
  Number of duplicates                     :      0
  Number of niche violations               :      0
  Number of errors                         :     95

Number of constraints mappings 0
Number of constraints 0
  Population no.                           :      3
  Population size                          :    100
  Number of duplicates                     :      0
  Number of niche violations               :      0
  Number of errors                         :     95

Number of constraints mappings 0
Number of constraints 0
  Population no.                           :      4
  Population size                          :    100
  Number of duplicates                     :      0
  Number of niche violations               :      0
  Number of errors                         :     80

Number of constraints mappings 0
Number of constraints 0
  Population no.                           :      5
  Population size                          :    100
  Number of duplicates                     :      0
  Number of niche violations               :      0
  Number of errors                         :     95


Doing GA, no. of population(s) 5 size 100 selection pressure 1.100000

 Operation      Score     S(PLP)   S(hbond)     S(cho)   S(metal)  DE(clash)   DE(tors)     intcor
         0      -0.75      -5.97       0.93       0.00       0.00       3.95       3.02       0.48
       271       3.28      -8.94       0.50       0.00       0.00       3.28       2.19       0.48
       357      14.71     -23.30       0.00       0.00       0.00       3.54       2.77       0.48
      1046      16.41     -23.61       0.77       0.00       0.00       3.95       3.02       0.48
      1391      19.29     -26.92       0.62       0.00       0.00       3.95       3.02       0.48
      2323      24.20     -34.04       0.00       0.00       0.00       4.78       2.78       0.48
      2327      28.82     -38.76       1.00       0.00       0.00       8.93       2.25       0.48
      2682      31.45     -41.39       1.00       0.00       0.00       8.93       2.25       0.48
      4058      31.58     -38.37       0.00       0.00       0.00       3.23       2.02       0.48
      4212      41.11     -44.60       0.00       0.00       0.00       0.00       1.98       0.48
      4547      41.31     -44.80       0.00       0.00       0.00       0.00       1.98       0.48
      4687      48.11     -51.59       0.00       0.00       0.00       0.00       1.98       0.48
      5152      50.36     -57.28       0.00       0.00       0.00       1.45       2.98       0.48
      7902      53.45     -60.38       0.00       0.00       0.00       1.45       2.98       0.48
      8417      55.28     -60.72       0.00       0.00       0.00       0.00       2.96       0.48
      8472      55.68     -61.18       0.00       0.00       0.00       0.00       2.99       0.48
      8952      55.98     -61.42       0.00       0.00       0.00       0.00       2.96       0.48
      9702      55.98     -61.42       0.00       0.00       0.00       0.00       2.96       0.48
     12701      56.13     -58.69       0.84       0.00       0.00       0.00       2.79       0.48
     13081      59.99     -61.99       1.03       0.00       0.00       0.00       2.79       0.48
     14126      60.34     -62.44       1.00       0.00       0.00       0.00       2.79       0.48
     14601      60.70     -62.80       1.00       0.00       0.00       0.00       2.79       0.48
     15666      61.97     -63.97       1.03       0.00       0.00       0.00       2.79       0.48
     15811      62.11     -63.97       1.08       0.00       0.00       0.00       2.79       0.48
     16136      63.55     -65.02       1.21       0.00       0.00       0.00       2.79       0.48
     18386      63.63     -65.40       1.11       0.00       0.00       0.00       2.79       0.48
     18636      63.80     -65.11       1.27       0.00       0.00       0.00       2.79       0.48
     18946      63.87     -65.70       1.10       0.00       0.00       0.00       2.81       0.48
     19106      64.58     -66.40       0.91       0.00       0.00       0.00       2.52       0.48
     19411      65.34     -67.51       0.75       0.00       0.00       0.00       2.45       0.48
     22701      65.75     -67.99       0.91       0.00       0.00       0.00       2.72       0.48
     22916      66.19     -68.19       0.78       0.00       0.00       0.00       2.41       0.48
     23061      66.39     -68.36       0.81       0.00       0.00       0.00       2.45       0.48
     25103      67.01     -66.77       1.00       0.00       0.00       0.00       1.63       0.48
     27623      67.12     -67.40       1.51       0.00       0.00       0.00       2.65       0.48
     29518      69.04     -68.76       1.69       0.00       0.00       0.00       2.64       0.48
     33613      69.28     -69.17       1.63       0.00       0.00       0.00       2.64       0.48
     34191      69.66     -69.28       1.76       0.00       0.00       0.00       2.69       0.48
     35211      69.80     -69.15       1.84       0.00       0.00       0.00       2.67       0.48
     35652      69.85     -69.42       1.75       0.00       0.00       0.00       2.66       0.48
     36421      70.15     -69.53       1.84       0.00       0.00       0.00       2.69       0.48
     38795      70.74     -69.81       1.98       0.00       0.00       0.00       2.75       0.48
     40360      70.77     -69.82       1.99       0.00       0.00       0.00       2.76       0.48
     41503      71.13     -70.34       1.93       0.00       0.00       0.00       2.74       0.48
     42803      71.25     -70.55       1.89       0.00       0.00       0.00       2.72       0.48
     43014      71.32     -70.50       1.93       0.00       0.00       0.00       2.72       0.48
     44174      71.55     -70.69       2.00       0.00       0.00       0.00       2.81       0.48
     50343      71.57     -70.61       1.98       0.00       0.00       0.00       2.72       0.48
     51824      71.63     -70.77       2.00       0.00       0.00       0.00       2.81       0.48
     53532      71.67     -70.55       2.00       0.00       0.00       0.00       2.68       0.48
     54501      71.69     -70.56       2.00       0.00       0.00       0.00       2.68       0.48
     55999      71.70     -70.74       1.97       0.00       0.00       0.00       2.71       0.48
     57383      71.71     -70.79       1.98       0.00       0.00       0.00       2.74       0.48
     57649      71.80     -70.83       1.97       0.00       0.00       0.00       2.71       0.48
     57698      71.81     -70.82       2.00       0.00       0.00       0.00       2.74       0.48
     61403      71.91     -70.83       1.98       0.00       0.00       0.00       2.66       0.48
     64193      72.01     -70.93       1.99       0.00       0.00       0.00       2.69       0.48
     65964      72.01     -71.02       1.96       0.00       0.00       0.00       2.68       0.48
     67186      72.03     -71.04       1.99       0.00       0.00       0.00       2.73       0.48
     69088      72.07     -70.98       1.99       0.00       0.00       0.00       2.69       0.48
     69338      72.08     -70.98       1.99       0.00       0.00       0.00       2.68       0.48
     72074      72.11     -71.00       1.99       0.00       0.00       0.00       2.67       0.48
--------------------------------------------------------------------------------
Best docking solution after GA:
     73000      72.11     -71.00       1.99       0.00       0.00       0.00       2.67       0.48

#ops:      73000 #mutates:  34682 #cross:    34747 #migrate:   3571 
#dups:     20218 #niche:    44151 #errors:     189 
--------------------------------------------------------------------------------

Doing AMOEBA simplex on best individual
Done simplexing #iterations 564, best score  74.40

Ligand is stored in gold_soln_6ibl_m1_4.mol2


--------------------------------------------------------------------------------
--- CHEMPLP breakdown of terms                                               ---
--------------------------------------------------------------------------------
CHEMPLP = - ( 1.0000*S(PLP) + -3.0000*S(hbond) + -6.0000*S(metal) + -3.0000*S(cho) )

Score = CHEMPLP - 1.0000*DE(clash) - 2.0000*DE(tors)

Internal energy term has been corrected with the best internal energy encountered.

--------------------------------------------------------------------------------


     Score     S(PLP)   S(hbond)     S(cho)   S(metal)  DE(clash)   DE(tors)     intcor
     74.40     -72.84       1.99       0.00       0.00       0.00       2.45       0.48

--------------------------------------------------------------------------------
--- PLP analysis of protein-ligand interactions                              ---
--------------------------------------------------------------------------------
hydrogen bonding        :      -4.91
metal                   :       0.00
buried (polar-nonpolar) :      -9.32
nonpolar                :     -58.96
repulsive               :       0.33
--------------------------------------------------------------------------------


--------------------------------------------------------------------------------
--- ChemScore analysis of protein-ligand interactions                        ---
--------------------------------------------------------------------------------

* Hydrogen bonds                                                                
Ligand donor    2 hydrogen   29 Protein acceptor 2066 bond energy  1.00 wt 0.99
Ligand donor   10 hydrogen   35 Protein acceptor 2066 bond energy  1.00 wt 1.00


* CH..O interactions                                                            
  CH group selection                       : activated ring CH (adjacent to hetatom)

--------------------------------------------------------------------------------


--------------------------------------------------------------------------------
--- Intra-ligand clashes                                                     ---
--------------------------------------------------------------------------------

Ligand
--------------------------------------------------------------------------------


--------------------------------------------------------------------------------
--- Chromosome decoded                                                       ---
--------------------------------------------------------------------------------
Ligand Torsions
[  18   17    2    4] -106.86
[   1    4    2   17]  -51.21
[  14   13    3   16] -150.47    matched torsion: aromatic methoxy
[   9    7    4    1]   28.41
[  20   21    5   25]    6.71    matched torsion: aromatic amide
[  32    6   22   21]   46.65
[   4    7    9   15]  -81.14    matched torsion: benzyl
[  35   10   18   17]  -46.95
[  10   18   17    2]   22.27
[  20   19   18   10]   40.93
Mapping
Ligand acceptors to protein hydrogens (mapping then atom ids)
Ligand hydrogens to protein acceptors (mapping then atom ids)
  1   3 [ 29->2066]
  4   3 [ 35->2066]
Ligand shape atoms to protein points (mapping then atom ids & coords)
  1  7693 [  1->(-22.000   6.750  15.750)]
  2  7893 [  4->(-21.750   6.750  16.000)]
  3  6732 [  7->(-22.750   6.750  16.250)]
  4  4449 [ 11->(-23.500   4.500  15.750)]
  5  5910 [ 12->(-23.000   4.000  15.000)]
  6  2881 [ 14->(-24.000   5.000  13.250)]
  7  1606 [ 15->(-24.500   4.750  14.000)]
  8  4283 [ 16->(-23.500   2.500  12.250)]
  9  7521 [ 17->(-22.250   9.000  17.750)]
 10  7253 [ 18->(-22.500   9.250  19.000)]
 12  6355 [ 23->(-23.000  13.000  20.500)]
 13  4084 [ 24->(-23.750  12.750  19.500)]
 14  1314 [ 25->(-24.750   9.500  23.250)]
Chromosome values
Integers:
  -1   -1   -1   -1   -1    2   -1   -1    2 7692 7892 6731 
4448 5909 2880 1605 4282 7520 7252   -1 6354 4083 1313 
--------------------------------------------------------------------------------

Current Ranking  3  4  1  2

--------------------------------------------------------------------------------

* GA execution time :                                                           
  total  1.7303 user  1.7263 sys  0.0040

--------------------------------------------------------------------------------
Fitness function evaluations: 117663

--------------------------------------------------------------------------------
** Docking run number  5 **
--------------------------------------------------------------------------------
  Rank fitness base is 5000.00 ; increment is 11.2233

* Initialising population(s) ...                                                
Number of constraints mappings 0
Number of constraints 0
  Population no.                           :      1
  Population size                          :    100
  Number of duplicates                     :      0
  Number of niche violations               :      0
  Number of errors                         :     87

Number of constraints mappings 0
Number of constraints 0
  Population no.                           :      2
  Population size                          :    100
  Number of duplicates                     :      0
  Number of niche violations               :      0
  Number of errors                         :     96

Number of constraints mappings 0
Number of constraints 0
  Population no.                           :      3
  Population size                          :    100
  Number of duplicates                     :      0
  Number of niche violations               :      0
  Number of errors                         :     86

Number of constraints mappings 0
Number of constraints 0
  Population no.                           :      4
  Population size                          :    100
  Number of duplicates                     :      0
  Number of niche violations               :      0
  Number of errors                         :    109

Number of constraints mappings 0
Number of constraints 0
  Population no.                           :      5
  Population size                          :    100
  Number of duplicates                     :      0
  Number of niche violations               :      0
  Number of errors                         :     94


Doing GA, no. of population(s) 5 size 100 selection pressure 1.100000

 Operation      Score     S(PLP)   S(hbond)     S(cho)   S(metal)  DE(clash)   DE(tors)     intcor
         0      -2.11     -11.06       0.00       0.00       0.00       9.71       1.97       0.48
       402      12.77     -34.62       0.96       0.00       0.00      19.05       3.08       0.48
       890      15.33     -23.62       0.00       0.00       0.00       3.68       2.55       0.48
      1314      17.48     -23.67       0.00       0.00       0.00       2.87       1.90       0.48
      2094      23.56     -29.75       0.00       0.00       0.00       2.87       1.90       0.48
      2259      39.21     -40.11       1.00       0.00       0.00       0.00       2.19       0.48
      2589      46.25     -48.75       0.46       0.00       0.00       0.00       2.19       0.48
      3119      47.88     -50.14       0.54       0.00       0.00       0.00       2.19       0.48
      4205      48.78     -49.68       1.00       0.00       0.00       0.00       2.19       0.48
      4709      48.95     -49.85       1.00       0.00       0.00       0.00       2.19       0.48
      6266      51.25     -52.15       1.00       0.00       0.00       0.00       2.19       0.48
      6891      53.41     -54.31       1.00       0.00       0.00       0.00       2.19       0.48
      6916      53.53     -54.43       1.00       0.00       0.00       0.00       2.19       0.48
      7516      54.45     -55.35       1.00       0.00       0.00       0.00       2.19       0.48
     10726      54.48     -59.45       0.81       0.00       0.00       2.63       2.63       0.48
     10731      56.23     -61.74       0.63       0.00       0.00       2.63       2.63       0.48
     11415      56.58     -61.53       0.60       0.00       0.00       2.13       2.55       0.48
     12553      58.20     -62.73       0.96       0.00       0.00       2.63       2.63       0.48
     14396      58.54     -65.02       0.31       0.00       0.00       2.63       2.63       0.48
     14786      59.18     -64.45       0.71       0.00       0.00       2.63       2.63       0.48
     16566      59.69     -64.77       0.71       0.00       0.00       2.63       2.54       0.48
     17946      59.70     -65.01       0.70       0.00       0.00       2.63       2.63       0.48
     19685      60.48     -65.91       0.62       0.00       0.00       2.63       2.57       0.48
     19867      61.61     -65.19       0.26       0.00       0.00       0.15       2.34       0.48
     20217      61.74     -65.31       0.26       0.00       0.00       0.15       2.34       0.48
     22332      62.22     -67.40       0.68       0.00       0.00       2.63       2.54       0.48
     24535      62.41     -67.81       0.60       0.00       0.00       2.63       2.52       0.48
     26234      62.56     -66.49       0.75       0.00       0.00       2.63       2.01       0.48
     28122      62.84     -64.14       1.12       0.00       0.00       0.15       2.49       0.48
     28577      63.15     -66.21       0.37       0.00       0.00       0.69       1.99       0.48
     29664      63.92     -67.77       0.59       0.00       0.00       2.13       1.98       0.48
     30239      64.30     -68.63       0.39       0.00       0.00       2.13       1.93       0.48
     31008      64.91     -64.14       1.81       0.00       0.00       0.15       2.49       0.48
     32222      65.80     -66.55       0.73       0.00       0.00       0.15       1.64       0.48
     32305      67.01     -68.43       1.35       0.00       0.00       2.13       1.91       0.48
     33155      67.78     -69.24       1.33       0.00       0.00       2.13       1.91       0.48
     33655      68.09     -68.51       1.68       0.00       0.00       2.13       1.91       0.48
     34392      68.20     -65.85       1.76       0.00       0.00       0.15       1.63       0.48
     35563      71.06     -70.13       1.48       0.00       0.00       0.00       2.00       0.48
     39758      71.10     -69.37       1.98       0.00       0.00       0.15       2.27       0.48
     39767      71.40     -69.89       1.67       0.00       0.00       0.15       1.92       0.48
     40578      71.45     -69.45       2.00       0.00       0.00       0.00       2.24       0.48
     41228      71.75     -69.84       1.93       0.00       0.00       0.00       2.18       0.48
     43352      71.86     -69.39       1.90       0.00       0.00       0.00       1.86       0.48
     43609      72.35     -70.30       1.70       0.00       0.00       0.00       1.77       0.48
     46359      72.46     -69.73       1.85       0.00       0.00       0.00       1.66       0.48
     47528      72.55     -69.81       2.00       0.00       0.00       0.00       1.87       0.48
     47684      72.65     -70.01       1.89       0.00       0.00       0.00       1.76       0.48
     48114      72.70     -70.21       1.84       0.00       0.00       0.00       1.76       0.48
     48664      72.71     -69.67       1.91       0.00       0.00       0.00       1.58       0.48
     48714      72.87     -70.02       1.84       0.00       0.00       0.00       1.58       0.48
     48724      72.89     -69.99       1.86       0.00       0.00       0.00       1.58       0.48
     51720      72.99     -70.11       2.00       0.00       0.00       0.00       1.80       0.48
     51730      73.08     -70.57       1.88       0.00       0.00       0.00       1.80       0.48
     51885      73.17     -70.40       1.89       0.00       0.00       0.00       1.69       0.48
     54089      73.25     -70.18       1.93       0.00       0.00       0.00       1.60       0.48
     57951      73.30     -70.57       1.88       0.00       0.00       0.00       1.69       0.48
     60040      73.32     -70.49       1.91       0.00       0.00       0.00       1.69       0.48
     62339      73.33     -70.40       1.94       0.00       0.00       0.00       1.69       0.48
     63758      73.35     -70.59       1.91       0.00       0.00       0.00       1.73       0.48
     65425      73.37     -70.50       1.89       0.00       0.00       0.00       1.65       0.48
     68547      73.41     -70.23       2.00       0.00       0.00       0.00       1.65       0.48
     72431      73.42     -70.36       1.99       0.00       0.00       0.00       1.70       0.48
--------------------------------------------------------------------------------
Best docking solution after GA:
     73000      73.42     -70.36       1.99       0.00       0.00       0.00       1.70       0.48

#ops:      73000 #mutates:  34661 #cross:    34665 #migrate:   3674 
#dups:     22378 #niche:    40364 #errors:     208 
--------------------------------------------------------------------------------

Doing AMOEBA simplex on best individual
Done simplexing #iterations 411, best score  73.48

Ligand is stored in gold_soln_6ibl_m1_5.mol2


--------------------------------------------------------------------------------
--- CHEMPLP breakdown of terms                                               ---
--------------------------------------------------------------------------------
CHEMPLP = - ( 1.0000*S(PLP) + -3.0000*S(hbond) + -6.0000*S(metal) + -3.0000*S(cho) )

Score = CHEMPLP - 1.0000*DE(clash) - 2.0000*DE(tors)

Internal energy term has been corrected with the best internal energy encountered.

--------------------------------------------------------------------------------


     Score     S(PLP)   S(hbond)     S(cho)   S(metal)  DE(clash)   DE(tors)     intcor
     73.48     -70.43       1.96       0.00       0.00       0.00       1.66       0.48

--------------------------------------------------------------------------------
--- PLP analysis of protein-ligand interactions                              ---
--------------------------------------------------------------------------------
hydrogen bonding        :      -4.28
metal                   :       0.00
buried (polar-nonpolar) :      -9.96
nonpolar                :     -57.00
repulsive               :       0.32
--------------------------------------------------------------------------------


--------------------------------------------------------------------------------
--- ChemScore analysis of protein-ligand interactions                        ---
--------------------------------------------------------------------------------

* Hydrogen bonds                                                                
Ligand donor    2 hydrogen   29 Protein acceptor 2066 bond energy  1.00 wt 0.96
Ligand donor   10 hydrogen   35 Protein acceptor 2066 bond energy  1.00 wt 1.00


* CH..O interactions                                                            
  CH group selection                       : activated ring CH (adjacent to hetatom)

--------------------------------------------------------------------------------


--------------------------------------------------------------------------------
--- Intra-ligand clashes                                                     ---
--------------------------------------------------------------------------------

Ligand
--------------------------------------------------------------------------------


--------------------------------------------------------------------------------
--- Chromosome decoded                                                       ---
--------------------------------------------------------------------------------
Ligand Torsions
[  18   17    2    4] -122.90
[   1    4    2   17]  -28.81
[  14   13    3   16]   11.93    matched torsion: aromatic methoxy
[   9    7    4    1]   47.78
[  20   21    5   25]   -1.27    matched torsion: aromatic amide
[  32    6   22   21]  -27.66
[   4    7    9   15]   67.78    matched torsion: benzyl
[  35   10   18   17]  -61.34
[  10   18   17    2]   30.87
[  20   19   18   10]   46.27
Mapping
Ligand acceptors to protein hydrogens (mapping then atom ids)
Ligand hydrogens to protein acceptors (mapping then atom ids)
  1   3 [ 29->2066]
Ligand shape atoms to protein points (mapping then atom ids & coords)
  1  7202 [  1->(-22.500   8.250  16.750)]
  2  7497 [  4->(-22.250   8.250  17.500)]
  3  5386 [  7->(-23.250   7.500  16.500)]
  4  3740 [ 11->(-23.750   5.750  13.750)]
  5  3585 [ 12->(-23.750   4.250  13.500)]
  6  3610 [ 14->(-23.750   4.500  13.250)]
  7  4418 [ 15->(-23.500   4.250  14.500)]
  8  5790 [ 16->(-23.000   2.000  12.500)]
  9  7521 [ 17->(-22.250   9.000  17.750)]
 10  7526 [ 18->(-22.250   9.000  19.000)]
 12  3282 [ 23->(-24.000  12.500  19.250)]
 13  7315 [ 24->(-22.500  11.250  18.750)]
 14  1882 [ 25->(-24.500  10.250  23.750)]
Chromosome values
Integers:
  -1   -1   -1   -1   -1    2   -1   -1   -1 7201 7496 5385 
3739 3584 3609 4417 5789 7520 7525   -1 3281 7314 1881 
--------------------------------------------------------------------------------

Current Ranking  3  4  5  1  2

Top  3 (of  5) solutions are within 1.000 RMSD, finishing docking /home/mateusz/Kasia/zajecia/dokowanie-karolina/ligandy/6ibl.mol2.


--------------------------------------------------------------------------------

* GA execution time :                                                           
  total  1.7146 user  1.7146 sys  0.0000

--------------------------------------------------------------------------------
Fitness function evaluations: 116225

--------------------------------------------------------------------------------
--- Ranking analysis                                                         ---
--------------------------------------------------------------------------------


* Final ranked order of GA solutions:                                           
   3  4  5  1  2 

  _______________________________
  RMSD Matrix of RANKED solutions

        2    3    4    5  

   1 :  0.6  0.6  1.3  0.9
   2 :       0.4  1.0  0.7
   3 :            1.1  0.8
   4 :                 0.8

  Clustering method                        : complete linkage
  Structure ids in cluster table           : rank nos.
  Ordering of clusters and their members   : by rank (order if from rms_analysis)

  Distance | Clusters
   0.40    |  1 |  2  3 |  4 |  5 |
   0.64    |  1  2  3 |  4 |  5 |
   0.84    |  1  2  3 |  4  5 |
   1.33    |  1  2  3  4  5 |
  Finished Docking Ligand                  : /home/mateusz/Kasia/zajecia/dokowanie-karolina/ligandy/6ibl.mol2
--------------------------------------------------------------------------------

  Relative_Ligand_Energy (best encountered) :   0.483
  Relative_Ligand_Energy: fitness values have been corrected using this amount
