
--------------------------------------------------------------------------------
--- Ligand                                                                   ---
--------------------------------------------------------------------------------
  Ligand loaded from file                  : /home/mateusz/Kasia/zajecia/dokowanie-karolina/ligandy/6h7m.mol2
  Ligand name                              :  
  "C:\Users\porto\OneDrive\projekt\beta1\ligandy\L_6h7m.pdb L_6h7m.pdb 1    "

--------------------------------------------------------------------------------
  N.plc donors                             : 
  none found

  Acidic nitrogen acceptors                : 
  none found
  Sulfur acceptors                         :
  none found


  Donor atoms                              :      4
  2   3   5   7   
  Acceptor atoms                           :      4
  2   3   5   7   

  Hydrogens                                :  (n = 4)
  19   20   23   26   

  Lone pairs added to molecule             :      7
  Numbering                                : from 39 to 45

--------------------------------------------------------------------------------
--- Postprocessing of typing                                                 ---
--------------------------------------------------------------------------------
  Fragment file                            : /opt/CCDC/GoldSuite_2017/GOLD/gold/rotatable_bond_override.mol2
  acylurea fragment                        : no matches
  thioacylthiourea fragment                : no matches
  acylthiourea fragment                    : no matches
  thioacylurea fragment                    : no matches
  diarylamine fragment >C.ar-NH-C.ar<      : no matches
  sec-amine (1) fragment                   : no matches
  sec-amine (2) fragment                   : no matches
  sec-amine (3) fragment                   : no matches
  carboxylic ester                         : no matches

* Rotatable bonds in /home/mateusz/Kasia/  :
  [   1    6] [   1    7] [   1   12] [   2    8] 
  [   2    6] [   3   15] [   4   16] [   4    5] 
  No. of rotatable bonds                   :      8


* Reading torsional distributions from file:
  /opt/CCDC/GoldSuite_2017/GOLD/gold/gold.tordist
  No. of bins in torsional distributions   :     36
  Minimum size of largest peak             :      0
  Removing high energy torsions            : on
  Delta E set to                           :   2.500

* Fragments found in /home/mateusz/Kasia/  :
  atom  12: benzene
  atom  13: benzene
  atom  14: benzene
  atom  15: benzene
  atom  16: benzene
  atom  17: benzene


* Checking torsion distributions:                                               
  No. of matched torsions                  :      0

--------------------------------------------------------------------------------
--- Shape fitting atoms selection (hydrophobic atoms)                        ---
--------------------------------------------------------------------------------
  Molecule                                 : /home/mateusz/Kasia/zajecia/dokowanie-karolina/ligandy/6h7m.mol2
  Selection                                : carbons only
  Atom numbers                             :  (n = 9)
  1    4    6    9    10   11   13   14   17   


--------------------------------------------------------------------------------
--- ChemScore ligand setup summary                                           ---
--------------------------------------------------------------------------------
  ChemScore ligand acceptors               :      4
  2 3 5 7 
  ChemScore ligand donors                  :      4
  2 ( 19  ) 3 ( 20  ) 5 ( 23  ) 7 ( 26  ) 
  ChemScore ligand CH donors               :      0
  

  ChemScore ligand lipophilic atoms        :  (n = 13)
  1    4    6    8    9    10   11   12   13   14   
  15   16   17   

  ChemScore ligand rotatable bonds         :      8
  1   (C1 ) - 6   (C3 ): SP3_SP3_BOND
  1   (C1 ) - 7   (O3 ): SP3_SP3_BOND
  1   (C1 ) - 12  (C8 ): SP3_SP2_BOND
  2   (N1 ) - 8   (C4 ): SP3_SP3_BOND
  2   (N1 ) - 6   (C3 ): SP3_SP3_BOND
  3   (O1 ) - 15  (C11): SP3_SP2_BOND
  4   (C2 ) - 16  (C12): SP3_SP2_BOND
  4   (C2 ) - 5   (O2 ): SP3_SP3_BOND

--------------------------------------------------------------------------------
--- PLP ligand setup summary                                                 ---
--------------------------------------------------------------------------------
    1    C1   C.3 NONPOLAR
    2    N1   N.3 DONACC
    3    O1   O.3 DONACC
    4    C2   C.3 NONPOLAR
    5    O2   O.3 DONACC
    6    C3   C.3 NONPOLAR
    7    O3   O.3 DONACC
    8    C4   C.3 NONPOLAR
    9    C5   C.3 NONPOLAR
   10    C6   C.3 NONPOLAR
   11    C7   C.3 NONPOLAR
   12    C8  C.ar NONPOLAR
   13    C9  C.ar NONPOLAR
   14   C10  C.ar NONPOLAR
   15   C11  C.ar NONPOLAR
   16   C12  C.ar NONPOLAR
   17   C13  C.ar NONPOLAR

--------------------------------------------------------------------------------
--- Automatic parameter setting                                              ---
--------------------------------------------------------------------------------
  Contribution base                        :   2500
  Contribution per rotatable bond          :   6000
  Contribution per df                      :   4000
  Contribution per water                   :  10000
  Ligand rotatable bonds                   :      8
  Protein flexible side chain bonds        :      0
  Total rotatable bonds                    :      8
  Hydrophobic vol ratio (P/L)              :   1.970
  Base multiplier (polar)                  :   1.600
  Base multiplier (apolar)                 :   3.546
  Base contribution                        : 12500.000
  Fitting points                           :      8
  Estimated maxops needed (optimal)        :  61000

--------------------------------------------------------------------------------

* Population settings                                                           
  maxops                                   :  61000
  popsiz                                   :    100
  select_pressure                          :   1.100
  n_islands                                :      5
  niche_siz                                :      2

* GA settings                                                                   
  pt_crosswt                               :     95
  allele_mutatewt                          :     95
  migratewt                                :     10

* Search settings                                                               
  start_vdw_linear_cutoff                  :   4.000
  initial_virtual_pt_match_max             :   3.000

--------------------------------------------------------------------------------

* Ligand initialisation time :                                                  
  total  0.0125 user  0.0125 sys  0.0000

--------------------------------------------------------------------------------

--------------------------------------------------------------------------------
** Docking run number  1 **
--------------------------------------------------------------------------------
  Rank fitness base is 5000.00 ; increment is 11.2233

* Initialising population(s) ...                                                
Number of constraints mappings 0
Number of constraints 0
  Population no.                           :      1
  Population size                          :    100
  Number of duplicates                     :      0
  Number of niche violations               :      0
  Number of errors                         :    242

Number of constraints mappings 0
Number of constraints 0
  Population no.                           :      2
  Population size                          :    100
  Number of duplicates                     :      0
  Number of niche violations               :      0
  Number of errors                         :    266

Number of constraints mappings 0
Number of constraints 0
  Population no.                           :      3
  Population size                          :    100
  Number of duplicates                     :      0
  Number of niche violations               :      0
  Number of errors                         :    250

Number of constraints mappings 0
Number of constraints 0
  Population no.                           :      4
  Population size                          :    100
  Number of duplicates                     :      0
  Number of niche violations               :      0
  Number of errors                         :    242

Number of constraints mappings 0
Number of constraints 0
  Population no.                           :      5
  Population size                          :    100
  Number of duplicates                     :      0
  Number of niche violations               :      0
  Number of errors                         :    256


Doing GA, no. of population(s) 5 size 100 selection pressure 1.100000

 Operation      Score     S(PLP)   S(hbond)     S(cho)   S(metal)  DE(clash)   DE(tors)     intcor
         0      21.50     -22.58       1.00       0.00       0.00       0.91       1.92       0.51
       614      27.01     -25.57       1.00       0.00       0.00       0.00       1.03       0.51
      1567      33.94     -34.45       1.00       0.00       0.00       0.20       1.90       0.51
      1711      35.29     -40.82       0.10       0.00       0.00       2.08       2.13       0.51
      2324      39.94     -38.61       0.90       0.00       0.00       0.00       0.94       0.51
      3684      40.95     -41.44       0.30       0.00       0.00       0.00       0.94       0.51
      4059      41.61     -42.38       0.27       0.00       0.00       0.00       0.94       0.29
      4344      43.50     -43.44       0.56       0.00       0.00       0.00       0.95       0.29
      4700      44.54     -44.37       0.67       0.00       0.00       0.00       1.07       0.29
      4770      44.94     -44.10       0.67       0.00       0.00       0.00       0.74       0.29
      5250      45.61     -44.69       0.70       0.00       0.00       0.00       0.74       0.29
      5290      45.78     -47.05       0.00       0.00       0.00       0.00       0.78       0.29
      5310      46.29     -47.45       0.00       0.00       0.00       0.00       0.72       0.29
      5555      50.66     -49.55       1.00       0.00       0.00       0.00       1.10       0.29
      7475      50.78     -49.68       1.00       0.00       0.00       0.00       1.10       0.29
      8120      50.90     -49.87       0.98       0.00       0.00       0.00       1.10       0.29
      8330      51.33     -49.92       1.00       0.00       0.00       0.00       0.94       0.29
      9803      52.41     -51.57       0.93       0.00       0.00       0.00       1.13       0.29
     13901      52.47     -50.83       1.00       0.00       0.00       0.08       0.78       0.29
     15103      52.52     -51.17       0.89       0.00       0.00       0.00       0.80       0.29
     16078      52.64     -51.72       0.93       0.00       0.00       0.00       1.09       0.29
     16225      52.80     -51.43       0.94       0.00       0.00       0.08       0.83       0.29
     17028      53.00     -52.44       0.84       0.00       0.00       0.00       1.13       0.29
     17158      53.16     -52.46       0.85       0.00       0.00       0.00       1.07       0.29
     18244      53.22     -52.47       0.85       0.00       0.00       0.08       1.00       0.29
     23924      53.28     -52.73       0.80       0.00       0.00       0.08       1.01       0.26
     25714      53.49     -52.58       0.90       0.00       0.00       0.00       1.02       0.26
     32258      53.77     -52.93       0.89       0.00       0.00       0.00       1.03       0.23
     35592      53.79     -52.92       0.89       0.00       0.00       0.00       1.01       0.22
     36249      53.79     -52.93       0.89       0.00       0.00       0.00       1.02       0.22
     38652      53.84     -52.99       0.92       0.00       0.00       0.10       1.02       0.22
     40193      53.90     -53.17       0.86       0.00       0.00       0.10       0.98       0.22
     40818      53.94     -53.17       0.86       0.00       0.00       0.00       1.01       0.22
     42618      54.15     -53.34       0.90       0.00       0.00       0.00       1.06       0.22
     46662      54.18     -53.34       0.90       0.00       0.00       0.00       1.05       0.22
--------------------------------------------------------------------------------
Best docking solution after GA:
     61000      54.18     -53.34       0.90       0.00       0.00       0.00       1.05       0.22

#ops:      61000 #mutates:  29069 #cross:    28909 #migrate:   3022 
#dups:     26311 #niche:    30459 #errors:     243 
--------------------------------------------------------------------------------

Doing AMOEBA simplex on best individual
Done simplexing #iterations 456, best score  54.71

Ligand is stored in gold_soln_6h7m_m1_1.mol2


--------------------------------------------------------------------------------
--- CHEMPLP breakdown of terms                                               ---
--------------------------------------------------------------------------------
CHEMPLP = - ( 1.0000*S(PLP) + -3.0000*S(hbond) + -6.0000*S(metal) + -3.0000*S(cho) )

Score = CHEMPLP - 1.0000*DE(clash) - 2.0000*DE(tors)

Internal energy term has been corrected with the best internal energy encountered.

--------------------------------------------------------------------------------


     Score     S(PLP)   S(hbond)     S(cho)   S(metal)  DE(clash)   DE(tors)     intcor
     54.71     -53.55       1.00       0.00       0.00       0.00       1.03       0.22

--------------------------------------------------------------------------------
--- PLP analysis of protein-ligand interactions                              ---
--------------------------------------------------------------------------------
hydrogen bonding        :      -3.84
metal                   :       0.00
buried (polar-nonpolar) :      -5.42
nonpolar                :     -45.43
repulsive               :       0.00
--------------------------------------------------------------------------------


--------------------------------------------------------------------------------
--- ChemScore analysis of protein-ligand interactions                        ---
--------------------------------------------------------------------------------

* Hydrogen bonds                                                                
Ligand donor    7 hydrogen   26 Protein acceptor 2066 bond energy  1.00 wt 1.00


* CH..O interactions                                                            
  CH group selection                       : activated ring CH (adjacent to hetatom)

--------------------------------------------------------------------------------


--------------------------------------------------------------------------------
--- Intra-ligand clashes                                                     ---
--------------------------------------------------------------------------------

Ligand
--------------------------------------------------------------------------------


--------------------------------------------------------------------------------
--- Chromosome decoded                                                       ---
--------------------------------------------------------------------------------
Ligand Torsions
[   2    6    1    7]  -83.52
[  26    7    1    6]   69.70
[  13   12    1    6]  122.11
[   9    8    2    6]   36.90
[   8    2    6    1]  135.37
[  20    3   15   14] -171.75
[   5    4   16   15]    3.17
[  23    5    4   16]   26.42
Mapping
Ligand acceptors to protein hydrogens (mapping then atom ids)
Ligand hydrogens to protein acceptors (mapping then atom ids)
  1   3 [ 19->2066]
  4   3 [ 26->2066]
Ligand shape atoms to protein points (mapping then atom ids & coords)
  1  4651 [  1->(-23.500   7.500  16.750)]
  3  8230 [  6->(-21.250   7.750  16.250)]
  4  8136 [  9->(-21.500   9.500  17.750)]
  6  8167 [ 11->(-21.500  10.750  18.000)]
  9  2937 [ 17->(-24.000   5.500  14.250)]
Chromosome values
Integers:
  -1   -1   -1   -1    2   -1   -1    2 4650   -1 8229 8135 
  -1 8166   -1   -1 2936 
--------------------------------------------------------------------------------

Current Ranking  1

--------------------------------------------------------------------------------

* GA execution time :                                                           
  total  2.0661 user  2.0621 sys  0.0040

--------------------------------------------------------------------------------
Fitness function evaluations: 99402

--------------------------------------------------------------------------------
** Docking run number  2 **
--------------------------------------------------------------------------------
  Rank fitness base is 5000.00 ; increment is 11.2233

* Initialising population(s) ...                                                
Number of constraints mappings 0
Number of constraints 0
  Population no.                           :      1
  Population size                          :    100
  Number of duplicates                     :      0
  Number of niche violations               :      0
  Number of errors                         :    217

Number of constraints mappings 0
Number of constraints 0
  Population no.                           :      2
  Population size                          :    100
  Number of duplicates                     :      0
  Number of niche violations               :      0
  Number of errors                         :    236

Number of constraints mappings 0
Number of constraints 0
  Population no.                           :      3
  Population size                          :    100
  Number of duplicates                     :      0
  Number of niche violations               :      0
  Number of errors                         :    249

Number of constraints mappings 0
Number of constraints 0
  Population no.                           :      4
  Population size                          :    100
  Number of duplicates                     :      0
  Number of niche violations               :      0
  Number of errors                         :    212

Number of constraints mappings 0
Number of constraints 0
  Population no.                           :      5
  Population size                          :    100
  Number of duplicates                     :      0
  Number of niche violations               :      0
  Number of errors                         :    253


Doing GA, no. of population(s) 5 size 100 selection pressure 1.100000

 Operation      Score     S(PLP)   S(hbond)     S(cho)   S(metal)  DE(clash)   DE(tors)     intcor
         0      21.95     -26.47       0.00       0.00       0.00       0.63       2.06       0.22
       192      26.34     -28.84       0.00       0.00       0.00       0.00       1.36       0.22
       671      26.70     -29.28       0.00       0.00       0.00       0.00       1.40       0.22
      1154      31.23     -32.02       0.00       0.00       0.00       0.00       0.51       0.22
      2984      31.28     -35.94       0.00       0.00       0.00       0.63       2.13       0.22
      4726      33.71     -38.44       0.00       0.00       0.00       0.36       2.29       0.22
      5289      35.75     -40.53       0.00       0.00       0.00       0.63       2.19       0.22
      6905      37.04     -37.77       0.00       0.00       0.00       0.00       0.48       0.22
      7040      37.43     -38.16       0.00       0.00       0.00       0.00       0.48       0.22
      7363      38.33     -39.12       0.00       0.00       0.00       0.00       0.51       0.22
      7710      38.57     -40.00       0.60       0.00       0.00       0.00       1.73       0.22
      7950      38.99     -40.02       0.60       0.00       0.00       0.00       1.53       0.22
      8810      42.75     -43.56       0.00       0.00       0.00       0.00       0.52       0.22
     14005      43.05     -43.97       0.00       0.00       0.00       0.00       0.57       0.22
     16086      43.41     -44.19       0.00       0.00       0.00       0.00       0.51       0.22
     21097      43.51     -44.37       0.00       0.00       0.00       0.00       0.54       0.22
     22755      45.05     -45.97       0.00       0.00       0.00       0.00       0.57       0.22
     23339      45.40     -46.18       0.00       0.00       0.00       0.00       0.51       0.22
     26586      46.45     -47.24       0.00       0.00       0.00       0.00       0.51       0.22
     26825      48.27     -46.60       1.00       0.00       0.00       0.00       0.78       0.22
     27761      48.46     -49.25       0.00       0.00       0.00       0.00       0.51       0.22
     33526      50.22     -49.25       0.59       0.00       0.00       0.00       0.51       0.21
     38556      51.45     -49.25       1.00       0.00       0.00       0.00       0.51       0.21
     57559      51.69     -49.51       0.96       0.00       0.00       0.00       0.43       0.16
     57752      51.90     -49.63       1.00       0.00       0.00       0.00       0.44       0.16
     60304      51.93     -49.50       1.00       0.00       0.00       0.00       0.36       0.16
--------------------------------------------------------------------------------
Best docking solution after GA:
     61000      51.93     -49.50       1.00       0.00       0.00       0.00       0.36       0.16

#ops:      61000 #mutates:  29015 #cross:    28933 #migrate:   3052 
#dups:     13277 #niche:    20635 #errors:     626 
--------------------------------------------------------------------------------

Doing AMOEBA simplex on best individual
Done simplexing #iterations 466, best score  53.74

Ligand is stored in gold_soln_6h7m_m1_2.mol2


--------------------------------------------------------------------------------
--- CHEMPLP breakdown of terms                                               ---
--------------------------------------------------------------------------------
CHEMPLP = - ( 1.0000*S(PLP) + -3.0000*S(hbond) + -6.0000*S(metal) + -3.0000*S(cho) )

Score = CHEMPLP - 1.0000*DE(clash) - 2.0000*DE(tors)

Internal energy term has been corrected with the best internal energy encountered.

--------------------------------------------------------------------------------


     Score     S(PLP)   S(hbond)     S(cho)   S(metal)  DE(clash)   DE(tors)     intcor
     53.74     -51.11       1.00       0.00       0.00       0.00       0.26       0.16

--------------------------------------------------------------------------------
--- PLP analysis of protein-ligand interactions                              ---
--------------------------------------------------------------------------------
hydrogen bonding        :      -1.00
metal                   :       0.00
buried (polar-nonpolar) :      -6.47
nonpolar                :     -42.75
repulsive               :       0.00
--------------------------------------------------------------------------------


--------------------------------------------------------------------------------
--- ChemScore analysis of protein-ligand interactions                        ---
--------------------------------------------------------------------------------

* Hydrogen bonds                                                                
Ligand donor    5 hydrogen   23 Protein acceptor 2066 bond energy  1.00 wt 1.00


* CH..O interactions                                                            
  CH group selection                       : activated ring CH (adjacent to hetatom)

--------------------------------------------------------------------------------


--------------------------------------------------------------------------------
--- Intra-ligand clashes                                                     ---
--------------------------------------------------------------------------------

Ligand
--------------------------------------------------------------------------------


--------------------------------------------------------------------------------
--- Chromosome decoded                                                       ---
--------------------------------------------------------------------------------
Ligand Torsions
[   2    6    1    7]  -75.54
[  26    7    1    6]   50.92
[  13   12    1    6] -113.19
[   9    8    2    6] -179.18
[   8    2    6    1] -172.71
[  20    3   15   14]  -12.73
[   5    4   16   15]  -65.37
[  23    5    4   16]  -65.03
Mapping
Ligand acceptors to protein hydrogens (mapping then atom ids)
Ligand hydrogens to protein acceptors (mapping then atom ids)
Ligand shape atoms to protein points (mapping then atom ids & coords)
  3  3808 [  6->(-23.750   6.500  15.000)]
  5  6074 [ 10->(-23.000   6.750  10.750)]
  6  1114 [ 11->(-24.750   5.500  10.500)]
  8  8377 [ 14->(-21.000   8.250  16.500)]
  9  6131 [ 17->(-23.000   8.000  17.000)]
Chromosome values
Integers:
  -1   -1   -1   -1   -1   -1   -1   -1   -1   -1 3807   -1 
6073 1113   -1 8376 6130 
--------------------------------------------------------------------------------

Current Ranking  1  2

--------------------------------------------------------------------------------

* GA execution time :                                                           
  total  1.9348 user  1.9308 sys  0.0040

--------------------------------------------------------------------------------
Fitness function evaluations: 102470

--------------------------------------------------------------------------------
** Docking run number  3 **
--------------------------------------------------------------------------------
  Rank fitness base is 5000.00 ; increment is 11.2233

* Initialising population(s) ...                                                
Number of constraints mappings 0
Number of constraints 0
  Population no.                           :      1
  Population size                          :    100
  Number of duplicates                     :      0
  Number of niche violations               :      0
  Number of errors                         :    225

Number of constraints mappings 0
Number of constraints 0
  Population no.                           :      2
  Population size                          :    100
  Number of duplicates                     :      0
  Number of niche violations               :      0
  Number of errors                         :    254

Number of constraints mappings 0
Number of constraints 0
  Population no.                           :      3
  Population size                          :    100
  Number of duplicates                     :      0
  Number of niche violations               :      0
  Number of errors                         :    271

Number of constraints mappings 0
Number of constraints 0
  Population no.                           :      4
  Population size                          :    100
  Number of duplicates                     :      0
  Number of niche violations               :      0
  Number of errors                         :    244

Number of constraints mappings 0
Number of constraints 0
  Population no.                           :      5
  Population size                          :    100
  Number of duplicates                     :      0
  Number of niche violations               :      0
  Number of errors                         :    269


Doing GA, no. of population(s) 5 size 100 selection pressure 1.100000

 Operation      Score     S(PLP)   S(hbond)     S(cho)   S(metal)  DE(clash)   DE(tors)     intcor
         0      26.78     -28.11       0.01       0.00       0.00       0.00       0.75       0.16
        65      31.36     -34.18       0.00       0.00       0.00       0.09       1.44       0.16
       395      31.61     -34.42       0.00       0.00       0.00       0.09       1.44       0.16
       480      35.82     -37.54       0.50       0.00       0.00       0.09       1.64       0.16
       515      35.86     -37.28       0.60       0.00       0.00       0.09       1.64       0.16
      2055      35.88     -38.56       0.18       0.00       0.00       0.09       1.64       0.16
      2817      36.44     -39.76       0.00       0.00       0.00       0.03       1.72       0.16
      3515      36.90     -40.13       0.00       0.00       0.00       0.09       1.64       0.16
      3885      40.87     -42.28       0.71       0.00       0.00       0.00       1.85       0.16
      5181      42.79     -46.30       0.00       0.00       0.00       0.00       1.83       0.16
      6710      44.78     -45.79       0.00       0.00       0.00       0.00       0.58       0.16
      7565      46.68     -45.96       1.09       0.00       0.00       0.00       1.35       0.16
     11760      46.81     -46.86       0.83       0.00       0.00       0.00       1.35       0.16
     11980      46.83     -46.08       1.09       0.00       0.00       0.00       1.34       0.16
     13303      48.17     -48.18       1.00       0.00       0.00       0.09       1.54       0.16
     13848      48.38     -49.04       1.00       0.00       0.00       0.00       1.91       0.16
     16408      48.59     -49.29       1.00       0.00       0.00       0.00       1.93       0.16
     17723      52.94     -52.11       1.00       0.00       0.00       0.00       1.16       0.16
     23303      53.02     -52.11       1.00       0.00       0.00       0.10       1.07       0.16
     24517      53.26     -52.39       1.00       0.00       0.00       0.00       1.14       0.16
     25193      53.28     -52.27       1.00       0.00       0.00       0.00       1.07       0.16
     25433      53.32     -52.25       1.00       0.00       0.00       0.00       1.04       0.16
     25778      53.37     -52.29       1.00       0.00       0.00       0.10       0.98       0.16
     26487      53.39     -52.39       1.00       0.00       0.00       0.00       1.08       0.16
     26733      53.42     -52.29       1.02       0.00       0.00       0.10       0.98       0.16
     28093      53.44     -52.26       1.00       0.00       0.00       0.00       0.99       0.16
     28913      53.52     -52.27       1.00       0.00       0.00       0.10       0.90       0.16
     28971      53.55     -52.54       1.00       0.00       0.00       0.10       1.02       0.16
     29184      53.71     -52.81       0.94       0.00       0.00       0.00       1.04       0.16
     29764      53.93     -52.86       0.94       0.00       0.00       0.10       0.90       0.16
     32634      53.98     -52.86       0.94       0.00       0.00       0.00       0.93       0.16
     33493      53.98     -52.92       0.96       0.00       0.00       0.10       0.93       0.16
     33863      54.33     -53.23       0.99       0.00       0.00       0.00       1.02       0.16
     39878      54.51     -53.24       0.99       0.00       0.00       0.00       0.93       0.16
     41574      54.53     -53.35       0.98       0.00       0.00       0.00       0.95       0.16
     41774      54.80     -53.66       0.96       0.00       0.00       0.00       0.95       0.16
     43893      54.81     -53.64       0.98       0.00       0.00       0.00       0.95       0.16
     50223      54.84     -53.43       1.04       0.00       0.00       0.00       0.93       0.16
     52981      54.88     -53.60       0.99       0.00       0.00       0.00       0.93       0.16
     55696      54.93     -53.60       1.01       0.00       0.00       0.00       0.93       0.16
     58091      54.95     -53.58       1.03       0.00       0.00       0.00       0.94       0.16
     60016      54.96     -53.61       1.01       0.00       0.00       0.00       0.91       0.16
--------------------------------------------------------------------------------
Best docking solution after GA:
     61000      54.96     -53.61       1.01       0.00       0.00       0.00       0.91       0.16

#ops:      61000 #mutates:  28988 #cross:    28991 #migrate:   3021 
#dups:     17606 #niche:    27047 #errors:     404 
--------------------------------------------------------------------------------

Doing AMOEBA simplex on best individual
Done simplexing #iterations 488, best score  55.42

Ligand is stored in gold_soln_6h7m_m1_3.mol2


--------------------------------------------------------------------------------
--- CHEMPLP breakdown of terms                                               ---
--------------------------------------------------------------------------------
CHEMPLP = - ( 1.0000*S(PLP) + -3.0000*S(hbond) + -6.0000*S(metal) + -3.0000*S(cho) )

Score = CHEMPLP - 1.0000*DE(clash) - 2.0000*DE(tors)

Internal energy term has been corrected with the best internal energy encountered.

--------------------------------------------------------------------------------


     Score     S(PLP)   S(hbond)     S(cho)   S(metal)  DE(clash)   DE(tors)     intcor
     55.42     -53.96       1.05       0.00       0.00       0.00       0.93       0.16

--------------------------------------------------------------------------------
--- PLP analysis of protein-ligand interactions                              ---
--------------------------------------------------------------------------------
hydrogen bonding        :      -4.62
metal                   :       0.00
buried (polar-nonpolar) :      -3.86
nonpolar                :     -44.07
repulsive               :       0.00
--------------------------------------------------------------------------------


--------------------------------------------------------------------------------
--- ChemScore analysis of protein-ligand interactions                        ---
--------------------------------------------------------------------------------

* Hydrogen bonds                                                                
Ligand donor    2 hydrogen   19 Protein acceptor 2066 bond energy  1.00 wt 1.00
Ligand donor    7 hydrogen   26 Protein acceptor 2066 bond energy  1.00 wt 0.05


* CH..O interactions                                                            
  CH group selection                       : activated ring CH (adjacent to hetatom)

--------------------------------------------------------------------------------


--------------------------------------------------------------------------------
--- Intra-ligand clashes                                                     ---
--------------------------------------------------------------------------------

Ligand
--------------------------------------------------------------------------------


--------------------------------------------------------------------------------
--- Chromosome decoded                                                       ---
--------------------------------------------------------------------------------
Ligand Torsions
[   2    6    1    7]  -92.22
[  26    7    1    6]   70.72
[  13   12    1    6]  121.56
[   9    8    2    6]   41.14
[   8    2    6    1]  151.27
[  20    3   15   14] -174.37
[   5    4   16   15]  119.14
[  23    5    4   16] -140.22
Mapping
Ligand acceptors to protein hydrogens (mapping then atom ids)
Ligand hydrogens to protein acceptors (mapping then atom ids)
  1   3 [ 19->2066]
Ligand shape atoms to protein points (mapping then atom ids & coords)
  3  6114 [  6->(-23.000   7.500  16.500)]
  4  7260 [  9->(-22.500   9.500  17.750)]
  6  7573 [ 11->(-22.250  10.750  18.250)]
  7  5122 [ 13->(-23.250   3.750  15.500)]
  9  3743 [ 17->(-23.750   5.750  14.500)]
Chromosome values
Integers:
  -1   -1   -1   -1    2   -1   -1   -1   -1   -1 6113 7259 
  -1 7572 5121   -1 3742 
--------------------------------------------------------------------------------

Current Ranking  3  1  2

--------------------------------------------------------------------------------

* GA execution time :                                                           
  total  1.5603 user  1.5563 sys  0.0040

--------------------------------------------------------------------------------
Fitness function evaluations: 100480

--------------------------------------------------------------------------------
** Docking run number  4 **
--------------------------------------------------------------------------------
  Rank fitness base is 5000.00 ; increment is 11.2233

* Initialising population(s) ...                                                
Number of constraints mappings 0
Number of constraints 0
  Population no.                           :      1
  Population size                          :    100
  Number of duplicates                     :      0
  Number of niche violations               :      0
  Number of errors                         :    262

Number of constraints mappings 0
Number of constraints 0
  Population no.                           :      2
  Population size                          :    100
  Number of duplicates                     :      0
  Number of niche violations               :      0
  Number of errors                         :    248

Number of constraints mappings 0
Number of constraints 0
  Population no.                           :      3
  Population size                          :    100
  Number of duplicates                     :      0
  Number of niche violations               :      0
  Number of errors                         :    219

Number of constraints mappings 0
Number of constraints 0
  Population no.                           :      4
  Population size                          :    100
  Number of duplicates                     :      0
  Number of niche violations               :      0
  Number of errors                         :    248

Number of constraints mappings 0
Number of constraints 0
  Population no.                           :      5
  Population size                          :    100
  Number of duplicates                     :      0
  Number of niche violations               :      0
  Number of errors                         :    230


Doing GA, no. of population(s) 5 size 100 selection pressure 1.100000

 Operation      Score     S(PLP)   S(hbond)     S(cho)   S(metal)  DE(clash)   DE(tors)     intcor
         0      26.74     -32.06       0.02       0.00       0.00       1.94       1.77       0.10
      1168      28.85     -29.53       0.00       0.00       0.00       0.00       0.39       0.10
      1433      32.05     -35.69       0.00       0.00       0.00       0.00       1.87       0.10
      1463      32.50     -36.32       0.00       0.00       0.00       0.00       1.96       0.10
      1625      33.15     -38.29       0.00       0.00       0.00       0.29       2.48       0.10
      2663      34.93     -36.15       0.91       0.00       0.00       0.53       1.76       0.10
      2792      35.74     -39.39       0.00       0.00       0.00       0.00       1.87       0.10
      3089      38.37     -41.10       0.00       0.00       0.00       0.00       1.42       0.10
      3914      38.90     -41.11       0.00       0.00       0.00       0.00       1.16       0.10
      4084      41.05     -43.78       0.00       0.00       0.00       0.00       1.42       0.10
      4238      44.25     -46.98       0.00       0.00       0.00       0.00       1.42       0.10
      6319      44.95     -47.68       0.00       0.00       0.00       0.00       1.42       0.10
     10802      45.11     -47.60       0.00       0.00       0.00       0.00       1.29       0.10
     12870      45.36     -47.49       0.00       0.00       0.00       0.03       1.10       0.10
     14230      46.06     -48.79       0.00       0.00       0.00       0.00       1.42       0.10
     16045      46.75     -49.74       0.00       0.00       0.00       0.00       1.55       0.10
     17190      46.97     -49.81       0.00       0.00       0.00       0.00       1.48       0.10
     20398      48.22     -47.19       0.99       0.00       0.00       0.00       1.02       0.10
     21058      48.54     -49.37       0.76       0.00       0.00       0.00       1.61       0.10
     22938      48.97     -49.03       0.81       0.00       0.00       0.00       1.30       0.10
     24114      49.12     -47.60       0.99       0.00       0.00       0.00       0.78       0.10
     25964      49.28     -47.88       1.00       0.00       0.00       0.00       0.86       0.10
     26939      50.09     -48.85       1.00       0.00       0.00       0.00       0.93       0.10
     30264      50.57     -49.33       1.00       0.00       0.00       0.00       0.93       0.10
     34099      50.86     -49.59       1.00       0.00       0.00       0.00       0.92       0.10
     40573      50.99     -49.61       1.00       0.00       0.00       0.00       0.86       0.10
     42517      51.02     -49.62       1.00       0.00       0.00       0.00       0.85       0.10
     43243      51.30     -50.30       0.91       0.00       0.00       0.00       0.92       0.10
     47817      51.40     -50.24       1.00       0.00       0.00       0.00       0.98       0.10
     50018      51.54     -50.40       0.91       0.00       0.00       0.00       0.85       0.10
     51269      51.73     -50.60       0.94       0.00       0.00       0.00       0.90       0.10
     51938      52.47     -53.02       0.80       0.00       0.00       0.00       1.52       0.10
     56443      52.68     -52.91       0.79       0.00       0.00       0.00       1.36       0.10
     58048      52.70     -52.79       0.84       0.00       0.00       0.00       1.36       0.10
     59203      52.74     -53.06       0.77       0.00       0.00       0.00       1.36       0.10
     60490      52.81     -50.92       1.26       0.00       0.00       0.00       1.00       0.10
     60630      52.90     -50.95       1.26       0.00       0.00       0.00       0.98       0.10
--------------------------------------------------------------------------------
Best docking solution after GA:
     61000      52.90     -50.95       1.26       0.00       0.00       0.00       0.98       0.10

#ops:      61000 #mutates:  29221 #cross:    28784 #migrate:   2995 
#dups:     13968 #niche:    25193 #errors:     369 
--------------------------------------------------------------------------------

Doing AMOEBA simplex on best individual
Done simplexing #iterations 507, best score  55.19

Ligand is stored in gold_soln_6h7m_m1_4.mol2


--------------------------------------------------------------------------------
--- CHEMPLP breakdown of terms                                               ---
--------------------------------------------------------------------------------
CHEMPLP = - ( 1.0000*S(PLP) + -3.0000*S(hbond) + -6.0000*S(metal) + -3.0000*S(cho) )

Score = CHEMPLP - 1.0000*DE(clash) - 2.0000*DE(tors)

Internal energy term has been corrected with the best internal energy encountered.

--------------------------------------------------------------------------------


     Score     S(PLP)   S(hbond)     S(cho)   S(metal)  DE(clash)   DE(tors)     intcor
     55.19     -52.68       1.47       0.00       0.00       0.00       1.01       0.10

--------------------------------------------------------------------------------
--- PLP analysis of protein-ligand interactions                              ---
--------------------------------------------------------------------------------
hydrogen bonding        :      -5.21
metal                   :       0.00
buried (polar-nonpolar) :      -3.54
nonpolar                :     -44.17
repulsive               :       0.00
--------------------------------------------------------------------------------


--------------------------------------------------------------------------------
--- ChemScore analysis of protein-ligand interactions                        ---
--------------------------------------------------------------------------------

* Hydrogen bonds                                                                
Ligand donor    2 hydrogen   19 Protein acceptor 2066 bond energy  1.00 wt 0.93
Ligand donor    7 hydrogen   26 Protein acceptor 2066 bond energy  1.00 wt 0.55


* CH..O interactions                                                            
  CH group selection                       : activated ring CH (adjacent to hetatom)

--------------------------------------------------------------------------------


--------------------------------------------------------------------------------
--- Intra-ligand clashes                                                     ---
--------------------------------------------------------------------------------

Ligand
--------------------------------------------------------------------------------


--------------------------------------------------------------------------------
--- Chromosome decoded                                                       ---
--------------------------------------------------------------------------------
Ligand Torsions
[   2    6    1    7]  -77.03
[  26    7    1    6]   75.03
[  13   12    1    6]  125.94
[   9    8    2    6]  -86.54
[   8    2    6    1]  138.71
[  20    3   15   14]   14.98
[   5    4   16   15]  120.37
[  23    5    4   16] -111.19
Mapping
Ligand acceptors to protein hydrogens (mapping then atom ids)
Ligand hydrogens to protein acceptors (mapping then atom ids)
  1   3 [ 19->2066]
Ligand shape atoms to protein points (mapping then atom ids & coords)
  1  5357 [  1->(-23.250   6.750  17.000)]
  2  2279 [  4->(-24.250   6.250  11.000)]
  3  3890 [  6->(-23.750   8.250  16.000)]
  5  5506 [ 10->(-23.250  10.000  18.250)]
  6  8139 [ 11->(-21.500   9.500  18.500)]
  8  5866 [ 14->(-23.000   3.500  15.000)]
Chromosome values
Integers:
  -1   -1   -1   -1    2   -1   -1   -1 5356 2278 3889   -1 
5505 8138   -1 5865   -1 
--------------------------------------------------------------------------------

Current Ranking  3  4  1  2

Top  3 (of  4) solutions are within 1.000 RMSD, finishing docking /home/mateusz/Kasia/zajecia/dokowanie-karolina/ligandy/6h7m.mol2.


--------------------------------------------------------------------------------

* GA execution time :                                                           
  total  1.1740 user  1.1700 sys  0.0040

--------------------------------------------------------------------------------
Fitness function evaluations: 101716

--------------------------------------------------------------------------------
--- Ranking analysis                                                         ---
--------------------------------------------------------------------------------


* Final ranked order of GA solutions:                                           
   3  4  1  2 

  _______________________________
  RMSD Matrix of RANKED solutions

        2    3    4  

   1 :  0.3  0.8  6.4
   2 :       0.9  6.4
   3 :            6.6

  Clustering method                        : complete linkage
  Structure ids in cluster table           : rank nos.
  Ordering of clusters and their members   : by rank (order if from rms_analysis)

  Distance | Clusters
   0.29    |  1  2 |  3 |  4 |
   0.86    |  1  2  3 |  4 |
   6.57    |  1  2  3  4 |
  Finished Docking Ligand                  : /home/mateusz/Kasia/zajecia/dokowanie-karolina/ligandy/6h7m.mol2
--------------------------------------------------------------------------------

  Relative_Ligand_Energy (best encountered) :   0.104
  Relative_Ligand_Energy: fitness values have been corrected using this amount
