# WARNING: atom    7 in E:/Projekt modelowanie/beta2/ligandy/2rh1.mol2 is type  N.ar resetting to type N.pl3 (set_atom_type)

--------------------------------------------------------------------------------
--- Ligand                                                                   ---
--------------------------------------------------------------------------------
  Ligand loaded from file                  : E:/Projekt modelowanie/beta2/ligandy/2rh1.mol2
  Ligand name                              :  
  "C:\Users\porto\OneDrive\projekt\beta2\ligandy\L_2rh1.pdb L_2rh1.pdb 1    "

--------------------------------------------------------------------------------
  N.plc donors                             : 
  pro:    7 
  

  Acidic nitrogen acceptors                : 
  none found
  Sulfur acceptors                         :
  none found


  Donor atoms                              :      3
  7   17  19  
  Acceptor atoms                           :      3
  14  17  19  

  Hydrogens                                :  (n = 3)
  27   34   37   

  Lone pairs added to molecule             :      5
  Numbering                                : from 45 to 49

  Free ring corners                        : 
  

--------------------------------------------------------------------------------
--- Match Ring Templates                                                     ---
--------------------------------------------------------------------------------

  Ring torsional energy                    : on

  Number of matched rings                  :      0

--------------------------------------------------------------------------------

  Flippable nitrogens in E:/Projekt modelowanie/beta2/ligandy/2rh1.mol2: 19Nitrogen number 19
Rotation X atom: 18 Y atom 20
Number of rotatable atoms = 2
Atoms to rotate: 37, 49, 
Virtual hydrogens to rotate: 3, 
Virtual lps to rotate: 5, 


--------------------------------------------------------------------------------
--- Postprocessing of typing                                                 ---
--------------------------------------------------------------------------------
  Fragment file                            : C:\Program Files (x86)\CCDC/GoldSuite_2017\GOLD\gold\rotatable_bond_override.mol2
  acylurea fragment                        : no matches
  thioacylthiourea fragment                : no matches
  acylthiourea fragment                    : no matches
  thioacylurea fragment                    : no matches
  diarylamine fragment >C.ar-NH-C.ar<      : no matches
  sec-amine (1) fragment                   : no matches
  sec-amine (2) fragment                   : no matches
  sec-amine (3) fragment                   : no matches
  carboxylic ester                         : no matches

* Rotatable bonds in E:/Projekt modelowan  :
  [  13   14] [  14   15] [  15   16] [  16   18] 
  [  16   17] [  18   19] [  19   20] 
  No. of rotatable bonds                   :      7


* Reading torsional distributions from file:
  C:\Program Files (x86)\CCDC/GoldSuite_2017\GOLD\gold\gold.tordist
  No. of bins in torsional distributions   :     36
  Minimum size of largest peak             :      0
  Removing high energy torsions            : on
  Delta E set to                           :   2.500

* Fragments found in E:/Projekt modelowan  :
  atom   1: benzene
  atom   2: benzene
  atom   3: benzene
  atom   4: benzene
  atom   5: benzene
  atom   6: benzene
  atom   8: benzene
  atom   9: benzene
  atom  10: benzene
  atom  11: benzene
  atom  12: benzene
  atom  13: benzene


* Checking torsion distributions:                                               
  Rotatable bond [12 13 14 15] matches torsion: ortho-substituoed aromatic-aliphatic ether
   C.ar ( 1H ) | C.ar ( C.ar ( 0H ) ) | O.3 | C.3 ( 2H ) 
  No. of matched torsions                  :      1

--------------------------------------------------------------------------------
--- Shape fitting atoms selection (hydrophobic atoms)                        ---
--------------------------------------------------------------------------------
  Molecule                                 : E:/Projekt modelowanie/beta2/ligandy/2rh1.mol2
  Selection                                : carbons only
  Atom numbers                             :  (n = 13)
  1    2    5    6    10   11   12   15   16   18   
  20   21   22   


--------------------------------------------------------------------------------
--- ChemScore ligand setup summary                                           ---
--------------------------------------------------------------------------------
  ChemScore ligand acceptors               :      3
  14 17 19 
  ChemScore ligand donors                  :      3
  7 ( 27 [+]  ) 17 ( 34  ) 19 ( 37  ) 
  ChemScore ligand CH donors               :      0
  

  ChemScore ligand lipophilic atoms        :  (n = 18)
  1    2    3    4    5    6    8    9    10   11   
  12   13   15   16   18   20   21   22   

  ChemScore ligand rotatable bonds         :      7
  13  (C13) - 14  (O14): SP3_SP2_BOND
  14  (O14) - 15  (C15): SP3_SP3_BOND
  15  (C15) - 16  (C16): SP3_SP3_BOND
  16  (C16) - 18  (C18): SP3_SP3_BOND
  16  (C16) - 17  (O17): SP3_SP3_BOND
  18  (C18) - 19  (N19): SP3_SP3_BOND
  19  (N19) - 20  (C20): SP3_SP3_BOND

--------------------------------------------------------------------------------
--- PLP ligand setup summary                                                 ---
--------------------------------------------------------------------------------
    1    C1  C.ar NONPOLAR
    2    C2  C.ar NONPOLAR
    3    C3  C.ar NONPOLAR
    4    C4  C.ar NONPOLAR
    5    C5  C.ar NONPOLAR
    6    C6  C.ar NONPOLAR
    7    N7 N.pl3 DONOR
    8    C8  C.ar NONPOLAR
    9    C9  C.ar NONPOLAR
   10   C10  C.ar NONPOLAR
   11   C11  C.ar NONPOLAR
   12   C12  C.ar NONPOLAR
   13   C13  C.ar NONPOLAR
   14   O14   O.3 ACCEPTOR
   15   C15   C.3 NONPOLAR
   16   C16   C.3 NONPOLAR
   17   O17   O.3 DONACC
   18   C18   C.3 NONPOLAR
   19   N19   N.3 DONACC
   20   C20   C.3 NONPOLAR
   21   C21   C.3 NONPOLAR
   22   C22   C.3 NONPOLAR

--------------------------------------------------------------------------------
--- Automatic parameter setting                                              ---
--------------------------------------------------------------------------------
  Contribution base                        :   2500
  Contribution per rotatable bond          :   6000
  Contribution per df                      :   4000
  Contribution per water                   :  10000
  Ligand rotatable bonds                   :      7
  Protein flexible side chain bonds        :      0
  Total rotatable bonds                    :      7
  Hydrophobic vol ratio (P/L)              :   0.862
  Base multiplier (polar)                  :   1.200
  Base multiplier (apolar)                 :   2.242
  Base contribution                        : 7500.000
  Fitting points                           :      6
  Other degrees of freedom                 :      1
     Flipping nitrogens                    :      1
  Estimated maxops needed (optimal)        :  54000

--------------------------------------------------------------------------------

* Population settings                                                           
  maxops                                   :  54000
  popsiz                                   :    100
  select_pressure                          :   1.100
  n_islands                                :      5
  niche_siz                                :      2

* GA settings                                                                   
  pt_crosswt                               :     95
  allele_mutatewt                          :     95
  migratewt                                :     10

* Search settings                                                               
  start_vdw_linear_cutoff                  :   4.000
  initial_virtual_pt_match_max             :   3.000

--------------------------------------------------------------------------------

* Ligand initialisation time :                                                  
  total  0.0000 user  0.0000 sys  0.0000

--------------------------------------------------------------------------------

--------------------------------------------------------------------------------
** Docking run number  1 **
--------------------------------------------------------------------------------
  Rank fitness base is 5000.00 ; increment is 11.2233

* Initialising population(s) ...                                                
Number of constraints mappings 0
Number of constraints 0
  Population no.                           :      1
  Population size                          :    100
  Number of duplicates                     :      0
  Number of niche violations               :      0
  Number of errors                         :      2

Number of constraints mappings 0
Number of constraints 0
  Population no.                           :      2
  Population size                          :    100
  Number of duplicates                     :      0
  Number of niche violations               :      0

Number of constraints mappings 0
Number of constraints 0
  Population no.                           :      3
  Population size                          :    100
  Number of duplicates                     :      0
  Number of niche violations               :      0
  Number of errors                         :      1

Number of constraints mappings 0
Number of constraints 0
  Population no.                           :      4
  Population size                          :    100
  Number of duplicates                     :      0
  Number of niche violations               :      0
  Number of errors                         :      3

Number of constraints mappings 0
Number of constraints 0
  Population no.                           :      5
  Population size                          :    100
  Number of duplicates                     :      0
  Number of niche violations               :      0
  Number of errors                         :      6


Doing GA, no. of population(s) 5 size 100 selection pressure 1.100000

 Operation      Score     S(PLP)   S(hbond)     S(cho)   S(metal)  DE(clash)   DE(tors)     intcor
         0      38.07     -40.72       0.27       0.00       0.00       0.00       2.06       0.65
       488      44.42     -51.42       0.00       0.00       0.00       6.24       0.71       0.65
      2017      44.81     -47.09       0.00       0.00       0.00       0.00       1.47       0.65
      2555      47.56     -52.25       0.00       0.00       0.00       0.00       2.68       0.65
      3253      48.08     -55.08       0.00       0.00       0.00       6.24       0.71       0.65
      3282      49.46     -51.94       0.00       0.00       0.00       1.51       0.82       0.65
      3450      49.57     -55.06       0.00       0.00       0.00       2.16       1.99       0.65
      4104      49.90     -50.84       0.51       0.00       0.00       0.00       1.57       0.65
      4240      51.82     -55.06       0.78       0.00       0.00       2.16       2.04       0.65
      4305      52.58     -55.58       0.86       0.00       0.00       2.16       2.04       0.65
      5184      53.51     -51.11       1.60       0.00       0.00       0.00       1.53       0.65
      5295      54.77     -58.29       0.00       0.00       0.00       0.00       2.09       0.65
      5719      56.60     -57.60       0.00       0.00       0.00       0.00       0.83       0.65
      6860      57.45     -59.40       0.52       0.00       0.00       0.00       2.09       0.65
      7070      57.82     -59.41       0.52       0.00       0.00       0.00       1.91       0.65
      7768      59.02     -56.84       1.01       0.00       0.00       0.00       0.76       0.65
      8465      62.13     -61.93       1.00       0.00       0.00       0.00       1.73       0.65
     10273      62.38     -59.48       1.35       0.00       0.00       0.00       0.86       0.58
     10575      62.78     -62.61       1.00       0.00       0.00       0.00       1.71       0.58
     11384      63.47     -65.06       0.00       0.00       0.00       0.00       1.08       0.58
     12121      63.75     -64.09       1.00       0.00       0.00       0.00       1.96       0.58
     12431      64.17     -64.51       1.00       0.00       0.00       0.00       1.96       0.58
     13256      64.32     -64.45       1.00       0.00       0.00       0.00       1.71       0.29
     13500      64.70     -64.86       1.00       0.00       0.00       0.00       1.73       0.29
     15025      64.87     -65.03       1.00       0.00       0.00       0.00       1.73       0.29
     16126      64.90     -64.56       1.00       0.00       0.00       0.00       1.48       0.29
     16166      64.97     -65.11       1.00       0.00       0.00       0.00       1.72       0.29
     16346      65.41     -66.00       1.00       0.00       0.00       0.00       1.94       0.29
     16845      66.32     -64.29       1.00       0.00       0.00       0.00       0.63       0.29
     18715      67.51     -66.07       0.80       0.00       0.00       0.00       0.63       0.29
     20560      67.80     -66.31       0.80       0.00       0.00       0.00       0.60       0.29
     20955      67.82     -66.31       0.80       0.00       0.00       0.00       0.59       0.29
     21436      68.02     -66.34       0.85       0.00       0.00       0.00       0.58       0.29
     23260      68.40     -66.31       1.00       0.00       0.00       0.00       0.60       0.29
     24056      68.47     -66.34       1.00       0.00       0.00       0.00       0.58       0.29
     25725      68.49     -66.34       1.00       0.00       0.00       0.00       0.57       0.29
     26077      68.58     -67.07       0.94       0.00       0.00       0.00       0.81       0.29
     27196      68.66     -67.07       0.99       0.00       0.00       0.00       0.81       0.22
     28742      69.37     -65.90       1.40       0.00       0.00       0.00       0.48       0.22
     33588      69.56     -65.90       1.46       0.00       0.00       0.00       0.48       0.22
     34317      69.67     -65.90       1.50       0.00       0.00       0.00       0.48       0.22
     34763      69.90     -65.90       1.58       0.00       0.00       0.00       0.48       0.22
     37732      69.91     -65.91       1.58       0.00       0.00       0.00       0.48       0.22
     37993      70.05     -67.05       1.45       0.00       0.00       0.00       0.79       0.22
     41048      70.15     -67.04       1.50       0.00       0.00       0.00       0.79       0.19
     42247      70.16     -67.06       1.50       0.00       0.00       0.00       0.79       0.19
     44327      70.23     -67.07       1.50       0.00       0.00       0.00       0.74       0.15
     47619      70.24     -67.07       1.50       0.00       0.00       0.00       0.74       0.15
     48387      70.27     -67.00       1.49       0.00       0.00       0.00       0.67       0.15
     49382      70.37     -67.07       1.55       0.00       0.00       0.00       0.74       0.15
     50959      70.37     -67.07       1.55       0.00       0.00       0.00       0.74       0.15
     51254      70.38     -67.03       1.54       0.00       0.00       0.00       0.71       0.15
     51363      70.41     -66.99       1.54       0.00       0.00       0.00       0.67       0.15
     52397      70.42     -67.00       1.54       0.00       0.00       0.00       0.67       0.15
     53422      70.43     -66.98       1.55       0.00       0.00       0.00       0.67       0.15
--------------------------------------------------------------------------------
Best docking solution after GA:
     54000      70.43     -66.98       1.55       0.00       0.00       0.00       0.67       0.15

#ops:      54000 #mutates:  25668 #cross:    25621 #migrate:   2711 
#dups:     18418 #niche:    43676 #errors:      62 
--------------------------------------------------------------------------------

Doing AMOEBA simplex on best individual
Done simplexing #iterations 719, best score  74.19

Ligand is stored in gold_soln_2rh1_m1_1.mol2


--------------------------------------------------------------------------------
--- CHEMPLP breakdown of terms                                               ---
--------------------------------------------------------------------------------
CHEMPLP = - ( 1.0000*S(PLP) + -3.0000*S(hbond) + -6.0000*S(metal) + -3.0000*S(cho) )

Score = CHEMPLP - 1.0000*DE(clash) - 2.0000*DE(tors)

Internal energy term has been corrected with the best internal energy encountered.

--------------------------------------------------------------------------------


     Score     S(PLP)   S(hbond)     S(cho)   S(metal)  DE(clash)   DE(tors)     intcor
     74.19     -69.32       1.89       0.00       0.00       0.00       0.48       0.15

--------------------------------------------------------------------------------
--- PLP analysis of protein-ligand interactions                              ---
--------------------------------------------------------------------------------
hydrogen bonding        :      -2.00
metal                   :       0.00
buried (polar-nonpolar) :      -6.78
nonpolar                :     -62.10
repulsive               :       0.02
--------------------------------------------------------------------------------


--------------------------------------------------------------------------------
--- ChemScore analysis of protein-ligand interactions                        ---
--------------------------------------------------------------------------------

* Hydrogen bonds                                                                
Ligand donor   19 hydrogen   37 Protein acceptor 4098 bond energy  1.00 wt 1.00
Protein donor 4024 hydrogen 4033 Ligand acceptor   17 bond energy  1.00 wt 0.89


* CH..O interactions                                                            
  CH group selection                       : activated ring CH (adjacent to hetatom)

--------------------------------------------------------------------------------


--------------------------------------------------------------------------------
--- Intra-ligand clashes                                                     ---
--------------------------------------------------------------------------------

Ligand
--------------------------------------------------------------------------------


--------------------------------------------------------------------------------
--- Chromosome decoded                                                       ---
--------------------------------------------------------------------------------
Ligand Torsions
[  12   13   14   15]   -0.70    matched torsion: ortho-substituoed aromatic-aliphatic ether
[  13   14   15   16]  175.23
[  18   16   15   14]  176.10
[  19   18   16   15]  -72.77
[  34   17   16   15] -160.63
[  20   19   18   16] -160.03
[  21   20   19   18]  -65.74
Pyramidal nitrogens flipped: 19 
Pyramidal nitrogens not flipped: 
Protein Torsions
[4175 4166 4165 4163]  149.38 
[1294 1290 1288 1285]  -57.09 
[4033 4024 4023 4021]   42.94 
[1412 1408 1406 1403] -172.96 
[2830 2825 2824 2821]  -97.59 
[2723 2714 2713 2711]   84.48 
[2773 2768 2767 2764]  -55.90 
Mapping
Ligand acceptors to protein hydrogens (mapping then atom ids)
Ligand hydrogens to protein acceptors (mapping then atom ids)
Ligand shape atoms to protein points (mapping then atom ids & coords)
  1  5668 [  1->(-25.750   7.750   6.750)]
  2  5635 [  2->(-26.000  10.000   5.500)]
  3  4936 [  5->(-27.250   8.250   6.750)]
  4  5468 [  6->(-26.250   8.500   7.000)]
  5  4380 [ 10->(-30.000  11.750   6.500)]
  6  4140 [ 11->(-30.750  11.500   7.250)]
  7  4263 [ 12->(-30.250   9.250   6.750)]
  8  3844 [ 15->(-31.250   8.750   7.500)]
  9  3145 [ 16->(-32.250   6.250   8.500)]
 10  2684 [ 18->(-33.000   5.500   8.750)]
 11  2521 [ 20->(-33.250   4.250   9.250)]
 12   989 [ 21->(-36.000   5.250  10.750)]
Chromosome values
Integers:
  -1   -1   -1   -1   -1   -1 5667 5634 4935 5467 4379 4139 
4262 3843 3144 2683 2520  988   -1 
--------------------------------------------------------------------------------

Current Ranking  1

--------------------------------------------------------------------------------

* GA execution time :                                                           
  total  5.0000 user  4.9999 sys  0.0000

--------------------------------------------------------------------------------
Fitness function evaluations: 90094

--------------------------------------------------------------------------------
** Docking run number  2 **
--------------------------------------------------------------------------------
  Rank fitness base is 5000.00 ; increment is 11.2233

* Initialising population(s) ...                                                
Number of constraints mappings 0
Number of constraints 0
  Population no.                           :      1
  Population size                          :    100
  Number of duplicates                     :      0
  Number of niche violations               :      0
  Number of errors                         :      3

Number of constraints mappings 0
Number of constraints 0
  Population no.                           :      2
  Population size                          :    100
  Number of duplicates                     :      0
  Number of niche violations               :      0
  Number of errors                         :      1

Number of constraints mappings 0
Number of constraints 0
  Population no.                           :      3
  Population size                          :    100
  Number of duplicates                     :      0
  Number of niche violations               :      0

Number of constraints mappings 0
Number of constraints 0
  Population no.                           :      4
  Population size                          :    100
  Number of duplicates                     :      0
  Number of niche violations               :      0

Number of constraints mappings 0
Number of constraints 0
  Population no.                           :      5
  Population size                          :    100
  Number of duplicates                     :      0
  Number of niche violations               :      0
  Number of errors                         :      1


Doing GA, no. of population(s) 5 size 100 selection pressure 1.100000

 Operation      Score     S(PLP)   S(hbond)     S(cho)   S(metal)  DE(clash)   DE(tors)     intcor
         0      39.57     -42.42       0.00       0.00       0.00       0.00       1.51       0.15
      1506      46.28     -48.39       0.05       0.00       0.00       0.00       1.21       0.15
      1905      52.30     -55.95       1.00       0.00       0.00       5.62       0.60       0.15
      3260      52.35     -58.01       0.68       0.00       0.00       2.63       2.61       0.15
      4915      52.62     -57.80       0.00       0.00       0.00       2.63       1.35       0.15
      4937      52.96     -55.11       0.00       0.00       0.00       0.00       1.15       0.15
      5702      53.96     -55.69       0.24       0.00       0.00       0.00       1.30       0.15
      5997      55.25     -57.36       0.11       0.00       0.00       0.00       1.30       0.15
      6397      56.29     -58.41       0.11       0.00       0.00       0.00       1.30       0.15
      7247      57.18     -56.78       0.54       0.00       0.00       0.00       0.69       0.15
      7452      60.04     -61.27       0.00       0.00       0.00       0.00       0.69       0.15
      7772      60.27     -63.16       0.00       0.00       0.00       0.00       1.52       0.15
      8372      63.24     -62.21       0.75       0.00       0.00       0.00       0.69       0.15
     10172      63.38     -62.57       0.75       0.00       0.00       0.00       0.79       0.15
     10927      63.40     -62.63       0.70       0.00       0.00       0.00       0.74       0.15
     11056      64.60     -65.32       0.00       0.00       0.00       0.00       0.43       0.15
     12242      65.92     -67.03       1.94       0.00       0.00       0.00       3.55       0.15
     13077      74.24     -73.53       1.94       0.00       0.00       0.00       2.64       0.15
     16767      75.21     -74.20       1.98       0.00       0.00       0.00       2.53       0.15
     21011      75.93     -74.91       1.93       0.00       0.00       0.00       2.46       0.15
     26562      76.80     -75.53       1.91       0.00       0.00       0.00       2.31       0.15
     26617      76.85     -75.53       1.91       0.00       0.00       0.00       2.29       0.15
     30977      77.06     -75.67       1.93       0.00       0.00       0.00       2.27       0.15
     39935      77.29     -76.02       1.93       0.00       0.00       0.00       2.33       0.15
     43820      77.41     -75.99       1.94       0.00       0.00       0.00       2.28       0.15
     44553      77.61     -75.85       1.93       0.00       0.00       0.00       2.09       0.15
     49454      77.71     -75.95       1.93       0.00       0.00       0.00       2.09       0.15
     50469      79.08     -77.26       1.96       0.00       0.00       0.00       2.11       0.15
     50759      79.12     -77.26       1.96       0.00       0.00       0.00       2.09       0.15
     51764      79.15     -77.30       1.96       0.00       0.00       0.00       2.09       0.15
     51874      79.78     -77.84       2.00       0.00       0.00       0.00       2.11       0.15
     52534      80.19     -78.34       1.96       0.00       0.00       0.00       2.09       0.15
--------------------------------------------------------------------------------
Best docking solution after GA:
     54000      80.19     -78.34       1.96       0.00       0.00       0.00       2.09       0.15

#ops:      54000 #mutates:  25703 #cross:    25593 #migrate:   2704 
#dups:     18015 #niche:    41817 #errors:      82 
--------------------------------------------------------------------------------

Doing AMOEBA simplex on best individual
Done simplexing #iterations 380, best score  81.75

Ligand is stored in gold_soln_2rh1_m1_2.mol2


--------------------------------------------------------------------------------
--- CHEMPLP breakdown of terms                                               ---
--------------------------------------------------------------------------------
CHEMPLP = - ( 1.0000*S(PLP) + -3.0000*S(hbond) + -6.0000*S(metal) + -3.0000*S(cho) )

Score = CHEMPLP - 1.0000*DE(clash) - 2.0000*DE(tors)

Internal energy term has been corrected with the best internal energy encountered.

--------------------------------------------------------------------------------


     Score     S(PLP)   S(hbond)     S(cho)   S(metal)  DE(clash)   DE(tors)     intcor
     81.75     -79.45       1.94       0.00       0.00       0.00       1.84       0.15

--------------------------------------------------------------------------------
--- PLP analysis of protein-ligand interactions                              ---
--------------------------------------------------------------------------------
hydrogen bonding        :      -3.84
metal                   :       0.00
buried (polar-nonpolar) :      -9.67
nonpolar                :     -67.93
repulsive               :       0.07
--------------------------------------------------------------------------------


--------------------------------------------------------------------------------
--- ChemScore analysis of protein-ligand interactions                        ---
--------------------------------------------------------------------------------

* Hydrogen bonds                                                                
Ligand donor   17 hydrogen   34 Protein acceptor 1334 bond energy  1.00 wt 1.00
Protein donor 4097 hydrogen 4104 Ligand acceptor   17 bond energy  1.00 wt 0.94


* CH..O interactions                                                            
  CH group selection                       : activated ring CH (adjacent to hetatom)

--------------------------------------------------------------------------------


--------------------------------------------------------------------------------
--- Intra-ligand clashes                                                     ---
--------------------------------------------------------------------------------

Ligand
--------------------------------------------------------------------------------


--------------------------------------------------------------------------------
--- Chromosome decoded                                                       ---
--------------------------------------------------------------------------------
Ligand Torsions
[  12   13   14   15]    2.73    matched torsion: ortho-substituoed aromatic-aliphatic ether
[  13   14   15   16]  152.04
[  18   16   15   14]  -51.12
[  19   18   16   15]  157.23
[  34   17   16   15]   58.65
[  20   19   18   16]  112.41
[  21   20   19   18] -169.72
Pyramidal nitrogens flipped: 19 
Pyramidal nitrogens not flipped: 
Protein Torsions
[4175 4166 4165 4163]   79.19 
[1294 1290 1288 1285]  -45.67 
[4033 4024 4023 4021]  -24.55 
[1412 1408 1406 1403]  -71.82 
[2830 2825 2824 2821]   55.85 
[2723 2714 2713 2711]  128.29 
[2773 2768 2767 2764]  123.42 
Mapping
Ligand acceptors to protein hydrogens (mapping then atom ids)
Ligand hydrogens to protein acceptors (mapping then atom ids)
Ligand shape atoms to protein points (mapping then atom ids & coords)
  1  5320 [  1->(-26.500   7.750   6.750)]
  2  5845 [  2->(-25.000   9.250   6.000)]
  3  5065 [  5->(-27.000   8.250   6.750)]
  5  5014 [ 10->(-27.250  11.000   5.500)]
 10  3860 [ 18->(-31.250   9.500   6.750)]
 11  2473 [ 20->(-33.500   6.750   6.750)]
Chromosome values
Integers:
  -1   -1   -1   -1   -1   -1 5319 5844 5064   -1 5013   -1 
  -1   -1   -1 3859 2472   -1   -1 
--------------------------------------------------------------------------------

Current Ranking  2  1

--------------------------------------------------------------------------------

* GA execution time :                                                           
  total  4.0003 user  4.0003 sys  0.0000

--------------------------------------------------------------------------------
Fitness function evaluations: 90214

--------------------------------------------------------------------------------
** Docking run number  3 **
--------------------------------------------------------------------------------
  Rank fitness base is 5000.00 ; increment is 11.2233

* Initialising population(s) ...                                                
Number of constraints mappings 0
Number of constraints 0
  Population no.                           :      1
  Population size                          :    100
  Number of duplicates                     :      0
  Number of niche violations               :      0
  Number of errors                         :      4

Number of constraints mappings 0
Number of constraints 0
  Population no.                           :      2
  Population size                          :    100
  Number of duplicates                     :      0
  Number of niche violations               :      0

Number of constraints mappings 0
Number of constraints 0
  Population no.                           :      3
  Population size                          :    100
  Number of duplicates                     :      0
  Number of niche violations               :      0
  Number of errors                         :      1

Number of constraints mappings 0
Number of constraints 0
  Population no.                           :      4
  Population size                          :    100
  Number of duplicates                     :      0
  Number of niche violations               :      0
  Number of errors                         :      2

Number of constraints mappings 0
Number of constraints 0
  Population no.                           :      5
  Population size                          :    100
  Number of duplicates                     :      0
  Number of niche violations               :      0
  Number of errors                         :      1


Doing GA, no. of population(s) 5 size 100 selection pressure 1.100000

 Operation      Score     S(PLP)   S(hbond)     S(cho)   S(metal)  DE(clash)   DE(tors)     intcor
         0      42.48     -48.14       0.00       0.00       0.00       0.00       2.91       0.15
       847      42.99     -48.44       1.00       0.00       0.00       0.00       4.30       0.15
      2200      58.45     -57.54       0.94       0.00       0.00       0.00       1.04       0.15
      6361      58.86     -57.93       0.94       0.00       0.00       0.00       1.02       0.15
      7385      59.26     -58.32       0.94       0.00       0.00       0.00       1.02       0.15
      8146      59.67     -57.96       2.00       0.00       0.00       0.00       2.22       0.15
      8855      60.68     -59.42       2.00       0.00       0.00       0.00       2.45       0.15
      9230      60.80     -59.53       1.86       0.00       0.00       0.00       2.22       0.15
      9875      61.06     -59.94       1.79       0.00       0.00       0.00       2.20       0.15
     10125      61.24     -59.63       1.97       0.00       0.00       0.00       2.22       0.15
     10422      62.58     -61.31       1.86       0.00       0.00       0.00       2.22       0.15
     10467      63.57     -61.96       1.97       0.00       0.00       0.00       2.22       0.15
     12097      63.93     -62.07       1.97       0.00       0.00       0.00       2.10       0.15
     13458      64.52     -66.39       0.00       0.00       0.00       0.00       1.01       0.15
     14068      68.72     -66.15       1.39       0.00       0.00       0.00       0.88       0.15
     15347      69.98     -67.19       1.36       0.00       0.00       0.00       0.72       0.15
     15552      73.69     -70.76       1.40       0.00       0.00       0.00       0.72       0.15
     28109      74.70     -71.73       1.00       0.00       0.00       0.00       0.04       0.05
     38064      74.89     -71.92       1.00       0.00       0.00       0.00       0.04       0.05
     43713      74.93     -73.58       0.95       0.00       0.00       0.00       0.78       0.05
     44820      74.97     -72.01       1.00       0.00       0.00       0.00       0.05       0.05
     48710      75.11     -73.65       0.94       0.00       0.00       0.00       0.70       0.05
     49586      75.32     -70.79       2.00       0.00       0.00       0.00       0.76       0.05
     49990      76.76     -74.37       1.04       0.00       0.00       0.00       0.40       0.05
     51790      77.09     -75.81       0.68       0.00       0.00       0.00       0.40       0.04
     52425      77.23     -75.70       0.76       0.00       0.00       0.00       0.39       0.04
--------------------------------------------------------------------------------
Best docking solution after GA:
     54000      77.23     -75.70       0.76       0.00       0.00       0.00       0.39       0.04

#ops:      54000 #mutates:  25516 #cross:    25764 #migrate:   2720 
#dups:     17882 #niche:    43518 #errors:      58 
--------------------------------------------------------------------------------

Doing AMOEBA simplex on best individual
Done simplexing #iterations 850, best score  81.72

Ligand is stored in gold_soln_2rh1_m1_3.mol2


--------------------------------------------------------------------------------
--- CHEMPLP breakdown of terms                                               ---
--------------------------------------------------------------------------------
CHEMPLP = - ( 1.0000*S(PLP) + -3.0000*S(hbond) + -6.0000*S(metal) + -3.0000*S(cho) )

Score = CHEMPLP - 1.0000*DE(clash) - 2.0000*DE(tors)

Internal energy term has been corrected with the best internal energy encountered.

--------------------------------------------------------------------------------


     Score     S(PLP)   S(hbond)     S(cho)   S(metal)  DE(clash)   DE(tors)     intcor
     81.72     -78.93       1.00       0.00       0.00       0.00       0.12       0.04

--------------------------------------------------------------------------------
--- PLP analysis of protein-ligand interactions                              ---
--------------------------------------------------------------------------------
hydrogen bonding        :      -4.00
metal                   :       0.00
buried (polar-nonpolar) :      -9.90
nonpolar                :     -66.21
repulsive               :       0.10
--------------------------------------------------------------------------------


--------------------------------------------------------------------------------
--- ChemScore analysis of protein-ligand interactions                        ---
--------------------------------------------------------------------------------

* Hydrogen bonds                                                                
Ligand donor   17 hydrogen   34 Protein acceptor 4098 bond energy  1.00 wt 1.00


* CH..O interactions                                                            
  CH group selection                       : activated ring CH (adjacent to hetatom)

--------------------------------------------------------------------------------


--------------------------------------------------------------------------------
--- Intra-ligand clashes                                                     ---
--------------------------------------------------------------------------------

Ligand
--------------------------------------------------------------------------------


--------------------------------------------------------------------------------
--- Chromosome decoded                                                       ---
--------------------------------------------------------------------------------
Ligand Torsions
[  12   13   14   15]   -2.08    matched torsion: ortho-substituoed aromatic-aliphatic ether
[  13   14   15   16] -179.03
[  18   16   15   14]  -68.08
[  19   18   16   15] -173.59
[  34   17   16   15] -169.33
[  20   19   18   16]  179.89
[  21   20   19   18]  -53.62
Pyramidal nitrogens flipped: 19 
Pyramidal nitrogens not flipped: 
Protein Torsions
[4175 4166 4165 4163]   37.47 
[1294 1290 1288 1285]   84.53 
[4033 4024 4023 4021]  -82.03 
[1412 1408 1406 1403]  -11.07 
[2830 2825 2824 2821]  170.52 
[2723 2714 2713 2711]   81.52 
[2773 2768 2767 2764]  108.54 
Mapping
Ligand acceptors to protein hydrogens (mapping then atom ids)
Ligand hydrogens to protein acceptors (mapping then atom ids)
Ligand shape atoms to protein points (mapping then atom ids & coords)
  4  4935 [  6->(-27.250   8.000   7.250)]
  5  5432 [ 10->(-26.500  12.000   5.000)]
  6  4906 [ 11->(-27.500  12.250   5.500)]
 10  3376 [ 18->(-32.000   7.750   7.250)]
Chromosome values
Integers:
  -1   -1   -1   -1   -1   -1   -1   -1   -1 4934 5431 4905 
  -1   -1   -1 3375   -1   -1   -1 
--------------------------------------------------------------------------------

Current Ranking  2  3  1

--------------------------------------------------------------------------------

* GA execution time :                                                           
  total  4.9996 user  4.9995 sys  0.0000

--------------------------------------------------------------------------------
Fitness function evaluations: 91147

--------------------------------------------------------------------------------
** Docking run number  4 **
--------------------------------------------------------------------------------
  Rank fitness base is 5000.00 ; increment is 11.2233

* Initialising population(s) ...                                                
Number of constraints mappings 0
Number of constraints 0
  Population no.                           :      1
  Population size                          :    100
  Number of duplicates                     :      0
  Number of niche violations               :      0
  Number of errors                         :      6

Number of constraints mappings 0
Number of constraints 0
  Population no.                           :      2
  Population size                          :    100
  Number of duplicates                     :      0
  Number of niche violations               :      0
  Number of errors                         :      3

Number of constraints mappings 0
Number of constraints 0
  Population no.                           :      3
  Population size                          :    100
  Number of duplicates                     :      0
  Number of niche violations               :      0
  Number of errors                         :      4

Number of constraints mappings 0
Number of constraints 0
  Population no.                           :      4
  Population size                          :    100
  Number of duplicates                     :      0
  Number of niche violations               :      0
  Number of errors                         :      2

Number of constraints mappings 0
Number of constraints 0
  Population no.                           :      5
  Population size                          :    100
  Number of duplicates                     :      0
  Number of niche violations               :      0
  Number of errors                         :      1


Doing GA, no. of population(s) 5 size 100 selection pressure 1.100000

 Operation      Score     S(PLP)   S(hbond)     S(cho)   S(metal)  DE(clash)   DE(tors)     intcor
         0      35.59     -38.98       1.61       0.00       0.00       2.33       2.95       0.04
        84      35.59     -38.98       1.61       0.00       0.00       2.33       2.95       0.04
      1254      38.73     -46.38       0.18       0.00       0.00       2.33       2.95       0.04
      1504      38.74     -47.12       0.43       0.00       0.00       2.33       3.69       0.04
      1902      45.87     -62.29       0.54       0.00       0.00      13.89       2.10       0.04
      3462      57.14     -60.55       0.00       0.00       0.00       0.00       1.73       0.04
      3722      60.19     -60.55       1.00       0.00       0.00       0.00       1.70       0.04
      4092      62.00     -65.42       0.00       0.00       0.00       0.00       1.73       0.04
      5817      62.66     -63.02       1.00       0.00       0.00       0.00       1.70       0.04
      6432      62.86     -62.94       1.00       0.00       0.00       0.00       1.56       0.04
      7277      65.06     -65.42       1.00       0.00       0.00       0.00       1.70       0.04
     11776      66.17     -66.13       1.48       0.00       0.00       0.00       2.22       0.04
     13154      67.82     -67.50       1.22       0.00       0.00       0.00       1.69       0.04
     16484      67.93     -67.50       1.26       0.00       0.00       0.00       1.69       0.04
     17179      68.03     -67.69       1.22       0.00       0.00       0.00       1.68       0.04
     17848      68.74     -67.96       1.22       0.00       0.00       0.00       1.46       0.04
     20063      68.87     -68.09       1.23       0.00       0.00       0.00       1.48       0.04
     21661      69.60     -69.51       1.49       0.00       0.00       0.00       2.22       0.04
     22189      70.72     -69.37       1.22       0.00       0.00       0.00       1.16       0.04
     33510      70.81     -69.30       1.22       0.00       0.00       0.00       1.08       0.04
     35399      71.59     -67.45       1.84       0.00       0.00       0.00       0.71       0.04
     50592      71.95     -67.87       1.96       0.00       0.00       0.00       0.92       0.04
     51057      78.88     -76.37       1.91       0.00       0.00       0.29       1.49       0.04
     52312      78.94     -76.12       1.96       0.00       0.00       0.29       1.41       0.04
     52907      80.92     -77.97       2.04       0.00       0.00       0.29       1.46       0.04
     53462      81.11     -78.22       2.04       0.00       0.00       0.29       1.49       0.04
     53962      81.55     -77.09       2.00       0.00       0.00       0.00       0.79       0.04
--------------------------------------------------------------------------------
Best docking solution after GA:
     54000      81.55     -77.09       2.00       0.00       0.00       0.00       0.79       0.04

#ops:      54000 #mutates:  25695 #cross:    25631 #migrate:   2674 
#dups:     15914 #niche:    42301 #errors:      69 
--------------------------------------------------------------------------------

Doing AMOEBA simplex on best individual
Done simplexing #iterations 666, best score  85.66

Ligand is stored in gold_soln_2rh1_m1_4.mol2


--------------------------------------------------------------------------------
--- CHEMPLP breakdown of terms                                               ---
--------------------------------------------------------------------------------
CHEMPLP = - ( 1.0000*S(PLP) + -3.0000*S(hbond) + -6.0000*S(metal) + -3.0000*S(cho) )

Score = CHEMPLP - 1.0000*DE(clash) - 2.0000*DE(tors)

Internal energy term has been corrected with the best internal energy encountered.

--------------------------------------------------------------------------------


     Score     S(PLP)   S(hbond)     S(cho)   S(metal)  DE(clash)   DE(tors)     intcor
     85.66     -80.78       1.99       0.00       0.00       0.00       0.57       0.04

--------------------------------------------------------------------------------
--- PLP analysis of protein-ligand interactions                              ---
--------------------------------------------------------------------------------
hydrogen bonding        :      -3.66
metal                   :       0.00
buried (polar-nonpolar) :     -10.55
nonpolar                :     -67.92
repulsive               :       0.09
--------------------------------------------------------------------------------


--------------------------------------------------------------------------------
--- ChemScore analysis of protein-ligand interactions                        ---
--------------------------------------------------------------------------------

* Hydrogen bonds                                                                
Ligand donor   17 hydrogen   34 Protein acceptor 1334 bond energy  1.00 wt 1.00
Protein donor 4097 hydrogen 4104 Ligand acceptor   17 bond energy  1.00 wt 0.99


* CH..O interactions                                                            
  CH group selection                       : activated ring CH (adjacent to hetatom)

--------------------------------------------------------------------------------


--------------------------------------------------------------------------------
--- Intra-ligand clashes                                                     ---
--------------------------------------------------------------------------------

Ligand
--------------------------------------------------------------------------------


--------------------------------------------------------------------------------
--- Chromosome decoded                                                       ---
--------------------------------------------------------------------------------
Ligand Torsions
[  12   13   14   15]  -17.63    matched torsion: ortho-substituoed aromatic-aliphatic ether
[  13   14   15   16]  175.83
[  18   16   15   14]  -40.89
[  19   18   16   15] -179.76
[  34   17   16   15]   77.85
[  20   19   18   16]  177.09
[  21   20   19   18]  -42.25
Pyramidal nitrogens flipped: 
Pyramidal nitrogens not flipped: 19 
Protein Torsions
[4175 4166 4165 4163]   71.72 
[1294 1290 1288 1285]  -71.06 
[4033 4024 4023 4021]   32.89 
[1412 1408 1406 1403]  -33.39 
[2830 2825 2824 2821]  161.86 
[2723 2714 2713 2711]  108.00 
[2773 2768 2767 2764] -126.75 
Mapping
Ligand acceptors to protein hydrogens (mapping then atom ids)
Ligand hydrogens to protein acceptors (mapping then atom ids)
  2   5 [ 34->1334]
Ligand shape atoms to protein points (mapping then atom ids & coords)
  1  5453 [  1->(-26.250   8.000   7.250)]
  2  5753 [  2->(-25.500   8.000   6.250)]
  3  5350 [  5->(-26.500   8.750   7.000)]
  5  5417 [ 10->(-26.500  11.000   5.250)]
  6  4727 [ 11->(-28.000  13.000   5.500)]
  8  3494 [ 15->(-32.000  11.500   7.500)]
 11  2420 [ 20->(-33.500   5.750   6.750)]
Chromosome values
Integers:
  -1   -1   -1   -1    4   -1 5452 5752 5349   -1 5416 4726 
  -1 3493   -1   -1 2419   -1   -1 
--------------------------------------------------------------------------------

Current Ranking  4  2  3  1

Top  3 (of  4) solutions are within 1.000 RMSD, finishing docking E:/Projekt modelowanie/beta2/ligandy/2rh1.mol2.


--------------------------------------------------------------------------------

* GA execution time :                                                           
  total  4.0002 user  4.0001 sys  0.0001

--------------------------------------------------------------------------------
Fitness function evaluations: 90828

--------------------------------------------------------------------------------
--- Ranking analysis                                                         ---
--------------------------------------------------------------------------------


* Final ranked order of GA solutions:                                           
   4  2  3  1 

  _______________________________
  RMSD Matrix of RANKED solutions

        2    3    4  

   1 :  0.3  0.5  3.3
   2 :       0.6  3.3
   3 :            3.2

  Clustering method                        : complete linkage
  Structure ids in cluster table           : rank nos.
  Ordering of clusters and their members   : by rank (order if from rms_analysis)

  Distance | Clusters
   0.31    |  1  2 |  3 |  4 |
   0.58    |  1  2  3 |  4 |
   3.32    |  1  2  3  4 |
  Finished Docking Ligand                  : E:/Projekt modelowanie/beta2/ligandy/2rh1.mol2
--------------------------------------------------------------------------------

  Relative_Ligand_Energy (best encountered) :   0.036
  Relative_Ligand_Energy: fitness values have been corrected using this amount
