
--------------------------------------------------------------------------------
--- Ligand                                                                   ---
--------------------------------------------------------------------------------
  Ligand loaded from file                  : E:/Projekt modelowanie/beta2/ligandy/3ny8.mol2
  Ligand name                              :  
  "C:\Users\porto\OneDrive\projekt\beta2\ligandy\L_3ny8.pdb L_3ny8.pdb 1    "

--------------------------------------------------------------------------------
  N.plc donors                             : 
  none found

  Acidic nitrogen acceptors                : 
  none found
  Sulfur acceptors                         :
  none found


  Donor atoms                              :      2
  2   5   
  Acceptor atoms                           :      3
  2   3   5   

  Hydrogens                                :  (n = 2)
  23   26   

  Lone pairs added to molecule             :      5
  Numbering                                : from 48 to 52

--------------------------------------------------------------------------------
--- Postprocessing of typing                                                 ---
--------------------------------------------------------------------------------
  Fragment file                            : C:\Program Files (x86)\CCDC/GoldSuite_2017\GOLD\gold\rotatable_bond_override.mol2
  acylurea fragment                        : no matches
  thioacylthiourea fragment                : no matches
  acylthiourea fragment                    : no matches
  thioacylurea fragment                    : no matches
  diarylamine fragment >C.ar-NH-C.ar<      : no matches
  sec-amine (1) fragment                   : no matches
  sec-amine (2) fragment                   : no matches
  sec-amine (3) fragment                   : no matches
  carboxylic ester                         : no matches

* Rotatable bonds in E:/Projekt modelowan  :
  [   2   16] [   2   18] [   3   13] [   3   14] 
  [   5   15] [  14   15] [  15   16] 
  No. of rotatable bonds                   :      7


* Fragments found in E:/Projekt modelowan  :
  atom   7: benzene
  atom   8: benzene
  atom   9: benzene
  atom  11: benzene
  atom  12: benzene
  atom  13: benzene


* Checking torsion distributions:                                               
  Rotatable bond [12 13  3 14] matches torsion: ortho-substituoed aromatic-aliphatic ether
   C.ar ( 1H ) | C.ar ( C.ar ( 0H ) ) | O.3 | C.3 ( 2H ) 
  No. of matched torsions                  :      1

--------------------------------------------------------------------------------
--- Shape fitting atoms selection (hydrophobic atoms)                        ---
--------------------------------------------------------------------------------
  Molecule                                 : E:/Projekt modelowanie/beta2/ligandy/3ny8.mol2
  Selection                                : carbons only
  Atom numbers                             :  (n = 13)
  1    4    6    10   11   12   14   15   16   17   
  18   19   20   


--------------------------------------------------------------------------------
--- ChemScore ligand setup summary                                           ---
--------------------------------------------------------------------------------
  ChemScore ligand acceptors               :      3
  2 3 5 
  ChemScore ligand donors                  :      2
  2 ( 23  ) 5 ( 26  ) 
  ChemScore ligand CH donors               :      0
  

  ChemScore ligand lipophilic atoms        :  (n = 17)
  1    4    6    7    8    9    10   11   12   13   
  14   15   16   17   18   19   20   

  ChemScore ligand rotatable bonds         :      7
  2   (N1 ) - 16  (C13): SP3_SP3_BOND
  2   (N1 ) - 18  (C15): SP3_SP3_BOND
  3   (O1 ) - 13  (C10): SP3_SP2_BOND
  3   (O1 ) - 14  (C11): SP3_SP3_BOND
  5   (O2 ) - 15  (C12): SP3_SP3_BOND
  14  (C11) - 15  (C12): SP3_SP3_BOND
  15  (C12) - 16  (C13): SP3_SP3_BOND

--------------------------------------------------------------------------------
--- PLP ligand setup summary                                                 ---
--------------------------------------------------------------------------------
    1    C1   C.3 NONPOLAR
    2    N1   N.3 DONACC
    3    O1   O.3 ACCEPTOR
    4    C2   C.3 NONPOLAR
    5    O2   O.3 DONACC
    6    C3   C.3 NONPOLAR
    7    C4  C.ar NONPOLAR
    8    C5  C.ar NONPOLAR
    9    C6  C.ar NONPOLAR
   10    C7   C.3 NONPOLAR
   11    C8  C.ar NONPOLAR
   12    C9  C.ar NONPOLAR
   13   C10  C.ar NONPOLAR
   14   C11   C.3 NONPOLAR
   15   C12   C.3 NONPOLAR
   16   C13   C.3 NONPOLAR
   17   C14   C.3 NONPOLAR
   18   C15   C.3 NONPOLAR
   19   C16   C.3 NONPOLAR
   20   C17   C.3 NONPOLAR

--------------------------------------------------------------------------------
--- Automatic parameter setting                                              ---
--------------------------------------------------------------------------------
  Contribution base                        :   2500
  Contribution per rotatable bond          :   6000
  Contribution per df                      :   4000
  Contribution per water                   :  10000
  Ligand rotatable bonds                   :      7
  Protein flexible side chain bonds        :      0
  Total rotatable bonds                    :      7
  Hydrophobic vol ratio (P/L)              :   0.862
  Base multiplier (polar)                  :   1.000
  Base multiplier (apolar)                 :   2.242
  Base contribution                        : 7500.000
  Fitting points                           :      5
  Estimated maxops needed (optimal)        :  50000

--------------------------------------------------------------------------------

* Population settings                                                           
  maxops                                   :  50000
  popsiz                                   :    100
  select_pressure                          :   1.100
  n_islands                                :      5
  niche_siz                                :      2

* GA settings                                                                   
  pt_crosswt                               :     95
  allele_mutatewt                          :     95
  migratewt                                :     10

* Search settings                                                               
  start_vdw_linear_cutoff                  :   4.000
  initial_virtual_pt_match_max             :   3.000

--------------------------------------------------------------------------------

* Ligand initialisation time :                                                  
  total  0.0000 user  0.0000 sys  0.0000

--------------------------------------------------------------------------------

--------------------------------------------------------------------------------
** Docking run number  1 **
--------------------------------------------------------------------------------
  Rank fitness base is 5000.00 ; increment is 11.2233

* Initialising population(s) ...                                                
Number of constraints mappings 0
Number of constraints 0
  Population no.                           :      1
  Population size                          :    100
  Number of duplicates                     :      0
  Number of niche violations               :      0
  Number of errors                         :      3

Number of constraints mappings 0
Number of constraints 0
  Population no.                           :      2
  Population size                          :    100
  Number of duplicates                     :      0
  Number of niche violations               :      0

Number of constraints mappings 0
Number of constraints 0
  Population no.                           :      3
  Population size                          :    100
  Number of duplicates                     :      0
  Number of niche violations               :      0
  Number of errors                         :      1

Number of constraints mappings 0
Number of constraints 0
  Population no.                           :      4
  Population size                          :    100
  Number of duplicates                     :      0
  Number of niche violations               :      0
  Number of errors                         :      2

Number of constraints mappings 0
Number of constraints 0
  Population no.                           :      5
  Population size                          :    100
  Number of duplicates                     :      0
  Number of niche violations               :      0
  Number of errors                         :      1


Doing GA, no. of population(s) 5 size 100 selection pressure 1.100000

 Operation      Score     S(PLP)   S(hbond)     S(cho)   S(metal)  DE(clash)   DE(tors)     intcor
         0      25.55     -35.90       0.00       0.00       0.00       8.76       1.33       0.97
       534      30.41     -39.51       0.53       0.00       0.00       5.98       2.83       0.97
      1604      33.92     -42.16       0.84       0.00       0.00       5.98       2.83       0.90
      2753      35.00     -43.28       0.82       0.00       0.00       5.98       2.82       0.90
      2943      36.82     -47.89       0.00       0.00       0.00       6.47       2.75       0.90
      2980      39.31     -41.15       1.00       0.00       0.00       0.00       2.87       0.90
      3571      41.58     -39.82       0.94       0.00       0.00       0.00       0.98       0.90
      3946      47.33     -45.41       0.99       0.00       0.00       0.00       0.98       0.90
      7186      48.15     -46.10       0.99       0.00       0.00       0.00       0.91       0.90
      7336      52.29     -49.93       1.00       0.00       0.00       0.00       0.77       0.90
      9610      52.92     -53.33       0.78       0.00       0.00       0.70       1.37       0.68
     11147      53.87     -57.66       0.00       0.00       0.00       1.54       1.46       0.68
     11767      54.29     -52.06       1.00       0.00       0.00       0.00       0.73       0.68
     13072      54.71     -58.84       0.00       0.00       0.00       1.54       1.46       0.34
     14012      55.14     -59.25       0.00       0.00       0.00       1.54       1.45       0.34
     14791      55.23     -57.14       0.00       0.00       0.00       0.00       1.13       0.34
     14802      55.48     -59.59       0.00       0.00       0.00       1.54       1.45       0.34
     15237      56.29     -59.49       0.30       0.00       0.00       1.54       1.45       0.34
     15477      56.54     -59.59       0.35       0.00       0.00       1.54       1.45       0.34
     16022      56.83     -59.56       0.46       0.00       0.00       1.54       1.45       0.33
     18381      57.34     -59.42       0.37       0.00       0.00       0.70       1.41       0.33
     20525      59.23     -59.36       0.99       0.00       0.00       0.70       1.37       0.33
     23300      60.70     -60.81       1.00       0.00       0.00       0.70       1.37       0.33
     25755      60.75     -60.80       1.00       0.00       0.00       0.70       1.34       0.33
     26165      60.86     -60.96       1.00       0.00       0.00       0.70       1.37       0.33
     28680      60.92     -60.97       1.00       0.00       0.00       0.70       1.34       0.33
     30170      61.03     -60.19       1.00       0.00       0.00       0.00       1.23       0.30
     31332      61.11     -61.15       1.00       0.00       0.00       0.70       1.32       0.30
     31410      61.17     -61.30       1.00       0.00       0.00       0.70       1.37       0.30
     32786      61.22     -61.32       0.99       0.00       0.00       0.70       1.34       0.30
     32855      61.49     -60.66       1.00       0.00       0.00       0.00       1.23       0.30
     32895      61.58     -60.66       1.00       0.00       0.00       0.00       1.19       0.30
     33155      62.05     -61.21       1.00       0.00       0.00       0.00       1.23       0.30
     35065      62.11     -61.34       1.00       0.00       0.00       0.00       1.26       0.30
     35421      62.15     -61.61       1.00       0.00       0.00       0.26       1.25       0.30
     36030      62.34     -61.45       1.00       0.00       0.00       0.00       1.21       0.30
     36550      62.35     -61.59       0.98       0.00       0.00       0.00       1.23       0.30
     36706      62.50     -62.05       0.81       0.00       0.00       0.00       1.15       0.30
     37985      62.72     -61.84       1.00       0.00       0.00       0.00       1.21       0.30
     38930      62.85     -62.38       0.88       0.00       0.00       0.00       1.23       0.30
     38959      63.24     -62.37       0.99       0.00       0.00       0.00       1.20       0.30
     38961      63.40     -62.53       0.98       0.00       0.00       0.00       1.18       0.30
     39954      63.53     -62.77       0.98       0.00       0.00       0.00       1.23       0.30
     45850      63.59     -62.93       1.00       0.00       0.00       0.00       1.22       0.10
     46785      63.64     -62.99       1.00       0.00       0.00       0.00       1.22       0.10
     47867      63.72     -63.09       1.00       0.00       0.00       0.00       1.24       0.10
     48405      63.79     -63.35       0.93       0.00       0.00       0.00       1.22       0.10
     48695      63.79     -63.07       1.00       0.00       0.00       0.00       1.19       0.10
     48793      63.86     -63.09       1.00       0.00       0.00       0.00       1.17       0.10
     49140      64.25     -63.61       0.98       0.00       0.00       0.00       1.19       0.10
     49890      64.47     -63.94       0.94       0.00       0.00       0.00       1.20       0.10
--------------------------------------------------------------------------------
Best docking solution after GA:
     50000      64.47     -63.94       0.94       0.00       0.00       0.00       1.20       0.10

#ops:      50000 #mutates:  23646 #cross:    23755 #migrate:   2599 
#dups:     10340 #niche:    36435 #errors:      90 
--------------------------------------------------------------------------------

Doing AMOEBA simplex on best individual
Done simplexing #iterations 353, best score  64.95

Ligand is stored in gold_soln_3ny8_m1_1.mol2


--------------------------------------------------------------------------------
--- CHEMPLP breakdown of terms                                               ---
--------------------------------------------------------------------------------
CHEMPLP = - ( 1.0000*S(PLP) + -3.0000*S(hbond) + -6.0000*S(metal) + -3.0000*S(cho) )

Score = CHEMPLP - 1.0000*DE(clash) - 2.0000*DE(tors)

Internal energy term has been corrected with the best internal energy encountered.

--------------------------------------------------------------------------------


     Score     S(PLP)   S(hbond)     S(cho)   S(metal)  DE(clash)   DE(tors)     intcor
     64.95     -64.24       1.00       0.00       0.00       0.00       1.20       0.10

--------------------------------------------------------------------------------
--- PLP analysis of protein-ligand interactions                              ---
--------------------------------------------------------------------------------
hydrogen bonding        :      -1.00
metal                   :       0.00
buried (polar-nonpolar) :      -6.36
nonpolar                :     -57.95
repulsive               :       0.01
--------------------------------------------------------------------------------


--------------------------------------------------------------------------------
--- ChemScore analysis of protein-ligand interactions                        ---
--------------------------------------------------------------------------------

* Hydrogen bonds                                                                
Ligand donor    2 hydrogen   23 Protein acceptor 4098 bond energy  1.00 wt 1.00


* CH..O interactions                                                            
  CH group selection                       : activated ring CH (adjacent to hetatom)

--------------------------------------------------------------------------------


--------------------------------------------------------------------------------
--- Intra-ligand clashes                                                     ---
--------------------------------------------------------------------------------

Ligand
--------------------------------------------------------------------------------


--------------------------------------------------------------------------------
--- Chromosome decoded                                                       ---
--------------------------------------------------------------------------------
Ligand Torsions
[  18    2   16   15]  170.59
[  19   18    2   16]   60.49
[  12   13    3   14]    0.91    matched torsion: ortho-substituoed aromatic-aliphatic ether
[  13    3   14   15]  106.03
[  26    5   15   14]  -11.54
[   5   15   14    3]   -6.72
[   2   16   15    5] -169.49
Protein Torsions
[4175 4166 4165 4163]  -26.67 
[1294 1290 1288 1285]   75.07 
[4033 4024 4023 4021]  -55.86 
[1412 1408 1406 1403]  -30.08 
[2830 2825 2824 2821] -105.59 
[2723 2714 2713 2711]   38.77 
[2773 2768 2767 2764] -119.71 
Mapping
Ligand acceptors to protein hydrogens (mapping then atom ids)
Ligand hydrogens to protein acceptors (mapping then atom ids)
  1   3 [ 23->4098]
Ligand shape atoms to protein points (mapping then atom ids & coords)
  1  4901 [  1->(-27.500  11.750   5.750)]
  2  5601 [  4->(-26.000   9.000   5.250)]
  3  5472 [  6->(-26.250   8.750   5.750)]
  4  4903 [ 10->(-27.500  12.000   5.500)]
  6  3917 [ 12->(-31.250  11.250   6.750)]
  7  3514 [ 14->(-31.750   7.250   7.500)]
  8  3089 [ 15->(-32.500   8.500   7.000)]
  9  2138 [ 16->(-34.000   6.750   6.500)]
 10  2739 [ 17->(-33.000   6.750   6.750)]
 11  1832 [ 18->(-34.250   5.000   7.250)]
 12  1819 [ 19->(-34.250   4.750   8.750)]
Chromosome values
Integers:
  -1   -1   -1    2   -1 4900 5600 5471 4902   -1 3916 3513 
3088 2137 2738 1831 1818   -1 
--------------------------------------------------------------------------------

Current Ranking  1

--------------------------------------------------------------------------------

* GA execution time :                                                           
  total  3.9994 user  3.9993 sys  0.0000

--------------------------------------------------------------------------------
Fitness function evaluations: 84539

--------------------------------------------------------------------------------
** Docking run number  2 **
--------------------------------------------------------------------------------
  Rank fitness base is 5000.00 ; increment is 11.2233

* Initialising population(s) ...                                                
Number of constraints mappings 0
Number of constraints 0
  Population no.                           :      1
  Population size                          :    100
  Number of duplicates                     :      0
  Number of niche violations               :      0
  Number of errors                         :      2

Number of constraints mappings 0
Number of constraints 0
  Population no.                           :      2
  Population size                          :    100
  Number of duplicates                     :      0
  Number of niche violations               :      0
  Number of errors                         :      4

Number of constraints mappings 0
Number of constraints 0
  Population no.                           :      3
  Population size                          :    100
  Number of duplicates                     :      0
  Number of niche violations               :      0

Number of constraints mappings 0
Number of constraints 0
  Population no.                           :      4
  Population size                          :    100
  Number of duplicates                     :      0
  Number of niche violations               :      0
  Number of errors                         :      2

Number of constraints mappings 0
Number of constraints 0
  Population no.                           :      5
  Population size                          :    100
  Number of duplicates                     :      0
  Number of niche violations               :      0
  Number of errors                         :      1


Doing GA, no. of population(s) 5 size 100 selection pressure 1.100000

 Operation      Score     S(PLP)   S(hbond)     S(cho)   S(metal)  DE(clash)   DE(tors)     intcor
         0      24.41     -28.54       0.00       0.00       0.00       0.00       2.12       0.10
       202      26.53     -33.03       0.02       0.00       0.00       2.10       2.28       0.10
       297      29.95     -35.69       0.27       0.00       0.00       2.10       2.28       0.10
       986      32.42     -38.12       0.29       0.00       0.00       2.10       2.28       0.10
      1296      36.23     -41.94       0.28       0.00       0.00       2.10       2.28       0.10
      2028      37.55     -48.10       0.00       0.00       0.00       8.23       1.21       0.10
      2850      40.08     -48.44       0.00       0.00       0.00       1.51       3.47       0.10
      3543      43.27     -46.20       0.00       0.00       0.00       0.00       1.52       0.10
      3654      43.42     -47.06       0.00       0.00       0.00       0.00       1.87       0.10
      4849      46.83     -49.63       0.00       0.00       0.00       0.00       1.45       0.10
      5513      46.97     -47.16       0.91       0.00       0.00       0.00       1.52       0.10
      6268      47.50     -47.52       0.95       0.00       0.00       0.00       1.49       0.10
      7029      47.77     -48.84       1.00       0.00       0.00       0.00       2.09       0.10
      7400      49.37     -50.59       0.82       0.00       0.00       0.00       1.88       0.10
      7513      50.88     -51.11       0.78       0.00       0.00       0.00       1.34       0.10
      7648      53.29     -54.47       0.00       0.00       0.00       0.00       0.64       0.10
      9647      53.66     -53.23       1.00       0.00       0.00       0.00       1.34       0.10
     10856      55.19     -57.92       0.00       0.00       0.00       0.00       1.42       0.10
     11218      55.46     -55.15       0.96       0.00       0.00       0.00       1.34       0.10
     11618      58.25     -57.66       1.00       0.00       0.00       0.00       1.25       0.10
     16473      58.50     -57.69       1.00       0.00       0.00       0.00       1.14       0.10
     16631      58.54     -57.95       1.00       0.00       0.00       0.00       1.25       0.10
     16827      58.76     -58.16       1.00       0.00       0.00       0.00       1.25       0.10
     18517      59.41     -58.72       1.00       0.00       0.00       0.00       1.21       0.10
     18747      59.45     -58.77       1.00       0.00       0.00       0.00       1.21       0.10
     19311      59.62     -59.02       1.00       0.00       0.00       0.00       1.25       0.10
     19335      61.61     -61.26       1.36       0.00       0.00       0.61       1.61       0.10
     21505      61.88     -61.37       1.35       0.00       0.00       0.61       1.52       0.10
     23255      62.21     -61.02       1.33       0.00       0.00       0.00       1.45       0.10
     23285      62.33     -61.08       1.34       0.00       0.00       0.00       1.44       0.10
     24504      62.80     -62.61       1.21       0.00       0.00       0.61       1.47       0.10
     28602      63.00     -61.43       1.46       0.00       0.00       0.00       1.45       0.10
     29654      63.24     -62.58       1.38       0.00       0.00       0.61       1.48       0.10
     31944      63.56     -62.53       1.44       0.00       0.00       0.61       1.39       0.10
     37457      64.05     -62.61       1.32       0.00       0.00       0.00       1.31       0.10
     38257      64.10     -62.47       1.41       0.00       0.00       0.00       1.35       0.10
     39747      64.24     -62.72       1.37       0.00       0.00       0.00       1.35       0.10
     43541      64.50     -62.72       1.46       0.00       0.00       0.00       1.35       0.10
     47041      64.59     -62.72       1.49       0.00       0.00       0.00       1.35       0.10
     48292      64.74     -62.78       1.52       0.00       0.00       0.00       1.35       0.10
--------------------------------------------------------------------------------
Best docking solution after GA:
     50000      64.74     -62.78       1.52       0.00       0.00       0.00       1.35       0.10

#ops:      50000 #mutates:  23506 #cross:    23928 #migrate:   2566 
#dups:     13973 #niche:    34271 #errors:     117 
--------------------------------------------------------------------------------

Doing AMOEBA simplex on best individual
Done simplexing #iterations 589, best score  67.05

Ligand is stored in gold_soln_3ny8_m1_2.mol2


--------------------------------------------------------------------------------
--- CHEMPLP breakdown of terms                                               ---
--------------------------------------------------------------------------------
CHEMPLP = - ( 1.0000*S(PLP) + -3.0000*S(hbond) + -6.0000*S(metal) + -3.0000*S(cho) )

Score = CHEMPLP - 1.0000*DE(clash) - 2.0000*DE(tors)

Internal energy term has been corrected with the best internal energy encountered.

--------------------------------------------------------------------------------


     Score     S(PLP)   S(hbond)     S(cho)   S(metal)  DE(clash)   DE(tors)     intcor
     67.05     -63.90       2.00       0.00       0.00       0.00       1.48       0.10

--------------------------------------------------------------------------------
--- PLP analysis of protein-ligand interactions                              ---
--------------------------------------------------------------------------------
hydrogen bonding        :      -2.00
metal                   :       0.00
buried (polar-nonpolar) :      -4.96
nonpolar                :     -57.49
repulsive               :       0.01
--------------------------------------------------------------------------------


--------------------------------------------------------------------------------
--- ChemScore analysis of protein-ligand interactions                        ---
--------------------------------------------------------------------------------

* Hydrogen bonds                                                                
Ligand donor    2 hydrogen   23 Protein acceptor 4098 bond energy  1.00 wt 1.00
Ligand donor    5 hydrogen   26 Protein acceptor 4098 bond energy  1.00 wt 1.00


* CH..O interactions                                                            
  CH group selection                       : activated ring CH (adjacent to hetatom)

--------------------------------------------------------------------------------


--------------------------------------------------------------------------------
--- Intra-ligand clashes                                                     ---
--------------------------------------------------------------------------------

Ligand
--------------------------------------------------------------------------------


--------------------------------------------------------------------------------
--- Chromosome decoded                                                       ---
--------------------------------------------------------------------------------
Ligand Torsions
[  18    2   16   15] -143.34
[  19   18    2   16]   45.76
[  12   13    3   14]   19.91    matched torsion: ortho-substituoed aromatic-aliphatic ether
[  13    3   14   15]  172.74
[  26    5   15   14]   76.77
[   5   15   14    3]   86.16
[   2   16   15    5]   44.20
Protein Torsions
[4175 4166 4165 4163]  109.24 
[1294 1290 1288 1285] -128.74 
[4033 4024 4023 4021]   43.48 
[1412 1408 1406 1403]  119.15 
[2830 2825 2824 2821]  139.49 
[2723 2714 2713 2711]   44.03 
[2773 2768 2767 2764]   95.06 
Mapping
Ligand acceptors to protein hydrogens (mapping then atom ids)
Ligand hydrogens to protein acceptors (mapping then atom ids)
Ligand shape atoms to protein points (mapping then atom ids & coords)
  2  5706 [  4->(-25.750   9.250   6.000)]
  3  5088 [  6->(-27.000   9.000   6.750)]
  4  4739 [ 10->(-28.000  14.000   5.250)]
  6  4093 [ 12->(-30.750   9.750   7.250)]
  7  3438 [ 14->(-32.000   9.500   7.250)]
  8  3140 [ 15->(-32.250   6.250   7.250)]
 10  1879 [ 17->(-34.250   5.500   7.000)]
 12  1817 [ 19->(-34.250   4.750   8.250)]
Chromosome values
Integers:
  -1   -1   -1   -1   -1   -1 5705 5087 4738   -1 4092 3437 
3139   -1 1878   -1 1816   -1 
--------------------------------------------------------------------------------

Current Ranking  2  1

--------------------------------------------------------------------------------

* GA execution time :                                                           
  total  3.0004 user  3.0004 sys  0.0000

--------------------------------------------------------------------------------
Fitness function evaluations: 84903

--------------------------------------------------------------------------------
** Docking run number  3 **
--------------------------------------------------------------------------------
  Rank fitness base is 5000.00 ; increment is 11.2233

* Initialising population(s) ...                                                
Number of constraints mappings 0
Number of constraints 0
  Population no.                           :      1
  Population size                          :    100
  Number of duplicates                     :      0
  Number of niche violations               :      0
  Number of errors                         :      1

Number of constraints mappings 0
Number of constraints 0
  Population no.                           :      2
  Population size                          :    100
  Number of duplicates                     :      0
  Number of niche violations               :      0
  Number of errors                         :      1

Number of constraints mappings 0
Number of constraints 0
  Population no.                           :      3
  Population size                          :    100
  Number of duplicates                     :      0
  Number of niche violations               :      0
  Number of errors                         :      2

Number of constraints mappings 0
Number of constraints 0
  Population no.                           :      4
  Population size                          :    100
  Number of duplicates                     :      0
  Number of niche violations               :      0
  Number of errors                         :      2

Number of constraints mappings 0
Number of constraints 0
  Population no.                           :      5
  Population size                          :    100
  Number of duplicates                     :      0
  Number of niche violations               :      0
  Number of errors                         :      3


Doing GA, no. of population(s) 5 size 100 selection pressure 1.100000

 Operation      Score     S(PLP)   S(hbond)     S(cho)   S(metal)  DE(clash)   DE(tors)     intcor
         0      29.13     -36.72       0.00       0.00       0.00       3.79       1.95       0.10
       318      33.65     -39.20       0.00       0.00       0.00       0.00       2.83       0.10
      2356      34.97     -38.56       0.66       0.00       0.00       2.22       1.73       0.10
      2515      35.41     -38.43       0.00       0.00       0.00       0.61       1.26       0.10
      3994      37.13     -43.41       0.00       0.00       0.00       0.00       3.19       0.10
      4891      38.91     -46.06       0.00       0.00       0.00       3.11       2.07       0.10
      5764      44.48     -46.48       0.53       0.00       0.00       0.00       1.84       0.10
      7069      45.46     -47.70       0.45       0.00       0.00       0.00       1.84       0.10
      7689      45.86     -47.88       0.45       0.00       0.00       0.00       1.73       0.10
      7864      47.57     -47.28       1.22       0.00       0.00       0.00       1.73       0.10
      9330      50.37     -50.49       1.15       0.00       0.00       0.00       1.84       0.10
     10010      50.53     -50.75       1.12       0.00       0.00       0.00       1.84       0.10
     11569      53.93     -52.74       1.21       0.00       0.00       0.00       1.28       0.10
     15129      54.22     -52.79       1.29       0.00       0.00       0.00       1.28       0.10
     16894      55.46     -53.62       1.43       0.00       0.00       0.00       1.28       0.10
     19179      55.86     -53.35       1.59       0.00       0.00       0.00       1.19       0.10
     20564      56.26     -54.17       1.45       0.00       0.00       0.00       1.19       0.10
     25144      56.43     -53.92       1.59       0.00       0.00       0.00       1.19       0.10
     29945      57.79     -58.22       0.75       0.00       0.00       0.00       1.39       0.10
     33130      60.39     -60.63       0.81       0.00       0.00       0.00       1.39       0.10
     46093      60.60     -60.60       1.00       0.00       0.00       0.00       1.55       0.10
     47975      60.93     -59.54       1.18       0.00       0.00       0.00       1.12       0.10
     48880      61.05     -59.55       1.22       0.00       0.00       0.00       1.12       0.10
     49579      61.31     -60.44       1.14       0.00       0.00       0.00       1.32       0.10
--------------------------------------------------------------------------------
Best docking solution after GA:
     50000      61.31     -60.44       1.14       0.00       0.00       0.00       1.32       0.10

#ops:      50000 #mutates:  23682 #cross:    23712 #migrate:   2606 
#dups:      8833 #niche:    30870 #errors:     154 
--------------------------------------------------------------------------------

Doing AMOEBA simplex on best individual
Done simplexing #iterations 774, best score  64.50

Ligand is stored in gold_soln_3ny8_m1_3.mol2


--------------------------------------------------------------------------------
--- CHEMPLP breakdown of terms                                               ---
--------------------------------------------------------------------------------
CHEMPLP = - ( 1.0000*S(PLP) + -3.0000*S(hbond) + -6.0000*S(metal) + -3.0000*S(cho) )

Score = CHEMPLP - 1.0000*DE(clash) - 2.0000*DE(tors)

Internal energy term has been corrected with the best internal energy encountered.

--------------------------------------------------------------------------------


     Score     S(PLP)   S(hbond)     S(cho)   S(metal)  DE(clash)   DE(tors)     intcor
     64.50     -62.03       1.96       0.00       0.00       0.00       1.76       0.10

--------------------------------------------------------------------------------
--- PLP analysis of protein-ligand interactions                              ---
--------------------------------------------------------------------------------
hydrogen bonding        :      -3.62
metal                   :       0.00
buried (polar-nonpolar) :      -3.84
nonpolar                :     -56.15
repulsive               :       0.00
--------------------------------------------------------------------------------


--------------------------------------------------------------------------------
--- ChemScore analysis of protein-ligand interactions                        ---
--------------------------------------------------------------------------------

* Hydrogen bonds                                                                
Ligand donor    2 hydrogen   23 Protein acceptor 4098 bond energy  1.00 wt 0.96
Ligand donor    5 hydrogen   26 Protein acceptor 4098 bond energy  1.00 wt 1.00


* CH..O interactions                                                            
  CH group selection                       : activated ring CH (adjacent to hetatom)

--------------------------------------------------------------------------------


--------------------------------------------------------------------------------
--- Intra-ligand clashes                                                     ---
--------------------------------------------------------------------------------

Ligand
--------------------------------------------------------------------------------


--------------------------------------------------------------------------------
--- Chromosome decoded                                                       ---
--------------------------------------------------------------------------------
Ligand Torsions
[  18    2   16   15] -155.41
[  19   18    2   16]   44.88
[  12   13    3   14]   30.00    matched torsion: ortho-substituoed aromatic-aliphatic ether
[  13    3   14   15] -129.50
[  26    5   15   14] -147.39
[   5   15   14    3]  137.12
[   2   16   15    5]  -51.06
Protein Torsions
[4175 4166 4165 4163]  -49.01 
[1294 1290 1288 1285]  -69.78 
[4033 4024 4023 4021] -133.08 
[1412 1408 1406 1403]  147.85 
[2830 2825 2824 2821] -104.30 
[2723 2714 2713 2711] -147.07 
[2773 2768 2767 2764]  126.36 
Mapping
Ligand acceptors to protein hydrogens (mapping then atom ids)
Ligand hydrogens to protein acceptors (mapping then atom ids)
  2   3 [ 26->4098]
Ligand shape atoms to protein points (mapping then atom ids & coords)
  1  5257 [  1->(-26.750  10.000   5.500)]
  2  5350 [  4->(-26.500   8.750   7.000)]
  3  4626 [  6->(-28.250   9.500   6.500)]
  7  3702 [ 14->(-31.500   8.500   6.250)]
  8  2919 [ 15->(-32.750   7.750   7.000)]
  9  2826 [ 16->(-32.750   5.750   8.750)]
 10  2840 [ 17->(-32.750   6.250   6.500)]
 11  2534 [ 18->(-33.250   5.000   9.000)]
Chromosome values
Integers:
  -1   -1   -1   -1    2 5256 5349 4625   -1   -1   -1 3701 
2918 2825 2839 2533   -1   -1 
--------------------------------------------------------------------------------

Current Ranking  2  1  3

--------------------------------------------------------------------------------

* GA execution time :                                                           
  total  3.0002 user  3.0002 sys  0.0000

--------------------------------------------------------------------------------
Fitness function evaluations: 86065

--------------------------------------------------------------------------------
** Docking run number  4 **
--------------------------------------------------------------------------------
  Rank fitness base is 5000.00 ; increment is 11.2233

* Initialising population(s) ...                                                
Number of constraints mappings 0
Number of constraints 0
  Population no.                           :      1
  Population size                          :    100
  Number of duplicates                     :      0
  Number of niche violations               :      0
  Number of errors                         :      2

Number of constraints mappings 0
Number of constraints 0
  Population no.                           :      2
  Population size                          :    100
  Number of duplicates                     :      0
  Number of niche violations               :      0
  Number of errors                         :      1

Number of constraints mappings 0
Number of constraints 0
  Population no.                           :      3
  Population size                          :    100
  Number of duplicates                     :      0
  Number of niche violations               :      0
  Number of errors                         :      3

Number of constraints mappings 0
Number of constraints 0
  Population no.                           :      4
  Population size                          :    100
  Number of duplicates                     :      0
  Number of niche violations               :      0

Number of constraints mappings 0
Number of constraints 0
  Population no.                           :      5
  Population size                          :    100
  Number of duplicates                     :      0
  Number of niche violations               :      0
  Number of errors                         :      2


Doing GA, no. of population(s) 5 size 100 selection pressure 1.100000

 Operation      Score     S(PLP)   S(hbond)     S(cho)   S(metal)  DE(clash)   DE(tors)     intcor
         0      24.97     -34.60       1.00       0.00       0.00       7.43       2.65       0.10
       456      26.29     -32.16       0.00       0.00       0.00       2.58       1.69       0.10
       787      26.94     -31.82       0.00       0.00       0.00       0.00       2.49       0.10
      1312      42.63     -46.42       0.05       0.00       0.00       0.00       2.02       0.10
      3860      49.86     -55.37       0.12       0.00       0.00       2.58       1.69       0.10
     10164      53.24     -51.12       1.22       0.00       0.00       0.00       0.82       0.10
     11539      53.38     -60.17       0.01       0.00       0.00       2.58       2.17       0.10
     13459      53.99     -60.21       0.23       0.00       0.00       2.58       2.23       0.10
     16158      55.20     -53.13       1.20       0.00       0.00       0.00       0.82       0.10
     17313      56.14     -54.45       1.07       0.00       0.00       0.00       0.82       0.10
     18893      56.44     -54.63       1.10       0.00       0.00       0.00       0.80       0.10
     21759      57.39     -55.58       1.10       0.00       0.00       0.00       0.80       0.10
     23760      58.22     -56.58       2.00       0.00       0.00       0.40       2.03       0.10
     24080      60.44     -62.32       0.78       0.00       0.00       0.00       2.17       0.10
     24771      61.08     -64.67       0.21       0.00       0.00       0.00       2.17       0.10
     26086      61.20     -64.66       0.19       0.00       0.00       0.00       2.06       0.10
     28150      61.33     -63.11       0.82       0.00       0.00       0.00       2.17       0.10
     28676      61.83     -63.62       0.74       0.00       0.00       0.00       2.06       0.10
     30971      61.87     -63.63       0.72       0.00       0.00       0.00       2.01       0.10
     31687      62.01     -63.68       0.78       0.00       0.00       0.00       2.06       0.10
     33352      62.09     -63.63       0.84       0.00       0.00       0.00       2.08       0.10
     33897      62.18     -63.29       0.97       0.00       0.00       0.00       2.05       0.10
     34012      62.41     -63.50       0.99       0.00       0.00       0.00       2.08       0.10
     34103      62.55     -63.25       1.03       0.00       0.00       0.00       1.95       0.10
     34117      62.55     -64.18       0.72       0.00       0.00       0.00       1.95       0.10
     34283      62.80     -63.92       0.89       0.00       0.00       0.00       1.95       0.10
     36892      62.93     -63.92       0.94       0.00       0.00       0.00       1.95       0.10
     37337      62.99     -63.92       0.96       0.00       0.00       0.00       1.95       0.10
     38183      63.04     -64.14       0.86       0.00       0.00       0.00       1.90       0.10
     38652      63.06     -64.08       0.92       0.00       0.00       0.00       1.94       0.10
     39553      63.17     -64.20       0.89       0.00       0.00       0.00       1.90       0.10
     40449      63.17     -64.03       1.00       0.00       0.00       0.00       1.99       0.10
     41514      63.19     -64.06       0.93       0.00       0.00       0.00       1.88       0.10
     42933      63.30     -63.97       1.06       0.00       0.00       0.00       1.98       0.10
     43764      63.39     -63.92       1.16       0.00       0.00       0.00       2.06       0.10
     46068      63.55     -64.19       0.99       0.00       0.00       0.00       1.86       0.10
     46603      63.59     -64.08       1.11       0.00       0.00       0.00       1.96       0.10
     46935      63.69     -64.19       1.09       0.00       0.00       0.00       1.94       0.10
     46999      63.75     -64.20       1.10       0.00       0.00       0.00       1.92       0.10
     48745      63.77     -64.38       1.04       0.00       0.00       0.00       1.91       0.10
     49110      63.78     -64.26       1.07       0.00       0.00       0.00       1.89       0.10
--------------------------------------------------------------------------------
Best docking solution after GA:
     50000      63.78     -64.26       1.07       0.00       0.00       0.00       1.89       0.10

#ops:      50000 #mutates:  23731 #cross:    23705 #migrate:   2564 
#dups:     11563 #niche:    32372 #errors:     146 
--------------------------------------------------------------------------------

Doing AMOEBA simplex on best individual
Done simplexing #iterations 457, best score  67.29

Ligand is stored in gold_soln_3ny8_m1_4.mol2


--------------------------------------------------------------------------------
--- CHEMPLP breakdown of terms                                               ---
--------------------------------------------------------------------------------
CHEMPLP = - ( 1.0000*S(PLP) + -3.0000*S(hbond) + -6.0000*S(metal) + -3.0000*S(cho) )

Score = CHEMPLP - 1.0000*DE(clash) - 2.0000*DE(tors)

Internal energy term has been corrected with the best internal energy encountered.

--------------------------------------------------------------------------------


     Score     S(PLP)   S(hbond)     S(cho)   S(metal)  DE(clash)   DE(tors)     intcor
     67.29     -64.53       2.00       0.00       0.00       0.00       1.67       0.10

--------------------------------------------------------------------------------
--- PLP analysis of protein-ligand interactions                              ---
--------------------------------------------------------------------------------
hydrogen bonding        :      -2.00
metal                   :       0.00
buried (polar-nonpolar) :      -5.87
nonpolar                :     -57.57
repulsive               :       0.01
--------------------------------------------------------------------------------


--------------------------------------------------------------------------------
--- ChemScore analysis of protein-ligand interactions                        ---
--------------------------------------------------------------------------------

* Hydrogen bonds                                                                
Ligand donor    2 hydrogen   23 Protein acceptor 4098 bond energy  1.00 wt 1.00
Ligand donor    5 hydrogen   26 Protein acceptor 4098 bond energy  1.00 wt 1.00


* CH..O interactions                                                            
  CH group selection                       : activated ring CH (adjacent to hetatom)

--------------------------------------------------------------------------------


--------------------------------------------------------------------------------
--- Intra-ligand clashes                                                     ---
--------------------------------------------------------------------------------

Ligand
--------------------------------------------------------------------------------


--------------------------------------------------------------------------------
--- Chromosome decoded                                                       ---
--------------------------------------------------------------------------------
Ligand Torsions
[  18    2   16   15] -107.21
[  19   18    2   16] -171.08
[  12   13    3   14]   13.83    matched torsion: ortho-substituoed aromatic-aliphatic ether
[  13    3   14   15]  169.64
[  26    5   15   14]   35.42
[   5   15   14    3]   94.57
[   2   16   15    5]   42.99
Protein Torsions
[4175 4166 4165 4163]   34.14 
[1294 1290 1288 1285]  -28.78 
[4033 4024 4023 4021]   88.62 
[1412 1408 1406 1403]  -55.86 
[2830 2825 2824 2821]   55.68 
[2723 2714 2713 2711]  118.57 
[2773 2768 2767 2764]   62.93 
Mapping
Ligand acceptors to protein hydrogens (mapping then atom ids)
Ligand hydrogens to protein acceptors (mapping then atom ids)
Ligand shape atoms to protein points (mapping then atom ids & coords)
  1  5026 [  1->(-27.250  11.750   5.750)]
  2  5604 [  4->(-26.000   9.000   6.000)]
  4  5045 [ 10->(-27.250  13.500   5.500)]
  7  4060 [ 14->(-30.750   8.000   7.250)]
  8  3534 [ 15->(-31.750   7.750   7.500)]
  9  2108 [ 16->(-34.000   6.250   5.500)]
 10  2458 [ 17->(-33.500   6.500   6.000)]
 11  1069 [ 18->(-35.750   4.250   9.000)]
 12   774 [ 19->(-36.500   5.750   9.500)]
 13  1621 [ 20->(-34.500   4.000   8.750)]
Chromosome values
Integers:
  -1   -1   -1   -1   -1 5025 5603   -1 5044   -1   -1 4059 
3533 2107 2457 1068  773 1620 
--------------------------------------------------------------------------------

Current Ranking  4  2  1  3

--------------------------------------------------------------------------------

* GA execution time :                                                           
  total  3.9993 user  3.9993 sys  0.0000

--------------------------------------------------------------------------------
Fitness function evaluations: 84623

--------------------------------------------------------------------------------
** Docking run number  5 **
--------------------------------------------------------------------------------
  Rank fitness base is 5000.00 ; increment is 11.2233

* Initialising population(s) ...                                                
Number of constraints mappings 0
Number of constraints 0
  Population no.                           :      1
  Population size                          :    100
  Number of duplicates                     :      0
  Number of niche violations               :      0
  Number of errors                         :      1

Number of constraints mappings 0
Number of constraints 0
  Population no.                           :      2
  Population size                          :    100
  Number of duplicates                     :      0
  Number of niche violations               :      0
  Number of errors                         :      2

Number of constraints mappings 0
Number of constraints 0
  Population no.                           :      3
  Population size                          :    100
  Number of duplicates                     :      0
  Number of niche violations               :      0
  Number of errors                         :      2

Number of constraints mappings 0
Number of constraints 0
  Population no.                           :      4
  Population size                          :    100
  Number of duplicates                     :      0
  Number of niche violations               :      0
  Number of errors                         :      1

Number of constraints mappings 0
Number of constraints 0
  Population no.                           :      5
  Population size                          :    100
  Number of duplicates                     :      0
  Number of niche violations               :      0
  Number of errors                         :      2


Doing GA, no. of population(s) 5 size 100 selection pressure 1.100000

 Operation      Score     S(PLP)   S(hbond)     S(cho)   S(metal)  DE(clash)   DE(tors)     intcor
         0      24.48     -37.00       0.42       0.00       0.00       8.38       2.76       0.10
       280      39.94     -44.42       0.36       0.00       0.00       2.22       1.73       0.10
      1578      40.41     -45.19       0.13       0.00       0.00       1.03       2.13       0.10
      2903      41.15     -45.19       0.38       0.00       0.00       1.03       2.13       0.10
      3317      42.10     -44.48       0.67       0.00       0.00       0.00       2.25       0.10
      4358      42.36     -44.74       0.67       0.00       0.00       0.00       2.25       0.10
      4609      44.06     -48.47       0.00       0.00       0.00       0.00       2.26       0.10
      6055      45.24     -46.94       0.41       0.00       0.00       0.00       1.51       0.10
      6090      46.03     -49.62       0.00       0.00       0.00       0.00       1.85       0.10
      6734      48.07     -52.49       0.00       0.00       0.00       0.00       2.26       0.10
      7695      49.59     -57.93       0.25       0.00       0.00       4.27       2.47       0.10
      8510      50.67     -53.76       0.00       0.00       0.00       0.00       1.60       0.10
      9186      52.07     -54.03       0.45       0.00       0.00       0.00       1.70       0.10
     10866      52.27     -54.66       0.30       0.00       0.00       0.00       1.70       0.10
     11270      55.08     -57.92       0.23       0.00       0.00       0.18       1.73       0.10
     12480      56.52     -57.96       0.70       0.00       0.00       0.18       1.73       0.10
     12652      56.71     -57.59       1.00       0.00       0.00       0.00       1.99       0.10
     12660      57.24     -59.10       0.56       0.00       0.00       0.18       1.73       0.10
     13320      57.26     -61.78       0.02       0.00       0.00       1.83       1.43       0.10
     14470      58.17     -60.40       0.61       0.00       0.00       0.18       1.99       0.10
     15376      58.75     -59.29       1.00       0.00       0.00       0.18       1.73       0.10
     15816      60.20     -62.50       0.62       0.00       0.00       0.18       2.04       0.10
     16740      61.00     -61.88       0.89       0.00       0.00       0.18       1.73       0.10
     17685      61.05     -61.88       0.92       0.00       0.00       0.18       1.76       0.10
     19750      61.34     -62.02       0.98       0.00       0.00       0.18       1.76       0.10
     20210      61.39     -62.57       0.88       0.00       0.00       0.18       1.87       0.10
     21131      61.79     -62.45       1.00       0.00       0.00       0.18       1.79       0.10
     22776      61.84     -62.70       0.91       0.00       0.00       0.18       1.76       0.10
     22866      62.33     -62.99       1.00       0.00       0.00       0.18       1.79       0.10
     24816      65.23     -62.89       2.00       0.00       0.00       0.18       1.79       0.10
     25942      65.33     -62.99       2.00       0.00       0.00       0.18       1.79       0.10
     26657      65.35     -63.01       2.00       0.00       0.00       0.18       1.79       0.10
     26906      65.49     -63.18       1.99       0.00       0.00       0.18       1.79       0.10
     27532      65.56     -63.25       1.99       0.00       0.00       0.18       1.79       0.10
     28132      65.84     -63.51       2.00       0.00       0.00       0.18       1.79       0.10
     32577      65.88     -63.55       2.00       0.00       0.00       0.18       1.79       0.10
     34447      66.18     -63.51       2.00       0.00       0.00       0.00       1.72       0.10
     34601      66.19     -63.54       2.00       0.00       0.00       0.18       1.64       0.10
     36706      66.42     -63.77       2.00       0.00       0.00       0.18       1.64       0.10
     38030      66.60     -63.99       1.99       0.00       0.00       0.18       1.64       0.10
     44904      66.64     -63.94       2.00       0.00       0.00       0.18       1.61       0.10
     46615      66.66     -64.05       2.00       0.00       0.00       0.18       1.66       0.10
     48424      66.79     -63.87       1.96       0.00       0.00       0.00       1.53       0.10
--------------------------------------------------------------------------------
Best docking solution after GA:
     50000      66.79     -63.87       1.96       0.00       0.00       0.00       1.53       0.10

#ops:      50000 #mutates:  23749 #cross:    23717 #migrate:   2534 
#dups:     11431 #niche:    35055 #errors:     112 
--------------------------------------------------------------------------------

Doing AMOEBA simplex on best individual
Done simplexing #iterations 376, best score  67.46

Ligand is stored in gold_soln_3ny8_m1_5.mol2


--------------------------------------------------------------------------------
--- CHEMPLP breakdown of terms                                               ---
--------------------------------------------------------------------------------
CHEMPLP = - ( 1.0000*S(PLP) + -3.0000*S(hbond) + -6.0000*S(metal) + -3.0000*S(cho) )

Score = CHEMPLP - 1.0000*DE(clash) - 2.0000*DE(tors)

Internal energy term has been corrected with the best internal energy encountered.

--------------------------------------------------------------------------------


     Score     S(PLP)   S(hbond)     S(cho)   S(metal)  DE(clash)   DE(tors)     intcor
     67.46     -64.51       2.00       0.00       0.00       0.00       1.58       0.10

--------------------------------------------------------------------------------
--- PLP analysis of protein-ligand interactions                              ---
--------------------------------------------------------------------------------
hydrogen bonding        :      -2.00
metal                   :       0.00
buried (polar-nonpolar) :      -5.74
nonpolar                :     -57.59
repulsive               :       0.01
--------------------------------------------------------------------------------


--------------------------------------------------------------------------------
--- ChemScore analysis of protein-ligand interactions                        ---
--------------------------------------------------------------------------------

* Hydrogen bonds                                                                
Ligand donor    2 hydrogen   23 Protein acceptor 4098 bond energy  1.00 wt 1.00
Ligand donor    5 hydrogen   26 Protein acceptor 4098 bond energy  1.00 wt 1.00


* CH..O interactions                                                            
  CH group selection                       : activated ring CH (adjacent to hetatom)

--------------------------------------------------------------------------------


--------------------------------------------------------------------------------
--- Intra-ligand clashes                                                     ---
--------------------------------------------------------------------------------

Ligand
--------------------------------------------------------------------------------


--------------------------------------------------------------------------------
--- Chromosome decoded                                                       ---
--------------------------------------------------------------------------------
Ligand Torsions
[  18    2   16   15] -137.34
[  19   18    2   16]   46.62
[  12   13    3   14]   18.05    matched torsion: ortho-substituoed aromatic-aliphatic ether
[  13    3   14   15]  168.25
[  26    5   15   14]   68.61
[   5   15   14    3]   89.07
[   2   16   15    5]   45.41
Protein Torsions
[4175 4166 4165 4163] -170.65 
[1294 1290 1288 1285]   -9.76 
[4033 4024 4023 4021]    6.24 
[1412 1408 1406 1403]   48.01 
[2830 2825 2824 2821] -174.93 
[2723 2714 2713 2711]  -68.36 
[2773 2768 2767 2764]  135.17 
Mapping
Ligand acceptors to protein hydrogens (mapping then atom ids)
Ligand hydrogens to protein acceptors (mapping then atom ids)
  1   3 [ 23->4098]
Ligand shape atoms to protein points (mapping then atom ids & coords)
  1  5638 [  1->(-26.000  10.000   6.250)]
  2  5480 [  4->(-26.250   9.000   5.500)]
  3  5134 [  6->(-27.000  10.250   6.250)]
  5  4381 [ 11->(-30.000  11.750   6.750)]
  6  3633 [ 12->(-31.750  10.750   7.250)]
  7  3531 [ 14->(-31.750   7.750   6.750)]
  8  3666 [ 15->(-31.500   7.250   7.500)]
  9  2259 [ 16->(-33.750   5.750   7.250)]
 12  1405 [ 19->(-35.000   5.250   9.250)]
 13  1704 [ 20->(-34.500   5.500   8.750)]
Chromosome values
Integers:
  -1   -1   -1    2   -1 5637 5479 5133   -1 4380 3632 3530 
3665 2258   -1   -1 1404 1703 
--------------------------------------------------------------------------------

Current Ranking  5  4  2  1  3

Top  3 (of  5) solutions are within 1.000 RMSD, finishing docking E:/Projekt modelowanie/beta2/ligandy/3ny8.mol2.


--------------------------------------------------------------------------------

* GA execution time :                                                           
  total  3.0003 user  3.0003 sys  0.0000

--------------------------------------------------------------------------------
Fitness function evaluations: 83936

--------------------------------------------------------------------------------
--- Ranking analysis                                                         ---
--------------------------------------------------------------------------------


* Final ranked order of GA solutions:                                           
   5  4  2  1  3 

  _______________________________
  RMSD Matrix of RANKED solutions

        2    3    4    5  

   1 :  0.3  0.1  1.1  1.4
   2 :       0.3  1.2  1.5
   3 :            1.1  1.4
   4 :                 1.3

  Clustering method                        : complete linkage
  Structure ids in cluster table           : rank nos.
  Ordering of clusters and their members   : by rank (order if from rms_analysis)

  Distance | Clusters
   0.10    |  1  3 |  2 |  4 |  5 |
   0.28    |  1  2  3 |  4 |  5 |
   1.15    |  1  2  3  4 |  5 |
   1.48    |  1  2  3  4  5 |
  Finished Docking Ligand                  : E:/Projekt modelowanie/beta2/ligandy/3ny8.mol2
--------------------------------------------------------------------------------

  Relative_Ligand_Energy (best encountered) :   0.104
  Relative_Ligand_Energy: fitness values have been corrected using this amount
